[2025-06-03T15:19:58.920+0000] {taskinstance.py:1103} INFO - Dependencies all met for dep_context=non-requeueable deps ti=<TaskInstance: usd_rate_fetcher.fetch_data_from_api scheduled__2020-01-28T00:00:00+00:00 [queued]>
[2025-06-03T15:19:58.928+0000] {taskinstance.py:1103} INFO - Dependencies all met for dep_context=requeueable deps ti=<TaskInstance: usd_rate_fetcher.fetch_data_from_api scheduled__2020-01-28T00:00:00+00:00 [queued]>
[2025-06-03T15:19:58.928+0000] {taskinstance.py:1308} INFO - Starting attempt 1 of 3
[2025-06-03T15:19:58.941+0000] {taskinstance.py:1327} INFO - Executing <Task(_PythonDecoratedOperator): fetch_data_from_api> on 2020-01-28 00:00:00+00:00
[2025-06-03T15:19:58.947+0000] {standard_task_runner.py:57} INFO - Started process 14365 to run task
[2025-06-03T15:19:58.950+0000] {standard_task_runner.py:84} INFO - Running: ['***', 'tasks', 'run', 'usd_rate_fetcher', 'fetch_data_from_api', 'scheduled__2020-01-28T00:00:00+00:00', '--job-id', '8644', '--raw', '--subdir', 'DAGS_FOLDER/usd_rate_fetcher.py', '--cfg-path', '/tmp/tmpuobd58t5']
[2025-06-03T15:19:58.952+0000] {standard_task_runner.py:85} INFO - Job 8644: Subtask fetch_data_from_api
[2025-06-03T15:19:58.986+0000] {task_command.py:410} INFO - Running <TaskInstance: usd_rate_fetcher.fetch_data_from_api scheduled__2020-01-28T00:00:00+00:00 [running]> on host 40869fde016f
[2025-06-03T15:19:59.034+0000] {logging_mixin.py:150} WARNING - /home/***/.local/lib/python3.7/site-packages/***/utils/context.py:205 AirflowContextDeprecationWarning: Accessing 'execution_date' from the template is deprecated and will be removed in a future version. Please use 'data_interval_start' or 'logical_date' instead.
[2025-06-03T15:19:59.067+0000] {taskinstance.py:1547} INFO - Exporting env vars: AIRFLOW_CTX_DAG_OWNER='***' AIRFLOW_CTX_DAG_ID='usd_rate_fetcher' AIRFLOW_CTX_TASK_ID='fetch_data_from_api' AIRFLOW_CTX_EXECUTION_DATE='2020-01-28T00:00:00+00:00' AIRFLOW_CTX_TRY_NUMBER='1' AIRFLOW_CTX_DAG_RUN_ID='scheduled__2020-01-28T00:00:00+00:00'
[2025-06-03T15:19:59.074+0000] {usd_rate_fetcher.py:34} INFO - Переменная ['Доллар США', 'Евро', 'Гонконгский доллар', 'Юань', 'Фунт стерлингов']
[2025-06-03T15:19:59.078+0000] {usd_rate_fetcher.py:53} INFO - Fetching data for date: 28/01/2020
[2025-06-03T15:19:59.165+0000] {python.py:183} INFO - Done. Returned value was: {'date': datetime.date(2020, 1, 28), 'content': [{'Фунт стерлингов': 81.5194}, {'Доллар США': 62.338}, {'Евро': 68.7775}]}
[2025-06-03T15:19:59.183+0000] {taskinstance.py:1350} INFO - Marking task as SUCCESS. dag_id=usd_rate_fetcher, task_id=fetch_data_from_api, execution_date=20200128T000000, start_date=20250603T151958, end_date=20250603T151959
[2025-06-03T15:19:59.205+0000] {local_task_job_runner.py:225} INFO - Task exited with return code 0
[2025-06-03T15:19:59.222+0000] {taskinstance.py:2653} INFO - 1 downstream tasks scheduled from follow-on schedule check
[2025-06-03T15:27:17.082+0000] {taskinstance.py:1103} INFO - Dependencies all met for dep_context=non-requeueable deps ti=<TaskInstance: usd_rate_fetcher.fetch_data_from_api scheduled__2020-01-28T00:00:00+00:00 [queued]>
[2025-06-03T15:27:17.090+0000] {taskinstance.py:1103} INFO - Dependencies all met for dep_context=requeueable deps ti=<TaskInstance: usd_rate_fetcher.fetch_data_from_api scheduled__2020-01-28T00:00:00+00:00 [queued]>
[2025-06-03T15:27:17.091+0000] {taskinstance.py:1308} INFO - Starting attempt 1 of 3
[2025-06-03T15:27:17.137+0000] {taskinstance.py:1327} INFO - Executing <Task(_PythonDecoratedOperator): fetch_data_from_api> on 2020-01-28 00:00:00+00:00
[2025-06-03T15:27:17.146+0000] {standard_task_runner.py:57} INFO - Started process 16875 to run task
[2025-06-03T15:27:17.151+0000] {standard_task_runner.py:84} INFO - Running: ['***', 'tasks', 'run', 'usd_rate_fetcher', 'fetch_data_from_api', 'scheduled__2020-01-28T00:00:00+00:00', '--job-id', '8801', '--raw', '--subdir', 'DAGS_FOLDER/usd_rate_fetcher.py', '--cfg-path', '/tmp/tmpnxa5x9io']
[2025-06-03T15:27:17.161+0000] {standard_task_runner.py:85} INFO - Job 8801: Subtask fetch_data_from_api
[2025-06-03T15:27:17.219+0000] {task_command.py:410} INFO - Running <TaskInstance: usd_rate_fetcher.fetch_data_from_api scheduled__2020-01-28T00:00:00+00:00 [running]> on host 40869fde016f
[2025-06-03T15:27:17.288+0000] {logging_mixin.py:150} WARNING - /home/***/.local/lib/python3.7/site-packages/***/utils/context.py:205 AirflowContextDeprecationWarning: Accessing 'execution_date' from the template is deprecated and will be removed in a future version. Please use 'data_interval_start' or 'logical_date' instead.
[2025-06-03T15:27:17.330+0000] {taskinstance.py:1547} INFO - Exporting env vars: AIRFLOW_CTX_DAG_OWNER='***' AIRFLOW_CTX_DAG_ID='usd_rate_fetcher' AIRFLOW_CTX_TASK_ID='fetch_data_from_api' AIRFLOW_CTX_EXECUTION_DATE='2020-01-28T00:00:00+00:00' AIRFLOW_CTX_TRY_NUMBER='1' AIRFLOW_CTX_DAG_RUN_ID='scheduled__2020-01-28T00:00:00+00:00'
[2025-06-03T15:27:17.353+0000] {usd_rate_fetcher.py:34} INFO - Переменная ['USD', 'EUR', 'HKD', 'CNY', 'GBP']
[2025-06-03T15:27:17.364+0000] {usd_rate_fetcher.py:53} INFO - Fetching data for date: 28/01/2020
[2025-06-03T15:27:17.408+0000] {python.py:183} INFO - Done. Returned value was: {'date': datetime.date(2020, 1, 28), 'content': [{'GBP': 81.5194}, {'HKD': 80.1651}, {'USD': 62.338}, {'EUR': 68.7775}, {'CNY': 89.8669}]}
[2025-06-03T15:27:17.435+0000] {taskinstance.py:1350} INFO - Marking task as SUCCESS. dag_id=usd_rate_fetcher, task_id=fetch_data_from_api, execution_date=20200128T000000, start_date=20250603T152717, end_date=20250603T152717
[2025-06-03T15:27:17.483+0000] {local_task_job_runner.py:225} INFO - Task exited with return code 0
[2025-06-03T15:27:17.508+0000] {taskinstance.py:2653} INFO - 1 downstream tasks scheduled from follow-on schedule check
