[2025-06-03T15:19:57.511+0000] {taskinstance.py:1103} INFO - Dependencies all met for dep_context=non-requeueable deps ti=<TaskInstance: usd_rate_fetcher.fetch_data_from_api scheduled__2020-01-18T00:00:00+00:00 [queued]>
[2025-06-03T15:19:57.520+0000] {taskinstance.py:1103} INFO - Dependencies all met for dep_context=requeueable deps ti=<TaskInstance: usd_rate_fetcher.fetch_data_from_api scheduled__2020-01-18T00:00:00+00:00 [queued]>
[2025-06-03T15:19:57.520+0000] {taskinstance.py:1308} INFO - Starting attempt 1 of 3
[2025-06-03T15:19:57.582+0000] {taskinstance.py:1327} INFO - Executing <Task(_PythonDecoratedOperator): fetch_data_from_api> on 2020-01-18 00:00:00+00:00
[2025-06-03T15:19:57.591+0000] {standard_task_runner.py:57} INFO - Started process 14239 to run task
[2025-06-03T15:19:57.594+0000] {standard_task_runner.py:84} INFO - Running: ['***', 'tasks', 'run', 'usd_rate_fetcher', 'fetch_data_from_api', 'scheduled__2020-01-18T00:00:00+00:00', '--job-id', '8634', '--raw', '--subdir', 'DAGS_FOLDER/usd_rate_fetcher.py', '--cfg-path', '/tmp/tmp58g56zh_']
[2025-06-03T15:19:57.596+0000] {standard_task_runner.py:85} INFO - Job 8634: Subtask fetch_data_from_api
[2025-06-03T15:19:57.643+0000] {task_command.py:410} INFO - Running <TaskInstance: usd_rate_fetcher.fetch_data_from_api scheduled__2020-01-18T00:00:00+00:00 [running]> on host 40869fde016f
[2025-06-03T15:19:57.943+0000] {logging_mixin.py:150} WARNING - /home/***/.local/lib/python3.7/site-packages/***/utils/context.py:205 AirflowContextDeprecationWarning: Accessing 'execution_date' from the template is deprecated and will be removed in a future version. Please use 'data_interval_start' or 'logical_date' instead.
[2025-06-03T15:19:57.994+0000] {taskinstance.py:1547} INFO - Exporting env vars: AIRFLOW_CTX_DAG_OWNER='***' AIRFLOW_CTX_DAG_ID='usd_rate_fetcher' AIRFLOW_CTX_TASK_ID='fetch_data_from_api' AIRFLOW_CTX_EXECUTION_DATE='2020-01-18T00:00:00+00:00' AIRFLOW_CTX_TRY_NUMBER='1' AIRFLOW_CTX_DAG_RUN_ID='scheduled__2020-01-18T00:00:00+00:00'
[2025-06-03T15:19:58.037+0000] {usd_rate_fetcher.py:34} INFO - Переменная ['Доллар США', 'Евро', 'Гонконгский доллар', 'Юань', 'Фунт стерлингов']
[2025-06-03T15:19:58.043+0000] {usd_rate_fetcher.py:53} INFO - Fetching data for date: 18/01/2020
[2025-06-03T15:19:58.094+0000] {python.py:183} INFO - Done. Returned value was: {'date': datetime.date(2020, 1, 18), 'content': [{'Фунт стерлингов': 80.4917}, {'Доллар США': 61.5333}, {'Евро': 68.5358}]}
[2025-06-03T15:19:58.132+0000] {taskinstance.py:1350} INFO - Marking task as SUCCESS. dag_id=usd_rate_fetcher, task_id=fetch_data_from_api, execution_date=20200118T000000, start_date=20250603T151957, end_date=20250603T151958
[2025-06-03T15:19:58.211+0000] {local_task_job_runner.py:225} INFO - Task exited with return code 0
[2025-06-03T15:19:58.293+0000] {taskinstance.py:2653} INFO - 0 downstream tasks scheduled from follow-on schedule check
[2025-06-03T15:27:14.392+0000] {taskinstance.py:1103} INFO - Dependencies all met for dep_context=non-requeueable deps ti=<TaskInstance: usd_rate_fetcher.fetch_data_from_api scheduled__2020-01-18T00:00:00+00:00 [queued]>
[2025-06-03T15:27:14.398+0000] {taskinstance.py:1103} INFO - Dependencies all met for dep_context=requeueable deps ti=<TaskInstance: usd_rate_fetcher.fetch_data_from_api scheduled__2020-01-18T00:00:00+00:00 [queued]>
[2025-06-03T15:27:14.398+0000] {taskinstance.py:1308} INFO - Starting attempt 1 of 3
[2025-06-03T15:27:14.409+0000] {taskinstance.py:1327} INFO - Executing <Task(_PythonDecoratedOperator): fetch_data_from_api> on 2020-01-18 00:00:00+00:00
[2025-06-03T15:27:14.415+0000] {standard_task_runner.py:57} INFO - Started process 16666 to run task
[2025-06-03T15:27:14.417+0000] {standard_task_runner.py:84} INFO - Running: ['***', 'tasks', 'run', 'usd_rate_fetcher', 'fetch_data_from_api', 'scheduled__2020-01-18T00:00:00+00:00', '--job-id', '8787', '--raw', '--subdir', 'DAGS_FOLDER/usd_rate_fetcher.py', '--cfg-path', '/tmp/tmp33anwdm8']
[2025-06-03T15:27:14.418+0000] {standard_task_runner.py:85} INFO - Job 8787: Subtask fetch_data_from_api
[2025-06-03T15:27:14.451+0000] {task_command.py:410} INFO - Running <TaskInstance: usd_rate_fetcher.fetch_data_from_api scheduled__2020-01-18T00:00:00+00:00 [running]> on host 40869fde016f
[2025-06-03T15:27:14.608+0000] {logging_mixin.py:150} WARNING - /home/***/.local/lib/python3.7/site-packages/***/utils/context.py:205 AirflowContextDeprecationWarning: Accessing 'execution_date' from the template is deprecated and will be removed in a future version. Please use 'data_interval_start' or 'logical_date' instead.
[2025-06-03T15:27:14.639+0000] {taskinstance.py:1547} INFO - Exporting env vars: AIRFLOW_CTX_DAG_OWNER='***' AIRFLOW_CTX_DAG_ID='usd_rate_fetcher' AIRFLOW_CTX_TASK_ID='fetch_data_from_api' AIRFLOW_CTX_EXECUTION_DATE='2020-01-18T00:00:00+00:00' AIRFLOW_CTX_TRY_NUMBER='1' AIRFLOW_CTX_DAG_RUN_ID='scheduled__2020-01-18T00:00:00+00:00'
[2025-06-03T15:27:14.645+0000] {usd_rate_fetcher.py:34} INFO - Переменная ['USD', 'EUR', 'HKD', 'CNY', 'GBP']
[2025-06-03T15:27:14.649+0000] {usd_rate_fetcher.py:53} INFO - Fetching data for date: 18/01/2020
[2025-06-03T15:27:14.688+0000] {python.py:183} INFO - Done. Returned value was: {'date': datetime.date(2020, 1, 18), 'content': [{'GBP': 80.4917}, {'HKD': 79.1955}, {'USD': 61.5333}, {'EUR': 68.5358}, {'CNY': 89.7105}]}
[2025-06-03T15:27:14.706+0000] {taskinstance.py:1350} INFO - Marking task as SUCCESS. dag_id=usd_rate_fetcher, task_id=fetch_data_from_api, execution_date=20200118T000000, start_date=20250603T152714, end_date=20250603T152714
[2025-06-03T15:27:14.751+0000] {local_task_job_runner.py:225} INFO - Task exited with return code 0
[2025-06-03T15:27:14.768+0000] {taskinstance.py:2653} INFO - 1 downstream tasks scheduled from follow-on schedule check
