[2025-06-03T15:20:16.737+0000] {taskinstance.py:1103} INFO - Dependencies all met for dep_context=non-requeueable deps ti=<TaskInstance: usd_rate_fetcher.save_data_to_db scheduled__2020-02-26T00:00:00+00:00 [queued]>
[2025-06-03T15:20:16.744+0000] {taskinstance.py:1103} INFO - Dependencies all met for dep_context=requeueable deps ti=<TaskInstance: usd_rate_fetcher.save_data_to_db scheduled__2020-02-26T00:00:00+00:00 [queued]>
[2025-06-03T15:20:16.745+0000] {taskinstance.py:1308} INFO - Starting attempt 1 of 3
[2025-06-03T15:20:16.758+0000] {taskinstance.py:1327} INFO - Executing <Task(_PythonDecoratedOperator): save_data_to_db> on 2020-02-26 00:00:00+00:00
[2025-06-03T15:20:16.764+0000] {standard_task_runner.py:57} INFO - Started process 15391 to run task
[2025-06-03T15:20:16.767+0000] {standard_task_runner.py:84} INFO - Running: ['***', 'tasks', 'run', 'usd_rate_fetcher', 'save_data_to_db', 'scheduled__2020-02-26T00:00:00+00:00', '--job-id', '8721', '--raw', '--subdir', 'DAGS_FOLDER/usd_rate_fetcher.py', '--cfg-path', '/tmp/tmpih7e4koj']
[2025-06-03T15:20:16.769+0000] {standard_task_runner.py:85} INFO - Job 8721: Subtask save_data_to_db
[2025-06-03T15:20:16.803+0000] {task_command.py:410} INFO - Running <TaskInstance: usd_rate_fetcher.save_data_to_db scheduled__2020-02-26T00:00:00+00:00 [running]> on host 40869fde016f
[2025-06-03T15:20:16.972+0000] {logging_mixin.py:150} WARNING - /home/***/.local/lib/python3.7/site-packages/***/utils/context.py:205 AirflowContextDeprecationWarning: Accessing 'execution_date' from the template is deprecated and will be removed in a future version. Please use 'data_interval_start' or 'logical_date' instead.
[2025-06-03T15:20:17.004+0000] {taskinstance.py:1547} INFO - Exporting env vars: AIRFLOW_CTX_DAG_OWNER='***' AIRFLOW_CTX_DAG_ID='usd_rate_fetcher' AIRFLOW_CTX_TASK_ID='save_data_to_db' AIRFLOW_CTX_EXECUTION_DATE='2020-02-26T00:00:00+00:00' AIRFLOW_CTX_TRY_NUMBER='1' AIRFLOW_CTX_DAG_RUN_ID='scheduled__2020-02-26T00:00:00+00:00'
[2025-06-03T15:20:17.005+0000] {usd_rate_fetcher.py:80} INFO - Received USD rate: {'date': datetime.date(2020, 2, 26), 'content': [{'Фунт стерлингов': 84.125}, {'Доллар США': 64.9213}, {'Евро': 70.4591}]} for date 2020-02-26
[2025-06-03T15:20:17.011+0000] {base.py:73} INFO - Using connection ID 'pg_database' for task execution.
[2025-06-03T15:20:17.014+0000] {usd_rate_fetcher.py:103} INFO - Saved 84.12 for Фунт стерлингов on 2020-02-26
[2025-06-03T15:20:17.015+0000] {usd_rate_fetcher.py:103} INFO - Saved 64.92 for Доллар США on 2020-02-26
[2025-06-03T15:20:17.015+0000] {usd_rate_fetcher.py:103} INFO - Saved 70.46 for Евро on 2020-02-26
[2025-06-03T15:20:17.016+0000] {python.py:183} INFO - Done. Returned value was: None
[2025-06-03T15:20:17.023+0000] {taskinstance.py:1350} INFO - Marking task as SUCCESS. dag_id=usd_rate_fetcher, task_id=save_data_to_db, execution_date=20200226T000000, start_date=20250603T152016, end_date=20250603T152017
[2025-06-03T15:20:17.061+0000] {local_task_job_runner.py:225} INFO - Task exited with return code 0
[2025-06-03T15:20:17.073+0000] {taskinstance.py:2653} INFO - 0 downstream tasks scheduled from follow-on schedule check
[2025-06-03T15:29:36.957+0000] {taskinstance.py:1103} INFO - Dependencies all met for dep_context=non-requeueable deps ti=<TaskInstance: usd_rate_fetcher.save_data_to_db scheduled__2020-02-26T00:00:00+00:00 [queued]>
[2025-06-03T15:29:36.967+0000] {taskinstance.py:1103} INFO - Dependencies all met for dep_context=requeueable deps ti=<TaskInstance: usd_rate_fetcher.save_data_to_db scheduled__2020-02-26T00:00:00+00:00 [queued]>
[2025-06-03T15:29:36.968+0000] {taskinstance.py:1308} INFO - Starting attempt 1 of 3
[2025-06-03T15:29:37.108+0000] {taskinstance.py:1327} INFO - Executing <Task(_PythonDecoratedOperator): save_data_to_db> on 2020-02-26 00:00:00+00:00
[2025-06-03T15:29:37.124+0000] {standard_task_runner.py:57} INFO - Started process 18030 to run task
[2025-06-03T15:29:37.129+0000] {standard_task_runner.py:84} INFO - Running: ['***', 'tasks', 'run', 'usd_rate_fetcher', 'save_data_to_db', 'scheduled__2020-02-26T00:00:00+00:00', '--job-id', '8869', '--raw', '--subdir', 'DAGS_FOLDER/usd_rate_fetcher.py', '--cfg-path', '/tmp/tmpz110lc98']
[2025-06-03T15:29:37.135+0000] {standard_task_runner.py:85} INFO - Job 8869: Subtask save_data_to_db
[2025-06-03T15:29:37.199+0000] {task_command.py:410} INFO - Running <TaskInstance: usd_rate_fetcher.save_data_to_db scheduled__2020-02-26T00:00:00+00:00 [running]> on host 40869fde016f
[2025-06-03T15:29:37.619+0000] {logging_mixin.py:150} WARNING - /home/***/.local/lib/python3.7/site-packages/***/utils/context.py:205 AirflowContextDeprecationWarning: Accessing 'execution_date' from the template is deprecated and will be removed in a future version. Please use 'data_interval_start' or 'logical_date' instead.
[2025-06-03T15:29:37.745+0000] {taskinstance.py:1547} INFO - Exporting env vars: AIRFLOW_CTX_DAG_OWNER='***' AIRFLOW_CTX_DAG_ID='usd_rate_fetcher' AIRFLOW_CTX_TASK_ID='save_data_to_db' AIRFLOW_CTX_EXECUTION_DATE='2020-02-26T00:00:00+00:00' AIRFLOW_CTX_TRY_NUMBER='1' AIRFLOW_CTX_DAG_RUN_ID='scheduled__2020-02-26T00:00:00+00:00'
[2025-06-03T15:29:37.749+0000] {usd_rate_fetcher.py:80} INFO - Received USD rate: {'date': datetime.date(2020, 2, 26), 'content': [{'GBP': 84.125}, {'HKD': 83.3511}, {'USD': 64.9213}, {'EUR': 70.4591}, {'CNY': 92.5319}]} for date 2020-02-26
[2025-06-03T15:29:37.786+0000] {base.py:73} INFO - Using connection ID 'pg_database' for task execution.
[2025-06-03T15:29:37.802+0000] {usd_rate_fetcher.py:103} INFO - Saved 84.12 for GBP on 2020-02-26
[2025-06-03T15:29:37.803+0000] {usd_rate_fetcher.py:103} INFO - Saved 83.35 for HKD on 2020-02-26
[2025-06-03T15:29:37.803+0000] {usd_rate_fetcher.py:103} INFO - Saved 64.92 for USD on 2020-02-26
[2025-06-03T15:29:37.804+0000] {usd_rate_fetcher.py:103} INFO - Saved 70.46 for EUR on 2020-02-26
[2025-06-03T15:29:37.804+0000] {usd_rate_fetcher.py:103} INFO - Saved 92.53 for CNY on 2020-02-26
[2025-06-03T15:29:37.807+0000] {python.py:183} INFO - Done. Returned value was: None
[2025-06-03T15:29:37.829+0000] {taskinstance.py:1350} INFO - Marking task as SUCCESS. dag_id=usd_rate_fetcher, task_id=save_data_to_db, execution_date=20200226T000000, start_date=20250603T152936, end_date=20250603T152937
[2025-06-03T15:29:37.919+0000] {local_task_job_runner.py:225} INFO - Task exited with return code 0
[2025-06-03T15:29:37.975+0000] {taskinstance.py:2653} INFO - 0 downstream tasks scheduled from follow-on schedule check
