[2025-06-03T15:20:07.114+0000] {taskinstance.py:1103} INFO - Dependencies all met for dep_context=non-requeueable deps ti=<TaskInstance: usd_rate_fetcher.save_data_to_db scheduled__2020-01-30T00:00:00+00:00 [queued]>
[2025-06-03T15:20:07.127+0000] {taskinstance.py:1103} INFO - Dependencies all met for dep_context=requeueable deps ti=<TaskInstance: usd_rate_fetcher.save_data_to_db scheduled__2020-01-30T00:00:00+00:00 [queued]>
[2025-06-03T15:20:07.127+0000] {taskinstance.py:1308} INFO - Starting attempt 1 of 3
[2025-06-03T15:20:07.146+0000] {taskinstance.py:1327} INFO - Executing <Task(_PythonDecoratedOperator): save_data_to_db> on 2020-01-30 00:00:00+00:00
[2025-06-03T15:20:07.152+0000] {standard_task_runner.py:57} INFO - Started process 14754 to run task
[2025-06-03T15:20:07.167+0000] {standard_task_runner.py:84} INFO - Running: ['***', 'tasks', 'run', 'usd_rate_fetcher', 'save_data_to_db', 'scheduled__2020-01-30T00:00:00+00:00', '--job-id', '8669', '--raw', '--subdir', 'DAGS_FOLDER/usd_rate_fetcher.py', '--cfg-path', '/tmp/tmpie8iborb']
[2025-06-03T15:20:07.169+0000] {standard_task_runner.py:85} INFO - Job 8669: Subtask save_data_to_db
[2025-06-03T15:20:07.275+0000] {task_command.py:410} INFO - Running <TaskInstance: usd_rate_fetcher.save_data_to_db scheduled__2020-01-30T00:00:00+00:00 [running]> on host 40869fde016f
[2025-06-03T15:20:07.626+0000] {logging_mixin.py:150} WARNING - /home/***/.local/lib/python3.7/site-packages/***/utils/context.py:205 AirflowContextDeprecationWarning: Accessing 'execution_date' from the template is deprecated and will be removed in a future version. Please use 'data_interval_start' or 'logical_date' instead.
[2025-06-03T15:20:07.684+0000] {taskinstance.py:1547} INFO - Exporting env vars: AIRFLOW_CTX_DAG_OWNER='***' AIRFLOW_CTX_DAG_ID='usd_rate_fetcher' AIRFLOW_CTX_TASK_ID='save_data_to_db' AIRFLOW_CTX_EXECUTION_DATE='2020-01-30T00:00:00+00:00' AIRFLOW_CTX_TRY_NUMBER='1' AIRFLOW_CTX_DAG_RUN_ID='scheduled__2020-01-30T00:00:00+00:00'
[2025-06-03T15:20:07.685+0000] {usd_rate_fetcher.py:80} INFO - Received USD rate: {'date': datetime.date(2020, 1, 30), 'content': [{'Фунт стерлингов': 81.1988}, {'Доллар США': 62.3934}, {'Евро': 68.6764}]} for date 2020-01-30
[2025-06-03T15:20:07.698+0000] {base.py:73} INFO - Using connection ID 'pg_database' for task execution.
[2025-06-03T15:20:07.725+0000] {usd_rate_fetcher.py:103} INFO - Saved 81.20 for Фунт стерлингов on 2020-01-30
[2025-06-03T15:20:07.726+0000] {usd_rate_fetcher.py:103} INFO - Saved 62.39 for Доллар США on 2020-01-30
[2025-06-03T15:20:07.726+0000] {usd_rate_fetcher.py:103} INFO - Saved 68.68 for Евро on 2020-01-30
[2025-06-03T15:20:07.733+0000] {python.py:183} INFO - Done. Returned value was: None
[2025-06-03T15:20:07.761+0000] {taskinstance.py:1350} INFO - Marking task as SUCCESS. dag_id=usd_rate_fetcher, task_id=save_data_to_db, execution_date=20200130T000000, start_date=20250603T152007, end_date=20250603T152007
[2025-06-03T15:20:07.815+0000] {local_task_job_runner.py:225} INFO - Task exited with return code 0
[2025-06-03T15:20:07.888+0000] {taskinstance.py:2653} INFO - 0 downstream tasks scheduled from follow-on schedule check
[2025-06-03T15:27:19.083+0000] {taskinstance.py:1103} INFO - Dependencies all met for dep_context=non-requeueable deps ti=<TaskInstance: usd_rate_fetcher.save_data_to_db scheduled__2020-01-30T00:00:00+00:00 [queued]>
[2025-06-03T15:27:19.092+0000] {taskinstance.py:1103} INFO - Dependencies all met for dep_context=requeueable deps ti=<TaskInstance: usd_rate_fetcher.save_data_to_db scheduled__2020-01-30T00:00:00+00:00 [queued]>
[2025-06-03T15:27:19.092+0000] {taskinstance.py:1308} INFO - Starting attempt 1 of 3
[2025-06-03T15:27:19.104+0000] {taskinstance.py:1327} INFO - Executing <Task(_PythonDecoratedOperator): save_data_to_db> on 2020-01-30 00:00:00+00:00
[2025-06-03T15:27:19.110+0000] {standard_task_runner.py:57} INFO - Started process 17031 to run task
[2025-06-03T15:27:19.112+0000] {standard_task_runner.py:84} INFO - Running: ['***', 'tasks', 'run', 'usd_rate_fetcher', 'save_data_to_db', 'scheduled__2020-01-30T00:00:00+00:00', '--job-id', '8814', '--raw', '--subdir', 'DAGS_FOLDER/usd_rate_fetcher.py', '--cfg-path', '/tmp/tmpmyrsegq8']
[2025-06-03T15:27:19.114+0000] {standard_task_runner.py:85} INFO - Job 8814: Subtask save_data_to_db
[2025-06-03T15:27:19.147+0000] {task_command.py:410} INFO - Running <TaskInstance: usd_rate_fetcher.save_data_to_db scheduled__2020-01-30T00:00:00+00:00 [running]> on host 40869fde016f
[2025-06-03T15:27:19.310+0000] {logging_mixin.py:150} WARNING - /home/***/.local/lib/python3.7/site-packages/***/utils/context.py:205 AirflowContextDeprecationWarning: Accessing 'execution_date' from the template is deprecated and will be removed in a future version. Please use 'data_interval_start' or 'logical_date' instead.
[2025-06-03T15:27:19.342+0000] {taskinstance.py:1547} INFO - Exporting env vars: AIRFLOW_CTX_DAG_OWNER='***' AIRFLOW_CTX_DAG_ID='usd_rate_fetcher' AIRFLOW_CTX_TASK_ID='save_data_to_db' AIRFLOW_CTX_EXECUTION_DATE='2020-01-30T00:00:00+00:00' AIRFLOW_CTX_TRY_NUMBER='1' AIRFLOW_CTX_DAG_RUN_ID='scheduled__2020-01-30T00:00:00+00:00'
[2025-06-03T15:27:19.343+0000] {usd_rate_fetcher.py:80} INFO - Received USD rate: {'date': datetime.date(2020, 1, 30), 'content': [{'GBP': 81.1988}, {'HKD': 80.2591}, {'USD': 62.3934}, {'EUR': 68.6764}, {'CNY': 89.9468}]} for date 2020-01-30
[2025-06-03T15:27:19.350+0000] {base.py:73} INFO - Using connection ID 'pg_database' for task execution.
[2025-06-03T15:27:19.353+0000] {usd_rate_fetcher.py:103} INFO - Saved 81.20 for GBP on 2020-01-30
[2025-06-03T15:27:19.354+0000] {usd_rate_fetcher.py:103} INFO - Saved 80.26 for HKD on 2020-01-30
[2025-06-03T15:27:19.354+0000] {usd_rate_fetcher.py:103} INFO - Saved 62.39 for USD on 2020-01-30
[2025-06-03T15:27:19.355+0000] {usd_rate_fetcher.py:103} INFO - Saved 68.68 for EUR on 2020-01-30
[2025-06-03T15:27:19.355+0000] {usd_rate_fetcher.py:103} INFO - Saved 89.95 for CNY on 2020-01-30
[2025-06-03T15:27:19.356+0000] {python.py:183} INFO - Done. Returned value was: None
[2025-06-03T15:27:19.364+0000] {taskinstance.py:1350} INFO - Marking task as SUCCESS. dag_id=usd_rate_fetcher, task_id=save_data_to_db, execution_date=20200130T000000, start_date=20250603T152719, end_date=20250603T152719
[2025-06-03T15:27:19.405+0000] {local_task_job_runner.py:225} INFO - Task exited with return code 0
[2025-06-03T15:27:19.418+0000] {taskinstance.py:2653} INFO - 0 downstream tasks scheduled from follow-on schedule check
