[2025-06-03T09:34:45.530+0000] {taskinstance.py:1103} INFO - Dependencies all met for dep_context=non-requeueable deps ti=<TaskInstance: usd_rate_fetcher_taskflow.save_data_to_db scheduled__2000-01-01T00:00:00+00:00 [queued]>
[2025-06-03T09:34:45.544+0000] {taskinstance.py:1103} INFO - Dependencies all met for dep_context=requeueable deps ti=<TaskInstance: usd_rate_fetcher_taskflow.save_data_to_db scheduled__2000-01-01T00:00:00+00:00 [queued]>
[2025-06-03T09:34:45.545+0000] {taskinstance.py:1308} INFO - Starting attempt 1 of 3
[2025-06-03T09:34:45.696+0000] {taskinstance.py:1327} INFO - Executing <Task(_PythonDecoratedOperator): save_data_to_db> on 2000-01-01 00:00:00+00:00
[2025-06-03T09:34:45.704+0000] {standard_task_runner.py:57} INFO - Started process 9853 to run task
[2025-06-03T09:34:45.719+0000] {standard_task_runner.py:84} INFO - Running: ['***', 'tasks', 'run', 'usd_rate_fetcher_taskflow', 'save_data_to_db', 'scheduled__2000-01-01T00:00:00+00:00', '--job-id', '7975', '--raw', '--subdir', 'DAGS_FOLDER/usd_rate_fetcher.py', '--cfg-path', '/tmp/tmp2ui2aoig']
[2025-06-03T09:34:45.728+0000] {standard_task_runner.py:85} INFO - Job 7975: Subtask save_data_to_db
[2025-06-03T09:34:45.839+0000] {task_command.py:410} INFO - Running <TaskInstance: usd_rate_fetcher_taskflow.save_data_to_db scheduled__2000-01-01T00:00:00+00:00 [running]> on host 40869fde016f
[2025-06-03T09:34:46.321+0000] {logging_mixin.py:150} WARNING - /home/***/.local/lib/python3.7/site-packages/***/utils/context.py:205 AirflowContextDeprecationWarning: Accessing 'execution_date' from the template is deprecated and will be removed in a future version. Please use 'data_interval_start' or 'logical_date' instead.
[2025-06-03T09:34:46.434+0000] {taskinstance.py:1547} INFO - Exporting env vars: AIRFLOW_CTX_DAG_OWNER='***' AIRFLOW_CTX_DAG_ID='usd_rate_fetcher_taskflow' AIRFLOW_CTX_TASK_ID='save_data_to_db' AIRFLOW_CTX_EXECUTION_DATE='2000-01-01T00:00:00+00:00' AIRFLOW_CTX_TRY_NUMBER='1' AIRFLOW_CTX_DAG_RUN_ID='scheduled__2000-01-01T00:00:00+00:00'
[2025-06-03T09:34:46.436+0000] {usd_rate_fetcher.py:51} INFO - Received USD rate: 27.0 for date 2000-01-01
[2025-06-03T09:34:46.459+0000] {base.py:73} INFO - Using connection ID 'pg_database' for task execution.
[2025-06-03T09:34:46.464+0000] {usd_rate_fetcher.py:62} WARNING - Rate already exists for date 2000-01-01
[2025-06-03T09:34:46.466+0000] {python.py:183} INFO - Done. Returned value was: None
[2025-06-03T09:34:46.488+0000] {taskinstance.py:1350} INFO - Marking task as SUCCESS. dag_id=usd_rate_fetcher_taskflow, task_id=save_data_to_db, execution_date=20000101T000000, start_date=20250603T093445, end_date=20250603T093446
[2025-06-03T09:34:46.540+0000] {local_task_job_runner.py:225} INFO - Task exited with return code 0
[2025-06-03T09:34:46.564+0000] {taskinstance.py:2653} INFO - 0 downstream tasks scheduled from follow-on schedule check
[2025-06-03T09:35:41.437+0000] {taskinstance.py:1103} INFO - Dependencies all met for dep_context=non-requeueable deps ti=<TaskInstance: usd_rate_fetcher_taskflow.save_data_to_db scheduled__2000-01-01T00:00:00+00:00 [queued]>
[2025-06-03T09:35:41.467+0000] {taskinstance.py:1103} INFO - Dependencies all met for dep_context=requeueable deps ti=<TaskInstance: usd_rate_fetcher_taskflow.save_data_to_db scheduled__2000-01-01T00:00:00+00:00 [queued]>
[2025-06-03T09:35:41.467+0000] {taskinstance.py:1308} INFO - Starting attempt 1 of 3
[2025-06-03T09:35:41.508+0000] {taskinstance.py:1327} INFO - Executing <Task(_PythonDecoratedOperator): save_data_to_db> on 2000-01-01 00:00:00+00:00
[2025-06-03T09:35:41.514+0000] {standard_task_runner.py:57} INFO - Started process 10253 to run task
[2025-06-03T09:35:41.530+0000] {standard_task_runner.py:84} INFO - Running: ['***', 'tasks', 'run', 'usd_rate_fetcher_taskflow', 'save_data_to_db', 'scheduled__2000-01-01T00:00:00+00:00', '--job-id', '8003', '--raw', '--subdir', 'DAGS_FOLDER/usd_rate_fetcher.py', '--cfg-path', '/tmp/tmp6vkkgf1n']
[2025-06-03T09:35:41.532+0000] {standard_task_runner.py:85} INFO - Job 8003: Subtask save_data_to_db
[2025-06-03T09:35:41.709+0000] {task_command.py:410} INFO - Running <TaskInstance: usd_rate_fetcher_taskflow.save_data_to_db scheduled__2000-01-01T00:00:00+00:00 [running]> on host 40869fde016f
[2025-06-03T09:35:42.125+0000] {logging_mixin.py:150} WARNING - /home/***/.local/lib/python3.7/site-packages/***/utils/context.py:205 AirflowContextDeprecationWarning: Accessing 'execution_date' from the template is deprecated and will be removed in a future version. Please use 'data_interval_start' or 'logical_date' instead.
[2025-06-03T09:35:42.234+0000] {taskinstance.py:1547} INFO - Exporting env vars: AIRFLOW_CTX_DAG_OWNER='***' AIRFLOW_CTX_DAG_ID='usd_rate_fetcher_taskflow' AIRFLOW_CTX_TASK_ID='save_data_to_db' AIRFLOW_CTX_EXECUTION_DATE='2000-01-01T00:00:00+00:00' AIRFLOW_CTX_TRY_NUMBER='1' AIRFLOW_CTX_DAG_RUN_ID='scheduled__2000-01-01T00:00:00+00:00'
[2025-06-03T09:35:42.238+0000] {usd_rate_fetcher.py:51} INFO - Received USD rate: 27.0 for date 2000-01-01
[2025-06-03T09:35:42.251+0000] {base.py:73} INFO - Using connection ID 'pg_database' for task execution.
[2025-06-03T09:35:42.255+0000] {usd_rate_fetcher.py:68} INFO - Saving exchange rate 27.00 for date 2000-01-01
[2025-06-03T09:35:42.258+0000] {python.py:183} INFO - Done. Returned value was: None
[2025-06-03T09:35:42.268+0000] {taskinstance.py:1350} INFO - Marking task as SUCCESS. dag_id=usd_rate_fetcher_taskflow, task_id=save_data_to_db, execution_date=20000101T000000, start_date=20250603T093541, end_date=20250603T093542
[2025-06-03T09:35:42.310+0000] {local_task_job_runner.py:225} INFO - Task exited with return code 0
[2025-06-03T09:35:42.337+0000] {taskinstance.py:2653} INFO - 0 downstream tasks scheduled from follow-on schedule check
