[2025-06-03T09:17:32.424+0000] {taskinstance.py:1103} INFO - Dependencies all met for dep_context=non-requeueable deps ti=<TaskInstance: usd_rate_fetcher_taskflow.fetch_data_from_api scheduled__2000-01-11T00:00:00+00:00 [queued]>
[2025-06-03T09:17:32.432+0000] {taskinstance.py:1103} INFO - Dependencies all met for dep_context=requeueable deps ti=<TaskInstance: usd_rate_fetcher_taskflow.fetch_data_from_api scheduled__2000-01-11T00:00:00+00:00 [queued]>
[2025-06-03T09:17:32.432+0000] {taskinstance.py:1308} INFO - Starting attempt 1 of 3
[2025-06-03T09:17:32.453+0000] {taskinstance.py:1327} INFO - Executing <Task(_PythonDecoratedOperator): fetch_data_from_api> on 2000-01-11 00:00:00+00:00
[2025-06-03T09:17:32.460+0000] {standard_task_runner.py:57} INFO - Started process 426 to run task
[2025-06-03T09:17:32.462+0000] {standard_task_runner.py:84} INFO - Running: ['***', 'tasks', 'run', 'usd_rate_fetcher_taskflow', 'fetch_data_from_api', 'scheduled__2000-01-11T00:00:00+00:00', '--job-id', '7402', '--raw', '--subdir', 'DAGS_FOLDER/usd_rate_fetcher.py', '--cfg-path', '/tmp/tmpxbrlh7dm']
[2025-06-03T09:17:32.464+0000] {standard_task_runner.py:85} INFO - Job 7402: Subtask fetch_data_from_api
[2025-06-03T09:17:32.508+0000] {task_command.py:410} INFO - Running <TaskInstance: usd_rate_fetcher_taskflow.fetch_data_from_api scheduled__2000-01-11T00:00:00+00:00 [running]> on host 40869fde016f
[2025-06-03T09:17:32.736+0000] {logging_mixin.py:150} WARNING - /home/***/.local/lib/python3.7/site-packages/***/utils/context.py:205 AirflowContextDeprecationWarning: Accessing 'execution_date' from the template is deprecated and will be removed in a future version. Please use 'data_interval_start' or 'logical_date' instead.
[2025-06-03T09:17:32.770+0000] {taskinstance.py:1547} INFO - Exporting env vars: AIRFLOW_CTX_DAG_OWNER='***' AIRFLOW_CTX_DAG_ID='usd_rate_fetcher_taskflow' AIRFLOW_CTX_TASK_ID='fetch_data_from_api' AIRFLOW_CTX_EXECUTION_DATE='2000-01-11T00:00:00+00:00' AIRFLOW_CTX_TRY_NUMBER='1' AIRFLOW_CTX_DAG_RUN_ID='scheduled__2000-01-11T00:00:00+00:00'
[2025-06-03T09:17:32.771+0000] {taskinstance.py:1824} ERROR - Task failed with exception
Traceback (most recent call last):
  File "/home/airflow/.local/lib/python3.7/site-packages/airflow/decorators/base.py", line 220, in execute
    return_value = super().execute(context)
  File "/home/airflow/.local/lib/python3.7/site-packages/airflow/operators/python.py", line 181, in execute
    return_value = self.execute_callable()
  File "/home/airflow/.local/lib/python3.7/site-packages/airflow/operators/python.py", line 198, in execute_callable
    return self.python_callable(*self.op_args, **self.op_kwargs)
  File "/opt/airflow/dags/usd_rate_fetcher.py", line 30, in fetch_data_from_api
    date_str = execution_date.strftime("%d/%m/%Y")
AttributeError: 'str' object has no attribute 'strftime'
[2025-06-03T09:17:32.777+0000] {taskinstance.py:1350} INFO - Marking task as UP_FOR_RETRY. dag_id=usd_rate_fetcher_taskflow, task_id=fetch_data_from_api, execution_date=20000111T000000, start_date=20250603T091732, end_date=20250603T091732
[2025-06-03T09:17:32.787+0000] {standard_task_runner.py:109} ERROR - Failed to execute job 7402 for task fetch_data_from_api ('str' object has no attribute 'strftime'; 426)
[2025-06-03T09:17:32.838+0000] {local_task_job_runner.py:225} INFO - Task exited with return code 1
[2025-06-03T09:17:32.857+0000] {taskinstance.py:2653} INFO - 0 downstream tasks scheduled from follow-on schedule check
[2025-06-03T09:34:45.000+0000] {taskinstance.py:1103} INFO - Dependencies all met for dep_context=non-requeueable deps ti=<TaskInstance: usd_rate_fetcher_taskflow.fetch_data_from_api scheduled__2000-01-11T00:00:00+00:00 [queued]>
[2025-06-03T09:34:45.011+0000] {taskinstance.py:1103} INFO - Dependencies all met for dep_context=requeueable deps ti=<TaskInstance: usd_rate_fetcher_taskflow.fetch_data_from_api scheduled__2000-01-11T00:00:00+00:00 [queued]>
[2025-06-03T09:34:45.012+0000] {taskinstance.py:1308} INFO - Starting attempt 1 of 3
[2025-06-03T09:34:45.034+0000] {taskinstance.py:1327} INFO - Executing <Task(_PythonDecoratedOperator): fetch_data_from_api> on 2000-01-11 00:00:00+00:00
[2025-06-03T09:34:45.042+0000] {standard_task_runner.py:57} INFO - Started process 9774 to run task
[2025-06-03T09:34:45.057+0000] {standard_task_runner.py:84} INFO - Running: ['***', 'tasks', 'run', 'usd_rate_fetcher_taskflow', 'fetch_data_from_api', 'scheduled__2000-01-11T00:00:00+00:00', '--job-id', '7972', '--raw', '--subdir', 'DAGS_FOLDER/usd_rate_fetcher.py', '--cfg-path', '/tmp/tmpfw43tl0m']
[2025-06-03T09:34:45.074+0000] {standard_task_runner.py:85} INFO - Job 7972: Subtask fetch_data_from_api
[2025-06-03T09:34:45.192+0000] {task_command.py:410} INFO - Running <TaskInstance: usd_rate_fetcher_taskflow.fetch_data_from_api scheduled__2000-01-11T00:00:00+00:00 [running]> on host 40869fde016f
[2025-06-03T09:34:45.463+0000] {logging_mixin.py:150} WARNING - /home/***/.local/lib/python3.7/site-packages/***/utils/context.py:205 AirflowContextDeprecationWarning: Accessing 'execution_date' from the template is deprecated and will be removed in a future version. Please use 'data_interval_start' or 'logical_date' instead.
[2025-06-03T09:34:45.624+0000] {taskinstance.py:1547} INFO - Exporting env vars: AIRFLOW_CTX_DAG_OWNER='***' AIRFLOW_CTX_DAG_ID='usd_rate_fetcher_taskflow' AIRFLOW_CTX_TASK_ID='fetch_data_from_api' AIRFLOW_CTX_EXECUTION_DATE='2000-01-11T00:00:00+00:00' AIRFLOW_CTX_TRY_NUMBER='1' AIRFLOW_CTX_DAG_RUN_ID='scheduled__2000-01-11T00:00:00+00:00'
[2025-06-03T09:34:45.625+0000] {usd_rate_fetcher.py:34} INFO - Fetching data for date: 11/01/2000
[2025-06-03T09:34:45.712+0000] {python.py:183} INFO - Done. Returned value was: 27.73
[2025-06-03T09:34:45.766+0000] {taskinstance.py:1350} INFO - Marking task as SUCCESS. dag_id=usd_rate_fetcher_taskflow, task_id=fetch_data_from_api, execution_date=20000111T000000, start_date=20250603T093445, end_date=20250603T093445
[2025-06-03T09:34:45.837+0000] {local_task_job_runner.py:225} INFO - Task exited with return code 0
[2025-06-03T09:34:45.871+0000] {taskinstance.py:2653} INFO - 1 downstream tasks scheduled from follow-on schedule check
[2025-06-03T09:35:40.919+0000] {taskinstance.py:1103} INFO - Dependencies all met for dep_context=non-requeueable deps ti=<TaskInstance: usd_rate_fetcher_taskflow.fetch_data_from_api scheduled__2000-01-11T00:00:00+00:00 [queued]>
[2025-06-03T09:35:40.934+0000] {taskinstance.py:1103} INFO - Dependencies all met for dep_context=requeueable deps ti=<TaskInstance: usd_rate_fetcher_taskflow.fetch_data_from_api scheduled__2000-01-11T00:00:00+00:00 [queued]>
[2025-06-03T09:35:40.936+0000] {taskinstance.py:1308} INFO - Starting attempt 1 of 3
[2025-06-03T09:35:40.961+0000] {taskinstance.py:1327} INFO - Executing <Task(_PythonDecoratedOperator): fetch_data_from_api> on 2000-01-11 00:00:00+00:00
[2025-06-03T09:35:40.972+0000] {standard_task_runner.py:57} INFO - Started process 10203 to run task
[2025-06-03T09:35:40.989+0000] {standard_task_runner.py:84} INFO - Running: ['***', 'tasks', 'run', 'usd_rate_fetcher_taskflow', 'fetch_data_from_api', 'scheduled__2000-01-11T00:00:00+00:00', '--job-id', '8000', '--raw', '--subdir', 'DAGS_FOLDER/usd_rate_fetcher.py', '--cfg-path', '/tmp/tmpdbg98igw']
[2025-06-03T09:35:40.991+0000] {standard_task_runner.py:85} INFO - Job 8000: Subtask fetch_data_from_api
[2025-06-03T09:35:41.080+0000] {task_command.py:410} INFO - Running <TaskInstance: usd_rate_fetcher_taskflow.fetch_data_from_api scheduled__2000-01-11T00:00:00+00:00 [running]> on host 40869fde016f
[2025-06-03T09:35:41.670+0000] {logging_mixin.py:150} WARNING - /home/***/.local/lib/python3.7/site-packages/***/utils/context.py:205 AirflowContextDeprecationWarning: Accessing 'execution_date' from the template is deprecated and will be removed in a future version. Please use 'data_interval_start' or 'logical_date' instead.
[2025-06-03T09:35:41.827+0000] {taskinstance.py:1547} INFO - Exporting env vars: AIRFLOW_CTX_DAG_OWNER='***' AIRFLOW_CTX_DAG_ID='usd_rate_fetcher_taskflow' AIRFLOW_CTX_TASK_ID='fetch_data_from_api' AIRFLOW_CTX_EXECUTION_DATE='2000-01-11T00:00:00+00:00' AIRFLOW_CTX_TRY_NUMBER='1' AIRFLOW_CTX_DAG_RUN_ID='scheduled__2000-01-11T00:00:00+00:00'
[2025-06-03T09:35:41.828+0000] {usd_rate_fetcher.py:34} INFO - Fetching data for date: 11/01/2000
[2025-06-03T09:35:41.899+0000] {python.py:183} INFO - Done. Returned value was: 27.73
[2025-06-03T09:35:41.982+0000] {taskinstance.py:1350} INFO - Marking task as SUCCESS. dag_id=usd_rate_fetcher_taskflow, task_id=fetch_data_from_api, execution_date=20000111T000000, start_date=20250603T093540, end_date=20250603T093541
[2025-06-03T09:35:42.118+0000] {local_task_job_runner.py:225} INFO - Task exited with return code 0
[2025-06-03T09:35:42.146+0000] {taskinstance.py:2653} INFO - 1 downstream tasks scheduled from follow-on schedule check
