[2025-06-03T15:30:19.293+0000] {taskinstance.py:1103} INFO - Dependencies all met for dep_context=non-requeueable deps ti=<TaskInstance: usd_rate_fetcher.save_data_to_db scheduled__2020-06-03T00:00:00+00:00 [queued]>
[2025-06-03T15:30:19.301+0000] {taskinstance.py:1103} INFO - Dependencies all met for dep_context=requeueable deps ti=<TaskInstance: usd_rate_fetcher.save_data_to_db scheduled__2020-06-03T00:00:00+00:00 [queued]>
[2025-06-03T15:30:19.301+0000] {taskinstance.py:1308} INFO - Starting attempt 1 of 3
[2025-06-03T15:30:19.316+0000] {taskinstance.py:1327} INFO - Executing <Task(_PythonDecoratedOperator): save_data_to_db> on 2020-06-03 00:00:00+00:00
[2025-06-03T15:30:19.322+0000] {standard_task_runner.py:57} INFO - Started process 20746 to run task
[2025-06-03T15:30:19.325+0000] {standard_task_runner.py:84} INFO - Running: ['***', 'tasks', 'run', 'usd_rate_fetcher', 'save_data_to_db', 'scheduled__2020-06-03T00:00:00+00:00', '--job-id', '9068', '--raw', '--subdir', 'DAGS_FOLDER/usd_rate_fetcher.py', '--cfg-path', '/tmp/tmp_n3ahrw7']
[2025-06-03T15:30:19.326+0000] {standard_task_runner.py:85} INFO - Job 9068: Subtask save_data_to_db
[2025-06-03T15:30:19.385+0000] {task_command.py:410} INFO - Running <TaskInstance: usd_rate_fetcher.save_data_to_db scheduled__2020-06-03T00:00:00+00:00 [running]> on host 40869fde016f
[2025-06-03T15:30:19.670+0000] {logging_mixin.py:150} WARNING - /home/***/.local/lib/python3.7/site-packages/***/utils/context.py:205 AirflowContextDeprecationWarning: Accessing 'execution_date' from the template is deprecated and will be removed in a future version. Please use 'data_interval_start' or 'logical_date' instead.
[2025-06-03T15:30:19.718+0000] {taskinstance.py:1547} INFO - Exporting env vars: AIRFLOW_CTX_DAG_OWNER='***' AIRFLOW_CTX_DAG_ID='usd_rate_fetcher' AIRFLOW_CTX_TASK_ID='save_data_to_db' AIRFLOW_CTX_EXECUTION_DATE='2020-06-03T00:00:00+00:00' AIRFLOW_CTX_TRY_NUMBER='1' AIRFLOW_CTX_DAG_RUN_ID='scheduled__2020-06-03T00:00:00+00:00'
[2025-06-03T15:30:19.719+0000] {usd_rate_fetcher.py:80} INFO - Received USD rate: {'date': datetime.date(2020, 6, 3), 'content': [{'GBP': 86.4289}, {'HKD': 89.0024}, {'USD': 68.9831}, {'EUR': 76.7782}, {'CNY': 97.0117}]} for date 2020-06-03
[2025-06-03T15:30:19.733+0000] {base.py:73} INFO - Using connection ID 'pg_database' for task execution.
[2025-06-03T15:30:19.737+0000] {usd_rate_fetcher.py:103} INFO - Saved 86.43 for GBP on 2020-06-03
[2025-06-03T15:30:19.738+0000] {usd_rate_fetcher.py:103} INFO - Saved 89.00 for HKD on 2020-06-03
[2025-06-03T15:30:19.738+0000] {usd_rate_fetcher.py:103} INFO - Saved 68.98 for USD on 2020-06-03
[2025-06-03T15:30:19.739+0000] {usd_rate_fetcher.py:103} INFO - Saved 76.78 for EUR on 2020-06-03
[2025-06-03T15:30:19.739+0000] {usd_rate_fetcher.py:103} INFO - Saved 97.01 for CNY on 2020-06-03
[2025-06-03T15:30:19.741+0000] {python.py:183} INFO - Done. Returned value was: None
[2025-06-03T15:30:19.752+0000] {taskinstance.py:1350} INFO - Marking task as SUCCESS. dag_id=usd_rate_fetcher, task_id=save_data_to_db, execution_date=20200603T000000, start_date=20250603T153019, end_date=20250603T153019
[2025-06-03T15:30:19.784+0000] {local_task_job_runner.py:225} INFO - Task exited with return code 0
[2025-06-03T15:30:19.800+0000] {taskinstance.py:2653} INFO - 0 downstream tasks scheduled from follow-on schedule check
