[2025-06-03T15:19:58.643+0000] {taskinstance.py:1103} INFO - Dependencies all met for dep_context=non-requeueable deps ti=<TaskInstance: usd_rate_fetcher.fetch_data_from_api scheduled__2020-01-27T00:00:00+00:00 [queued]>
[2025-06-03T15:19:58.658+0000] {taskinstance.py:1103} INFO - Dependencies all met for dep_context=requeueable deps ti=<TaskInstance: usd_rate_fetcher.fetch_data_from_api scheduled__2020-01-27T00:00:00+00:00 [queued]>
[2025-06-03T15:19:58.659+0000] {taskinstance.py:1308} INFO - Starting attempt 1 of 3
[2025-06-03T15:19:58.680+0000] {taskinstance.py:1327} INFO - Executing <Task(_PythonDecoratedOperator): fetch_data_from_api> on 2020-01-27 00:00:00+00:00
[2025-06-03T15:19:58.690+0000] {standard_task_runner.py:57} INFO - Started process 14339 to run task
[2025-06-03T15:19:58.693+0000] {standard_task_runner.py:84} INFO - Running: ['***', 'tasks', 'run', 'usd_rate_fetcher', 'fetch_data_from_api', 'scheduled__2020-01-27T00:00:00+00:00', '--job-id', '8643', '--raw', '--subdir', 'DAGS_FOLDER/usd_rate_fetcher.py', '--cfg-path', '/tmp/tmpcdvjlmch']
[2025-06-03T15:19:58.694+0000] {standard_task_runner.py:85} INFO - Job 8643: Subtask fetch_data_from_api
[2025-06-03T15:19:58.792+0000] {task_command.py:410} INFO - Running <TaskInstance: usd_rate_fetcher.fetch_data_from_api scheduled__2020-01-27T00:00:00+00:00 [running]> on host 40869fde016f
[2025-06-03T15:19:58.883+0000] {logging_mixin.py:150} WARNING - /home/***/.local/lib/python3.7/site-packages/***/utils/context.py:205 AirflowContextDeprecationWarning: Accessing 'execution_date' from the template is deprecated and will be removed in a future version. Please use 'data_interval_start' or 'logical_date' instead.
[2025-06-03T15:19:58.916+0000] {taskinstance.py:1547} INFO - Exporting env vars: AIRFLOW_CTX_DAG_OWNER='***' AIRFLOW_CTX_DAG_ID='usd_rate_fetcher' AIRFLOW_CTX_TASK_ID='fetch_data_from_api' AIRFLOW_CTX_EXECUTION_DATE='2020-01-27T00:00:00+00:00' AIRFLOW_CTX_TRY_NUMBER='1' AIRFLOW_CTX_DAG_RUN_ID='scheduled__2020-01-27T00:00:00+00:00'
[2025-06-03T15:19:58.923+0000] {usd_rate_fetcher.py:34} INFO - Переменная ['Доллар США', 'Евро', 'Гонконгский доллар', 'Юань', 'Фунт стерлингов']
[2025-06-03T15:19:58.929+0000] {usd_rate_fetcher.py:53} INFO - Fetching data for date: 27/01/2020
[2025-06-03T15:19:58.987+0000] {python.py:183} INFO - Done. Returned value was: {'date': datetime.date(2020, 1, 27), 'content': [{'Фунт стерлингов': 81.1104}, {'Доллар США': 61.8031}, {'Евро': 68.2924}]}
[2025-06-03T15:19:59.006+0000] {taskinstance.py:1350} INFO - Marking task as SUCCESS. dag_id=usd_rate_fetcher, task_id=fetch_data_from_api, execution_date=20200127T000000, start_date=20250603T151958, end_date=20250603T151959
[2025-06-03T15:19:59.029+0000] {local_task_job_runner.py:225} INFO - Task exited with return code 0
[2025-06-03T15:19:59.047+0000] {taskinstance.py:2653} INFO - 1 downstream tasks scheduled from follow-on schedule check
[2025-06-03T15:27:16.872+0000] {taskinstance.py:1103} INFO - Dependencies all met for dep_context=non-requeueable deps ti=<TaskInstance: usd_rate_fetcher.fetch_data_from_api scheduled__2020-01-27T00:00:00+00:00 [queued]>
[2025-06-03T15:27:16.881+0000] {taskinstance.py:1103} INFO - Dependencies all met for dep_context=requeueable deps ti=<TaskInstance: usd_rate_fetcher.fetch_data_from_api scheduled__2020-01-27T00:00:00+00:00 [queued]>
[2025-06-03T15:27:16.882+0000] {taskinstance.py:1308} INFO - Starting attempt 1 of 3
[2025-06-03T15:27:16.949+0000] {taskinstance.py:1327} INFO - Executing <Task(_PythonDecoratedOperator): fetch_data_from_api> on 2020-01-27 00:00:00+00:00
[2025-06-03T15:27:16.955+0000] {standard_task_runner.py:57} INFO - Started process 16861 to run task
[2025-06-03T15:27:16.970+0000] {standard_task_runner.py:84} INFO - Running: ['***', 'tasks', 'run', 'usd_rate_fetcher', 'fetch_data_from_api', 'scheduled__2020-01-27T00:00:00+00:00', '--job-id', '8800', '--raw', '--subdir', 'DAGS_FOLDER/usd_rate_fetcher.py', '--cfg-path', '/tmp/tmp5_w56v4x']
[2025-06-03T15:27:16.986+0000] {standard_task_runner.py:85} INFO - Job 8800: Subtask fetch_data_from_api
[2025-06-03T15:27:17.042+0000] {task_command.py:410} INFO - Running <TaskInstance: usd_rate_fetcher.fetch_data_from_api scheduled__2020-01-27T00:00:00+00:00 [running]> on host 40869fde016f
[2025-06-03T15:27:17.099+0000] {logging_mixin.py:150} WARNING - /home/***/.local/lib/python3.7/site-packages/***/utils/context.py:205 AirflowContextDeprecationWarning: Accessing 'execution_date' from the template is deprecated and will be removed in a future version. Please use 'data_interval_start' or 'logical_date' instead.
[2025-06-03T15:27:17.147+0000] {taskinstance.py:1547} INFO - Exporting env vars: AIRFLOW_CTX_DAG_OWNER='***' AIRFLOW_CTX_DAG_ID='usd_rate_fetcher' AIRFLOW_CTX_TASK_ID='fetch_data_from_api' AIRFLOW_CTX_EXECUTION_DATE='2020-01-27T00:00:00+00:00' AIRFLOW_CTX_TRY_NUMBER='1' AIRFLOW_CTX_DAG_RUN_ID='scheduled__2020-01-27T00:00:00+00:00'
[2025-06-03T15:27:17.161+0000] {usd_rate_fetcher.py:34} INFO - Переменная ['USD', 'EUR', 'HKD', 'CNY', 'GBP']
[2025-06-03T15:27:17.173+0000] {usd_rate_fetcher.py:53} INFO - Fetching data for date: 27/01/2020
[2025-06-03T15:27:17.237+0000] {python.py:183} INFO - Done. Returned value was: {'date': datetime.date(2020, 1, 27), 'content': [{'GBP': 81.1104}, {'HKD': 79.512}, {'USD': 61.8031}, {'EUR': 68.2924}, {'CNY': 89.0958}]}
[2025-06-03T15:27:17.261+0000] {taskinstance.py:1350} INFO - Marking task as SUCCESS. dag_id=usd_rate_fetcher, task_id=fetch_data_from_api, execution_date=20200127T000000, start_date=20250603T152716, end_date=20250603T152717
[2025-06-03T15:27:17.296+0000] {local_task_job_runner.py:225} INFO - Task exited with return code 0
[2025-06-03T15:27:17.321+0000] {taskinstance.py:2653} INFO - 1 downstream tasks scheduled from follow-on schedule check
