[2025-06-03T15:20:13.503+0000] {taskinstance.py:1103} INFO - Dependencies all met for dep_context=non-requeueable deps ti=<TaskInstance: usd_rate_fetcher.fetch_data_from_api scheduled__2020-02-22T00:00:00+00:00 [queued]>
[2025-06-03T15:20:13.511+0000] {taskinstance.py:1103} INFO - Dependencies all met for dep_context=requeueable deps ti=<TaskInstance: usd_rate_fetcher.fetch_data_from_api scheduled__2020-02-22T00:00:00+00:00 [queued]>
[2025-06-03T15:20:13.511+0000] {taskinstance.py:1308} INFO - Starting attempt 1 of 3
[2025-06-03T15:20:13.525+0000] {taskinstance.py:1327} INFO - Executing <Task(_PythonDecoratedOperator): fetch_data_from_api> on 2020-02-22 00:00:00+00:00
[2025-06-03T15:20:13.532+0000] {standard_task_runner.py:57} INFO - Started process 15094 to run task
[2025-06-03T15:20:13.560+0000] {standard_task_runner.py:84} INFO - Running: ['***', 'tasks', 'run', 'usd_rate_fetcher', 'fetch_data_from_api', 'scheduled__2020-02-22T00:00:00+00:00', '--job-id', '8697', '--raw', '--subdir', 'DAGS_FOLDER/usd_rate_fetcher.py', '--cfg-path', '/tmp/tmpmlcxvc5f']
[2025-06-03T15:20:13.569+0000] {standard_task_runner.py:85} INFO - Job 8697: Subtask fetch_data_from_api
[2025-06-03T15:20:13.626+0000] {task_command.py:410} INFO - Running <TaskInstance: usd_rate_fetcher.fetch_data_from_api scheduled__2020-02-22T00:00:00+00:00 [running]> on host 40869fde016f
[2025-06-03T15:20:13.850+0000] {logging_mixin.py:150} WARNING - /home/***/.local/lib/python3.7/site-packages/***/utils/context.py:205 AirflowContextDeprecationWarning: Accessing 'execution_date' from the template is deprecated and will be removed in a future version. Please use 'data_interval_start' or 'logical_date' instead.
[2025-06-03T15:20:13.945+0000] {taskinstance.py:1547} INFO - Exporting env vars: AIRFLOW_CTX_DAG_OWNER='***' AIRFLOW_CTX_DAG_ID='usd_rate_fetcher' AIRFLOW_CTX_TASK_ID='fetch_data_from_api' AIRFLOW_CTX_EXECUTION_DATE='2020-02-22T00:00:00+00:00' AIRFLOW_CTX_TRY_NUMBER='1' AIRFLOW_CTX_DAG_RUN_ID='scheduled__2020-02-22T00:00:00+00:00'
[2025-06-03T15:20:13.964+0000] {usd_rate_fetcher.py:34} INFO - Переменная ['Доллар США', 'Евро', 'Гонконгский доллар', 'Юань', 'Фунт стерлингов']
[2025-06-03T15:20:13.980+0000] {usd_rate_fetcher.py:53} INFO - Fetching data for date: 22/02/2020
[2025-06-03T15:20:14.107+0000] {python.py:183} INFO - Done. Returned value was: {'date': datetime.date(2020, 2, 22), 'content': [{'Фунт стерлингов': 82.9866}, {'Доллар США': 64.3008}, {'Евро': 69.4191}]}
[2025-06-03T15:20:14.140+0000] {taskinstance.py:1350} INFO - Marking task as SUCCESS. dag_id=usd_rate_fetcher, task_id=fetch_data_from_api, execution_date=20200222T000000, start_date=20250603T152013, end_date=20250603T152014
[2025-06-03T15:20:14.195+0000] {local_task_job_runner.py:225} INFO - Task exited with return code 0
[2025-06-03T15:20:14.223+0000] {taskinstance.py:2653} INFO - 1 downstream tasks scheduled from follow-on schedule check
[2025-06-03T15:27:28.839+0000] {taskinstance.py:1103} INFO - Dependencies all met for dep_context=non-requeueable deps ti=<TaskInstance: usd_rate_fetcher.fetch_data_from_api scheduled__2020-02-22T00:00:00+00:00 [queued]>
[2025-06-03T15:27:28.847+0000] {taskinstance.py:1103} INFO - Dependencies all met for dep_context=requeueable deps ti=<TaskInstance: usd_rate_fetcher.fetch_data_from_api scheduled__2020-02-22T00:00:00+00:00 [queued]>
[2025-06-03T15:27:28.847+0000] {taskinstance.py:1308} INFO - Starting attempt 1 of 3
[2025-06-03T15:27:28.863+0000] {taskinstance.py:1327} INFO - Executing <Task(_PythonDecoratedOperator): fetch_data_from_api> on 2020-02-22 00:00:00+00:00
[2025-06-03T15:27:28.869+0000] {standard_task_runner.py:57} INFO - Started process 17595 to run task
[2025-06-03T15:27:28.871+0000] {standard_task_runner.py:84} INFO - Running: ['***', 'tasks', 'run', 'usd_rate_fetcher', 'fetch_data_from_api', 'scheduled__2020-02-22T00:00:00+00:00', '--job-id', '8853', '--raw', '--subdir', 'DAGS_FOLDER/usd_rate_fetcher.py', '--cfg-path', '/tmp/tmpyhbnza7w']
[2025-06-03T15:27:28.873+0000] {standard_task_runner.py:85} INFO - Job 8853: Subtask fetch_data_from_api
[2025-06-03T15:27:28.912+0000] {task_command.py:410} INFO - Running <TaskInstance: usd_rate_fetcher.fetch_data_from_api scheduled__2020-02-22T00:00:00+00:00 [running]> on host 40869fde016f
[2025-06-03T15:27:29.079+0000] {logging_mixin.py:150} WARNING - /home/***/.local/lib/python3.7/site-packages/***/utils/context.py:205 AirflowContextDeprecationWarning: Accessing 'execution_date' from the template is deprecated and will be removed in a future version. Please use 'data_interval_start' or 'logical_date' instead.
[2025-06-03T15:27:29.110+0000] {taskinstance.py:1547} INFO - Exporting env vars: AIRFLOW_CTX_DAG_OWNER='***' AIRFLOW_CTX_DAG_ID='usd_rate_fetcher' AIRFLOW_CTX_TASK_ID='fetch_data_from_api' AIRFLOW_CTX_EXECUTION_DATE='2020-02-22T00:00:00+00:00' AIRFLOW_CTX_TRY_NUMBER='1' AIRFLOW_CTX_DAG_RUN_ID='scheduled__2020-02-22T00:00:00+00:00'
[2025-06-03T15:27:29.116+0000] {usd_rate_fetcher.py:34} INFO - Переменная ['USD', 'EUR', 'HKD', 'CNY', 'GBP']
[2025-06-03T15:27:29.121+0000] {usd_rate_fetcher.py:53} INFO - Fetching data for date: 22/02/2020
[2025-06-03T15:27:29.156+0000] {python.py:183} INFO - Done. Returned value was: {'date': datetime.date(2020, 2, 22), 'content': [{'GBP': 82.9866}, {'HKD': 82.5438}, {'USD': 64.3008}, {'EUR': 69.4191}, {'CNY': 91.3571}]}
[2025-06-03T15:27:29.173+0000] {taskinstance.py:1350} INFO - Marking task as SUCCESS. dag_id=usd_rate_fetcher, task_id=fetch_data_from_api, execution_date=20200222T000000, start_date=20250603T152728, end_date=20250603T152729
[2025-06-03T15:27:29.207+0000] {local_task_job_runner.py:225} INFO - Task exited with return code 0
[2025-06-03T15:27:29.224+0000] {taskinstance.py:2653} INFO - 1 downstream tasks scheduled from follow-on schedule check
