[2025-06-03T15:20:21.565+0000] {taskinstance.py:1103} INFO - Dependencies all met for dep_context=non-requeueable deps ti=<TaskInstance: usd_rate_fetcher.fetch_data_from_api scheduled__2020-03-13T00:00:00+00:00 [queued]>
[2025-06-03T15:20:21.576+0000] {taskinstance.py:1103} INFO - Dependencies all met for dep_context=requeueable deps ti=<TaskInstance: usd_rate_fetcher.fetch_data_from_api scheduled__2020-03-13T00:00:00+00:00 [queued]>
[2025-06-03T15:20:21.576+0000] {taskinstance.py:1308} INFO - Starting attempt 1 of 3
[2025-06-03T15:20:21.598+0000] {taskinstance.py:1327} INFO - Executing <Task(_PythonDecoratedOperator): fetch_data_from_api> on 2020-03-13 00:00:00+00:00
[2025-06-03T15:20:21.607+0000] {standard_task_runner.py:57} INFO - Started process 15656 to run task
[2025-06-03T15:20:21.628+0000] {standard_task_runner.py:84} INFO - Running: ['***', 'tasks', 'run', 'usd_rate_fetcher', 'fetch_data_from_api', 'scheduled__2020-03-13T00:00:00+00:00', '--job-id', '8733', '--raw', '--subdir', 'DAGS_FOLDER/usd_rate_fetcher.py', '--cfg-path', '/tmp/tmpp1re5mu4']
[2025-06-03T15:20:21.629+0000] {standard_task_runner.py:85} INFO - Job 8733: Subtask fetch_data_from_api
[2025-06-03T15:20:21.741+0000] {task_command.py:410} INFO - Running <TaskInstance: usd_rate_fetcher.fetch_data_from_api scheduled__2020-03-13T00:00:00+00:00 [running]> on host 40869fde016f
[2025-06-03T15:20:21.986+0000] {logging_mixin.py:150} WARNING - /home/***/.local/lib/python3.7/site-packages/***/utils/context.py:205 AirflowContextDeprecationWarning: Accessing 'execution_date' from the template is deprecated and will be removed in a future version. Please use 'data_interval_start' or 'logical_date' instead.
[2025-06-03T15:20:22.052+0000] {taskinstance.py:1547} INFO - Exporting env vars: AIRFLOW_CTX_DAG_OWNER='***' AIRFLOW_CTX_DAG_ID='usd_rate_fetcher' AIRFLOW_CTX_TASK_ID='fetch_data_from_api' AIRFLOW_CTX_EXECUTION_DATE='2020-03-13T00:00:00+00:00' AIRFLOW_CTX_TRY_NUMBER='1' AIRFLOW_CTX_DAG_RUN_ID='scheduled__2020-03-13T00:00:00+00:00'
[2025-06-03T15:20:22.079+0000] {usd_rate_fetcher.py:34} INFO - Переменная ['Доллар США', 'Евро', 'Гонконгский доллар', 'Юань', 'Фунт стерлингов']
[2025-06-03T15:20:22.088+0000] {usd_rate_fetcher.py:53} INFO - Fetching data for date: 13/03/2020
[2025-06-03T15:20:21.604+0000] {python.py:183} INFO - Done. Returned value was: {'date': datetime.date(2020, 3, 13), 'content': [{'Фунт стерлингов': 94.7329}, {'Доллар США': 74.0274}, {'Евро': 83.6584}, {'Юань': 10.5985}]}
[2025-06-03T15:20:20.997+0000] {taskinstance.py:1350} INFO - Marking task as SUCCESS. dag_id=usd_rate_fetcher, task_id=fetch_data_from_api, execution_date=20200313T000000, start_date=20250603T152021, end_date=20250603T152020
[2025-06-03T15:20:21.052+0000] {local_task_job_runner.py:225} INFO - Task exited with return code 0
[2025-06-03T15:20:21.239+0000] {taskinstance.py:2653} INFO - 0 downstream tasks scheduled from follow-on schedule check
[2025-06-03T15:29:40.918+0000] {taskinstance.py:1103} INFO - Dependencies all met for dep_context=non-requeueable deps ti=<TaskInstance: usd_rate_fetcher.fetch_data_from_api scheduled__2020-03-13T00:00:00+00:00 [queued]>
[2025-06-03T15:29:40.927+0000] {taskinstance.py:1103} INFO - Dependencies all met for dep_context=requeueable deps ti=<TaskInstance: usd_rate_fetcher.fetch_data_from_api scheduled__2020-03-13T00:00:00+00:00 [queued]>
[2025-06-03T15:29:40.928+0000] {taskinstance.py:1308} INFO - Starting attempt 1 of 3
[2025-06-03T15:29:40.957+0000] {taskinstance.py:1327} INFO - Executing <Task(_PythonDecoratedOperator): fetch_data_from_api> on 2020-03-13 00:00:00+00:00
[2025-06-03T15:29:40.967+0000] {standard_task_runner.py:57} INFO - Started process 18218 to run task
[2025-06-03T15:29:40.971+0000] {standard_task_runner.py:84} INFO - Running: ['***', 'tasks', 'run', 'usd_rate_fetcher', 'fetch_data_from_api', 'scheduled__2020-03-13T00:00:00+00:00', '--job-id', '8888', '--raw', '--subdir', 'DAGS_FOLDER/usd_rate_fetcher.py', '--cfg-path', '/tmp/tmp880i0o01']
[2025-06-03T15:29:40.973+0000] {standard_task_runner.py:85} INFO - Job 8888: Subtask fetch_data_from_api
[2025-06-03T15:29:41.026+0000] {task_command.py:410} INFO - Running <TaskInstance: usd_rate_fetcher.fetch_data_from_api scheduled__2020-03-13T00:00:00+00:00 [running]> on host 40869fde016f
[2025-06-03T15:29:41.294+0000] {logging_mixin.py:150} WARNING - /home/***/.local/lib/python3.7/site-packages/***/utils/context.py:205 AirflowContextDeprecationWarning: Accessing 'execution_date' from the template is deprecated and will be removed in a future version. Please use 'data_interval_start' or 'logical_date' instead.
[2025-06-03T15:29:41.345+0000] {taskinstance.py:1547} INFO - Exporting env vars: AIRFLOW_CTX_DAG_OWNER='***' AIRFLOW_CTX_DAG_ID='usd_rate_fetcher' AIRFLOW_CTX_TASK_ID='fetch_data_from_api' AIRFLOW_CTX_EXECUTION_DATE='2020-03-13T00:00:00+00:00' AIRFLOW_CTX_TRY_NUMBER='1' AIRFLOW_CTX_DAG_RUN_ID='scheduled__2020-03-13T00:00:00+00:00'
[2025-06-03T15:29:41.364+0000] {usd_rate_fetcher.py:34} INFO - Переменная ['USD', 'EUR', 'HKD', 'CNY', 'GBP']
[2025-06-03T15:29:41.377+0000] {usd_rate_fetcher.py:53} INFO - Fetching data for date: 13/03/2020
[2025-06-03T15:29:41.452+0000] {python.py:183} INFO - Done. Returned value was: {'date': datetime.date(2020, 3, 13), 'content': [{'GBP': 94.7329}, {'HKD': 95.2452}, {'USD': 74.0274}, {'EUR': 83.6584}, {'CNY': 10.5985}]}
[2025-06-03T15:29:41.516+0000] {taskinstance.py:1350} INFO - Marking task as SUCCESS. dag_id=usd_rate_fetcher, task_id=fetch_data_from_api, execution_date=20200313T000000, start_date=20250603T152940, end_date=20250603T152941
[2025-06-03T15:29:41.711+0000] {local_task_job_runner.py:225} INFO - Task exited with return code 0
[2025-06-03T15:29:41.762+0000] {taskinstance.py:2653} INFO - 1 downstream tasks scheduled from follow-on schedule check
