[2025-06-03T15:20:06.035+0000] {taskinstance.py:1103} INFO - Dependencies all met for dep_context=non-requeueable deps ti=<TaskInstance: usd_rate_fetcher.fetch_data_from_api scheduled__2020-02-05T00:00:00+00:00 [queued]>
[2025-06-03T15:20:06.046+0000] {taskinstance.py:1103} INFO - Dependencies all met for dep_context=requeueable deps ti=<TaskInstance: usd_rate_fetcher.fetch_data_from_api scheduled__2020-02-05T00:00:00+00:00 [queued]>
[2025-06-03T15:20:06.046+0000] {taskinstance.py:1308} INFO - Starting attempt 1 of 3
[2025-06-03T15:20:06.071+0000] {taskinstance.py:1327} INFO - Executing <Task(_PythonDecoratedOperator): fetch_data_from_api> on 2020-02-05 00:00:00+00:00
[2025-06-03T15:20:06.082+0000] {standard_task_runner.py:57} INFO - Started process 14632 to run task
[2025-06-03T15:20:06.093+0000] {standard_task_runner.py:84} INFO - Running: ['***', 'tasks', 'run', 'usd_rate_fetcher', 'fetch_data_from_api', 'scheduled__2020-02-05T00:00:00+00:00', '--job-id', '8664', '--raw', '--subdir', 'DAGS_FOLDER/usd_rate_fetcher.py', '--cfg-path', '/tmp/tmpk7uc9yy5']
[2025-06-03T15:20:06.101+0000] {standard_task_runner.py:85} INFO - Job 8664: Subtask fetch_data_from_api
[2025-06-03T15:20:06.183+0000] {task_command.py:410} INFO - Running <TaskInstance: usd_rate_fetcher.fetch_data_from_api scheduled__2020-02-05T00:00:00+00:00 [running]> on host 40869fde016f
[2025-06-03T15:20:06.436+0000] {logging_mixin.py:150} WARNING - /home/***/.local/lib/python3.7/site-packages/***/utils/context.py:205 AirflowContextDeprecationWarning: Accessing 'execution_date' from the template is deprecated and will be removed in a future version. Please use 'data_interval_start' or 'logical_date' instead.
[2025-06-03T15:20:06.478+0000] {taskinstance.py:1547} INFO - Exporting env vars: AIRFLOW_CTX_DAG_OWNER='***' AIRFLOW_CTX_DAG_ID='usd_rate_fetcher' AIRFLOW_CTX_TASK_ID='fetch_data_from_api' AIRFLOW_CTX_EXECUTION_DATE='2020-02-05T00:00:00+00:00' AIRFLOW_CTX_TRY_NUMBER='1' AIRFLOW_CTX_DAG_RUN_ID='scheduled__2020-02-05T00:00:00+00:00'
[2025-06-03T15:20:06.487+0000] {usd_rate_fetcher.py:34} INFO - Переменная ['Доллар США', 'Евро', 'Гонконгский доллар', 'Юань', 'Фунт стерлингов']
[2025-06-03T15:20:06.494+0000] {usd_rate_fetcher.py:53} INFO - Fetching data for date: 05/02/2020
[2025-06-03T15:20:06.542+0000] {python.py:183} INFO - Done. Returned value was: {'date': datetime.date(2020, 2, 5), 'content': [{'Фунт стерлингов': 82.2678}, {'Доллар США': 63.4342}, {'Евро': 70.1265}]}
[2025-06-03T15:20:06.571+0000] {taskinstance.py:1350} INFO - Marking task as SUCCESS. dag_id=usd_rate_fetcher, task_id=fetch_data_from_api, execution_date=20200205T000000, start_date=20250603T152006, end_date=20250603T152006
[2025-06-03T15:20:06.626+0000] {local_task_job_runner.py:225} INFO - Task exited with return code 0
[2025-06-03T15:20:06.757+0000] {taskinstance.py:2653} INFO - 0 downstream tasks scheduled from follow-on schedule check
[2025-06-03T15:27:22.194+0000] {taskinstance.py:1103} INFO - Dependencies all met for dep_context=non-requeueable deps ti=<TaskInstance: usd_rate_fetcher.fetch_data_from_api scheduled__2020-02-05T00:00:00+00:00 [queued]>
[2025-06-03T15:27:22.205+0000] {taskinstance.py:1103} INFO - Dependencies all met for dep_context=requeueable deps ti=<TaskInstance: usd_rate_fetcher.fetch_data_from_api scheduled__2020-02-05T00:00:00+00:00 [queued]>
[2025-06-03T15:27:22.205+0000] {taskinstance.py:1308} INFO - Starting attempt 1 of 3
[2025-06-03T15:27:22.224+0000] {taskinstance.py:1327} INFO - Executing <Task(_PythonDecoratedOperator): fetch_data_from_api> on 2020-02-05 00:00:00+00:00
[2025-06-03T15:27:22.232+0000] {standard_task_runner.py:57} INFO - Started process 17144 to run task
[2025-06-03T15:27:22.242+0000] {standard_task_runner.py:84} INFO - Running: ['***', 'tasks', 'run', 'usd_rate_fetcher', 'fetch_data_from_api', 'scheduled__2020-02-05T00:00:00+00:00', '--job-id', '8820', '--raw', '--subdir', 'DAGS_FOLDER/usd_rate_fetcher.py', '--cfg-path', '/tmp/tmph6vs4ejv']
[2025-06-03T15:27:22.244+0000] {standard_task_runner.py:85} INFO - Job 8820: Subtask fetch_data_from_api
[2025-06-03T15:27:22.296+0000] {task_command.py:410} INFO - Running <TaskInstance: usd_rate_fetcher.fetch_data_from_api scheduled__2020-02-05T00:00:00+00:00 [running]> on host 40869fde016f
[2025-06-03T15:27:22.491+0000] {logging_mixin.py:150} WARNING - /home/***/.local/lib/python3.7/site-packages/***/utils/context.py:205 AirflowContextDeprecationWarning: Accessing 'execution_date' from the template is deprecated and will be removed in a future version. Please use 'data_interval_start' or 'logical_date' instead.
[2025-06-03T15:27:22.526+0000] {taskinstance.py:1547} INFO - Exporting env vars: AIRFLOW_CTX_DAG_OWNER='***' AIRFLOW_CTX_DAG_ID='usd_rate_fetcher' AIRFLOW_CTX_TASK_ID='fetch_data_from_api' AIRFLOW_CTX_EXECUTION_DATE='2020-02-05T00:00:00+00:00' AIRFLOW_CTX_TRY_NUMBER='1' AIRFLOW_CTX_DAG_RUN_ID='scheduled__2020-02-05T00:00:00+00:00'
[2025-06-03T15:27:22.533+0000] {usd_rate_fetcher.py:34} INFO - Переменная ['USD', 'EUR', 'HKD', 'CNY', 'GBP']
[2025-06-03T15:27:22.538+0000] {usd_rate_fetcher.py:53} INFO - Fetching data for date: 05/02/2020
[2025-06-03T15:27:22.583+0000] {python.py:183} INFO - Done. Returned value was: {'date': datetime.date(2020, 2, 5), 'content': [{'GBP': 82.2678}, {'HKD': 81.6557}, {'USD': 63.4342}, {'EUR': 70.1265}, {'CNY': 90.7447}]}
[2025-06-03T15:27:22.631+0000] {taskinstance.py:1350} INFO - Marking task as SUCCESS. dag_id=usd_rate_fetcher, task_id=fetch_data_from_api, execution_date=20200205T000000, start_date=20250603T152722, end_date=20250603T152722
[2025-06-03T15:27:22.694+0000] {local_task_job_runner.py:225} INFO - Task exited with return code 0
[2025-06-03T15:27:22.865+0000] {taskinstance.py:2653} INFO - 0 downstream tasks scheduled from follow-on schedule check
