[2025-06-03T15:29:59.702+0000] {taskinstance.py:1103} INFO - Dependencies all met for dep_context=non-requeueable deps ti=<TaskInstance: usd_rate_fetcher.save_data_to_db scheduled__2020-04-21T00:00:00+00:00 [queued]>
[2025-06-03T15:29:59.709+0000] {taskinstance.py:1103} INFO - Dependencies all met for dep_context=requeueable deps ti=<TaskInstance: usd_rate_fetcher.save_data_to_db scheduled__2020-04-21T00:00:00+00:00 [queued]>
[2025-06-03T15:29:59.709+0000] {taskinstance.py:1308} INFO - Starting attempt 1 of 3
[2025-06-03T15:29:59.719+0000] {taskinstance.py:1327} INFO - Executing <Task(_PythonDecoratedOperator): save_data_to_db> on 2020-04-21 00:00:00+00:00
[2025-06-03T15:29:59.726+0000] {standard_task_runner.py:57} INFO - Started process 19388 to run task
[2025-06-03T15:29:59.728+0000] {standard_task_runner.py:84} INFO - Running: ['***', 'tasks', 'run', 'usd_rate_fetcher', 'save_data_to_db', 'scheduled__2020-04-21T00:00:00+00:00', '--job-id', '8972', '--raw', '--subdir', 'DAGS_FOLDER/usd_rate_fetcher.py', '--cfg-path', '/tmp/tmprb8n83lz']
[2025-06-03T15:29:59.729+0000] {standard_task_runner.py:85} INFO - Job 8972: Subtask save_data_to_db
[2025-06-03T15:29:59.762+0000] {task_command.py:410} INFO - Running <TaskInstance: usd_rate_fetcher.save_data_to_db scheduled__2020-04-21T00:00:00+00:00 [running]> on host 40869fde016f
[2025-06-03T15:29:59.926+0000] {logging_mixin.py:150} WARNING - /home/***/.local/lib/python3.7/site-packages/***/utils/context.py:205 AirflowContextDeprecationWarning: Accessing 'execution_date' from the template is deprecated and will be removed in a future version. Please use 'data_interval_start' or 'logical_date' instead.
[2025-06-03T15:29:59.957+0000] {taskinstance.py:1547} INFO - Exporting env vars: AIRFLOW_CTX_DAG_OWNER='***' AIRFLOW_CTX_DAG_ID='usd_rate_fetcher' AIRFLOW_CTX_TASK_ID='save_data_to_db' AIRFLOW_CTX_EXECUTION_DATE='2020-04-21T00:00:00+00:00' AIRFLOW_CTX_TRY_NUMBER='1' AIRFLOW_CTX_DAG_RUN_ID='scheduled__2020-04-21T00:00:00+00:00'
[2025-06-03T15:29:59.958+0000] {usd_rate_fetcher.py:80} INFO - Received USD rate: {'date': datetime.date(2020, 4, 21), 'content': [{'GBP': 92.8916}, {'HKD': 96.3354}, {'USD': 74.6657}, {'EUR': 81.1019}, {'CNY': 10.553}]} for date 2020-04-21
[2025-06-03T15:29:59.964+0000] {base.py:73} INFO - Using connection ID 'pg_database' for task execution.
[2025-06-03T15:29:59.968+0000] {usd_rate_fetcher.py:103} INFO - Saved 92.89 for GBP on 2020-04-21
[2025-06-03T15:29:59.968+0000] {usd_rate_fetcher.py:103} INFO - Saved 96.34 for HKD on 2020-04-21
[2025-06-03T15:29:59.969+0000] {usd_rate_fetcher.py:103} INFO - Saved 74.67 for USD on 2020-04-21
[2025-06-03T15:29:59.969+0000] {usd_rate_fetcher.py:103} INFO - Saved 81.10 for EUR on 2020-04-21
[2025-06-03T15:29:59.970+0000] {usd_rate_fetcher.py:103} INFO - Saved 10.55 for CNY on 2020-04-21
[2025-06-03T15:29:59.971+0000] {python.py:183} INFO - Done. Returned value was: None
[2025-06-03T15:29:59.977+0000] {taskinstance.py:1350} INFO - Marking task as SUCCESS. dag_id=usd_rate_fetcher, task_id=save_data_to_db, execution_date=20200421T000000, start_date=20250603T152959, end_date=20250603T152959
[2025-06-03T15:30:00.023+0000] {local_task_job_runner.py:225} INFO - Task exited with return code 0
[2025-06-03T15:30:00.036+0000] {taskinstance.py:2653} INFO - 0 downstream tasks scheduled from follow-on schedule check
