[2025-06-03T15:20:22.348+0000] {taskinstance.py:1103} INFO - Dependencies all met for dep_context=non-requeueable deps ti=<TaskInstance: usd_rate_fetcher.save_data_to_db scheduled__2020-03-14T00:00:00+00:00 [queued]>
[2025-06-03T15:20:22.355+0000] {taskinstance.py:1103} INFO - Dependencies all met for dep_context=requeueable deps ti=<TaskInstance: usd_rate_fetcher.save_data_to_db scheduled__2020-03-14T00:00:00+00:00 [queued]>
[2025-06-03T15:20:22.355+0000] {taskinstance.py:1308} INFO - Starting attempt 1 of 3
[2025-06-03T15:20:22.366+0000] {taskinstance.py:1327} INFO - Executing <Task(_PythonDecoratedOperator): save_data_to_db> on 2020-03-14 00:00:00+00:00
[2025-06-03T15:20:22.372+0000] {standard_task_runner.py:57} INFO - Started process 15827 to run task
[2025-06-03T15:20:22.374+0000] {standard_task_runner.py:84} INFO - Running: ['***', 'tasks', 'run', 'usd_rate_fetcher', 'save_data_to_db', 'scheduled__2020-03-14T00:00:00+00:00', '--job-id', '8750', '--raw', '--subdir', 'DAGS_FOLDER/usd_rate_fetcher.py', '--cfg-path', '/tmp/tmpnjztp10h']
[2025-06-03T15:20:22.376+0000] {standard_task_runner.py:85} INFO - Job 8750: Subtask save_data_to_db
[2025-06-03T15:20:22.409+0000] {task_command.py:410} INFO - Running <TaskInstance: usd_rate_fetcher.save_data_to_db scheduled__2020-03-14T00:00:00+00:00 [running]> on host 40869fde016f
[2025-06-03T15:20:22.579+0000] {logging_mixin.py:150} WARNING - /home/***/.local/lib/python3.7/site-packages/***/utils/context.py:205 AirflowContextDeprecationWarning: Accessing 'execution_date' from the template is deprecated and will be removed in a future version. Please use 'data_interval_start' or 'logical_date' instead.
[2025-06-03T15:20:22.610+0000] {taskinstance.py:1547} INFO - Exporting env vars: AIRFLOW_CTX_DAG_OWNER='***' AIRFLOW_CTX_DAG_ID='usd_rate_fetcher' AIRFLOW_CTX_TASK_ID='save_data_to_db' AIRFLOW_CTX_EXECUTION_DATE='2020-03-14T00:00:00+00:00' AIRFLOW_CTX_TRY_NUMBER='1' AIRFLOW_CTX_DAG_RUN_ID='scheduled__2020-03-14T00:00:00+00:00'
[2025-06-03T15:20:22.611+0000] {usd_rate_fetcher.py:80} INFO - Received USD rate: {'date': datetime.date(2020, 3, 14), 'content': [{'Фунт стерлингов': 92.2684}, {'Доллар США': 73.1882}, {'Евро': 81.861}, {'Юань': 10.4653}]} for date 2020-03-14
[2025-06-03T15:20:22.617+0000] {base.py:73} INFO - Using connection ID 'pg_database' for task execution.
[2025-06-03T15:20:22.622+0000] {usd_rate_fetcher.py:103} INFO - Saved 92.27 for Фунт стерлингов on 2020-03-14
[2025-06-03T15:20:22.622+0000] {usd_rate_fetcher.py:103} INFO - Saved 73.19 for Доллар США on 2020-03-14
[2025-06-03T15:20:22.623+0000] {usd_rate_fetcher.py:103} INFO - Saved 81.86 for Евро on 2020-03-14
[2025-06-03T15:20:22.623+0000] {usd_rate_fetcher.py:103} INFO - Saved 10.47 for Юань on 2020-03-14
[2025-06-03T15:20:22.624+0000] {python.py:183} INFO - Done. Returned value was: None
[2025-06-03T15:20:22.631+0000] {taskinstance.py:1350} INFO - Marking task as SUCCESS. dag_id=usd_rate_fetcher, task_id=save_data_to_db, execution_date=20200314T000000, start_date=20250603T152022, end_date=20250603T152022
[2025-06-03T15:20:22.667+0000] {local_task_job_runner.py:225} INFO - Task exited with return code 0
[2025-06-03T15:20:22.681+0000] {taskinstance.py:2653} INFO - 0 downstream tasks scheduled from follow-on schedule check
[2025-06-03T15:29:43.071+0000] {taskinstance.py:1103} INFO - Dependencies all met for dep_context=non-requeueable deps ti=<TaskInstance: usd_rate_fetcher.save_data_to_db scheduled__2020-03-14T00:00:00+00:00 [queued]>
[2025-06-03T15:29:43.080+0000] {taskinstance.py:1103} INFO - Dependencies all met for dep_context=requeueable deps ti=<TaskInstance: usd_rate_fetcher.save_data_to_db scheduled__2020-03-14T00:00:00+00:00 [queued]>
[2025-06-03T15:29:43.080+0000] {taskinstance.py:1308} INFO - Starting attempt 1 of 3
[2025-06-03T15:29:43.098+0000] {taskinstance.py:1327} INFO - Executing <Task(_PythonDecoratedOperator): save_data_to_db> on 2020-03-14 00:00:00+00:00
[2025-06-03T15:29:43.113+0000] {standard_task_runner.py:57} INFO - Started process 18453 to run task
[2025-06-03T15:29:43.128+0000] {standard_task_runner.py:84} INFO - Running: ['***', 'tasks', 'run', 'usd_rate_fetcher', 'save_data_to_db', 'scheduled__2020-03-14T00:00:00+00:00', '--job-id', '8904', '--raw', '--subdir', 'DAGS_FOLDER/usd_rate_fetcher.py', '--cfg-path', '/tmp/tmpx6e43c7b']
[2025-06-03T15:29:43.131+0000] {standard_task_runner.py:85} INFO - Job 8904: Subtask save_data_to_db
[2025-06-03T15:29:43.288+0000] {task_command.py:410} INFO - Running <TaskInstance: usd_rate_fetcher.save_data_to_db scheduled__2020-03-14T00:00:00+00:00 [running]> on host 40869fde016f
[2025-06-03T15:29:43.584+0000] {logging_mixin.py:150} WARNING - /home/***/.local/lib/python3.7/site-packages/***/utils/context.py:205 AirflowContextDeprecationWarning: Accessing 'execution_date' from the template is deprecated and will be removed in a future version. Please use 'data_interval_start' or 'logical_date' instead.
[2025-06-03T15:29:43.635+0000] {taskinstance.py:1547} INFO - Exporting env vars: AIRFLOW_CTX_DAG_OWNER='***' AIRFLOW_CTX_DAG_ID='usd_rate_fetcher' AIRFLOW_CTX_TASK_ID='save_data_to_db' AIRFLOW_CTX_EXECUTION_DATE='2020-03-14T00:00:00+00:00' AIRFLOW_CTX_TRY_NUMBER='1' AIRFLOW_CTX_DAG_RUN_ID='scheduled__2020-03-14T00:00:00+00:00'
[2025-06-03T15:29:43.636+0000] {usd_rate_fetcher.py:80} INFO - Received USD rate: {'date': datetime.date(2020, 3, 14), 'content': [{'GBP': 92.2684}, {'HKD': 94.2479}, {'USD': 73.1882}, {'EUR': 81.861}, {'CNY': 10.4653}]} for date 2020-03-14
[2025-06-03T15:29:43.661+0000] {base.py:73} INFO - Using connection ID 'pg_database' for task execution.
[2025-06-03T15:29:43.668+0000] {usd_rate_fetcher.py:103} INFO - Saved 92.27 for GBP on 2020-03-14
[2025-06-03T15:29:43.668+0000] {usd_rate_fetcher.py:103} INFO - Saved 94.25 for HKD on 2020-03-14
[2025-06-03T15:29:43.669+0000] {usd_rate_fetcher.py:103} INFO - Saved 73.19 for USD on 2020-03-14
[2025-06-03T15:29:43.669+0000] {usd_rate_fetcher.py:103} INFO - Saved 81.86 for EUR on 2020-03-14
[2025-06-03T15:29:43.669+0000] {usd_rate_fetcher.py:103} INFO - Saved 10.47 for CNY on 2020-03-14
[2025-06-03T15:29:43.671+0000] {python.py:183} INFO - Done. Returned value was: None
[2025-06-03T15:29:43.684+0000] {taskinstance.py:1350} INFO - Marking task as SUCCESS. dag_id=usd_rate_fetcher, task_id=save_data_to_db, execution_date=20200314T000000, start_date=20250603T152943, end_date=20250603T152943
[2025-06-03T15:29:43.735+0000] {local_task_job_runner.py:225} INFO - Task exited with return code 0
[2025-06-03T15:29:43.754+0000] {taskinstance.py:2653} INFO - 0 downstream tasks scheduled from follow-on schedule check
