[2025-06-03T15:20:00.402+0000] {taskinstance.py:1103} INFO - Dependencies all met for dep_context=non-requeueable deps ti=<TaskInstance: usd_rate_fetcher.save_data_to_db scheduled__2020-01-27T00:00:00+00:00 [queued]>
[2025-06-03T15:20:00.412+0000] {taskinstance.py:1103} INFO - Dependencies all met for dep_context=requeueable deps ti=<TaskInstance: usd_rate_fetcher.save_data_to_db scheduled__2020-01-27T00:00:00+00:00 [queued]>
[2025-06-03T15:20:00.412+0000] {taskinstance.py:1308} INFO - Starting attempt 1 of 3
[2025-06-03T15:20:00.428+0000] {taskinstance.py:1327} INFO - Executing <Task(_PythonDecoratedOperator): save_data_to_db> on 2020-01-27 00:00:00+00:00
[2025-06-03T15:20:00.434+0000] {standard_task_runner.py:57} INFO - Started process 14492 to run task
[2025-06-03T15:20:00.437+0000] {standard_task_runner.py:84} INFO - Running: ['***', 'tasks', 'run', 'usd_rate_fetcher', 'save_data_to_db', 'scheduled__2020-01-27T00:00:00+00:00', '--job-id', '8654', '--raw', '--subdir', 'DAGS_FOLDER/usd_rate_fetcher.py', '--cfg-path', '/tmp/tmpd1d3k6ro']
[2025-06-03T15:20:00.439+0000] {standard_task_runner.py:85} INFO - Job 8654: Subtask save_data_to_db
[2025-06-03T15:20:00.486+0000] {task_command.py:410} INFO - Running <TaskInstance: usd_rate_fetcher.save_data_to_db scheduled__2020-01-27T00:00:00+00:00 [running]> on host 40869fde016f
[2025-06-03T15:20:00.728+0000] {logging_mixin.py:150} WARNING - /home/***/.local/lib/python3.7/site-packages/***/utils/context.py:205 AirflowContextDeprecationWarning: Accessing 'execution_date' from the template is deprecated and will be removed in a future version. Please use 'data_interval_start' or 'logical_date' instead.
[2025-06-03T15:20:00.773+0000] {taskinstance.py:1547} INFO - Exporting env vars: AIRFLOW_CTX_DAG_OWNER='***' AIRFLOW_CTX_DAG_ID='usd_rate_fetcher' AIRFLOW_CTX_TASK_ID='save_data_to_db' AIRFLOW_CTX_EXECUTION_DATE='2020-01-27T00:00:00+00:00' AIRFLOW_CTX_TRY_NUMBER='1' AIRFLOW_CTX_DAG_RUN_ID='scheduled__2020-01-27T00:00:00+00:00'
[2025-06-03T15:20:00.774+0000] {usd_rate_fetcher.py:80} INFO - Received USD rate: {'date': datetime.date(2020, 1, 27), 'content': [{'Фунт стерлингов': 81.1104}, {'Доллар США': 61.8031}, {'Евро': 68.2924}]} for date 2020-01-27
[2025-06-03T15:20:00.783+0000] {base.py:73} INFO - Using connection ID 'pg_database' for task execution.
[2025-06-03T15:20:00.789+0000] {usd_rate_fetcher.py:103} INFO - Saved 81.11 for Фунт стерлингов on 2020-01-27
[2025-06-03T15:20:00.789+0000] {usd_rate_fetcher.py:103} INFO - Saved 61.80 for Доллар США on 2020-01-27
[2025-06-03T15:20:00.790+0000] {usd_rate_fetcher.py:103} INFO - Saved 68.29 for Евро on 2020-01-27
[2025-06-03T15:20:00.791+0000] {python.py:183} INFO - Done. Returned value was: None
[2025-06-03T15:20:00.800+0000] {taskinstance.py:1350} INFO - Marking task as SUCCESS. dag_id=usd_rate_fetcher, task_id=save_data_to_db, execution_date=20200127T000000, start_date=20250603T152000, end_date=20250603T152000
[2025-06-03T15:20:00.856+0000] {local_task_job_runner.py:225} INFO - Task exited with return code 0
[2025-06-03T15:20:00.878+0000] {taskinstance.py:2653} INFO - 0 downstream tasks scheduled from follow-on schedule check
[2025-06-03T15:27:19.081+0000] {taskinstance.py:1103} INFO - Dependencies all met for dep_context=non-requeueable deps ti=<TaskInstance: usd_rate_fetcher.save_data_to_db scheduled__2020-01-27T00:00:00+00:00 [queued]>
[2025-06-03T15:27:19.090+0000] {taskinstance.py:1103} INFO - Dependencies all met for dep_context=requeueable deps ti=<TaskInstance: usd_rate_fetcher.save_data_to_db scheduled__2020-01-27T00:00:00+00:00 [queued]>
[2025-06-03T15:27:19.090+0000] {taskinstance.py:1308} INFO - Starting attempt 1 of 3
[2025-06-03T15:27:19.102+0000] {taskinstance.py:1327} INFO - Executing <Task(_PythonDecoratedOperator): save_data_to_db> on 2020-01-27 00:00:00+00:00
[2025-06-03T15:27:19.108+0000] {standard_task_runner.py:57} INFO - Started process 17030 to run task
[2025-06-03T15:27:19.110+0000] {standard_task_runner.py:84} INFO - Running: ['***', 'tasks', 'run', 'usd_rate_fetcher', 'save_data_to_db', 'scheduled__2020-01-27T00:00:00+00:00', '--job-id', '8813', '--raw', '--subdir', 'DAGS_FOLDER/usd_rate_fetcher.py', '--cfg-path', '/tmp/tmp4j0hk6j1']
[2025-06-03T15:27:19.112+0000] {standard_task_runner.py:85} INFO - Job 8813: Subtask save_data_to_db
[2025-06-03T15:27:19.145+0000] {task_command.py:410} INFO - Running <TaskInstance: usd_rate_fetcher.save_data_to_db scheduled__2020-01-27T00:00:00+00:00 [running]> on host 40869fde016f
[2025-06-03T15:27:19.313+0000] {logging_mixin.py:150} WARNING - /home/***/.local/lib/python3.7/site-packages/***/utils/context.py:205 AirflowContextDeprecationWarning: Accessing 'execution_date' from the template is deprecated and will be removed in a future version. Please use 'data_interval_start' or 'logical_date' instead.
[2025-06-03T15:27:19.345+0000] {taskinstance.py:1547} INFO - Exporting env vars: AIRFLOW_CTX_DAG_OWNER='***' AIRFLOW_CTX_DAG_ID='usd_rate_fetcher' AIRFLOW_CTX_TASK_ID='save_data_to_db' AIRFLOW_CTX_EXECUTION_DATE='2020-01-27T00:00:00+00:00' AIRFLOW_CTX_TRY_NUMBER='1' AIRFLOW_CTX_DAG_RUN_ID='scheduled__2020-01-27T00:00:00+00:00'
[2025-06-03T15:27:19.345+0000] {usd_rate_fetcher.py:80} INFO - Received USD rate: {'date': datetime.date(2020, 1, 27), 'content': [{'GBP': 81.1104}, {'HKD': 79.512}, {'USD': 61.8031}, {'EUR': 68.2924}, {'CNY': 89.0958}]} for date 2020-01-27
[2025-06-03T15:27:19.352+0000] {base.py:73} INFO - Using connection ID 'pg_database' for task execution.
[2025-06-03T15:27:19.355+0000] {usd_rate_fetcher.py:103} INFO - Saved 81.11 for GBP on 2020-01-27
[2025-06-03T15:27:19.356+0000] {usd_rate_fetcher.py:103} INFO - Saved 79.51 for HKD on 2020-01-27
[2025-06-03T15:27:19.357+0000] {usd_rate_fetcher.py:103} INFO - Saved 61.80 for USD on 2020-01-27
[2025-06-03T15:27:19.357+0000] {usd_rate_fetcher.py:103} INFO - Saved 68.29 for EUR on 2020-01-27
[2025-06-03T15:27:19.357+0000] {usd_rate_fetcher.py:103} INFO - Saved 89.10 for CNY on 2020-01-27
[2025-06-03T15:27:19.358+0000] {python.py:183} INFO - Done. Returned value was: None
[2025-06-03T15:27:19.366+0000] {taskinstance.py:1350} INFO - Marking task as SUCCESS. dag_id=usd_rate_fetcher, task_id=save_data_to_db, execution_date=20200127T000000, start_date=20250603T152719, end_date=20250603T152719
[2025-06-03T15:27:19.405+0000] {local_task_job_runner.py:225} INFO - Task exited with return code 0
[2025-06-03T15:27:19.418+0000] {taskinstance.py:2653} INFO - 0 downstream tasks scheduled from follow-on schedule check
