[2025-06-03T15:20:13.115+0000] {taskinstance.py:1103} INFO - Dependencies all met for dep_context=non-requeueable deps ti=<TaskInstance: usd_rate_fetcher.fetch_data_from_api scheduled__2020-02-19T00:00:00+00:00 [queued]>
[2025-06-03T15:20:13.124+0000] {taskinstance.py:1103} INFO - Dependencies all met for dep_context=requeueable deps ti=<TaskInstance: usd_rate_fetcher.fetch_data_from_api scheduled__2020-02-19T00:00:00+00:00 [queued]>
[2025-06-03T15:20:13.124+0000] {taskinstance.py:1308} INFO - Starting attempt 1 of 3
[2025-06-03T15:20:13.142+0000] {taskinstance.py:1327} INFO - Executing <Task(_PythonDecoratedOperator): fetch_data_from_api> on 2020-02-19 00:00:00+00:00
[2025-06-03T15:20:13.148+0000] {standard_task_runner.py:57} INFO - Started process 15066 to run task
[2025-06-03T15:20:13.159+0000] {standard_task_runner.py:84} INFO - Running: ['***', 'tasks', 'run', 'usd_rate_fetcher', 'fetch_data_from_api', 'scheduled__2020-02-19T00:00:00+00:00', '--job-id', '8694', '--raw', '--subdir', 'DAGS_FOLDER/usd_rate_fetcher.py', '--cfg-path', '/tmp/tmpqj6ut5lk']
[2025-06-03T15:20:13.160+0000] {standard_task_runner.py:85} INFO - Job 8694: Subtask fetch_data_from_api
[2025-06-03T15:20:13.270+0000] {task_command.py:410} INFO - Running <TaskInstance: usd_rate_fetcher.fetch_data_from_api scheduled__2020-02-19T00:00:00+00:00 [running]> on host 40869fde016f
[2025-06-03T15:20:13.477+0000] {logging_mixin.py:150} WARNING - /home/***/.local/lib/python3.7/site-packages/***/utils/context.py:205 AirflowContextDeprecationWarning: Accessing 'execution_date' from the template is deprecated and will be removed in a future version. Please use 'data_interval_start' or 'logical_date' instead.
[2025-06-03T15:20:13.523+0000] {taskinstance.py:1547} INFO - Exporting env vars: AIRFLOW_CTX_DAG_OWNER='***' AIRFLOW_CTX_DAG_ID='usd_rate_fetcher' AIRFLOW_CTX_TASK_ID='fetch_data_from_api' AIRFLOW_CTX_EXECUTION_DATE='2020-02-19T00:00:00+00:00' AIRFLOW_CTX_TRY_NUMBER='1' AIRFLOW_CTX_DAG_RUN_ID='scheduled__2020-02-19T00:00:00+00:00'
[2025-06-03T15:20:13.540+0000] {usd_rate_fetcher.py:34} INFO - Переменная ['Доллар США', 'Евро', 'Гонконгский доллар', 'Юань', 'Фунт стерлингов']
[2025-06-03T15:20:13.546+0000] {usd_rate_fetcher.py:53} INFO - Fetching data for date: 19/02/2020
[2025-06-03T15:20:13.611+0000] {python.py:183} INFO - Done. Returned value was: {'date': datetime.date(2020, 2, 19), 'content': [{'Фунт стерлингов': 82.7987}, {'Доллар США': 63.7698}, {'Евро': 69.0882}]}
[2025-06-03T15:20:13.638+0000] {taskinstance.py:1350} INFO - Marking task as SUCCESS. dag_id=usd_rate_fetcher, task_id=fetch_data_from_api, execution_date=20200219T000000, start_date=20250603T152013, end_date=20250603T152013
[2025-06-03T15:20:13.698+0000] {local_task_job_runner.py:225} INFO - Task exited with return code 0
[2025-06-03T15:20:13.790+0000] {taskinstance.py:2653} INFO - 0 downstream tasks scheduled from follow-on schedule check
[2025-06-03T15:27:28.616+0000] {taskinstance.py:1103} INFO - Dependencies all met for dep_context=non-requeueable deps ti=<TaskInstance: usd_rate_fetcher.fetch_data_from_api scheduled__2020-02-19T00:00:00+00:00 [queued]>
[2025-06-03T15:27:28.624+0000] {taskinstance.py:1103} INFO - Dependencies all met for dep_context=requeueable deps ti=<TaskInstance: usd_rate_fetcher.fetch_data_from_api scheduled__2020-02-19T00:00:00+00:00 [queued]>
[2025-06-03T15:27:28.625+0000] {taskinstance.py:1308} INFO - Starting attempt 1 of 3
[2025-06-03T15:27:28.638+0000] {taskinstance.py:1327} INFO - Executing <Task(_PythonDecoratedOperator): fetch_data_from_api> on 2020-02-19 00:00:00+00:00
[2025-06-03T15:27:28.645+0000] {standard_task_runner.py:57} INFO - Started process 17580 to run task
[2025-06-03T15:27:28.648+0000] {standard_task_runner.py:84} INFO - Running: ['***', 'tasks', 'run', 'usd_rate_fetcher', 'fetch_data_from_api', 'scheduled__2020-02-19T00:00:00+00:00', '--job-id', '8849', '--raw', '--subdir', 'DAGS_FOLDER/usd_rate_fetcher.py', '--cfg-path', '/tmp/tmpyw32f2ht']
[2025-06-03T15:27:28.650+0000] {standard_task_runner.py:85} INFO - Job 8849: Subtask fetch_data_from_api
[2025-06-03T15:27:28.690+0000] {task_command.py:410} INFO - Running <TaskInstance: usd_rate_fetcher.fetch_data_from_api scheduled__2020-02-19T00:00:00+00:00 [running]> on host 40869fde016f
[2025-06-03T15:27:28.881+0000] {logging_mixin.py:150} WARNING - /home/***/.local/lib/python3.7/site-packages/***/utils/context.py:205 AirflowContextDeprecationWarning: Accessing 'execution_date' from the template is deprecated and will be removed in a future version. Please use 'data_interval_start' or 'logical_date' instead.
[2025-06-03T15:27:28.913+0000] {taskinstance.py:1547} INFO - Exporting env vars: AIRFLOW_CTX_DAG_OWNER='***' AIRFLOW_CTX_DAG_ID='usd_rate_fetcher' AIRFLOW_CTX_TASK_ID='fetch_data_from_api' AIRFLOW_CTX_EXECUTION_DATE='2020-02-19T00:00:00+00:00' AIRFLOW_CTX_TRY_NUMBER='1' AIRFLOW_CTX_DAG_RUN_ID='scheduled__2020-02-19T00:00:00+00:00'
[2025-06-03T15:27:28.920+0000] {usd_rate_fetcher.py:34} INFO - Переменная ['USD', 'EUR', 'HKD', 'CNY', 'GBP']
[2025-06-03T15:27:28.926+0000] {usd_rate_fetcher.py:53} INFO - Fetching data for date: 19/02/2020
[2025-06-03T15:27:28.982+0000] {python.py:183} INFO - Done. Returned value was: {'date': datetime.date(2020, 2, 19), 'content': [{'GBP': 82.7987}, {'HKD': 82.0877}, {'USD': 63.7698}, {'EUR': 69.0882}, {'CNY': 91.0373}]}
[2025-06-03T15:27:29.002+0000] {taskinstance.py:1350} INFO - Marking task as SUCCESS. dag_id=usd_rate_fetcher, task_id=fetch_data_from_api, execution_date=20200219T000000, start_date=20250603T152728, end_date=20250603T152729
[2025-06-03T15:27:29.024+0000] {local_task_job_runner.py:225} INFO - Task exited with return code 0
[2025-06-03T15:27:29.041+0000] {taskinstance.py:2653} INFO - 1 downstream tasks scheduled from follow-on schedule check
