[2025-06-03T15:20:22.027+0000] {taskinstance.py:1103} INFO - Dependencies all met for dep_context=non-requeueable deps ti=<TaskInstance: usd_rate_fetcher.save_data_to_db scheduled__2020-03-12T00:00:00+00:00 [queued]>
[2025-06-03T15:20:22.036+0000] {taskinstance.py:1103} INFO - Dependencies all met for dep_context=requeueable deps ti=<TaskInstance: usd_rate_fetcher.save_data_to_db scheduled__2020-03-12T00:00:00+00:00 [queued]>
[2025-06-03T15:20:22.036+0000] {taskinstance.py:1308} INFO - Starting attempt 1 of 3
[2025-06-03T15:20:22.051+0000] {taskinstance.py:1327} INFO - Executing <Task(_PythonDecoratedOperator): save_data_to_db> on 2020-03-12 00:00:00+00:00
[2025-06-03T15:20:22.058+0000] {standard_task_runner.py:57} INFO - Started process 15812 to run task
[2025-06-03T15:20:22.060+0000] {standard_task_runner.py:84} INFO - Running: ['***', 'tasks', 'run', 'usd_rate_fetcher', 'save_data_to_db', 'scheduled__2020-03-12T00:00:00+00:00', '--job-id', '8747', '--raw', '--subdir', 'DAGS_FOLDER/usd_rate_fetcher.py', '--cfg-path', '/tmp/tmpvyfmh07w']
[2025-06-03T15:20:22.062+0000] {standard_task_runner.py:85} INFO - Job 8747: Subtask save_data_to_db
[2025-06-03T15:20:22.119+0000] {task_command.py:410} INFO - Running <TaskInstance: usd_rate_fetcher.save_data_to_db scheduled__2020-03-12T00:00:00+00:00 [running]> on host 40869fde016f
[2025-06-03T15:20:22.324+0000] {logging_mixin.py:150} WARNING - /home/***/.local/lib/python3.7/site-packages/***/utils/context.py:205 AirflowContextDeprecationWarning: Accessing 'execution_date' from the template is deprecated and will be removed in a future version. Please use 'data_interval_start' or 'logical_date' instead.
[2025-06-03T15:20:22.354+0000] {taskinstance.py:1547} INFO - Exporting env vars: AIRFLOW_CTX_DAG_OWNER='***' AIRFLOW_CTX_DAG_ID='usd_rate_fetcher' AIRFLOW_CTX_TASK_ID='save_data_to_db' AIRFLOW_CTX_EXECUTION_DATE='2020-03-12T00:00:00+00:00' AIRFLOW_CTX_TRY_NUMBER='1' AIRFLOW_CTX_DAG_RUN_ID='scheduled__2020-03-12T00:00:00+00:00'
[2025-06-03T15:20:22.355+0000] {usd_rate_fetcher.py:80} INFO - Received USD rate: {'date': datetime.date(2020, 3, 12), 'content': [{'Фунт стерлингов': 92.5277}, {'Доллар США': 71.472}, {'Евро': 81.0207}, {'Юань': 10.2829}]} for date 2020-03-12
[2025-06-03T15:20:22.361+0000] {base.py:73} INFO - Using connection ID 'pg_database' for task execution.
[2025-06-03T15:20:22.366+0000] {usd_rate_fetcher.py:103} INFO - Saved 92.53 for Фунт стерлингов on 2020-03-12
[2025-06-03T15:20:22.366+0000] {usd_rate_fetcher.py:103} INFO - Saved 71.47 for Доллар США on 2020-03-12
[2025-06-03T15:20:22.367+0000] {usd_rate_fetcher.py:103} INFO - Saved 81.02 for Евро on 2020-03-12
[2025-06-03T15:20:22.367+0000] {usd_rate_fetcher.py:103} INFO - Saved 10.28 for Юань on 2020-03-12
[2025-06-03T15:20:22.368+0000] {python.py:183} INFO - Done. Returned value was: None
[2025-06-03T15:20:22.376+0000] {taskinstance.py:1350} INFO - Marking task as SUCCESS. dag_id=usd_rate_fetcher, task_id=save_data_to_db, execution_date=20200312T000000, start_date=20250603T152022, end_date=20250603T152022
[2025-06-03T15:20:22.436+0000] {local_task_job_runner.py:225} INFO - Task exited with return code 0
[2025-06-03T15:20:22.452+0000] {taskinstance.py:2653} INFO - 0 downstream tasks scheduled from follow-on schedule check
[2025-06-03T15:29:42.706+0000] {taskinstance.py:1103} INFO - Dependencies all met for dep_context=non-requeueable deps ti=<TaskInstance: usd_rate_fetcher.save_data_to_db scheduled__2020-03-12T00:00:00+00:00 [queued]>
[2025-06-03T15:29:42.730+0000] {taskinstance.py:1103} INFO - Dependencies all met for dep_context=requeueable deps ti=<TaskInstance: usd_rate_fetcher.save_data_to_db scheduled__2020-03-12T00:00:00+00:00 [queued]>
[2025-06-03T15:29:42.730+0000] {taskinstance.py:1308} INFO - Starting attempt 1 of 3
[2025-06-03T15:29:42.750+0000] {taskinstance.py:1327} INFO - Executing <Task(_PythonDecoratedOperator): save_data_to_db> on 2020-03-12 00:00:00+00:00
[2025-06-03T15:29:42.763+0000] {standard_task_runner.py:57} INFO - Started process 18423 to run task
[2025-06-03T15:29:42.777+0000] {standard_task_runner.py:84} INFO - Running: ['***', 'tasks', 'run', 'usd_rate_fetcher', 'save_data_to_db', 'scheduled__2020-03-12T00:00:00+00:00', '--job-id', '8899', '--raw', '--subdir', 'DAGS_FOLDER/usd_rate_fetcher.py', '--cfg-path', '/tmp/tmpayzebih6']
[2025-06-03T15:29:42.779+0000] {standard_task_runner.py:85} INFO - Job 8899: Subtask save_data_to_db
[2025-06-03T15:29:42.875+0000] {task_command.py:410} INFO - Running <TaskInstance: usd_rate_fetcher.save_data_to_db scheduled__2020-03-12T00:00:00+00:00 [running]> on host 40869fde016f
[2025-06-03T15:29:43.039+0000] {logging_mixin.py:150} WARNING - /home/***/.local/lib/python3.7/site-packages/***/utils/context.py:205 AirflowContextDeprecationWarning: Accessing 'execution_date' from the template is deprecated and will be removed in a future version. Please use 'data_interval_start' or 'logical_date' instead.
[2025-06-03T15:29:43.088+0000] {taskinstance.py:1547} INFO - Exporting env vars: AIRFLOW_CTX_DAG_OWNER='***' AIRFLOW_CTX_DAG_ID='usd_rate_fetcher' AIRFLOW_CTX_TASK_ID='save_data_to_db' AIRFLOW_CTX_EXECUTION_DATE='2020-03-12T00:00:00+00:00' AIRFLOW_CTX_TRY_NUMBER='1' AIRFLOW_CTX_DAG_RUN_ID='scheduled__2020-03-12T00:00:00+00:00'
[2025-06-03T15:29:43.090+0000] {usd_rate_fetcher.py:80} INFO - Received USD rate: {'date': datetime.date(2020, 3, 12), 'content': [{'GBP': 92.5277}, {'HKD': 92.0189}, {'USD': 71.472}, {'EUR': 81.0207}, {'CNY': 10.2829}]} for date 2020-03-12
[2025-06-03T15:29:43.174+0000] {base.py:73} INFO - Using connection ID 'pg_database' for task execution.
[2025-06-03T15:29:43.178+0000] {usd_rate_fetcher.py:103} INFO - Saved 92.53 for GBP on 2020-03-12
[2025-06-03T15:29:43.178+0000] {usd_rate_fetcher.py:103} INFO - Saved 92.02 for HKD on 2020-03-12
[2025-06-03T15:29:43.179+0000] {usd_rate_fetcher.py:103} INFO - Saved 71.47 for USD on 2020-03-12
[2025-06-03T15:29:43.179+0000] {usd_rate_fetcher.py:103} INFO - Saved 81.02 for EUR on 2020-03-12
[2025-06-03T15:29:43.179+0000] {usd_rate_fetcher.py:103} INFO - Saved 10.28 for CNY on 2020-03-12
[2025-06-03T15:29:43.182+0000] {python.py:183} INFO - Done. Returned value was: None
[2025-06-03T15:29:43.227+0000] {taskinstance.py:1350} INFO - Marking task as SUCCESS. dag_id=usd_rate_fetcher, task_id=save_data_to_db, execution_date=20200312T000000, start_date=20250603T152942, end_date=20250603T152943
[2025-06-03T15:29:43.316+0000] {local_task_job_runner.py:225} INFO - Task exited with return code 0
[2025-06-03T15:29:43.341+0000] {taskinstance.py:2653} INFO - 0 downstream tasks scheduled from follow-on schedule check
