[2025-06-03T09:34:46.587+0000] {taskinstance.py:1103} INFO - Dependencies all met for dep_context=non-requeueable deps ti=<TaskInstance: usd_rate_fetcher_taskflow.save_data_to_db scheduled__2000-01-08T00:00:00+00:00 [queued]>
[2025-06-03T09:34:46.598+0000] {taskinstance.py:1103} INFO - Dependencies all met for dep_context=requeueable deps ti=<TaskInstance: usd_rate_fetcher_taskflow.save_data_to_db scheduled__2000-01-08T00:00:00+00:00 [queued]>
[2025-06-03T09:34:46.598+0000] {taskinstance.py:1308} INFO - Starting attempt 1 of 3
[2025-06-03T09:34:46.619+0000] {taskinstance.py:1327} INFO - Executing <Task(_PythonDecoratedOperator): save_data_to_db> on 2000-01-08 00:00:00+00:00
[2025-06-03T09:34:46.627+0000] {standard_task_runner.py:57} INFO - Started process 9926 to run task
[2025-06-03T09:34:46.630+0000] {standard_task_runner.py:84} INFO - Running: ['***', 'tasks', 'run', 'usd_rate_fetcher_taskflow', 'save_data_to_db', 'scheduled__2000-01-08T00:00:00+00:00', '--job-id', '7985', '--raw', '--subdir', 'DAGS_FOLDER/usd_rate_fetcher.py', '--cfg-path', '/tmp/tmpub2kh5_w']
[2025-06-03T09:34:46.632+0000] {standard_task_runner.py:85} INFO - Job 7985: Subtask save_data_to_db
[2025-06-03T09:34:46.686+0000] {task_command.py:410} INFO - Running <TaskInstance: usd_rate_fetcher_taskflow.save_data_to_db scheduled__2000-01-08T00:00:00+00:00 [running]> on host 40869fde016f
[2025-06-03T09:34:46.783+0000] {logging_mixin.py:150} WARNING - /home/***/.local/lib/python3.7/site-packages/***/utils/context.py:205 AirflowContextDeprecationWarning: Accessing 'execution_date' from the template is deprecated and will be removed in a future version. Please use 'data_interval_start' or 'logical_date' instead.
[2025-06-03T09:34:46.825+0000] {taskinstance.py:1547} INFO - Exporting env vars: AIRFLOW_CTX_DAG_OWNER='***' AIRFLOW_CTX_DAG_ID='usd_rate_fetcher_taskflow' AIRFLOW_CTX_TASK_ID='save_data_to_db' AIRFLOW_CTX_EXECUTION_DATE='2000-01-08T00:00:00+00:00' AIRFLOW_CTX_TRY_NUMBER='1' AIRFLOW_CTX_DAG_RUN_ID='scheduled__2000-01-08T00:00:00+00:00'
[2025-06-03T09:34:46.826+0000] {usd_rate_fetcher.py:51} INFO - Received USD rate: 27.23 for date 2000-01-08
[2025-06-03T09:34:46.834+0000] {base.py:73} INFO - Using connection ID 'pg_database' for task execution.
[2025-06-03T09:34:46.838+0000] {usd_rate_fetcher.py:62} WARNING - Rate already exists for date 2000-01-08
[2025-06-03T09:34:46.838+0000] {python.py:183} INFO - Done. Returned value was: None
[2025-06-03T09:34:46.847+0000] {taskinstance.py:1350} INFO - Marking task as SUCCESS. dag_id=usd_rate_fetcher_taskflow, task_id=save_data_to_db, execution_date=20000108T000000, start_date=20250603T093446, end_date=20250603T093446
[2025-06-03T09:34:46.883+0000] {local_task_job_runner.py:225} INFO - Task exited with return code 0
[2025-06-03T09:34:46.900+0000] {taskinstance.py:2653} INFO - 0 downstream tasks scheduled from follow-on schedule check
[2025-06-03T09:35:42.716+0000] {taskinstance.py:1103} INFO - Dependencies all met for dep_context=non-requeueable deps ti=<TaskInstance: usd_rate_fetcher_taskflow.save_data_to_db scheduled__2000-01-08T00:00:00+00:00 [queued]>
[2025-06-03T09:35:42.725+0000] {taskinstance.py:1103} INFO - Dependencies all met for dep_context=requeueable deps ti=<TaskInstance: usd_rate_fetcher_taskflow.save_data_to_db scheduled__2000-01-08T00:00:00+00:00 [queued]>
[2025-06-03T09:35:42.726+0000] {taskinstance.py:1308} INFO - Starting attempt 1 of 3
[2025-06-03T09:35:42.754+0000] {taskinstance.py:1327} INFO - Executing <Task(_PythonDecoratedOperator): save_data_to_db> on 2000-01-08 00:00:00+00:00
[2025-06-03T09:35:42.760+0000] {standard_task_runner.py:57} INFO - Started process 10383 to run task
[2025-06-03T09:35:42.767+0000] {standard_task_runner.py:84} INFO - Running: ['***', 'tasks', 'run', 'usd_rate_fetcher_taskflow', 'save_data_to_db', 'scheduled__2000-01-08T00:00:00+00:00', '--job-id', '8013', '--raw', '--subdir', 'DAGS_FOLDER/usd_rate_fetcher.py', '--cfg-path', '/tmp/tmpqg8sejr7']
[2025-06-03T09:35:42.769+0000] {standard_task_runner.py:85} INFO - Job 8013: Subtask save_data_to_db
[2025-06-03T09:35:42.858+0000] {task_command.py:410} INFO - Running <TaskInstance: usd_rate_fetcher_taskflow.save_data_to_db scheduled__2000-01-08T00:00:00+00:00 [running]> on host 40869fde016f
[2025-06-03T09:35:43.251+0000] {logging_mixin.py:150} WARNING - /home/***/.local/lib/python3.7/site-packages/***/utils/context.py:205 AirflowContextDeprecationWarning: Accessing 'execution_date' from the template is deprecated and will be removed in a future version. Please use 'data_interval_start' or 'logical_date' instead.
[2025-06-03T09:35:43.331+0000] {taskinstance.py:1547} INFO - Exporting env vars: AIRFLOW_CTX_DAG_OWNER='***' AIRFLOW_CTX_DAG_ID='usd_rate_fetcher_taskflow' AIRFLOW_CTX_TASK_ID='save_data_to_db' AIRFLOW_CTX_EXECUTION_DATE='2000-01-08T00:00:00+00:00' AIRFLOW_CTX_TRY_NUMBER='1' AIRFLOW_CTX_DAG_RUN_ID='scheduled__2000-01-08T00:00:00+00:00'
[2025-06-03T09:35:43.334+0000] {usd_rate_fetcher.py:51} INFO - Received USD rate: 27.23 for date 2000-01-08
[2025-06-03T09:35:43.350+0000] {base.py:73} INFO - Using connection ID 'pg_database' for task execution.
[2025-06-03T09:35:43.356+0000] {usd_rate_fetcher.py:68} INFO - Saving exchange rate 27.23 for date 2000-01-08
[2025-06-03T09:35:43.357+0000] {python.py:183} INFO - Done. Returned value was: None
[2025-06-03T09:35:43.369+0000] {taskinstance.py:1350} INFO - Marking task as SUCCESS. dag_id=usd_rate_fetcher_taskflow, task_id=save_data_to_db, execution_date=20000108T000000, start_date=20250603T093542, end_date=20250603T093543
[2025-06-03T09:35:43.428+0000] {local_task_job_runner.py:225} INFO - Task exited with return code 0
[2025-06-03T09:35:43.446+0000] {taskinstance.py:2653} INFO - 0 downstream tasks scheduled from follow-on schedule check
