[2025-06-03T15:19:57.416+0000] {taskinstance.py:1103} INFO - Dependencies all met for dep_context=non-requeueable deps ti=<TaskInstance: usd_rate_fetcher.save_data_to_db scheduled__2020-01-17T00:00:00+00:00 [queued]>
[2025-06-03T15:19:57.429+0000] {taskinstance.py:1103} INFO - Dependencies all met for dep_context=requeueable deps ti=<TaskInstance: usd_rate_fetcher.save_data_to_db scheduled__2020-01-17T00:00:00+00:00 [queued]>
[2025-06-03T15:19:57.430+0000] {taskinstance.py:1308} INFO - Starting attempt 1 of 3
[2025-06-03T15:19:57.449+0000] {taskinstance.py:1327} INFO - Executing <Task(_PythonDecoratedOperator): save_data_to_db> on 2020-01-17 00:00:00+00:00
[2025-06-03T15:19:57.461+0000] {standard_task_runner.py:57} INFO - Started process 14226 to run task
[2025-06-03T15:19:57.476+0000] {standard_task_runner.py:84} INFO - Running: ['***', 'tasks', 'run', 'usd_rate_fetcher', 'save_data_to_db', 'scheduled__2020-01-17T00:00:00+00:00', '--job-id', '8633', '--raw', '--subdir', 'DAGS_FOLDER/usd_rate_fetcher.py', '--cfg-path', '/tmp/tmpsx1p9yih']
[2025-06-03T15:19:57.478+0000] {standard_task_runner.py:85} INFO - Job 8633: Subtask save_data_to_db
[2025-06-03T15:19:57.537+0000] {task_command.py:410} INFO - Running <TaskInstance: usd_rate_fetcher.save_data_to_db scheduled__2020-01-17T00:00:00+00:00 [running]> on host 40869fde016f
[2025-06-03T15:19:57.830+0000] {logging_mixin.py:150} WARNING - /home/***/.local/lib/python3.7/site-packages/***/utils/context.py:205 AirflowContextDeprecationWarning: Accessing 'execution_date' from the template is deprecated and will be removed in a future version. Please use 'data_interval_start' or 'logical_date' instead.
[2025-06-03T15:19:57.892+0000] {taskinstance.py:1547} INFO - Exporting env vars: AIRFLOW_CTX_DAG_OWNER='***' AIRFLOW_CTX_DAG_ID='usd_rate_fetcher' AIRFLOW_CTX_TASK_ID='save_data_to_db' AIRFLOW_CTX_EXECUTION_DATE='2020-01-17T00:00:00+00:00' AIRFLOW_CTX_TRY_NUMBER='1' AIRFLOW_CTX_DAG_RUN_ID='scheduled__2020-01-17T00:00:00+00:00'
[2025-06-03T15:19:57.893+0000] {usd_rate_fetcher.py:80} INFO - Received USD rate: {'date': datetime.date(2020, 1, 17), 'content': [{'Фунт стерлингов': 80.3111}, {'Доллар США': 61.5694}, {'Евро': 68.656}]} for date 2020-01-17
[2025-06-03T15:19:57.903+0000] {base.py:73} INFO - Using connection ID 'pg_database' for task execution.
[2025-06-03T15:19:57.909+0000] {usd_rate_fetcher.py:103} INFO - Saved 80.31 for Фунт стерлингов on 2020-01-17
[2025-06-03T15:19:57.910+0000] {usd_rate_fetcher.py:103} INFO - Saved 61.57 for Доллар США on 2020-01-17
[2025-06-03T15:19:57.910+0000] {usd_rate_fetcher.py:103} INFO - Saved 68.66 for Евро on 2020-01-17
[2025-06-03T15:19:57.913+0000] {python.py:183} INFO - Done. Returned value was: None
[2025-06-03T15:19:57.929+0000] {taskinstance.py:1350} INFO - Marking task as SUCCESS. dag_id=usd_rate_fetcher, task_id=save_data_to_db, execution_date=20200117T000000, start_date=20250603T151957, end_date=20250603T151957
[2025-06-03T15:19:57.965+0000] {local_task_job_runner.py:225} INFO - Task exited with return code 0
[2025-06-03T15:19:58.141+0000] {taskinstance.py:2653} INFO - 0 downstream tasks scheduled from follow-on schedule check
[2025-06-03T15:27:15.894+0000] {taskinstance.py:1103} INFO - Dependencies all met for dep_context=non-requeueable deps ti=<TaskInstance: usd_rate_fetcher.save_data_to_db scheduled__2020-01-17T00:00:00+00:00 [queued]>
[2025-06-03T15:27:15.910+0000] {taskinstance.py:1103} INFO - Dependencies all met for dep_context=requeueable deps ti=<TaskInstance: usd_rate_fetcher.save_data_to_db scheduled__2020-01-17T00:00:00+00:00 [queued]>
[2025-06-03T15:27:15.910+0000] {taskinstance.py:1308} INFO - Starting attempt 1 of 3
[2025-06-03T15:27:15.985+0000] {taskinstance.py:1327} INFO - Executing <Task(_PythonDecoratedOperator): save_data_to_db> on 2020-01-17 00:00:00+00:00
[2025-06-03T15:27:15.993+0000] {standard_task_runner.py:57} INFO - Started process 16788 to run task
[2025-06-03T15:27:16.008+0000] {standard_task_runner.py:84} INFO - Running: ['***', 'tasks', 'run', 'usd_rate_fetcher', 'save_data_to_db', 'scheduled__2020-01-17T00:00:00+00:00', '--job-id', '8793', '--raw', '--subdir', 'DAGS_FOLDER/usd_rate_fetcher.py', '--cfg-path', '/tmp/tmphinhu45r']
[2025-06-03T15:27:16.010+0000] {standard_task_runner.py:85} INFO - Job 8793: Subtask save_data_to_db
[2025-06-03T15:27:16.122+0000] {task_command.py:410} INFO - Running <TaskInstance: usd_rate_fetcher.save_data_to_db scheduled__2020-01-17T00:00:00+00:00 [running]> on host 40869fde016f
[2025-06-03T15:27:16.576+0000] {logging_mixin.py:150} WARNING - /home/***/.local/lib/python3.7/site-packages/***/utils/context.py:205 AirflowContextDeprecationWarning: Accessing 'execution_date' from the template is deprecated and will be removed in a future version. Please use 'data_interval_start' or 'logical_date' instead.
[2025-06-03T15:27:16.633+0000] {taskinstance.py:1547} INFO - Exporting env vars: AIRFLOW_CTX_DAG_OWNER='***' AIRFLOW_CTX_DAG_ID='usd_rate_fetcher' AIRFLOW_CTX_TASK_ID='save_data_to_db' AIRFLOW_CTX_EXECUTION_DATE='2020-01-17T00:00:00+00:00' AIRFLOW_CTX_TRY_NUMBER='1' AIRFLOW_CTX_DAG_RUN_ID='scheduled__2020-01-17T00:00:00+00:00'
[2025-06-03T15:27:16.636+0000] {usd_rate_fetcher.py:80} INFO - Received USD rate: {'date': datetime.date(2020, 1, 17), 'content': [{'GBP': 80.3111}, {'HKD': 79.2103}, {'USD': 61.5694}, {'EUR': 68.656}, {'CNY': 89.4215}]} for date 2020-01-17
[2025-06-03T15:27:16.644+0000] {base.py:73} INFO - Using connection ID 'pg_database' for task execution.
[2025-06-03T15:27:16.651+0000] {usd_rate_fetcher.py:103} INFO - Saved 80.31 for GBP on 2020-01-17
[2025-06-03T15:27:16.651+0000] {usd_rate_fetcher.py:103} INFO - Saved 79.21 for HKD on 2020-01-17
[2025-06-03T15:27:16.652+0000] {usd_rate_fetcher.py:103} INFO - Saved 61.57 for USD on 2020-01-17
[2025-06-03T15:27:16.653+0000] {usd_rate_fetcher.py:103} INFO - Saved 68.66 for EUR on 2020-01-17
[2025-06-03T15:27:16.653+0000] {usd_rate_fetcher.py:103} INFO - Saved 89.42 for CNY on 2020-01-17
[2025-06-03T15:27:16.658+0000] {python.py:183} INFO - Done. Returned value was: None
[2025-06-03T15:27:16.668+0000] {taskinstance.py:1350} INFO - Marking task as SUCCESS. dag_id=usd_rate_fetcher, task_id=save_data_to_db, execution_date=20200117T000000, start_date=20250603T152715, end_date=20250603T152716
[2025-06-03T15:27:16.735+0000] {local_task_job_runner.py:225} INFO - Task exited with return code 0
[2025-06-03T15:27:16.762+0000] {taskinstance.py:2653} INFO - 0 downstream tasks scheduled from follow-on schedule check
