[2025-06-03T15:20:07.808+0000] {taskinstance.py:1103} INFO - Dependencies all met for dep_context=non-requeueable deps ti=<TaskInstance: usd_rate_fetcher.save_data_to_db scheduled__2020-02-05T00:00:00+00:00 [queued]>
[2025-06-03T15:20:07.816+0000] {taskinstance.py:1103} INFO - Dependencies all met for dep_context=requeueable deps ti=<TaskInstance: usd_rate_fetcher.save_data_to_db scheduled__2020-02-05T00:00:00+00:00 [queued]>
[2025-06-03T15:20:07.816+0000] {taskinstance.py:1308} INFO - Starting attempt 1 of 3
[2025-06-03T15:20:07.830+0000] {taskinstance.py:1327} INFO - Executing <Task(_PythonDecoratedOperator): save_data_to_db> on 2020-02-05 00:00:00+00:00
[2025-06-03T15:20:07.840+0000] {standard_task_runner.py:57} INFO - Started process 14826 to run task
[2025-06-03T15:20:07.855+0000] {standard_task_runner.py:84} INFO - Running: ['***', 'tasks', 'run', 'usd_rate_fetcher', 'save_data_to_db', 'scheduled__2020-02-05T00:00:00+00:00', '--job-id', '8678', '--raw', '--subdir', 'DAGS_FOLDER/usd_rate_fetcher.py', '--cfg-path', '/tmp/tmp2svicgjc']
[2025-06-03T15:20:07.858+0000] {standard_task_runner.py:85} INFO - Job 8678: Subtask save_data_to_db
[2025-06-03T15:20:07.957+0000] {task_command.py:410} INFO - Running <TaskInstance: usd_rate_fetcher.save_data_to_db scheduled__2020-02-05T00:00:00+00:00 [running]> on host 40869fde016f
[2025-06-03T15:20:08.072+0000] {logging_mixin.py:150} WARNING - /home/***/.local/lib/python3.7/site-packages/***/utils/context.py:205 AirflowContextDeprecationWarning: Accessing 'execution_date' from the template is deprecated and will be removed in a future version. Please use 'data_interval_start' or 'logical_date' instead.
[2025-06-03T15:20:08.138+0000] {taskinstance.py:1547} INFO - Exporting env vars: AIRFLOW_CTX_DAG_OWNER='***' AIRFLOW_CTX_DAG_ID='usd_rate_fetcher' AIRFLOW_CTX_TASK_ID='save_data_to_db' AIRFLOW_CTX_EXECUTION_DATE='2020-02-05T00:00:00+00:00' AIRFLOW_CTX_TRY_NUMBER='1' AIRFLOW_CTX_DAG_RUN_ID='scheduled__2020-02-05T00:00:00+00:00'
[2025-06-03T15:20:08.142+0000] {usd_rate_fetcher.py:80} INFO - Received USD rate: {'date': datetime.date(2020, 2, 5), 'content': [{'Фунт стерлингов': 82.2678}, {'Доллар США': 63.4342}, {'Евро': 70.1265}]} for date 2020-02-05
[2025-06-03T15:20:08.167+0000] {base.py:73} INFO - Using connection ID 'pg_database' for task execution.
[2025-06-03T15:20:08.172+0000] {usd_rate_fetcher.py:103} INFO - Saved 82.27 for Фунт стерлингов on 2020-02-05
[2025-06-03T15:20:08.172+0000] {usd_rate_fetcher.py:103} INFO - Saved 63.43 for Доллар США on 2020-02-05
[2025-06-03T15:20:08.173+0000] {usd_rate_fetcher.py:103} INFO - Saved 70.13 for Евро on 2020-02-05
[2025-06-03T15:20:08.175+0000] {python.py:183} INFO - Done. Returned value was: None
[2025-06-03T15:20:08.191+0000] {taskinstance.py:1350} INFO - Marking task as SUCCESS. dag_id=usd_rate_fetcher, task_id=save_data_to_db, execution_date=20200205T000000, start_date=20250603T152007, end_date=20250603T152008
[2025-06-03T15:20:08.223+0000] {local_task_job_runner.py:225} INFO - Task exited with return code 0
[2025-06-03T15:20:08.243+0000] {taskinstance.py:2653} INFO - 0 downstream tasks scheduled from follow-on schedule check
[2025-06-03T15:27:23.769+0000] {taskinstance.py:1103} INFO - Dependencies all met for dep_context=non-requeueable deps ti=<TaskInstance: usd_rate_fetcher.save_data_to_db scheduled__2020-02-05T00:00:00+00:00 [queued]>
[2025-06-03T15:27:23.799+0000] {taskinstance.py:1103} INFO - Dependencies all met for dep_context=requeueable deps ti=<TaskInstance: usd_rate_fetcher.save_data_to_db scheduled__2020-02-05T00:00:00+00:00 [queued]>
[2025-06-03T15:27:23.799+0000] {taskinstance.py:1308} INFO - Starting attempt 1 of 3
[2025-06-03T15:27:24.043+0000] {taskinstance.py:1327} INFO - Executing <Task(_PythonDecoratedOperator): save_data_to_db> on 2020-02-05 00:00:00+00:00
[2025-06-03T15:27:24.049+0000] {standard_task_runner.py:57} INFO - Started process 17350 to run task
[2025-06-03T15:27:24.058+0000] {standard_task_runner.py:84} INFO - Running: ['***', 'tasks', 'run', 'usd_rate_fetcher', 'save_data_to_db', 'scheduled__2020-02-05T00:00:00+00:00', '--job-id', '8832', '--raw', '--subdir', 'DAGS_FOLDER/usd_rate_fetcher.py', '--cfg-path', '/tmp/tmpf_besigp']
[2025-06-03T15:27:24.060+0000] {standard_task_runner.py:85} INFO - Job 8832: Subtask save_data_to_db
[2025-06-03T15:27:24.141+0000] {task_command.py:410} INFO - Running <TaskInstance: usd_rate_fetcher.save_data_to_db scheduled__2020-02-05T00:00:00+00:00 [running]> on host 40869fde016f
[2025-06-03T15:27:24.248+0000] {logging_mixin.py:150} WARNING - /home/***/.local/lib/python3.7/site-packages/***/utils/context.py:205 AirflowContextDeprecationWarning: Accessing 'execution_date' from the template is deprecated and will be removed in a future version. Please use 'data_interval_start' or 'logical_date' instead.
[2025-06-03T15:27:24.330+0000] {taskinstance.py:1547} INFO - Exporting env vars: AIRFLOW_CTX_DAG_OWNER='***' AIRFLOW_CTX_DAG_ID='usd_rate_fetcher' AIRFLOW_CTX_TASK_ID='save_data_to_db' AIRFLOW_CTX_EXECUTION_DATE='2020-02-05T00:00:00+00:00' AIRFLOW_CTX_TRY_NUMBER='1' AIRFLOW_CTX_DAG_RUN_ID='scheduled__2020-02-05T00:00:00+00:00'
[2025-06-03T15:27:24.332+0000] {usd_rate_fetcher.py:80} INFO - Received USD rate: {'date': datetime.date(2020, 2, 5), 'content': [{'GBP': 82.2678}, {'HKD': 81.6557}, {'USD': 63.4342}, {'EUR': 70.1265}, {'CNY': 90.7447}]} for date 2020-02-05
[2025-06-03T15:27:24.353+0000] {base.py:73} INFO - Using connection ID 'pg_database' for task execution.
[2025-06-03T15:27:24.362+0000] {usd_rate_fetcher.py:103} INFO - Saved 82.27 for GBP on 2020-02-05
[2025-06-03T15:27:24.363+0000] {usd_rate_fetcher.py:103} INFO - Saved 81.66 for HKD on 2020-02-05
[2025-06-03T15:27:24.363+0000] {usd_rate_fetcher.py:103} INFO - Saved 63.43 for USD on 2020-02-05
[2025-06-03T15:27:24.363+0000] {usd_rate_fetcher.py:103} INFO - Saved 70.13 for EUR on 2020-02-05
[2025-06-03T15:27:24.364+0000] {usd_rate_fetcher.py:103} INFO - Saved 90.74 for CNY on 2020-02-05
[2025-06-03T15:27:24.366+0000] {python.py:183} INFO - Done. Returned value was: None
[2025-06-03T15:27:24.375+0000] {taskinstance.py:1350} INFO - Marking task as SUCCESS. dag_id=usd_rate_fetcher, task_id=save_data_to_db, execution_date=20200205T000000, start_date=20250603T152723, end_date=20250603T152724
[2025-06-03T15:27:24.512+0000] {local_task_job_runner.py:225} INFO - Task exited with return code 0
[2025-06-03T15:27:24.532+0000] {taskinstance.py:2653} INFO - 0 downstream tasks scheduled from follow-on schedule check
