[2025-06-03T15:20:22.047+0000] {taskinstance.py:1103} INFO - Dependencies all met for dep_context=non-requeueable deps ti=<TaskInstance: usd_rate_fetcher.save_data_to_db scheduled__2020-03-11T00:00:00+00:00 [queued]>
[2025-06-03T15:20:22.054+0000] {taskinstance.py:1103} INFO - Dependencies all met for dep_context=requeueable deps ti=<TaskInstance: usd_rate_fetcher.save_data_to_db scheduled__2020-03-11T00:00:00+00:00 [queued]>
[2025-06-03T15:20:22.055+0000] {taskinstance.py:1308} INFO - Starting attempt 1 of 3
[2025-06-03T15:20:22.070+0000] {taskinstance.py:1327} INFO - Executing <Task(_PythonDecoratedOperator): save_data_to_db> on 2020-03-11 00:00:00+00:00
[2025-06-03T15:20:22.079+0000] {standard_task_runner.py:57} INFO - Started process 15813 to run task
[2025-06-03T15:20:22.082+0000] {standard_task_runner.py:84} INFO - Running: ['***', 'tasks', 'run', 'usd_rate_fetcher', 'save_data_to_db', 'scheduled__2020-03-11T00:00:00+00:00', '--job-id', '8748', '--raw', '--subdir', 'DAGS_FOLDER/usd_rate_fetcher.py', '--cfg-path', '/tmp/tmpfreiwtdg']
[2025-06-03T15:20:22.084+0000] {standard_task_runner.py:85} INFO - Job 8748: Subtask save_data_to_db
[2025-06-03T15:20:22.154+0000] {task_command.py:410} INFO - Running <TaskInstance: usd_rate_fetcher.save_data_to_db scheduled__2020-03-11T00:00:00+00:00 [running]> on host 40869fde016f
[2025-06-03T15:20:22.343+0000] {logging_mixin.py:150} WARNING - /home/***/.local/lib/python3.7/site-packages/***/utils/context.py:205 AirflowContextDeprecationWarning: Accessing 'execution_date' from the template is deprecated and will be removed in a future version. Please use 'data_interval_start' or 'logical_date' instead.
[2025-06-03T15:20:22.373+0000] {taskinstance.py:1547} INFO - Exporting env vars: AIRFLOW_CTX_DAG_OWNER='***' AIRFLOW_CTX_DAG_ID='usd_rate_fetcher' AIRFLOW_CTX_TASK_ID='save_data_to_db' AIRFLOW_CTX_EXECUTION_DATE='2020-03-11T00:00:00+00:00' AIRFLOW_CTX_TRY_NUMBER='1' AIRFLOW_CTX_DAG_RUN_ID='scheduled__2020-03-11T00:00:00+00:00'
[2025-06-03T15:20:22.374+0000] {usd_rate_fetcher.py:80} INFO - Received USD rate: {'date': datetime.date(2020, 3, 11), 'content': [{'Фунт стерлингов': 94.052}, {'Доллар США': 72.0208}, {'Евро': 81.8588}, {'Юань': 10.3666}]} for date 2020-03-11
[2025-06-03T15:20:22.381+0000] {base.py:73} INFO - Using connection ID 'pg_database' for task execution.
[2025-06-03T15:20:22.385+0000] {usd_rate_fetcher.py:103} INFO - Saved 94.05 for Фунт стерлингов on 2020-03-11
[2025-06-03T15:20:22.385+0000] {usd_rate_fetcher.py:103} INFO - Saved 72.02 for Доллар США on 2020-03-11
[2025-06-03T15:20:22.386+0000] {usd_rate_fetcher.py:103} INFO - Saved 81.86 for Евро on 2020-03-11
[2025-06-03T15:20:22.386+0000] {usd_rate_fetcher.py:103} INFO - Saved 10.37 for Юань on 2020-03-11
[2025-06-03T15:20:22.387+0000] {python.py:183} INFO - Done. Returned value was: None
[2025-06-03T15:20:22.394+0000] {taskinstance.py:1350} INFO - Marking task as SUCCESS. dag_id=usd_rate_fetcher, task_id=save_data_to_db, execution_date=20200311T000000, start_date=20250603T152022, end_date=20250603T152022
[2025-06-03T15:20:22.415+0000] {local_task_job_runner.py:225} INFO - Task exited with return code 0
[2025-06-03T15:20:22.428+0000] {taskinstance.py:2653} INFO - 0 downstream tasks scheduled from follow-on schedule check
[2025-06-03T15:29:39.060+0000] {taskinstance.py:1103} INFO - Dependencies all met for dep_context=non-requeueable deps ti=<TaskInstance: usd_rate_fetcher.save_data_to_db scheduled__2020-03-11T00:00:00+00:00 [queued]>
[2025-06-03T15:29:39.068+0000] {taskinstance.py:1103} INFO - Dependencies all met for dep_context=requeueable deps ti=<TaskInstance: usd_rate_fetcher.save_data_to_db scheduled__2020-03-11T00:00:00+00:00 [queued]>
[2025-06-03T15:29:39.068+0000] {taskinstance.py:1308} INFO - Starting attempt 1 of 3
[2025-06-03T15:29:39.080+0000] {taskinstance.py:1327} INFO - Executing <Task(_PythonDecoratedOperator): save_data_to_db> on 2020-03-11 00:00:00+00:00
[2025-06-03T15:29:39.087+0000] {standard_task_runner.py:57} INFO - Started process 18136 to run task
[2025-06-03T15:29:39.089+0000] {standard_task_runner.py:84} INFO - Running: ['***', 'tasks', 'run', 'usd_rate_fetcher', 'save_data_to_db', 'scheduled__2020-03-11T00:00:00+00:00', '--job-id', '8886', '--raw', '--subdir', 'DAGS_FOLDER/usd_rate_fetcher.py', '--cfg-path', '/tmp/tmpg6sjzy77']
[2025-06-03T15:29:39.091+0000] {standard_task_runner.py:85} INFO - Job 8886: Subtask save_data_to_db
[2025-06-03T15:29:39.125+0000] {task_command.py:410} INFO - Running <TaskInstance: usd_rate_fetcher.save_data_to_db scheduled__2020-03-11T00:00:00+00:00 [running]> on host 40869fde016f
[2025-06-03T15:29:39.289+0000] {logging_mixin.py:150} WARNING - /home/***/.local/lib/python3.7/site-packages/***/utils/context.py:205 AirflowContextDeprecationWarning: Accessing 'execution_date' from the template is deprecated and will be removed in a future version. Please use 'data_interval_start' or 'logical_date' instead.
[2025-06-03T15:29:39.320+0000] {taskinstance.py:1547} INFO - Exporting env vars: AIRFLOW_CTX_DAG_OWNER='***' AIRFLOW_CTX_DAG_ID='usd_rate_fetcher' AIRFLOW_CTX_TASK_ID='save_data_to_db' AIRFLOW_CTX_EXECUTION_DATE='2020-03-11T00:00:00+00:00' AIRFLOW_CTX_TRY_NUMBER='1' AIRFLOW_CTX_DAG_RUN_ID='scheduled__2020-03-11T00:00:00+00:00'
[2025-06-03T15:29:39.321+0000] {usd_rate_fetcher.py:80} INFO - Received USD rate: {'date': datetime.date(2020, 3, 11), 'content': [{'GBP': 94.052}, {'HKD': 92.7076}, {'USD': 72.0208}, {'EUR': 81.8588}, {'CNY': 10.3666}]} for date 2020-03-11
[2025-06-03T15:29:39.328+0000] {base.py:73} INFO - Using connection ID 'pg_database' for task execution.
[2025-06-03T15:29:39.332+0000] {usd_rate_fetcher.py:103} INFO - Saved 94.05 for GBP on 2020-03-11
[2025-06-03T15:29:39.332+0000] {usd_rate_fetcher.py:103} INFO - Saved 92.71 for HKD on 2020-03-11
[2025-06-03T15:29:39.333+0000] {usd_rate_fetcher.py:103} INFO - Saved 72.02 for USD on 2020-03-11
[2025-06-03T15:29:39.333+0000] {usd_rate_fetcher.py:103} INFO - Saved 81.86 for EUR on 2020-03-11
[2025-06-03T15:29:39.334+0000] {usd_rate_fetcher.py:103} INFO - Saved 10.37 for CNY on 2020-03-11
[2025-06-03T15:29:39.335+0000] {python.py:183} INFO - Done. Returned value was: None
[2025-06-03T15:29:39.342+0000] {taskinstance.py:1350} INFO - Marking task as SUCCESS. dag_id=usd_rate_fetcher, task_id=save_data_to_db, execution_date=20200311T000000, start_date=20250603T152939, end_date=20250603T152939
[2025-06-03T15:29:39.384+0000] {local_task_job_runner.py:225} INFO - Task exited with return code 0
[2025-06-03T15:29:39.399+0000] {taskinstance.py:2653} INFO - 0 downstream tasks scheduled from follow-on schedule check
