[2025-06-03T15:19:51.646+0000] {taskinstance.py:1103} INFO - Dependencies all met for dep_context=non-requeueable deps ti=<TaskInstance: usd_rate_fetcher.fetch_data_from_api scheduled__2020-01-04T00:00:00+00:00 [queued]>
[2025-06-03T15:19:51.657+0000] {taskinstance.py:1103} INFO - Dependencies all met for dep_context=requeueable deps ti=<TaskInstance: usd_rate_fetcher.fetch_data_from_api scheduled__2020-01-04T00:00:00+00:00 [queued]>
[2025-06-03T15:19:51.657+0000] {taskinstance.py:1308} INFO - Starting attempt 1 of 3
[2025-06-03T15:19:51.747+0000] {taskinstance.py:1327} INFO - Executing <Task(_PythonDecoratedOperator): fetch_data_from_api> on 2020-01-04 00:00:00+00:00
[2025-06-03T15:19:51.755+0000] {standard_task_runner.py:57} INFO - Started process 13800 to run task
[2025-06-03T15:19:51.762+0000] {standard_task_runner.py:84} INFO - Running: ['***', 'tasks', 'run', 'usd_rate_fetcher', 'fetch_data_from_api', 'scheduled__2020-01-04T00:00:00+00:00', '--job-id', '8603', '--raw', '--subdir', 'DAGS_FOLDER/usd_rate_fetcher.py', '--cfg-path', '/tmp/tmp4nfp_lpo']
[2025-06-03T15:19:51.765+0000] {standard_task_runner.py:85} INFO - Job 8603: Subtask fetch_data_from_api
[2025-06-03T15:19:51.839+0000] {task_command.py:410} INFO - Running <TaskInstance: usd_rate_fetcher.fetch_data_from_api scheduled__2020-01-04T00:00:00+00:00 [running]> on host 40869fde016f
[2025-06-03T15:19:52.224+0000] {logging_mixin.py:150} WARNING - /home/***/.local/lib/python3.7/site-packages/***/utils/context.py:205 AirflowContextDeprecationWarning: Accessing 'execution_date' from the template is deprecated and will be removed in a future version. Please use 'data_interval_start' or 'logical_date' instead.
[2025-06-03T15:19:52.277+0000] {taskinstance.py:1547} INFO - Exporting env vars: AIRFLOW_CTX_DAG_OWNER='***' AIRFLOW_CTX_DAG_ID='usd_rate_fetcher' AIRFLOW_CTX_TASK_ID='fetch_data_from_api' AIRFLOW_CTX_EXECUTION_DATE='2020-01-04T00:00:00+00:00' AIRFLOW_CTX_TRY_NUMBER='1' AIRFLOW_CTX_DAG_RUN_ID='scheduled__2020-01-04T00:00:00+00:00'
[2025-06-03T15:19:52.287+0000] {usd_rate_fetcher.py:34} INFO - Переменная ['Доллар США', 'Евро', 'Гонконгский доллар', 'Юань', 'Фунт стерлингов']
[2025-06-03T15:19:52.298+0000] {usd_rate_fetcher.py:53} INFO - Fetching data for date: 04/01/2020
[2025-06-03T15:19:52.365+0000] {python.py:183} INFO - Done. Returned value was: {'date': datetime.date(2020, 1, 4), 'content': [{'Фунт стерлингов': 81.3069}, {'Доллар США': 61.9057}, {'Евро': 69.3777}]}
[2025-06-03T15:19:52.392+0000] {taskinstance.py:1350} INFO - Marking task as SUCCESS. dag_id=usd_rate_fetcher, task_id=fetch_data_from_api, execution_date=20200104T000000, start_date=20250603T151951, end_date=20250603T151952
[2025-06-03T15:19:52.462+0000] {local_task_job_runner.py:225} INFO - Task exited with return code 0
[2025-06-03T15:19:52.490+0000] {taskinstance.py:2653} INFO - 1 downstream tasks scheduled from follow-on schedule check
[2025-06-03T15:27:08.611+0000] {taskinstance.py:1103} INFO - Dependencies all met for dep_context=non-requeueable deps ti=<TaskInstance: usd_rate_fetcher.fetch_data_from_api scheduled__2020-01-04T00:00:00+00:00 [queued]>
[2025-06-03T15:27:08.621+0000] {taskinstance.py:1103} INFO - Dependencies all met for dep_context=requeueable deps ti=<TaskInstance: usd_rate_fetcher.fetch_data_from_api scheduled__2020-01-04T00:00:00+00:00 [queued]>
[2025-06-03T15:27:08.621+0000] {taskinstance.py:1308} INFO - Starting attempt 1 of 3
[2025-06-03T15:27:08.645+0000] {taskinstance.py:1327} INFO - Executing <Task(_PythonDecoratedOperator): fetch_data_from_api> on 2020-01-04 00:00:00+00:00
[2025-06-03T15:27:08.652+0000] {standard_task_runner.py:57} INFO - Started process 16257 to run task
[2025-06-03T15:27:08.660+0000] {standard_task_runner.py:84} INFO - Running: ['***', 'tasks', 'run', 'usd_rate_fetcher', 'fetch_data_from_api', 'scheduled__2020-01-04T00:00:00+00:00', '--job-id', '8757', '--raw', '--subdir', 'DAGS_FOLDER/usd_rate_fetcher.py', '--cfg-path', '/tmp/tmpmn9fro8j']
[2025-06-03T15:27:08.662+0000] {standard_task_runner.py:85} INFO - Job 8757: Subtask fetch_data_from_api
[2025-06-03T15:27:08.733+0000] {task_command.py:410} INFO - Running <TaskInstance: usd_rate_fetcher.fetch_data_from_api scheduled__2020-01-04T00:00:00+00:00 [running]> on host 40869fde016f
[2025-06-03T15:27:09.040+0000] {logging_mixin.py:150} WARNING - /home/***/.local/lib/python3.7/site-packages/***/utils/context.py:205 AirflowContextDeprecationWarning: Accessing 'execution_date' from the template is deprecated and will be removed in a future version. Please use 'data_interval_start' or 'logical_date' instead.
[2025-06-03T15:27:09.104+0000] {taskinstance.py:1547} INFO - Exporting env vars: AIRFLOW_CTX_DAG_OWNER='***' AIRFLOW_CTX_DAG_ID='usd_rate_fetcher' AIRFLOW_CTX_TASK_ID='fetch_data_from_api' AIRFLOW_CTX_EXECUTION_DATE='2020-01-04T00:00:00+00:00' AIRFLOW_CTX_TRY_NUMBER='1' AIRFLOW_CTX_DAG_RUN_ID='scheduled__2020-01-04T00:00:00+00:00'
[2025-06-03T15:27:09.117+0000] {usd_rate_fetcher.py:34} INFO - Переменная ['USD', 'EUR', 'HKD', 'CNY', 'GBP']
[2025-06-03T15:27:09.124+0000] {usd_rate_fetcher.py:53} INFO - Fetching data for date: 04/01/2020
[2025-06-03T15:27:09.181+0000] {python.py:183} INFO - Done. Returned value was: {'date': datetime.date(2020, 1, 4), 'content': [{'GBP': 81.3069}, {'HKD': 79.5029}, {'USD': 61.9057}, {'EUR': 69.3777}, {'CNY': 88.8696}]}
[2025-06-03T15:27:09.214+0000] {taskinstance.py:1350} INFO - Marking task as SUCCESS. dag_id=usd_rate_fetcher, task_id=fetch_data_from_api, execution_date=20200104T000000, start_date=20250603T152708, end_date=20250603T152709
[2025-06-03T15:27:09.273+0000] {local_task_job_runner.py:225} INFO - Task exited with return code 0
[2025-06-03T15:27:09.301+0000] {taskinstance.py:2653} INFO - 1 downstream tasks scheduled from follow-on schedule check
