[2025-06-03T15:19:59.154+0000] {taskinstance.py:1103} INFO - Dependencies all met for dep_context=non-requeueable deps ti=<TaskInstance: usd_rate_fetcher.save_data_to_db scheduled__2020-01-20T00:00:00+00:00 [queued]>
[2025-06-03T15:19:59.161+0000] {taskinstance.py:1103} INFO - Dependencies all met for dep_context=requeueable deps ti=<TaskInstance: usd_rate_fetcher.save_data_to_db scheduled__2020-01-20T00:00:00+00:00 [queued]>
[2025-06-03T15:19:59.161+0000] {taskinstance.py:1308} INFO - Starting attempt 1 of 3
[2025-06-03T15:19:59.173+0000] {taskinstance.py:1327} INFO - Executing <Task(_PythonDecoratedOperator): save_data_to_db> on 2020-01-20 00:00:00+00:00
[2025-06-03T15:19:59.179+0000] {standard_task_runner.py:57} INFO - Started process 14368 to run task
[2025-06-03T15:19:59.181+0000] {standard_task_runner.py:84} INFO - Running: ['***', 'tasks', 'run', 'usd_rate_fetcher', 'save_data_to_db', 'scheduled__2020-01-20T00:00:00+00:00', '--job-id', '8647', '--raw', '--subdir', 'DAGS_FOLDER/usd_rate_fetcher.py', '--cfg-path', '/tmp/tmpzpnxxpl_']
[2025-06-03T15:19:59.183+0000] {standard_task_runner.py:85} INFO - Job 8647: Subtask save_data_to_db
[2025-06-03T15:19:59.217+0000] {task_command.py:410} INFO - Running <TaskInstance: usd_rate_fetcher.save_data_to_db scheduled__2020-01-20T00:00:00+00:00 [running]> on host 40869fde016f
[2025-06-03T15:19:59.271+0000] {logging_mixin.py:150} WARNING - /home/***/.local/lib/python3.7/site-packages/***/utils/context.py:205 AirflowContextDeprecationWarning: Accessing 'execution_date' from the template is deprecated and will be removed in a future version. Please use 'data_interval_start' or 'logical_date' instead.
[2025-06-03T15:19:59.308+0000] {taskinstance.py:1547} INFO - Exporting env vars: AIRFLOW_CTX_DAG_OWNER='***' AIRFLOW_CTX_DAG_ID='usd_rate_fetcher' AIRFLOW_CTX_TASK_ID='save_data_to_db' AIRFLOW_CTX_EXECUTION_DATE='2020-01-20T00:00:00+00:00' AIRFLOW_CTX_TRY_NUMBER='1' AIRFLOW_CTX_DAG_RUN_ID='scheduled__2020-01-20T00:00:00+00:00'
[2025-06-03T15:19:59.309+0000] {usd_rate_fetcher.py:80} INFO - Received USD rate: {'date': datetime.date(2020, 1, 20), 'content': [{'Фунт стерлингов': 80.4917}, {'Доллар США': 61.5333}, {'Евро': 68.5358}]} for date 2020-01-20
[2025-06-03T15:19:59.316+0000] {base.py:73} INFO - Using connection ID 'pg_database' for task execution.
[2025-06-03T15:19:59.321+0000] {usd_rate_fetcher.py:103} INFO - Saved 80.49 for Фунт стерлингов on 2020-01-20
[2025-06-03T15:19:59.321+0000] {usd_rate_fetcher.py:103} INFO - Saved 61.53 for Доллар США on 2020-01-20
[2025-06-03T15:19:59.322+0000] {usd_rate_fetcher.py:103} INFO - Saved 68.54 for Евро on 2020-01-20
[2025-06-03T15:19:59.323+0000] {python.py:183} INFO - Done. Returned value was: None
[2025-06-03T15:19:59.337+0000] {taskinstance.py:1350} INFO - Marking task as SUCCESS. dag_id=usd_rate_fetcher, task_id=save_data_to_db, execution_date=20200120T000000, start_date=20250603T151959, end_date=20250603T151959
[2025-06-03T15:19:59.396+0000] {local_task_job_runner.py:225} INFO - Task exited with return code 0
[2025-06-03T15:19:59.418+0000] {taskinstance.py:2653} INFO - 0 downstream tasks scheduled from follow-on schedule check
[2025-06-03T15:27:15.823+0000] {taskinstance.py:1103} INFO - Dependencies all met for dep_context=non-requeueable deps ti=<TaskInstance: usd_rate_fetcher.save_data_to_db scheduled__2020-01-20T00:00:00+00:00 [queued]>
[2025-06-03T15:27:15.848+0000] {taskinstance.py:1103} INFO - Dependencies all met for dep_context=requeueable deps ti=<TaskInstance: usd_rate_fetcher.save_data_to_db scheduled__2020-01-20T00:00:00+00:00 [queued]>
[2025-06-03T15:27:15.848+0000] {taskinstance.py:1308} INFO - Starting attempt 1 of 3
[2025-06-03T15:27:15.887+0000] {taskinstance.py:1327} INFO - Executing <Task(_PythonDecoratedOperator): save_data_to_db> on 2020-01-20 00:00:00+00:00
[2025-06-03T15:27:15.898+0000] {standard_task_runner.py:57} INFO - Started process 16775 to run task
[2025-06-03T15:27:15.908+0000] {standard_task_runner.py:84} INFO - Running: ['***', 'tasks', 'run', 'usd_rate_fetcher', 'save_data_to_db', 'scheduled__2020-01-20T00:00:00+00:00', '--job-id', '8790', '--raw', '--subdir', 'DAGS_FOLDER/usd_rate_fetcher.py', '--cfg-path', '/tmp/tmpgbg1h_kf']
[2025-06-03T15:27:15.911+0000] {standard_task_runner.py:85} INFO - Job 8790: Subtask save_data_to_db
[2025-06-03T15:27:15.960+0000] {task_command.py:410} INFO - Running <TaskInstance: usd_rate_fetcher.save_data_to_db scheduled__2020-01-20T00:00:00+00:00 [running]> on host 40869fde016f
[2025-06-03T15:27:16.323+0000] {logging_mixin.py:150} WARNING - /home/***/.local/lib/python3.7/site-packages/***/utils/context.py:205 AirflowContextDeprecationWarning: Accessing 'execution_date' from the template is deprecated and will be removed in a future version. Please use 'data_interval_start' or 'logical_date' instead.
[2025-06-03T15:27:16.420+0000] {taskinstance.py:1547} INFO - Exporting env vars: AIRFLOW_CTX_DAG_OWNER='***' AIRFLOW_CTX_DAG_ID='usd_rate_fetcher' AIRFLOW_CTX_TASK_ID='save_data_to_db' AIRFLOW_CTX_EXECUTION_DATE='2020-01-20T00:00:00+00:00' AIRFLOW_CTX_TRY_NUMBER='1' AIRFLOW_CTX_DAG_RUN_ID='scheduled__2020-01-20T00:00:00+00:00'
[2025-06-03T15:27:16.424+0000] {usd_rate_fetcher.py:80} INFO - Received USD rate: {'date': datetime.date(2020, 1, 20), 'content': [{'GBP': 80.4917}, {'HKD': 79.1955}, {'USD': 61.5333}, {'EUR': 68.5358}, {'CNY': 89.7105}]} for date 2020-01-20
[2025-06-03T15:27:16.436+0000] {base.py:73} INFO - Using connection ID 'pg_database' for task execution.
[2025-06-03T15:27:16.445+0000] {usd_rate_fetcher.py:103} INFO - Saved 80.49 for GBP on 2020-01-20
[2025-06-03T15:27:16.446+0000] {usd_rate_fetcher.py:103} INFO - Saved 79.20 for HKD on 2020-01-20
[2025-06-03T15:27:16.446+0000] {usd_rate_fetcher.py:103} INFO - Saved 61.53 for USD on 2020-01-20
[2025-06-03T15:27:16.447+0000] {usd_rate_fetcher.py:103} INFO - Saved 68.54 for EUR on 2020-01-20
[2025-06-03T15:27:16.447+0000] {usd_rate_fetcher.py:103} INFO - Saved 89.71 for CNY on 2020-01-20
[2025-06-03T15:27:16.451+0000] {python.py:183} INFO - Done. Returned value was: None
[2025-06-03T15:27:16.459+0000] {taskinstance.py:1350} INFO - Marking task as SUCCESS. dag_id=usd_rate_fetcher, task_id=save_data_to_db, execution_date=20200120T000000, start_date=20250603T152715, end_date=20250603T152716
[2025-06-03T15:27:16.525+0000] {local_task_job_runner.py:225} INFO - Task exited with return code 0
[2025-06-03T15:27:16.573+0000] {taskinstance.py:2653} INFO - 0 downstream tasks scheduled from follow-on schedule check
