[2025-06-03T15:20:21.703+0000] {taskinstance.py:1103} INFO - Dependencies all met for dep_context=non-requeueable deps ti=<TaskInstance: usd_rate_fetcher.save_data_to_db scheduled__2020-03-10T00:00:00+00:00 [queued]>
[2025-06-03T15:20:21.713+0000] {taskinstance.py:1103} INFO - Dependencies all met for dep_context=requeueable deps ti=<TaskInstance: usd_rate_fetcher.save_data_to_db scheduled__2020-03-10T00:00:00+00:00 [queued]>
[2025-06-03T15:20:21.714+0000] {taskinstance.py:1308} INFO - Starting attempt 1 of 3
[2025-06-03T15:20:21.732+0000] {taskinstance.py:1327} INFO - Executing <Task(_PythonDecoratedOperator): save_data_to_db> on 2020-03-10 00:00:00+00:00
[2025-06-03T15:20:21.742+0000] {standard_task_runner.py:57} INFO - Started process 15787 to run task
[2025-06-03T15:20:21.753+0000] {standard_task_runner.py:84} INFO - Running: ['***', 'tasks', 'run', 'usd_rate_fetcher', 'save_data_to_db', 'scheduled__2020-03-10T00:00:00+00:00', '--job-id', '8746', '--raw', '--subdir', 'DAGS_FOLDER/usd_rate_fetcher.py', '--cfg-path', '/tmp/tmpmsod47z4']
[2025-06-03T15:20:21.759+0000] {standard_task_runner.py:85} INFO - Job 8746: Subtask save_data_to_db
[2025-06-03T15:20:21.859+0000] {task_command.py:410} INFO - Running <TaskInstance: usd_rate_fetcher.save_data_to_db scheduled__2020-03-10T00:00:00+00:00 [running]> on host 40869fde016f
[2025-06-03T15:20:22.075+0000] {logging_mixin.py:150} WARNING - /home/***/.local/lib/python3.7/site-packages/***/utils/context.py:205 AirflowContextDeprecationWarning: Accessing 'execution_date' from the template is deprecated and will be removed in a future version. Please use 'data_interval_start' or 'logical_date' instead.
[2025-06-03T15:20:22.128+0000] {taskinstance.py:1547} INFO - Exporting env vars: AIRFLOW_CTX_DAG_OWNER='***' AIRFLOW_CTX_DAG_ID='usd_rate_fetcher' AIRFLOW_CTX_TASK_ID='save_data_to_db' AIRFLOW_CTX_EXECUTION_DATE='2020-03-10T00:00:00+00:00' AIRFLOW_CTX_TRY_NUMBER='1' AIRFLOW_CTX_DAG_RUN_ID='scheduled__2020-03-10T00:00:00+00:00'
[2025-06-03T15:20:22.130+0000] {usd_rate_fetcher.py:80} INFO - Received USD rate: {'date': datetime.date(2020, 3, 10), 'content': [{'Фунт стерлингов': 87.5972}, {'Доллар США': 67.5175}, {'Евро': 75.8424}]} for date 2020-03-10
[2025-06-03T15:20:22.138+0000] {base.py:73} INFO - Using connection ID 'pg_database' for task execution.
[2025-06-03T15:20:22.154+0000] {usd_rate_fetcher.py:103} INFO - Saved 87.60 for Фунт стерлингов on 2020-03-10
[2025-06-03T15:20:22.155+0000] {usd_rate_fetcher.py:103} INFO - Saved 67.52 for Доллар США on 2020-03-10
[2025-06-03T15:20:22.155+0000] {usd_rate_fetcher.py:103} INFO - Saved 75.84 for Евро on 2020-03-10
[2025-06-03T15:20:22.159+0000] {python.py:183} INFO - Done. Returned value was: None
[2025-06-03T15:20:22.179+0000] {taskinstance.py:1350} INFO - Marking task as SUCCESS. dag_id=usd_rate_fetcher, task_id=save_data_to_db, execution_date=20200310T000000, start_date=20250603T152021, end_date=20250603T152022
[2025-06-03T15:20:22.242+0000] {local_task_job_runner.py:225} INFO - Task exited with return code 0
[2025-06-03T15:20:22.256+0000] {taskinstance.py:2653} INFO - 0 downstream tasks scheduled from follow-on schedule check
[2025-06-03T15:29:38.879+0000] {taskinstance.py:1103} INFO - Dependencies all met for dep_context=non-requeueable deps ti=<TaskInstance: usd_rate_fetcher.save_data_to_db scheduled__2020-03-10T00:00:00+00:00 [queued]>
[2025-06-03T15:29:38.889+0000] {taskinstance.py:1103} INFO - Dependencies all met for dep_context=requeueable deps ti=<TaskInstance: usd_rate_fetcher.save_data_to_db scheduled__2020-03-10T00:00:00+00:00 [queued]>
[2025-06-03T15:29:38.889+0000] {taskinstance.py:1308} INFO - Starting attempt 1 of 3
[2025-06-03T15:29:38.904+0000] {taskinstance.py:1327} INFO - Executing <Task(_PythonDecoratedOperator): save_data_to_db> on 2020-03-10 00:00:00+00:00
[2025-06-03T15:29:38.911+0000] {standard_task_runner.py:57} INFO - Started process 18134 to run task
[2025-06-03T15:29:38.913+0000] {standard_task_runner.py:84} INFO - Running: ['***', 'tasks', 'run', 'usd_rate_fetcher', 'save_data_to_db', 'scheduled__2020-03-10T00:00:00+00:00', '--job-id', '8884', '--raw', '--subdir', 'DAGS_FOLDER/usd_rate_fetcher.py', '--cfg-path', '/tmp/tmp3t8n1xe0']
[2025-06-03T15:29:38.914+0000] {standard_task_runner.py:85} INFO - Job 8884: Subtask save_data_to_db
[2025-06-03T15:29:38.952+0000] {task_command.py:410} INFO - Running <TaskInstance: usd_rate_fetcher.save_data_to_db scheduled__2020-03-10T00:00:00+00:00 [running]> on host 40869fde016f
[2025-06-03T15:29:39.124+0000] {logging_mixin.py:150} WARNING - /home/***/.local/lib/python3.7/site-packages/***/utils/context.py:205 AirflowContextDeprecationWarning: Accessing 'execution_date' from the template is deprecated and will be removed in a future version. Please use 'data_interval_start' or 'logical_date' instead.
[2025-06-03T15:29:39.156+0000] {taskinstance.py:1547} INFO - Exporting env vars: AIRFLOW_CTX_DAG_OWNER='***' AIRFLOW_CTX_DAG_ID='usd_rate_fetcher' AIRFLOW_CTX_TASK_ID='save_data_to_db' AIRFLOW_CTX_EXECUTION_DATE='2020-03-10T00:00:00+00:00' AIRFLOW_CTX_TRY_NUMBER='1' AIRFLOW_CTX_DAG_RUN_ID='scheduled__2020-03-10T00:00:00+00:00'
[2025-06-03T15:29:39.157+0000] {usd_rate_fetcher.py:80} INFO - Received USD rate: {'date': datetime.date(2020, 3, 10), 'content': [{'GBP': 87.5972}, {'HKD': 86.8716}, {'USD': 67.5175}, {'EUR': 75.8424}, {'CNY': 97.2861}]} for date 2020-03-10
[2025-06-03T15:29:39.163+0000] {base.py:73} INFO - Using connection ID 'pg_database' for task execution.
[2025-06-03T15:29:39.167+0000] {usd_rate_fetcher.py:103} INFO - Saved 87.60 for GBP on 2020-03-10
[2025-06-03T15:29:39.168+0000] {usd_rate_fetcher.py:103} INFO - Saved 86.87 for HKD on 2020-03-10
[2025-06-03T15:29:39.168+0000] {usd_rate_fetcher.py:103} INFO - Saved 67.52 for USD on 2020-03-10
[2025-06-03T15:29:39.169+0000] {usd_rate_fetcher.py:103} INFO - Saved 75.84 for EUR on 2020-03-10
[2025-06-03T15:29:39.169+0000] {usd_rate_fetcher.py:103} INFO - Saved 97.29 for CNY on 2020-03-10
[2025-06-03T15:29:39.170+0000] {python.py:183} INFO - Done. Returned value was: None
[2025-06-03T15:29:39.179+0000] {taskinstance.py:1350} INFO - Marking task as SUCCESS. dag_id=usd_rate_fetcher, task_id=save_data_to_db, execution_date=20200310T000000, start_date=20250603T152938, end_date=20250603T152939
[2025-06-03T15:29:39.207+0000] {local_task_job_runner.py:225} INFO - Task exited with return code 0
[2025-06-03T15:29:39.220+0000] {taskinstance.py:2653} INFO - 0 downstream tasks scheduled from follow-on schedule check
