[2025-06-03T15:20:20.595+0000] {taskinstance.py:1103} INFO - Dependencies all met for dep_context=non-requeueable deps ti=<TaskInstance: usd_rate_fetcher.fetch_data_from_api scheduled__2020-03-08T00:00:00+00:00 [queued]>
[2025-06-03T15:20:20.603+0000] {taskinstance.py:1103} INFO - Dependencies all met for dep_context=requeueable deps ti=<TaskInstance: usd_rate_fetcher.fetch_data_from_api scheduled__2020-03-08T00:00:00+00:00 [queued]>
[2025-06-03T15:20:20.603+0000] {taskinstance.py:1308} INFO - Starting attempt 1 of 3
[2025-06-03T15:20:20.621+0000] {taskinstance.py:1327} INFO - Executing <Task(_PythonDecoratedOperator): fetch_data_from_api> on 2020-03-08 00:00:00+00:00
[2025-06-03T15:20:20.629+0000] {standard_task_runner.py:57} INFO - Started process 15547 to run task
[2025-06-03T15:20:20.634+0000] {standard_task_runner.py:84} INFO - Running: ['***', 'tasks', 'run', 'usd_rate_fetcher', 'fetch_data_from_api', 'scheduled__2020-03-08T00:00:00+00:00', '--job-id', '8728', '--raw', '--subdir', 'DAGS_FOLDER/usd_rate_fetcher.py', '--cfg-path', '/tmp/tmpc_hd9o7t']
[2025-06-03T15:20:20.639+0000] {standard_task_runner.py:85} INFO - Job 8728: Subtask fetch_data_from_api
[2025-06-03T15:20:20.681+0000] {task_command.py:410} INFO - Running <TaskInstance: usd_rate_fetcher.fetch_data_from_api scheduled__2020-03-08T00:00:00+00:00 [running]> on host 40869fde016f
[2025-06-03T15:20:21.044+0000] {logging_mixin.py:150} WARNING - /home/***/.local/lib/python3.7/site-packages/***/utils/context.py:205 AirflowContextDeprecationWarning: Accessing 'execution_date' from the template is deprecated and will be removed in a future version. Please use 'data_interval_start' or 'logical_date' instead.
[2025-06-03T15:20:21.110+0000] {taskinstance.py:1547} INFO - Exporting env vars: AIRFLOW_CTX_DAG_OWNER='***' AIRFLOW_CTX_DAG_ID='usd_rate_fetcher' AIRFLOW_CTX_TASK_ID='fetch_data_from_api' AIRFLOW_CTX_EXECUTION_DATE='2020-03-08T00:00:00+00:00' AIRFLOW_CTX_TRY_NUMBER='1' AIRFLOW_CTX_DAG_RUN_ID='scheduled__2020-03-08T00:00:00+00:00'
[2025-06-03T15:20:21.145+0000] {usd_rate_fetcher.py:34} INFO - Переменная ['Доллар США', 'Евро', 'Гонконгский доллар', 'Юань', 'Фунт стерлингов']
[2025-06-03T15:20:21.162+0000] {usd_rate_fetcher.py:53} INFO - Fetching data for date: 08/03/2020
[2025-06-03T15:20:21.226+0000] {python.py:183} INFO - Done. Returned value was: {'date': datetime.date(2020, 3, 8), 'content': [{'Фунт стерлингов': 87.5972}, {'Доллар США': 67.5175}, {'Евро': 75.8424}]}
[2025-06-03T15:20:21.263+0000] {taskinstance.py:1350} INFO - Marking task as SUCCESS. dag_id=usd_rate_fetcher, task_id=fetch_data_from_api, execution_date=20200308T000000, start_date=20250603T152020, end_date=20250603T152021
[2025-06-03T15:20:21.295+0000] {local_task_job_runner.py:225} INFO - Task exited with return code 0
[2025-06-03T15:20:21.357+0000] {taskinstance.py:2653} INFO - 1 downstream tasks scheduled from follow-on schedule check
[2025-06-03T15:29:36.326+0000] {taskinstance.py:1103} INFO - Dependencies all met for dep_context=non-requeueable deps ti=<TaskInstance: usd_rate_fetcher.fetch_data_from_api scheduled__2020-03-08T00:00:00+00:00 [queued]>
[2025-06-03T15:29:36.347+0000] {taskinstance.py:1103} INFO - Dependencies all met for dep_context=requeueable deps ti=<TaskInstance: usd_rate_fetcher.fetch_data_from_api scheduled__2020-03-08T00:00:00+00:00 [queued]>
[2025-06-03T15:29:36.348+0000] {taskinstance.py:1308} INFO - Starting attempt 1 of 3
[2025-06-03T15:29:36.463+0000] {taskinstance.py:1327} INFO - Executing <Task(_PythonDecoratedOperator): fetch_data_from_api> on 2020-03-08 00:00:00+00:00
[2025-06-03T15:29:36.470+0000] {standard_task_runner.py:57} INFO - Started process 17929 to run task
[2025-06-03T15:29:36.490+0000] {standard_task_runner.py:84} INFO - Running: ['***', 'tasks', 'run', 'usd_rate_fetcher', 'fetch_data_from_api', 'scheduled__2020-03-08T00:00:00+00:00', '--job-id', '8868', '--raw', '--subdir', 'DAGS_FOLDER/usd_rate_fetcher.py', '--cfg-path', '/tmp/tmpki088gk8']
[2025-06-03T15:29:36.511+0000] {standard_task_runner.py:85} INFO - Job 8868: Subtask fetch_data_from_api
[2025-06-03T15:29:36.685+0000] {task_command.py:410} INFO - Running <TaskInstance: usd_rate_fetcher.fetch_data_from_api scheduled__2020-03-08T00:00:00+00:00 [running]> on host 40869fde016f
[2025-06-03T15:29:36.964+0000] {logging_mixin.py:150} WARNING - /home/***/.local/lib/python3.7/site-packages/***/utils/context.py:205 AirflowContextDeprecationWarning: Accessing 'execution_date' from the template is deprecated and will be removed in a future version. Please use 'data_interval_start' or 'logical_date' instead.
[2025-06-03T15:29:37.030+0000] {taskinstance.py:1547} INFO - Exporting env vars: AIRFLOW_CTX_DAG_OWNER='***' AIRFLOW_CTX_DAG_ID='usd_rate_fetcher' AIRFLOW_CTX_TASK_ID='fetch_data_from_api' AIRFLOW_CTX_EXECUTION_DATE='2020-03-08T00:00:00+00:00' AIRFLOW_CTX_TRY_NUMBER='1' AIRFLOW_CTX_DAG_RUN_ID='scheduled__2020-03-08T00:00:00+00:00'
[2025-06-03T15:29:37.042+0000] {usd_rate_fetcher.py:34} INFO - Переменная ['USD', 'EUR', 'HKD', 'CNY', 'GBP']
[2025-06-03T15:29:37.061+0000] {usd_rate_fetcher.py:53} INFO - Fetching data for date: 08/03/2020
[2025-06-03T15:29:37.108+0000] {python.py:183} INFO - Done. Returned value was: {'date': datetime.date(2020, 3, 8), 'content': [{'GBP': 87.5972}, {'HKD': 86.8716}, {'USD': 67.5175}, {'EUR': 75.8424}, {'CNY': 97.2861}]}
[2025-06-03T15:29:37.186+0000] {taskinstance.py:1350} INFO - Marking task as SUCCESS. dag_id=usd_rate_fetcher, task_id=fetch_data_from_api, execution_date=20200308T000000, start_date=20250603T152936, end_date=20250603T152937
[2025-06-03T15:29:37.268+0000] {local_task_job_runner.py:225} INFO - Task exited with return code 0
[2025-06-03T15:29:37.356+0000] {taskinstance.py:2653} INFO - 0 downstream tasks scheduled from follow-on schedule check
