[2025-06-03T15:20:07.841+0000] {taskinstance.py:1103} INFO - Dependencies all met for dep_context=non-requeueable deps ti=<TaskInstance: usd_rate_fetcher.fetch_data_from_api scheduled__2020-02-13T00:00:00+00:00 [queued]>
[2025-06-03T15:20:07.851+0000] {taskinstance.py:1103} INFO - Dependencies all met for dep_context=requeueable deps ti=<TaskInstance: usd_rate_fetcher.fetch_data_from_api scheduled__2020-02-13T00:00:00+00:00 [queued]>
[2025-06-03T15:20:07.851+0000] {taskinstance.py:1308} INFO - Starting attempt 1 of 3
[2025-06-03T15:20:07.866+0000] {taskinstance.py:1327} INFO - Executing <Task(_PythonDecoratedOperator): fetch_data_from_api> on 2020-02-13 00:00:00+00:00
[2025-06-03T15:20:07.874+0000] {standard_task_runner.py:57} INFO - Started process 14827 to run task
[2025-06-03T15:20:07.878+0000] {standard_task_runner.py:84} INFO - Running: ['***', 'tasks', 'run', 'usd_rate_fetcher', 'fetch_data_from_api', 'scheduled__2020-02-13T00:00:00+00:00', '--job-id', '8679', '--raw', '--subdir', 'DAGS_FOLDER/usd_rate_fetcher.py', '--cfg-path', '/tmp/tmpim1y0for']
[2025-06-03T15:20:07.880+0000] {standard_task_runner.py:85} INFO - Job 8679: Subtask fetch_data_from_api
[2025-06-03T15:20:07.953+0000] {task_command.py:410} INFO - Running <TaskInstance: usd_rate_fetcher.fetch_data_from_api scheduled__2020-02-13T00:00:00+00:00 [running]> on host 40869fde016f
[2025-06-03T15:20:08.217+0000] {logging_mixin.py:150} WARNING - /home/***/.local/lib/python3.7/site-packages/***/utils/context.py:205 AirflowContextDeprecationWarning: Accessing 'execution_date' from the template is deprecated and will be removed in a future version. Please use 'data_interval_start' or 'logical_date' instead.
[2025-06-03T15:20:08.258+0000] {taskinstance.py:1547} INFO - Exporting env vars: AIRFLOW_CTX_DAG_OWNER='***' AIRFLOW_CTX_DAG_ID='usd_rate_fetcher' AIRFLOW_CTX_TASK_ID='fetch_data_from_api' AIRFLOW_CTX_EXECUTION_DATE='2020-02-13T00:00:00+00:00' AIRFLOW_CTX_TRY_NUMBER='1' AIRFLOW_CTX_DAG_RUN_ID='scheduled__2020-02-13T00:00:00+00:00'
[2025-06-03T15:20:08.267+0000] {usd_rate_fetcher.py:34} INFO - Переменная ['Доллар США', 'Евро', 'Гонконгский доллар', 'Юань', 'Фунт стерлингов']
[2025-06-03T15:20:08.271+0000] {usd_rate_fetcher.py:53} INFO - Fetching data for date: 13/02/2020
[2025-06-03T15:20:08.309+0000] {python.py:183} INFO - Done. Returned value was: {'date': datetime.date(2020, 2, 13), 'content': [{'Фунт стерлингов': 81.7657}, {'Доллар США': 63.047}, {'Евро': 68.7843}]}
[2025-06-03T15:20:08.328+0000] {taskinstance.py:1350} INFO - Marking task as SUCCESS. dag_id=usd_rate_fetcher, task_id=fetch_data_from_api, execution_date=20200213T000000, start_date=20250603T152007, end_date=20250603T152008
[2025-06-03T15:20:08.385+0000] {local_task_job_runner.py:225} INFO - Task exited with return code 0
[2025-06-03T15:20:08.401+0000] {taskinstance.py:2653} INFO - 1 downstream tasks scheduled from follow-on schedule check
[2025-06-03T15:27:23.642+0000] {taskinstance.py:1103} INFO - Dependencies all met for dep_context=non-requeueable deps ti=<TaskInstance: usd_rate_fetcher.fetch_data_from_api scheduled__2020-02-13T00:00:00+00:00 [queued]>
[2025-06-03T15:27:23.651+0000] {taskinstance.py:1103} INFO - Dependencies all met for dep_context=requeueable deps ti=<TaskInstance: usd_rate_fetcher.fetch_data_from_api scheduled__2020-02-13T00:00:00+00:00 [queued]>
[2025-06-03T15:27:23.651+0000] {taskinstance.py:1308} INFO - Starting attempt 1 of 3
[2025-06-03T15:27:23.702+0000] {taskinstance.py:1327} INFO - Executing <Task(_PythonDecoratedOperator): fetch_data_from_api> on 2020-02-13 00:00:00+00:00
[2025-06-03T15:27:23.708+0000] {standard_task_runner.py:57} INFO - Started process 17319 to run task
[2025-06-03T15:27:23.716+0000] {standard_task_runner.py:84} INFO - Running: ['***', 'tasks', 'run', 'usd_rate_fetcher', 'fetch_data_from_api', 'scheduled__2020-02-13T00:00:00+00:00', '--job-id', '8830', '--raw', '--subdir', 'DAGS_FOLDER/usd_rate_fetcher.py', '--cfg-path', '/tmp/tmp_su2jn04']
[2025-06-03T15:27:23.718+0000] {standard_task_runner.py:85} INFO - Job 8830: Subtask fetch_data_from_api
[2025-06-03T15:27:23.793+0000] {task_command.py:410} INFO - Running <TaskInstance: usd_rate_fetcher.fetch_data_from_api scheduled__2020-02-13T00:00:00+00:00 [running]> on host 40869fde016f
[2025-06-03T15:27:24.019+0000] {logging_mixin.py:150} WARNING - /home/***/.local/lib/python3.7/site-packages/***/utils/context.py:205 AirflowContextDeprecationWarning: Accessing 'execution_date' from the template is deprecated and will be removed in a future version. Please use 'data_interval_start' or 'logical_date' instead.
[2025-06-03T15:27:24.094+0000] {taskinstance.py:1547} INFO - Exporting env vars: AIRFLOW_CTX_DAG_OWNER='***' AIRFLOW_CTX_DAG_ID='usd_rate_fetcher' AIRFLOW_CTX_TASK_ID='fetch_data_from_api' AIRFLOW_CTX_EXECUTION_DATE='2020-02-13T00:00:00+00:00' AIRFLOW_CTX_TRY_NUMBER='1' AIRFLOW_CTX_DAG_RUN_ID='scheduled__2020-02-13T00:00:00+00:00'
[2025-06-03T15:27:24.104+0000] {usd_rate_fetcher.py:34} INFO - Переменная ['USD', 'EUR', 'HKD', 'CNY', 'GBP']
[2025-06-03T15:27:24.123+0000] {usd_rate_fetcher.py:53} INFO - Fetching data for date: 13/02/2020
[2025-06-03T15:27:24.261+0000] {python.py:183} INFO - Done. Returned value was: {'date': datetime.date(2020, 2, 13), 'content': [{'GBP': 81.7657}, {'HKD': 81.1583}, {'USD': 63.047}, {'EUR': 68.7843}, {'CNY': 90.4185}]}
[2025-06-03T15:27:24.301+0000] {taskinstance.py:1350} INFO - Marking task as SUCCESS. dag_id=usd_rate_fetcher, task_id=fetch_data_from_api, execution_date=20200213T000000, start_date=20250603T152723, end_date=20250603T152724
[2025-06-03T15:27:24.375+0000] {local_task_job_runner.py:225} INFO - Task exited with return code 0
[2025-06-03T15:27:24.450+0000] {taskinstance.py:2653} INFO - 0 downstream tasks scheduled from follow-on schedule check
