[2025-06-03T15:20:05.422+0000] {taskinstance.py:1103} INFO - Dependencies all met for dep_context=non-requeueable deps ti=<TaskInstance: usd_rate_fetcher.fetch_data_from_api scheduled__2020-01-30T00:00:00+00:00 [queued]>
[2025-06-03T15:20:05.429+0000] {taskinstance.py:1103} INFO - Dependencies all met for dep_context=requeueable deps ti=<TaskInstance: usd_rate_fetcher.fetch_data_from_api scheduled__2020-01-30T00:00:00+00:00 [queued]>
[2025-06-03T15:20:05.429+0000] {taskinstance.py:1308} INFO - Starting attempt 1 of 3
[2025-06-03T15:20:05.443+0000] {taskinstance.py:1327} INFO - Executing <Task(_PythonDecoratedOperator): fetch_data_from_api> on 2020-01-30 00:00:00+00:00
[2025-06-03T15:20:05.450+0000] {standard_task_runner.py:57} INFO - Started process 14587 to run task
[2025-06-03T15:20:05.457+0000] {standard_task_runner.py:84} INFO - Running: ['***', 'tasks', 'run', 'usd_rate_fetcher', 'fetch_data_from_api', 'scheduled__2020-01-30T00:00:00+00:00', '--job-id', '8658', '--raw', '--subdir', 'DAGS_FOLDER/usd_rate_fetcher.py', '--cfg-path', '/tmp/tmpgm8b3w_9']
[2025-06-03T15:20:05.459+0000] {standard_task_runner.py:85} INFO - Job 8658: Subtask fetch_data_from_api
[2025-06-03T15:20:05.513+0000] {task_command.py:410} INFO - Running <TaskInstance: usd_rate_fetcher.fetch_data_from_api scheduled__2020-01-30T00:00:00+00:00 [running]> on host 40869fde016f
[2025-06-03T15:20:05.713+0000] {logging_mixin.py:150} WARNING - /home/***/.local/lib/python3.7/site-packages/***/utils/context.py:205 AirflowContextDeprecationWarning: Accessing 'execution_date' from the template is deprecated and will be removed in a future version. Please use 'data_interval_start' or 'logical_date' instead.
[2025-06-03T15:20:05.763+0000] {taskinstance.py:1547} INFO - Exporting env vars: AIRFLOW_CTX_DAG_OWNER='***' AIRFLOW_CTX_DAG_ID='usd_rate_fetcher' AIRFLOW_CTX_TASK_ID='fetch_data_from_api' AIRFLOW_CTX_EXECUTION_DATE='2020-01-30T00:00:00+00:00' AIRFLOW_CTX_TRY_NUMBER='1' AIRFLOW_CTX_DAG_RUN_ID='scheduled__2020-01-30T00:00:00+00:00'
[2025-06-03T15:20:05.771+0000] {usd_rate_fetcher.py:34} INFO - Переменная ['Доллар США', 'Евро', 'Гонконгский доллар', 'Юань', 'Фунт стерлингов']
[2025-06-03T15:20:05.781+0000] {usd_rate_fetcher.py:53} INFO - Fetching data for date: 30/01/2020
[2025-06-03T15:20:05.854+0000] {python.py:183} INFO - Done. Returned value was: {'date': datetime.date(2020, 1, 30), 'content': [{'Фунт стерлингов': 81.1988}, {'Доллар США': 62.3934}, {'Евро': 68.6764}]}
[2025-06-03T15:20:05.887+0000] {taskinstance.py:1350} INFO - Marking task as SUCCESS. dag_id=usd_rate_fetcher, task_id=fetch_data_from_api, execution_date=20200130T000000, start_date=20250603T152005, end_date=20250603T152005
[2025-06-03T15:20:05.949+0000] {local_task_job_runner.py:225} INFO - Task exited with return code 0
[2025-06-03T15:20:05.980+0000] {taskinstance.py:2653} INFO - 1 downstream tasks scheduled from follow-on schedule check
[2025-06-03T15:27:17.452+0000] {taskinstance.py:1103} INFO - Dependencies all met for dep_context=non-requeueable deps ti=<TaskInstance: usd_rate_fetcher.fetch_data_from_api scheduled__2020-01-30T00:00:00+00:00 [queued]>
[2025-06-03T15:27:17.460+0000] {taskinstance.py:1103} INFO - Dependencies all met for dep_context=requeueable deps ti=<TaskInstance: usd_rate_fetcher.fetch_data_from_api scheduled__2020-01-30T00:00:00+00:00 [queued]>
[2025-06-03T15:27:17.460+0000] {taskinstance.py:1308} INFO - Starting attempt 1 of 3
[2025-06-03T15:27:17.480+0000] {taskinstance.py:1327} INFO - Executing <Task(_PythonDecoratedOperator): fetch_data_from_api> on 2020-01-30 00:00:00+00:00
[2025-06-03T15:27:17.491+0000] {standard_task_runner.py:57} INFO - Started process 16927 to run task
[2025-06-03T15:27:17.511+0000] {standard_task_runner.py:84} INFO - Running: ['***', 'tasks', 'run', 'usd_rate_fetcher', 'fetch_data_from_api', 'scheduled__2020-01-30T00:00:00+00:00', '--job-id', '8803', '--raw', '--subdir', 'DAGS_FOLDER/usd_rate_fetcher.py', '--cfg-path', '/tmp/tmp5vuv88d8']
[2025-06-03T15:27:17.520+0000] {standard_task_runner.py:85} INFO - Job 8803: Subtask fetch_data_from_api
[2025-06-03T15:27:17.593+0000] {task_command.py:410} INFO - Running <TaskInstance: usd_rate_fetcher.fetch_data_from_api scheduled__2020-01-30T00:00:00+00:00 [running]> on host 40869fde016f
[2025-06-03T15:27:17.817+0000] {logging_mixin.py:150} WARNING - /home/***/.local/lib/python3.7/site-packages/***/utils/context.py:205 AirflowContextDeprecationWarning: Accessing 'execution_date' from the template is deprecated and will be removed in a future version. Please use 'data_interval_start' or 'logical_date' instead.
[2025-06-03T15:27:17.879+0000] {taskinstance.py:1547} INFO - Exporting env vars: AIRFLOW_CTX_DAG_OWNER='***' AIRFLOW_CTX_DAG_ID='usd_rate_fetcher' AIRFLOW_CTX_TASK_ID='fetch_data_from_api' AIRFLOW_CTX_EXECUTION_DATE='2020-01-30T00:00:00+00:00' AIRFLOW_CTX_TRY_NUMBER='1' AIRFLOW_CTX_DAG_RUN_ID='scheduled__2020-01-30T00:00:00+00:00'
[2025-06-03T15:27:17.889+0000] {usd_rate_fetcher.py:34} INFO - Переменная ['USD', 'EUR', 'HKD', 'CNY', 'GBP']
[2025-06-03T15:27:17.896+0000] {usd_rate_fetcher.py:53} INFO - Fetching data for date: 30/01/2020
[2025-06-03T15:27:17.942+0000] {python.py:183} INFO - Done. Returned value was: {'date': datetime.date(2020, 1, 30), 'content': [{'GBP': 81.1988}, {'HKD': 80.2591}, {'USD': 62.3934}, {'EUR': 68.6764}, {'CNY': 89.9468}]}
[2025-06-03T15:27:17.964+0000] {taskinstance.py:1350} INFO - Marking task as SUCCESS. dag_id=usd_rate_fetcher, task_id=fetch_data_from_api, execution_date=20200130T000000, start_date=20250603T152717, end_date=20250603T152717
[2025-06-03T15:27:17.990+0000] {local_task_job_runner.py:225} INFO - Task exited with return code 0
[2025-06-03T15:27:18.015+0000] {taskinstance.py:2653} INFO - 1 downstream tasks scheduled from follow-on schedule check
