[2025-06-03T09:17:32.846+0000] {taskinstance.py:1103} INFO - Dependencies all met for dep_context=non-requeueable deps ti=<TaskInstance: usd_rate_fetcher_taskflow.fetch_data_from_api scheduled__2000-01-14T00:00:00+00:00 [queued]>
[2025-06-03T09:17:32.853+0000] {taskinstance.py:1103} INFO - Dependencies all met for dep_context=requeueable deps ti=<TaskInstance: usd_rate_fetcher_taskflow.fetch_data_from_api scheduled__2000-01-14T00:00:00+00:00 [queued]>
[2025-06-03T09:17:32.853+0000] {taskinstance.py:1308} INFO - Starting attempt 1 of 3
[2025-06-03T09:17:32.867+0000] {taskinstance.py:1327} INFO - Executing <Task(_PythonDecoratedOperator): fetch_data_from_api> on 2000-01-14 00:00:00+00:00
[2025-06-03T09:17:32.883+0000] {standard_task_runner.py:84} INFO - Running: ['***', 'tasks', 'run', 'usd_rate_fetcher_taskflow', 'fetch_data_from_api', 'scheduled__2000-01-14T00:00:00+00:00', '--job-id', '7405', '--raw', '--subdir', 'DAGS_FOLDER/usd_rate_fetcher.py', '--cfg-path', '/tmp/tmp05xd1hfb']
[2025-06-03T09:17:32.884+0000] {standard_task_runner.py:85} INFO - Job 7405: Subtask fetch_data_from_api
[2025-06-03T09:17:32.888+0000] {standard_task_runner.py:57} INFO - Started process 465 to run task
[2025-06-03T09:17:32.944+0000] {task_command.py:410} INFO - Running <TaskInstance: usd_rate_fetcher_taskflow.fetch_data_from_api scheduled__2000-01-14T00:00:00+00:00 [running]> on host 40869fde016f
[2025-06-03T09:17:33.089+0000] {logging_mixin.py:150} WARNING - /home/***/.local/lib/python3.7/site-packages/***/utils/context.py:205 AirflowContextDeprecationWarning: Accessing 'execution_date' from the template is deprecated and will be removed in a future version. Please use 'data_interval_start' or 'logical_date' instead.
[2025-06-03T09:17:33.116+0000] {taskinstance.py:1547} INFO - Exporting env vars: AIRFLOW_CTX_DAG_OWNER='***' AIRFLOW_CTX_DAG_ID='usd_rate_fetcher_taskflow' AIRFLOW_CTX_TASK_ID='fetch_data_from_api' AIRFLOW_CTX_EXECUTION_DATE='2000-01-14T00:00:00+00:00' AIRFLOW_CTX_TRY_NUMBER='1' AIRFLOW_CTX_DAG_RUN_ID='scheduled__2000-01-14T00:00:00+00:00'
[2025-06-03T09:17:33.117+0000] {taskinstance.py:1824} ERROR - Task failed with exception
Traceback (most recent call last):
  File "/home/airflow/.local/lib/python3.7/site-packages/airflow/decorators/base.py", line 220, in execute
    return_value = super().execute(context)
  File "/home/airflow/.local/lib/python3.7/site-packages/airflow/operators/python.py", line 181, in execute
    return_value = self.execute_callable()
  File "/home/airflow/.local/lib/python3.7/site-packages/airflow/operators/python.py", line 198, in execute_callable
    return self.python_callable(*self.op_args, **self.op_kwargs)
  File "/opt/airflow/dags/usd_rate_fetcher.py", line 30, in fetch_data_from_api
    date_str = execution_date.strftime("%d/%m/%Y")
AttributeError: 'str' object has no attribute 'strftime'
[2025-06-03T09:17:33.123+0000] {taskinstance.py:1350} INFO - Marking task as UP_FOR_RETRY. dag_id=usd_rate_fetcher_taskflow, task_id=fetch_data_from_api, execution_date=20000114T000000, start_date=20250603T091732, end_date=20250603T091733
[2025-06-03T09:17:33.132+0000] {standard_task_runner.py:109} ERROR - Failed to execute job 7405 for task fetch_data_from_api ('str' object has no attribute 'strftime'; 465)
[2025-06-03T09:17:33.152+0000] {local_task_job_runner.py:225} INFO - Task exited with return code 1
[2025-06-03T09:17:33.169+0000] {taskinstance.py:2653} INFO - 0 downstream tasks scheduled from follow-on schedule check
[2025-06-03T09:34:45.938+0000] {taskinstance.py:1103} INFO - Dependencies all met for dep_context=non-requeueable deps ti=<TaskInstance: usd_rate_fetcher_taskflow.fetch_data_from_api scheduled__2000-01-14T00:00:00+00:00 [queued]>
[2025-06-03T09:34:45.955+0000] {taskinstance.py:1103} INFO - Dependencies all met for dep_context=requeueable deps ti=<TaskInstance: usd_rate_fetcher_taskflow.fetch_data_from_api scheduled__2000-01-14T00:00:00+00:00 [queued]>
[2025-06-03T09:34:45.955+0000] {taskinstance.py:1308} INFO - Starting attempt 1 of 3
[2025-06-03T09:34:45.981+0000] {taskinstance.py:1327} INFO - Executing <Task(_PythonDecoratedOperator): fetch_data_from_api> on 2000-01-14 00:00:00+00:00
[2025-06-03T09:34:45.989+0000] {standard_task_runner.py:57} INFO - Started process 9880 to run task
[2025-06-03T09:34:45.995+0000] {standard_task_runner.py:84} INFO - Running: ['***', 'tasks', 'run', 'usd_rate_fetcher_taskflow', 'fetch_data_from_api', 'scheduled__2000-01-14T00:00:00+00:00', '--job-id', '7978', '--raw', '--subdir', 'DAGS_FOLDER/usd_rate_fetcher.py', '--cfg-path', '/tmp/tmp1yj7ybmy']
[2025-06-03T09:34:45.997+0000] {standard_task_runner.py:85} INFO - Job 7978: Subtask fetch_data_from_api
[2025-06-03T09:34:46.075+0000] {task_command.py:410} INFO - Running <TaskInstance: usd_rate_fetcher_taskflow.fetch_data_from_api scheduled__2000-01-14T00:00:00+00:00 [running]> on host 40869fde016f
[2025-06-03T09:34:46.149+0000] {logging_mixin.py:150} WARNING - /home/***/.local/lib/python3.7/site-packages/***/utils/context.py:205 AirflowContextDeprecationWarning: Accessing 'execution_date' from the template is deprecated and will be removed in a future version. Please use 'data_interval_start' or 'logical_date' instead.
[2025-06-03T09:34:46.217+0000] {taskinstance.py:1547} INFO - Exporting env vars: AIRFLOW_CTX_DAG_OWNER='***' AIRFLOW_CTX_DAG_ID='usd_rate_fetcher_taskflow' AIRFLOW_CTX_TASK_ID='fetch_data_from_api' AIRFLOW_CTX_EXECUTION_DATE='2000-01-14T00:00:00+00:00' AIRFLOW_CTX_TRY_NUMBER='1' AIRFLOW_CTX_DAG_RUN_ID='scheduled__2000-01-14T00:00:00+00:00'
[2025-06-03T09:34:46.219+0000] {usd_rate_fetcher.py:34} INFO - Fetching data for date: 14/01/2000
[2025-06-03T09:34:46.538+0000] {python.py:183} INFO - Done. Returned value was: 28.65
[2025-06-03T09:34:46.569+0000] {taskinstance.py:1350} INFO - Marking task as SUCCESS. dag_id=usd_rate_fetcher_taskflow, task_id=fetch_data_from_api, execution_date=20000114T000000, start_date=20250603T093445, end_date=20250603T093446
[2025-06-03T09:34:46.627+0000] {local_task_job_runner.py:225} INFO - Task exited with return code 0
[2025-06-03T09:34:46.652+0000] {taskinstance.py:2653} INFO - 1 downstream tasks scheduled from follow-on schedule check
[2025-06-03T09:35:41.665+0000] {taskinstance.py:1103} INFO - Dependencies all met for dep_context=non-requeueable deps ti=<TaskInstance: usd_rate_fetcher_taskflow.fetch_data_from_api scheduled__2000-01-14T00:00:00+00:00 [queued]>
[2025-06-03T09:35:41.691+0000] {taskinstance.py:1103} INFO - Dependencies all met for dep_context=requeueable deps ti=<TaskInstance: usd_rate_fetcher_taskflow.fetch_data_from_api scheduled__2000-01-14T00:00:00+00:00 [queued]>
[2025-06-03T09:35:41.691+0000] {taskinstance.py:1308} INFO - Starting attempt 1 of 3
[2025-06-03T09:35:41.832+0000] {taskinstance.py:1327} INFO - Executing <Task(_PythonDecoratedOperator): fetch_data_from_api> on 2000-01-14 00:00:00+00:00
[2025-06-03T09:35:41.843+0000] {standard_task_runner.py:57} INFO - Started process 10293 to run task
[2025-06-03T09:35:41.864+0000] {standard_task_runner.py:84} INFO - Running: ['***', 'tasks', 'run', 'usd_rate_fetcher_taskflow', 'fetch_data_from_api', 'scheduled__2000-01-14T00:00:00+00:00', '--job-id', '8005', '--raw', '--subdir', 'DAGS_FOLDER/usd_rate_fetcher.py', '--cfg-path', '/tmp/tmp_mop21jz']
[2025-06-03T09:35:41.866+0000] {standard_task_runner.py:85} INFO - Job 8005: Subtask fetch_data_from_api
[2025-06-03T09:35:41.996+0000] {task_command.py:410} INFO - Running <TaskInstance: usd_rate_fetcher_taskflow.fetch_data_from_api scheduled__2000-01-14T00:00:00+00:00 [running]> on host 40869fde016f
[2025-06-03T09:35:42.383+0000] {logging_mixin.py:150} WARNING - /home/***/.local/lib/python3.7/site-packages/***/utils/context.py:205 AirflowContextDeprecationWarning: Accessing 'execution_date' from the template is deprecated and will be removed in a future version. Please use 'data_interval_start' or 'logical_date' instead.
[2025-06-03T09:35:42.443+0000] {taskinstance.py:1547} INFO - Exporting env vars: AIRFLOW_CTX_DAG_OWNER='***' AIRFLOW_CTX_DAG_ID='usd_rate_fetcher_taskflow' AIRFLOW_CTX_TASK_ID='fetch_data_from_api' AIRFLOW_CTX_EXECUTION_DATE='2000-01-14T00:00:00+00:00' AIRFLOW_CTX_TRY_NUMBER='1' AIRFLOW_CTX_DAG_RUN_ID='scheduled__2000-01-14T00:00:00+00:00'
[2025-06-03T09:35:42.447+0000] {usd_rate_fetcher.py:34} INFO - Fetching data for date: 14/01/2000
[2025-06-03T09:35:42.526+0000] {python.py:183} INFO - Done. Returned value was: 28.65
[2025-06-03T09:35:42.576+0000] {taskinstance.py:1350} INFO - Marking task as SUCCESS. dag_id=usd_rate_fetcher_taskflow, task_id=fetch_data_from_api, execution_date=20000114T000000, start_date=20250603T093541, end_date=20250603T093542
[2025-06-03T09:35:42.628+0000] {local_task_job_runner.py:225} INFO - Task exited with return code 0
[2025-06-03T09:35:42.659+0000] {taskinstance.py:2653} INFO - 1 downstream tasks scheduled from follow-on schedule check
