[2025-06-03T15:20:20.238+0000] {taskinstance.py:1103} INFO - Dependencies all met for dep_context=non-requeueable deps ti=<TaskInstance: usd_rate_fetcher.fetch_data_from_api scheduled__2020-03-04T00:00:00+00:00 [queued]>
[2025-06-03T15:20:20.247+0000] {taskinstance.py:1103} INFO - Dependencies all met for dep_context=requeueable deps ti=<TaskInstance: usd_rate_fetcher.fetch_data_from_api scheduled__2020-03-04T00:00:00+00:00 [queued]>
[2025-06-03T15:20:20.247+0000] {taskinstance.py:1308} INFO - Starting attempt 1 of 3
[2025-06-03T15:20:20.296+0000] {taskinstance.py:1327} INFO - Executing <Task(_PythonDecoratedOperator): fetch_data_from_api> on 2020-03-04 00:00:00+00:00
[2025-06-03T15:20:20.302+0000] {standard_task_runner.py:57} INFO - Started process 15516 to run task
[2025-06-03T15:20:20.304+0000] {standard_task_runner.py:84} INFO - Running: ['***', 'tasks', 'run', 'usd_rate_fetcher', 'fetch_data_from_api', 'scheduled__2020-03-04T00:00:00+00:00', '--job-id', '8724', '--raw', '--subdir', 'DAGS_FOLDER/usd_rate_fetcher.py', '--cfg-path', '/tmp/tmp9l9pakph']
[2025-06-03T15:20:20.313+0000] {standard_task_runner.py:85} INFO - Job 8724: Subtask fetch_data_from_api
[2025-06-03T15:20:20.358+0000] {task_command.py:410} INFO - Running <TaskInstance: usd_rate_fetcher.fetch_data_from_api scheduled__2020-03-04T00:00:00+00:00 [running]> on host 40869fde016f
[2025-06-03T15:20:20.602+0000] {logging_mixin.py:150} WARNING - /home/***/.local/lib/python3.7/site-packages/***/utils/context.py:205 AirflowContextDeprecationWarning: Accessing 'execution_date' from the template is deprecated and will be removed in a future version. Please use 'data_interval_start' or 'logical_date' instead.
[2025-06-03T15:20:20.648+0000] {taskinstance.py:1547} INFO - Exporting env vars: AIRFLOW_CTX_DAG_OWNER='***' AIRFLOW_CTX_DAG_ID='usd_rate_fetcher' AIRFLOW_CTX_TASK_ID='fetch_data_from_api' AIRFLOW_CTX_EXECUTION_DATE='2020-03-04T00:00:00+00:00' AIRFLOW_CTX_TRY_NUMBER='1' AIRFLOW_CTX_DAG_RUN_ID='scheduled__2020-03-04T00:00:00+00:00'
[2025-06-03T15:20:20.655+0000] {usd_rate_fetcher.py:34} INFO - Переменная ['Доллар США', 'Евро', 'Гонконгский доллар', 'Юань', 'Фунт стерлингов']
[2025-06-03T15:20:20.662+0000] {usd_rate_fetcher.py:53} INFO - Fetching data for date: 04/03/2020
[2025-06-03T15:20:20.705+0000] {python.py:183} INFO - Done. Returned value was: {'date': datetime.date(2020, 3, 4), 'content': [{'Фунт стерлингов': 84.9217}, {'Доллар США': 66.4437}, {'Евро': 73.9385}]}
[2025-06-03T15:20:20.745+0000] {taskinstance.py:1350} INFO - Marking task as SUCCESS. dag_id=usd_rate_fetcher, task_id=fetch_data_from_api, execution_date=20200304T000000, start_date=20250603T152020, end_date=20250603T152020
[2025-06-03T15:20:20.841+0000] {local_task_job_runner.py:225} INFO - Task exited with return code 0
[2025-06-03T15:20:20.869+0000] {taskinstance.py:2653} INFO - 1 downstream tasks scheduled from follow-on schedule check
[2025-06-03T15:29:35.748+0000] {taskinstance.py:1103} INFO - Dependencies all met for dep_context=non-requeueable deps ti=<TaskInstance: usd_rate_fetcher.fetch_data_from_api scheduled__2020-03-04T00:00:00+00:00 [queued]>
[2025-06-03T15:29:35.757+0000] {taskinstance.py:1103} INFO - Dependencies all met for dep_context=requeueable deps ti=<TaskInstance: usd_rate_fetcher.fetch_data_from_api scheduled__2020-03-04T00:00:00+00:00 [queued]>
[2025-06-03T15:29:35.757+0000] {taskinstance.py:1308} INFO - Starting attempt 1 of 3
[2025-06-03T15:29:35.775+0000] {taskinstance.py:1327} INFO - Executing <Task(_PythonDecoratedOperator): fetch_data_from_api> on 2020-03-04 00:00:00+00:00
[2025-06-03T15:29:35.783+0000] {standard_task_runner.py:57} INFO - Started process 17878 to run task
[2025-06-03T15:29:35.790+0000] {standard_task_runner.py:84} INFO - Running: ['***', 'tasks', 'run', 'usd_rate_fetcher', 'fetch_data_from_api', 'scheduled__2020-03-04T00:00:00+00:00', '--job-id', '8864', '--raw', '--subdir', 'DAGS_FOLDER/usd_rate_fetcher.py', '--cfg-path', '/tmp/tmpcmjcfbzn']
[2025-06-03T15:29:35.792+0000] {standard_task_runner.py:85} INFO - Job 8864: Subtask fetch_data_from_api
[2025-06-03T15:29:35.868+0000] {task_command.py:410} INFO - Running <TaskInstance: usd_rate_fetcher.fetch_data_from_api scheduled__2020-03-04T00:00:00+00:00 [running]> on host 40869fde016f
[2025-06-03T15:29:35.920+0000] {logging_mixin.py:150} WARNING - /home/***/.local/lib/python3.7/site-packages/***/utils/context.py:205 AirflowContextDeprecationWarning: Accessing 'execution_date' from the template is deprecated and will be removed in a future version. Please use 'data_interval_start' or 'logical_date' instead.
[2025-06-03T15:29:35.961+0000] {taskinstance.py:1547} INFO - Exporting env vars: AIRFLOW_CTX_DAG_OWNER='***' AIRFLOW_CTX_DAG_ID='usd_rate_fetcher' AIRFLOW_CTX_TASK_ID='fetch_data_from_api' AIRFLOW_CTX_EXECUTION_DATE='2020-03-04T00:00:00+00:00' AIRFLOW_CTX_TRY_NUMBER='1' AIRFLOW_CTX_DAG_RUN_ID='scheduled__2020-03-04T00:00:00+00:00'
[2025-06-03T15:29:35.969+0000] {usd_rate_fetcher.py:34} INFO - Переменная ['USD', 'EUR', 'HKD', 'CNY', 'GBP']
[2025-06-03T15:29:35.977+0000] {usd_rate_fetcher.py:53} INFO - Fetching data for date: 04/03/2020
[2025-06-03T15:29:36.025+0000] {python.py:183} INFO - Done. Returned value was: {'date': datetime.date(2020, 3, 4), 'content': [{'GBP': 84.9217}, {'HKD': 85.3922}, {'USD': 66.4437}, {'EUR': 73.9385}, {'CNY': 95.1779}]}
[2025-06-03T15:29:36.102+0000] {taskinstance.py:1350} INFO - Marking task as SUCCESS. dag_id=usd_rate_fetcher, task_id=fetch_data_from_api, execution_date=20200304T000000, start_date=20250603T152935, end_date=20250603T152936
[2025-06-03T15:29:36.242+0000] {local_task_job_runner.py:225} INFO - Task exited with return code 0
[2025-06-03T15:29:36.368+0000] {taskinstance.py:2653} INFO - 1 downstream tasks scheduled from follow-on schedule check
