[2025-06-03T15:30:17.367+0000] {taskinstance.py:1103} INFO - Dependencies all met for dep_context=non-requeueable deps ti=<TaskInstance: usd_rate_fetcher.save_data_to_db scheduled__2020-05-28T00:00:00+00:00 [queued]>
[2025-06-03T15:30:17.379+0000] {taskinstance.py:1103} INFO - Dependencies all met for dep_context=requeueable deps ti=<TaskInstance: usd_rate_fetcher.save_data_to_db scheduled__2020-05-28T00:00:00+00:00 [queued]>
[2025-06-03T15:30:17.379+0000] {taskinstance.py:1308} INFO - Starting attempt 1 of 3
[2025-06-03T15:30:17.401+0000] {taskinstance.py:1327} INFO - Executing <Task(_PythonDecoratedOperator): save_data_to_db> on 2020-05-28 00:00:00+00:00
[2025-06-03T15:30:17.411+0000] {standard_task_runner.py:57} INFO - Started process 20592 to run task
[2025-06-03T15:30:17.427+0000] {standard_task_runner.py:84} INFO - Running: ['***', 'tasks', 'run', 'usd_rate_fetcher', 'save_data_to_db', 'scheduled__2020-05-28T00:00:00+00:00', '--job-id', '9053', '--raw', '--subdir', 'DAGS_FOLDER/usd_rate_fetcher.py', '--cfg-path', '/tmp/tmppj1wyskq']
[2025-06-03T15:30:17.429+0000] {standard_task_runner.py:85} INFO - Job 9053: Subtask save_data_to_db
[2025-06-03T15:30:17.563+0000] {task_command.py:410} INFO - Running <TaskInstance: usd_rate_fetcher.save_data_to_db scheduled__2020-05-28T00:00:00+00:00 [running]> on host 40869fde016f
[2025-06-03T15:30:17.750+0000] {logging_mixin.py:150} WARNING - /home/***/.local/lib/python3.7/site-packages/***/utils/context.py:205 AirflowContextDeprecationWarning: Accessing 'execution_date' from the template is deprecated and will be removed in a future version. Please use 'data_interval_start' or 'logical_date' instead.
[2025-06-03T15:30:17.808+0000] {taskinstance.py:1547} INFO - Exporting env vars: AIRFLOW_CTX_DAG_OWNER='***' AIRFLOW_CTX_DAG_ID='usd_rate_fetcher' AIRFLOW_CTX_TASK_ID='save_data_to_db' AIRFLOW_CTX_EXECUTION_DATE='2020-05-28T00:00:00+00:00' AIRFLOW_CTX_TRY_NUMBER='1' AIRFLOW_CTX_DAG_RUN_ID='scheduled__2020-05-28T00:00:00+00:00'
[2025-06-03T15:30:17.809+0000] {usd_rate_fetcher.py:80} INFO - Received USD rate: {'date': datetime.date(2020, 5, 28), 'content': [{'GBP': 87.465}, {'HKD': 91.6629}, {'USD': 71.0635}, {'EUR': 77.9069}, {'CNY': 99.3312}]} for date 2020-05-28
[2025-06-03T15:30:17.827+0000] {base.py:73} INFO - Using connection ID 'pg_database' for task execution.
[2025-06-03T15:30:17.833+0000] {usd_rate_fetcher.py:103} INFO - Saved 87.47 for GBP on 2020-05-28
[2025-06-03T15:30:17.833+0000] {usd_rate_fetcher.py:103} INFO - Saved 91.66 for HKD on 2020-05-28
[2025-06-03T15:30:17.834+0000] {usd_rate_fetcher.py:103} INFO - Saved 71.06 for USD on 2020-05-28
[2025-06-03T15:30:17.834+0000] {usd_rate_fetcher.py:103} INFO - Saved 77.91 for EUR on 2020-05-28
[2025-06-03T15:30:17.834+0000] {usd_rate_fetcher.py:103} INFO - Saved 99.33 for CNY on 2020-05-28
[2025-06-03T15:30:17.837+0000] {python.py:183} INFO - Done. Returned value was: None
[2025-06-03T15:30:17.850+0000] {taskinstance.py:1350} INFO - Marking task as SUCCESS. dag_id=usd_rate_fetcher, task_id=save_data_to_db, execution_date=20200528T000000, start_date=20250603T153017, end_date=20250603T153017
[2025-06-03T15:30:17.885+0000] {local_task_job_runner.py:225} INFO - Task exited with return code 0
[2025-06-03T15:30:17.904+0000] {taskinstance.py:2653} INFO - 0 downstream tasks scheduled from follow-on schedule check
