[2025-06-03T15:20:12.737+0000] {taskinstance.py:1103} INFO - Dependencies all met for dep_context=non-requeueable deps ti=<TaskInstance: usd_rate_fetcher.fetch_data_from_api scheduled__2020-02-15T00:00:00+00:00 [queued]>
[2025-06-03T15:20:12.746+0000] {taskinstance.py:1103} INFO - Dependencies all met for dep_context=requeueable deps ti=<TaskInstance: usd_rate_fetcher.fetch_data_from_api scheduled__2020-02-15T00:00:00+00:00 [queued]>
[2025-06-03T15:20:12.746+0000] {taskinstance.py:1308} INFO - Starting attempt 1 of 3
[2025-06-03T15:20:12.769+0000] {taskinstance.py:1327} INFO - Executing <Task(_PythonDecoratedOperator): fetch_data_from_api> on 2020-02-15 00:00:00+00:00
[2025-06-03T15:20:12.776+0000] {standard_task_runner.py:57} INFO - Started process 15012 to run task
[2025-06-03T15:20:12.778+0000] {standard_task_runner.py:84} INFO - Running: ['***', 'tasks', 'run', 'usd_rate_fetcher', 'fetch_data_from_api', 'scheduled__2020-02-15T00:00:00+00:00', '--job-id', '8690', '--raw', '--subdir', 'DAGS_FOLDER/usd_rate_fetcher.py', '--cfg-path', '/tmp/tmps26rma3t']
[2025-06-03T15:20:12.780+0000] {standard_task_runner.py:85} INFO - Job 8690: Subtask fetch_data_from_api
[2025-06-03T15:20:12.825+0000] {task_command.py:410} INFO - Running <TaskInstance: usd_rate_fetcher.fetch_data_from_api scheduled__2020-02-15T00:00:00+00:00 [running]> on host 40869fde016f
[2025-06-03T15:20:13.167+0000] {logging_mixin.py:150} WARNING - /home/***/.local/lib/python3.7/site-packages/***/utils/context.py:205 AirflowContextDeprecationWarning: Accessing 'execution_date' from the template is deprecated and will be removed in a future version. Please use 'data_interval_start' or 'logical_date' instead.
[2025-06-03T15:20:13.227+0000] {taskinstance.py:1547} INFO - Exporting env vars: AIRFLOW_CTX_DAG_OWNER='***' AIRFLOW_CTX_DAG_ID='usd_rate_fetcher' AIRFLOW_CTX_TASK_ID='fetch_data_from_api' AIRFLOW_CTX_EXECUTION_DATE='2020-02-15T00:00:00+00:00' AIRFLOW_CTX_TRY_NUMBER='1' AIRFLOW_CTX_DAG_RUN_ID='scheduled__2020-02-15T00:00:00+00:00'
[2025-06-03T15:20:13.242+0000] {usd_rate_fetcher.py:34} INFO - Переменная ['Доллар США', 'Евро', 'Гонконгский доллар', 'Юань', 'Фунт стерлингов']
[2025-06-03T15:20:13.247+0000] {usd_rate_fetcher.py:53} INFO - Fetching data for date: 15/02/2020
[2025-06-03T15:20:13.308+0000] {python.py:183} INFO - Done. Returned value was: {'date': datetime.date(2020, 2, 15), 'content': [{'Фунт стерлингов': 82.7816}, {'Доллар США': 63.4536}, {'Евро': 68.771}]}
[2025-06-03T15:20:13.339+0000] {taskinstance.py:1350} INFO - Marking task as SUCCESS. dag_id=usd_rate_fetcher, task_id=fetch_data_from_api, execution_date=20200215T000000, start_date=20250603T152012, end_date=20250603T152013
[2025-06-03T15:20:13.397+0000] {local_task_job_runner.py:225} INFO - Task exited with return code 0
[2025-06-03T15:20:13.424+0000] {taskinstance.py:2653} INFO - 1 downstream tasks scheduled from follow-on schedule check
[2025-06-03T15:27:24.144+0000] {taskinstance.py:1103} INFO - Dependencies all met for dep_context=non-requeueable deps ti=<TaskInstance: usd_rate_fetcher.fetch_data_from_api scheduled__2020-02-15T00:00:00+00:00 [queued]>
[2025-06-03T15:27:24.178+0000] {taskinstance.py:1103} INFO - Dependencies all met for dep_context=requeueable deps ti=<TaskInstance: usd_rate_fetcher.fetch_data_from_api scheduled__2020-02-15T00:00:00+00:00 [queued]>
[2025-06-03T15:27:24.179+0000] {taskinstance.py:1308} INFO - Starting attempt 1 of 3
[2025-06-03T15:27:24.258+0000] {taskinstance.py:1327} INFO - Executing <Task(_PythonDecoratedOperator): fetch_data_from_api> on 2020-02-15 00:00:00+00:00
[2025-06-03T15:27:24.270+0000] {standard_task_runner.py:57} INFO - Started process 17377 to run task
[2025-06-03T15:27:24.278+0000] {standard_task_runner.py:84} INFO - Running: ['***', 'tasks', 'run', 'usd_rate_fetcher', 'fetch_data_from_api', 'scheduled__2020-02-15T00:00:00+00:00', '--job-id', '8836', '--raw', '--subdir', 'DAGS_FOLDER/usd_rate_fetcher.py', '--cfg-path', '/tmp/tmp1ndr2l0s']
[2025-06-03T15:27:24.281+0000] {standard_task_runner.py:85} INFO - Job 8836: Subtask fetch_data_from_api
[2025-06-03T15:27:24.334+0000] {task_command.py:410} INFO - Running <TaskInstance: usd_rate_fetcher.fetch_data_from_api scheduled__2020-02-15T00:00:00+00:00 [running]> on host 40869fde016f
[2025-06-03T15:27:24.571+0000] {logging_mixin.py:150} WARNING - /home/***/.local/lib/python3.7/site-packages/***/utils/context.py:205 AirflowContextDeprecationWarning: Accessing 'execution_date' from the template is deprecated and will be removed in a future version. Please use 'data_interval_start' or 'logical_date' instead.
[2025-06-03T15:27:24.620+0000] {taskinstance.py:1547} INFO - Exporting env vars: AIRFLOW_CTX_DAG_OWNER='***' AIRFLOW_CTX_DAG_ID='usd_rate_fetcher' AIRFLOW_CTX_TASK_ID='fetch_data_from_api' AIRFLOW_CTX_EXECUTION_DATE='2020-02-15T00:00:00+00:00' AIRFLOW_CTX_TRY_NUMBER='1' AIRFLOW_CTX_DAG_RUN_ID='scheduled__2020-02-15T00:00:00+00:00'
[2025-06-03T15:27:24.635+0000] {usd_rate_fetcher.py:34} INFO - Переменная ['USD', 'EUR', 'HKD', 'CNY', 'GBP']
[2025-06-03T15:27:24.639+0000] {usd_rate_fetcher.py:53} INFO - Fetching data for date: 15/02/2020
[2025-06-03T15:27:24.685+0000] {python.py:183} INFO - Done. Returned value was: {'date': datetime.date(2020, 2, 15), 'content': [{'GBP': 82.7816}, {'HKD': 81.6996}, {'USD': 63.4536}, {'EUR': 68.771}, {'CNY': 90.909}]}
[2025-06-03T15:27:24.723+0000] {taskinstance.py:1350} INFO - Marking task as SUCCESS. dag_id=usd_rate_fetcher, task_id=fetch_data_from_api, execution_date=20200215T000000, start_date=20250603T152724, end_date=20250603T152724
[2025-06-03T15:27:24.774+0000] {local_task_job_runner.py:225} INFO - Task exited with return code 0
[2025-06-03T15:27:24.797+0000] {taskinstance.py:2653} INFO - 1 downstream tasks scheduled from follow-on schedule check
