[2025-06-03T15:20:16.727+0000] {taskinstance.py:1103} INFO - Dependencies all met for dep_context=non-requeueable deps ti=<TaskInstance: usd_rate_fetcher.save_data_to_db scheduled__2020-03-01T00:00:00+00:00 [queued]>
[2025-06-03T15:20:16.734+0000] {taskinstance.py:1103} INFO - Dependencies all met for dep_context=requeueable deps ti=<TaskInstance: usd_rate_fetcher.save_data_to_db scheduled__2020-03-01T00:00:00+00:00 [queued]>
[2025-06-03T15:20:16.735+0000] {taskinstance.py:1308} INFO - Starting attempt 1 of 3
[2025-06-03T15:20:16.748+0000] {taskinstance.py:1327} INFO - Executing <Task(_PythonDecoratedOperator): save_data_to_db> on 2020-03-01 00:00:00+00:00
[2025-06-03T15:20:16.754+0000] {standard_task_runner.py:57} INFO - Started process 15388 to run task
[2025-06-03T15:20:16.756+0000] {standard_task_runner.py:84} INFO - Running: ['***', 'tasks', 'run', 'usd_rate_fetcher', 'save_data_to_db', 'scheduled__2020-03-01T00:00:00+00:00', '--job-id', '8719', '--raw', '--subdir', 'DAGS_FOLDER/usd_rate_fetcher.py', '--cfg-path', '/tmp/tmpcfxxcpq_']
[2025-06-03T15:20:16.758+0000] {standard_task_runner.py:85} INFO - Job 8719: Subtask save_data_to_db
[2025-06-03T15:20:16.795+0000] {task_command.py:410} INFO - Running <TaskInstance: usd_rate_fetcher.save_data_to_db scheduled__2020-03-01T00:00:00+00:00 [running]> on host 40869fde016f
[2025-06-03T15:20:16.957+0000] {logging_mixin.py:150} WARNING - /home/***/.local/lib/python3.7/site-packages/***/utils/context.py:205 AirflowContextDeprecationWarning: Accessing 'execution_date' from the template is deprecated and will be removed in a future version. Please use 'data_interval_start' or 'logical_date' instead.
[2025-06-03T15:20:16.989+0000] {taskinstance.py:1547} INFO - Exporting env vars: AIRFLOW_CTX_DAG_OWNER='***' AIRFLOW_CTX_DAG_ID='usd_rate_fetcher' AIRFLOW_CTX_TASK_ID='save_data_to_db' AIRFLOW_CTX_EXECUTION_DATE='2020-03-01T00:00:00+00:00' AIRFLOW_CTX_TRY_NUMBER='1' AIRFLOW_CTX_DAG_RUN_ID='scheduled__2020-03-01T00:00:00+00:00'
[2025-06-03T15:20:16.990+0000] {usd_rate_fetcher.py:80} INFO - Received USD rate: {'date': datetime.date(2020, 3, 1), 'content': [{'Фунт стерлингов': 86.2307}, {'Доллар США': 66.9909}, {'Евро': 73.7235}]} for date 2020-03-01
[2025-06-03T15:20:16.996+0000] {base.py:73} INFO - Using connection ID 'pg_database' for task execution.
[2025-06-03T15:20:17.000+0000] {usd_rate_fetcher.py:103} INFO - Saved 86.23 for Фунт стерлингов on 2020-03-01
[2025-06-03T15:20:17.000+0000] {usd_rate_fetcher.py:103} INFO - Saved 66.99 for Доллар США on 2020-03-01
[2025-06-03T15:20:17.001+0000] {usd_rate_fetcher.py:103} INFO - Saved 73.72 for Евро on 2020-03-01
[2025-06-03T15:20:17.002+0000] {python.py:183} INFO - Done. Returned value was: None
[2025-06-03T15:20:17.009+0000] {taskinstance.py:1350} INFO - Marking task as SUCCESS. dag_id=usd_rate_fetcher, task_id=save_data_to_db, execution_date=20200301T000000, start_date=20250603T152016, end_date=20250603T152017
[2025-06-03T15:20:17.050+0000] {local_task_job_runner.py:225} INFO - Task exited with return code 0
[2025-06-03T15:20:17.063+0000] {taskinstance.py:2653} INFO - 0 downstream tasks scheduled from follow-on schedule check
[2025-06-03T15:29:37.207+0000] {taskinstance.py:1103} INFO - Dependencies all met for dep_context=non-requeueable deps ti=<TaskInstance: usd_rate_fetcher.save_data_to_db scheduled__2020-03-01T00:00:00+00:00 [queued]>
[2025-06-03T15:29:37.222+0000] {taskinstance.py:1103} INFO - Dependencies all met for dep_context=requeueable deps ti=<TaskInstance: usd_rate_fetcher.save_data_to_db scheduled__2020-03-01T00:00:00+00:00 [queued]>
[2025-06-03T15:29:37.223+0000] {taskinstance.py:1308} INFO - Starting attempt 1 of 3
[2025-06-03T15:29:37.357+0000] {taskinstance.py:1327} INFO - Executing <Task(_PythonDecoratedOperator): save_data_to_db> on 2020-03-01 00:00:00+00:00
[2025-06-03T15:29:37.369+0000] {standard_task_runner.py:57} INFO - Started process 18057 to run task
[2025-06-03T15:29:37.383+0000] {standard_task_runner.py:84} INFO - Running: ['***', 'tasks', 'run', 'usd_rate_fetcher', 'save_data_to_db', 'scheduled__2020-03-01T00:00:00+00:00', '--job-id', '8873', '--raw', '--subdir', 'DAGS_FOLDER/usd_rate_fetcher.py', '--cfg-path', '/tmp/tmpoq3_jvjt']
[2025-06-03T15:29:37.386+0000] {standard_task_runner.py:85} INFO - Job 8873: Subtask save_data_to_db
[2025-06-03T15:29:37.469+0000] {task_command.py:410} INFO - Running <TaskInstance: usd_rate_fetcher.save_data_to_db scheduled__2020-03-01T00:00:00+00:00 [running]> on host 40869fde016f
[2025-06-03T15:29:37.737+0000] {logging_mixin.py:150} WARNING - /home/***/.local/lib/python3.7/site-packages/***/utils/context.py:205 AirflowContextDeprecationWarning: Accessing 'execution_date' from the template is deprecated and will be removed in a future version. Please use 'data_interval_start' or 'logical_date' instead.
[2025-06-03T15:29:37.798+0000] {taskinstance.py:1547} INFO - Exporting env vars: AIRFLOW_CTX_DAG_OWNER='***' AIRFLOW_CTX_DAG_ID='usd_rate_fetcher' AIRFLOW_CTX_TASK_ID='save_data_to_db' AIRFLOW_CTX_EXECUTION_DATE='2020-03-01T00:00:00+00:00' AIRFLOW_CTX_TRY_NUMBER='1' AIRFLOW_CTX_DAG_RUN_ID='scheduled__2020-03-01T00:00:00+00:00'
[2025-06-03T15:29:37.799+0000] {usd_rate_fetcher.py:80} INFO - Received USD rate: {'date': datetime.date(2020, 3, 1), 'content': [{'GBP': 86.2307}, {'HKD': 85.9508}, {'USD': 66.9909}, {'EUR': 73.7235}, {'CNY': 95.8341}]} for date 2020-03-01
[2025-06-03T15:29:37.809+0000] {base.py:73} INFO - Using connection ID 'pg_database' for task execution.
[2025-06-03T15:29:37.818+0000] {usd_rate_fetcher.py:103} INFO - Saved 86.23 for GBP on 2020-03-01
[2025-06-03T15:29:37.828+0000] {usd_rate_fetcher.py:103} INFO - Saved 85.95 for HKD on 2020-03-01
[2025-06-03T15:29:37.829+0000] {usd_rate_fetcher.py:103} INFO - Saved 66.99 for USD on 2020-03-01
[2025-06-03T15:29:37.829+0000] {usd_rate_fetcher.py:103} INFO - Saved 73.72 for EUR on 2020-03-01
[2025-06-03T15:29:37.830+0000] {usd_rate_fetcher.py:103} INFO - Saved 95.83 for CNY on 2020-03-01
[2025-06-03T15:29:37.833+0000] {python.py:183} INFO - Done. Returned value was: None
[2025-06-03T15:29:37.855+0000] {taskinstance.py:1350} INFO - Marking task as SUCCESS. dag_id=usd_rate_fetcher, task_id=save_data_to_db, execution_date=20200301T000000, start_date=20250603T152937, end_date=20250603T152937
[2025-06-03T15:29:37.923+0000] {local_task_job_runner.py:225} INFO - Task exited with return code 0
[2025-06-03T15:29:37.951+0000] {taskinstance.py:2653} INFO - 0 downstream tasks scheduled from follow-on schedule check
