[2025-06-03T09:18:01.092+0000] {taskinstance.py:1103} INFO - Dependencies all met for dep_context=non-requeueable deps ti=<TaskInstance: usd_rate_fetcher_taskflow.fetch_data_from_api scheduled__2000-01-19T00:00:00+00:00 [queued]>
[2025-06-03T09:18:01.101+0000] {taskinstance.py:1103} INFO - Dependencies all met for dep_context=requeueable deps ti=<TaskInstance: usd_rate_fetcher_taskflow.fetch_data_from_api scheduled__2000-01-19T00:00:00+00:00 [queued]>
[2025-06-03T09:18:01.102+0000] {taskinstance.py:1308} INFO - Starting attempt 1 of 3
[2025-06-03T09:18:01.120+0000] {taskinstance.py:1327} INFO - Executing <Task(_PythonDecoratedOperator): fetch_data_from_api> on 2000-01-19 00:00:00+00:00
[2025-06-03T09:18:01.127+0000] {standard_task_runner.py:57} INFO - Started process 1063 to run task
[2025-06-03T09:18:01.133+0000] {standard_task_runner.py:84} INFO - Running: ['***', 'tasks', 'run', 'usd_rate_fetcher_taskflow', 'fetch_data_from_api', 'scheduled__2000-01-19T00:00:00+00:00', '--job-id', '7442', '--raw', '--subdir', 'DAGS_FOLDER/usd_rate_fetcher.py', '--cfg-path', '/tmp/tmp90p12rif']
[2025-06-03T09:18:01.135+0000] {standard_task_runner.py:85} INFO - Job 7442: Subtask fetch_data_from_api
[2025-06-03T09:18:01.191+0000] {task_command.py:410} INFO - Running <TaskInstance: usd_rate_fetcher_taskflow.fetch_data_from_api scheduled__2000-01-19T00:00:00+00:00 [running]> on host 40869fde016f
[2025-06-03T09:18:01.469+0000] {logging_mixin.py:150} WARNING - /home/***/.local/lib/python3.7/site-packages/***/utils/context.py:205 AirflowContextDeprecationWarning: Accessing 'execution_date' from the template is deprecated and will be removed in a future version. Please use 'data_interval_start' or 'logical_date' instead.
[2025-06-03T09:18:01.519+0000] {taskinstance.py:1547} INFO - Exporting env vars: AIRFLOW_CTX_DAG_OWNER='***' AIRFLOW_CTX_DAG_ID='usd_rate_fetcher_taskflow' AIRFLOW_CTX_TASK_ID='fetch_data_from_api' AIRFLOW_CTX_EXECUTION_DATE='2000-01-19T00:00:00+00:00' AIRFLOW_CTX_TRY_NUMBER='1' AIRFLOW_CTX_DAG_RUN_ID='scheduled__2000-01-19T00:00:00+00:00'
[2025-06-03T09:18:01.521+0000] {taskinstance.py:1824} ERROR - Task failed with exception
Traceback (most recent call last):
  File "/home/airflow/.local/lib/python3.7/site-packages/airflow/decorators/base.py", line 220, in execute
    return_value = super().execute(context)
  File "/home/airflow/.local/lib/python3.7/site-packages/airflow/operators/python.py", line 181, in execute
    return_value = self.execute_callable()
  File "/home/airflow/.local/lib/python3.7/site-packages/airflow/operators/python.py", line 198, in execute_callable
    return self.python_callable(*self.op_args, **self.op_kwargs)
  File "/opt/airflow/dags/usd_rate_fetcher.py", line 30, in fetch_data_from_api
    date_str = execution_date.strftime("%d/%m/%Y")
AttributeError: 'str' object has no attribute 'strftime'
[2025-06-03T09:18:01.527+0000] {taskinstance.py:1350} INFO - Marking task as UP_FOR_RETRY. dag_id=usd_rate_fetcher_taskflow, task_id=fetch_data_from_api, execution_date=20000119T000000, start_date=20250603T091801, end_date=20250603T091801
[2025-06-03T09:18:01.538+0000] {standard_task_runner.py:109} ERROR - Failed to execute job 7442 for task fetch_data_from_api ('str' object has no attribute 'strftime'; 1063)
[2025-06-03T09:18:01.584+0000] {local_task_job_runner.py:225} INFO - Task exited with return code 1
[2025-06-03T09:18:01.610+0000] {taskinstance.py:2653} INFO - 0 downstream tasks scheduled from follow-on schedule check
[2025-06-03T09:35:47.547+0000] {taskinstance.py:1103} INFO - Dependencies all met for dep_context=non-requeueable deps ti=<TaskInstance: usd_rate_fetcher_taskflow.fetch_data_from_api scheduled__2000-01-19T00:00:00+00:00 [queued]>
[2025-06-03T09:35:47.572+0000] {taskinstance.py:1103} INFO - Dependencies all met for dep_context=requeueable deps ti=<TaskInstance: usd_rate_fetcher_taskflow.fetch_data_from_api scheduled__2000-01-19T00:00:00+00:00 [queued]>
[2025-06-03T09:35:47.572+0000] {taskinstance.py:1308} INFO - Starting attempt 1 of 3
[2025-06-03T09:35:47.662+0000] {taskinstance.py:1327} INFO - Executing <Task(_PythonDecoratedOperator): fetch_data_from_api> on 2000-01-19 00:00:00+00:00
[2025-06-03T09:35:47.675+0000] {standard_task_runner.py:57} INFO - Started process 10576 to run task
[2025-06-03T09:35:47.683+0000] {standard_task_runner.py:84} INFO - Running: ['***', 'tasks', 'run', 'usd_rate_fetcher_taskflow', 'fetch_data_from_api', 'scheduled__2000-01-19T00:00:00+00:00', '--job-id', '8024', '--raw', '--subdir', 'DAGS_FOLDER/usd_rate_fetcher.py', '--cfg-path', '/tmp/tmp_nego4bl']
[2025-06-03T09:35:47.705+0000] {standard_task_runner.py:85} INFO - Job 8024: Subtask fetch_data_from_api
[2025-06-03T09:35:47.770+0000] {task_command.py:410} INFO - Running <TaskInstance: usd_rate_fetcher_taskflow.fetch_data_from_api scheduled__2000-01-19T00:00:00+00:00 [running]> on host 40869fde016f
[2025-06-03T09:35:48.024+0000] {logging_mixin.py:150} WARNING - /home/***/.local/lib/python3.7/site-packages/***/utils/context.py:205 AirflowContextDeprecationWarning: Accessing 'execution_date' from the template is deprecated and will be removed in a future version. Please use 'data_interval_start' or 'logical_date' instead.
[2025-06-03T09:35:48.108+0000] {taskinstance.py:1547} INFO - Exporting env vars: AIRFLOW_CTX_DAG_OWNER='***' AIRFLOW_CTX_DAG_ID='usd_rate_fetcher_taskflow' AIRFLOW_CTX_TASK_ID='fetch_data_from_api' AIRFLOW_CTX_EXECUTION_DATE='2000-01-19T00:00:00+00:00' AIRFLOW_CTX_TRY_NUMBER='1' AIRFLOW_CTX_DAG_RUN_ID='scheduled__2000-01-19T00:00:00+00:00'
[2025-06-03T09:35:48.122+0000] {usd_rate_fetcher.py:34} INFO - Fetching data for date: 19/01/2000
[2025-06-03T09:35:48.237+0000] {python.py:183} INFO - Done. Returned value was: 28.57
[2025-06-03T09:35:48.314+0000] {taskinstance.py:1350} INFO - Marking task as SUCCESS. dag_id=usd_rate_fetcher_taskflow, task_id=fetch_data_from_api, execution_date=20000119T000000, start_date=20250603T093547, end_date=20250603T093548
[2025-06-03T09:35:48.551+0000] {local_task_job_runner.py:225} INFO - Task exited with return code 0
[2025-06-03T09:35:48.586+0000] {taskinstance.py:2653} INFO - 1 downstream tasks scheduled from follow-on schedule check
