[2025-06-03T09:17:33.022+0000] {taskinstance.py:1103} INFO - Dependencies all met for dep_context=non-requeueable deps ti=<TaskInstance: usd_rate_fetcher_taskflow.fetch_data_from_api scheduled__2000-01-15T00:00:00+00:00 [queued]>
[2025-06-03T09:17:33.028+0000] {taskinstance.py:1103} INFO - Dependencies all met for dep_context=requeueable deps ti=<TaskInstance: usd_rate_fetcher_taskflow.fetch_data_from_api scheduled__2000-01-15T00:00:00+00:00 [queued]>
[2025-06-03T09:17:33.028+0000] {taskinstance.py:1308} INFO - Starting attempt 1 of 3
[2025-06-03T09:17:33.038+0000] {taskinstance.py:1327} INFO - Executing <Task(_PythonDecoratedOperator): fetch_data_from_api> on 2000-01-15 00:00:00+00:00
[2025-06-03T09:17:33.043+0000] {standard_task_runner.py:57} INFO - Started process 467 to run task
[2025-06-03T09:17:33.045+0000] {standard_task_runner.py:84} INFO - Running: ['***', 'tasks', 'run', 'usd_rate_fetcher_taskflow', 'fetch_data_from_api', 'scheduled__2000-01-15T00:00:00+00:00', '--job-id', '7406', '--raw', '--subdir', 'DAGS_FOLDER/usd_rate_fetcher.py', '--cfg-path', '/tmp/tmp1ipp8v6o']
[2025-06-03T09:17:33.047+0000] {standard_task_runner.py:85} INFO - Job 7406: Subtask fetch_data_from_api
[2025-06-03T09:17:33.079+0000] {task_command.py:410} INFO - Running <TaskInstance: usd_rate_fetcher_taskflow.fetch_data_from_api scheduled__2000-01-15T00:00:00+00:00 [running]> on host 40869fde016f
[2025-06-03T09:17:33.214+0000] {logging_mixin.py:150} WARNING - /home/***/.local/lib/python3.7/site-packages/***/utils/context.py:205 AirflowContextDeprecationWarning: Accessing 'execution_date' from the template is deprecated and will be removed in a future version. Please use 'data_interval_start' or 'logical_date' instead.
[2025-06-03T09:17:33.237+0000] {taskinstance.py:1547} INFO - Exporting env vars: AIRFLOW_CTX_DAG_OWNER='***' AIRFLOW_CTX_DAG_ID='usd_rate_fetcher_taskflow' AIRFLOW_CTX_TASK_ID='fetch_data_from_api' AIRFLOW_CTX_EXECUTION_DATE='2000-01-15T00:00:00+00:00' AIRFLOW_CTX_TRY_NUMBER='1' AIRFLOW_CTX_DAG_RUN_ID='scheduled__2000-01-15T00:00:00+00:00'
[2025-06-03T09:17:33.238+0000] {taskinstance.py:1824} ERROR - Task failed with exception
Traceback (most recent call last):
  File "/home/airflow/.local/lib/python3.7/site-packages/airflow/decorators/base.py", line 220, in execute
    return_value = super().execute(context)
  File "/home/airflow/.local/lib/python3.7/site-packages/airflow/operators/python.py", line 181, in execute
    return_value = self.execute_callable()
  File "/home/airflow/.local/lib/python3.7/site-packages/airflow/operators/python.py", line 198, in execute_callable
    return self.python_callable(*self.op_args, **self.op_kwargs)
  File "/opt/airflow/dags/usd_rate_fetcher.py", line 30, in fetch_data_from_api
    date_str = execution_date.strftime("%d/%m/%Y")
AttributeError: 'str' object has no attribute 'strftime'
[2025-06-03T09:17:33.243+0000] {taskinstance.py:1350} INFO - Marking task as UP_FOR_RETRY. dag_id=usd_rate_fetcher_taskflow, task_id=fetch_data_from_api, execution_date=20000115T000000, start_date=20250603T091733, end_date=20250603T091733
[2025-06-03T09:17:33.250+0000] {standard_task_runner.py:109} ERROR - Failed to execute job 7406 for task fetch_data_from_api ('str' object has no attribute 'strftime'; 467)
[2025-06-03T09:17:33.298+0000] {local_task_job_runner.py:225} INFO - Task exited with return code 1
[2025-06-03T09:17:33.317+0000] {taskinstance.py:2653} INFO - 0 downstream tasks scheduled from follow-on schedule check
[2025-06-03T09:34:46.111+0000] {taskinstance.py:1103} INFO - Dependencies all met for dep_context=non-requeueable deps ti=<TaskInstance: usd_rate_fetcher_taskflow.fetch_data_from_api scheduled__2000-01-15T00:00:00+00:00 [queued]>
[2025-06-03T09:34:46.122+0000] {taskinstance.py:1103} INFO - Dependencies all met for dep_context=requeueable deps ti=<TaskInstance: usd_rate_fetcher_taskflow.fetch_data_from_api scheduled__2000-01-15T00:00:00+00:00 [queued]>
[2025-06-03T09:34:46.122+0000] {taskinstance.py:1308} INFO - Starting attempt 1 of 3
[2025-06-03T09:34:46.140+0000] {taskinstance.py:1327} INFO - Executing <Task(_PythonDecoratedOperator): fetch_data_from_api> on 2000-01-15 00:00:00+00:00
[2025-06-03T09:34:46.147+0000] {standard_task_runner.py:57} INFO - Started process 9885 to run task
[2025-06-03T09:34:46.150+0000] {standard_task_runner.py:84} INFO - Running: ['***', 'tasks', 'run', 'usd_rate_fetcher_taskflow', 'fetch_data_from_api', 'scheduled__2000-01-15T00:00:00+00:00', '--job-id', '7983', '--raw', '--subdir', 'DAGS_FOLDER/usd_rate_fetcher.py', '--cfg-path', '/tmp/tmpaxkvb6j7']
[2025-06-03T09:34:46.152+0000] {standard_task_runner.py:85} INFO - Job 7983: Subtask fetch_data_from_api
[2025-06-03T09:34:46.221+0000] {task_command.py:410} INFO - Running <TaskInstance: usd_rate_fetcher_taskflow.fetch_data_from_api scheduled__2000-01-15T00:00:00+00:00 [running]> on host 40869fde016f
[2025-06-03T09:34:46.524+0000] {logging_mixin.py:150} WARNING - /home/***/.local/lib/python3.7/site-packages/***/utils/context.py:205 AirflowContextDeprecationWarning: Accessing 'execution_date' from the template is deprecated and will be removed in a future version. Please use 'data_interval_start' or 'logical_date' instead.
[2025-06-03T09:34:46.606+0000] {taskinstance.py:1547} INFO - Exporting env vars: AIRFLOW_CTX_DAG_OWNER='***' AIRFLOW_CTX_DAG_ID='usd_rate_fetcher_taskflow' AIRFLOW_CTX_TASK_ID='fetch_data_from_api' AIRFLOW_CTX_EXECUTION_DATE='2000-01-15T00:00:00+00:00' AIRFLOW_CTX_TRY_NUMBER='1' AIRFLOW_CTX_DAG_RUN_ID='scheduled__2000-01-15T00:00:00+00:00'
[2025-06-03T09:34:46.609+0000] {usd_rate_fetcher.py:34} INFO - Fetching data for date: 15/01/2000
[2025-06-03T09:34:46.696+0000] {python.py:183} INFO - Done. Returned value was: 28.57
[2025-06-03T09:34:46.757+0000] {taskinstance.py:1350} INFO - Marking task as SUCCESS. dag_id=usd_rate_fetcher_taskflow, task_id=fetch_data_from_api, execution_date=20000115T000000, start_date=20250603T093446, end_date=20250603T093446
[2025-06-03T09:34:46.819+0000] {local_task_job_runner.py:225} INFO - Task exited with return code 0
[2025-06-03T09:34:46.846+0000] {taskinstance.py:2653} INFO - 1 downstream tasks scheduled from follow-on schedule check
[2025-06-03T09:35:42.306+0000] {taskinstance.py:1103} INFO - Dependencies all met for dep_context=non-requeueable deps ti=<TaskInstance: usd_rate_fetcher_taskflow.fetch_data_from_api scheduled__2000-01-15T00:00:00+00:00 [queued]>
[2025-06-03T09:35:42.316+0000] {taskinstance.py:1103} INFO - Dependencies all met for dep_context=requeueable deps ti=<TaskInstance: usd_rate_fetcher_taskflow.fetch_data_from_api scheduled__2000-01-15T00:00:00+00:00 [queued]>
[2025-06-03T09:35:42.317+0000] {taskinstance.py:1308} INFO - Starting attempt 1 of 3
[2025-06-03T09:35:42.334+0000] {taskinstance.py:1327} INFO - Executing <Task(_PythonDecoratedOperator): fetch_data_from_api> on 2000-01-15 00:00:00+00:00
[2025-06-03T09:35:42.345+0000] {standard_task_runner.py:57} INFO - Started process 10346 to run task
[2025-06-03T09:35:42.391+0000] {standard_task_runner.py:84} INFO - Running: ['***', 'tasks', 'run', 'usd_rate_fetcher_taskflow', 'fetch_data_from_api', 'scheduled__2000-01-15T00:00:00+00:00', '--job-id', '8008', '--raw', '--subdir', 'DAGS_FOLDER/usd_rate_fetcher.py', '--cfg-path', '/tmp/tmp5jjosfqo']
[2025-06-03T09:35:42.405+0000] {standard_task_runner.py:85} INFO - Job 8008: Subtask fetch_data_from_api
[2025-06-03T09:35:42.482+0000] {task_command.py:410} INFO - Running <TaskInstance: usd_rate_fetcher_taskflow.fetch_data_from_api scheduled__2000-01-15T00:00:00+00:00 [running]> on host 40869fde016f
[2025-06-03T09:35:42.546+0000] {logging_mixin.py:150} WARNING - /home/***/.local/lib/python3.7/site-packages/***/utils/context.py:205 AirflowContextDeprecationWarning: Accessing 'execution_date' from the template is deprecated and will be removed in a future version. Please use 'data_interval_start' or 'logical_date' instead.
[2025-06-03T09:35:42.654+0000] {taskinstance.py:1547} INFO - Exporting env vars: AIRFLOW_CTX_DAG_OWNER='***' AIRFLOW_CTX_DAG_ID='usd_rate_fetcher_taskflow' AIRFLOW_CTX_TASK_ID='fetch_data_from_api' AIRFLOW_CTX_EXECUTION_DATE='2000-01-15T00:00:00+00:00' AIRFLOW_CTX_TRY_NUMBER='1' AIRFLOW_CTX_DAG_RUN_ID='scheduled__2000-01-15T00:00:00+00:00'
[2025-06-03T09:35:42.658+0000] {usd_rate_fetcher.py:34} INFO - Fetching data for date: 15/01/2000
[2025-06-03T09:35:42.925+0000] {python.py:183} INFO - Done. Returned value was: 28.57
[2025-06-03T09:35:42.980+0000] {taskinstance.py:1350} INFO - Marking task as SUCCESS. dag_id=usd_rate_fetcher_taskflow, task_id=fetch_data_from_api, execution_date=20000115T000000, start_date=20250603T093542, end_date=20250603T093542
[2025-06-03T09:35:43.125+0000] {local_task_job_runner.py:225} INFO - Task exited with return code 0
[2025-06-03T09:35:43.182+0000] {taskinstance.py:2653} INFO - 1 downstream tasks scheduled from follow-on schedule check
