[2025-06-03T15:29:58.312+0000] {taskinstance.py:1103} INFO - Dependencies all met for dep_context=non-requeueable deps ti=<TaskInstance: usd_rate_fetcher.save_data_to_db scheduled__2020-04-13T00:00:00+00:00 [queued]>
[2025-06-03T15:29:58.324+0000] {taskinstance.py:1103} INFO - Dependencies all met for dep_context=requeueable deps ti=<TaskInstance: usd_rate_fetcher.save_data_to_db scheduled__2020-04-13T00:00:00+00:00 [queued]>
[2025-06-03T15:29:58.324+0000] {taskinstance.py:1308} INFO - Starting attempt 1 of 3
[2025-06-03T15:29:58.346+0000] {taskinstance.py:1327} INFO - Executing <Task(_PythonDecoratedOperator): save_data_to_db> on 2020-04-13 00:00:00+00:00
[2025-06-03T15:29:58.355+0000] {standard_task_runner.py:57} INFO - Started process 19295 to run task
[2025-06-03T15:29:58.360+0000] {standard_task_runner.py:84} INFO - Running: ['***', 'tasks', 'run', 'usd_rate_fetcher', 'save_data_to_db', 'scheduled__2020-04-13T00:00:00+00:00', '--job-id', '8961', '--raw', '--subdir', 'DAGS_FOLDER/usd_rate_fetcher.py', '--cfg-path', '/tmp/tmpv0bo0tmn']
[2025-06-03T15:29:58.364+0000] {standard_task_runner.py:85} INFO - Job 8961: Subtask save_data_to_db
[2025-06-03T15:29:58.458+0000] {task_command.py:410} INFO - Running <TaskInstance: usd_rate_fetcher.save_data_to_db scheduled__2020-04-13T00:00:00+00:00 [running]> on host 40869fde016f
[2025-06-03T15:29:58.603+0000] {logging_mixin.py:150} WARNING - /home/***/.local/lib/python3.7/site-packages/***/utils/context.py:205 AirflowContextDeprecationWarning: Accessing 'execution_date' from the template is deprecated and will be removed in a future version. Please use 'data_interval_start' or 'logical_date' instead.
[2025-06-03T15:29:58.694+0000] {taskinstance.py:1547} INFO - Exporting env vars: AIRFLOW_CTX_DAG_OWNER='***' AIRFLOW_CTX_DAG_ID='usd_rate_fetcher' AIRFLOW_CTX_TASK_ID='save_data_to_db' AIRFLOW_CTX_EXECUTION_DATE='2020-04-13T00:00:00+00:00' AIRFLOW_CTX_TRY_NUMBER='1' AIRFLOW_CTX_DAG_RUN_ID='scheduled__2020-04-13T00:00:00+00:00'
[2025-06-03T15:29:58.695+0000] {usd_rate_fetcher.py:80} INFO - Received USD rate: {'date': datetime.date(2020, 4, 13), 'content': [{'GBP': 91.9607}, {'HKD': 95.1252}, {'USD': 73.7515}, {'EUR': 80.7358}, {'CNY': 10.4826}]} for date 2020-04-13
[2025-06-03T15:29:58.706+0000] {base.py:73} INFO - Using connection ID 'pg_database' for task execution.
[2025-06-03T15:29:58.714+0000] {usd_rate_fetcher.py:103} INFO - Saved 91.96 for GBP on 2020-04-13
[2025-06-03T15:29:58.714+0000] {usd_rate_fetcher.py:103} INFO - Saved 95.13 for HKD on 2020-04-13
[2025-06-03T15:29:58.715+0000] {usd_rate_fetcher.py:103} INFO - Saved 73.75 for USD on 2020-04-13
[2025-06-03T15:29:58.715+0000] {usd_rate_fetcher.py:103} INFO - Saved 80.74 for EUR on 2020-04-13
[2025-06-03T15:29:58.716+0000] {usd_rate_fetcher.py:103} INFO - Saved 10.48 for CNY on 2020-04-13
[2025-06-03T15:29:58.723+0000] {python.py:183} INFO - Done. Returned value was: None
[2025-06-03T15:29:58.746+0000] {taskinstance.py:1350} INFO - Marking task as SUCCESS. dag_id=usd_rate_fetcher, task_id=save_data_to_db, execution_date=20200413T000000, start_date=20250603T152958, end_date=20250603T152958
[2025-06-03T15:29:58.784+0000] {local_task_job_runner.py:225} INFO - Task exited with return code 0
[2025-06-03T15:29:58.807+0000] {taskinstance.py:2653} INFO - 0 downstream tasks scheduled from follow-on schedule check
