[2025-06-03T15:19:56.080+0000] {taskinstance.py:1103} INFO - Dependencies all met for dep_context=non-requeueable deps ti=<TaskInstance: usd_rate_fetcher.fetch_data_from_api scheduled__2020-01-17T00:00:00+00:00 [queued]>
[2025-06-03T15:19:56.085+0000] {taskinstance.py:1103} INFO - Dependencies all met for dep_context=requeueable deps ti=<TaskInstance: usd_rate_fetcher.fetch_data_from_api scheduled__2020-01-17T00:00:00+00:00 [queued]>
[2025-06-03T15:19:56.085+0000] {taskinstance.py:1308} INFO - Starting attempt 1 of 3
[2025-06-03T15:19:56.095+0000] {taskinstance.py:1327} INFO - Executing <Task(_PythonDecoratedOperator): fetch_data_from_api> on 2020-01-17 00:00:00+00:00
[2025-06-03T15:19:56.101+0000] {standard_task_runner.py:57} INFO - Started process 14145 to run task
[2025-06-03T15:19:56.103+0000] {standard_task_runner.py:84} INFO - Running: ['***', 'tasks', 'run', 'usd_rate_fetcher', 'fetch_data_from_api', 'scheduled__2020-01-17T00:00:00+00:00', '--job-id', '8632', '--raw', '--subdir', 'DAGS_FOLDER/usd_rate_fetcher.py', '--cfg-path', '/tmp/tmp6uex27pa']
[2025-06-03T15:19:56.104+0000] {standard_task_runner.py:85} INFO - Job 8632: Subtask fetch_data_from_api
[2025-06-03T15:19:56.136+0000] {task_command.py:410} INFO - Running <TaskInstance: usd_rate_fetcher.fetch_data_from_api scheduled__2020-01-17T00:00:00+00:00 [running]> on host 40869fde016f
[2025-06-03T15:19:56.277+0000] {logging_mixin.py:150} WARNING - /home/***/.local/lib/python3.7/site-packages/***/utils/context.py:205 AirflowContextDeprecationWarning: Accessing 'execution_date' from the template is deprecated and will be removed in a future version. Please use 'data_interval_start' or 'logical_date' instead.
[2025-06-03T15:19:56.305+0000] {taskinstance.py:1547} INFO - Exporting env vars: AIRFLOW_CTX_DAG_OWNER='***' AIRFLOW_CTX_DAG_ID='usd_rate_fetcher' AIRFLOW_CTX_TASK_ID='fetch_data_from_api' AIRFLOW_CTX_EXECUTION_DATE='2020-01-17T00:00:00+00:00' AIRFLOW_CTX_TRY_NUMBER='1' AIRFLOW_CTX_DAG_RUN_ID='scheduled__2020-01-17T00:00:00+00:00'
[2025-06-03T15:19:56.311+0000] {usd_rate_fetcher.py:34} INFO - Переменная ['Доллар США', 'Евро', 'Гонконгский доллар', 'Юань', 'Фунт стерлингов']
[2025-06-03T15:19:56.315+0000] {usd_rate_fetcher.py:53} INFO - Fetching data for date: 17/01/2020
[2025-06-03T15:19:56.376+0000] {python.py:183} INFO - Done. Returned value was: {'date': datetime.date(2020, 1, 17), 'content': [{'Фунт стерлингов': 80.3111}, {'Доллар США': 61.5694}, {'Евро': 68.656}]}
[2025-06-03T15:19:56.393+0000] {taskinstance.py:1350} INFO - Marking task as SUCCESS. dag_id=usd_rate_fetcher, task_id=fetch_data_from_api, execution_date=20200117T000000, start_date=20250603T151956, end_date=20250603T151956
[2025-06-03T15:19:56.440+0000] {local_task_job_runner.py:225} INFO - Task exited with return code 0
[2025-06-03T15:19:56.458+0000] {taskinstance.py:2653} INFO - 1 downstream tasks scheduled from follow-on schedule check
[2025-06-03T15:27:14.315+0000] {taskinstance.py:1103} INFO - Dependencies all met for dep_context=non-requeueable deps ti=<TaskInstance: usd_rate_fetcher.fetch_data_from_api scheduled__2020-01-17T00:00:00+00:00 [queued]>
[2025-06-03T15:27:14.321+0000] {taskinstance.py:1103} INFO - Dependencies all met for dep_context=requeueable deps ti=<TaskInstance: usd_rate_fetcher.fetch_data_from_api scheduled__2020-01-17T00:00:00+00:00 [queued]>
[2025-06-03T15:27:14.321+0000] {taskinstance.py:1308} INFO - Starting attempt 1 of 3
[2025-06-03T15:27:14.333+0000] {taskinstance.py:1327} INFO - Executing <Task(_PythonDecoratedOperator): fetch_data_from_api> on 2020-01-17 00:00:00+00:00
[2025-06-03T15:27:14.339+0000] {standard_task_runner.py:57} INFO - Started process 16665 to run task
[2025-06-03T15:27:14.341+0000] {standard_task_runner.py:84} INFO - Running: ['***', 'tasks', 'run', 'usd_rate_fetcher', 'fetch_data_from_api', 'scheduled__2020-01-17T00:00:00+00:00', '--job-id', '8786', '--raw', '--subdir', 'DAGS_FOLDER/usd_rate_fetcher.py', '--cfg-path', '/tmp/tmpg3tw3eli']
[2025-06-03T15:27:14.342+0000] {standard_task_runner.py:85} INFO - Job 8786: Subtask fetch_data_from_api
[2025-06-03T15:27:14.374+0000] {task_command.py:410} INFO - Running <TaskInstance: usd_rate_fetcher.fetch_data_from_api scheduled__2020-01-17T00:00:00+00:00 [running]> on host 40869fde016f
[2025-06-03T15:27:14.521+0000] {logging_mixin.py:150} WARNING - /home/***/.local/lib/python3.7/site-packages/***/utils/context.py:205 AirflowContextDeprecationWarning: Accessing 'execution_date' from the template is deprecated and will be removed in a future version. Please use 'data_interval_start' or 'logical_date' instead.
[2025-06-03T15:27:14.554+0000] {taskinstance.py:1547} INFO - Exporting env vars: AIRFLOW_CTX_DAG_OWNER='***' AIRFLOW_CTX_DAG_ID='usd_rate_fetcher' AIRFLOW_CTX_TASK_ID='fetch_data_from_api' AIRFLOW_CTX_EXECUTION_DATE='2020-01-17T00:00:00+00:00' AIRFLOW_CTX_TRY_NUMBER='1' AIRFLOW_CTX_DAG_RUN_ID='scheduled__2020-01-17T00:00:00+00:00'
[2025-06-03T15:27:14.561+0000] {usd_rate_fetcher.py:34} INFO - Переменная ['USD', 'EUR', 'HKD', 'CNY', 'GBP']
[2025-06-03T15:27:14.565+0000] {usd_rate_fetcher.py:53} INFO - Fetching data for date: 17/01/2020
[2025-06-03T15:27:14.627+0000] {python.py:183} INFO - Done. Returned value was: {'date': datetime.date(2020, 1, 17), 'content': [{'GBP': 80.3111}, {'HKD': 79.2103}, {'USD': 61.5694}, {'EUR': 68.656}, {'CNY': 89.4215}]}
[2025-06-03T15:27:14.645+0000] {taskinstance.py:1350} INFO - Marking task as SUCCESS. dag_id=usd_rate_fetcher, task_id=fetch_data_from_api, execution_date=20200117T000000, start_date=20250603T152714, end_date=20250603T152714
[2025-06-03T15:27:14.674+0000] {local_task_job_runner.py:225} INFO - Task exited with return code 0
[2025-06-03T15:27:14.692+0000] {taskinstance.py:2653} INFO - 1 downstream tasks scheduled from follow-on schedule check
