[2025-06-03T15:29:50.400+0000] {taskinstance.py:1103} INFO - Dependencies all met for dep_context=non-requeueable deps ti=<TaskInstance: usd_rate_fetcher.save_data_to_db scheduled__2020-04-08T00:00:00+00:00 [queued]>
[2025-06-03T15:29:50.407+0000] {taskinstance.py:1103} INFO - Dependencies all met for dep_context=requeueable deps ti=<TaskInstance: usd_rate_fetcher.save_data_to_db scheduled__2020-04-08T00:00:00+00:00 [queued]>
[2025-06-03T15:29:50.407+0000] {taskinstance.py:1308} INFO - Starting attempt 1 of 3
[2025-06-03T15:29:50.422+0000] {taskinstance.py:1327} INFO - Executing <Task(_PythonDecoratedOperator): save_data_to_db> on 2020-04-08 00:00:00+00:00
[2025-06-03T15:29:50.428+0000] {standard_task_runner.py:57} INFO - Started process 18989 to run task
[2025-06-03T15:29:50.430+0000] {standard_task_runner.py:84} INFO - Running: ['***', 'tasks', 'run', 'usd_rate_fetcher', 'save_data_to_db', 'scheduled__2020-04-08T00:00:00+00:00', '--job-id', '8944', '--raw', '--subdir', 'DAGS_FOLDER/usd_rate_fetcher.py', '--cfg-path', '/tmp/tmpea6wwskh']
[2025-06-03T15:29:50.432+0000] {standard_task_runner.py:85} INFO - Job 8944: Subtask save_data_to_db
[2025-06-03T15:29:50.470+0000] {task_command.py:410} INFO - Running <TaskInstance: usd_rate_fetcher.save_data_to_db scheduled__2020-04-08T00:00:00+00:00 [running]> on host 40869fde016f
[2025-06-03T15:29:50.674+0000] {logging_mixin.py:150} WARNING - /home/***/.local/lib/python3.7/site-packages/***/utils/context.py:205 AirflowContextDeprecationWarning: Accessing 'execution_date' from the template is deprecated and will be removed in a future version. Please use 'data_interval_start' or 'logical_date' instead.
[2025-06-03T15:29:50.713+0000] {taskinstance.py:1547} INFO - Exporting env vars: AIRFLOW_CTX_DAG_OWNER='***' AIRFLOW_CTX_DAG_ID='usd_rate_fetcher' AIRFLOW_CTX_TASK_ID='save_data_to_db' AIRFLOW_CTX_EXECUTION_DATE='2020-04-08T00:00:00+00:00' AIRFLOW_CTX_TRY_NUMBER='1' AIRFLOW_CTX_DAG_RUN_ID='scheduled__2020-04-08T00:00:00+00:00'
[2025-06-03T15:29:50.714+0000] {usd_rate_fetcher.py:80} INFO - Received USD rate: {'date': datetime.date(2020, 4, 8), 'content': [{'GBP': 93.0662}, {'HKD': 97.3224}, {'USD': 75.455}, {'EUR': 82.012}, {'CNY': 10.696}]} for date 2020-04-08
[2025-06-03T15:29:50.722+0000] {base.py:73} INFO - Using connection ID 'pg_database' for task execution.
[2025-06-03T15:29:50.726+0000] {usd_rate_fetcher.py:103} INFO - Saved 93.07 for GBP on 2020-04-08
[2025-06-03T15:29:50.727+0000] {usd_rate_fetcher.py:103} INFO - Saved 97.32 for HKD on 2020-04-08
[2025-06-03T15:29:50.727+0000] {usd_rate_fetcher.py:103} INFO - Saved 75.45 for USD on 2020-04-08
[2025-06-03T15:29:50.728+0000] {usd_rate_fetcher.py:103} INFO - Saved 82.01 for EUR on 2020-04-08
[2025-06-03T15:29:50.728+0000] {usd_rate_fetcher.py:103} INFO - Saved 10.70 for CNY on 2020-04-08
[2025-06-03T15:29:50.730+0000] {python.py:183} INFO - Done. Returned value was: None
[2025-06-03T15:29:50.740+0000] {taskinstance.py:1350} INFO - Marking task as SUCCESS. dag_id=usd_rate_fetcher, task_id=save_data_to_db, execution_date=20200408T000000, start_date=20250603T152950, end_date=20250603T152950
[2025-06-03T15:29:50.767+0000] {local_task_job_runner.py:225} INFO - Task exited with return code 0
[2025-06-03T15:29:50.781+0000] {taskinstance.py:2653} INFO - 0 downstream tasks scheduled from follow-on schedule check
