[2025-06-03T15:20:21.477+0000] {taskinstance.py:1103} INFO - Dependencies all met for dep_context=non-requeueable deps ti=<TaskInstance: usd_rate_fetcher.save_data_to_db scheduled__2020-03-08T00:00:00+00:00 [queued]>
[2025-06-03T15:20:21.487+0000] {taskinstance.py:1103} INFO - Dependencies all met for dep_context=requeueable deps ti=<TaskInstance: usd_rate_fetcher.save_data_to_db scheduled__2020-03-08T00:00:00+00:00 [queued]>
[2025-06-03T15:20:21.487+0000] {taskinstance.py:1308} INFO - Starting attempt 1 of 3
[2025-06-03T15:20:21.512+0000] {taskinstance.py:1327} INFO - Executing <Task(_PythonDecoratedOperator): save_data_to_db> on 2020-03-08 00:00:00+00:00
[2025-06-03T15:20:21.550+0000] {standard_task_runner.py:57} INFO - Started process 15781 to run task
[2025-06-03T15:20:21.561+0000] {standard_task_runner.py:84} INFO - Running: ['***', 'tasks', 'run', 'usd_rate_fetcher', 'save_data_to_db', 'scheduled__2020-03-08T00:00:00+00:00', '--job-id', '8743', '--raw', '--subdir', 'DAGS_FOLDER/usd_rate_fetcher.py', '--cfg-path', '/tmp/tmp97gjd4c6']
[2025-06-03T15:20:21.563+0000] {standard_task_runner.py:85} INFO - Job 8743: Subtask save_data_to_db
[2025-06-03T15:20:21.661+0000] {task_command.py:410} INFO - Running <TaskInstance: usd_rate_fetcher.save_data_to_db scheduled__2020-03-08T00:00:00+00:00 [running]> on host 40869fde016f
[2025-06-03T15:20:21.770+0000] {logging_mixin.py:150} WARNING - /home/***/.local/lib/python3.7/site-packages/***/utils/context.py:205 AirflowContextDeprecationWarning: Accessing 'execution_date' from the template is deprecated and will be removed in a future version. Please use 'data_interval_start' or 'logical_date' instead.
[2025-06-03T15:20:21.878+0000] {taskinstance.py:1547} INFO - Exporting env vars: AIRFLOW_CTX_DAG_OWNER='***' AIRFLOW_CTX_DAG_ID='usd_rate_fetcher' AIRFLOW_CTX_TASK_ID='save_data_to_db' AIRFLOW_CTX_EXECUTION_DATE='2020-03-08T00:00:00+00:00' AIRFLOW_CTX_TRY_NUMBER='1' AIRFLOW_CTX_DAG_RUN_ID='scheduled__2020-03-08T00:00:00+00:00'
[2025-06-03T15:20:21.879+0000] {usd_rate_fetcher.py:80} INFO - Received USD rate: {'date': datetime.date(2020, 3, 8), 'content': [{'Фунт стерлингов': 87.5972}, {'Доллар США': 67.5175}, {'Евро': 75.8424}]} for date 2020-03-08
[2025-06-03T15:20:21.890+0000] {base.py:73} INFO - Using connection ID 'pg_database' for task execution.
[2025-06-03T15:20:21.894+0000] {usd_rate_fetcher.py:103} INFO - Saved 87.60 for Фунт стерлингов on 2020-03-08
[2025-06-03T15:20:21.895+0000] {usd_rate_fetcher.py:103} INFO - Saved 67.52 for Доллар США on 2020-03-08
[2025-06-03T15:20:21.895+0000] {usd_rate_fetcher.py:103} INFO - Saved 75.84 for Евро on 2020-03-08
[2025-06-03T15:20:21.896+0000] {python.py:183} INFO - Done. Returned value was: None
[2025-06-03T15:20:21.905+0000] {taskinstance.py:1350} INFO - Marking task as SUCCESS. dag_id=usd_rate_fetcher, task_id=save_data_to_db, execution_date=20200308T000000, start_date=20250603T152021, end_date=20250603T152021
[2025-06-03T15:20:21.951+0000] {local_task_job_runner.py:225} INFO - Task exited with return code 0
[2025-06-03T15:20:21.974+0000] {taskinstance.py:2653} INFO - 0 downstream tasks scheduled from follow-on schedule check
[2025-06-03T15:29:38.434+0000] {taskinstance.py:1103} INFO - Dependencies all met for dep_context=non-requeueable deps ti=<TaskInstance: usd_rate_fetcher.save_data_to_db scheduled__2020-03-08T00:00:00+00:00 [queued]>
[2025-06-03T15:29:38.444+0000] {taskinstance.py:1103} INFO - Dependencies all met for dep_context=requeueable deps ti=<TaskInstance: usd_rate_fetcher.save_data_to_db scheduled__2020-03-08T00:00:00+00:00 [queued]>
[2025-06-03T15:29:38.444+0000] {taskinstance.py:1308} INFO - Starting attempt 1 of 3
[2025-06-03T15:29:38.460+0000] {taskinstance.py:1327} INFO - Executing <Task(_PythonDecoratedOperator): save_data_to_db> on 2020-03-08 00:00:00+00:00
[2025-06-03T15:29:38.467+0000] {standard_task_runner.py:57} INFO - Started process 18097 to run task
[2025-06-03T15:29:38.470+0000] {standard_task_runner.py:84} INFO - Running: ['***', 'tasks', 'run', 'usd_rate_fetcher', 'save_data_to_db', 'scheduled__2020-03-08T00:00:00+00:00', '--job-id', '8883', '--raw', '--subdir', 'DAGS_FOLDER/usd_rate_fetcher.py', '--cfg-path', '/tmp/tmpxkd8bc9l']
[2025-06-03T15:29:38.472+0000] {standard_task_runner.py:85} INFO - Job 8883: Subtask save_data_to_db
[2025-06-03T15:29:38.536+0000] {task_command.py:410} INFO - Running <TaskInstance: usd_rate_fetcher.save_data_to_db scheduled__2020-03-08T00:00:00+00:00 [running]> on host 40869fde016f
[2025-06-03T15:29:38.758+0000] {logging_mixin.py:150} WARNING - /home/***/.local/lib/python3.7/site-packages/***/utils/context.py:205 AirflowContextDeprecationWarning: Accessing 'execution_date' from the template is deprecated and will be removed in a future version. Please use 'data_interval_start' or 'logical_date' instead.
[2025-06-03T15:29:38.790+0000] {taskinstance.py:1547} INFO - Exporting env vars: AIRFLOW_CTX_DAG_OWNER='***' AIRFLOW_CTX_DAG_ID='usd_rate_fetcher' AIRFLOW_CTX_TASK_ID='save_data_to_db' AIRFLOW_CTX_EXECUTION_DATE='2020-03-08T00:00:00+00:00' AIRFLOW_CTX_TRY_NUMBER='1' AIRFLOW_CTX_DAG_RUN_ID='scheduled__2020-03-08T00:00:00+00:00'
[2025-06-03T15:29:38.791+0000] {usd_rate_fetcher.py:80} INFO - Received USD rate: {'date': datetime.date(2020, 3, 8), 'content': [{'GBP': 87.5972}, {'HKD': 86.8716}, {'USD': 67.5175}, {'EUR': 75.8424}, {'CNY': 97.2861}]} for date 2020-03-08
[2025-06-03T15:29:38.798+0000] {base.py:73} INFO - Using connection ID 'pg_database' for task execution.
[2025-06-03T15:29:38.802+0000] {usd_rate_fetcher.py:103} INFO - Saved 87.60 for GBP on 2020-03-08
[2025-06-03T15:29:38.803+0000] {usd_rate_fetcher.py:103} INFO - Saved 86.87 for HKD on 2020-03-08
[2025-06-03T15:29:38.803+0000] {usd_rate_fetcher.py:103} INFO - Saved 67.52 for USD on 2020-03-08
[2025-06-03T15:29:38.804+0000] {usd_rate_fetcher.py:103} INFO - Saved 75.84 for EUR on 2020-03-08
[2025-06-03T15:29:38.804+0000] {usd_rate_fetcher.py:103} INFO - Saved 97.29 for CNY on 2020-03-08
[2025-06-03T15:29:38.806+0000] {python.py:183} INFO - Done. Returned value was: None
[2025-06-03T15:29:38.813+0000] {taskinstance.py:1350} INFO - Marking task as SUCCESS. dag_id=usd_rate_fetcher, task_id=save_data_to_db, execution_date=20200308T000000, start_date=20250603T152938, end_date=20250603T152938
[2025-06-03T15:29:38.844+0000] {local_task_job_runner.py:225} INFO - Task exited with return code 0
[2025-06-03T15:29:38.862+0000] {taskinstance.py:2653} INFO - 0 downstream tasks scheduled from follow-on schedule check
