[2025-06-03T15:20:00.344+0000] {taskinstance.py:1103} INFO - Dependencies all met for dep_context=non-requeueable deps ti=<TaskInstance: usd_rate_fetcher.save_data_to_db scheduled__2020-01-25T00:00:00+00:00 [queued]>
[2025-06-03T15:20:00.354+0000] {taskinstance.py:1103} INFO - Dependencies all met for dep_context=requeueable deps ti=<TaskInstance: usd_rate_fetcher.save_data_to_db scheduled__2020-01-25T00:00:00+00:00 [queued]>
[2025-06-03T15:20:00.354+0000] {taskinstance.py:1308} INFO - Starting attempt 1 of 3
[2025-06-03T15:20:00.368+0000] {taskinstance.py:1327} INFO - Executing <Task(_PythonDecoratedOperator): save_data_to_db> on 2020-01-25 00:00:00+00:00
[2025-06-03T15:20:00.377+0000] {standard_task_runner.py:57} INFO - Started process 14487 to run task
[2025-06-03T15:20:00.379+0000] {standard_task_runner.py:84} INFO - Running: ['***', 'tasks', 'run', 'usd_rate_fetcher', 'save_data_to_db', 'scheduled__2020-01-25T00:00:00+00:00', '--job-id', '8649', '--raw', '--subdir', 'DAGS_FOLDER/usd_rate_fetcher.py', '--cfg-path', '/tmp/tmpdcyaw4tv']
[2025-06-03T15:20:00.381+0000] {standard_task_runner.py:85} INFO - Job 8649: Subtask save_data_to_db
[2025-06-03T15:20:00.424+0000] {task_command.py:410} INFO - Running <TaskInstance: usd_rate_fetcher.save_data_to_db scheduled__2020-01-25T00:00:00+00:00 [running]> on host 40869fde016f
[2025-06-03T15:20:00.646+0000] {logging_mixin.py:150} WARNING - /home/***/.local/lib/python3.7/site-packages/***/utils/context.py:205 AirflowContextDeprecationWarning: Accessing 'execution_date' from the template is deprecated and will be removed in a future version. Please use 'data_interval_start' or 'logical_date' instead.
[2025-06-03T15:20:00.693+0000] {taskinstance.py:1547} INFO - Exporting env vars: AIRFLOW_CTX_DAG_OWNER='***' AIRFLOW_CTX_DAG_ID='usd_rate_fetcher' AIRFLOW_CTX_TASK_ID='save_data_to_db' AIRFLOW_CTX_EXECUTION_DATE='2020-01-25T00:00:00+00:00' AIRFLOW_CTX_TRY_NUMBER='1' AIRFLOW_CTX_DAG_RUN_ID='scheduled__2020-01-25T00:00:00+00:00'
[2025-06-03T15:20:00.694+0000] {usd_rate_fetcher.py:80} INFO - Received USD rate: {'date': datetime.date(2020, 1, 25), 'content': [{'Фунт стерлингов': 81.1104}, {'Доллар США': 61.8031}, {'Евро': 68.2924}]} for date 2020-01-25
[2025-06-03T15:20:00.706+0000] {base.py:73} INFO - Using connection ID 'pg_database' for task execution.
[2025-06-03T15:20:00.713+0000] {usd_rate_fetcher.py:103} INFO - Saved 81.11 for Фунт стерлингов on 2020-01-25
[2025-06-03T15:20:00.714+0000] {usd_rate_fetcher.py:103} INFO - Saved 61.80 for Доллар США on 2020-01-25
[2025-06-03T15:20:00.714+0000] {usd_rate_fetcher.py:103} INFO - Saved 68.29 for Евро on 2020-01-25
[2025-06-03T15:20:00.715+0000] {python.py:183} INFO - Done. Returned value was: None
[2025-06-03T15:20:00.730+0000] {taskinstance.py:1350} INFO - Marking task as SUCCESS. dag_id=usd_rate_fetcher, task_id=save_data_to_db, execution_date=20200125T000000, start_date=20250603T152000, end_date=20250603T152000
[2025-06-03T15:20:00.756+0000] {local_task_job_runner.py:225} INFO - Task exited with return code 0
[2025-06-03T15:20:00.783+0000] {taskinstance.py:2653} INFO - 0 downstream tasks scheduled from follow-on schedule check
[2025-06-03T15:27:18.015+0000] {taskinstance.py:1103} INFO - Dependencies all met for dep_context=non-requeueable deps ti=<TaskInstance: usd_rate_fetcher.save_data_to_db scheduled__2020-01-25T00:00:00+00:00 [queued]>
[2025-06-03T15:27:18.024+0000] {taskinstance.py:1103} INFO - Dependencies all met for dep_context=requeueable deps ti=<TaskInstance: usd_rate_fetcher.save_data_to_db scheduled__2020-01-25T00:00:00+00:00 [queued]>
[2025-06-03T15:27:18.024+0000] {taskinstance.py:1308} INFO - Starting attempt 1 of 3
[2025-06-03T15:27:18.041+0000] {taskinstance.py:1327} INFO - Executing <Task(_PythonDecoratedOperator): save_data_to_db> on 2020-01-25 00:00:00+00:00
[2025-06-03T15:27:18.047+0000] {standard_task_runner.py:57} INFO - Started process 16946 to run task
[2025-06-03T15:27:18.050+0000] {standard_task_runner.py:84} INFO - Running: ['***', 'tasks', 'run', 'usd_rate_fetcher', 'save_data_to_db', 'scheduled__2020-01-25T00:00:00+00:00', '--job-id', '8806', '--raw', '--subdir', 'DAGS_FOLDER/usd_rate_fetcher.py', '--cfg-path', '/tmp/tmpaud5uza8']
[2025-06-03T15:27:18.052+0000] {standard_task_runner.py:85} INFO - Job 8806: Subtask save_data_to_db
[2025-06-03T15:27:18.090+0000] {task_command.py:410} INFO - Running <TaskInstance: usd_rate_fetcher.save_data_to_db scheduled__2020-01-25T00:00:00+00:00 [running]> on host 40869fde016f
[2025-06-03T15:27:18.259+0000] {logging_mixin.py:150} WARNING - /home/***/.local/lib/python3.7/site-packages/***/utils/context.py:205 AirflowContextDeprecationWarning: Accessing 'execution_date' from the template is deprecated and will be removed in a future version. Please use 'data_interval_start' or 'logical_date' instead.
[2025-06-03T15:27:18.287+0000] {taskinstance.py:1547} INFO - Exporting env vars: AIRFLOW_CTX_DAG_OWNER='***' AIRFLOW_CTX_DAG_ID='usd_rate_fetcher' AIRFLOW_CTX_TASK_ID='save_data_to_db' AIRFLOW_CTX_EXECUTION_DATE='2020-01-25T00:00:00+00:00' AIRFLOW_CTX_TRY_NUMBER='1' AIRFLOW_CTX_DAG_RUN_ID='scheduled__2020-01-25T00:00:00+00:00'
[2025-06-03T15:27:18.288+0000] {usd_rate_fetcher.py:80} INFO - Received USD rate: {'date': datetime.date(2020, 1, 25), 'content': [{'GBP': 81.1104}, {'HKD': 79.512}, {'USD': 61.8031}, {'EUR': 68.2924}, {'CNY': 89.0958}]} for date 2020-01-25
[2025-06-03T15:27:18.294+0000] {base.py:73} INFO - Using connection ID 'pg_database' for task execution.
[2025-06-03T15:27:18.298+0000] {usd_rate_fetcher.py:103} INFO - Saved 81.11 for GBP on 2020-01-25
[2025-06-03T15:27:18.298+0000] {usd_rate_fetcher.py:103} INFO - Saved 79.51 for HKD on 2020-01-25
[2025-06-03T15:27:18.299+0000] {usd_rate_fetcher.py:103} INFO - Saved 61.80 for USD on 2020-01-25
[2025-06-03T15:27:18.299+0000] {usd_rate_fetcher.py:103} INFO - Saved 68.29 for EUR on 2020-01-25
[2025-06-03T15:27:18.300+0000] {usd_rate_fetcher.py:103} INFO - Saved 89.10 for CNY on 2020-01-25
[2025-06-03T15:27:18.301+0000] {python.py:183} INFO - Done. Returned value was: None
[2025-06-03T15:27:18.307+0000] {taskinstance.py:1350} INFO - Marking task as SUCCESS. dag_id=usd_rate_fetcher, task_id=save_data_to_db, execution_date=20200125T000000, start_date=20250603T152718, end_date=20250603T152718
[2025-06-03T15:27:18.343+0000] {local_task_job_runner.py:225} INFO - Task exited with return code 0
[2025-06-03T15:27:18.397+0000] {taskinstance.py:2653} INFO - 0 downstream tasks scheduled from follow-on schedule check
