[2025-06-03T09:34:47.113+0000] {taskinstance.py:1103} INFO - Dependencies all met for dep_context=non-requeueable deps ti=<TaskInstance: usd_rate_fetcher_taskflow.save_data_to_db scheduled__2000-01-12T00:00:00+00:00 [queued]>
[2025-06-03T09:34:47.121+0000] {taskinstance.py:1103} INFO - Dependencies all met for dep_context=requeueable deps ti=<TaskInstance: usd_rate_fetcher_taskflow.save_data_to_db scheduled__2000-01-12T00:00:00+00:00 [queued]>
[2025-06-03T09:34:47.121+0000] {taskinstance.py:1308} INFO - Starting attempt 1 of 3
[2025-06-03T09:34:47.133+0000] {taskinstance.py:1327} INFO - Executing <Task(_PythonDecoratedOperator): save_data_to_db> on 2000-01-12 00:00:00+00:00
[2025-06-03T09:34:47.139+0000] {standard_task_runner.py:57} INFO - Started process 9942 to run task
[2025-06-03T09:34:47.141+0000] {standard_task_runner.py:84} INFO - Running: ['***', 'tasks', 'run', 'usd_rate_fetcher_taskflow', 'save_data_to_db', 'scheduled__2000-01-12T00:00:00+00:00', '--job-id', '7989', '--raw', '--subdir', 'DAGS_FOLDER/usd_rate_fetcher.py', '--cfg-path', '/tmp/tmphs0ykkd7']
[2025-06-03T09:34:47.142+0000] {standard_task_runner.py:85} INFO - Job 7989: Subtask save_data_to_db
[2025-06-03T09:34:47.180+0000] {task_command.py:410} INFO - Running <TaskInstance: usd_rate_fetcher_taskflow.save_data_to_db scheduled__2000-01-12T00:00:00+00:00 [running]> on host 40869fde016f
[2025-06-03T09:34:47.230+0000] {logging_mixin.py:150} WARNING - /home/***/.local/lib/python3.7/site-packages/***/utils/context.py:205 AirflowContextDeprecationWarning: Accessing 'execution_date' from the template is deprecated and will be removed in a future version. Please use 'data_interval_start' or 'logical_date' instead.
[2025-06-03T09:34:47.259+0000] {taskinstance.py:1547} INFO - Exporting env vars: AIRFLOW_CTX_DAG_OWNER='***' AIRFLOW_CTX_DAG_ID='usd_rate_fetcher_taskflow' AIRFLOW_CTX_TASK_ID='save_data_to_db' AIRFLOW_CTX_EXECUTION_DATE='2000-01-12T00:00:00+00:00' AIRFLOW_CTX_TRY_NUMBER='1' AIRFLOW_CTX_DAG_RUN_ID='scheduled__2000-01-12T00:00:00+00:00'
[2025-06-03T09:34:47.260+0000] {usd_rate_fetcher.py:51} INFO - Received USD rate: 28.44 for date 2000-01-12
[2025-06-03T09:34:47.267+0000] {base.py:73} INFO - Using connection ID 'pg_database' for task execution.
[2025-06-03T09:34:47.271+0000] {usd_rate_fetcher.py:62} WARNING - Rate already exists for date 2000-01-12
[2025-06-03T09:34:47.271+0000] {python.py:183} INFO - Done. Returned value was: None
[2025-06-03T09:34:47.279+0000] {taskinstance.py:1350} INFO - Marking task as SUCCESS. dag_id=usd_rate_fetcher_taskflow, task_id=save_data_to_db, execution_date=20000112T000000, start_date=20250603T093447, end_date=20250603T093447
[2025-06-03T09:34:47.314+0000] {local_task_job_runner.py:225} INFO - Task exited with return code 0
[2025-06-03T09:34:47.329+0000] {taskinstance.py:2653} INFO - 0 downstream tasks scheduled from follow-on schedule check
[2025-06-03T09:35:43.599+0000] {taskinstance.py:1103} INFO - Dependencies all met for dep_context=non-requeueable deps ti=<TaskInstance: usd_rate_fetcher_taskflow.save_data_to_db scheduled__2000-01-12T00:00:00+00:00 [queued]>
[2025-06-03T09:35:43.607+0000] {taskinstance.py:1103} INFO - Dependencies all met for dep_context=requeueable deps ti=<TaskInstance: usd_rate_fetcher_taskflow.save_data_to_db scheduled__2000-01-12T00:00:00+00:00 [queued]>
[2025-06-03T09:35:43.607+0000] {taskinstance.py:1308} INFO - Starting attempt 1 of 3
[2025-06-03T09:35:43.621+0000] {taskinstance.py:1327} INFO - Executing <Task(_PythonDecoratedOperator): save_data_to_db> on 2000-01-12 00:00:00+00:00
[2025-06-03T09:35:43.628+0000] {standard_task_runner.py:57} INFO - Started process 10439 to run task
[2025-06-03T09:35:43.631+0000] {standard_task_runner.py:84} INFO - Running: ['***', 'tasks', 'run', 'usd_rate_fetcher_taskflow', 'save_data_to_db', 'scheduled__2000-01-12T00:00:00+00:00', '--job-id', '8018', '--raw', '--subdir', 'DAGS_FOLDER/usd_rate_fetcher.py', '--cfg-path', '/tmp/tmpwnarnd9h']
[2025-06-03T09:35:43.633+0000] {standard_task_runner.py:85} INFO - Job 8018: Subtask save_data_to_db
[2025-06-03T09:35:43.671+0000] {task_command.py:410} INFO - Running <TaskInstance: usd_rate_fetcher_taskflow.save_data_to_db scheduled__2000-01-12T00:00:00+00:00 [running]> on host 40869fde016f
[2025-06-03T09:35:43.847+0000] {logging_mixin.py:150} WARNING - /home/***/.local/lib/python3.7/site-packages/***/utils/context.py:205 AirflowContextDeprecationWarning: Accessing 'execution_date' from the template is deprecated and will be removed in a future version. Please use 'data_interval_start' or 'logical_date' instead.
[2025-06-03T09:35:43.876+0000] {taskinstance.py:1547} INFO - Exporting env vars: AIRFLOW_CTX_DAG_OWNER='***' AIRFLOW_CTX_DAG_ID='usd_rate_fetcher_taskflow' AIRFLOW_CTX_TASK_ID='save_data_to_db' AIRFLOW_CTX_EXECUTION_DATE='2000-01-12T00:00:00+00:00' AIRFLOW_CTX_TRY_NUMBER='1' AIRFLOW_CTX_DAG_RUN_ID='scheduled__2000-01-12T00:00:00+00:00'
[2025-06-03T09:35:43.877+0000] {usd_rate_fetcher.py:51} INFO - Received USD rate: 28.44 for date 2000-01-12
[2025-06-03T09:35:43.883+0000] {base.py:73} INFO - Using connection ID 'pg_database' for task execution.
[2025-06-03T09:35:43.887+0000] {usd_rate_fetcher.py:68} INFO - Saving exchange rate 28.44 for date 2000-01-12
[2025-06-03T09:35:43.888+0000] {python.py:183} INFO - Done. Returned value was: None
[2025-06-03T09:35:43.894+0000] {taskinstance.py:1350} INFO - Marking task as SUCCESS. dag_id=usd_rate_fetcher_taskflow, task_id=save_data_to_db, execution_date=20000112T000000, start_date=20250603T093543, end_date=20250603T093543
[2025-06-03T09:35:43.923+0000] {local_task_job_runner.py:225} INFO - Task exited with return code 0
[2025-06-03T09:35:43.937+0000] {taskinstance.py:2653} INFO - 0 downstream tasks scheduled from follow-on schedule check
