[2025-06-03T15:20:22.188+0000] {taskinstance.py:1103} INFO - Dependencies all met for dep_context=non-requeueable deps ti=<TaskInstance: usd_rate_fetcher.save_data_to_db scheduled__2020-03-13T00:00:00+00:00 [queued]>
[2025-06-03T15:20:22.196+0000] {taskinstance.py:1103} INFO - Dependencies all met for dep_context=requeueable deps ti=<TaskInstance: usd_rate_fetcher.save_data_to_db scheduled__2020-03-13T00:00:00+00:00 [queued]>
[2025-06-03T15:20:22.196+0000] {taskinstance.py:1308} INFO - Starting attempt 1 of 3
[2025-06-03T15:20:22.207+0000] {taskinstance.py:1327} INFO - Executing <Task(_PythonDecoratedOperator): save_data_to_db> on 2020-03-13 00:00:00+00:00
[2025-06-03T15:20:22.214+0000] {standard_task_runner.py:57} INFO - Started process 15826 to run task
[2025-06-03T15:20:22.216+0000] {standard_task_runner.py:84} INFO - Running: ['***', 'tasks', 'run', 'usd_rate_fetcher', 'save_data_to_db', 'scheduled__2020-03-13T00:00:00+00:00', '--job-id', '8749', '--raw', '--subdir', 'DAGS_FOLDER/usd_rate_fetcher.py', '--cfg-path', '/tmp/tmpq5s_0hlc']
[2025-06-03T15:20:22.218+0000] {standard_task_runner.py:85} INFO - Job 8749: Subtask save_data_to_db
[2025-06-03T15:20:22.254+0000] {task_command.py:410} INFO - Running <TaskInstance: usd_rate_fetcher.save_data_to_db scheduled__2020-03-13T00:00:00+00:00 [running]> on host 40869fde016f
[2025-06-03T15:20:22.421+0000] {logging_mixin.py:150} WARNING - /home/***/.local/lib/python3.7/site-packages/***/utils/context.py:205 AirflowContextDeprecationWarning: Accessing 'execution_date' from the template is deprecated and will be removed in a future version. Please use 'data_interval_start' or 'logical_date' instead.
[2025-06-03T15:20:22.451+0000] {taskinstance.py:1547} INFO - Exporting env vars: AIRFLOW_CTX_DAG_OWNER='***' AIRFLOW_CTX_DAG_ID='usd_rate_fetcher' AIRFLOW_CTX_TASK_ID='save_data_to_db' AIRFLOW_CTX_EXECUTION_DATE='2020-03-13T00:00:00+00:00' AIRFLOW_CTX_TRY_NUMBER='1' AIRFLOW_CTX_DAG_RUN_ID='scheduled__2020-03-13T00:00:00+00:00'
[2025-06-03T15:20:22.452+0000] {usd_rate_fetcher.py:80} INFO - Received USD rate: {'date': datetime.date(2020, 3, 13), 'content': [{'Фунт стерлингов': 94.7329}, {'Доллар США': 74.0274}, {'Евро': 83.6584}, {'Юань': 10.5985}]} for date 2020-03-13
[2025-06-03T15:20:22.460+0000] {base.py:73} INFO - Using connection ID 'pg_database' for task execution.
[2025-06-03T15:20:22.464+0000] {usd_rate_fetcher.py:103} INFO - Saved 94.73 for Фунт стерлингов on 2020-03-13
[2025-06-03T15:20:22.465+0000] {usd_rate_fetcher.py:103} INFO - Saved 74.03 for Доллар США on 2020-03-13
[2025-06-03T15:20:22.465+0000] {usd_rate_fetcher.py:103} INFO - Saved 83.66 for Евро on 2020-03-13
[2025-06-03T15:20:22.466+0000] {usd_rate_fetcher.py:103} INFO - Saved 10.60 for Юань on 2020-03-13
[2025-06-03T15:20:22.467+0000] {python.py:183} INFO - Done. Returned value was: None
[2025-06-03T15:20:22.474+0000] {taskinstance.py:1350} INFO - Marking task as SUCCESS. dag_id=usd_rate_fetcher, task_id=save_data_to_db, execution_date=20200313T000000, start_date=20250603T152022, end_date=20250603T152022
[2025-06-03T15:20:22.511+0000] {local_task_job_runner.py:225} INFO - Task exited with return code 0
[2025-06-03T15:20:22.524+0000] {taskinstance.py:2653} INFO - 0 downstream tasks scheduled from follow-on schedule check
[2025-06-03T15:29:43.067+0000] {taskinstance.py:1103} INFO - Dependencies all met for dep_context=non-requeueable deps ti=<TaskInstance: usd_rate_fetcher.save_data_to_db scheduled__2020-03-13T00:00:00+00:00 [queued]>
[2025-06-03T15:29:43.089+0000] {taskinstance.py:1103} INFO - Dependencies all met for dep_context=requeueable deps ti=<TaskInstance: usd_rate_fetcher.save_data_to_db scheduled__2020-03-13T00:00:00+00:00 [queued]>
[2025-06-03T15:29:43.089+0000] {taskinstance.py:1308} INFO - Starting attempt 1 of 3
[2025-06-03T15:29:43.124+0000] {taskinstance.py:1327} INFO - Executing <Task(_PythonDecoratedOperator): save_data_to_db> on 2020-03-13 00:00:00+00:00
[2025-06-03T15:29:43.131+0000] {standard_task_runner.py:57} INFO - Started process 18454 to run task
[2025-06-03T15:29:43.135+0000] {standard_task_runner.py:84} INFO - Running: ['***', 'tasks', 'run', 'usd_rate_fetcher', 'save_data_to_db', 'scheduled__2020-03-13T00:00:00+00:00', '--job-id', '8903', '--raw', '--subdir', 'DAGS_FOLDER/usd_rate_fetcher.py', '--cfg-path', '/tmp/tmptvp38ll7']
[2025-06-03T15:29:43.142+0000] {standard_task_runner.py:85} INFO - Job 8903: Subtask save_data_to_db
[2025-06-03T15:29:43.248+0000] {task_command.py:410} INFO - Running <TaskInstance: usd_rate_fetcher.save_data_to_db scheduled__2020-03-13T00:00:00+00:00 [running]> on host 40869fde016f
[2025-06-03T15:29:43.545+0000] {logging_mixin.py:150} WARNING - /home/***/.local/lib/python3.7/site-packages/***/utils/context.py:205 AirflowContextDeprecationWarning: Accessing 'execution_date' from the template is deprecated and will be removed in a future version. Please use 'data_interval_start' or 'logical_date' instead.
[2025-06-03T15:29:43.602+0000] {taskinstance.py:1547} INFO - Exporting env vars: AIRFLOW_CTX_DAG_OWNER='***' AIRFLOW_CTX_DAG_ID='usd_rate_fetcher' AIRFLOW_CTX_TASK_ID='save_data_to_db' AIRFLOW_CTX_EXECUTION_DATE='2020-03-13T00:00:00+00:00' AIRFLOW_CTX_TRY_NUMBER='1' AIRFLOW_CTX_DAG_RUN_ID='scheduled__2020-03-13T00:00:00+00:00'
[2025-06-03T15:29:43.604+0000] {usd_rate_fetcher.py:80} INFO - Received USD rate: {'date': datetime.date(2020, 3, 13), 'content': [{'GBP': 94.7329}, {'HKD': 95.2452}, {'USD': 74.0274}, {'EUR': 83.6584}, {'CNY': 10.5985}]} for date 2020-03-13
[2025-06-03T15:29:43.617+0000] {base.py:73} INFO - Using connection ID 'pg_database' for task execution.
[2025-06-03T15:29:43.622+0000] {usd_rate_fetcher.py:103} INFO - Saved 94.73 for GBP on 2020-03-13
[2025-06-03T15:29:43.624+0000] {usd_rate_fetcher.py:103} INFO - Saved 95.25 for HKD on 2020-03-13
[2025-06-03T15:29:43.624+0000] {usd_rate_fetcher.py:103} INFO - Saved 74.03 for USD on 2020-03-13
[2025-06-03T15:29:43.624+0000] {usd_rate_fetcher.py:103} INFO - Saved 83.66 for EUR on 2020-03-13
[2025-06-03T15:29:43.625+0000] {usd_rate_fetcher.py:103} INFO - Saved 10.60 for CNY on 2020-03-13
[2025-06-03T15:29:43.629+0000] {python.py:183} INFO - Done. Returned value was: None
[2025-06-03T15:29:43.640+0000] {taskinstance.py:1350} INFO - Marking task as SUCCESS. dag_id=usd_rate_fetcher, task_id=save_data_to_db, execution_date=20200313T000000, start_date=20250603T152943, end_date=20250603T152943
[2025-06-03T15:29:43.691+0000] {local_task_job_runner.py:225} INFO - Task exited with return code 0
[2025-06-03T15:29:43.709+0000] {taskinstance.py:2653} INFO - 0 downstream tasks scheduled from follow-on schedule check
