[2025-06-01T15:30:21.276+0000] {taskinstance.py:1103} INFO - Dependencies all met for dep_context=non-requeueable deps ti=<TaskInstance: second_dag.feth_data_task scheduled__2020-11-02T00:00:00+00:00 [queued]>
[2025-06-01T15:30:21.285+0000] {taskinstance.py:1103} INFO - Dependencies all met for dep_context=requeueable deps ti=<TaskInstance: second_dag.feth_data_task scheduled__2020-11-02T00:00:00+00:00 [queued]>
[2025-06-01T15:30:21.285+0000] {taskinstance.py:1308} INFO - Starting attempt 1 of 3
[2025-06-01T15:30:21.343+0000] {taskinstance.py:1327} INFO - Executing <Task(PythonOperator): feth_data_task> on 2020-11-02 00:00:00+00:00
[2025-06-01T15:30:21.350+0000] {standard_task_runner.py:57} INFO - Started process 22373 to run task
[2025-06-01T15:30:21.352+0000] {standard_task_runner.py:84} INFO - Running: ['***', 'tasks', 'run', 'second_dag', 'feth_data_task', 'scheduled__2020-11-02T00:00:00+00:00', '--job-id', '875', '--raw', '--subdir', 'DAGS_FOLDER/my_second_dag.py', '--cfg-path', '/tmp/tmp43nwfdzh']
[2025-06-01T15:30:21.354+0000] {standard_task_runner.py:85} INFO - Job 875: Subtask feth_data_task
[2025-06-01T15:30:21.408+0000] {task_command.py:410} INFO - Running <TaskInstance: second_dag.feth_data_task scheduled__2020-11-02T00:00:00+00:00 [running]> on host 27c4b93144a0
[2025-06-01T15:30:21.645+0000] {taskinstance.py:1547} INFO - Exporting env vars: AIRFLOW_CTX_DAG_OWNER='***' AIRFLOW_CTX_DAG_ID='second_dag' AIRFLOW_CTX_TASK_ID='feth_data_task' AIRFLOW_CTX_EXECUTION_DATE='2020-11-02T00:00:00+00:00' AIRFLOW_CTX_TRY_NUMBER='1' AIRFLOW_CTX_DAG_RUN_ID='scheduled__2020-11-02T00:00:00+00:00'
[2025-06-01T15:30:21.650+0000] {logging_mixin.py:150} WARNING - /home/***/.local/lib/python3.7/site-packages/***/utils/context.py:313 AirflowContextDeprecationWarning: Accessing 'execution_date' from the template is deprecated and will be removed in a future version. Please use 'data_interval_start' or 'logical_date' instead.
[2025-06-01T15:30:21.650+0000] {my_second_dag.py:22} INFO - Fetching data for date: 02/11/2020
[2025-06-01T15:30:21.748+0000] {my_second_dag.py:41} INFO - Fetching value USD: {'date': <Proxy at 0x7fdceac88f00 wrapping DateTime(2020, 11, 2, 0, 0, 0, tzinfo=Timezone('UTC')) at 0x7fdcead2fef0 with factory functools.partial(<function lazy_mapping_from_context.<locals>._deprecated_proxy_factory at 0x7fdceacdf5f0>, 'execution_date', DateTime(2020, 11, 2, 0, 0, 0, tzinfo=Timezone('UTC')))>, 'value': 79.3323}
[2025-06-01T15:30:21.748+0000] {python.py:183} INFO - Done. Returned value was: {'date': <Proxy at 0x7fdceac88f00 wrapping DateTime(2020, 11, 2, 0, 0, 0, tzinfo=Timezone('UTC')) at 0x7fdcead2fef0 with factory functools.partial(<function lazy_mapping_from_context.<locals>._deprecated_proxy_factory at 0x7fdceacdf5f0>, 'execution_date', DateTime(2020, 11, 2, 0, 0, 0, tzinfo=Timezone('UTC')))>, 'value': 79.3323}
[2025-06-01T15:30:21.754+0000] {taskinstance.py:1824} ERROR - Task failed with exception
Traceback (most recent call last):
  File "/home/airflow/.local/lib/python3.7/site-packages/airflow/utils/session.py", line 73, in wrapper
    return func(*args, **kwargs)
  File "/home/airflow/.local/lib/python3.7/site-packages/airflow/models/taskinstance.py", line 2361, in xcom_push
    session=session,
  File "/home/airflow/.local/lib/python3.7/site-packages/airflow/utils/session.py", line 73, in wrapper
    return func(*args, **kwargs)
  File "/home/airflow/.local/lib/python3.7/site-packages/airflow/models/xcom.py", line 243, in set
    map_index=map_index,
  File "/home/airflow/.local/lib/python3.7/site-packages/airflow/models/xcom.py", line 632, in serialize_value
    return json.dumps(value, cls=XComEncoder).encode("UTF-8")
  File "/usr/local/lib/python3.7/json/__init__.py", line 238, in dumps
    **kw).encode(obj)
  File "/home/airflow/.local/lib/python3.7/site-packages/airflow/utils/json.py", line 104, in encode
    return super().encode(o)
  File "/usr/local/lib/python3.7/json/encoder.py", line 199, in encode
    chunks = self.iterencode(o, _one_shot=True)
  File "/usr/local/lib/python3.7/json/encoder.py", line 257, in iterencode
    return _iterencode(o, 0)
  File "/home/airflow/.local/lib/python3.7/site-packages/airflow/utils/json.py", line 91, in default
    return serialize(o)
  File "/home/airflow/.local/lib/python3.7/site-packages/airflow/serialization/serde.py", line 133, in serialize
    qn = qualname(o)
  File "/home/airflow/.local/lib/python3.7/site-packages/airflow/utils/module_loading.py", line 47, in qualname
    return f"{o.__module__}.{o.__name__}"
AttributeError: 'DateTime' object has no attribute '__name__'
[2025-06-01T15:30:21.761+0000] {taskinstance.py:1350} INFO - Marking task as UP_FOR_RETRY. dag_id=second_dag, task_id=feth_data_task, execution_date=20201102T000000, start_date=20250601T153021, end_date=20250601T153021
[2025-06-01T15:30:21.769+0000] {standard_task_runner.py:109} ERROR - Failed to execute job 875 for task feth_data_task ('DateTime' object has no attribute '__name__'; 22373)
[2025-06-01T15:30:21.799+0000] {local_task_job_runner.py:225} INFO - Task exited with return code 1
[2025-06-01T15:30:21.820+0000] {taskinstance.py:2653} INFO - 0 downstream tasks scheduled from follow-on schedule check
