[2025-06-03T15:19:53.342+0000] {taskinstance.py:1103} INFO - Dependencies all met for dep_context=non-requeueable deps ti=<TaskInstance: usd_rate_fetcher.save_data_to_db scheduled__2020-01-10T00:00:00+00:00 [queued]>
[2025-06-03T15:19:53.362+0000] {taskinstance.py:1103} INFO - Dependencies all met for dep_context=requeueable deps ti=<TaskInstance: usd_rate_fetcher.save_data_to_db scheduled__2020-01-10T00:00:00+00:00 [queued]>
[2025-06-03T15:19:53.362+0000] {taskinstance.py:1308} INFO - Starting attempt 1 of 3
[2025-06-03T15:19:53.429+0000] {taskinstance.py:1327} INFO - Executing <Task(_PythonDecoratedOperator): save_data_to_db> on 2020-01-10 00:00:00+00:00
[2025-06-03T15:19:53.439+0000] {standard_task_runner.py:57} INFO - Started process 14088 to run task
[2025-06-03T15:19:53.444+0000] {standard_task_runner.py:84} INFO - Running: ['***', 'tasks', 'run', 'usd_rate_fetcher', 'save_data_to_db', 'scheduled__2020-01-10T00:00:00+00:00', '--job-id', '8625', '--raw', '--subdir', 'DAGS_FOLDER/usd_rate_fetcher.py', '--cfg-path', '/tmp/tmpvv_86guz']
[2025-06-03T15:19:53.446+0000] {standard_task_runner.py:85} INFO - Job 8625: Subtask save_data_to_db
[2025-06-03T15:19:53.495+0000] {task_command.py:410} INFO - Running <TaskInstance: usd_rate_fetcher.save_data_to_db scheduled__2020-01-10T00:00:00+00:00 [running]> on host 40869fde016f
[2025-06-03T15:19:53.757+0000] {logging_mixin.py:150} WARNING - /home/***/.local/lib/python3.7/site-packages/***/utils/context.py:205 AirflowContextDeprecationWarning: Accessing 'execution_date' from the template is deprecated and will be removed in a future version. Please use 'data_interval_start' or 'logical_date' instead.
[2025-06-03T15:19:53.799+0000] {taskinstance.py:1547} INFO - Exporting env vars: AIRFLOW_CTX_DAG_OWNER='***' AIRFLOW_CTX_DAG_ID='usd_rate_fetcher' AIRFLOW_CTX_TASK_ID='save_data_to_db' AIRFLOW_CTX_EXECUTION_DATE='2020-01-10T00:00:00+00:00' AIRFLOW_CTX_TRY_NUMBER='1' AIRFLOW_CTX_DAG_RUN_ID='scheduled__2020-01-10T00:00:00+00:00'
[2025-06-03T15:19:53.800+0000] {usd_rate_fetcher.py:80} INFO - Received USD rate: {'date': datetime.date(2020, 1, 10), 'content': [{'Фунт стерлингов': 80.2533}, {'Доллар США': 61.234}, {'Евро': 68.0555}]} for date 2020-01-10
[2025-06-03T15:19:53.811+0000] {base.py:73} INFO - Using connection ID 'pg_database' for task execution.
[2025-06-03T15:19:53.817+0000] {usd_rate_fetcher.py:103} INFO - Saved 80.25 for Фунт стерлингов on 2020-01-10
[2025-06-03T15:19:53.819+0000] {usd_rate_fetcher.py:103} INFO - Saved 61.23 for Доллар США on 2020-01-10
[2025-06-03T15:19:53.820+0000] {usd_rate_fetcher.py:103} INFO - Saved 68.06 for Евро on 2020-01-10
[2025-06-03T15:19:53.822+0000] {python.py:183} INFO - Done. Returned value was: None
[2025-06-03T15:19:53.833+0000] {taskinstance.py:1350} INFO - Marking task as SUCCESS. dag_id=usd_rate_fetcher, task_id=save_data_to_db, execution_date=20200110T000000, start_date=20250603T151953, end_date=20250603T151953
[2025-06-03T15:19:53.859+0000] {local_task_job_runner.py:225} INFO - Task exited with return code 0
[2025-06-03T15:19:53.876+0000] {taskinstance.py:2653} INFO - 0 downstream tasks scheduled from follow-on schedule check
[2025-06-03T15:27:10.984+0000] {taskinstance.py:1103} INFO - Dependencies all met for dep_context=non-requeueable deps ti=<TaskInstance: usd_rate_fetcher.save_data_to_db scheduled__2020-01-10T00:00:00+00:00 [queued]>
[2025-06-03T15:27:10.994+0000] {taskinstance.py:1103} INFO - Dependencies all met for dep_context=requeueable deps ti=<TaskInstance: usd_rate_fetcher.save_data_to_db scheduled__2020-01-10T00:00:00+00:00 [queued]>
[2025-06-03T15:27:10.994+0000] {taskinstance.py:1308} INFO - Starting attempt 1 of 3
[2025-06-03T15:27:11.009+0000] {taskinstance.py:1327} INFO - Executing <Task(_PythonDecoratedOperator): save_data_to_db> on 2020-01-10 00:00:00+00:00
[2025-06-03T15:27:11.017+0000] {standard_task_runner.py:57} INFO - Started process 16508 to run task
[2025-06-03T15:27:11.019+0000] {standard_task_runner.py:84} INFO - Running: ['***', 'tasks', 'run', 'usd_rate_fetcher', 'save_data_to_db', 'scheduled__2020-01-10T00:00:00+00:00', '--job-id', '8776', '--raw', '--subdir', 'DAGS_FOLDER/usd_rate_fetcher.py', '--cfg-path', '/tmp/tmp2y36cgmp']
[2025-06-03T15:27:11.021+0000] {standard_task_runner.py:85} INFO - Job 8776: Subtask save_data_to_db
[2025-06-03T15:27:11.062+0000] {task_command.py:410} INFO - Running <TaskInstance: usd_rate_fetcher.save_data_to_db scheduled__2020-01-10T00:00:00+00:00 [running]> on host 40869fde016f
[2025-06-03T15:27:11.239+0000] {logging_mixin.py:150} WARNING - /home/***/.local/lib/python3.7/site-packages/***/utils/context.py:205 AirflowContextDeprecationWarning: Accessing 'execution_date' from the template is deprecated and will be removed in a future version. Please use 'data_interval_start' or 'logical_date' instead.
[2025-06-03T15:27:11.270+0000] {taskinstance.py:1547} INFO - Exporting env vars: AIRFLOW_CTX_DAG_OWNER='***' AIRFLOW_CTX_DAG_ID='usd_rate_fetcher' AIRFLOW_CTX_TASK_ID='save_data_to_db' AIRFLOW_CTX_EXECUTION_DATE='2020-01-10T00:00:00+00:00' AIRFLOW_CTX_TRY_NUMBER='1' AIRFLOW_CTX_DAG_RUN_ID='scheduled__2020-01-10T00:00:00+00:00'
[2025-06-03T15:27:11.271+0000] {usd_rate_fetcher.py:80} INFO - Received USD rate: {'date': datetime.date(2020, 1, 10), 'content': [{'GBP': 80.2533}, {'HKD': 78.7951}, {'USD': 61.234}, {'EUR': 68.0555}, {'CNY': 88.3493}]} for date 2020-01-10
[2025-06-03T15:27:11.277+0000] {base.py:73} INFO - Using connection ID 'pg_database' for task execution.
[2025-06-03T15:27:11.282+0000] {usd_rate_fetcher.py:103} INFO - Saved 80.25 for GBP on 2020-01-10
[2025-06-03T15:27:11.283+0000] {usd_rate_fetcher.py:103} INFO - Saved 78.80 for HKD on 2020-01-10
[2025-06-03T15:27:11.283+0000] {usd_rate_fetcher.py:103} INFO - Saved 61.23 for USD on 2020-01-10
[2025-06-03T15:27:11.284+0000] {usd_rate_fetcher.py:103} INFO - Saved 68.06 for EUR on 2020-01-10
[2025-06-03T15:27:11.284+0000] {usd_rate_fetcher.py:103} INFO - Saved 88.35 for CNY on 2020-01-10
[2025-06-03T15:27:11.285+0000] {python.py:183} INFO - Done. Returned value was: None
[2025-06-03T15:27:11.292+0000] {taskinstance.py:1350} INFO - Marking task as SUCCESS. dag_id=usd_rate_fetcher, task_id=save_data_to_db, execution_date=20200110T000000, start_date=20250603T152710, end_date=20250603T152711
[2025-06-03T15:27:11.314+0000] {local_task_job_runner.py:225} INFO - Task exited with return code 0
[2025-06-03T15:27:11.327+0000] {taskinstance.py:2653} INFO - 0 downstream tasks scheduled from follow-on schedule check
