[2025-06-03T15:20:05.634+0000] {taskinstance.py:1103} INFO - Dependencies all met for dep_context=non-requeueable deps ti=<TaskInstance: usd_rate_fetcher.fetch_data_from_api scheduled__2020-02-02T00:00:00+00:00 [queued]>
[2025-06-03T15:20:05.646+0000] {taskinstance.py:1103} INFO - Dependencies all met for dep_context=requeueable deps ti=<TaskInstance: usd_rate_fetcher.fetch_data_from_api scheduled__2020-02-02T00:00:00+00:00 [queued]>
[2025-06-03T15:20:05.646+0000] {taskinstance.py:1308} INFO - Starting attempt 1 of 3
[2025-06-03T15:20:05.661+0000] {taskinstance.py:1327} INFO - Executing <Task(_PythonDecoratedOperator): fetch_data_from_api> on 2020-02-02 00:00:00+00:00
[2025-06-03T15:20:05.669+0000] {standard_task_runner.py:57} INFO - Started process 14604 to run task
[2025-06-03T15:20:05.672+0000] {standard_task_runner.py:84} INFO - Running: ['***', 'tasks', 'run', 'usd_rate_fetcher', 'fetch_data_from_api', 'scheduled__2020-02-02T00:00:00+00:00', '--job-id', '8661', '--raw', '--subdir', 'DAGS_FOLDER/usd_rate_fetcher.py', '--cfg-path', '/tmp/tmpg82i7pos']
[2025-06-03T15:20:05.673+0000] {standard_task_runner.py:85} INFO - Job 8661: Subtask fetch_data_from_api
[2025-06-03T15:20:05.721+0000] {task_command.py:410} INFO - Running <TaskInstance: usd_rate_fetcher.fetch_data_from_api scheduled__2020-02-02T00:00:00+00:00 [running]> on host 40869fde016f
[2025-06-03T15:20:06.119+0000] {logging_mixin.py:150} WARNING - /home/***/.local/lib/python3.7/site-packages/***/utils/context.py:205 AirflowContextDeprecationWarning: Accessing 'execution_date' from the template is deprecated and will be removed in a future version. Please use 'data_interval_start' or 'logical_date' instead.
[2025-06-03T15:20:06.179+0000] {taskinstance.py:1547} INFO - Exporting env vars: AIRFLOW_CTX_DAG_OWNER='***' AIRFLOW_CTX_DAG_ID='usd_rate_fetcher' AIRFLOW_CTX_TASK_ID='fetch_data_from_api' AIRFLOW_CTX_EXECUTION_DATE='2020-02-02T00:00:00+00:00' AIRFLOW_CTX_TRY_NUMBER='1' AIRFLOW_CTX_DAG_RUN_ID='scheduled__2020-02-02T00:00:00+00:00'
[2025-06-03T15:20:06.193+0000] {usd_rate_fetcher.py:34} INFO - Переменная ['Доллар США', 'Евро', 'Гонконгский доллар', 'Юань', 'Фунт стерлингов']
[2025-06-03T15:20:06.204+0000] {usd_rate_fetcher.py:53} INFO - Fetching data for date: 02/02/2020
[2025-06-03T15:20:06.256+0000] {python.py:183} INFO - Done. Returned value was: {'date': datetime.date(2020, 2, 2), 'content': [{'Фунт стерлингов': 82.964}, {'Доллар США': 63.1385}, {'Евро': 69.5976}]}
[2025-06-03T15:20:06.281+0000] {taskinstance.py:1350} INFO - Marking task as SUCCESS. dag_id=usd_rate_fetcher, task_id=fetch_data_from_api, execution_date=20200202T000000, start_date=20250603T152005, end_date=20250603T152006
[2025-06-03T15:20:06.309+0000] {local_task_job_runner.py:225} INFO - Task exited with return code 0
[2025-06-03T15:20:06.345+0000] {taskinstance.py:2653} INFO - 1 downstream tasks scheduled from follow-on schedule check
[2025-06-03T15:27:21.818+0000] {taskinstance.py:1103} INFO - Dependencies all met for dep_context=non-requeueable deps ti=<TaskInstance: usd_rate_fetcher.fetch_data_from_api scheduled__2020-02-02T00:00:00+00:00 [queued]>
[2025-06-03T15:27:21.834+0000] {taskinstance.py:1103} INFO - Dependencies all met for dep_context=requeueable deps ti=<TaskInstance: usd_rate_fetcher.fetch_data_from_api scheduled__2020-02-02T00:00:00+00:00 [queued]>
[2025-06-03T15:27:21.835+0000] {taskinstance.py:1308} INFO - Starting attempt 1 of 3
[2025-06-03T15:27:21.873+0000] {taskinstance.py:1327} INFO - Executing <Task(_PythonDecoratedOperator): fetch_data_from_api> on 2020-02-02 00:00:00+00:00
[2025-06-03T15:27:21.879+0000] {standard_task_runner.py:57} INFO - Started process 17113 to run task
[2025-06-03T15:27:21.882+0000] {standard_task_runner.py:84} INFO - Running: ['***', 'tasks', 'run', 'usd_rate_fetcher', 'fetch_data_from_api', 'scheduled__2020-02-02T00:00:00+00:00', '--job-id', '8817', '--raw', '--subdir', 'DAGS_FOLDER/usd_rate_fetcher.py', '--cfg-path', '/tmp/tmpbauh80b8']
[2025-06-03T15:27:21.883+0000] {standard_task_runner.py:85} INFO - Job 8817: Subtask fetch_data_from_api
[2025-06-03T15:27:21.925+0000] {task_command.py:410} INFO - Running <TaskInstance: usd_rate_fetcher.fetch_data_from_api scheduled__2020-02-02T00:00:00+00:00 [running]> on host 40869fde016f
[2025-06-03T15:27:22.191+0000] {logging_mixin.py:150} WARNING - /home/***/.local/lib/python3.7/site-packages/***/utils/context.py:205 AirflowContextDeprecationWarning: Accessing 'execution_date' from the template is deprecated and will be removed in a future version. Please use 'data_interval_start' or 'logical_date' instead.
[2025-06-03T15:27:22.237+0000] {taskinstance.py:1547} INFO - Exporting env vars: AIRFLOW_CTX_DAG_OWNER='***' AIRFLOW_CTX_DAG_ID='usd_rate_fetcher' AIRFLOW_CTX_TASK_ID='fetch_data_from_api' AIRFLOW_CTX_EXECUTION_DATE='2020-02-02T00:00:00+00:00' AIRFLOW_CTX_TRY_NUMBER='1' AIRFLOW_CTX_DAG_RUN_ID='scheduled__2020-02-02T00:00:00+00:00'
[2025-06-03T15:27:22.247+0000] {usd_rate_fetcher.py:34} INFO - Переменная ['USD', 'EUR', 'HKD', 'CNY', 'GBP']
[2025-06-03T15:27:22.253+0000] {usd_rate_fetcher.py:53} INFO - Fetching data for date: 02/02/2020
[2025-06-03T15:27:22.312+0000] {python.py:183} INFO - Done. Returned value was: {'date': datetime.date(2020, 2, 2), 'content': [{'GBP': 82.964}, {'HKD': 81.2667}, {'USD': 63.1385}, {'EUR': 69.5976}, {'CNY': 91.0209}]}
[2025-06-03T15:27:22.343+0000] {taskinstance.py:1350} INFO - Marking task as SUCCESS. dag_id=usd_rate_fetcher, task_id=fetch_data_from_api, execution_date=20200202T000000, start_date=20250603T152721, end_date=20250603T152722
[2025-06-03T15:27:22.377+0000] {local_task_job_runner.py:225} INFO - Task exited with return code 0
[2025-06-03T15:27:22.440+0000] {taskinstance.py:2653} INFO - 1 downstream tasks scheduled from follow-on schedule check
