[2025-06-03T15:20:20.941+0000] {taskinstance.py:1103} INFO - Dependencies all met for dep_context=non-requeueable deps ti=<TaskInstance: usd_rate_fetcher.fetch_data_from_api scheduled__2020-03-10T00:00:00+00:00 [queued]>
[2025-06-03T15:20:20.949+0000] {taskinstance.py:1103} INFO - Dependencies all met for dep_context=requeueable deps ti=<TaskInstance: usd_rate_fetcher.fetch_data_from_api scheduled__2020-03-10T00:00:00+00:00 [queued]>
[2025-06-03T15:20:20.949+0000] {taskinstance.py:1308} INFO - Starting attempt 1 of 3
[2025-06-03T15:20:20.990+0000] {taskinstance.py:1327} INFO - Executing <Task(_PythonDecoratedOperator): fetch_data_from_api> on 2020-03-10 00:00:00+00:00
[2025-06-03T15:20:20.999+0000] {standard_task_runner.py:57} INFO - Started process 15575 to run task
[2025-06-03T15:20:21.027+0000] {standard_task_runner.py:84} INFO - Running: ['***', 'tasks', 'run', 'usd_rate_fetcher', 'fetch_data_from_api', 'scheduled__2020-03-10T00:00:00+00:00', '--job-id', '8730', '--raw', '--subdir', 'DAGS_FOLDER/usd_rate_fetcher.py', '--cfg-path', '/tmp/tmp5ixmm2ce']
[2025-06-03T15:20:21.029+0000] {standard_task_runner.py:85} INFO - Job 8730: Subtask fetch_data_from_api
[2025-06-03T15:20:21.116+0000] {task_command.py:410} INFO - Running <TaskInstance: usd_rate_fetcher.fetch_data_from_api scheduled__2020-03-10T00:00:00+00:00 [running]> on host 40869fde016f
[2025-06-03T15:20:21.375+0000] {logging_mixin.py:150} WARNING - /home/***/.local/lib/python3.7/site-packages/***/utils/context.py:205 AirflowContextDeprecationWarning: Accessing 'execution_date' from the template is deprecated and will be removed in a future version. Please use 'data_interval_start' or 'logical_date' instead.
[2025-06-03T15:20:21.454+0000] {taskinstance.py:1547} INFO - Exporting env vars: AIRFLOW_CTX_DAG_OWNER='***' AIRFLOW_CTX_DAG_ID='usd_rate_fetcher' AIRFLOW_CTX_TASK_ID='fetch_data_from_api' AIRFLOW_CTX_EXECUTION_DATE='2020-03-10T00:00:00+00:00' AIRFLOW_CTX_TRY_NUMBER='1' AIRFLOW_CTX_DAG_RUN_ID='scheduled__2020-03-10T00:00:00+00:00'
[2025-06-03T15:20:21.469+0000] {usd_rate_fetcher.py:34} INFO - Переменная ['Доллар США', 'Евро', 'Гонконгский доллар', 'Юань', 'Фунт стерлингов']
[2025-06-03T15:20:21.480+0000] {usd_rate_fetcher.py:53} INFO - Fetching data for date: 10/03/2020
[2025-06-03T15:20:21.547+0000] {python.py:183} INFO - Done. Returned value was: {'date': datetime.date(2020, 3, 10), 'content': [{'Фунт стерлингов': 87.5972}, {'Доллар США': 67.5175}, {'Евро': 75.8424}]}
[2025-06-03T15:20:21.627+0000] {taskinstance.py:1350} INFO - Marking task as SUCCESS. dag_id=usd_rate_fetcher, task_id=fetch_data_from_api, execution_date=20200310T000000, start_date=20250603T152020, end_date=20250603T152021
[2025-06-03T15:20:21.699+0000] {local_task_job_runner.py:225} INFO - Task exited with return code 0
[2025-06-03T15:20:21.838+0000] {taskinstance.py:2653} INFO - 0 downstream tasks scheduled from follow-on schedule check
[2025-06-03T15:29:37.144+0000] {taskinstance.py:1103} INFO - Dependencies all met for dep_context=non-requeueable deps ti=<TaskInstance: usd_rate_fetcher.fetch_data_from_api scheduled__2020-03-10T00:00:00+00:00 [queued]>
[2025-06-03T15:29:37.162+0000] {taskinstance.py:1103} INFO - Dependencies all met for dep_context=requeueable deps ti=<TaskInstance: usd_rate_fetcher.fetch_data_from_api scheduled__2020-03-10T00:00:00+00:00 [queued]>
[2025-06-03T15:29:37.163+0000] {taskinstance.py:1308} INFO - Starting attempt 1 of 3
[2025-06-03T15:29:37.215+0000] {taskinstance.py:1327} INFO - Executing <Task(_PythonDecoratedOperator): fetch_data_from_api> on 2020-03-10 00:00:00+00:00
[2025-06-03T15:29:37.223+0000] {standard_task_runner.py:57} INFO - Started process 18043 to run task
[2025-06-03T15:29:37.226+0000] {standard_task_runner.py:84} INFO - Running: ['***', 'tasks', 'run', 'usd_rate_fetcher', 'fetch_data_from_api', 'scheduled__2020-03-10T00:00:00+00:00', '--job-id', '8872', '--raw', '--subdir', 'DAGS_FOLDER/usd_rate_fetcher.py', '--cfg-path', '/tmp/tmpukxmlz0u']
[2025-06-03T15:29:37.228+0000] {standard_task_runner.py:85} INFO - Job 8872: Subtask fetch_data_from_api
[2025-06-03T15:29:37.380+0000] {task_command.py:410} INFO - Running <TaskInstance: usd_rate_fetcher.fetch_data_from_api scheduled__2020-03-10T00:00:00+00:00 [running]> on host 40869fde016f
[2025-06-03T15:29:37.612+0000] {logging_mixin.py:150} WARNING - /home/***/.local/lib/python3.7/site-packages/***/utils/context.py:205 AirflowContextDeprecationWarning: Accessing 'execution_date' from the template is deprecated and will be removed in a future version. Please use 'data_interval_start' or 'logical_date' instead.
[2025-06-03T15:29:37.686+0000] {taskinstance.py:1547} INFO - Exporting env vars: AIRFLOW_CTX_DAG_OWNER='***' AIRFLOW_CTX_DAG_ID='usd_rate_fetcher' AIRFLOW_CTX_TASK_ID='fetch_data_from_api' AIRFLOW_CTX_EXECUTION_DATE='2020-03-10T00:00:00+00:00' AIRFLOW_CTX_TRY_NUMBER='1' AIRFLOW_CTX_DAG_RUN_ID='scheduled__2020-03-10T00:00:00+00:00'
[2025-06-03T15:29:37.700+0000] {usd_rate_fetcher.py:34} INFO - Переменная ['USD', 'EUR', 'HKD', 'CNY', 'GBP']
[2025-06-03T15:29:37.725+0000] {usd_rate_fetcher.py:53} INFO - Fetching data for date: 10/03/2020
[2025-06-03T15:29:37.810+0000] {python.py:183} INFO - Done. Returned value was: {'date': datetime.date(2020, 3, 10), 'content': [{'GBP': 87.5972}, {'HKD': 86.8716}, {'USD': 67.5175}, {'EUR': 75.8424}, {'CNY': 97.2861}]}
[2025-06-03T15:29:37.860+0000] {taskinstance.py:1350} INFO - Marking task as SUCCESS. dag_id=usd_rate_fetcher, task_id=fetch_data_from_api, execution_date=20200310T000000, start_date=20250603T152937, end_date=20250603T152937
[2025-06-03T15:29:37.905+0000] {local_task_job_runner.py:225} INFO - Task exited with return code 0
[2025-06-03T15:29:37.947+0000] {taskinstance.py:2653} INFO - 1 downstream tasks scheduled from follow-on schedule check
