[2025-06-03T15:20:13.771+0000] {taskinstance.py:1103} INFO - Dependencies all met for dep_context=non-requeueable deps ti=<TaskInstance: usd_rate_fetcher.fetch_data_from_api scheduled__2020-02-24T00:00:00+00:00 [queued]>
[2025-06-03T15:20:13.778+0000] {taskinstance.py:1103} INFO - Dependencies all met for dep_context=requeueable deps ti=<TaskInstance: usd_rate_fetcher.fetch_data_from_api scheduled__2020-02-24T00:00:00+00:00 [queued]>
[2025-06-03T15:20:13.778+0000] {taskinstance.py:1308} INFO - Starting attempt 1 of 3
[2025-06-03T15:20:13.809+0000] {taskinstance.py:1327} INFO - Executing <Task(_PythonDecoratedOperator): fetch_data_from_api> on 2020-02-24 00:00:00+00:00
[2025-06-03T15:20:13.815+0000] {standard_task_runner.py:57} INFO - Started process 15111 to run task
[2025-06-03T15:20:13.819+0000] {standard_task_runner.py:84} INFO - Running: ['***', 'tasks', 'run', 'usd_rate_fetcher', 'fetch_data_from_api', 'scheduled__2020-02-24T00:00:00+00:00', '--job-id', '8699', '--raw', '--subdir', 'DAGS_FOLDER/usd_rate_fetcher.py', '--cfg-path', '/tmp/tmp1110cttb']
[2025-06-03T15:20:13.820+0000] {standard_task_runner.py:85} INFO - Job 8699: Subtask fetch_data_from_api
[2025-06-03T15:20:13.921+0000] {task_command.py:410} INFO - Running <TaskInstance: usd_rate_fetcher.fetch_data_from_api scheduled__2020-02-24T00:00:00+00:00 [running]> on host 40869fde016f
[2025-06-03T15:20:14.189+0000] {logging_mixin.py:150} WARNING - /home/***/.local/lib/python3.7/site-packages/***/utils/context.py:205 AirflowContextDeprecationWarning: Accessing 'execution_date' from the template is deprecated and will be removed in a future version. Please use 'data_interval_start' or 'logical_date' instead.
[2025-06-03T15:20:14.255+0000] {taskinstance.py:1547} INFO - Exporting env vars: AIRFLOW_CTX_DAG_OWNER='***' AIRFLOW_CTX_DAG_ID='usd_rate_fetcher' AIRFLOW_CTX_TASK_ID='fetch_data_from_api' AIRFLOW_CTX_EXECUTION_DATE='2020-02-24T00:00:00+00:00' AIRFLOW_CTX_TRY_NUMBER='1' AIRFLOW_CTX_DAG_RUN_ID='scheduled__2020-02-24T00:00:00+00:00'
[2025-06-03T15:20:14.310+0000] {usd_rate_fetcher.py:34} INFO - Переменная ['Доллар США', 'Евро', 'Гонконгский доллар', 'Юань', 'Фунт стерлингов']
[2025-06-03T15:20:14.331+0000] {usd_rate_fetcher.py:53} INFO - Fetching data for date: 24/02/2020
[2025-06-03T15:20:14.408+0000] {python.py:183} INFO - Done. Returned value was: {'date': datetime.date(2020, 2, 24), 'content': [{'Фунт стерлингов': 82.9866}, {'Доллар США': 64.3008}, {'Евро': 69.4191}]}
[2025-06-03T15:20:14.438+0000] {taskinstance.py:1350} INFO - Marking task as SUCCESS. dag_id=usd_rate_fetcher, task_id=fetch_data_from_api, execution_date=20200224T000000, start_date=20250603T152013, end_date=20250603T152014
[2025-06-03T15:20:14.485+0000] {local_task_job_runner.py:225} INFO - Task exited with return code 0
[2025-06-03T15:20:14.513+0000] {taskinstance.py:2653} INFO - 1 downstream tasks scheduled from follow-on schedule check
[2025-06-03T15:27:29.115+0000] {taskinstance.py:1103} INFO - Dependencies all met for dep_context=non-requeueable deps ti=<TaskInstance: usd_rate_fetcher.fetch_data_from_api scheduled__2020-02-24T00:00:00+00:00 [queued]>
[2025-06-03T15:27:29.122+0000] {taskinstance.py:1103} INFO - Dependencies all met for dep_context=requeueable deps ti=<TaskInstance: usd_rate_fetcher.fetch_data_from_api scheduled__2020-02-24T00:00:00+00:00 [queued]>
[2025-06-03T15:27:29.122+0000] {taskinstance.py:1308} INFO - Starting attempt 1 of 3
[2025-06-03T15:27:29.133+0000] {taskinstance.py:1327} INFO - Executing <Task(_PythonDecoratedOperator): fetch_data_from_api> on 2020-02-24 00:00:00+00:00
[2025-06-03T15:27:29.138+0000] {standard_task_runner.py:57} INFO - Started process 17597 to run task
[2025-06-03T15:27:29.140+0000] {standard_task_runner.py:84} INFO - Running: ['***', 'tasks', 'run', 'usd_rate_fetcher', 'fetch_data_from_api', 'scheduled__2020-02-24T00:00:00+00:00', '--job-id', '8855', '--raw', '--subdir', 'DAGS_FOLDER/usd_rate_fetcher.py', '--cfg-path', '/tmp/tmpe06nw1eu']
[2025-06-03T15:27:29.141+0000] {standard_task_runner.py:85} INFO - Job 8855: Subtask fetch_data_from_api
[2025-06-03T15:27:29.172+0000] {task_command.py:410} INFO - Running <TaskInstance: usd_rate_fetcher.fetch_data_from_api scheduled__2020-02-24T00:00:00+00:00 [running]> on host 40869fde016f
[2025-06-03T15:27:29.319+0000] {logging_mixin.py:150} WARNING - /home/***/.local/lib/python3.7/site-packages/***/utils/context.py:205 AirflowContextDeprecationWarning: Accessing 'execution_date' from the template is deprecated and will be removed in a future version. Please use 'data_interval_start' or 'logical_date' instead.
[2025-06-03T15:27:29.348+0000] {taskinstance.py:1547} INFO - Exporting env vars: AIRFLOW_CTX_DAG_OWNER='***' AIRFLOW_CTX_DAG_ID='usd_rate_fetcher' AIRFLOW_CTX_TASK_ID='fetch_data_from_api' AIRFLOW_CTX_EXECUTION_DATE='2020-02-24T00:00:00+00:00' AIRFLOW_CTX_TRY_NUMBER='1' AIRFLOW_CTX_DAG_RUN_ID='scheduled__2020-02-24T00:00:00+00:00'
[2025-06-03T15:27:29.355+0000] {usd_rate_fetcher.py:34} INFO - Переменная ['USD', 'EUR', 'HKD', 'CNY', 'GBP']
[2025-06-03T15:27:29.359+0000] {usd_rate_fetcher.py:53} INFO - Fetching data for date: 24/02/2020
[2025-06-03T15:27:29.407+0000] {python.py:183} INFO - Done. Returned value was: {'date': datetime.date(2020, 2, 24), 'content': [{'GBP': 82.9866}, {'HKD': 82.5438}, {'USD': 64.3008}, {'EUR': 69.4191}, {'CNY': 91.3571}]}
[2025-06-03T15:27:29.424+0000] {taskinstance.py:1350} INFO - Marking task as SUCCESS. dag_id=usd_rate_fetcher, task_id=fetch_data_from_api, execution_date=20200224T000000, start_date=20250603T152729, end_date=20250603T152729
[2025-06-03T15:27:29.474+0000] {local_task_job_runner.py:225} INFO - Task exited with return code 0
[2025-06-03T15:27:29.493+0000] {taskinstance.py:2653} INFO - 1 downstream tasks scheduled from follow-on schedule check
