[2025-06-01T09:58:03.187+0000] {taskinstance.py:1103} INFO - Dependencies all met for dep_context=non-requeueable deps ti=<TaskInstance: second_dag.feth_data_task scheduled__2020-01-27T00:00:00+00:00 [queued]>
[2025-06-01T09:58:03.195+0000] {taskinstance.py:1103} INFO - Dependencies all met for dep_context=requeueable deps ti=<TaskInstance: second_dag.feth_data_task scheduled__2020-01-27T00:00:00+00:00 [queued]>
[2025-06-01T09:58:03.196+0000] {taskinstance.py:1308} INFO - Starting attempt 2 of 3
[2025-06-01T09:58:03.211+0000] {taskinstance.py:1327} INFO - Executing <Task(PythonOperator): feth_data_task> on 2020-01-27 00:00:00+00:00
[2025-06-01T09:58:03.217+0000] {standard_task_runner.py:57} INFO - Started process 5516 to run task
[2025-06-01T09:58:03.221+0000] {standard_task_runner.py:84} INFO - Running: ['***', 'tasks', 'run', 'second_dag', 'feth_data_task', 'scheduled__2020-01-27T00:00:00+00:00', '--job-id', '227', '--raw', '--subdir', 'DAGS_FOLDER/my_second_dag.py', '--cfg-path', '/tmp/tmper9flx_g']
[2025-06-01T09:58:03.223+0000] {standard_task_runner.py:85} INFO - Job 227: Subtask feth_data_task
[2025-06-01T09:58:03.285+0000] {task_command.py:410} INFO - Running <TaskInstance: second_dag.feth_data_task scheduled__2020-01-27T00:00:00+00:00 [running]> on host 27c4b93144a0
[2025-06-01T09:58:03.560+0000] {taskinstance.py:1547} INFO - Exporting env vars: AIRFLOW_CTX_DAG_OWNER='***' AIRFLOW_CTX_DAG_ID='second_dag' AIRFLOW_CTX_TASK_ID='feth_data_task' AIRFLOW_CTX_EXECUTION_DATE='2020-01-27T00:00:00+00:00' AIRFLOW_CTX_TRY_NUMBER='2' AIRFLOW_CTX_DAG_RUN_ID='scheduled__2020-01-27T00:00:00+00:00'
[2025-06-01T09:58:03.567+0000] {logging_mixin.py:150} WARNING - /home/***/.local/lib/python3.7/site-packages/***/utils/context.py:313 AirflowContextDeprecationWarning: Accessing 'execution_date' from the template is deprecated and will be removed in a future version. Please use 'data_interval_start' or 'logical_date' instead.
[2025-06-01T09:58:03.568+0000] {my_second_dag.py:21} INFO - Fetching data for date: 2020-01-27
[2025-06-01T09:58:03.612+0000] {logging_mixin.py:150} INFO - <?xml version="1.0" encoding="windows-1251"?><ValCurs>
Error in parameters
</ValCurs>
[2025-06-01T09:58:03.624+0000] {taskinstance.py:1824} ERROR - Task failed with exception
Traceback (most recent call last):
  File "/home/airflow/.local/lib/python3.7/site-packages/airflow/operators/python.py", line 181, in execute
    return_value = self.execute_callable()
  File "/home/airflow/.local/lib/python3.7/site-packages/airflow/operators/python.py", line 198, in execute_callable
    return self.python_callable(*self.op_args, **self.op_kwargs)
  File "/opt/airflow/dags/my_second_dag.py", line 35, in fetch_data_from_api
    data = pd.read_xml(io.StringIO(xml_data), parser='etree').query('Name == "Доллар США"')['Value']
  File "/home/airflow/.local/lib/python3.7/site-packages/pandas/io/xml.py", line 938, in read_xml
    storage_options=storage_options,
  File "/home/airflow/.local/lib/python3.7/site-packages/pandas/io/xml.py", line 728, in _parse
    data_dicts = p.parse_data()
  File "/home/airflow/.local/lib/python3.7/site-packages/pandas/io/xml.py", line 215, in parse_data
    self._validate_path()
  File "/home/airflow/.local/lib/python3.7/site-packages/pandas/io/xml.py", line 323, in _validate_path
    raise ValueError(msg)
ValueError: xpath does not return any nodes. If document uses namespaces denoted with xmlns, be sure to define namespaces and use them in xpath.
[2025-06-01T09:58:03.636+0000] {taskinstance.py:1350} INFO - Marking task as UP_FOR_RETRY. dag_id=second_dag, task_id=feth_data_task, execution_date=20200127T000000, start_date=20250601T095803, end_date=20250601T095803
[2025-06-01T09:58:03.650+0000] {standard_task_runner.py:109} ERROR - Failed to execute job 227 for task feth_data_task (xpath does not return any nodes. If document uses namespaces denoted with xmlns, be sure to define namespaces and use them in xpath.; 5516)
[2025-06-01T09:58:03.678+0000] {local_task_job_runner.py:225} INFO - Task exited with return code 1
[2025-06-01T09:58:03.712+0000] {taskinstance.py:2653} INFO - 0 downstream tasks scheduled from follow-on schedule check
