[2025-06-03T15:20:13.105+0000] {taskinstance.py:1103} INFO - Dependencies all met for dep_context=non-requeueable deps ti=<TaskInstance: usd_rate_fetcher.fetch_data_from_api scheduled__2020-02-18T00:00:00+00:00 [queued]>
[2025-06-03T15:20:13.113+0000] {taskinstance.py:1103} INFO - Dependencies all met for dep_context=requeueable deps ti=<TaskInstance: usd_rate_fetcher.fetch_data_from_api scheduled__2020-02-18T00:00:00+00:00 [queued]>
[2025-06-03T15:20:13.114+0000] {taskinstance.py:1308} INFO - Starting attempt 1 of 3
[2025-06-03T15:20:13.129+0000] {taskinstance.py:1327} INFO - Executing <Task(_PythonDecoratedOperator): fetch_data_from_api> on 2020-02-18 00:00:00+00:00
[2025-06-03T15:20:13.136+0000] {standard_task_runner.py:57} INFO - Started process 15053 to run task
[2025-06-03T15:20:13.139+0000] {standard_task_runner.py:84} INFO - Running: ['***', 'tasks', 'run', 'usd_rate_fetcher', 'fetch_data_from_api', 'scheduled__2020-02-18T00:00:00+00:00', '--job-id', '8693', '--raw', '--subdir', 'DAGS_FOLDER/usd_rate_fetcher.py', '--cfg-path', '/tmp/tmpsqap_mbw']
[2025-06-03T15:20:13.142+0000] {standard_task_runner.py:85} INFO - Job 8693: Subtask fetch_data_from_api
[2025-06-03T15:20:13.190+0000] {task_command.py:410} INFO - Running <TaskInstance: usd_rate_fetcher.fetch_data_from_api scheduled__2020-02-18T00:00:00+00:00 [running]> on host 40869fde016f
[2025-06-03T15:20:13.454+0000] {logging_mixin.py:150} WARNING - /home/***/.local/lib/python3.7/site-packages/***/utils/context.py:205 AirflowContextDeprecationWarning: Accessing 'execution_date' from the template is deprecated and will be removed in a future version. Please use 'data_interval_start' or 'logical_date' instead.
[2025-06-03T15:20:13.505+0000] {taskinstance.py:1547} INFO - Exporting env vars: AIRFLOW_CTX_DAG_OWNER='***' AIRFLOW_CTX_DAG_ID='usd_rate_fetcher' AIRFLOW_CTX_TASK_ID='fetch_data_from_api' AIRFLOW_CTX_EXECUTION_DATE='2020-02-18T00:00:00+00:00' AIRFLOW_CTX_TRY_NUMBER='1' AIRFLOW_CTX_DAG_RUN_ID='scheduled__2020-02-18T00:00:00+00:00'
[2025-06-03T15:20:13.539+0000] {usd_rate_fetcher.py:34} INFO - Переменная ['Доллар США', 'Евро', 'Гонконгский доллар', 'Юань', 'Фунт стерлингов']
[2025-06-03T15:20:13.576+0000] {usd_rate_fetcher.py:53} INFO - Fetching data for date: 18/02/2020
[2025-06-03T15:20:13.623+0000] {python.py:183} INFO - Done. Returned value was: {'date': datetime.date(2020, 2, 18), 'content': [{'Фунт стерлингов': 82.5796}, {'Доллар США': 63.3085}, {'Евро': 68.6201}]}
[2025-06-03T15:20:13.655+0000] {taskinstance.py:1350} INFO - Marking task as SUCCESS. dag_id=usd_rate_fetcher, task_id=fetch_data_from_api, execution_date=20200218T000000, start_date=20250603T152013, end_date=20250603T152013
[2025-06-03T15:20:13.717+0000] {local_task_job_runner.py:225} INFO - Task exited with return code 0
[2025-06-03T15:20:13.790+0000] {taskinstance.py:2653} INFO - 0 downstream tasks scheduled from follow-on schedule check
[2025-06-03T15:27:28.602+0000] {taskinstance.py:1103} INFO - Dependencies all met for dep_context=non-requeueable deps ti=<TaskInstance: usd_rate_fetcher.fetch_data_from_api scheduled__2020-02-18T00:00:00+00:00 [queued]>
[2025-06-03T15:27:28.611+0000] {taskinstance.py:1103} INFO - Dependencies all met for dep_context=requeueable deps ti=<TaskInstance: usd_rate_fetcher.fetch_data_from_api scheduled__2020-02-18T00:00:00+00:00 [queued]>
[2025-06-03T15:27:28.611+0000] {taskinstance.py:1308} INFO - Starting attempt 1 of 3
[2025-06-03T15:27:28.623+0000] {taskinstance.py:1327} INFO - Executing <Task(_PythonDecoratedOperator): fetch_data_from_api> on 2020-02-18 00:00:00+00:00
[2025-06-03T15:27:28.631+0000] {standard_task_runner.py:57} INFO - Started process 17579 to run task
[2025-06-03T15:27:28.634+0000] {standard_task_runner.py:84} INFO - Running: ['***', 'tasks', 'run', 'usd_rate_fetcher', 'fetch_data_from_api', 'scheduled__2020-02-18T00:00:00+00:00', '--job-id', '8850', '--raw', '--subdir', 'DAGS_FOLDER/usd_rate_fetcher.py', '--cfg-path', '/tmp/tmpk3h1466z']
[2025-06-03T15:27:28.636+0000] {standard_task_runner.py:85} INFO - Job 8850: Subtask fetch_data_from_api
[2025-06-03T15:27:28.674+0000] {task_command.py:410} INFO - Running <TaskInstance: usd_rate_fetcher.fetch_data_from_api scheduled__2020-02-18T00:00:00+00:00 [running]> on host 40869fde016f
[2025-06-03T15:27:28.877+0000] {logging_mixin.py:150} WARNING - /home/***/.local/lib/python3.7/site-packages/***/utils/context.py:205 AirflowContextDeprecationWarning: Accessing 'execution_date' from the template is deprecated and will be removed in a future version. Please use 'data_interval_start' or 'logical_date' instead.
[2025-06-03T15:27:28.914+0000] {taskinstance.py:1547} INFO - Exporting env vars: AIRFLOW_CTX_DAG_OWNER='***' AIRFLOW_CTX_DAG_ID='usd_rate_fetcher' AIRFLOW_CTX_TASK_ID='fetch_data_from_api' AIRFLOW_CTX_EXECUTION_DATE='2020-02-18T00:00:00+00:00' AIRFLOW_CTX_TRY_NUMBER='1' AIRFLOW_CTX_DAG_RUN_ID='scheduled__2020-02-18T00:00:00+00:00'
[2025-06-03T15:27:28.921+0000] {usd_rate_fetcher.py:34} INFO - Переменная ['USD', 'EUR', 'HKD', 'CNY', 'GBP']
[2025-06-03T15:27:28.926+0000] {usd_rate_fetcher.py:53} INFO - Fetching data for date: 18/02/2020
[2025-06-03T15:27:28.979+0000] {python.py:183} INFO - Done. Returned value was: {'date': datetime.date(2020, 2, 18), 'content': [{'GBP': 82.5796}, {'HKD': 81.5138}, {'USD': 63.3085}, {'EUR': 68.6201}, {'CNY': 90.6947}]}
[2025-06-03T15:27:28.999+0000] {taskinstance.py:1350} INFO - Marking task as SUCCESS. dag_id=usd_rate_fetcher, task_id=fetch_data_from_api, execution_date=20200218T000000, start_date=20250603T152728, end_date=20250603T152728
[2025-06-03T15:27:29.048+0000] {local_task_job_runner.py:225} INFO - Task exited with return code 0
[2025-06-03T15:27:29.068+0000] {taskinstance.py:2653} INFO - 1 downstream tasks scheduled from follow-on schedule check
