[2025-06-03T15:19:52.529+0000] {taskinstance.py:1103} INFO - Dependencies all met for dep_context=non-requeueable deps ti=<TaskInstance: usd_rate_fetcher.fetch_data_from_api scheduled__2020-01-16T00:00:00+00:00 [queued]>
[2025-06-03T15:19:52.552+0000] {taskinstance.py:1103} INFO - Dependencies all met for dep_context=requeueable deps ti=<TaskInstance: usd_rate_fetcher.fetch_data_from_api scheduled__2020-01-16T00:00:00+00:00 [queued]>
[2025-06-03T15:19:52.552+0000] {taskinstance.py:1308} INFO - Starting attempt 1 of 3
[2025-06-03T15:19:52.715+0000] {taskinstance.py:1327} INFO - Executing <Task(_PythonDecoratedOperator): fetch_data_from_api> on 2020-01-16 00:00:00+00:00
[2025-06-03T15:19:52.722+0000] {standard_task_runner.py:57} INFO - Started process 14044 to run task
[2025-06-03T15:19:52.727+0000] {standard_task_runner.py:84} INFO - Running: ['***', 'tasks', 'run', 'usd_rate_fetcher', 'fetch_data_from_api', 'scheduled__2020-01-16T00:00:00+00:00', '--job-id', '8619', '--raw', '--subdir', 'DAGS_FOLDER/usd_rate_fetcher.py', '--cfg-path', '/tmp/tmpcqz4b5e_']
[2025-06-03T15:19:52.745+0000] {standard_task_runner.py:85} INFO - Job 8619: Subtask fetch_data_from_api
[2025-06-03T15:19:52.816+0000] {task_command.py:410} INFO - Running <TaskInstance: usd_rate_fetcher.fetch_data_from_api scheduled__2020-01-16T00:00:00+00:00 [running]> on host 40869fde016f
[2025-06-03T15:19:53.183+0000] {logging_mixin.py:150} WARNING - /home/***/.local/lib/python3.7/site-packages/***/utils/context.py:205 AirflowContextDeprecationWarning: Accessing 'execution_date' from the template is deprecated and will be removed in a future version. Please use 'data_interval_start' or 'logical_date' instead.
[2025-06-03T15:19:53.311+0000] {taskinstance.py:1547} INFO - Exporting env vars: AIRFLOW_CTX_DAG_OWNER='***' AIRFLOW_CTX_DAG_ID='usd_rate_fetcher' AIRFLOW_CTX_TASK_ID='fetch_data_from_api' AIRFLOW_CTX_EXECUTION_DATE='2020-01-16T00:00:00+00:00' AIRFLOW_CTX_TRY_NUMBER='1' AIRFLOW_CTX_DAG_RUN_ID='scheduled__2020-01-16T00:00:00+00:00'
[2025-06-03T15:19:53.331+0000] {usd_rate_fetcher.py:34} INFO - Переменная ['Доллар США', 'Евро', 'Гонконгский доллар', 'Юань', 'Фунт стерлингов']
[2025-06-03T15:19:53.342+0000] {usd_rate_fetcher.py:53} INFO - Fetching data for date: 16/01/2020
[2025-06-03T15:19:53.388+0000] {python.py:183} INFO - Done. Returned value was: {'date': datetime.date(2020, 1, 16), 'content': [{'Фунт стерлингов': 79.9548}, {'Доллар США': 61.4328}, {'Евро': 68.3747}]}
[2025-06-03T15:19:53.412+0000] {taskinstance.py:1350} INFO - Marking task as SUCCESS. dag_id=usd_rate_fetcher, task_id=fetch_data_from_api, execution_date=20200116T000000, start_date=20250603T151952, end_date=20250603T151953
[2025-06-03T15:19:53.465+0000] {local_task_job_runner.py:225} INFO - Task exited with return code 0
[2025-06-03T15:19:53.490+0000] {taskinstance.py:2653} INFO - 1 downstream tasks scheduled from follow-on schedule check
[2025-06-03T15:27:10.885+0000] {taskinstance.py:1103} INFO - Dependencies all met for dep_context=non-requeueable deps ti=<TaskInstance: usd_rate_fetcher.fetch_data_from_api scheduled__2020-01-16T00:00:00+00:00 [queued]>
[2025-06-03T15:27:10.900+0000] {taskinstance.py:1103} INFO - Dependencies all met for dep_context=requeueable deps ti=<TaskInstance: usd_rate_fetcher.fetch_data_from_api scheduled__2020-01-16T00:00:00+00:00 [queued]>
[2025-06-03T15:27:10.901+0000] {taskinstance.py:1308} INFO - Starting attempt 1 of 3
[2025-06-03T15:27:10.915+0000] {taskinstance.py:1327} INFO - Executing <Task(_PythonDecoratedOperator): fetch_data_from_api> on 2020-01-16 00:00:00+00:00
[2025-06-03T15:27:10.922+0000] {standard_task_runner.py:57} INFO - Started process 16507 to run task
[2025-06-03T15:27:10.925+0000] {standard_task_runner.py:84} INFO - Running: ['***', 'tasks', 'run', 'usd_rate_fetcher', 'fetch_data_from_api', 'scheduled__2020-01-16T00:00:00+00:00', '--job-id', '8775', '--raw', '--subdir', 'DAGS_FOLDER/usd_rate_fetcher.py', '--cfg-path', '/tmp/tmp3k5t8nlm']
[2025-06-03T15:27:10.927+0000] {standard_task_runner.py:85} INFO - Job 8775: Subtask fetch_data_from_api
[2025-06-03T15:27:10.978+0000] {task_command.py:410} INFO - Running <TaskInstance: usd_rate_fetcher.fetch_data_from_api scheduled__2020-01-16T00:00:00+00:00 [running]> on host 40869fde016f
[2025-06-03T15:27:11.027+0000] {logging_mixin.py:150} WARNING - /home/***/.local/lib/python3.7/site-packages/***/utils/context.py:205 AirflowContextDeprecationWarning: Accessing 'execution_date' from the template is deprecated and will be removed in a future version. Please use 'data_interval_start' or 'logical_date' instead.
[2025-06-03T15:27:11.061+0000] {taskinstance.py:1547} INFO - Exporting env vars: AIRFLOW_CTX_DAG_OWNER='***' AIRFLOW_CTX_DAG_ID='usd_rate_fetcher' AIRFLOW_CTX_TASK_ID='fetch_data_from_api' AIRFLOW_CTX_EXECUTION_DATE='2020-01-16T00:00:00+00:00' AIRFLOW_CTX_TRY_NUMBER='1' AIRFLOW_CTX_DAG_RUN_ID='scheduled__2020-01-16T00:00:00+00:00'
[2025-06-03T15:27:11.069+0000] {usd_rate_fetcher.py:34} INFO - Переменная ['USD', 'EUR', 'HKD', 'CNY', 'GBP']
[2025-06-03T15:27:11.076+0000] {usd_rate_fetcher.py:53} INFO - Fetching data for date: 16/01/2020
[2025-06-03T15:27:11.135+0000] {python.py:183} INFO - Done. Returned value was: {'date': datetime.date(2020, 1, 16), 'content': [{'GBP': 79.9548}, {'HKD': 78.997}, {'USD': 61.4328}, {'EUR': 68.3747}, {'CNY': 89.2024}]}
[2025-06-03T15:27:11.154+0000] {taskinstance.py:1350} INFO - Marking task as SUCCESS. dag_id=usd_rate_fetcher, task_id=fetch_data_from_api, execution_date=20200116T000000, start_date=20250603T152710, end_date=20250603T152711
[2025-06-03T15:27:11.187+0000] {local_task_job_runner.py:225} INFO - Task exited with return code 0
[2025-06-03T15:27:11.208+0000] {taskinstance.py:2653} INFO - 1 downstream tasks scheduled from follow-on schedule check
