[2025-06-03T15:20:22.090+0000] {taskinstance.py:1103} INFO - Dependencies all met for dep_context=non-requeueable deps ti=<TaskInstance: usd_rate_fetcher.save_data_to_db scheduled__2020-03-04T00:00:00+00:00 [queued]>
[2025-06-03T15:20:21.567+0000] {taskinstance.py:1103} INFO - Dependencies all met for dep_context=requeueable deps ti=<TaskInstance: usd_rate_fetcher.save_data_to_db scheduled__2020-03-04T00:00:00+00:00 [queued]>
[2025-06-03T15:20:21.568+0000] {taskinstance.py:1308} INFO - Starting attempt 1 of 3
[2025-06-03T15:20:21.607+0000] {taskinstance.py:1327} INFO - Executing <Task(_PythonDecoratedOperator): save_data_to_db> on 2020-03-04 00:00:00+00:00
[2025-06-03T15:20:21.616+0000] {standard_task_runner.py:57} INFO - Started process 15723 to run task
[2025-06-03T15:20:20.941+0000] {standard_task_runner.py:84} INFO - Running: ['***', 'tasks', 'run', 'usd_rate_fetcher', 'save_data_to_db', 'scheduled__2020-03-04T00:00:00+00:00', '--job-id', '8737', '--raw', '--subdir', 'DAGS_FOLDER/usd_rate_fetcher.py', '--cfg-path', '/tmp/tmp8xfotszm']
[2025-06-03T15:20:20.943+0000] {standard_task_runner.py:85} INFO - Job 8737: Subtask save_data_to_db
[2025-06-03T15:20:21.066+0000] {task_command.py:410} INFO - Running <TaskInstance: usd_rate_fetcher.save_data_to_db scheduled__2020-03-04T00:00:00+00:00 [running]> on host 40869fde016f
[2025-06-03T15:20:21.430+0000] {logging_mixin.py:150} WARNING - /home/***/.local/lib/python3.7/site-packages/***/utils/context.py:205 AirflowContextDeprecationWarning: Accessing 'execution_date' from the template is deprecated and will be removed in a future version. Please use 'data_interval_start' or 'logical_date' instead.
[2025-06-03T15:20:21.543+0000] {taskinstance.py:1547} INFO - Exporting env vars: AIRFLOW_CTX_DAG_OWNER='***' AIRFLOW_CTX_DAG_ID='usd_rate_fetcher' AIRFLOW_CTX_TASK_ID='save_data_to_db' AIRFLOW_CTX_EXECUTION_DATE='2020-03-04T00:00:00+00:00' AIRFLOW_CTX_TRY_NUMBER='1' AIRFLOW_CTX_DAG_RUN_ID='scheduled__2020-03-04T00:00:00+00:00'
[2025-06-03T15:20:21.544+0000] {usd_rate_fetcher.py:80} INFO - Received USD rate: {'date': datetime.date(2020, 3, 4), 'content': [{'Фунт стерлингов': 84.9217}, {'Доллар США': 66.4437}, {'Евро': 73.9385}]} for date 2020-03-04
[2025-06-03T15:20:21.566+0000] {base.py:73} INFO - Using connection ID 'pg_database' for task execution.
[2025-06-03T15:20:21.578+0000] {usd_rate_fetcher.py:103} INFO - Saved 84.92 for Фунт стерлингов on 2020-03-04
[2025-06-03T15:20:21.578+0000] {usd_rate_fetcher.py:103} INFO - Saved 66.44 for Доллар США on 2020-03-04
[2025-06-03T15:20:21.579+0000] {usd_rate_fetcher.py:103} INFO - Saved 73.94 for Евро on 2020-03-04
[2025-06-03T15:20:21.582+0000] {python.py:183} INFO - Done. Returned value was: None
[2025-06-03T15:20:21.601+0000] {taskinstance.py:1350} INFO - Marking task as SUCCESS. dag_id=usd_rate_fetcher, task_id=save_data_to_db, execution_date=20200304T000000, start_date=20250603T152022, end_date=20250603T152021
[2025-06-03T15:20:21.735+0000] {local_task_job_runner.py:225} INFO - Task exited with return code 0
[2025-06-03T15:20:21.762+0000] {taskinstance.py:2653} INFO - 0 downstream tasks scheduled from follow-on schedule check
[2025-06-03T15:29:37.608+0000] {taskinstance.py:1103} INFO - Dependencies all met for dep_context=non-requeueable deps ti=<TaskInstance: usd_rate_fetcher.save_data_to_db scheduled__2020-03-04T00:00:00+00:00 [queued]>
[2025-06-03T15:29:37.628+0000] {taskinstance.py:1103} INFO - Dependencies all met for dep_context=requeueable deps ti=<TaskInstance: usd_rate_fetcher.save_data_to_db scheduled__2020-03-04T00:00:00+00:00 [queued]>
[2025-06-03T15:29:37.629+0000] {taskinstance.py:1308} INFO - Starting attempt 1 of 3
[2025-06-03T15:29:37.686+0000] {taskinstance.py:1327} INFO - Executing <Task(_PythonDecoratedOperator): save_data_to_db> on 2020-03-04 00:00:00+00:00
[2025-06-03T15:29:37.693+0000] {standard_task_runner.py:57} INFO - Started process 18074 to run task
[2025-06-03T15:29:37.696+0000] {standard_task_runner.py:84} INFO - Running: ['***', 'tasks', 'run', 'usd_rate_fetcher', 'save_data_to_db', 'scheduled__2020-03-04T00:00:00+00:00', '--job-id', '8876', '--raw', '--subdir', 'DAGS_FOLDER/usd_rate_fetcher.py', '--cfg-path', '/tmp/tmpgs5b6k6c']
[2025-06-03T15:29:37.698+0000] {standard_task_runner.py:85} INFO - Job 8876: Subtask save_data_to_db
[2025-06-03T15:29:37.904+0000] {task_command.py:410} INFO - Running <TaskInstance: usd_rate_fetcher.save_data_to_db scheduled__2020-03-04T00:00:00+00:00 [running]> on host 40869fde016f
[2025-06-03T15:29:38.209+0000] {logging_mixin.py:150} WARNING - /home/***/.local/lib/python3.7/site-packages/***/utils/context.py:205 AirflowContextDeprecationWarning: Accessing 'execution_date' from the template is deprecated and will be removed in a future version. Please use 'data_interval_start' or 'logical_date' instead.
[2025-06-03T15:29:38.274+0000] {taskinstance.py:1547} INFO - Exporting env vars: AIRFLOW_CTX_DAG_OWNER='***' AIRFLOW_CTX_DAG_ID='usd_rate_fetcher' AIRFLOW_CTX_TASK_ID='save_data_to_db' AIRFLOW_CTX_EXECUTION_DATE='2020-03-04T00:00:00+00:00' AIRFLOW_CTX_TRY_NUMBER='1' AIRFLOW_CTX_DAG_RUN_ID='scheduled__2020-03-04T00:00:00+00:00'
[2025-06-03T15:29:38.277+0000] {usd_rate_fetcher.py:80} INFO - Received USD rate: {'date': datetime.date(2020, 3, 4), 'content': [{'GBP': 84.9217}, {'HKD': 85.3922}, {'USD': 66.4437}, {'EUR': 73.9385}, {'CNY': 95.1779}]} for date 2020-03-04
[2025-06-03T15:29:38.290+0000] {base.py:73} INFO - Using connection ID 'pg_database' for task execution.
[2025-06-03T15:29:38.295+0000] {usd_rate_fetcher.py:103} INFO - Saved 84.92 for GBP on 2020-03-04
[2025-06-03T15:29:38.296+0000] {usd_rate_fetcher.py:103} INFO - Saved 85.39 for HKD on 2020-03-04
[2025-06-03T15:29:38.296+0000] {usd_rate_fetcher.py:103} INFO - Saved 66.44 for USD on 2020-03-04
[2025-06-03T15:29:38.297+0000] {usd_rate_fetcher.py:103} INFO - Saved 73.94 for EUR on 2020-03-04
[2025-06-03T15:29:38.297+0000] {usd_rate_fetcher.py:103} INFO - Saved 95.18 for CNY on 2020-03-04
[2025-06-03T15:29:38.299+0000] {python.py:183} INFO - Done. Returned value was: None
[2025-06-03T15:29:38.312+0000] {taskinstance.py:1350} INFO - Marking task as SUCCESS. dag_id=usd_rate_fetcher, task_id=save_data_to_db, execution_date=20200304T000000, start_date=20250603T152937, end_date=20250603T152938
[2025-06-03T15:29:38.387+0000] {local_task_job_runner.py:225} INFO - Task exited with return code 0
[2025-06-03T15:29:38.464+0000] {taskinstance.py:2653} INFO - 0 downstream tasks scheduled from follow-on schedule check
