[2025-06-03T15:19:57.549+0000] {taskinstance.py:1103} INFO - Dependencies all met for dep_context=non-requeueable deps ti=<TaskInstance: usd_rate_fetcher.fetch_data_from_api scheduled__2020-01-19T00:00:00+00:00 [queued]>
[2025-06-03T15:19:57.558+0000] {taskinstance.py:1103} INFO - Dependencies all met for dep_context=requeueable deps ti=<TaskInstance: usd_rate_fetcher.fetch_data_from_api scheduled__2020-01-19T00:00:00+00:00 [queued]>
[2025-06-03T15:19:57.559+0000] {taskinstance.py:1308} INFO - Starting attempt 1 of 3
[2025-06-03T15:19:57.587+0000] {taskinstance.py:1327} INFO - Executing <Task(_PythonDecoratedOperator): fetch_data_from_api> on 2020-01-19 00:00:00+00:00
[2025-06-03T15:19:57.596+0000] {standard_task_runner.py:57} INFO - Started process 14240 to run task
[2025-06-03T15:19:57.599+0000] {standard_task_runner.py:84} INFO - Running: ['***', 'tasks', 'run', 'usd_rate_fetcher', 'fetch_data_from_api', 'scheduled__2020-01-19T00:00:00+00:00', '--job-id', '8635', '--raw', '--subdir', 'DAGS_FOLDER/usd_rate_fetcher.py', '--cfg-path', '/tmp/tmpakmt5py1']
[2025-06-03T15:19:57.601+0000] {standard_task_runner.py:85} INFO - Job 8635: Subtask fetch_data_from_api
[2025-06-03T15:19:57.651+0000] {task_command.py:410} INFO - Running <TaskInstance: usd_rate_fetcher.fetch_data_from_api scheduled__2020-01-19T00:00:00+00:00 [running]> on host 40869fde016f
[2025-06-03T15:19:57.980+0000] {logging_mixin.py:150} WARNING - /home/***/.local/lib/python3.7/site-packages/***/utils/context.py:205 AirflowContextDeprecationWarning: Accessing 'execution_date' from the template is deprecated and will be removed in a future version. Please use 'data_interval_start' or 'logical_date' instead.
[2025-06-03T15:19:58.030+0000] {taskinstance.py:1547} INFO - Exporting env vars: AIRFLOW_CTX_DAG_OWNER='***' AIRFLOW_CTX_DAG_ID='usd_rate_fetcher' AIRFLOW_CTX_TASK_ID='fetch_data_from_api' AIRFLOW_CTX_EXECUTION_DATE='2020-01-19T00:00:00+00:00' AIRFLOW_CTX_TRY_NUMBER='1' AIRFLOW_CTX_DAG_RUN_ID='scheduled__2020-01-19T00:00:00+00:00'
[2025-06-03T15:19:58.038+0000] {usd_rate_fetcher.py:34} INFO - Переменная ['Доллар США', 'Евро', 'Гонконгский доллар', 'Юань', 'Фунт стерлингов']
[2025-06-03T15:19:58.045+0000] {usd_rate_fetcher.py:53} INFO - Fetching data for date: 19/01/2020
[2025-06-03T15:19:58.105+0000] {python.py:183} INFO - Done. Returned value was: {'date': datetime.date(2020, 1, 19), 'content': [{'Фунт стерлингов': 80.4917}, {'Доллар США': 61.5333}, {'Евро': 68.5358}]}
[2025-06-03T15:19:58.168+0000] {taskinstance.py:1350} INFO - Marking task as SUCCESS. dag_id=usd_rate_fetcher, task_id=fetch_data_from_api, execution_date=20200119T000000, start_date=20250603T151957, end_date=20250603T151958
[2025-06-03T15:19:58.259+0000] {local_task_job_runner.py:225} INFO - Task exited with return code 0
[2025-06-03T15:19:58.280+0000] {taskinstance.py:2653} INFO - 1 downstream tasks scheduled from follow-on schedule check
[2025-06-03T15:27:14.457+0000] {taskinstance.py:1103} INFO - Dependencies all met for dep_context=non-requeueable deps ti=<TaskInstance: usd_rate_fetcher.fetch_data_from_api scheduled__2020-01-19T00:00:00+00:00 [queued]>
[2025-06-03T15:27:14.464+0000] {taskinstance.py:1103} INFO - Dependencies all met for dep_context=requeueable deps ti=<TaskInstance: usd_rate_fetcher.fetch_data_from_api scheduled__2020-01-19T00:00:00+00:00 [queued]>
[2025-06-03T15:27:14.464+0000] {taskinstance.py:1308} INFO - Starting attempt 1 of 3
[2025-06-03T15:27:14.475+0000] {taskinstance.py:1327} INFO - Executing <Task(_PythonDecoratedOperator): fetch_data_from_api> on 2020-01-19 00:00:00+00:00
[2025-06-03T15:27:14.480+0000] {standard_task_runner.py:57} INFO - Started process 16667 to run task
[2025-06-03T15:27:14.483+0000] {standard_task_runner.py:84} INFO - Running: ['***', 'tasks', 'run', 'usd_rate_fetcher', 'fetch_data_from_api', 'scheduled__2020-01-19T00:00:00+00:00', '--job-id', '8788', '--raw', '--subdir', 'DAGS_FOLDER/usd_rate_fetcher.py', '--cfg-path', '/tmp/tmp8qog3o7q']
[2025-06-03T15:27:14.484+0000] {standard_task_runner.py:85} INFO - Job 8788: Subtask fetch_data_from_api
[2025-06-03T15:27:14.517+0000] {task_command.py:410} INFO - Running <TaskInstance: usd_rate_fetcher.fetch_data_from_api scheduled__2020-01-19T00:00:00+00:00 [running]> on host 40869fde016f
[2025-06-03T15:27:14.665+0000] {logging_mixin.py:150} WARNING - /home/***/.local/lib/python3.7/site-packages/***/utils/context.py:205 AirflowContextDeprecationWarning: Accessing 'execution_date' from the template is deprecated and will be removed in a future version. Please use 'data_interval_start' or 'logical_date' instead.
[2025-06-03T15:27:14.692+0000] {taskinstance.py:1547} INFO - Exporting env vars: AIRFLOW_CTX_DAG_OWNER='***' AIRFLOW_CTX_DAG_ID='usd_rate_fetcher' AIRFLOW_CTX_TASK_ID='fetch_data_from_api' AIRFLOW_CTX_EXECUTION_DATE='2020-01-19T00:00:00+00:00' AIRFLOW_CTX_TRY_NUMBER='1' AIRFLOW_CTX_DAG_RUN_ID='scheduled__2020-01-19T00:00:00+00:00'
[2025-06-03T15:27:14.698+0000] {usd_rate_fetcher.py:34} INFO - Переменная ['USD', 'EUR', 'HKD', 'CNY', 'GBP']
[2025-06-03T15:27:14.702+0000] {usd_rate_fetcher.py:53} INFO - Fetching data for date: 19/01/2020
[2025-06-03T15:27:14.767+0000] {python.py:183} INFO - Done. Returned value was: {'date': datetime.date(2020, 1, 19), 'content': [{'GBP': 80.4917}, {'HKD': 79.1955}, {'USD': 61.5333}, {'EUR': 68.5358}, {'CNY': 89.7105}]}
[2025-06-03T15:27:14.785+0000] {taskinstance.py:1350} INFO - Marking task as SUCCESS. dag_id=usd_rate_fetcher, task_id=fetch_data_from_api, execution_date=20200119T000000, start_date=20250603T152714, end_date=20250603T152714
[2025-06-03T15:27:14.817+0000] {local_task_job_runner.py:225} INFO - Task exited with return code 0
[2025-06-03T15:27:14.836+0000] {taskinstance.py:2653} INFO - 1 downstream tasks scheduled from follow-on schedule check
