[2025-06-03T15:19:58.297+0000] {taskinstance.py:1103} INFO - Dependencies all met for dep_context=non-requeueable deps ti=<TaskInstance: usd_rate_fetcher.fetch_data_from_api scheduled__2020-01-24T00:00:00+00:00 [queued]>
[2025-06-03T15:19:58.310+0000] {taskinstance.py:1103} INFO - Dependencies all met for dep_context=requeueable deps ti=<TaskInstance: usd_rate_fetcher.fetch_data_from_api scheduled__2020-01-24T00:00:00+00:00 [queued]>
[2025-06-03T15:19:58.310+0000] {taskinstance.py:1308} INFO - Starting attempt 1 of 3
[2025-06-03T15:19:58.330+0000] {taskinstance.py:1327} INFO - Executing <Task(_PythonDecoratedOperator): fetch_data_from_api> on 2020-01-24 00:00:00+00:00
[2025-06-03T15:19:58.338+0000] {standard_task_runner.py:57} INFO - Started process 14301 to run task
[2025-06-03T15:19:58.342+0000] {standard_task_runner.py:84} INFO - Running: ['***', 'tasks', 'run', 'usd_rate_fetcher', 'fetch_data_from_api', 'scheduled__2020-01-24T00:00:00+00:00', '--job-id', '8640', '--raw', '--subdir', 'DAGS_FOLDER/usd_rate_fetcher.py', '--cfg-path', '/tmp/tmpy9doufqx']
[2025-06-03T15:19:58.344+0000] {standard_task_runner.py:85} INFO - Job 8640: Subtask fetch_data_from_api
[2025-06-03T15:19:58.417+0000] {task_command.py:410} INFO - Running <TaskInstance: usd_rate_fetcher.fetch_data_from_api scheduled__2020-01-24T00:00:00+00:00 [running]> on host 40869fde016f
[2025-06-03T15:19:58.683+0000] {logging_mixin.py:150} WARNING - /home/***/.local/lib/python3.7/site-packages/***/utils/context.py:205 AirflowContextDeprecationWarning: Accessing 'execution_date' from the template is deprecated and will be removed in a future version. Please use 'data_interval_start' or 'logical_date' instead.
[2025-06-03T15:19:58.746+0000] {taskinstance.py:1547} INFO - Exporting env vars: AIRFLOW_CTX_DAG_OWNER='***' AIRFLOW_CTX_DAG_ID='usd_rate_fetcher' AIRFLOW_CTX_TASK_ID='fetch_data_from_api' AIRFLOW_CTX_EXECUTION_DATE='2020-01-24T00:00:00+00:00' AIRFLOW_CTX_TRY_NUMBER='1' AIRFLOW_CTX_DAG_RUN_ID='scheduled__2020-01-24T00:00:00+00:00'
[2025-06-03T15:19:58.765+0000] {usd_rate_fetcher.py:34} INFO - Переменная ['Доллар США', 'Евро', 'Гонконгский доллар', 'Юань', 'Фунт стерлингов']
[2025-06-03T15:19:58.777+0000] {usd_rate_fetcher.py:53} INFO - Fetching data for date: 24/01/2020
[2025-06-03T15:19:58.822+0000] {python.py:183} INFO - Done. Returned value was: {'date': datetime.date(2020, 1, 24), 'content': [{'Фунт стерлингов': 81.3919}, {'Доллар США': 61.9515}, {'Евро': 68.6856}]}
[2025-06-03T15:19:58.857+0000] {taskinstance.py:1350} INFO - Marking task as SUCCESS. dag_id=usd_rate_fetcher, task_id=fetch_data_from_api, execution_date=20200124T000000, start_date=20250603T151958, end_date=20250603T151958
[2025-06-03T15:19:58.921+0000] {local_task_job_runner.py:225} INFO - Task exited with return code 0
[2025-06-03T15:19:58.943+0000] {taskinstance.py:2653} INFO - 1 downstream tasks scheduled from follow-on schedule check
[2025-06-03T15:27:16.470+0000] {taskinstance.py:1103} INFO - Dependencies all met for dep_context=non-requeueable deps ti=<TaskInstance: usd_rate_fetcher.fetch_data_from_api scheduled__2020-01-24T00:00:00+00:00 [queued]>
[2025-06-03T15:27:16.480+0000] {taskinstance.py:1103} INFO - Dependencies all met for dep_context=requeueable deps ti=<TaskInstance: usd_rate_fetcher.fetch_data_from_api scheduled__2020-01-24T00:00:00+00:00 [queued]>
[2025-06-03T15:27:16.480+0000] {taskinstance.py:1308} INFO - Starting attempt 1 of 3
[2025-06-03T15:27:16.493+0000] {taskinstance.py:1327} INFO - Executing <Task(_PythonDecoratedOperator): fetch_data_from_api> on 2020-01-24 00:00:00+00:00
[2025-06-03T15:27:16.500+0000] {standard_task_runner.py:57} INFO - Started process 16820 to run task
[2025-06-03T15:27:16.503+0000] {standard_task_runner.py:84} INFO - Running: ['***', 'tasks', 'run', 'usd_rate_fetcher', 'fetch_data_from_api', 'scheduled__2020-01-24T00:00:00+00:00', '--job-id', '8797', '--raw', '--subdir', 'DAGS_FOLDER/usd_rate_fetcher.py', '--cfg-path', '/tmp/tmpczqlmxvb']
[2025-06-03T15:27:16.504+0000] {standard_task_runner.py:85} INFO - Job 8797: Subtask fetch_data_from_api
[2025-06-03T15:27:16.615+0000] {task_command.py:410} INFO - Running <TaskInstance: usd_rate_fetcher.fetch_data_from_api scheduled__2020-01-24T00:00:00+00:00 [running]> on host 40869fde016f
[2025-06-03T15:27:16.828+0000] {logging_mixin.py:150} WARNING - /home/***/.local/lib/python3.7/site-packages/***/utils/context.py:205 AirflowContextDeprecationWarning: Accessing 'execution_date' from the template is deprecated and will be removed in a future version. Please use 'data_interval_start' or 'logical_date' instead.
[2025-06-03T15:27:16.872+0000] {taskinstance.py:1547} INFO - Exporting env vars: AIRFLOW_CTX_DAG_OWNER='***' AIRFLOW_CTX_DAG_ID='usd_rate_fetcher' AIRFLOW_CTX_TASK_ID='fetch_data_from_api' AIRFLOW_CTX_EXECUTION_DATE='2020-01-24T00:00:00+00:00' AIRFLOW_CTX_TRY_NUMBER='1' AIRFLOW_CTX_DAG_RUN_ID='scheduled__2020-01-24T00:00:00+00:00'
[2025-06-03T15:27:16.879+0000] {usd_rate_fetcher.py:34} INFO - Переменная ['USD', 'EUR', 'HKD', 'CNY', 'GBP']
[2025-06-03T15:27:16.885+0000] {usd_rate_fetcher.py:53} INFO - Fetching data for date: 24/01/2020
[2025-06-03T15:27:16.918+0000] {python.py:183} INFO - Done. Returned value was: {'date': datetime.date(2020, 1, 24), 'content': [{'GBP': 81.3919}, {'HKD': 79.7029}, {'USD': 61.9515}, {'EUR': 68.6856}, {'CNY': 89.3909}]}
[2025-06-03T15:27:16.943+0000] {taskinstance.py:1350} INFO - Marking task as SUCCESS. dag_id=usd_rate_fetcher, task_id=fetch_data_from_api, execution_date=20200124T000000, start_date=20250603T152716, end_date=20250603T152716
[2025-06-03T15:27:17.017+0000] {local_task_job_runner.py:225} INFO - Task exited with return code 0
[2025-06-03T15:27:17.041+0000] {taskinstance.py:2653} INFO - 1 downstream tasks scheduled from follow-on schedule check
