[2025-06-03T15:20:00.389+0000] {taskinstance.py:1103} INFO - Dependencies all met for dep_context=non-requeueable deps ti=<TaskInstance: usd_rate_fetcher.save_data_to_db scheduled__2020-01-29T00:00:00+00:00 [queued]>
[2025-06-03T15:20:00.398+0000] {taskinstance.py:1103} INFO - Dependencies all met for dep_context=requeueable deps ti=<TaskInstance: usd_rate_fetcher.save_data_to_db scheduled__2020-01-29T00:00:00+00:00 [queued]>
[2025-06-03T15:20:00.399+0000] {taskinstance.py:1308} INFO - Starting attempt 1 of 3
[2025-06-03T15:20:00.414+0000] {taskinstance.py:1327} INFO - Executing <Task(_PythonDecoratedOperator): save_data_to_db> on 2020-01-29 00:00:00+00:00
[2025-06-03T15:20:00.419+0000] {standard_task_runner.py:57} INFO - Started process 14491 to run task
[2025-06-03T15:20:00.421+0000] {standard_task_runner.py:84} INFO - Running: ['***', 'tasks', 'run', 'usd_rate_fetcher', 'save_data_to_db', 'scheduled__2020-01-29T00:00:00+00:00', '--job-id', '8652', '--raw', '--subdir', 'DAGS_FOLDER/usd_rate_fetcher.py', '--cfg-path', '/tmp/tmp2e998jzv']
[2025-06-03T15:20:00.423+0000] {standard_task_runner.py:85} INFO - Job 8652: Subtask save_data_to_db
[2025-06-03T15:20:00.476+0000] {task_command.py:410} INFO - Running <TaskInstance: usd_rate_fetcher.save_data_to_db scheduled__2020-01-29T00:00:00+00:00 [running]> on host 40869fde016f
[2025-06-03T15:20:00.721+0000] {logging_mixin.py:150} WARNING - /home/***/.local/lib/python3.7/site-packages/***/utils/context.py:205 AirflowContextDeprecationWarning: Accessing 'execution_date' from the template is deprecated and will be removed in a future version. Please use 'data_interval_start' or 'logical_date' instead.
[2025-06-03T15:20:00.763+0000] {taskinstance.py:1547} INFO - Exporting env vars: AIRFLOW_CTX_DAG_OWNER='***' AIRFLOW_CTX_DAG_ID='usd_rate_fetcher' AIRFLOW_CTX_TASK_ID='save_data_to_db' AIRFLOW_CTX_EXECUTION_DATE='2020-01-29T00:00:00+00:00' AIRFLOW_CTX_TRY_NUMBER='1' AIRFLOW_CTX_DAG_RUN_ID='scheduled__2020-01-29T00:00:00+00:00'
[2025-06-03T15:20:00.764+0000] {usd_rate_fetcher.py:80} INFO - Received USD rate: {'date': datetime.date(2020, 1, 29), 'content': [{'Фунт стерлингов': 81.7605}, {'Доллар США': 62.8299}, {'Евро': 69.226}]} for date 2020-01-29
[2025-06-03T15:20:00.773+0000] {base.py:73} INFO - Using connection ID 'pg_database' for task execution.
[2025-06-03T15:20:00.777+0000] {usd_rate_fetcher.py:103} INFO - Saved 81.76 for Фунт стерлингов on 2020-01-29
[2025-06-03T15:20:00.778+0000] {usd_rate_fetcher.py:103} INFO - Saved 62.83 for Доллар США on 2020-01-29
[2025-06-03T15:20:00.778+0000] {usd_rate_fetcher.py:103} INFO - Saved 69.23 for Евро on 2020-01-29
[2025-06-03T15:20:00.780+0000] {python.py:183} INFO - Done. Returned value was: None
[2025-06-03T15:20:00.789+0000] {taskinstance.py:1350} INFO - Marking task as SUCCESS. dag_id=usd_rate_fetcher, task_id=save_data_to_db, execution_date=20200129T000000, start_date=20250603T152000, end_date=20250603T152000
[2025-06-03T15:20:00.836+0000] {local_task_job_runner.py:225} INFO - Task exited with return code 0
[2025-06-03T15:20:00.878+0000] {taskinstance.py:2653} INFO - 0 downstream tasks scheduled from follow-on schedule check
[2025-06-03T15:27:19.070+0000] {taskinstance.py:1103} INFO - Dependencies all met for dep_context=non-requeueable deps ti=<TaskInstance: usd_rate_fetcher.save_data_to_db scheduled__2020-01-29T00:00:00+00:00 [queued]>
[2025-06-03T15:27:19.077+0000] {taskinstance.py:1103} INFO - Dependencies all met for dep_context=requeueable deps ti=<TaskInstance: usd_rate_fetcher.save_data_to_db scheduled__2020-01-29T00:00:00+00:00 [queued]>
[2025-06-03T15:27:19.078+0000] {taskinstance.py:1308} INFO - Starting attempt 1 of 3
[2025-06-03T15:27:19.090+0000] {taskinstance.py:1327} INFO - Executing <Task(_PythonDecoratedOperator): save_data_to_db> on 2020-01-29 00:00:00+00:00
[2025-06-03T15:27:19.096+0000] {standard_task_runner.py:57} INFO - Started process 17028 to run task
[2025-06-03T15:27:19.099+0000] {standard_task_runner.py:84} INFO - Running: ['***', 'tasks', 'run', 'usd_rate_fetcher', 'save_data_to_db', 'scheduled__2020-01-29T00:00:00+00:00', '--job-id', '8811', '--raw', '--subdir', 'DAGS_FOLDER/usd_rate_fetcher.py', '--cfg-path', '/tmp/tmpf24dhiie']
[2025-06-03T15:27:19.100+0000] {standard_task_runner.py:85} INFO - Job 8811: Subtask save_data_to_db
[2025-06-03T15:27:19.133+0000] {task_command.py:410} INFO - Running <TaskInstance: usd_rate_fetcher.save_data_to_db scheduled__2020-01-29T00:00:00+00:00 [running]> on host 40869fde016f
[2025-06-03T15:27:19.305+0000] {logging_mixin.py:150} WARNING - /home/***/.local/lib/python3.7/site-packages/***/utils/context.py:205 AirflowContextDeprecationWarning: Accessing 'execution_date' from the template is deprecated and will be removed in a future version. Please use 'data_interval_start' or 'logical_date' instead.
[2025-06-03T15:27:19.337+0000] {taskinstance.py:1547} INFO - Exporting env vars: AIRFLOW_CTX_DAG_OWNER='***' AIRFLOW_CTX_DAG_ID='usd_rate_fetcher' AIRFLOW_CTX_TASK_ID='save_data_to_db' AIRFLOW_CTX_EXECUTION_DATE='2020-01-29T00:00:00+00:00' AIRFLOW_CTX_TRY_NUMBER='1' AIRFLOW_CTX_DAG_RUN_ID='scheduled__2020-01-29T00:00:00+00:00'
[2025-06-03T15:27:19.338+0000] {usd_rate_fetcher.py:80} INFO - Received USD rate: {'date': datetime.date(2020, 1, 29), 'content': [{'GBP': 81.7605}, {'HKD': 80.7904}, {'USD': 62.8299}, {'EUR': 69.226}, {'CNY': 90.5761}]} for date 2020-01-29
[2025-06-03T15:27:19.344+0000] {base.py:73} INFO - Using connection ID 'pg_database' for task execution.
[2025-06-03T15:27:19.348+0000] {usd_rate_fetcher.py:103} INFO - Saved 81.76 for GBP on 2020-01-29
[2025-06-03T15:27:19.349+0000] {usd_rate_fetcher.py:103} INFO - Saved 80.79 for HKD on 2020-01-29
[2025-06-03T15:27:19.349+0000] {usd_rate_fetcher.py:103} INFO - Saved 62.83 for USD on 2020-01-29
[2025-06-03T15:27:19.350+0000] {usd_rate_fetcher.py:103} INFO - Saved 69.23 for EUR on 2020-01-29
[2025-06-03T15:27:19.350+0000] {usd_rate_fetcher.py:103} INFO - Saved 90.58 for CNY on 2020-01-29
[2025-06-03T15:27:19.351+0000] {python.py:183} INFO - Done. Returned value was: None
[2025-06-03T15:27:19.359+0000] {taskinstance.py:1350} INFO - Marking task as SUCCESS. dag_id=usd_rate_fetcher, task_id=save_data_to_db, execution_date=20200129T000000, start_date=20250603T152719, end_date=20250603T152719
[2025-06-03T15:27:19.393+0000] {local_task_job_runner.py:225} INFO - Task exited with return code 0
[2025-06-03T15:27:19.407+0000] {taskinstance.py:2653} INFO - 0 downstream tasks scheduled from follow-on schedule check
