[2025-06-03T15:30:19.292+0000] {taskinstance.py:1103} INFO - Dependencies all met for dep_context=non-requeueable deps ti=<TaskInstance: usd_rate_fetcher.save_data_to_db scheduled__2020-06-10T00:00:00+00:00 [queued]>
[2025-06-03T15:30:19.300+0000] {taskinstance.py:1103} INFO - Dependencies all met for dep_context=requeueable deps ti=<TaskInstance: usd_rate_fetcher.save_data_to_db scheduled__2020-06-10T00:00:00+00:00 [queued]>
[2025-06-03T15:30:19.300+0000] {taskinstance.py:1308} INFO - Starting attempt 1 of 3
[2025-06-03T15:30:19.314+0000] {taskinstance.py:1327} INFO - Executing <Task(_PythonDecoratedOperator): save_data_to_db> on 2020-06-10 00:00:00+00:00
[2025-06-03T15:30:19.323+0000] {standard_task_runner.py:57} INFO - Started process 20747 to run task
[2025-06-03T15:30:19.325+0000] {standard_task_runner.py:84} INFO - Running: ['***', 'tasks', 'run', 'usd_rate_fetcher', 'save_data_to_db', 'scheduled__2020-06-10T00:00:00+00:00', '--job-id', '9066', '--raw', '--subdir', 'DAGS_FOLDER/usd_rate_fetcher.py', '--cfg-path', '/tmp/tmpq68vorrv']
[2025-06-03T15:30:19.327+0000] {standard_task_runner.py:85} INFO - Job 9066: Subtask save_data_to_db
[2025-06-03T15:30:19.377+0000] {task_command.py:410} INFO - Running <TaskInstance: usd_rate_fetcher.save_data_to_db scheduled__2020-06-10T00:00:00+00:00 [running]> on host 40869fde016f
[2025-06-03T15:30:19.679+0000] {logging_mixin.py:150} WARNING - /home/***/.local/lib/python3.7/site-packages/***/utils/context.py:205 AirflowContextDeprecationWarning: Accessing 'execution_date' from the template is deprecated and will be removed in a future version. Please use 'data_interval_start' or 'logical_date' instead.
[2025-06-03T15:30:19.727+0000] {taskinstance.py:1547} INFO - Exporting env vars: AIRFLOW_CTX_DAG_OWNER='***' AIRFLOW_CTX_DAG_ID='usd_rate_fetcher' AIRFLOW_CTX_TASK_ID='save_data_to_db' AIRFLOW_CTX_EXECUTION_DATE='2020-06-10T00:00:00+00:00' AIRFLOW_CTX_TRY_NUMBER='1' AIRFLOW_CTX_DAG_RUN_ID='scheduled__2020-06-10T00:00:00+00:00'
[2025-06-03T15:30:19.730+0000] {usd_rate_fetcher.py:80} INFO - Received USD rate: {'date': datetime.date(2020, 6, 10), 'content': [{'GBP': 86.9007}, {'HKD': 88.6111}, {'USD': 68.6745}, {'EUR': 77.3481}, {'CNY': 96.8802}]} for date 2020-06-10
[2025-06-03T15:30:19.744+0000] {base.py:73} INFO - Using connection ID 'pg_database' for task execution.
[2025-06-03T15:30:19.750+0000] {usd_rate_fetcher.py:103} INFO - Saved 86.90 for GBP on 2020-06-10
[2025-06-03T15:30:19.751+0000] {usd_rate_fetcher.py:103} INFO - Saved 88.61 for HKD on 2020-06-10
[2025-06-03T15:30:19.751+0000] {usd_rate_fetcher.py:103} INFO - Saved 68.67 for USD on 2020-06-10
[2025-06-03T15:30:19.752+0000] {usd_rate_fetcher.py:103} INFO - Saved 77.35 for EUR on 2020-06-10
[2025-06-03T15:30:19.753+0000] {usd_rate_fetcher.py:103} INFO - Saved 96.88 for CNY on 2020-06-10
[2025-06-03T15:30:19.755+0000] {python.py:183} INFO - Done. Returned value was: None
[2025-06-03T15:30:19.766+0000] {taskinstance.py:1350} INFO - Marking task as SUCCESS. dag_id=usd_rate_fetcher, task_id=save_data_to_db, execution_date=20200610T000000, start_date=20250603T153019, end_date=20250603T153019
[2025-06-03T15:30:19.824+0000] {local_task_job_runner.py:225} INFO - Task exited with return code 0
[2025-06-03T15:30:19.840+0000] {taskinstance.py:2653} INFO - 0 downstream tasks scheduled from follow-on schedule check
