[2025-06-03T15:20:15.204+0000] {taskinstance.py:1103} INFO - Dependencies all met for dep_context=non-requeueable deps ti=<TaskInstance: usd_rate_fetcher.fetch_data_from_api scheduled__2020-02-29T00:00:00+00:00 [queued]>
[2025-06-03T15:20:15.215+0000] {taskinstance.py:1103} INFO - Dependencies all met for dep_context=requeueable deps ti=<TaskInstance: usd_rate_fetcher.fetch_data_from_api scheduled__2020-02-29T00:00:00+00:00 [queued]>
[2025-06-03T15:20:15.215+0000] {taskinstance.py:1308} INFO - Starting attempt 1 of 3
[2025-06-03T15:20:15.248+0000] {taskinstance.py:1327} INFO - Executing <Task(_PythonDecoratedOperator): fetch_data_from_api> on 2020-02-29 00:00:00+00:00
[2025-06-03T15:20:15.254+0000] {standard_task_runner.py:57} INFO - Started process 15299 to run task
[2025-06-03T15:20:15.257+0000] {standard_task_runner.py:84} INFO - Running: ['***', 'tasks', 'run', 'usd_rate_fetcher', 'fetch_data_from_api', 'scheduled__2020-02-29T00:00:00+00:00', '--job-id', '8709', '--raw', '--subdir', 'DAGS_FOLDER/usd_rate_fetcher.py', '--cfg-path', '/tmp/tmpd3h7e6o3']
[2025-06-03T15:20:15.259+0000] {standard_task_runner.py:85} INFO - Job 8709: Subtask fetch_data_from_api
[2025-06-03T15:20:15.351+0000] {task_command.py:410} INFO - Running <TaskInstance: usd_rate_fetcher.fetch_data_from_api scheduled__2020-02-29T00:00:00+00:00 [running]> on host 40869fde016f
[2025-06-03T15:20:15.410+0000] {logging_mixin.py:150} WARNING - /home/***/.local/lib/python3.7/site-packages/***/utils/context.py:205 AirflowContextDeprecationWarning: Accessing 'execution_date' from the template is deprecated and will be removed in a future version. Please use 'data_interval_start' or 'logical_date' instead.
[2025-06-03T15:20:15.450+0000] {taskinstance.py:1547} INFO - Exporting env vars: AIRFLOW_CTX_DAG_OWNER='***' AIRFLOW_CTX_DAG_ID='usd_rate_fetcher' AIRFLOW_CTX_TASK_ID='fetch_data_from_api' AIRFLOW_CTX_EXECUTION_DATE='2020-02-29T00:00:00+00:00' AIRFLOW_CTX_TRY_NUMBER='1' AIRFLOW_CTX_DAG_RUN_ID='scheduled__2020-02-29T00:00:00+00:00'
[2025-06-03T15:20:15.460+0000] {usd_rate_fetcher.py:34} INFO - Переменная ['Доллар США', 'Евро', 'Гонконгский доллар', 'Юань', 'Фунт стерлингов']
[2025-06-03T15:20:15.466+0000] {usd_rate_fetcher.py:53} INFO - Fetching data for date: 29/02/2020
[2025-06-03T15:20:15.506+0000] {python.py:183} INFO - Done. Returned value was: {'date': datetime.date(2020, 2, 29), 'content': [{'Фунт стерлингов': 86.2307}, {'Доллар США': 66.9909}, {'Евро': 73.7235}]}
[2025-06-03T15:20:15.526+0000] {taskinstance.py:1350} INFO - Marking task as SUCCESS. dag_id=usd_rate_fetcher, task_id=fetch_data_from_api, execution_date=20200229T000000, start_date=20250603T152015, end_date=20250603T152015
[2025-06-03T15:20:15.555+0000] {local_task_job_runner.py:225} INFO - Task exited with return code 0
[2025-06-03T15:20:15.576+0000] {taskinstance.py:2653} INFO - 1 downstream tasks scheduled from follow-on schedule check
[2025-06-03T15:29:35.443+0000] {taskinstance.py:1103} INFO - Dependencies all met for dep_context=non-requeueable deps ti=<TaskInstance: usd_rate_fetcher.fetch_data_from_api scheduled__2020-02-29T00:00:00+00:00 [queued]>
[2025-06-03T15:29:35.465+0000] {taskinstance.py:1103} INFO - Dependencies all met for dep_context=requeueable deps ti=<TaskInstance: usd_rate_fetcher.fetch_data_from_api scheduled__2020-02-29T00:00:00+00:00 [queued]>
[2025-06-03T15:29:35.466+0000] {taskinstance.py:1308} INFO - Starting attempt 1 of 3
[2025-06-03T15:29:35.504+0000] {taskinstance.py:1327} INFO - Executing <Task(_PythonDecoratedOperator): fetch_data_from_api> on 2020-02-29 00:00:00+00:00
[2025-06-03T15:29:35.512+0000] {standard_task_runner.py:57} INFO - Started process 17852 to run task
[2025-06-03T15:29:35.522+0000] {standard_task_runner.py:84} INFO - Running: ['***', 'tasks', 'run', 'usd_rate_fetcher', 'fetch_data_from_api', 'scheduled__2020-02-29T00:00:00+00:00', '--job-id', '8860', '--raw', '--subdir', 'DAGS_FOLDER/usd_rate_fetcher.py', '--cfg-path', '/tmp/tmpk739tkh7']
[2025-06-03T15:29:35.525+0000] {standard_task_runner.py:85} INFO - Job 8860: Subtask fetch_data_from_api
[2025-06-03T15:29:35.606+0000] {task_command.py:410} INFO - Running <TaskInstance: usd_rate_fetcher.fetch_data_from_api scheduled__2020-02-29T00:00:00+00:00 [running]> on host 40869fde016f
[2025-06-03T15:29:35.726+0000] {logging_mixin.py:150} WARNING - /home/***/.local/lib/python3.7/site-packages/***/utils/context.py:205 AirflowContextDeprecationWarning: Accessing 'execution_date' from the template is deprecated and will be removed in a future version. Please use 'data_interval_start' or 'logical_date' instead.
[2025-06-03T15:29:35.766+0000] {taskinstance.py:1547} INFO - Exporting env vars: AIRFLOW_CTX_DAG_OWNER='***' AIRFLOW_CTX_DAG_ID='usd_rate_fetcher' AIRFLOW_CTX_TASK_ID='fetch_data_from_api' AIRFLOW_CTX_EXECUTION_DATE='2020-02-29T00:00:00+00:00' AIRFLOW_CTX_TRY_NUMBER='1' AIRFLOW_CTX_DAG_RUN_ID='scheduled__2020-02-29T00:00:00+00:00'
[2025-06-03T15:29:35.789+0000] {usd_rate_fetcher.py:34} INFO - Переменная ['USD', 'EUR', 'HKD', 'CNY', 'GBP']
[2025-06-03T15:29:35.799+0000] {usd_rate_fetcher.py:53} INFO - Fetching data for date: 29/02/2020
[2025-06-03T15:29:35.844+0000] {python.py:183} INFO - Done. Returned value was: {'date': datetime.date(2020, 2, 29), 'content': [{'GBP': 86.2307}, {'HKD': 85.9508}, {'USD': 66.9909}, {'EUR': 73.7235}, {'CNY': 95.8341}]}
[2025-06-03T15:29:35.875+0000] {taskinstance.py:1350} INFO - Marking task as SUCCESS. dag_id=usd_rate_fetcher, task_id=fetch_data_from_api, execution_date=20200229T000000, start_date=20250603T152935, end_date=20250603T152935
[2025-06-03T15:29:35.897+0000] {local_task_job_runner.py:225} INFO - Task exited with return code 0
[2025-06-03T15:29:35.991+0000] {taskinstance.py:2653} INFO - 0 downstream tasks scheduled from follow-on schedule check
