[2025-06-03T15:20:07.590+0000] {taskinstance.py:1103} INFO - Dependencies all met for dep_context=non-requeueable deps ti=<TaskInstance: usd_rate_fetcher.save_data_to_db scheduled__2020-02-01T00:00:00+00:00 [queued]>
[2025-06-03T15:20:07.603+0000] {taskinstance.py:1103} INFO - Dependencies all met for dep_context=requeueable deps ti=<TaskInstance: usd_rate_fetcher.save_data_to_db scheduled__2020-02-01T00:00:00+00:00 [queued]>
[2025-06-03T15:20:07.603+0000] {taskinstance.py:1308} INFO - Starting attempt 1 of 3
[2025-06-03T15:20:07.626+0000] {taskinstance.py:1327} INFO - Executing <Task(_PythonDecoratedOperator): save_data_to_db> on 2020-02-01 00:00:00+00:00
[2025-06-03T15:20:07.636+0000] {standard_task_runner.py:57} INFO - Started process 14802 to run task
[2025-06-03T15:20:07.650+0000] {standard_task_runner.py:84} INFO - Running: ['***', 'tasks', 'run', 'usd_rate_fetcher', 'save_data_to_db', 'scheduled__2020-02-01T00:00:00+00:00', '--job-id', '8674', '--raw', '--subdir', 'DAGS_FOLDER/usd_rate_fetcher.py', '--cfg-path', '/tmp/tmpkpfmdmf_']
[2025-06-03T15:20:07.652+0000] {standard_task_runner.py:85} INFO - Job 8674: Subtask save_data_to_db
[2025-06-03T15:20:07.718+0000] {task_command.py:410} INFO - Running <TaskInstance: usd_rate_fetcher.save_data_to_db scheduled__2020-02-01T00:00:00+00:00 [running]> on host 40869fde016f
[2025-06-03T15:20:08.029+0000] {logging_mixin.py:150} WARNING - /home/***/.local/lib/python3.7/site-packages/***/utils/context.py:205 AirflowContextDeprecationWarning: Accessing 'execution_date' from the template is deprecated and will be removed in a future version. Please use 'data_interval_start' or 'logical_date' instead.
[2025-06-03T15:20:08.094+0000] {taskinstance.py:1547} INFO - Exporting env vars: AIRFLOW_CTX_DAG_OWNER='***' AIRFLOW_CTX_DAG_ID='usd_rate_fetcher' AIRFLOW_CTX_TASK_ID='save_data_to_db' AIRFLOW_CTX_EXECUTION_DATE='2020-02-01T00:00:00+00:00' AIRFLOW_CTX_TRY_NUMBER='1' AIRFLOW_CTX_DAG_RUN_ID='scheduled__2020-02-01T00:00:00+00:00'
[2025-06-03T15:20:08.097+0000] {usd_rate_fetcher.py:80} INFO - Received USD rate: {'date': datetime.date(2020, 2, 1), 'content': [{'Фунт стерлингов': 82.964}, {'Доллар США': 63.1385}, {'Евро': 69.5976}]} for date 2020-02-01
[2025-06-03T15:20:08.114+0000] {base.py:73} INFO - Using connection ID 'pg_database' for task execution.
[2025-06-03T15:20:08.122+0000] {usd_rate_fetcher.py:103} INFO - Saved 82.96 for Фунт стерлингов on 2020-02-01
[2025-06-03T15:20:08.136+0000] {usd_rate_fetcher.py:103} INFO - Saved 63.14 for Доллар США on 2020-02-01
[2025-06-03T15:20:08.137+0000] {usd_rate_fetcher.py:103} INFO - Saved 69.60 for Евро on 2020-02-01
[2025-06-03T15:20:08.140+0000] {python.py:183} INFO - Done. Returned value was: None
[2025-06-03T15:20:08.169+0000] {taskinstance.py:1350} INFO - Marking task as SUCCESS. dag_id=usd_rate_fetcher, task_id=save_data_to_db, execution_date=20200201T000000, start_date=20250603T152007, end_date=20250603T152008
[2025-06-03T15:20:08.222+0000] {local_task_job_runner.py:225} INFO - Task exited with return code 0
[2025-06-03T15:20:08.240+0000] {taskinstance.py:2653} INFO - 0 downstream tasks scheduled from follow-on schedule check
[2025-06-03T15:27:23.574+0000] {taskinstance.py:1103} INFO - Dependencies all met for dep_context=non-requeueable deps ti=<TaskInstance: usd_rate_fetcher.save_data_to_db scheduled__2020-02-01T00:00:00+00:00 [queued]>
[2025-06-03T15:27:23.594+0000] {taskinstance.py:1103} INFO - Dependencies all met for dep_context=requeueable deps ti=<TaskInstance: usd_rate_fetcher.save_data_to_db scheduled__2020-02-01T00:00:00+00:00 [queued]>
[2025-06-03T15:27:23.594+0000] {taskinstance.py:1308} INFO - Starting attempt 1 of 3
[2025-06-03T15:27:23.702+0000] {taskinstance.py:1327} INFO - Executing <Task(_PythonDecoratedOperator): save_data_to_db> on 2020-02-01 00:00:00+00:00
[2025-06-03T15:27:23.709+0000] {standard_task_runner.py:57} INFO - Started process 17320 to run task
[2025-06-03T15:27:23.714+0000] {standard_task_runner.py:84} INFO - Running: ['***', 'tasks', 'run', 'usd_rate_fetcher', 'save_data_to_db', 'scheduled__2020-02-01T00:00:00+00:00', '--job-id', '8829', '--raw', '--subdir', 'DAGS_FOLDER/usd_rate_fetcher.py', '--cfg-path', '/tmp/tmp3p8j8tku']
[2025-06-03T15:27:23.716+0000] {standard_task_runner.py:85} INFO - Job 8829: Subtask save_data_to_db
[2025-06-03T15:27:23.780+0000] {task_command.py:410} INFO - Running <TaskInstance: usd_rate_fetcher.save_data_to_db scheduled__2020-02-01T00:00:00+00:00 [running]> on host 40869fde016f
[2025-06-03T15:27:23.915+0000] {logging_mixin.py:150} WARNING - /home/***/.local/lib/python3.7/site-packages/***/utils/context.py:205 AirflowContextDeprecationWarning: Accessing 'execution_date' from the template is deprecated and will be removed in a future version. Please use 'data_interval_start' or 'logical_date' instead.
[2025-06-03T15:27:23.992+0000] {taskinstance.py:1547} INFO - Exporting env vars: AIRFLOW_CTX_DAG_OWNER='***' AIRFLOW_CTX_DAG_ID='usd_rate_fetcher' AIRFLOW_CTX_TASK_ID='save_data_to_db' AIRFLOW_CTX_EXECUTION_DATE='2020-02-01T00:00:00+00:00' AIRFLOW_CTX_TRY_NUMBER='1' AIRFLOW_CTX_DAG_RUN_ID='scheduled__2020-02-01T00:00:00+00:00'
[2025-06-03T15:27:23.996+0000] {usd_rate_fetcher.py:80} INFO - Received USD rate: {'date': datetime.date(2020, 2, 1), 'content': [{'GBP': 82.964}, {'HKD': 81.2667}, {'USD': 63.1385}, {'EUR': 69.5976}, {'CNY': 91.0209}]} for date 2020-02-01
[2025-06-03T15:27:24.016+0000] {base.py:73} INFO - Using connection ID 'pg_database' for task execution.
[2025-06-03T15:27:24.023+0000] {usd_rate_fetcher.py:103} INFO - Saved 82.96 for GBP on 2020-02-01
[2025-06-03T15:27:24.024+0000] {usd_rate_fetcher.py:103} INFO - Saved 81.27 for HKD on 2020-02-01
[2025-06-03T15:27:24.024+0000] {usd_rate_fetcher.py:103} INFO - Saved 63.14 for USD on 2020-02-01
[2025-06-03T15:27:24.025+0000] {usd_rate_fetcher.py:103} INFO - Saved 69.60 for EUR on 2020-02-01
[2025-06-03T15:27:24.025+0000] {usd_rate_fetcher.py:103} INFO - Saved 91.02 for CNY on 2020-02-01
[2025-06-03T15:27:24.030+0000] {python.py:183} INFO - Done. Returned value was: None
[2025-06-03T15:27:24.049+0000] {taskinstance.py:1350} INFO - Marking task as SUCCESS. dag_id=usd_rate_fetcher, task_id=save_data_to_db, execution_date=20200201T000000, start_date=20250603T152723, end_date=20250603T152724
[2025-06-03T15:27:24.092+0000] {local_task_job_runner.py:225} INFO - Task exited with return code 0
[2025-06-03T15:27:24.112+0000] {taskinstance.py:2653} INFO - 0 downstream tasks scheduled from follow-on schedule check
