[2025-06-03T09:34:46.088+0000] {taskinstance.py:1103} INFO - Dependencies all met for dep_context=non-requeueable deps ti=<TaskInstance: usd_rate_fetcher_taskflow.save_data_to_db scheduled__2000-01-06T00:00:00+00:00 [queued]>
[2025-06-03T09:34:46.097+0000] {taskinstance.py:1103} INFO - Dependencies all met for dep_context=requeueable deps ti=<TaskInstance: usd_rate_fetcher_taskflow.save_data_to_db scheduled__2000-01-06T00:00:00+00:00 [queued]>
[2025-06-03T09:34:46.097+0000] {taskinstance.py:1308} INFO - Starting attempt 1 of 3
[2025-06-03T09:34:46.189+0000] {taskinstance.py:1327} INFO - Executing <Task(_PythonDecoratedOperator): save_data_to_db> on 2000-01-06 00:00:00+00:00
[2025-06-03T09:34:46.198+0000] {standard_task_runner.py:57} INFO - Started process 9908 to run task
[2025-06-03T09:34:46.212+0000] {standard_task_runner.py:84} INFO - Running: ['***', 'tasks', 'run', 'usd_rate_fetcher_taskflow', 'save_data_to_db', 'scheduled__2000-01-06T00:00:00+00:00', '--job-id', '7981', '--raw', '--subdir', 'DAGS_FOLDER/usd_rate_fetcher.py', '--cfg-path', '/tmp/tmpujbxta21']
[2025-06-03T09:34:46.215+0000] {standard_task_runner.py:85} INFO - Job 7981: Subtask save_data_to_db
[2025-06-03T09:34:46.313+0000] {task_command.py:410} INFO - Running <TaskInstance: usd_rate_fetcher_taskflow.save_data_to_db scheduled__2000-01-06T00:00:00+00:00 [running]> on host 40869fde016f
[2025-06-03T09:34:46.602+0000] {logging_mixin.py:150} WARNING - /home/***/.local/lib/python3.7/site-packages/***/utils/context.py:205 AirflowContextDeprecationWarning: Accessing 'execution_date' from the template is deprecated and will be removed in a future version. Please use 'data_interval_start' or 'logical_date' instead.
[2025-06-03T09:34:46.650+0000] {taskinstance.py:1547} INFO - Exporting env vars: AIRFLOW_CTX_DAG_OWNER='***' AIRFLOW_CTX_DAG_ID='usd_rate_fetcher_taskflow' AIRFLOW_CTX_TASK_ID='save_data_to_db' AIRFLOW_CTX_EXECUTION_DATE='2000-01-06T00:00:00+00:00' AIRFLOW_CTX_TRY_NUMBER='1' AIRFLOW_CTX_DAG_RUN_ID='scheduled__2000-01-06T00:00:00+00:00'
[2025-06-03T09:34:46.651+0000] {usd_rate_fetcher.py:51} INFO - Received USD rate: 26.9 for date 2000-01-06
[2025-06-03T09:34:46.660+0000] {base.py:73} INFO - Using connection ID 'pg_database' for task execution.
[2025-06-03T09:34:46.666+0000] {usd_rate_fetcher.py:62} WARNING - Rate already exists for date 2000-01-06
[2025-06-03T09:34:46.671+0000] {python.py:183} INFO - Done. Returned value was: None
[2025-06-03T09:34:46.682+0000] {taskinstance.py:1350} INFO - Marking task as SUCCESS. dag_id=usd_rate_fetcher_taskflow, task_id=save_data_to_db, execution_date=20000106T000000, start_date=20250603T093446, end_date=20250603T093446
[2025-06-03T09:34:46.724+0000] {local_task_job_runner.py:225} INFO - Task exited with return code 0
[2025-06-03T09:34:46.750+0000] {taskinstance.py:2653} INFO - 0 downstream tasks scheduled from follow-on schedule check
[2025-06-03T09:35:42.308+0000] {taskinstance.py:1103} INFO - Dependencies all met for dep_context=non-requeueable deps ti=<TaskInstance: usd_rate_fetcher_taskflow.save_data_to_db scheduled__2000-01-06T00:00:00+00:00 [queued]>
[2025-06-03T09:35:42.316+0000] {taskinstance.py:1103} INFO - Dependencies all met for dep_context=requeueable deps ti=<TaskInstance: usd_rate_fetcher_taskflow.save_data_to_db scheduled__2000-01-06T00:00:00+00:00 [queued]>
[2025-06-03T09:35:42.317+0000] {taskinstance.py:1308} INFO - Starting attempt 1 of 3
[2025-06-03T09:35:42.352+0000] {taskinstance.py:1327} INFO - Executing <Task(_PythonDecoratedOperator): save_data_to_db> on 2000-01-06 00:00:00+00:00
[2025-06-03T09:35:42.362+0000] {standard_task_runner.py:57} INFO - Started process 10348 to run task
[2025-06-03T09:35:42.364+0000] {standard_task_runner.py:84} INFO - Running: ['***', 'tasks', 'run', 'usd_rate_fetcher_taskflow', 'save_data_to_db', 'scheduled__2000-01-06T00:00:00+00:00', '--job-id', '8009', '--raw', '--subdir', 'DAGS_FOLDER/usd_rate_fetcher.py', '--cfg-path', '/tmp/tmpuxefu14_']
[2025-06-03T09:35:42.366+0000] {standard_task_runner.py:85} INFO - Job 8009: Subtask save_data_to_db
[2025-06-03T09:35:42.436+0000] {task_command.py:410} INFO - Running <TaskInstance: usd_rate_fetcher_taskflow.save_data_to_db scheduled__2000-01-06T00:00:00+00:00 [running]> on host 40869fde016f
[2025-06-03T09:35:42.713+0000] {logging_mixin.py:150} WARNING - /home/***/.local/lib/python3.7/site-packages/***/utils/context.py:205 AirflowContextDeprecationWarning: Accessing 'execution_date' from the template is deprecated and will be removed in a future version. Please use 'data_interval_start' or 'logical_date' instead.
[2025-06-03T09:35:42.773+0000] {taskinstance.py:1547} INFO - Exporting env vars: AIRFLOW_CTX_DAG_OWNER='***' AIRFLOW_CTX_DAG_ID='usd_rate_fetcher_taskflow' AIRFLOW_CTX_TASK_ID='save_data_to_db' AIRFLOW_CTX_EXECUTION_DATE='2000-01-06T00:00:00+00:00' AIRFLOW_CTX_TRY_NUMBER='1' AIRFLOW_CTX_DAG_RUN_ID='scheduled__2000-01-06T00:00:00+00:00'
[2025-06-03T09:35:42.774+0000] {usd_rate_fetcher.py:51} INFO - Received USD rate: 26.9 for date 2000-01-06
[2025-06-03T09:35:42.786+0000] {base.py:73} INFO - Using connection ID 'pg_database' for task execution.
[2025-06-03T09:35:42.799+0000] {usd_rate_fetcher.py:68} INFO - Saving exchange rate 26.90 for date 2000-01-06
[2025-06-03T09:35:42.801+0000] {python.py:183} INFO - Done. Returned value was: None
[2025-06-03T09:35:42.813+0000] {taskinstance.py:1350} INFO - Marking task as SUCCESS. dag_id=usd_rate_fetcher_taskflow, task_id=save_data_to_db, execution_date=20000106T000000, start_date=20250603T093542, end_date=20250603T093542
[2025-06-03T09:35:42.912+0000] {local_task_job_runner.py:225} INFO - Task exited with return code 0
[2025-06-03T09:35:42.995+0000] {taskinstance.py:2653} INFO - 0 downstream tasks scheduled from follow-on schedule check
