[2025-06-03T15:29:59.743+0000] {taskinstance.py:1103} INFO - Dependencies all met for dep_context=non-requeueable deps ti=<TaskInstance: usd_rate_fetcher.save_data_to_db scheduled__2020-04-23T00:00:00+00:00 [queued]>
[2025-06-03T15:29:59.750+0000] {taskinstance.py:1103} INFO - Dependencies all met for dep_context=requeueable deps ti=<TaskInstance: usd_rate_fetcher.save_data_to_db scheduled__2020-04-23T00:00:00+00:00 [queued]>
[2025-06-03T15:29:59.750+0000] {taskinstance.py:1308} INFO - Starting attempt 1 of 3
[2025-06-03T15:29:59.762+0000] {taskinstance.py:1327} INFO - Executing <Task(_PythonDecoratedOperator): save_data_to_db> on 2020-04-23 00:00:00+00:00
[2025-06-03T15:29:59.768+0000] {standard_task_runner.py:57} INFO - Started process 19390 to run task
[2025-06-03T15:29:59.770+0000] {standard_task_runner.py:84} INFO - Running: ['***', 'tasks', 'run', 'usd_rate_fetcher', 'save_data_to_db', 'scheduled__2020-04-23T00:00:00+00:00', '--job-id', '8974', '--raw', '--subdir', 'DAGS_FOLDER/usd_rate_fetcher.py', '--cfg-path', '/tmp/tmpbqen1jvg']
[2025-06-03T15:29:59.772+0000] {standard_task_runner.py:85} INFO - Job 8974: Subtask save_data_to_db
[2025-06-03T15:29:59.809+0000] {task_command.py:410} INFO - Running <TaskInstance: usd_rate_fetcher.save_data_to_db scheduled__2020-04-23T00:00:00+00:00 [running]> on host 40869fde016f
[2025-06-03T15:29:59.974+0000] {logging_mixin.py:150} WARNING - /home/***/.local/lib/python3.7/site-packages/***/utils/context.py:205 AirflowContextDeprecationWarning: Accessing 'execution_date' from the template is deprecated and will be removed in a future version. Please use 'data_interval_start' or 'logical_date' instead.
[2025-06-03T15:30:00.002+0000] {taskinstance.py:1547} INFO - Exporting env vars: AIRFLOW_CTX_DAG_OWNER='***' AIRFLOW_CTX_DAG_ID='usd_rate_fetcher' AIRFLOW_CTX_TASK_ID='save_data_to_db' AIRFLOW_CTX_EXECUTION_DATE='2020-04-23T00:00:00+00:00' AIRFLOW_CTX_TRY_NUMBER='1' AIRFLOW_CTX_DAG_RUN_ID='scheduled__2020-04-23T00:00:00+00:00'
[2025-06-03T15:30:00.003+0000] {usd_rate_fetcher.py:80} INFO - Received USD rate: {'date': datetime.date(2020, 4, 23), 'content': [{'GBP': 94.8998}, {'HKD': 99.4072}, {'USD': 77.0416}, {'EUR': 83.6826}, {'CNY': 10.8759}]} for date 2020-04-23
[2025-06-03T15:30:00.010+0000] {base.py:73} INFO - Using connection ID 'pg_database' for task execution.
[2025-06-03T15:30:00.014+0000] {usd_rate_fetcher.py:103} INFO - Saved 94.90 for GBP on 2020-04-23
[2025-06-03T15:30:00.014+0000] {usd_rate_fetcher.py:103} INFO - Saved 99.41 for HKD on 2020-04-23
[2025-06-03T15:30:00.015+0000] {usd_rate_fetcher.py:103} INFO - Saved 77.04 for USD on 2020-04-23
[2025-06-03T15:30:00.015+0000] {usd_rate_fetcher.py:103} INFO - Saved 83.68 for EUR on 2020-04-23
[2025-06-03T15:30:00.016+0000] {usd_rate_fetcher.py:103} INFO - Saved 10.88 for CNY on 2020-04-23
[2025-06-03T15:30:00.017+0000] {python.py:183} INFO - Done. Returned value was: None
[2025-06-03T15:30:00.024+0000] {taskinstance.py:1350} INFO - Marking task as SUCCESS. dag_id=usd_rate_fetcher, task_id=save_data_to_db, execution_date=20200423T000000, start_date=20250603T152959, end_date=20250603T153000
[2025-06-03T15:30:00.064+0000] {local_task_job_runner.py:225} INFO - Task exited with return code 0
[2025-06-03T15:30:00.078+0000] {taskinstance.py:2653} INFO - 0 downstream tasks scheduled from follow-on schedule check
