[2025-05-02T10:56:59.053+0000] {processor.py:157} INFO - Started process (PID=167) to work on /opt/airflow/dags/my_first_dag.py
[2025-05-02T10:56:59.054+0000] {processor.py:826} INFO - Processing file /opt/airflow/dags/my_first_dag.py for tasks to queue
[2025-05-02T10:56:59.054+0000] {logging_mixin.py:150} INFO - [2025-05-02T10:56:59.054+0000] {dagbag.py:541} INFO - Filling up the DagBag from /opt/airflow/dags/my_first_dag.py
[2025-05-02T10:56:59.065+0000] {processor.py:836} INFO - DAG(s) dict_keys(['first_dag']) retrieved from /opt/airflow/dags/my_first_dag.py
[2025-05-02T10:56:59.086+0000] {logging_mixin.py:150} INFO - [2025-05-02T10:56:59.086+0000] {dag.py:2742} INFO - Sync 1 DAGs
[2025-05-02T10:56:59.106+0000] {logging_mixin.py:150} INFO - [2025-05-02T10:56:59.106+0000] {dag.py:3508} INFO - Setting next_dagrun for first_dag to 2021-01-20T00:00:00+00:00, run_after=2021-01-21T00:00:00+00:00
[2025-05-02T10:56:59.120+0000] {processor.py:179} INFO - Processing /opt/airflow/dags/my_first_dag.py took 0.070 seconds
[2025-05-02T10:57:29.849+0000] {processor.py:157} INFO - Started process (PID=173) to work on /opt/airflow/dags/my_first_dag.py
[2025-05-02T10:57:29.850+0000] {processor.py:826} INFO - Processing file /opt/airflow/dags/my_first_dag.py for tasks to queue
[2025-05-02T10:57:29.850+0000] {logging_mixin.py:150} INFO - [2025-05-02T10:57:29.850+0000] {dagbag.py:541} INFO - Filling up the DagBag from /opt/airflow/dags/my_first_dag.py
[2025-05-02T10:57:29.859+0000] {processor.py:836} INFO - DAG(s) dict_keys(['first_dag']) retrieved from /opt/airflow/dags/my_first_dag.py
[2025-05-02T10:57:29.881+0000] {logging_mixin.py:150} INFO - [2025-05-02T10:57:29.881+0000] {dag.py:2742} INFO - Sync 1 DAGs
[2025-05-02T10:57:29.901+0000] {logging_mixin.py:150} INFO - [2025-05-02T10:57:29.900+0000] {dag.py:3508} INFO - Setting next_dagrun for first_dag to 2021-01-20T00:00:00+00:00, run_after=2021-01-21T00:00:00+00:00
[2025-05-02T10:57:29.912+0000] {processor.py:179} INFO - Processing /opt/airflow/dags/my_first_dag.py took 0.067 seconds
[2025-05-02T10:58:00.695+0000] {processor.py:157} INFO - Started process (PID=178) to work on /opt/airflow/dags/my_first_dag.py
[2025-05-02T10:58:00.696+0000] {processor.py:826} INFO - Processing file /opt/airflow/dags/my_first_dag.py for tasks to queue
[2025-05-02T10:58:00.696+0000] {logging_mixin.py:150} INFO - [2025-05-02T10:58:00.696+0000] {dagbag.py:541} INFO - Filling up the DagBag from /opt/airflow/dags/my_first_dag.py
[2025-05-02T10:58:00.705+0000] {processor.py:836} INFO - DAG(s) dict_keys(['first_dag']) retrieved from /opt/airflow/dags/my_first_dag.py
[2025-05-02T10:58:00.725+0000] {logging_mixin.py:150} INFO - [2025-05-02T10:58:00.725+0000] {dag.py:2742} INFO - Sync 1 DAGs
[2025-05-02T10:58:00.744+0000] {logging_mixin.py:150} INFO - [2025-05-02T10:58:00.744+0000] {dag.py:3508} INFO - Setting next_dagrun for first_dag to 2021-01-20T00:00:00+00:00, run_after=2021-01-21T00:00:00+00:00
[2025-05-02T10:58:00.756+0000] {processor.py:179} INFO - Processing /opt/airflow/dags/my_first_dag.py took 0.063 seconds
[2025-05-02T10:58:31.514+0000] {processor.py:157} INFO - Started process (PID=183) to work on /opt/airflow/dags/my_first_dag.py
[2025-05-02T10:58:31.515+0000] {processor.py:826} INFO - Processing file /opt/airflow/dags/my_first_dag.py for tasks to queue
[2025-05-02T10:58:31.516+0000] {logging_mixin.py:150} INFO - [2025-05-02T10:58:31.515+0000] {dagbag.py:541} INFO - Filling up the DagBag from /opt/airflow/dags/my_first_dag.py
[2025-05-02T10:58:31.525+0000] {processor.py:836} INFO - DAG(s) dict_keys(['first_dag']) retrieved from /opt/airflow/dags/my_first_dag.py
[2025-05-02T10:58:31.547+0000] {logging_mixin.py:150} INFO - [2025-05-02T10:58:31.547+0000] {dag.py:2742} INFO - Sync 1 DAGs
[2025-05-02T10:58:31.567+0000] {logging_mixin.py:150} INFO - [2025-05-02T10:58:31.566+0000] {dag.py:3508} INFO - Setting next_dagrun for first_dag to 2021-01-20T00:00:00+00:00, run_after=2021-01-21T00:00:00+00:00
[2025-05-02T10:58:31.579+0000] {processor.py:179} INFO - Processing /opt/airflow/dags/my_first_dag.py took 0.068 seconds
[2025-05-02T10:59:02.320+0000] {processor.py:157} INFO - Started process (PID=188) to work on /opt/airflow/dags/my_first_dag.py
[2025-05-02T10:59:02.321+0000] {processor.py:826} INFO - Processing file /opt/airflow/dags/my_first_dag.py for tasks to queue
[2025-05-02T10:59:02.322+0000] {logging_mixin.py:150} INFO - [2025-05-02T10:59:02.321+0000] {dagbag.py:541} INFO - Filling up the DagBag from /opt/airflow/dags/my_first_dag.py
[2025-05-02T10:59:02.331+0000] {processor.py:836} INFO - DAG(s) dict_keys(['first_dag']) retrieved from /opt/airflow/dags/my_first_dag.py
[2025-05-02T10:59:02.352+0000] {logging_mixin.py:150} INFO - [2025-05-02T10:59:02.352+0000] {dag.py:2742} INFO - Sync 1 DAGs
[2025-05-02T10:59:02.370+0000] {logging_mixin.py:150} INFO - [2025-05-02T10:59:02.370+0000] {dag.py:3508} INFO - Setting next_dagrun for first_dag to 2021-01-20T00:00:00+00:00, run_after=2021-01-21T00:00:00+00:00
[2025-05-02T10:59:02.382+0000] {processor.py:179} INFO - Processing /opt/airflow/dags/my_first_dag.py took 0.064 seconds
[2025-05-02T10:59:33.201+0000] {processor.py:157} INFO - Started process (PID=193) to work on /opt/airflow/dags/my_first_dag.py
[2025-05-02T10:59:33.201+0000] {processor.py:826} INFO - Processing file /opt/airflow/dags/my_first_dag.py for tasks to queue
[2025-05-02T10:59:33.202+0000] {logging_mixin.py:150} INFO - [2025-05-02T10:59:33.202+0000] {dagbag.py:541} INFO - Filling up the DagBag from /opt/airflow/dags/my_first_dag.py
[2025-05-02T10:59:33.212+0000] {processor.py:836} INFO - DAG(s) dict_keys(['first_dag']) retrieved from /opt/airflow/dags/my_first_dag.py
[2025-05-02T10:59:33.234+0000] {logging_mixin.py:150} INFO - [2025-05-02T10:59:33.234+0000] {dag.py:2742} INFO - Sync 1 DAGs
[2025-05-02T10:59:33.253+0000] {logging_mixin.py:150} INFO - [2025-05-02T10:59:33.252+0000] {dag.py:3508} INFO - Setting next_dagrun for first_dag to 2021-01-20T00:00:00+00:00, run_after=2021-01-21T00:00:00+00:00
[2025-05-02T10:59:33.265+0000] {processor.py:179} INFO - Processing /opt/airflow/dags/my_first_dag.py took 0.067 seconds
[2025-05-02T11:00:04.088+0000] {processor.py:157} INFO - Started process (PID=198) to work on /opt/airflow/dags/my_first_dag.py
[2025-05-02T11:00:04.095+0000] {processor.py:826} INFO - Processing file /opt/airflow/dags/my_first_dag.py for tasks to queue
[2025-05-02T11:00:04.096+0000] {logging_mixin.py:150} INFO - [2025-05-02T11:00:04.095+0000] {dagbag.py:541} INFO - Filling up the DagBag from /opt/airflow/dags/my_first_dag.py
[2025-05-02T11:00:04.105+0000] {processor.py:836} INFO - DAG(s) dict_keys(['first_dag']) retrieved from /opt/airflow/dags/my_first_dag.py
[2025-05-02T11:00:04.126+0000] {logging_mixin.py:150} INFO - [2025-05-02T11:00:04.126+0000] {dag.py:2742} INFO - Sync 1 DAGs
[2025-05-02T11:00:04.146+0000] {logging_mixin.py:150} INFO - [2025-05-02T11:00:04.146+0000] {dag.py:3508} INFO - Setting next_dagrun for first_dag to 2021-01-20T00:00:00+00:00, run_after=2021-01-21T00:00:00+00:00
[2025-05-02T11:00:04.160+0000] {processor.py:179} INFO - Processing /opt/airflow/dags/my_first_dag.py took 0.074 seconds
[2025-05-02T11:00:12.138+0000] {processor.py:157} INFO - Started process (PID=203) to work on /opt/airflow/dags/my_first_dag.py
[2025-05-02T11:00:12.139+0000] {processor.py:826} INFO - Processing file /opt/airflow/dags/my_first_dag.py for tasks to queue
[2025-05-02T11:00:12.139+0000] {logging_mixin.py:150} INFO - [2025-05-02T11:00:12.139+0000] {dagbag.py:541} INFO - Filling up the DagBag from /opt/airflow/dags/my_first_dag.py
[2025-05-02T11:00:12.147+0000] {processor.py:836} INFO - DAG(s) dict_keys(['first_dag']) retrieved from /opt/airflow/dags/my_first_dag.py
[2025-05-02T11:00:12.166+0000] {logging_mixin.py:150} INFO - [2025-05-02T11:00:12.166+0000] {dag.py:2742} INFO - Sync 1 DAGs
[2025-05-02T11:00:12.184+0000] {logging_mixin.py:150} INFO - [2025-05-02T11:00:12.184+0000] {dag.py:3508} INFO - Setting next_dagrun for first_dag to 2021-01-20T00:00:00+00:00, run_after=2021-01-21T00:00:00+00:00
[2025-05-02T11:00:12.197+0000] {processor.py:179} INFO - Processing /opt/airflow/dags/my_first_dag.py took 0.061 seconds
[2025-05-02T11:00:42.999+0000] {processor.py:157} INFO - Started process (PID=208) to work on /opt/airflow/dags/my_first_dag.py
[2025-05-02T11:00:43.000+0000] {processor.py:826} INFO - Processing file /opt/airflow/dags/my_first_dag.py for tasks to queue
[2025-05-02T11:00:43.000+0000] {logging_mixin.py:150} INFO - [2025-05-02T11:00:43.000+0000] {dagbag.py:541} INFO - Filling up the DagBag from /opt/airflow/dags/my_first_dag.py
[2025-05-02T11:00:43.007+0000] {processor.py:836} INFO - DAG(s) dict_keys(['first_dag']) retrieved from /opt/airflow/dags/my_first_dag.py
[2025-05-02T11:00:43.023+0000] {logging_mixin.py:150} INFO - [2025-05-02T11:00:43.023+0000] {dag.py:2742} INFO - Sync 1 DAGs
[2025-05-02T11:00:43.040+0000] {logging_mixin.py:150} INFO - [2025-05-02T11:00:43.040+0000] {dag.py:3508} INFO - Setting next_dagrun for first_dag to 2021-01-20T00:00:00+00:00, run_after=2021-01-21T00:00:00+00:00
[2025-05-02T11:00:43.051+0000] {processor.py:179} INFO - Processing /opt/airflow/dags/my_first_dag.py took 0.054 seconds
[2025-05-02T11:01:13.834+0000] {processor.py:157} INFO - Started process (PID=213) to work on /opt/airflow/dags/my_first_dag.py
[2025-05-02T11:01:13.835+0000] {processor.py:826} INFO - Processing file /opt/airflow/dags/my_first_dag.py for tasks to queue
[2025-05-02T11:01:13.835+0000] {logging_mixin.py:150} INFO - [2025-05-02T11:01:13.835+0000] {dagbag.py:541} INFO - Filling up the DagBag from /opt/airflow/dags/my_first_dag.py
[2025-05-02T11:01:13.842+0000] {processor.py:836} INFO - DAG(s) dict_keys(['first_dag']) retrieved from /opt/airflow/dags/my_first_dag.py
[2025-05-02T11:01:13.860+0000] {logging_mixin.py:150} INFO - [2025-05-02T11:01:13.860+0000] {dag.py:2742} INFO - Sync 1 DAGs
[2025-05-02T11:01:13.877+0000] {logging_mixin.py:150} INFO - [2025-05-02T11:01:13.877+0000] {dag.py:3508} INFO - Setting next_dagrun for first_dag to 2021-01-20T00:00:00+00:00, run_after=2021-01-21T00:00:00+00:00
[2025-05-02T11:01:13.888+0000] {processor.py:179} INFO - Processing /opt/airflow/dags/my_first_dag.py took 0.056 seconds
[2025-05-02T11:01:44.723+0000] {processor.py:157} INFO - Started process (PID=218) to work on /opt/airflow/dags/my_first_dag.py
[2025-05-02T11:01:44.724+0000] {processor.py:826} INFO - Processing file /opt/airflow/dags/my_first_dag.py for tasks to queue
[2025-05-02T11:01:44.724+0000] {logging_mixin.py:150} INFO - [2025-05-02T11:01:44.724+0000] {dagbag.py:541} INFO - Filling up the DagBag from /opt/airflow/dags/my_first_dag.py
[2025-05-02T11:01:44.731+0000] {processor.py:836} INFO - DAG(s) dict_keys(['first_dag']) retrieved from /opt/airflow/dags/my_first_dag.py
[2025-05-02T11:01:44.748+0000] {logging_mixin.py:150} INFO - [2025-05-02T11:01:44.748+0000] {dag.py:2742} INFO - Sync 1 DAGs
[2025-05-02T11:01:44.764+0000] {logging_mixin.py:150} INFO - [2025-05-02T11:01:44.764+0000] {dag.py:3508} INFO - Setting next_dagrun for first_dag to 2021-01-20T00:00:00+00:00, run_after=2021-01-21T00:00:00+00:00
[2025-05-02T11:01:44.775+0000] {processor.py:179} INFO - Processing /opt/airflow/dags/my_first_dag.py took 0.054 seconds
[2025-05-02T11:02:15.573+0000] {processor.py:157} INFO - Started process (PID=223) to work on /opt/airflow/dags/my_first_dag.py
[2025-05-02T11:02:15.574+0000] {processor.py:826} INFO - Processing file /opt/airflow/dags/my_first_dag.py for tasks to queue
[2025-05-02T11:02:15.575+0000] {logging_mixin.py:150} INFO - [2025-05-02T11:02:15.575+0000] {dagbag.py:541} INFO - Filling up the DagBag from /opt/airflow/dags/my_first_dag.py
[2025-05-02T11:02:15.583+0000] {processor.py:836} INFO - DAG(s) dict_keys(['first_dag']) retrieved from /opt/airflow/dags/my_first_dag.py
[2025-05-02T11:02:15.603+0000] {logging_mixin.py:150} INFO - [2025-05-02T11:02:15.603+0000] {dag.py:2742} INFO - Sync 1 DAGs
[2025-05-02T11:02:15.623+0000] {logging_mixin.py:150} INFO - [2025-05-02T11:02:15.623+0000] {dag.py:3508} INFO - Setting next_dagrun for first_dag to 2021-01-20T00:00:00+00:00, run_after=2021-01-21T00:00:00+00:00
[2025-05-02T11:02:15.636+0000] {processor.py:179} INFO - Processing /opt/airflow/dags/my_first_dag.py took 0.064 seconds
[2025-05-02T11:02:46.386+0000] {processor.py:157} INFO - Started process (PID=228) to work on /opt/airflow/dags/my_first_dag.py
[2025-05-02T11:02:46.388+0000] {processor.py:826} INFO - Processing file /opt/airflow/dags/my_first_dag.py for tasks to queue
[2025-05-02T11:02:46.388+0000] {logging_mixin.py:150} INFO - [2025-05-02T11:02:46.388+0000] {dagbag.py:541} INFO - Filling up the DagBag from /opt/airflow/dags/my_first_dag.py
[2025-05-02T11:02:46.395+0000] {processor.py:836} INFO - DAG(s) dict_keys(['first_dag']) retrieved from /opt/airflow/dags/my_first_dag.py
[2025-05-02T11:02:46.411+0000] {logging_mixin.py:150} INFO - [2025-05-02T11:02:46.411+0000] {dag.py:2742} INFO - Sync 1 DAGs
[2025-05-02T11:02:46.427+0000] {logging_mixin.py:150} INFO - [2025-05-02T11:02:46.427+0000] {dag.py:3508} INFO - Setting next_dagrun for first_dag to 2021-01-20T00:00:00+00:00, run_after=2021-01-21T00:00:00+00:00
[2025-05-02T11:02:46.439+0000] {processor.py:179} INFO - Processing /opt/airflow/dags/my_first_dag.py took 0.054 seconds
[2025-05-02T11:03:17.233+0000] {processor.py:157} INFO - Started process (PID=233) to work on /opt/airflow/dags/my_first_dag.py
[2025-05-02T11:03:17.234+0000] {processor.py:826} INFO - Processing file /opt/airflow/dags/my_first_dag.py for tasks to queue
[2025-05-02T11:03:17.234+0000] {logging_mixin.py:150} INFO - [2025-05-02T11:03:17.234+0000] {dagbag.py:541} INFO - Filling up the DagBag from /opt/airflow/dags/my_first_dag.py
[2025-05-02T11:03:17.241+0000] {processor.py:836} INFO - DAG(s) dict_keys(['first_dag']) retrieved from /opt/airflow/dags/my_first_dag.py
[2025-05-02T11:03:17.258+0000] {logging_mixin.py:150} INFO - [2025-05-02T11:03:17.258+0000] {dag.py:2742} INFO - Sync 1 DAGs
[2025-05-02T11:03:17.277+0000] {logging_mixin.py:150} INFO - [2025-05-02T11:03:17.277+0000] {dag.py:3508} INFO - Setting next_dagrun for first_dag to 2021-01-20T00:00:00+00:00, run_after=2021-01-21T00:00:00+00:00
[2025-05-02T11:03:17.288+0000] {processor.py:179} INFO - Processing /opt/airflow/dags/my_first_dag.py took 0.056 seconds
[2025-05-02T11:03:48.120+0000] {processor.py:157} INFO - Started process (PID=238) to work on /opt/airflow/dags/my_first_dag.py
[2025-05-02T11:03:48.127+0000] {processor.py:826} INFO - Processing file /opt/airflow/dags/my_first_dag.py for tasks to queue
[2025-05-02T11:03:48.127+0000] {logging_mixin.py:150} INFO - [2025-05-02T11:03:48.127+0000] {dagbag.py:541} INFO - Filling up the DagBag from /opt/airflow/dags/my_first_dag.py
[2025-05-02T11:03:48.134+0000] {processor.py:836} INFO - DAG(s) dict_keys(['first_dag']) retrieved from /opt/airflow/dags/my_first_dag.py
[2025-05-02T11:03:48.152+0000] {logging_mixin.py:150} INFO - [2025-05-02T11:03:48.152+0000] {dag.py:2742} INFO - Sync 1 DAGs
[2025-05-02T11:03:48.171+0000] {logging_mixin.py:150} INFO - [2025-05-02T11:03:48.171+0000] {dag.py:3508} INFO - Setting next_dagrun for first_dag to 2021-01-20T00:00:00+00:00, run_after=2021-01-21T00:00:00+00:00
[2025-05-02T11:03:48.186+0000] {processor.py:179} INFO - Processing /opt/airflow/dags/my_first_dag.py took 0.068 seconds
[2025-05-02T11:04:19.086+0000] {processor.py:157} INFO - Started process (PID=243) to work on /opt/airflow/dags/my_first_dag.py
[2025-05-02T11:04:19.087+0000] {processor.py:826} INFO - Processing file /opt/airflow/dags/my_first_dag.py for tasks to queue
[2025-05-02T11:04:19.087+0000] {logging_mixin.py:150} INFO - [2025-05-02T11:04:19.087+0000] {dagbag.py:541} INFO - Filling up the DagBag from /opt/airflow/dags/my_first_dag.py
[2025-05-02T11:04:19.095+0000] {processor.py:836} INFO - DAG(s) dict_keys(['first_dag']) retrieved from /opt/airflow/dags/my_first_dag.py
[2025-05-02T11:04:19.113+0000] {logging_mixin.py:150} INFO - [2025-05-02T11:04:19.113+0000] {dag.py:2742} INFO - Sync 1 DAGs
[2025-05-02T11:04:19.129+0000] {logging_mixin.py:150} INFO - [2025-05-02T11:04:19.129+0000] {dag.py:3508} INFO - Setting next_dagrun for first_dag to 2021-01-20T00:00:00+00:00, run_after=2021-01-21T00:00:00+00:00
[2025-05-02T11:04:19.141+0000] {processor.py:179} INFO - Processing /opt/airflow/dags/my_first_dag.py took 0.056 seconds
[2025-05-02T11:04:49.923+0000] {processor.py:157} INFO - Started process (PID=248) to work on /opt/airflow/dags/my_first_dag.py
[2025-05-02T11:04:49.924+0000] {processor.py:826} INFO - Processing file /opt/airflow/dags/my_first_dag.py for tasks to queue
[2025-05-02T11:04:49.925+0000] {logging_mixin.py:150} INFO - [2025-05-02T11:04:49.924+0000] {dagbag.py:541} INFO - Filling up the DagBag from /opt/airflow/dags/my_first_dag.py
[2025-05-02T11:04:49.931+0000] {processor.py:836} INFO - DAG(s) dict_keys(['first_dag']) retrieved from /opt/airflow/dags/my_first_dag.py
[2025-05-02T11:04:49.951+0000] {logging_mixin.py:150} INFO - [2025-05-02T11:04:49.951+0000] {dag.py:2742} INFO - Sync 1 DAGs
[2025-05-02T11:04:49.971+0000] {logging_mixin.py:150} INFO - [2025-05-02T11:04:49.971+0000] {dag.py:3508} INFO - Setting next_dagrun for first_dag to 2021-01-20T00:00:00+00:00, run_after=2021-01-21T00:00:00+00:00
[2025-05-02T11:04:49.983+0000] {processor.py:179} INFO - Processing /opt/airflow/dags/my_first_dag.py took 0.061 seconds
[2025-05-02T11:05:20.804+0000] {processor.py:157} INFO - Started process (PID=253) to work on /opt/airflow/dags/my_first_dag.py
[2025-05-02T11:05:20.805+0000] {processor.py:826} INFO - Processing file /opt/airflow/dags/my_first_dag.py for tasks to queue
[2025-05-02T11:05:20.805+0000] {logging_mixin.py:150} INFO - [2025-05-02T11:05:20.805+0000] {dagbag.py:541} INFO - Filling up the DagBag from /opt/airflow/dags/my_first_dag.py
[2025-05-02T11:05:20.812+0000] {processor.py:836} INFO - DAG(s) dict_keys(['first_dag']) retrieved from /opt/airflow/dags/my_first_dag.py
[2025-05-02T11:05:20.832+0000] {logging_mixin.py:150} INFO - [2025-05-02T11:05:20.832+0000] {dag.py:2742} INFO - Sync 1 DAGs
[2025-05-02T11:05:20.851+0000] {logging_mixin.py:150} INFO - [2025-05-02T11:05:20.851+0000] {dag.py:3508} INFO - Setting next_dagrun for first_dag to 2021-01-20T00:00:00+00:00, run_after=2021-01-21T00:00:00+00:00
[2025-05-02T11:05:20.864+0000] {processor.py:179} INFO - Processing /opt/airflow/dags/my_first_dag.py took 0.061 seconds
[2025-05-02T11:05:51.669+0000] {processor.py:157} INFO - Started process (PID=258) to work on /opt/airflow/dags/my_first_dag.py
[2025-05-02T11:05:51.670+0000] {processor.py:826} INFO - Processing file /opt/airflow/dags/my_first_dag.py for tasks to queue
[2025-05-02T11:05:51.670+0000] {logging_mixin.py:150} INFO - [2025-05-02T11:05:51.670+0000] {dagbag.py:541} INFO - Filling up the DagBag from /opt/airflow/dags/my_first_dag.py
[2025-05-02T11:05:51.676+0000] {processor.py:836} INFO - DAG(s) dict_keys(['first_dag']) retrieved from /opt/airflow/dags/my_first_dag.py
[2025-05-02T11:05:51.693+0000] {logging_mixin.py:150} INFO - [2025-05-02T11:05:51.693+0000] {dag.py:2742} INFO - Sync 1 DAGs
[2025-05-02T11:05:51.708+0000] {logging_mixin.py:150} INFO - [2025-05-02T11:05:51.708+0000] {dag.py:3508} INFO - Setting next_dagrun for first_dag to 2021-01-20T00:00:00+00:00, run_after=2021-01-21T00:00:00+00:00
[2025-05-02T11:05:51.719+0000] {processor.py:179} INFO - Processing /opt/airflow/dags/my_first_dag.py took 0.052 seconds
[2025-05-02T12:04:31.586+0000] {processor.py:157} INFO - Started process (PID=166) to work on /opt/airflow/dags/my_first_dag.py
[2025-05-02T12:04:31.587+0000] {processor.py:826} INFO - Processing file /opt/airflow/dags/my_first_dag.py for tasks to queue
[2025-05-02T12:04:31.588+0000] {logging_mixin.py:150} INFO - [2025-05-02T12:04:31.587+0000] {dagbag.py:541} INFO - Filling up the DagBag from /opt/airflow/dags/my_first_dag.py
[2025-05-02T12:04:31.600+0000] {processor.py:836} INFO - DAG(s) dict_keys(['first_dag']) retrieved from /opt/airflow/dags/my_first_dag.py
[2025-05-02T12:04:31.620+0000] {logging_mixin.py:150} INFO - [2025-05-02T12:04:31.619+0000] {dag.py:2742} INFO - Sync 1 DAGs
[2025-05-02T12:04:31.639+0000] {logging_mixin.py:150} INFO - [2025-05-02T12:04:31.639+0000] {dag.py:3508} INFO - Setting next_dagrun for first_dag to 2021-01-20T00:00:00+00:00, run_after=2021-01-21T00:00:00+00:00
[2025-05-02T12:04:31.652+0000] {processor.py:179} INFO - Processing /opt/airflow/dags/my_first_dag.py took 0.068 seconds
[2025-05-02T12:05:01.764+0000] {processor.py:157} INFO - Started process (PID=172) to work on /opt/airflow/dags/my_first_dag.py
[2025-05-02T12:05:01.765+0000] {processor.py:826} INFO - Processing file /opt/airflow/dags/my_first_dag.py for tasks to queue
[2025-05-02T12:05:01.766+0000] {logging_mixin.py:150} INFO - [2025-05-02T12:05:01.765+0000] {dagbag.py:541} INFO - Filling up the DagBag from /opt/airflow/dags/my_first_dag.py
[2025-05-02T12:05:01.775+0000] {processor.py:836} INFO - DAG(s) dict_keys(['first_dag']) retrieved from /opt/airflow/dags/my_first_dag.py
[2025-05-02T12:05:01.796+0000] {logging_mixin.py:150} INFO - [2025-05-02T12:05:01.796+0000] {dag.py:2742} INFO - Sync 1 DAGs
[2025-05-02T12:05:01.817+0000] {logging_mixin.py:150} INFO - [2025-05-02T12:05:01.817+0000] {dag.py:3508} INFO - Setting next_dagrun for first_dag to 2021-01-20T00:00:00+00:00, run_after=2021-01-21T00:00:00+00:00
[2025-05-02T12:05:01.830+0000] {processor.py:179} INFO - Processing /opt/airflow/dags/my_first_dag.py took 0.069 seconds
[2025-05-02T12:05:31.940+0000] {processor.py:157} INFO - Started process (PID=177) to work on /opt/airflow/dags/my_first_dag.py
[2025-05-02T12:05:31.940+0000] {processor.py:826} INFO - Processing file /opt/airflow/dags/my_first_dag.py for tasks to queue
[2025-05-02T12:05:31.941+0000] {logging_mixin.py:150} INFO - [2025-05-02T12:05:31.941+0000] {dagbag.py:541} INFO - Filling up the DagBag from /opt/airflow/dags/my_first_dag.py
[2025-05-02T12:05:31.950+0000] {processor.py:836} INFO - DAG(s) dict_keys(['first_dag']) retrieved from /opt/airflow/dags/my_first_dag.py
[2025-05-02T12:05:31.973+0000] {logging_mixin.py:150} INFO - [2025-05-02T12:05:31.973+0000] {dag.py:2742} INFO - Sync 1 DAGs
[2025-05-02T12:05:31.991+0000] {logging_mixin.py:150} INFO - [2025-05-02T12:05:31.991+0000] {dag.py:3508} INFO - Setting next_dagrun for first_dag to 2021-01-20T00:00:00+00:00, run_after=2021-01-21T00:00:00+00:00
[2025-05-02T12:05:32.002+0000] {processor.py:179} INFO - Processing /opt/airflow/dags/my_first_dag.py took 0.064 seconds
[2025-05-02T12:06:02.109+0000] {processor.py:157} INFO - Started process (PID=182) to work on /opt/airflow/dags/my_first_dag.py
[2025-05-02T12:06:02.110+0000] {processor.py:826} INFO - Processing file /opt/airflow/dags/my_first_dag.py for tasks to queue
[2025-05-02T12:06:02.110+0000] {logging_mixin.py:150} INFO - [2025-05-02T12:06:02.110+0000] {dagbag.py:541} INFO - Filling up the DagBag from /opt/airflow/dags/my_first_dag.py
[2025-05-02T12:06:02.117+0000] {processor.py:836} INFO - DAG(s) dict_keys(['first_dag']) retrieved from /opt/airflow/dags/my_first_dag.py
[2025-05-02T12:06:02.135+0000] {logging_mixin.py:150} INFO - [2025-05-02T12:06:02.135+0000] {dag.py:2742} INFO - Sync 1 DAGs
[2025-05-02T12:06:02.152+0000] {logging_mixin.py:150} INFO - [2025-05-02T12:06:02.152+0000] {dag.py:3508} INFO - Setting next_dagrun for first_dag to 2021-01-20T00:00:00+00:00, run_after=2021-01-21T00:00:00+00:00
[2025-05-02T12:06:02.163+0000] {processor.py:179} INFO - Processing /opt/airflow/dags/my_first_dag.py took 0.056 seconds
[2025-05-02T12:06:32.294+0000] {processor.py:157} INFO - Started process (PID=187) to work on /opt/airflow/dags/my_first_dag.py
[2025-05-02T12:06:32.295+0000] {processor.py:826} INFO - Processing file /opt/airflow/dags/my_first_dag.py for tasks to queue
[2025-05-02T12:06:32.296+0000] {logging_mixin.py:150} INFO - [2025-05-02T12:06:32.296+0000] {dagbag.py:541} INFO - Filling up the DagBag from /opt/airflow/dags/my_first_dag.py
[2025-05-02T12:06:32.306+0000] {processor.py:836} INFO - DAG(s) dict_keys(['first_dag']) retrieved from /opt/airflow/dags/my_first_dag.py
[2025-05-02T12:06:32.327+0000] {logging_mixin.py:150} INFO - [2025-05-02T12:06:32.327+0000] {dag.py:2742} INFO - Sync 1 DAGs
[2025-05-02T12:06:32.347+0000] {logging_mixin.py:150} INFO - [2025-05-02T12:06:32.347+0000] {dag.py:3508} INFO - Setting next_dagrun for first_dag to 2021-01-20T00:00:00+00:00, run_after=2021-01-21T00:00:00+00:00
[2025-05-02T12:06:32.359+0000] {processor.py:179} INFO - Processing /opt/airflow/dags/my_first_dag.py took 0.067 seconds
[2025-05-02T12:07:02.462+0000] {processor.py:157} INFO - Started process (PID=192) to work on /opt/airflow/dags/my_first_dag.py
[2025-05-02T12:07:02.463+0000] {processor.py:826} INFO - Processing file /opt/airflow/dags/my_first_dag.py for tasks to queue
[2025-05-02T12:07:02.463+0000] {logging_mixin.py:150} INFO - [2025-05-02T12:07:02.463+0000] {dagbag.py:541} INFO - Filling up the DagBag from /opt/airflow/dags/my_first_dag.py
[2025-05-02T12:07:02.470+0000] {processor.py:836} INFO - DAG(s) dict_keys(['first_dag']) retrieved from /opt/airflow/dags/my_first_dag.py
[2025-05-02T12:07:02.487+0000] {logging_mixin.py:150} INFO - [2025-05-02T12:07:02.487+0000] {dag.py:2742} INFO - Sync 1 DAGs
[2025-05-02T12:07:02.503+0000] {logging_mixin.py:150} INFO - [2025-05-02T12:07:02.503+0000] {dag.py:3508} INFO - Setting next_dagrun for first_dag to 2021-01-20T00:00:00+00:00, run_after=2021-01-21T00:00:00+00:00
[2025-05-02T12:07:02.515+0000] {processor.py:179} INFO - Processing /opt/airflow/dags/my_first_dag.py took 0.055 seconds
[2025-05-02T12:07:32.649+0000] {processor.py:157} INFO - Started process (PID=197) to work on /opt/airflow/dags/my_first_dag.py
[2025-05-02T12:07:32.650+0000] {processor.py:826} INFO - Processing file /opt/airflow/dags/my_first_dag.py for tasks to queue
[2025-05-02T12:07:32.650+0000] {logging_mixin.py:150} INFO - [2025-05-02T12:07:32.650+0000] {dagbag.py:541} INFO - Filling up the DagBag from /opt/airflow/dags/my_first_dag.py
[2025-05-02T12:07:32.657+0000] {processor.py:836} INFO - DAG(s) dict_keys(['first_dag']) retrieved from /opt/airflow/dags/my_first_dag.py
[2025-05-02T12:07:32.674+0000] {logging_mixin.py:150} INFO - [2025-05-02T12:07:32.674+0000] {dag.py:2742} INFO - Sync 1 DAGs
[2025-05-02T12:07:32.691+0000] {logging_mixin.py:150} INFO - [2025-05-02T12:07:32.690+0000] {dag.py:3508} INFO - Setting next_dagrun for first_dag to 2021-01-20T00:00:00+00:00, run_after=2021-01-21T00:00:00+00:00
[2025-05-02T12:07:32.703+0000] {processor.py:179} INFO - Processing /opt/airflow/dags/my_first_dag.py took 0.055 seconds
[2025-05-02T12:08:02.820+0000] {processor.py:157} INFO - Started process (PID=202) to work on /opt/airflow/dags/my_first_dag.py
[2025-05-02T12:08:02.827+0000] {processor.py:826} INFO - Processing file /opt/airflow/dags/my_first_dag.py for tasks to queue
[2025-05-02T12:08:02.828+0000] {logging_mixin.py:150} INFO - [2025-05-02T12:08:02.827+0000] {dagbag.py:541} INFO - Filling up the DagBag from /opt/airflow/dags/my_first_dag.py
[2025-05-02T12:08:02.834+0000] {processor.py:836} INFO - DAG(s) dict_keys(['first_dag']) retrieved from /opt/airflow/dags/my_first_dag.py
[2025-05-02T12:08:02.851+0000] {logging_mixin.py:150} INFO - [2025-05-02T12:08:02.851+0000] {dag.py:2742} INFO - Sync 1 DAGs
[2025-05-02T12:08:02.868+0000] {logging_mixin.py:150} INFO - [2025-05-02T12:08:02.868+0000] {dag.py:3508} INFO - Setting next_dagrun for first_dag to 2021-01-20T00:00:00+00:00, run_after=2021-01-21T00:00:00+00:00
[2025-05-02T12:08:02.880+0000] {processor.py:179} INFO - Processing /opt/airflow/dags/my_first_dag.py took 0.062 seconds
[2025-05-02T12:08:33.004+0000] {processor.py:157} INFO - Started process (PID=207) to work on /opt/airflow/dags/my_first_dag.py
[2025-05-02T12:08:33.004+0000] {processor.py:826} INFO - Processing file /opt/airflow/dags/my_first_dag.py for tasks to queue
[2025-05-02T12:08:33.005+0000] {logging_mixin.py:150} INFO - [2025-05-02T12:08:33.005+0000] {dagbag.py:541} INFO - Filling up the DagBag from /opt/airflow/dags/my_first_dag.py
[2025-05-02T12:08:33.012+0000] {processor.py:836} INFO - DAG(s) dict_keys(['first_dag']) retrieved from /opt/airflow/dags/my_first_dag.py
[2025-05-02T12:08:33.029+0000] {logging_mixin.py:150} INFO - [2025-05-02T12:08:33.029+0000] {dag.py:2742} INFO - Sync 1 DAGs
[2025-05-02T12:08:33.045+0000] {logging_mixin.py:150} INFO - [2025-05-02T12:08:33.045+0000] {dag.py:3508} INFO - Setting next_dagrun for first_dag to 2021-01-20T00:00:00+00:00, run_after=2021-01-21T00:00:00+00:00
[2025-05-02T12:08:33.057+0000] {processor.py:179} INFO - Processing /opt/airflow/dags/my_first_dag.py took 0.055 seconds
[2025-05-02T12:09:03.181+0000] {processor.py:157} INFO - Started process (PID=212) to work on /opt/airflow/dags/my_first_dag.py
[2025-05-02T12:09:03.188+0000] {processor.py:826} INFO - Processing file /opt/airflow/dags/my_first_dag.py for tasks to queue
[2025-05-02T12:09:03.189+0000] {logging_mixin.py:150} INFO - [2025-05-02T12:09:03.189+0000] {dagbag.py:541} INFO - Filling up the DagBag from /opt/airflow/dags/my_first_dag.py
[2025-05-02T12:09:03.196+0000] {processor.py:836} INFO - DAG(s) dict_keys(['first_dag']) retrieved from /opt/airflow/dags/my_first_dag.py
[2025-05-02T12:09:03.213+0000] {logging_mixin.py:150} INFO - [2025-05-02T12:09:03.213+0000] {dag.py:2742} INFO - Sync 1 DAGs
[2025-05-02T12:09:03.229+0000] {logging_mixin.py:150} INFO - [2025-05-02T12:09:03.229+0000] {dag.py:3508} INFO - Setting next_dagrun for first_dag to 2021-01-20T00:00:00+00:00, run_after=2021-01-21T00:00:00+00:00
[2025-05-02T12:09:03.241+0000] {processor.py:179} INFO - Processing /opt/airflow/dags/my_first_dag.py took 0.062 seconds
[2025-05-02T12:09:33.364+0000] {processor.py:157} INFO - Started process (PID=217) to work on /opt/airflow/dags/my_first_dag.py
[2025-05-02T12:09:33.365+0000] {processor.py:826} INFO - Processing file /opt/airflow/dags/my_first_dag.py for tasks to queue
[2025-05-02T12:09:33.366+0000] {logging_mixin.py:150} INFO - [2025-05-02T12:09:33.366+0000] {dagbag.py:541} INFO - Filling up the DagBag from /opt/airflow/dags/my_first_dag.py
[2025-05-02T12:09:33.373+0000] {processor.py:836} INFO - DAG(s) dict_keys(['first_dag']) retrieved from /opt/airflow/dags/my_first_dag.py
[2025-05-02T12:09:33.390+0000] {logging_mixin.py:150} INFO - [2025-05-02T12:09:33.390+0000] {dag.py:2742} INFO - Sync 1 DAGs
[2025-05-02T12:09:33.407+0000] {logging_mixin.py:150} INFO - [2025-05-02T12:09:33.407+0000] {dag.py:3508} INFO - Setting next_dagrun for first_dag to 2021-01-20T00:00:00+00:00, run_after=2021-01-21T00:00:00+00:00
[2025-05-02T12:09:33.419+0000] {processor.py:179} INFO - Processing /opt/airflow/dags/my_first_dag.py took 0.056 seconds
[2025-05-02T12:10:03.529+0000] {processor.py:157} INFO - Started process (PID=222) to work on /opt/airflow/dags/my_first_dag.py
[2025-05-02T12:10:03.536+0000] {processor.py:826} INFO - Processing file /opt/airflow/dags/my_first_dag.py for tasks to queue
[2025-05-02T12:10:03.537+0000] {logging_mixin.py:150} INFO - [2025-05-02T12:10:03.537+0000] {dagbag.py:541} INFO - Filling up the DagBag from /opt/airflow/dags/my_first_dag.py
[2025-05-02T12:10:03.543+0000] {processor.py:836} INFO - DAG(s) dict_keys(['first_dag']) retrieved from /opt/airflow/dags/my_first_dag.py
[2025-05-02T12:10:03.560+0000] {logging_mixin.py:150} INFO - [2025-05-02T12:10:03.560+0000] {dag.py:2742} INFO - Sync 1 DAGs
[2025-05-02T12:10:03.577+0000] {logging_mixin.py:150} INFO - [2025-05-02T12:10:03.577+0000] {dag.py:3508} INFO - Setting next_dagrun for first_dag to 2021-01-20T00:00:00+00:00, run_after=2021-01-21T00:00:00+00:00
[2025-05-02T12:10:03.589+0000] {processor.py:179} INFO - Processing /opt/airflow/dags/my_first_dag.py took 0.061 seconds
[2025-05-02T12:10:33.722+0000] {processor.py:157} INFO - Started process (PID=227) to work on /opt/airflow/dags/my_first_dag.py
[2025-05-02T12:10:33.723+0000] {processor.py:826} INFO - Processing file /opt/airflow/dags/my_first_dag.py for tasks to queue
[2025-05-02T12:10:33.723+0000] {logging_mixin.py:150} INFO - [2025-05-02T12:10:33.723+0000] {dagbag.py:541} INFO - Filling up the DagBag from /opt/airflow/dags/my_first_dag.py
[2025-05-02T12:10:33.730+0000] {processor.py:836} INFO - DAG(s) dict_keys(['first_dag']) retrieved from /opt/airflow/dags/my_first_dag.py
[2025-05-02T12:10:33.747+0000] {logging_mixin.py:150} INFO - [2025-05-02T12:10:33.747+0000] {dag.py:2742} INFO - Sync 1 DAGs
[2025-05-02T12:10:33.763+0000] {logging_mixin.py:150} INFO - [2025-05-02T12:10:33.763+0000] {dag.py:3508} INFO - Setting next_dagrun for first_dag to 2021-01-20T00:00:00+00:00, run_after=2021-01-21T00:00:00+00:00
[2025-05-02T12:10:33.776+0000] {processor.py:179} INFO - Processing /opt/airflow/dags/my_first_dag.py took 0.056 seconds
[2025-05-02T12:11:03.902+0000] {processor.py:157} INFO - Started process (PID=232) to work on /opt/airflow/dags/my_first_dag.py
[2025-05-02T12:11:03.903+0000] {processor.py:826} INFO - Processing file /opt/airflow/dags/my_first_dag.py for tasks to queue
[2025-05-02T12:11:03.903+0000] {logging_mixin.py:150} INFO - [2025-05-02T12:11:03.903+0000] {dagbag.py:541} INFO - Filling up the DagBag from /opt/airflow/dags/my_first_dag.py
[2025-05-02T12:11:03.910+0000] {processor.py:836} INFO - DAG(s) dict_keys(['first_dag']) retrieved from /opt/airflow/dags/my_first_dag.py
[2025-05-02T12:11:03.927+0000] {logging_mixin.py:150} INFO - [2025-05-02T12:11:03.926+0000] {dag.py:2742} INFO - Sync 1 DAGs
[2025-05-02T12:11:03.943+0000] {logging_mixin.py:150} INFO - [2025-05-02T12:11:03.943+0000] {dag.py:3508} INFO - Setting next_dagrun for first_dag to 2021-01-20T00:00:00+00:00, run_after=2021-01-21T00:00:00+00:00
[2025-05-02T12:11:03.955+0000] {processor.py:179} INFO - Processing /opt/airflow/dags/my_first_dag.py took 0.055 seconds
[2025-05-02T12:11:34.064+0000] {processor.py:157} INFO - Started process (PID=237) to work on /opt/airflow/dags/my_first_dag.py
[2025-05-02T12:11:34.064+0000] {processor.py:826} INFO - Processing file /opt/airflow/dags/my_first_dag.py for tasks to queue
[2025-05-02T12:11:34.064+0000] {logging_mixin.py:150} INFO - [2025-05-02T12:11:34.064+0000] {dagbag.py:541} INFO - Filling up the DagBag from /opt/airflow/dags/my_first_dag.py
[2025-05-02T12:11:34.071+0000] {processor.py:836} INFO - DAG(s) dict_keys(['first_dag']) retrieved from /opt/airflow/dags/my_first_dag.py
[2025-05-02T12:11:34.089+0000] {logging_mixin.py:150} INFO - [2025-05-02T12:11:34.089+0000] {dag.py:2742} INFO - Sync 1 DAGs
[2025-05-02T12:11:34.106+0000] {logging_mixin.py:150} INFO - [2025-05-02T12:11:34.106+0000] {dag.py:3508} INFO - Setting next_dagrun for first_dag to 2021-01-20T00:00:00+00:00, run_after=2021-01-21T00:00:00+00:00
[2025-05-02T12:11:34.117+0000] {processor.py:179} INFO - Processing /opt/airflow/dags/my_first_dag.py took 0.056 seconds
[2025-05-02T12:12:04.234+0000] {processor.py:157} INFO - Started process (PID=242) to work on /opt/airflow/dags/my_first_dag.py
[2025-05-02T12:12:04.241+0000] {processor.py:826} INFO - Processing file /opt/airflow/dags/my_first_dag.py for tasks to queue
[2025-05-02T12:12:04.241+0000] {logging_mixin.py:150} INFO - [2025-05-02T12:12:04.241+0000] {dagbag.py:541} INFO - Filling up the DagBag from /opt/airflow/dags/my_first_dag.py
[2025-05-02T12:12:04.248+0000] {processor.py:836} INFO - DAG(s) dict_keys(['first_dag']) retrieved from /opt/airflow/dags/my_first_dag.py
[2025-05-02T12:12:04.265+0000] {logging_mixin.py:150} INFO - [2025-05-02T12:12:04.265+0000] {dag.py:2742} INFO - Sync 1 DAGs
[2025-05-02T12:12:04.282+0000] {logging_mixin.py:150} INFO - [2025-05-02T12:12:04.282+0000] {dag.py:3508} INFO - Setting next_dagrun for first_dag to 2021-01-20T00:00:00+00:00, run_after=2021-01-21T00:00:00+00:00
[2025-05-02T12:12:04.294+0000] {processor.py:179} INFO - Processing /opt/airflow/dags/my_first_dag.py took 0.062 seconds
[2025-05-02T12:12:34.400+0000] {processor.py:157} INFO - Started process (PID=247) to work on /opt/airflow/dags/my_first_dag.py
[2025-05-02T12:12:34.401+0000] {processor.py:826} INFO - Processing file /opt/airflow/dags/my_first_dag.py for tasks to queue
[2025-05-02T12:12:34.401+0000] {logging_mixin.py:150} INFO - [2025-05-02T12:12:34.401+0000] {dagbag.py:541} INFO - Filling up the DagBag from /opt/airflow/dags/my_first_dag.py
[2025-05-02T12:12:34.408+0000] {processor.py:836} INFO - DAG(s) dict_keys(['first_dag']) retrieved from /opt/airflow/dags/my_first_dag.py
[2025-05-02T12:12:34.426+0000] {logging_mixin.py:150} INFO - [2025-05-02T12:12:34.425+0000] {dag.py:2742} INFO - Sync 1 DAGs
[2025-05-02T12:12:34.443+0000] {logging_mixin.py:150} INFO - [2025-05-02T12:12:34.442+0000] {dag.py:3508} INFO - Setting next_dagrun for first_dag to 2021-01-20T00:00:00+00:00, run_after=2021-01-21T00:00:00+00:00
[2025-05-02T12:12:34.455+0000] {processor.py:179} INFO - Processing /opt/airflow/dags/my_first_dag.py took 0.057 seconds
[2025-05-02T12:13:04.569+0000] {processor.py:157} INFO - Started process (PID=252) to work on /opt/airflow/dags/my_first_dag.py
[2025-05-02T12:13:04.576+0000] {processor.py:826} INFO - Processing file /opt/airflow/dags/my_first_dag.py for tasks to queue
[2025-05-02T12:13:04.576+0000] {logging_mixin.py:150} INFO - [2025-05-02T12:13:04.576+0000] {dagbag.py:541} INFO - Filling up the DagBag from /opt/airflow/dags/my_first_dag.py
[2025-05-02T12:13:04.583+0000] {processor.py:836} INFO - DAG(s) dict_keys(['first_dag']) retrieved from /opt/airflow/dags/my_first_dag.py
[2025-05-02T12:13:04.600+0000] {logging_mixin.py:150} INFO - [2025-05-02T12:13:04.600+0000] {dag.py:2742} INFO - Sync 1 DAGs
[2025-05-02T12:13:04.616+0000] {logging_mixin.py:150} INFO - [2025-05-02T12:13:04.616+0000] {dag.py:3508} INFO - Setting next_dagrun for first_dag to 2021-01-20T00:00:00+00:00, run_after=2021-01-21T00:00:00+00:00
[2025-05-02T12:13:04.628+0000] {processor.py:179} INFO - Processing /opt/airflow/dags/my_first_dag.py took 0.061 seconds
[2025-05-02T12:13:34.715+0000] {processor.py:157} INFO - Started process (PID=257) to work on /opt/airflow/dags/my_first_dag.py
[2025-05-02T12:13:34.716+0000] {processor.py:826} INFO - Processing file /opt/airflow/dags/my_first_dag.py for tasks to queue
[2025-05-02T12:13:34.716+0000] {logging_mixin.py:150} INFO - [2025-05-02T12:13:34.716+0000] {dagbag.py:541} INFO - Filling up the DagBag from /opt/airflow/dags/my_first_dag.py
[2025-05-02T12:13:34.723+0000] {processor.py:836} INFO - DAG(s) dict_keys(['first_dag']) retrieved from /opt/airflow/dags/my_first_dag.py
[2025-05-02T12:13:34.740+0000] {logging_mixin.py:150} INFO - [2025-05-02T12:13:34.740+0000] {dag.py:2742} INFO - Sync 1 DAGs
[2025-05-02T12:13:34.757+0000] {logging_mixin.py:150} INFO - [2025-05-02T12:13:34.757+0000] {dag.py:3508} INFO - Setting next_dagrun for first_dag to 2021-01-20T00:00:00+00:00, run_after=2021-01-21T00:00:00+00:00
[2025-05-02T12:13:34.769+0000] {processor.py:179} INFO - Processing /opt/airflow/dags/my_first_dag.py took 0.056 seconds
[2025-05-02T12:14:04.888+0000] {processor.py:157} INFO - Started process (PID=262) to work on /opt/airflow/dags/my_first_dag.py
[2025-05-02T12:14:04.888+0000] {processor.py:826} INFO - Processing file /opt/airflow/dags/my_first_dag.py for tasks to queue
[2025-05-02T12:14:04.889+0000] {logging_mixin.py:150} INFO - [2025-05-02T12:14:04.889+0000] {dagbag.py:541} INFO - Filling up the DagBag from /opt/airflow/dags/my_first_dag.py
[2025-05-02T12:14:04.896+0000] {processor.py:836} INFO - DAG(s) dict_keys(['first_dag']) retrieved from /opt/airflow/dags/my_first_dag.py
[2025-05-02T12:14:04.912+0000] {logging_mixin.py:150} INFO - [2025-05-02T12:14:04.912+0000] {dag.py:2742} INFO - Sync 1 DAGs
[2025-05-02T12:14:04.929+0000] {logging_mixin.py:150} INFO - [2025-05-02T12:14:04.929+0000] {dag.py:3508} INFO - Setting next_dagrun for first_dag to 2021-01-20T00:00:00+00:00, run_after=2021-01-21T00:00:00+00:00
[2025-05-02T12:14:04.941+0000] {processor.py:179} INFO - Processing /opt/airflow/dags/my_first_dag.py took 0.054 seconds
[2025-05-02T12:14:35.050+0000] {processor.py:157} INFO - Started process (PID=267) to work on /opt/airflow/dags/my_first_dag.py
[2025-05-02T12:14:35.051+0000] {processor.py:826} INFO - Processing file /opt/airflow/dags/my_first_dag.py for tasks to queue
[2025-05-02T12:14:35.051+0000] {logging_mixin.py:150} INFO - [2025-05-02T12:14:35.051+0000] {dagbag.py:541} INFO - Filling up the DagBag from /opt/airflow/dags/my_first_dag.py
[2025-05-02T12:14:35.058+0000] {processor.py:836} INFO - DAG(s) dict_keys(['first_dag']) retrieved from /opt/airflow/dags/my_first_dag.py
[2025-05-02T12:14:35.076+0000] {logging_mixin.py:150} INFO - [2025-05-02T12:14:35.075+0000] {dag.py:2742} INFO - Sync 1 DAGs
[2025-05-02T12:14:35.093+0000] {logging_mixin.py:150} INFO - [2025-05-02T12:14:35.093+0000] {dag.py:3508} INFO - Setting next_dagrun for first_dag to 2021-01-20T00:00:00+00:00, run_after=2021-01-21T00:00:00+00:00
[2025-05-02T12:14:35.105+0000] {processor.py:179} INFO - Processing /opt/airflow/dags/my_first_dag.py took 0.057 seconds
[2025-05-02T12:15:05.225+0000] {processor.py:157} INFO - Started process (PID=272) to work on /opt/airflow/dags/my_first_dag.py
[2025-05-02T12:15:05.225+0000] {processor.py:826} INFO - Processing file /opt/airflow/dags/my_first_dag.py for tasks to queue
[2025-05-02T12:15:05.226+0000] {logging_mixin.py:150} INFO - [2025-05-02T12:15:05.225+0000] {dagbag.py:541} INFO - Filling up the DagBag from /opt/airflow/dags/my_first_dag.py
[2025-05-02T12:15:05.238+0000] {processor.py:836} INFO - DAG(s) dict_keys(['first_dag']) retrieved from /opt/airflow/dags/my_first_dag.py
[2025-05-02T12:15:05.264+0000] {logging_mixin.py:150} INFO - [2025-05-02T12:15:05.264+0000] {dag.py:2742} INFO - Sync 1 DAGs
[2025-05-02T12:15:05.284+0000] {logging_mixin.py:150} INFO - [2025-05-02T12:15:05.284+0000] {dag.py:3508} INFO - Setting next_dagrun for first_dag to 2021-01-20T00:00:00+00:00, run_after=2021-01-21T00:00:00+00:00
[2025-05-02T12:15:05.296+0000] {processor.py:179} INFO - Processing /opt/airflow/dags/my_first_dag.py took 0.074 seconds
[2025-05-02T12:15:35.377+0000] {processor.py:157} INFO - Started process (PID=277) to work on /opt/airflow/dags/my_first_dag.py
[2025-05-02T12:15:35.384+0000] {processor.py:826} INFO - Processing file /opt/airflow/dags/my_first_dag.py for tasks to queue
[2025-05-02T12:15:35.384+0000] {logging_mixin.py:150} INFO - [2025-05-02T12:15:35.384+0000] {dagbag.py:541} INFO - Filling up the DagBag from /opt/airflow/dags/my_first_dag.py
[2025-05-02T12:15:35.391+0000] {processor.py:836} INFO - DAG(s) dict_keys(['first_dag']) retrieved from /opt/airflow/dags/my_first_dag.py
[2025-05-02T12:15:35.409+0000] {logging_mixin.py:150} INFO - [2025-05-02T12:15:35.409+0000] {dag.py:2742} INFO - Sync 1 DAGs
[2025-05-02T12:15:35.425+0000] {logging_mixin.py:150} INFO - [2025-05-02T12:15:35.425+0000] {dag.py:3508} INFO - Setting next_dagrun for first_dag to 2021-01-20T00:00:00+00:00, run_after=2021-01-21T00:00:00+00:00
[2025-05-02T12:15:35.437+0000] {processor.py:179} INFO - Processing /opt/airflow/dags/my_first_dag.py took 0.063 seconds
[2025-05-02T12:16:05.548+0000] {processor.py:157} INFO - Started process (PID=282) to work on /opt/airflow/dags/my_first_dag.py
[2025-05-02T12:16:05.548+0000] {processor.py:826} INFO - Processing file /opt/airflow/dags/my_first_dag.py for tasks to queue
[2025-05-02T12:16:05.548+0000] {logging_mixin.py:150} INFO - [2025-05-02T12:16:05.548+0000] {dagbag.py:541} INFO - Filling up the DagBag from /opt/airflow/dags/my_first_dag.py
[2025-05-02T12:16:05.555+0000] {processor.py:836} INFO - DAG(s) dict_keys(['first_dag']) retrieved from /opt/airflow/dags/my_first_dag.py
[2025-05-02T12:16:05.572+0000] {logging_mixin.py:150} INFO - [2025-05-02T12:16:05.572+0000] {dag.py:2742} INFO - Sync 1 DAGs
[2025-05-02T12:16:05.589+0000] {logging_mixin.py:150} INFO - [2025-05-02T12:16:05.589+0000] {dag.py:3508} INFO - Setting next_dagrun for first_dag to 2021-01-20T00:00:00+00:00, run_after=2021-01-21T00:00:00+00:00
[2025-05-02T12:16:05.603+0000] {processor.py:179} INFO - Processing /opt/airflow/dags/my_first_dag.py took 0.057 seconds
[2025-05-02T12:16:35.700+0000] {processor.py:157} INFO - Started process (PID=287) to work on /opt/airflow/dags/my_first_dag.py
[2025-05-02T12:16:35.702+0000] {processor.py:826} INFO - Processing file /opt/airflow/dags/my_first_dag.py for tasks to queue
[2025-05-02T12:16:35.702+0000] {logging_mixin.py:150} INFO - [2025-05-02T12:16:35.702+0000] {dagbag.py:541} INFO - Filling up the DagBag from /opt/airflow/dags/my_first_dag.py
[2025-05-02T12:16:35.709+0000] {processor.py:836} INFO - DAG(s) dict_keys(['first_dag']) retrieved from /opt/airflow/dags/my_first_dag.py
[2025-05-02T12:16:35.727+0000] {logging_mixin.py:150} INFO - [2025-05-02T12:16:35.727+0000] {dag.py:2742} INFO - Sync 1 DAGs
[2025-05-02T12:16:35.744+0000] {logging_mixin.py:150} INFO - [2025-05-02T12:16:35.743+0000] {dag.py:3508} INFO - Setting next_dagrun for first_dag to 2021-01-20T00:00:00+00:00, run_after=2021-01-21T00:00:00+00:00
[2025-05-02T12:16:35.755+0000] {processor.py:179} INFO - Processing /opt/airflow/dags/my_first_dag.py took 0.057 seconds
[2025-05-02T12:17:05.860+0000] {processor.py:157} INFO - Started process (PID=292) to work on /opt/airflow/dags/my_first_dag.py
[2025-05-02T12:17:05.861+0000] {processor.py:826} INFO - Processing file /opt/airflow/dags/my_first_dag.py for tasks to queue
[2025-05-02T12:17:05.861+0000] {logging_mixin.py:150} INFO - [2025-05-02T12:17:05.861+0000] {dagbag.py:541} INFO - Filling up the DagBag from /opt/airflow/dags/my_first_dag.py
[2025-05-02T12:17:05.868+0000] {processor.py:836} INFO - DAG(s) dict_keys(['first_dag']) retrieved from /opt/airflow/dags/my_first_dag.py
[2025-05-02T12:17:05.885+0000] {logging_mixin.py:150} INFO - [2025-05-02T12:17:05.885+0000] {dag.py:2742} INFO - Sync 1 DAGs
[2025-05-02T12:17:05.901+0000] {logging_mixin.py:150} INFO - [2025-05-02T12:17:05.901+0000] {dag.py:3508} INFO - Setting next_dagrun for first_dag to 2021-01-20T00:00:00+00:00, run_after=2021-01-21T00:00:00+00:00
[2025-05-02T12:17:05.914+0000] {processor.py:179} INFO - Processing /opt/airflow/dags/my_first_dag.py took 0.055 seconds
[2025-05-02T12:17:35.990+0000] {processor.py:157} INFO - Started process (PID=297) to work on /opt/airflow/dags/my_first_dag.py
[2025-05-02T12:17:35.997+0000] {processor.py:826} INFO - Processing file /opt/airflow/dags/my_first_dag.py for tasks to queue
[2025-05-02T12:17:35.997+0000] {logging_mixin.py:150} INFO - [2025-05-02T12:17:35.997+0000] {dagbag.py:541} INFO - Filling up the DagBag from /opt/airflow/dags/my_first_dag.py
[2025-05-02T12:17:36.004+0000] {processor.py:836} INFO - DAG(s) dict_keys(['first_dag']) retrieved from /opt/airflow/dags/my_first_dag.py
[2025-05-02T12:17:36.022+0000] {logging_mixin.py:150} INFO - [2025-05-02T12:17:36.021+0000] {dag.py:2742} INFO - Sync 1 DAGs
[2025-05-02T12:17:36.038+0000] {logging_mixin.py:150} INFO - [2025-05-02T12:17:36.038+0000] {dag.py:3508} INFO - Setting next_dagrun for first_dag to 2021-01-20T00:00:00+00:00, run_after=2021-01-21T00:00:00+00:00
[2025-05-02T12:17:36.051+0000] {processor.py:179} INFO - Processing /opt/airflow/dags/my_first_dag.py took 0.063 seconds
[2025-05-02T12:18:06.139+0000] {processor.py:157} INFO - Started process (PID=302) to work on /opt/airflow/dags/my_first_dag.py
[2025-05-02T12:18:06.139+0000] {processor.py:826} INFO - Processing file /opt/airflow/dags/my_first_dag.py for tasks to queue
[2025-05-02T12:18:06.140+0000] {logging_mixin.py:150} INFO - [2025-05-02T12:18:06.139+0000] {dagbag.py:541} INFO - Filling up the DagBag from /opt/airflow/dags/my_first_dag.py
[2025-05-02T12:18:06.147+0000] {processor.py:836} INFO - DAG(s) dict_keys(['first_dag']) retrieved from /opt/airflow/dags/my_first_dag.py
[2025-05-02T12:18:06.164+0000] {logging_mixin.py:150} INFO - [2025-05-02T12:18:06.164+0000] {dag.py:2742} INFO - Sync 1 DAGs
[2025-05-02T12:18:06.181+0000] {logging_mixin.py:150} INFO - [2025-05-02T12:18:06.181+0000] {dag.py:3508} INFO - Setting next_dagrun for first_dag to 2021-01-20T00:00:00+00:00, run_after=2021-01-21T00:00:00+00:00
[2025-05-02T12:18:06.194+0000] {processor.py:179} INFO - Processing /opt/airflow/dags/my_first_dag.py took 0.057 seconds
[2025-05-02T12:18:36.276+0000] {processor.py:157} INFO - Started process (PID=307) to work on /opt/airflow/dags/my_first_dag.py
[2025-05-02T12:18:36.277+0000] {processor.py:826} INFO - Processing file /opt/airflow/dags/my_first_dag.py for tasks to queue
[2025-05-02T12:18:36.278+0000] {logging_mixin.py:150} INFO - [2025-05-02T12:18:36.277+0000] {dagbag.py:541} INFO - Filling up the DagBag from /opt/airflow/dags/my_first_dag.py
[2025-05-02T12:18:36.285+0000] {processor.py:836} INFO - DAG(s) dict_keys(['first_dag']) retrieved from /opt/airflow/dags/my_first_dag.py
[2025-05-02T12:18:36.303+0000] {logging_mixin.py:150} INFO - [2025-05-02T12:18:36.302+0000] {dag.py:2742} INFO - Sync 1 DAGs
[2025-05-02T12:18:36.321+0000] {logging_mixin.py:150} INFO - [2025-05-02T12:18:36.321+0000] {dag.py:3508} INFO - Setting next_dagrun for first_dag to 2021-01-20T00:00:00+00:00, run_after=2021-01-21T00:00:00+00:00
[2025-05-02T12:18:36.334+0000] {processor.py:179} INFO - Processing /opt/airflow/dags/my_first_dag.py took 0.059 seconds
[2025-05-02T12:19:06.400+0000] {processor.py:157} INFO - Started process (PID=312) to work on /opt/airflow/dags/my_first_dag.py
[2025-05-02T12:19:06.401+0000] {processor.py:826} INFO - Processing file /opt/airflow/dags/my_first_dag.py for tasks to queue
[2025-05-02T12:19:06.401+0000] {logging_mixin.py:150} INFO - [2025-05-02T12:19:06.401+0000] {dagbag.py:541} INFO - Filling up the DagBag from /opt/airflow/dags/my_first_dag.py
[2025-05-02T12:19:06.410+0000] {processor.py:836} INFO - DAG(s) dict_keys(['first_dag']) retrieved from /opt/airflow/dags/my_first_dag.py
[2025-05-02T12:19:06.432+0000] {logging_mixin.py:150} INFO - [2025-05-02T12:19:06.432+0000] {dag.py:2742} INFO - Sync 1 DAGs
[2025-05-02T12:19:06.451+0000] {logging_mixin.py:150} INFO - [2025-05-02T12:19:06.451+0000] {dag.py:3508} INFO - Setting next_dagrun for first_dag to 2021-01-20T00:00:00+00:00, run_after=2021-01-21T00:00:00+00:00
[2025-05-02T12:19:06.464+0000] {processor.py:179} INFO - Processing /opt/airflow/dags/my_first_dag.py took 0.066 seconds
[2025-05-02T12:19:36.544+0000] {processor.py:157} INFO - Started process (PID=317) to work on /opt/airflow/dags/my_first_dag.py
[2025-05-02T12:19:36.545+0000] {processor.py:826} INFO - Processing file /opt/airflow/dags/my_first_dag.py for tasks to queue
[2025-05-02T12:19:36.545+0000] {logging_mixin.py:150} INFO - [2025-05-02T12:19:36.545+0000] {dagbag.py:541} INFO - Filling up the DagBag from /opt/airflow/dags/my_first_dag.py
[2025-05-02T12:19:36.555+0000] {processor.py:836} INFO - DAG(s) dict_keys(['first_dag']) retrieved from /opt/airflow/dags/my_first_dag.py
[2025-05-02T12:19:36.576+0000] {logging_mixin.py:150} INFO - [2025-05-02T12:19:36.576+0000] {dag.py:2742} INFO - Sync 1 DAGs
[2025-05-02T12:19:36.595+0000] {logging_mixin.py:150} INFO - [2025-05-02T12:19:36.595+0000] {dag.py:3508} INFO - Setting next_dagrun for first_dag to 2021-01-20T00:00:00+00:00, run_after=2021-01-21T00:00:00+00:00
[2025-05-02T12:19:36.608+0000] {processor.py:179} INFO - Processing /opt/airflow/dags/my_first_dag.py took 0.066 seconds
[2025-05-02T12:20:06.673+0000] {processor.py:157} INFO - Started process (PID=322) to work on /opt/airflow/dags/my_first_dag.py
[2025-05-02T12:20:06.674+0000] {processor.py:826} INFO - Processing file /opt/airflow/dags/my_first_dag.py for tasks to queue
[2025-05-02T12:20:06.674+0000] {logging_mixin.py:150} INFO - [2025-05-02T12:20:06.674+0000] {dagbag.py:541} INFO - Filling up the DagBag from /opt/airflow/dags/my_first_dag.py
[2025-05-02T12:20:06.684+0000] {processor.py:836} INFO - DAG(s) dict_keys(['first_dag']) retrieved from /opt/airflow/dags/my_first_dag.py
[2025-05-02T12:20:06.706+0000] {logging_mixin.py:150} INFO - [2025-05-02T12:20:06.706+0000] {dag.py:2742} INFO - Sync 1 DAGs
[2025-05-02T12:20:06.723+0000] {logging_mixin.py:150} INFO - [2025-05-02T12:20:06.723+0000] {dag.py:3508} INFO - Setting next_dagrun for first_dag to 2021-01-20T00:00:00+00:00, run_after=2021-01-21T00:00:00+00:00
[2025-05-02T12:20:06.734+0000] {processor.py:179} INFO - Processing /opt/airflow/dags/my_first_dag.py took 0.063 seconds
[2025-05-02T12:20:36.811+0000] {processor.py:157} INFO - Started process (PID=327) to work on /opt/airflow/dags/my_first_dag.py
[2025-05-02T12:20:36.811+0000] {processor.py:826} INFO - Processing file /opt/airflow/dags/my_first_dag.py for tasks to queue
[2025-05-02T12:20:36.812+0000] {logging_mixin.py:150} INFO - [2025-05-02T12:20:36.812+0000] {dagbag.py:541} INFO - Filling up the DagBag from /opt/airflow/dags/my_first_dag.py
[2025-05-02T12:20:36.822+0000] {processor.py:836} INFO - DAG(s) dict_keys(['first_dag']) retrieved from /opt/airflow/dags/my_first_dag.py
[2025-05-02T12:20:36.842+0000] {logging_mixin.py:150} INFO - [2025-05-02T12:20:36.841+0000] {dag.py:2742} INFO - Sync 1 DAGs
[2025-05-02T12:20:36.862+0000] {logging_mixin.py:150} INFO - [2025-05-02T12:20:36.862+0000] {dag.py:3508} INFO - Setting next_dagrun for first_dag to 2021-01-20T00:00:00+00:00, run_after=2021-01-21T00:00:00+00:00
[2025-05-02T12:20:36.875+0000] {processor.py:179} INFO - Processing /opt/airflow/dags/my_first_dag.py took 0.067 seconds
[2025-05-02T12:21:06.942+0000] {processor.py:157} INFO - Started process (PID=332) to work on /opt/airflow/dags/my_first_dag.py
[2025-05-02T12:21:06.942+0000] {processor.py:826} INFO - Processing file /opt/airflow/dags/my_first_dag.py for tasks to queue
[2025-05-02T12:21:06.942+0000] {logging_mixin.py:150} INFO - [2025-05-02T12:21:06.942+0000] {dagbag.py:541} INFO - Filling up the DagBag from /opt/airflow/dags/my_first_dag.py
[2025-05-02T12:21:06.949+0000] {processor.py:836} INFO - DAG(s) dict_keys(['first_dag']) retrieved from /opt/airflow/dags/my_first_dag.py
[2025-05-02T12:21:06.971+0000] {logging_mixin.py:150} INFO - [2025-05-02T12:21:06.971+0000] {dag.py:2742} INFO - Sync 1 DAGs
[2025-05-02T12:21:06.992+0000] {logging_mixin.py:150} INFO - [2025-05-02T12:21:06.991+0000] {dag.py:3508} INFO - Setting next_dagrun for first_dag to 2021-01-20T00:00:00+00:00, run_after=2021-01-21T00:00:00+00:00
[2025-05-02T12:21:07.004+0000] {processor.py:179} INFO - Processing /opt/airflow/dags/my_first_dag.py took 0.065 seconds
[2025-05-02T12:21:37.090+0000] {processor.py:157} INFO - Started process (PID=337) to work on /opt/airflow/dags/my_first_dag.py
[2025-05-02T12:21:37.091+0000] {processor.py:826} INFO - Processing file /opt/airflow/dags/my_first_dag.py for tasks to queue
[2025-05-02T12:21:37.091+0000] {logging_mixin.py:150} INFO - [2025-05-02T12:21:37.091+0000] {dagbag.py:541} INFO - Filling up the DagBag from /opt/airflow/dags/my_first_dag.py
[2025-05-02T12:21:37.102+0000] {processor.py:836} INFO - DAG(s) dict_keys(['first_dag']) retrieved from /opt/airflow/dags/my_first_dag.py
[2025-05-02T12:21:37.126+0000] {logging_mixin.py:150} INFO - [2025-05-02T12:21:37.126+0000] {dag.py:2742} INFO - Sync 1 DAGs
[2025-05-02T12:21:37.143+0000] {logging_mixin.py:150} INFO - [2025-05-02T12:21:37.143+0000] {dag.py:3508} INFO - Setting next_dagrun for first_dag to 2021-01-20T00:00:00+00:00, run_after=2021-01-21T00:00:00+00:00
[2025-05-02T12:21:37.155+0000] {processor.py:179} INFO - Processing /opt/airflow/dags/my_first_dag.py took 0.066 seconds
[2025-05-02T12:22:07.204+0000] {processor.py:157} INFO - Started process (PID=342) to work on /opt/airflow/dags/my_first_dag.py
[2025-05-02T12:22:07.204+0000] {processor.py:826} INFO - Processing file /opt/airflow/dags/my_first_dag.py for tasks to queue
[2025-05-02T12:22:07.205+0000] {logging_mixin.py:150} INFO - [2025-05-02T12:22:07.205+0000] {dagbag.py:541} INFO - Filling up the DagBag from /opt/airflow/dags/my_first_dag.py
[2025-05-02T12:22:07.212+0000] {processor.py:836} INFO - DAG(s) dict_keys(['first_dag']) retrieved from /opt/airflow/dags/my_first_dag.py
[2025-05-02T12:22:07.230+0000] {logging_mixin.py:150} INFO - [2025-05-02T12:22:07.230+0000] {dag.py:2742} INFO - Sync 1 DAGs
[2025-05-02T12:22:07.247+0000] {logging_mixin.py:150} INFO - [2025-05-02T12:22:07.247+0000] {dag.py:3508} INFO - Setting next_dagrun for first_dag to 2021-01-20T00:00:00+00:00, run_after=2021-01-21T00:00:00+00:00
[2025-05-02T12:22:07.260+0000] {processor.py:179} INFO - Processing /opt/airflow/dags/my_first_dag.py took 0.057 seconds
[2025-05-02T12:22:59.469+0000] {processor.py:157} INFO - Started process (PID=166) to work on /opt/airflow/dags/my_first_dag.py
[2025-05-02T12:22:59.470+0000] {processor.py:826} INFO - Processing file /opt/airflow/dags/my_first_dag.py for tasks to queue
[2025-05-02T12:22:59.471+0000] {logging_mixin.py:150} INFO - [2025-05-02T12:22:59.471+0000] {dagbag.py:541} INFO - Filling up the DagBag from /opt/airflow/dags/my_first_dag.py
[2025-05-02T12:22:59.486+0000] {processor.py:836} INFO - DAG(s) dict_keys(['first_dag']) retrieved from /opt/airflow/dags/my_first_dag.py
[2025-05-02T12:22:59.505+0000] {logging_mixin.py:150} INFO - [2025-05-02T12:22:59.505+0000] {dag.py:2742} INFO - Sync 1 DAGs
[2025-05-02T12:22:59.529+0000] {logging_mixin.py:150} INFO - [2025-05-02T12:22:59.528+0000] {dag.py:3508} INFO - Setting next_dagrun for first_dag to 2021-01-20T00:00:00+00:00, run_after=2021-01-21T00:00:00+00:00
[2025-05-02T12:22:59.542+0000] {processor.py:179} INFO - Processing /opt/airflow/dags/my_first_dag.py took 0.075 seconds
[2025-05-02T12:23:29.598+0000] {processor.py:157} INFO - Started process (PID=172) to work on /opt/airflow/dags/my_first_dag.py
[2025-05-02T12:23:29.599+0000] {processor.py:826} INFO - Processing file /opt/airflow/dags/my_first_dag.py for tasks to queue
[2025-05-02T12:23:29.599+0000] {logging_mixin.py:150} INFO - [2025-05-02T12:23:29.599+0000] {dagbag.py:541} INFO - Filling up the DagBag from /opt/airflow/dags/my_first_dag.py
[2025-05-02T12:23:29.607+0000] {processor.py:836} INFO - DAG(s) dict_keys(['first_dag']) retrieved from /opt/airflow/dags/my_first_dag.py
[2025-05-02T12:23:29.636+0000] {logging_mixin.py:150} INFO - [2025-05-02T12:23:29.636+0000] {dag.py:2742} INFO - Sync 1 DAGs
[2025-05-02T12:23:29.654+0000] {logging_mixin.py:150} INFO - [2025-05-02T12:23:29.654+0000] {dag.py:3508} INFO - Setting next_dagrun for first_dag to 2021-01-20T00:00:00+00:00, run_after=2021-01-21T00:00:00+00:00
[2025-05-02T12:23:29.667+0000] {processor.py:179} INFO - Processing /opt/airflow/dags/my_first_dag.py took 0.070 seconds
[2025-05-02T12:23:59.731+0000] {processor.py:157} INFO - Started process (PID=177) to work on /opt/airflow/dags/my_first_dag.py
[2025-05-02T12:23:59.732+0000] {processor.py:826} INFO - Processing file /opt/airflow/dags/my_first_dag.py for tasks to queue
[2025-05-02T12:23:59.732+0000] {logging_mixin.py:150} INFO - [2025-05-02T12:23:59.732+0000] {dagbag.py:541} INFO - Filling up the DagBag from /opt/airflow/dags/my_first_dag.py
[2025-05-02T12:23:59.740+0000] {processor.py:836} INFO - DAG(s) dict_keys(['first_dag']) retrieved from /opt/airflow/dags/my_first_dag.py
[2025-05-02T12:23:59.761+0000] {logging_mixin.py:150} INFO - [2025-05-02T12:23:59.761+0000] {dag.py:2742} INFO - Sync 1 DAGs
[2025-05-02T12:23:59.781+0000] {logging_mixin.py:150} INFO - [2025-05-02T12:23:59.780+0000] {dag.py:3508} INFO - Setting next_dagrun for first_dag to 2021-01-20T00:00:00+00:00, run_after=2021-01-21T00:00:00+00:00
[2025-05-02T12:23:59.793+0000] {processor.py:179} INFO - Processing /opt/airflow/dags/my_first_dag.py took 0.065 seconds
[2025-05-02T12:24:29.853+0000] {processor.py:157} INFO - Started process (PID=182) to work on /opt/airflow/dags/my_first_dag.py
[2025-05-02T12:24:29.854+0000] {processor.py:826} INFO - Processing file /opt/airflow/dags/my_first_dag.py for tasks to queue
[2025-05-02T12:24:29.854+0000] {logging_mixin.py:150} INFO - [2025-05-02T12:24:29.854+0000] {dagbag.py:541} INFO - Filling up the DagBag from /opt/airflow/dags/my_first_dag.py
[2025-05-02T12:24:29.861+0000] {processor.py:836} INFO - DAG(s) dict_keys(['first_dag']) retrieved from /opt/airflow/dags/my_first_dag.py
[2025-05-02T12:24:29.882+0000] {logging_mixin.py:150} INFO - [2025-05-02T12:24:29.882+0000] {dag.py:2742} INFO - Sync 1 DAGs
[2025-05-02T12:24:29.902+0000] {logging_mixin.py:150} INFO - [2025-05-02T12:24:29.902+0000] {dag.py:3508} INFO - Setting next_dagrun for first_dag to 2021-01-20T00:00:00+00:00, run_after=2021-01-21T00:00:00+00:00
[2025-05-02T12:24:29.914+0000] {processor.py:179} INFO - Processing /opt/airflow/dags/my_first_dag.py took 0.063 seconds
[2025-05-02T12:26:27.684+0000] {processor.py:157} INFO - Started process (PID=166) to work on /opt/airflow/dags/my_first_dag.py
[2025-05-02T12:26:27.685+0000] {processor.py:826} INFO - Processing file /opt/airflow/dags/my_first_dag.py for tasks to queue
[2025-05-02T12:26:27.686+0000] {logging_mixin.py:150} INFO - [2025-05-02T12:26:27.686+0000] {dagbag.py:541} INFO - Filling up the DagBag from /opt/airflow/dags/my_first_dag.py
[2025-05-02T12:26:27.697+0000] {processor.py:836} INFO - DAG(s) dict_keys(['first_dag']) retrieved from /opt/airflow/dags/my_first_dag.py
[2025-05-02T12:26:27.717+0000] {logging_mixin.py:150} INFO - [2025-05-02T12:26:27.717+0000] {dag.py:2742} INFO - Sync 1 DAGs
[2025-05-02T12:26:27.737+0000] {logging_mixin.py:150} INFO - [2025-05-02T12:26:27.737+0000] {dag.py:3508} INFO - Setting next_dagrun for first_dag to 2021-01-20T00:00:00+00:00, run_after=2021-01-21T00:00:00+00:00
[2025-05-02T12:26:27.750+0000] {processor.py:179} INFO - Processing /opt/airflow/dags/my_first_dag.py took 0.068 seconds
[2025-05-02T12:26:57.825+0000] {processor.py:157} INFO - Started process (PID=172) to work on /opt/airflow/dags/my_first_dag.py
[2025-05-02T12:26:57.826+0000] {processor.py:826} INFO - Processing file /opt/airflow/dags/my_first_dag.py for tasks to queue
[2025-05-02T12:26:57.827+0000] {logging_mixin.py:150} INFO - [2025-05-02T12:26:57.827+0000] {dagbag.py:541} INFO - Filling up the DagBag from /opt/airflow/dags/my_first_dag.py
[2025-05-02T12:26:57.843+0000] {processor.py:836} INFO - DAG(s) dict_keys(['first_dag']) retrieved from /opt/airflow/dags/my_first_dag.py
[2025-05-02T12:26:57.870+0000] {logging_mixin.py:150} INFO - [2025-05-02T12:26:57.869+0000] {dag.py:2742} INFO - Sync 1 DAGs
[2025-05-02T12:26:57.891+0000] {logging_mixin.py:150} INFO - [2025-05-02T12:26:57.891+0000] {dag.py:3508} INFO - Setting next_dagrun for first_dag to 2021-01-20T00:00:00+00:00, run_after=2021-01-21T00:00:00+00:00
[2025-05-02T12:26:57.908+0000] {processor.py:179} INFO - Processing /opt/airflow/dags/my_first_dag.py took 0.086 seconds
[2025-05-02T12:27:27.941+0000] {processor.py:157} INFO - Started process (PID=177) to work on /opt/airflow/dags/my_first_dag.py
[2025-05-02T12:27:27.942+0000] {processor.py:826} INFO - Processing file /opt/airflow/dags/my_first_dag.py for tasks to queue
[2025-05-02T12:27:27.943+0000] {logging_mixin.py:150} INFO - [2025-05-02T12:27:27.943+0000] {dagbag.py:541} INFO - Filling up the DagBag from /opt/airflow/dags/my_first_dag.py
[2025-05-02T12:27:27.953+0000] {processor.py:836} INFO - DAG(s) dict_keys(['first_dag']) retrieved from /opt/airflow/dags/my_first_dag.py
[2025-05-02T12:27:27.977+0000] {logging_mixin.py:150} INFO - [2025-05-02T12:27:27.977+0000] {dag.py:2742} INFO - Sync 1 DAGs
[2025-05-02T12:27:28.000+0000] {logging_mixin.py:150} INFO - [2025-05-02T12:27:28.000+0000] {dag.py:3508} INFO - Setting next_dagrun for first_dag to 2021-01-20T00:00:00+00:00, run_after=2021-01-21T00:00:00+00:00
[2025-05-02T12:27:28.013+0000] {processor.py:179} INFO - Processing /opt/airflow/dags/my_first_dag.py took 0.074 seconds
[2025-05-02T12:27:58.080+0000] {processor.py:157} INFO - Started process (PID=182) to work on /opt/airflow/dags/my_first_dag.py
[2025-05-02T12:27:58.080+0000] {processor.py:826} INFO - Processing file /opt/airflow/dags/my_first_dag.py for tasks to queue
[2025-05-02T12:27:58.081+0000] {logging_mixin.py:150} INFO - [2025-05-02T12:27:58.081+0000] {dagbag.py:541} INFO - Filling up the DagBag from /opt/airflow/dags/my_first_dag.py
[2025-05-02T12:27:58.088+0000] {processor.py:836} INFO - DAG(s) dict_keys(['first_dag']) retrieved from /opt/airflow/dags/my_first_dag.py
[2025-05-02T12:27:58.108+0000] {logging_mixin.py:150} INFO - [2025-05-02T12:27:58.108+0000] {dag.py:2742} INFO - Sync 1 DAGs
[2025-05-02T12:27:58.130+0000] {logging_mixin.py:150} INFO - [2025-05-02T12:27:58.130+0000] {dag.py:3508} INFO - Setting next_dagrun for first_dag to 2021-01-20T00:00:00+00:00, run_after=2021-01-21T00:00:00+00:00
[2025-05-02T12:27:58.144+0000] {processor.py:179} INFO - Processing /opt/airflow/dags/my_first_dag.py took 0.066 seconds
[2025-05-02T12:28:28.189+0000] {processor.py:157} INFO - Started process (PID=187) to work on /opt/airflow/dags/my_first_dag.py
[2025-05-02T12:28:28.190+0000] {processor.py:826} INFO - Processing file /opt/airflow/dags/my_first_dag.py for tasks to queue
[2025-05-02T12:28:28.190+0000] {logging_mixin.py:150} INFO - [2025-05-02T12:28:28.190+0000] {dagbag.py:541} INFO - Filling up the DagBag from /opt/airflow/dags/my_first_dag.py
[2025-05-02T12:28:28.200+0000] {processor.py:836} INFO - DAG(s) dict_keys(['first_dag']) retrieved from /opt/airflow/dags/my_first_dag.py
[2025-05-02T12:28:28.221+0000] {logging_mixin.py:150} INFO - [2025-05-02T12:28:28.221+0000] {dag.py:2742} INFO - Sync 1 DAGs
[2025-05-02T12:28:28.238+0000] {logging_mixin.py:150} INFO - [2025-05-02T12:28:28.238+0000] {dag.py:3508} INFO - Setting next_dagrun for first_dag to 2021-01-20T00:00:00+00:00, run_after=2021-01-21T00:00:00+00:00
[2025-05-02T12:28:28.251+0000] {processor.py:179} INFO - Processing /opt/airflow/dags/my_first_dag.py took 0.063 seconds
[2025-05-02T12:28:58.317+0000] {processor.py:157} INFO - Started process (PID=192) to work on /opt/airflow/dags/my_first_dag.py
[2025-05-02T12:28:58.318+0000] {processor.py:826} INFO - Processing file /opt/airflow/dags/my_first_dag.py for tasks to queue
[2025-05-02T12:28:58.318+0000] {logging_mixin.py:150} INFO - [2025-05-02T12:28:58.318+0000] {dagbag.py:541} INFO - Filling up the DagBag from /opt/airflow/dags/my_first_dag.py
[2025-05-02T12:28:58.325+0000] {processor.py:836} INFO - DAG(s) dict_keys(['first_dag']) retrieved from /opt/airflow/dags/my_first_dag.py
[2025-05-02T12:28:58.342+0000] {logging_mixin.py:150} INFO - [2025-05-02T12:28:58.342+0000] {dag.py:2742} INFO - Sync 1 DAGs
[2025-05-02T12:28:58.361+0000] {logging_mixin.py:150} INFO - [2025-05-02T12:28:58.361+0000] {dag.py:3508} INFO - Setting next_dagrun for first_dag to 2021-01-20T00:00:00+00:00, run_after=2021-01-21T00:00:00+00:00
[2025-05-02T12:28:58.374+0000] {processor.py:179} INFO - Processing /opt/airflow/dags/my_first_dag.py took 0.059 seconds
[2025-05-02T12:29:28.417+0000] {processor.py:157} INFO - Started process (PID=197) to work on /opt/airflow/dags/my_first_dag.py
[2025-05-02T12:29:28.424+0000] {processor.py:826} INFO - Processing file /opt/airflow/dags/my_first_dag.py for tasks to queue
[2025-05-02T12:29:28.424+0000] {logging_mixin.py:150} INFO - [2025-05-02T12:29:28.424+0000] {dagbag.py:541} INFO - Filling up the DagBag from /opt/airflow/dags/my_first_dag.py
[2025-05-02T12:29:28.431+0000] {processor.py:836} INFO - DAG(s) dict_keys(['first_dag']) retrieved from /opt/airflow/dags/my_first_dag.py
[2025-05-02T12:29:28.448+0000] {logging_mixin.py:150} INFO - [2025-05-02T12:29:28.448+0000] {dag.py:2742} INFO - Sync 1 DAGs
[2025-05-02T12:29:28.466+0000] {logging_mixin.py:150} INFO - [2025-05-02T12:29:28.466+0000] {dag.py:3508} INFO - Setting next_dagrun for first_dag to 2021-01-20T00:00:00+00:00, run_after=2021-01-21T00:00:00+00:00
[2025-05-02T12:29:28.480+0000] {processor.py:179} INFO - Processing /opt/airflow/dags/my_first_dag.py took 0.065 seconds
[2025-05-02T12:29:58.528+0000] {processor.py:157} INFO - Started process (PID=202) to work on /opt/airflow/dags/my_first_dag.py
[2025-05-02T12:29:58.535+0000] {processor.py:826} INFO - Processing file /opt/airflow/dags/my_first_dag.py for tasks to queue
[2025-05-02T12:29:58.535+0000] {logging_mixin.py:150} INFO - [2025-05-02T12:29:58.535+0000] {dagbag.py:541} INFO - Filling up the DagBag from /opt/airflow/dags/my_first_dag.py
[2025-05-02T12:29:58.542+0000] {processor.py:836} INFO - DAG(s) dict_keys(['first_dag']) retrieved from /opt/airflow/dags/my_first_dag.py
[2025-05-02T12:29:58.561+0000] {logging_mixin.py:150} INFO - [2025-05-02T12:29:58.561+0000] {dag.py:2742} INFO - Sync 1 DAGs
[2025-05-02T12:29:58.581+0000] {logging_mixin.py:150} INFO - [2025-05-02T12:29:58.581+0000] {dag.py:3508} INFO - Setting next_dagrun for first_dag to 2021-01-20T00:00:00+00:00, run_after=2021-01-21T00:00:00+00:00
[2025-05-02T12:29:58.594+0000] {processor.py:179} INFO - Processing /opt/airflow/dags/my_first_dag.py took 0.068 seconds
[2025-05-02T12:30:28.641+0000] {processor.py:157} INFO - Started process (PID=207) to work on /opt/airflow/dags/my_first_dag.py
[2025-05-02T12:30:28.648+0000] {processor.py:826} INFO - Processing file /opt/airflow/dags/my_first_dag.py for tasks to queue
[2025-05-02T12:30:28.649+0000] {logging_mixin.py:150} INFO - [2025-05-02T12:30:28.648+0000] {dagbag.py:541} INFO - Filling up the DagBag from /opt/airflow/dags/my_first_dag.py
[2025-05-02T12:30:28.658+0000] {processor.py:836} INFO - DAG(s) dict_keys(['first_dag']) retrieved from /opt/airflow/dags/my_first_dag.py
[2025-05-02T12:30:28.678+0000] {logging_mixin.py:150} INFO - [2025-05-02T12:30:28.678+0000] {dag.py:2742} INFO - Sync 1 DAGs
[2025-05-02T12:30:28.698+0000] {logging_mixin.py:150} INFO - [2025-05-02T12:30:28.698+0000] {dag.py:3508} INFO - Setting next_dagrun for first_dag to 2021-01-20T00:00:00+00:00, run_after=2021-01-21T00:00:00+00:00
[2025-05-02T12:30:28.711+0000] {processor.py:179} INFO - Processing /opt/airflow/dags/my_first_dag.py took 0.072 seconds
[2025-05-02T12:30:58.759+0000] {processor.py:157} INFO - Started process (PID=212) to work on /opt/airflow/dags/my_first_dag.py
[2025-05-02T12:30:58.760+0000] {processor.py:826} INFO - Processing file /opt/airflow/dags/my_first_dag.py for tasks to queue
[2025-05-02T12:30:58.760+0000] {logging_mixin.py:150} INFO - [2025-05-02T12:30:58.760+0000] {dagbag.py:541} INFO - Filling up the DagBag from /opt/airflow/dags/my_first_dag.py
[2025-05-02T12:30:58.768+0000] {processor.py:836} INFO - DAG(s) dict_keys(['first_dag']) retrieved from /opt/airflow/dags/my_first_dag.py
[2025-05-02T12:30:58.788+0000] {logging_mixin.py:150} INFO - [2025-05-02T12:30:58.788+0000] {dag.py:2742} INFO - Sync 1 DAGs
[2025-05-02T12:30:58.806+0000] {logging_mixin.py:150} INFO - [2025-05-02T12:30:58.806+0000] {dag.py:3508} INFO - Setting next_dagrun for first_dag to 2021-01-20T00:00:00+00:00, run_after=2021-01-21T00:00:00+00:00
[2025-05-02T12:30:58.817+0000] {processor.py:179} INFO - Processing /opt/airflow/dags/my_first_dag.py took 0.060 seconds
[2025-05-02T12:31:28.877+0000] {processor.py:157} INFO - Started process (PID=217) to work on /opt/airflow/dags/my_first_dag.py
[2025-05-02T12:31:28.884+0000] {processor.py:826} INFO - Processing file /opt/airflow/dags/my_first_dag.py for tasks to queue
[2025-05-02T12:31:28.884+0000] {logging_mixin.py:150} INFO - [2025-05-02T12:31:28.884+0000] {dagbag.py:541} INFO - Filling up the DagBag from /opt/airflow/dags/my_first_dag.py
[2025-05-02T12:31:28.892+0000] {processor.py:836} INFO - DAG(s) dict_keys(['first_dag']) retrieved from /opt/airflow/dags/my_first_dag.py
[2025-05-02T12:31:28.910+0000] {logging_mixin.py:150} INFO - [2025-05-02T12:31:28.910+0000] {dag.py:2742} INFO - Sync 1 DAGs
[2025-05-02T12:31:28.927+0000] {logging_mixin.py:150} INFO - [2025-05-02T12:31:28.927+0000] {dag.py:3508} INFO - Setting next_dagrun for first_dag to 2021-01-20T00:00:00+00:00, run_after=2021-01-21T00:00:00+00:00
[2025-05-02T12:31:28.942+0000] {processor.py:179} INFO - Processing /opt/airflow/dags/my_first_dag.py took 0.067 seconds
[2025-05-02T12:31:58.986+0000] {processor.py:157} INFO - Started process (PID=222) to work on /opt/airflow/dags/my_first_dag.py
[2025-05-02T12:31:58.993+0000] {processor.py:826} INFO - Processing file /opt/airflow/dags/my_first_dag.py for tasks to queue
[2025-05-02T12:31:58.994+0000] {logging_mixin.py:150} INFO - [2025-05-02T12:31:58.994+0000] {dagbag.py:541} INFO - Filling up the DagBag from /opt/airflow/dags/my_first_dag.py
[2025-05-02T12:31:59.003+0000] {processor.py:836} INFO - DAG(s) dict_keys(['first_dag']) retrieved from /opt/airflow/dags/my_first_dag.py
[2025-05-02T12:31:59.026+0000] {logging_mixin.py:150} INFO - [2025-05-02T12:31:59.026+0000] {dag.py:2742} INFO - Sync 1 DAGs
[2025-05-02T12:31:59.044+0000] {logging_mixin.py:150} INFO - [2025-05-02T12:31:59.044+0000] {dag.py:3508} INFO - Setting next_dagrun for first_dag to 2021-01-20T00:00:00+00:00, run_after=2021-01-21T00:00:00+00:00
[2025-05-02T12:31:59.057+0000] {processor.py:179} INFO - Processing /opt/airflow/dags/my_first_dag.py took 0.073 seconds
[2025-05-02T12:32:29.126+0000] {processor.py:157} INFO - Started process (PID=227) to work on /opt/airflow/dags/my_first_dag.py
[2025-05-02T12:32:29.133+0000] {processor.py:826} INFO - Processing file /opt/airflow/dags/my_first_dag.py for tasks to queue
[2025-05-02T12:32:29.133+0000] {logging_mixin.py:150} INFO - [2025-05-02T12:32:29.133+0000] {dagbag.py:541} INFO - Filling up the DagBag from /opt/airflow/dags/my_first_dag.py
[2025-05-02T12:32:29.141+0000] {processor.py:836} INFO - DAG(s) dict_keys(['first_dag']) retrieved from /opt/airflow/dags/my_first_dag.py
[2025-05-02T12:32:29.159+0000] {logging_mixin.py:150} INFO - [2025-05-02T12:32:29.159+0000] {dag.py:2742} INFO - Sync 1 DAGs
[2025-05-02T12:32:29.176+0000] {logging_mixin.py:150} INFO - [2025-05-02T12:32:29.176+0000] {dag.py:3508} INFO - Setting next_dagrun for first_dag to 2021-01-20T00:00:00+00:00, run_after=2021-01-21T00:00:00+00:00
[2025-05-02T12:32:29.189+0000] {processor.py:179} INFO - Processing /opt/airflow/dags/my_first_dag.py took 0.065 seconds
[2025-05-02T12:32:59.232+0000] {processor.py:157} INFO - Started process (PID=232) to work on /opt/airflow/dags/my_first_dag.py
[2025-05-02T12:32:59.233+0000] {processor.py:826} INFO - Processing file /opt/airflow/dags/my_first_dag.py for tasks to queue
[2025-05-02T12:32:59.234+0000] {logging_mixin.py:150} INFO - [2025-05-02T12:32:59.234+0000] {dagbag.py:541} INFO - Filling up the DagBag from /opt/airflow/dags/my_first_dag.py
[2025-05-02T12:32:59.242+0000] {processor.py:836} INFO - DAG(s) dict_keys(['first_dag']) retrieved from /opt/airflow/dags/my_first_dag.py
[2025-05-02T12:32:59.262+0000] {logging_mixin.py:150} INFO - [2025-05-02T12:32:59.262+0000] {dag.py:2742} INFO - Sync 1 DAGs
[2025-05-02T12:32:59.283+0000] {logging_mixin.py:150} INFO - [2025-05-02T12:32:59.282+0000] {dag.py:3508} INFO - Setting next_dagrun for first_dag to 2021-01-20T00:00:00+00:00, run_after=2021-01-21T00:00:00+00:00
[2025-05-02T12:32:59.296+0000] {processor.py:179} INFO - Processing /opt/airflow/dags/my_first_dag.py took 0.066 seconds
[2025-05-02T12:33:29.362+0000] {processor.py:157} INFO - Started process (PID=237) to work on /opt/airflow/dags/my_first_dag.py
[2025-05-02T12:33:29.362+0000] {processor.py:826} INFO - Processing file /opt/airflow/dags/my_first_dag.py for tasks to queue
[2025-05-02T12:33:29.363+0000] {logging_mixin.py:150} INFO - [2025-05-02T12:33:29.363+0000] {dagbag.py:541} INFO - Filling up the DagBag from /opt/airflow/dags/my_first_dag.py
[2025-05-02T12:33:29.370+0000] {processor.py:836} INFO - DAG(s) dict_keys(['first_dag']) retrieved from /opt/airflow/dags/my_first_dag.py
[2025-05-02T12:33:29.389+0000] {logging_mixin.py:150} INFO - [2025-05-02T12:33:29.389+0000] {dag.py:2742} INFO - Sync 1 DAGs
[2025-05-02T12:33:29.409+0000] {logging_mixin.py:150} INFO - [2025-05-02T12:33:29.409+0000] {dag.py:3508} INFO - Setting next_dagrun for first_dag to 2021-01-20T00:00:00+00:00, run_after=2021-01-21T00:00:00+00:00
[2025-05-02T12:33:29.422+0000] {processor.py:179} INFO - Processing /opt/airflow/dags/my_first_dag.py took 0.062 seconds
[2025-05-02T12:33:59.468+0000] {processor.py:157} INFO - Started process (PID=242) to work on /opt/airflow/dags/my_first_dag.py
[2025-05-02T12:33:59.468+0000] {processor.py:826} INFO - Processing file /opt/airflow/dags/my_first_dag.py for tasks to queue
[2025-05-02T12:33:59.469+0000] {logging_mixin.py:150} INFO - [2025-05-02T12:33:59.469+0000] {dagbag.py:541} INFO - Filling up the DagBag from /opt/airflow/dags/my_first_dag.py
[2025-05-02T12:33:59.476+0000] {processor.py:836} INFO - DAG(s) dict_keys(['first_dag']) retrieved from /opt/airflow/dags/my_first_dag.py
[2025-05-02T12:33:59.495+0000] {logging_mixin.py:150} INFO - [2025-05-02T12:33:59.494+0000] {dag.py:2742} INFO - Sync 1 DAGs
[2025-05-02T12:33:59.511+0000] {logging_mixin.py:150} INFO - [2025-05-02T12:33:59.511+0000] {dag.py:3508} INFO - Setting next_dagrun for first_dag to 2021-01-20T00:00:00+00:00, run_after=2021-01-21T00:00:00+00:00
[2025-05-02T12:33:59.523+0000] {processor.py:179} INFO - Processing /opt/airflow/dags/my_first_dag.py took 0.058 seconds
[2025-05-02T12:34:29.595+0000] {processor.py:157} INFO - Started process (PID=247) to work on /opt/airflow/dags/my_first_dag.py
[2025-05-02T12:34:29.595+0000] {processor.py:826} INFO - Processing file /opt/airflow/dags/my_first_dag.py for tasks to queue
[2025-05-02T12:34:29.596+0000] {logging_mixin.py:150} INFO - [2025-05-02T12:34:29.596+0000] {dagbag.py:541} INFO - Filling up the DagBag from /opt/airflow/dags/my_first_dag.py
[2025-05-02T12:34:29.603+0000] {processor.py:836} INFO - DAG(s) dict_keys(['first_dag']) retrieved from /opt/airflow/dags/my_first_dag.py
[2025-05-02T12:34:29.621+0000] {logging_mixin.py:150} INFO - [2025-05-02T12:34:29.621+0000] {dag.py:2742} INFO - Sync 1 DAGs
[2025-05-02T12:34:29.640+0000] {logging_mixin.py:150} INFO - [2025-05-02T12:34:29.640+0000] {dag.py:3508} INFO - Setting next_dagrun for first_dag to 2021-01-20T00:00:00+00:00, run_after=2021-01-21T00:00:00+00:00
[2025-05-02T12:34:29.653+0000] {processor.py:179} INFO - Processing /opt/airflow/dags/my_first_dag.py took 0.060 seconds
[2025-05-02T12:34:59.705+0000] {processor.py:157} INFO - Started process (PID=252) to work on /opt/airflow/dags/my_first_dag.py
[2025-05-02T12:34:59.705+0000] {processor.py:826} INFO - Processing file /opt/airflow/dags/my_first_dag.py for tasks to queue
[2025-05-02T12:34:59.706+0000] {logging_mixin.py:150} INFO - [2025-05-02T12:34:59.705+0000] {dagbag.py:541} INFO - Filling up the DagBag from /opt/airflow/dags/my_first_dag.py
[2025-05-02T12:34:59.713+0000] {processor.py:836} INFO - DAG(s) dict_keys(['first_dag']) retrieved from /opt/airflow/dags/my_first_dag.py
[2025-05-02T12:34:59.730+0000] {logging_mixin.py:150} INFO - [2025-05-02T12:34:59.730+0000] {dag.py:2742} INFO - Sync 1 DAGs
[2025-05-02T12:34:59.748+0000] {logging_mixin.py:150} INFO - [2025-05-02T12:34:59.748+0000] {dag.py:3508} INFO - Setting next_dagrun for first_dag to 2021-01-20T00:00:00+00:00, run_after=2021-01-21T00:00:00+00:00
[2025-05-02T12:34:59.760+0000] {processor.py:179} INFO - Processing /opt/airflow/dags/my_first_dag.py took 0.058 seconds
[2025-05-02T12:35:29.822+0000] {processor.py:157} INFO - Started process (PID=257) to work on /opt/airflow/dags/my_first_dag.py
[2025-05-02T12:35:29.829+0000] {processor.py:826} INFO - Processing file /opt/airflow/dags/my_first_dag.py for tasks to queue
[2025-05-02T12:35:29.829+0000] {logging_mixin.py:150} INFO - [2025-05-02T12:35:29.829+0000] {dagbag.py:541} INFO - Filling up the DagBag from /opt/airflow/dags/my_first_dag.py
[2025-05-02T12:35:29.836+0000] {processor.py:836} INFO - DAG(s) dict_keys(['first_dag']) retrieved from /opt/airflow/dags/my_first_dag.py
[2025-05-02T12:35:29.857+0000] {logging_mixin.py:150} INFO - [2025-05-02T12:35:29.857+0000] {dag.py:2742} INFO - Sync 1 DAGs
[2025-05-02T12:35:29.876+0000] {logging_mixin.py:150} INFO - [2025-05-02T12:35:29.876+0000] {dag.py:3508} INFO - Setting next_dagrun for first_dag to 2021-01-20T00:00:00+00:00, run_after=2021-01-21T00:00:00+00:00
[2025-05-02T12:35:29.890+0000] {processor.py:179} INFO - Processing /opt/airflow/dags/my_first_dag.py took 0.069 seconds
[2025-05-02T12:35:59.931+0000] {processor.py:157} INFO - Started process (PID=262) to work on /opt/airflow/dags/my_first_dag.py
[2025-05-02T12:35:59.932+0000] {processor.py:826} INFO - Processing file /opt/airflow/dags/my_first_dag.py for tasks to queue
[2025-05-02T12:35:59.932+0000] {logging_mixin.py:150} INFO - [2025-05-02T12:35:59.932+0000] {dagbag.py:541} INFO - Filling up the DagBag from /opt/airflow/dags/my_first_dag.py
[2025-05-02T12:35:59.940+0000] {processor.py:836} INFO - DAG(s) dict_keys(['first_dag']) retrieved from /opt/airflow/dags/my_first_dag.py
[2025-05-02T12:35:59.958+0000] {logging_mixin.py:150} INFO - [2025-05-02T12:35:59.958+0000] {dag.py:2742} INFO - Sync 1 DAGs
[2025-05-02T12:35:59.975+0000] {logging_mixin.py:150} INFO - [2025-05-02T12:35:59.975+0000] {dag.py:3508} INFO - Setting next_dagrun for first_dag to 2021-01-20T00:00:00+00:00, run_after=2021-01-21T00:00:00+00:00
[2025-05-02T12:35:59.987+0000] {processor.py:179} INFO - Processing /opt/airflow/dags/my_first_dag.py took 0.058 seconds
[2025-05-02T12:36:30.063+0000] {processor.py:157} INFO - Started process (PID=267) to work on /opt/airflow/dags/my_first_dag.py
[2025-05-02T12:36:30.064+0000] {processor.py:826} INFO - Processing file /opt/airflow/dags/my_first_dag.py for tasks to queue
[2025-05-02T12:36:30.064+0000] {logging_mixin.py:150} INFO - [2025-05-02T12:36:30.064+0000] {dagbag.py:541} INFO - Filling up the DagBag from /opt/airflow/dags/my_first_dag.py
[2025-05-02T12:36:30.071+0000] {processor.py:836} INFO - DAG(s) dict_keys(['first_dag']) retrieved from /opt/airflow/dags/my_first_dag.py
[2025-05-02T12:36:30.088+0000] {logging_mixin.py:150} INFO - [2025-05-02T12:36:30.088+0000] {dag.py:2742} INFO - Sync 1 DAGs
[2025-05-02T12:36:30.105+0000] {logging_mixin.py:150} INFO - [2025-05-02T12:36:30.105+0000] {dag.py:3508} INFO - Setting next_dagrun for first_dag to 2021-01-20T00:00:00+00:00, run_after=2021-01-21T00:00:00+00:00
[2025-05-02T12:36:30.116+0000] {processor.py:179} INFO - Processing /opt/airflow/dags/my_first_dag.py took 0.055 seconds
[2025-05-02T12:37:00.169+0000] {processor.py:157} INFO - Started process (PID=272) to work on /opt/airflow/dags/my_first_dag.py
[2025-05-02T12:37:00.170+0000] {processor.py:826} INFO - Processing file /opt/airflow/dags/my_first_dag.py for tasks to queue
[2025-05-02T12:37:00.170+0000] {logging_mixin.py:150} INFO - [2025-05-02T12:37:00.170+0000] {dagbag.py:541} INFO - Filling up the DagBag from /opt/airflow/dags/my_first_dag.py
[2025-05-02T12:37:00.177+0000] {processor.py:836} INFO - DAG(s) dict_keys(['first_dag']) retrieved from /opt/airflow/dags/my_first_dag.py
[2025-05-02T12:37:00.195+0000] {logging_mixin.py:150} INFO - [2025-05-02T12:37:00.195+0000] {dag.py:2742} INFO - Sync 1 DAGs
[2025-05-02T12:37:00.212+0000] {logging_mixin.py:150} INFO - [2025-05-02T12:37:00.212+0000] {dag.py:3508} INFO - Setting next_dagrun for first_dag to 2021-01-20T00:00:00+00:00, run_after=2021-01-21T00:00:00+00:00
[2025-05-02T12:37:00.224+0000] {processor.py:179} INFO - Processing /opt/airflow/dags/my_first_dag.py took 0.057 seconds
[2025-05-02T12:37:30.279+0000] {processor.py:157} INFO - Started process (PID=277) to work on /opt/airflow/dags/my_first_dag.py
[2025-05-02T12:37:30.280+0000] {processor.py:826} INFO - Processing file /opt/airflow/dags/my_first_dag.py for tasks to queue
[2025-05-02T12:37:30.280+0000] {logging_mixin.py:150} INFO - [2025-05-02T12:37:30.280+0000] {dagbag.py:541} INFO - Filling up the DagBag from /opt/airflow/dags/my_first_dag.py
[2025-05-02T12:37:30.288+0000] {processor.py:836} INFO - DAG(s) dict_keys(['first_dag']) retrieved from /opt/airflow/dags/my_first_dag.py
[2025-05-02T12:37:30.305+0000] {logging_mixin.py:150} INFO - [2025-05-02T12:37:30.305+0000] {dag.py:2742} INFO - Sync 1 DAGs
[2025-05-02T12:37:30.322+0000] {logging_mixin.py:150} INFO - [2025-05-02T12:37:30.322+0000] {dag.py:3508} INFO - Setting next_dagrun for first_dag to 2021-01-20T00:00:00+00:00, run_after=2021-01-21T00:00:00+00:00
[2025-05-02T12:37:30.334+0000] {processor.py:179} INFO - Processing /opt/airflow/dags/my_first_dag.py took 0.057 seconds
[2025-05-02T12:38:00.372+0000] {processor.py:157} INFO - Started process (PID=282) to work on /opt/airflow/dags/my_first_dag.py
[2025-05-02T12:38:00.372+0000] {processor.py:826} INFO - Processing file /opt/airflow/dags/my_first_dag.py for tasks to queue
[2025-05-02T12:38:00.373+0000] {logging_mixin.py:150} INFO - [2025-05-02T12:38:00.372+0000] {dagbag.py:541} INFO - Filling up the DagBag from /opt/airflow/dags/my_first_dag.py
[2025-05-02T12:38:00.380+0000] {processor.py:836} INFO - DAG(s) dict_keys(['first_dag']) retrieved from /opt/airflow/dags/my_first_dag.py
[2025-05-02T12:38:00.400+0000] {logging_mixin.py:150} INFO - [2025-05-02T12:38:00.400+0000] {dag.py:2742} INFO - Sync 1 DAGs
[2025-05-02T12:38:00.419+0000] {logging_mixin.py:150} INFO - [2025-05-02T12:38:00.418+0000] {dag.py:3508} INFO - Setting next_dagrun for first_dag to 2021-01-20T00:00:00+00:00, run_after=2021-01-21T00:00:00+00:00
[2025-05-02T12:38:00.431+0000] {processor.py:179} INFO - Processing /opt/airflow/dags/my_first_dag.py took 0.062 seconds
[2025-05-02T12:38:30.472+0000] {processor.py:157} INFO - Started process (PID=287) to work on /opt/airflow/dags/my_first_dag.py
[2025-05-02T12:38:30.479+0000] {processor.py:826} INFO - Processing file /opt/airflow/dags/my_first_dag.py for tasks to queue
[2025-05-02T12:38:30.479+0000] {logging_mixin.py:150} INFO - [2025-05-02T12:38:30.479+0000] {dagbag.py:541} INFO - Filling up the DagBag from /opt/airflow/dags/my_first_dag.py
[2025-05-02T12:38:30.487+0000] {processor.py:836} INFO - DAG(s) dict_keys(['first_dag']) retrieved from /opt/airflow/dags/my_first_dag.py
[2025-05-02T12:38:30.505+0000] {logging_mixin.py:150} INFO - [2025-05-02T12:38:30.505+0000] {dag.py:2742} INFO - Sync 1 DAGs
[2025-05-02T12:38:30.522+0000] {logging_mixin.py:150} INFO - [2025-05-02T12:38:30.522+0000] {dag.py:3508} INFO - Setting next_dagrun for first_dag to 2021-01-20T00:00:00+00:00, run_after=2021-01-21T00:00:00+00:00
[2025-05-02T12:38:30.535+0000] {processor.py:179} INFO - Processing /opt/airflow/dags/my_first_dag.py took 0.065 seconds
[2025-05-02T12:39:00.570+0000] {processor.py:157} INFO - Started process (PID=292) to work on /opt/airflow/dags/my_first_dag.py
[2025-05-02T12:39:00.571+0000] {processor.py:826} INFO - Processing file /opt/airflow/dags/my_first_dag.py for tasks to queue
[2025-05-02T12:39:00.571+0000] {logging_mixin.py:150} INFO - [2025-05-02T12:39:00.571+0000] {dagbag.py:541} INFO - Filling up the DagBag from /opt/airflow/dags/my_first_dag.py
[2025-05-02T12:39:00.578+0000] {processor.py:836} INFO - DAG(s) dict_keys(['first_dag']) retrieved from /opt/airflow/dags/my_first_dag.py
[2025-05-02T12:39:00.595+0000] {logging_mixin.py:150} INFO - [2025-05-02T12:39:00.595+0000] {dag.py:2742} INFO - Sync 1 DAGs
[2025-05-02T12:39:00.614+0000] {logging_mixin.py:150} INFO - [2025-05-02T12:39:00.614+0000] {dag.py:3508} INFO - Setting next_dagrun for first_dag to 2021-01-20T00:00:00+00:00, run_after=2021-01-21T00:00:00+00:00
[2025-05-02T12:39:00.626+0000] {processor.py:179} INFO - Processing /opt/airflow/dags/my_first_dag.py took 0.058 seconds
[2025-05-02T12:39:30.678+0000] {processor.py:157} INFO - Started process (PID=297) to work on /opt/airflow/dags/my_first_dag.py
[2025-05-02T12:39:30.685+0000] {processor.py:826} INFO - Processing file /opt/airflow/dags/my_first_dag.py for tasks to queue
[2025-05-02T12:39:30.686+0000] {logging_mixin.py:150} INFO - [2025-05-02T12:39:30.686+0000] {dagbag.py:541} INFO - Filling up the DagBag from /opt/airflow/dags/my_first_dag.py
[2025-05-02T12:39:30.693+0000] {processor.py:836} INFO - DAG(s) dict_keys(['first_dag']) retrieved from /opt/airflow/dags/my_first_dag.py
[2025-05-02T12:39:30.710+0000] {logging_mixin.py:150} INFO - [2025-05-02T12:39:30.710+0000] {dag.py:2742} INFO - Sync 1 DAGs
[2025-05-02T12:39:30.726+0000] {logging_mixin.py:150} INFO - [2025-05-02T12:39:30.726+0000] {dag.py:3508} INFO - Setting next_dagrun for first_dag to 2021-01-20T00:00:00+00:00, run_after=2021-01-21T00:00:00+00:00
[2025-05-02T12:39:30.738+0000] {processor.py:179} INFO - Processing /opt/airflow/dags/my_first_dag.py took 0.061 seconds
[2025-05-02T12:40:00.766+0000] {processor.py:157} INFO - Started process (PID=302) to work on /opt/airflow/dags/my_first_dag.py
[2025-05-02T12:40:00.766+0000] {processor.py:826} INFO - Processing file /opt/airflow/dags/my_first_dag.py for tasks to queue
[2025-05-02T12:40:00.766+0000] {logging_mixin.py:150} INFO - [2025-05-02T12:40:00.766+0000] {dagbag.py:541} INFO - Filling up the DagBag from /opt/airflow/dags/my_first_dag.py
[2025-05-02T12:40:00.774+0000] {processor.py:836} INFO - DAG(s) dict_keys(['first_dag']) retrieved from /opt/airflow/dags/my_first_dag.py
[2025-05-02T12:40:00.792+0000] {logging_mixin.py:150} INFO - [2025-05-02T12:40:00.792+0000] {dag.py:2742} INFO - Sync 1 DAGs
[2025-05-02T12:40:00.809+0000] {logging_mixin.py:150} INFO - [2025-05-02T12:40:00.809+0000] {dag.py:3508} INFO - Setting next_dagrun for first_dag to 2021-01-20T00:00:00+00:00, run_after=2021-01-21T00:00:00+00:00
[2025-05-02T12:40:00.820+0000] {processor.py:179} INFO - Processing /opt/airflow/dags/my_first_dag.py took 0.057 seconds
[2025-05-02T12:40:30.871+0000] {processor.py:157} INFO - Started process (PID=307) to work on /opt/airflow/dags/my_first_dag.py
[2025-05-02T12:40:30.872+0000] {processor.py:826} INFO - Processing file /opt/airflow/dags/my_first_dag.py for tasks to queue
[2025-05-02T12:40:30.872+0000] {logging_mixin.py:150} INFO - [2025-05-02T12:40:30.872+0000] {dagbag.py:541} INFO - Filling up the DagBag from /opt/airflow/dags/my_first_dag.py
[2025-05-02T12:40:30.879+0000] {processor.py:836} INFO - DAG(s) dict_keys(['first_dag']) retrieved from /opt/airflow/dags/my_first_dag.py
[2025-05-02T12:40:30.896+0000] {logging_mixin.py:150} INFO - [2025-05-02T12:40:30.896+0000] {dag.py:2742} INFO - Sync 1 DAGs
[2025-05-02T12:40:30.912+0000] {logging_mixin.py:150} INFO - [2025-05-02T12:40:30.912+0000] {dag.py:3508} INFO - Setting next_dagrun for first_dag to 2021-01-20T00:00:00+00:00, run_after=2021-01-21T00:00:00+00:00
[2025-05-02T12:40:30.924+0000] {processor.py:179} INFO - Processing /opt/airflow/dags/my_first_dag.py took 0.054 seconds
[2025-05-02T12:41:00.958+0000] {processor.py:157} INFO - Started process (PID=312) to work on /opt/airflow/dags/my_first_dag.py
[2025-05-02T12:41:00.958+0000] {processor.py:826} INFO - Processing file /opt/airflow/dags/my_first_dag.py for tasks to queue
[2025-05-02T12:41:00.959+0000] {logging_mixin.py:150} INFO - [2025-05-02T12:41:00.959+0000] {dagbag.py:541} INFO - Filling up the DagBag from /opt/airflow/dags/my_first_dag.py
[2025-05-02T12:41:00.969+0000] {processor.py:836} INFO - DAG(s) dict_keys(['first_dag']) retrieved from /opt/airflow/dags/my_first_dag.py
[2025-05-02T12:41:00.992+0000] {logging_mixin.py:150} INFO - [2025-05-02T12:41:00.992+0000] {dag.py:2742} INFO - Sync 1 DAGs
[2025-05-02T12:41:01.012+0000] {logging_mixin.py:150} INFO - [2025-05-02T12:41:01.012+0000] {dag.py:3508} INFO - Setting next_dagrun for first_dag to 2021-01-20T00:00:00+00:00, run_after=2021-01-21T00:00:00+00:00
[2025-05-02T12:41:01.026+0000] {processor.py:179} INFO - Processing /opt/airflow/dags/my_first_dag.py took 0.071 seconds
[2025-05-02T12:41:31.075+0000] {processor.py:157} INFO - Started process (PID=317) to work on /opt/airflow/dags/my_first_dag.py
[2025-05-02T12:41:31.076+0000] {processor.py:826} INFO - Processing file /opt/airflow/dags/my_first_dag.py for tasks to queue
[2025-05-02T12:41:31.076+0000] {logging_mixin.py:150} INFO - [2025-05-02T12:41:31.076+0000] {dagbag.py:541} INFO - Filling up the DagBag from /opt/airflow/dags/my_first_dag.py
[2025-05-02T12:41:31.083+0000] {processor.py:836} INFO - DAG(s) dict_keys(['first_dag']) retrieved from /opt/airflow/dags/my_first_dag.py
[2025-05-02T12:41:31.101+0000] {logging_mixin.py:150} INFO - [2025-05-02T12:41:31.101+0000] {dag.py:2742} INFO - Sync 1 DAGs
[2025-05-02T12:41:31.119+0000] {logging_mixin.py:150} INFO - [2025-05-02T12:41:31.118+0000] {dag.py:3508} INFO - Setting next_dagrun for first_dag to 2021-01-20T00:00:00+00:00, run_after=2021-01-21T00:00:00+00:00
[2025-05-02T12:41:31.130+0000] {processor.py:179} INFO - Processing /opt/airflow/dags/my_first_dag.py took 0.057 seconds
[2025-05-02T12:42:01.168+0000] {processor.py:157} INFO - Started process (PID=322) to work on /opt/airflow/dags/my_first_dag.py
[2025-05-02T12:42:01.169+0000] {processor.py:826} INFO - Processing file /opt/airflow/dags/my_first_dag.py for tasks to queue
[2025-05-02T12:42:01.169+0000] {logging_mixin.py:150} INFO - [2025-05-02T12:42:01.169+0000] {dagbag.py:541} INFO - Filling up the DagBag from /opt/airflow/dags/my_first_dag.py
[2025-05-02T12:42:01.177+0000] {processor.py:836} INFO - DAG(s) dict_keys(['first_dag']) retrieved from /opt/airflow/dags/my_first_dag.py
[2025-05-02T12:42:01.194+0000] {logging_mixin.py:150} INFO - [2025-05-02T12:42:01.194+0000] {dag.py:2742} INFO - Sync 1 DAGs
[2025-05-02T12:42:01.211+0000] {logging_mixin.py:150} INFO - [2025-05-02T12:42:01.211+0000] {dag.py:3508} INFO - Setting next_dagrun for first_dag to 2021-01-20T00:00:00+00:00, run_after=2021-01-21T00:00:00+00:00
[2025-05-02T12:42:01.223+0000] {processor.py:179} INFO - Processing /opt/airflow/dags/my_first_dag.py took 0.056 seconds
