[2025-06-03T15:20:05.653+0000] {taskinstance.py:1103} INFO - Dependencies all met for dep_context=non-requeueable deps ti=<TaskInstance: usd_rate_fetcher.fetch_data_from_api scheduled__2020-02-03T00:00:00+00:00 [queued]>
[2025-06-03T15:20:05.667+0000] {taskinstance.py:1103} INFO - Dependencies all met for dep_context=requeueable deps ti=<TaskInstance: usd_rate_fetcher.fetch_data_from_api scheduled__2020-02-03T00:00:00+00:00 [queued]>
[2025-06-03T15:20:05.667+0000] {taskinstance.py:1308} INFO - Starting attempt 1 of 3
[2025-06-03T15:20:05.702+0000] {taskinstance.py:1327} INFO - Executing <Task(_PythonDecoratedOperator): fetch_data_from_api> on 2020-02-03 00:00:00+00:00
[2025-06-03T15:20:05.709+0000] {standard_task_runner.py:57} INFO - Started process 14605 to run task
[2025-06-03T15:20:05.724+0000] {standard_task_runner.py:84} INFO - Running: ['***', 'tasks', 'run', 'usd_rate_fetcher', 'fetch_data_from_api', 'scheduled__2020-02-03T00:00:00+00:00', '--job-id', '8662', '--raw', '--subdir', 'DAGS_FOLDER/usd_rate_fetcher.py', '--cfg-path', '/tmp/tmpu522glgy']
[2025-06-03T15:20:05.726+0000] {standard_task_runner.py:85} INFO - Job 8662: Subtask fetch_data_from_api
[2025-06-03T15:20:05.777+0000] {task_command.py:410} INFO - Running <TaskInstance: usd_rate_fetcher.fetch_data_from_api scheduled__2020-02-03T00:00:00+00:00 [running]> on host 40869fde016f
[2025-06-03T15:20:06.067+0000] {logging_mixin.py:150} WARNING - /home/***/.local/lib/python3.7/site-packages/***/utils/context.py:205 AirflowContextDeprecationWarning: Accessing 'execution_date' from the template is deprecated and will be removed in a future version. Please use 'data_interval_start' or 'logical_date' instead.
[2025-06-03T15:20:06.158+0000] {taskinstance.py:1547} INFO - Exporting env vars: AIRFLOW_CTX_DAG_OWNER='***' AIRFLOW_CTX_DAG_ID='usd_rate_fetcher' AIRFLOW_CTX_TASK_ID='fetch_data_from_api' AIRFLOW_CTX_EXECUTION_DATE='2020-02-03T00:00:00+00:00' AIRFLOW_CTX_TRY_NUMBER='1' AIRFLOW_CTX_DAG_RUN_ID='scheduled__2020-02-03T00:00:00+00:00'
[2025-06-03T15:20:06.176+0000] {usd_rate_fetcher.py:34} INFO - Переменная ['Доллар США', 'Евро', 'Гонконгский доллар', 'Юань', 'Фунт стерлингов']
[2025-06-03T15:20:06.186+0000] {usd_rate_fetcher.py:53} INFO - Fetching data for date: 03/02/2020
[2025-06-03T15:20:06.259+0000] {python.py:183} INFO - Done. Returned value was: {'date': datetime.date(2020, 2, 3), 'content': [{'Фунт стерлингов': 82.964}, {'Доллар США': 63.1385}, {'Евро': 69.5976}]}
[2025-06-03T15:20:06.287+0000] {taskinstance.py:1350} INFO - Marking task as SUCCESS. dag_id=usd_rate_fetcher, task_id=fetch_data_from_api, execution_date=20200203T000000, start_date=20250603T152005, end_date=20250603T152006
[2025-06-03T15:20:06.346+0000] {local_task_job_runner.py:225} INFO - Task exited with return code 0
[2025-06-03T15:20:06.400+0000] {taskinstance.py:2653} INFO - 1 downstream tasks scheduled from follow-on schedule check
[2025-06-03T15:27:21.903+0000] {taskinstance.py:1103} INFO - Dependencies all met for dep_context=non-requeueable deps ti=<TaskInstance: usd_rate_fetcher.fetch_data_from_api scheduled__2020-02-03T00:00:00+00:00 [queued]>
[2025-06-03T15:27:21.912+0000] {taskinstance.py:1103} INFO - Dependencies all met for dep_context=requeueable deps ti=<TaskInstance: usd_rate_fetcher.fetch_data_from_api scheduled__2020-02-03T00:00:00+00:00 [queued]>
[2025-06-03T15:27:21.913+0000] {taskinstance.py:1308} INFO - Starting attempt 1 of 3
[2025-06-03T15:27:21.928+0000] {taskinstance.py:1327} INFO - Executing <Task(_PythonDecoratedOperator): fetch_data_from_api> on 2020-02-03 00:00:00+00:00
[2025-06-03T15:27:21.934+0000] {standard_task_runner.py:57} INFO - Started process 17120 to run task
[2025-06-03T15:27:21.955+0000] {standard_task_runner.py:84} INFO - Running: ['***', 'tasks', 'run', 'usd_rate_fetcher', 'fetch_data_from_api', 'scheduled__2020-02-03T00:00:00+00:00', '--job-id', '8818', '--raw', '--subdir', 'DAGS_FOLDER/usd_rate_fetcher.py', '--cfg-path', '/tmp/tmpv068eka7']
[2025-06-03T15:27:21.957+0000] {standard_task_runner.py:85} INFO - Job 8818: Subtask fetch_data_from_api
[2025-06-03T15:27:22.042+0000] {task_command.py:410} INFO - Running <TaskInstance: usd_rate_fetcher.fetch_data_from_api scheduled__2020-02-03T00:00:00+00:00 [running]> on host 40869fde016f
[2025-06-03T15:27:22.246+0000] {logging_mixin.py:150} WARNING - /home/***/.local/lib/python3.7/site-packages/***/utils/context.py:205 AirflowContextDeprecationWarning: Accessing 'execution_date' from the template is deprecated and will be removed in a future version. Please use 'data_interval_start' or 'logical_date' instead.
[2025-06-03T15:27:22.287+0000] {taskinstance.py:1547} INFO - Exporting env vars: AIRFLOW_CTX_DAG_OWNER='***' AIRFLOW_CTX_DAG_ID='usd_rate_fetcher' AIRFLOW_CTX_TASK_ID='fetch_data_from_api' AIRFLOW_CTX_EXECUTION_DATE='2020-02-03T00:00:00+00:00' AIRFLOW_CTX_TRY_NUMBER='1' AIRFLOW_CTX_DAG_RUN_ID='scheduled__2020-02-03T00:00:00+00:00'
[2025-06-03T15:27:22.297+0000] {usd_rate_fetcher.py:34} INFO - Переменная ['USD', 'EUR', 'HKD', 'CNY', 'GBP']
[2025-06-03T15:27:22.303+0000] {usd_rate_fetcher.py:53} INFO - Fetching data for date: 03/02/2020
[2025-06-03T15:27:22.366+0000] {python.py:183} INFO - Done. Returned value was: {'date': datetime.date(2020, 2, 3), 'content': [{'GBP': 82.964}, {'HKD': 81.2667}, {'USD': 63.1385}, {'EUR': 69.5976}, {'CNY': 91.0209}]}
[2025-06-03T15:27:22.401+0000] {taskinstance.py:1350} INFO - Marking task as SUCCESS. dag_id=usd_rate_fetcher, task_id=fetch_data_from_api, execution_date=20200203T000000, start_date=20250603T152721, end_date=20250603T152722
[2025-06-03T15:27:22.474+0000] {local_task_job_runner.py:225} INFO - Task exited with return code 0
[2025-06-03T15:27:22.585+0000] {taskinstance.py:2653} INFO - 0 downstream tasks scheduled from follow-on schedule check
