[2025-06-03T15:20:08.294+0000] {taskinstance.py:1103} INFO - Dependencies all met for dep_context=non-requeueable deps ti=<TaskInstance: usd_rate_fetcher.save_data_to_db scheduled__2020-02-08T00:00:00+00:00 [queued]>
[2025-06-03T15:20:08.302+0000] {taskinstance.py:1103} INFO - Dependencies all met for dep_context=requeueable deps ti=<TaskInstance: usd_rate_fetcher.save_data_to_db scheduled__2020-02-08T00:00:00+00:00 [queued]>
[2025-06-03T15:20:08.302+0000] {taskinstance.py:1308} INFO - Starting attempt 1 of 3
[2025-06-03T15:20:08.315+0000] {taskinstance.py:1327} INFO - Executing <Task(_PythonDecoratedOperator): save_data_to_db> on 2020-02-08 00:00:00+00:00
[2025-06-03T15:20:08.320+0000] {standard_task_runner.py:57} INFO - Started process 14857 to run task
[2025-06-03T15:20:08.323+0000] {standard_task_runner.py:84} INFO - Running: ['***', 'tasks', 'run', 'usd_rate_fetcher', 'save_data_to_db', 'scheduled__2020-02-08T00:00:00+00:00', '--job-id', '8681', '--raw', '--subdir', 'DAGS_FOLDER/usd_rate_fetcher.py', '--cfg-path', '/tmp/tmp5pq8p2im']
[2025-06-03T15:20:08.324+0000] {standard_task_runner.py:85} INFO - Job 8681: Subtask save_data_to_db
[2025-06-03T15:20:08.362+0000] {task_command.py:410} INFO - Running <TaskInstance: usd_rate_fetcher.save_data_to_db scheduled__2020-02-08T00:00:00+00:00 [running]> on host 40869fde016f
[2025-06-03T15:20:08.418+0000] {logging_mixin.py:150} WARNING - /home/***/.local/lib/python3.7/site-packages/***/utils/context.py:205 AirflowContextDeprecationWarning: Accessing 'execution_date' from the template is deprecated and will be removed in a future version. Please use 'data_interval_start' or 'logical_date' instead.
[2025-06-03T15:20:08.450+0000] {taskinstance.py:1547} INFO - Exporting env vars: AIRFLOW_CTX_DAG_OWNER='***' AIRFLOW_CTX_DAG_ID='usd_rate_fetcher' AIRFLOW_CTX_TASK_ID='save_data_to_db' AIRFLOW_CTX_EXECUTION_DATE='2020-02-08T00:00:00+00:00' AIRFLOW_CTX_TRY_NUMBER='1' AIRFLOW_CTX_DAG_RUN_ID='scheduled__2020-02-08T00:00:00+00:00'
[2025-06-03T15:20:08.451+0000] {usd_rate_fetcher.py:80} INFO - Received USD rate: {'date': datetime.date(2020, 2, 8), 'content': [{'Фунт стерлингов': 82.0756}, {'Доллар США': 63.472}, {'Евро': 69.6288}]} for date 2020-02-08
[2025-06-03T15:20:08.457+0000] {base.py:73} INFO - Using connection ID 'pg_database' for task execution.
[2025-06-03T15:20:08.461+0000] {usd_rate_fetcher.py:103} INFO - Saved 82.08 for Фунт стерлингов on 2020-02-08
[2025-06-03T15:20:08.461+0000] {usd_rate_fetcher.py:103} INFO - Saved 63.47 for Доллар США on 2020-02-08
[2025-06-03T15:20:08.462+0000] {usd_rate_fetcher.py:103} INFO - Saved 69.63 for Евро on 2020-02-08
[2025-06-03T15:20:08.463+0000] {python.py:183} INFO - Done. Returned value was: None
[2025-06-03T15:20:08.469+0000] {taskinstance.py:1350} INFO - Marking task as SUCCESS. dag_id=usd_rate_fetcher, task_id=save_data_to_db, execution_date=20200208T000000, start_date=20250603T152008, end_date=20250603T152008
[2025-06-03T15:20:08.495+0000] {local_task_job_runner.py:225} INFO - Task exited with return code 0
[2025-06-03T15:20:08.511+0000] {taskinstance.py:2653} INFO - 0 downstream tasks scheduled from follow-on schedule check
[2025-06-03T15:27:24.711+0000] {taskinstance.py:1103} INFO - Dependencies all met for dep_context=non-requeueable deps ti=<TaskInstance: usd_rate_fetcher.save_data_to_db scheduled__2020-02-08T00:00:00+00:00 [queued]>
[2025-06-03T15:27:24.721+0000] {taskinstance.py:1103} INFO - Dependencies all met for dep_context=requeueable deps ti=<TaskInstance: usd_rate_fetcher.save_data_to_db scheduled__2020-02-08T00:00:00+00:00 [queued]>
[2025-06-03T15:27:24.721+0000] {taskinstance.py:1308} INFO - Starting attempt 1 of 3
[2025-06-03T15:27:24.740+0000] {taskinstance.py:1327} INFO - Executing <Task(_PythonDecoratedOperator): save_data_to_db> on 2020-02-08 00:00:00+00:00
[2025-06-03T15:27:24.747+0000] {standard_task_runner.py:57} INFO - Started process 17409 to run task
[2025-06-03T15:27:24.750+0000] {standard_task_runner.py:84} INFO - Running: ['***', 'tasks', 'run', 'usd_rate_fetcher', 'save_data_to_db', 'scheduled__2020-02-08T00:00:00+00:00', '--job-id', '8840', '--raw', '--subdir', 'DAGS_FOLDER/usd_rate_fetcher.py', '--cfg-path', '/tmp/tmp5bjd311v']
[2025-06-03T15:27:24.752+0000] {standard_task_runner.py:85} INFO - Job 8840: Subtask save_data_to_db
[2025-06-03T15:27:24.797+0000] {task_command.py:410} INFO - Running <TaskInstance: usd_rate_fetcher.save_data_to_db scheduled__2020-02-08T00:00:00+00:00 [running]> on host 40869fde016f
[2025-06-03T15:27:24.990+0000] {logging_mixin.py:150} WARNING - /home/***/.local/lib/python3.7/site-packages/***/utils/context.py:205 AirflowContextDeprecationWarning: Accessing 'execution_date' from the template is deprecated and will be removed in a future version. Please use 'data_interval_start' or 'logical_date' instead.
[2025-06-03T15:27:25.026+0000] {taskinstance.py:1547} INFO - Exporting env vars: AIRFLOW_CTX_DAG_OWNER='***' AIRFLOW_CTX_DAG_ID='usd_rate_fetcher' AIRFLOW_CTX_TASK_ID='save_data_to_db' AIRFLOW_CTX_EXECUTION_DATE='2020-02-08T00:00:00+00:00' AIRFLOW_CTX_TRY_NUMBER='1' AIRFLOW_CTX_DAG_RUN_ID='scheduled__2020-02-08T00:00:00+00:00'
[2025-06-03T15:27:25.026+0000] {usd_rate_fetcher.py:80} INFO - Received USD rate: {'date': datetime.date(2020, 2, 8), 'content': [{'GBP': 82.0756}, {'HKD': 81.777}, {'USD': 63.472}, {'EUR': 69.6288}, {'CNY': 90.8599}]} for date 2020-02-08
[2025-06-03T15:27:25.034+0000] {base.py:73} INFO - Using connection ID 'pg_database' for task execution.
[2025-06-03T15:27:25.039+0000] {usd_rate_fetcher.py:103} INFO - Saved 82.08 for GBP on 2020-02-08
[2025-06-03T15:27:25.040+0000] {usd_rate_fetcher.py:103} INFO - Saved 81.78 for HKD on 2020-02-08
[2025-06-03T15:27:25.040+0000] {usd_rate_fetcher.py:103} INFO - Saved 63.47 for USD on 2020-02-08
[2025-06-03T15:27:25.040+0000] {usd_rate_fetcher.py:103} INFO - Saved 69.63 for EUR on 2020-02-08
[2025-06-03T15:27:25.041+0000] {usd_rate_fetcher.py:103} INFO - Saved 90.86 for CNY on 2020-02-08
[2025-06-03T15:27:25.042+0000] {python.py:183} INFO - Done. Returned value was: None
[2025-06-03T15:27:25.051+0000] {taskinstance.py:1350} INFO - Marking task as SUCCESS. dag_id=usd_rate_fetcher, task_id=save_data_to_db, execution_date=20200208T000000, start_date=20250603T152724, end_date=20250603T152725
[2025-06-03T15:27:25.083+0000] {local_task_job_runner.py:225} INFO - Task exited with return code 0
[2025-06-03T15:27:25.104+0000] {taskinstance.py:2653} INFO - 0 downstream tasks scheduled from follow-on schedule check
