[2025-06-03T15:20:16.729+0000] {taskinstance.py:1103} INFO - Dependencies all met for dep_context=non-requeueable deps ti=<TaskInstance: usd_rate_fetcher.save_data_to_db scheduled__2020-02-28T00:00:00+00:00 [queued]>
[2025-06-03T15:20:16.736+0000] {taskinstance.py:1103} INFO - Dependencies all met for dep_context=requeueable deps ti=<TaskInstance: usd_rate_fetcher.save_data_to_db scheduled__2020-02-28T00:00:00+00:00 [queued]>
[2025-06-03T15:20:16.736+0000] {taskinstance.py:1308} INFO - Starting attempt 1 of 3
[2025-06-03T15:20:16.750+0000] {taskinstance.py:1327} INFO - Executing <Task(_PythonDecoratedOperator): save_data_to_db> on 2020-02-28 00:00:00+00:00
[2025-06-03T15:20:16.756+0000] {standard_task_runner.py:57} INFO - Started process 15390 to run task
[2025-06-03T15:20:16.758+0000] {standard_task_runner.py:84} INFO - Running: ['***', 'tasks', 'run', 'usd_rate_fetcher', 'save_data_to_db', 'scheduled__2020-02-28T00:00:00+00:00', '--job-id', '8720', '--raw', '--subdir', 'DAGS_FOLDER/usd_rate_fetcher.py', '--cfg-path', '/tmp/tmp5wc7pra3']
[2025-06-03T15:20:16.760+0000] {standard_task_runner.py:85} INFO - Job 8720: Subtask save_data_to_db
[2025-06-03T15:20:16.792+0000] {task_command.py:410} INFO - Running <TaskInstance: usd_rate_fetcher.save_data_to_db scheduled__2020-02-28T00:00:00+00:00 [running]> on host 40869fde016f
[2025-06-03T15:20:16.972+0000] {logging_mixin.py:150} WARNING - /home/***/.local/lib/python3.7/site-packages/***/utils/context.py:205 AirflowContextDeprecationWarning: Accessing 'execution_date' from the template is deprecated and will be removed in a future version. Please use 'data_interval_start' or 'logical_date' instead.
[2025-06-03T15:20:17.003+0000] {taskinstance.py:1547} INFO - Exporting env vars: AIRFLOW_CTX_DAG_OWNER='***' AIRFLOW_CTX_DAG_ID='usd_rate_fetcher' AIRFLOW_CTX_TASK_ID='save_data_to_db' AIRFLOW_CTX_EXECUTION_DATE='2020-02-28T00:00:00+00:00' AIRFLOW_CTX_TRY_NUMBER='1' AIRFLOW_CTX_DAG_RUN_ID='scheduled__2020-02-28T00:00:00+00:00'
[2025-06-03T15:20:17.004+0000] {usd_rate_fetcher.py:80} INFO - Received USD rate: {'date': datetime.date(2020, 2, 28), 'content': [{'Фунт стерлингов': 84.899}, {'Доллар США': 65.6097}, {'Евро': 71.6458}]} for date 2020-02-28
[2025-06-03T15:20:17.010+0000] {base.py:73} INFO - Using connection ID 'pg_database' for task execution.
[2025-06-03T15:20:17.013+0000] {usd_rate_fetcher.py:103} INFO - Saved 84.90 for Фунт стерлингов on 2020-02-28
[2025-06-03T15:20:17.014+0000] {usd_rate_fetcher.py:103} INFO - Saved 65.61 for Доллар США on 2020-02-28
[2025-06-03T15:20:17.014+0000] {usd_rate_fetcher.py:103} INFO - Saved 71.65 for Евро on 2020-02-28
[2025-06-03T15:20:17.015+0000] {python.py:183} INFO - Done. Returned value was: None
[2025-06-03T15:20:17.021+0000] {taskinstance.py:1350} INFO - Marking task as SUCCESS. dag_id=usd_rate_fetcher, task_id=save_data_to_db, execution_date=20200228T000000, start_date=20250603T152016, end_date=20250603T152017
[2025-06-03T15:20:17.052+0000] {local_task_job_runner.py:225} INFO - Task exited with return code 0
[2025-06-03T15:20:17.064+0000] {taskinstance.py:2653} INFO - 0 downstream tasks scheduled from follow-on schedule check
[2025-06-03T15:29:37.690+0000] {taskinstance.py:1103} INFO - Dependencies all met for dep_context=non-requeueable deps ti=<TaskInstance: usd_rate_fetcher.save_data_to_db scheduled__2020-02-28T00:00:00+00:00 [queued]>
[2025-06-03T15:29:37.708+0000] {taskinstance.py:1103} INFO - Dependencies all met for dep_context=requeueable deps ti=<TaskInstance: usd_rate_fetcher.save_data_to_db scheduled__2020-02-28T00:00:00+00:00 [queued]>
[2025-06-03T15:29:37.708+0000] {taskinstance.py:1308} INFO - Starting attempt 1 of 3
[2025-06-03T15:29:37.741+0000] {taskinstance.py:1327} INFO - Executing <Task(_PythonDecoratedOperator): save_data_to_db> on 2020-02-28 00:00:00+00:00
[2025-06-03T15:29:37.771+0000] {standard_task_runner.py:84} INFO - Running: ['***', 'tasks', 'run', 'usd_rate_fetcher', 'save_data_to_db', 'scheduled__2020-02-28T00:00:00+00:00', '--job-id', '8877', '--raw', '--subdir', 'DAGS_FOLDER/usd_rate_fetcher.py', '--cfg-path', '/tmp/tmpua3ylflv']
[2025-06-03T15:29:37.773+0000] {standard_task_runner.py:85} INFO - Job 8877: Subtask save_data_to_db
[2025-06-03T15:29:37.788+0000] {standard_task_runner.py:57} INFO - Started process 18075 to run task
[2025-06-03T15:29:37.910+0000] {task_command.py:410} INFO - Running <TaskInstance: usd_rate_fetcher.save_data_to_db scheduled__2020-02-28T00:00:00+00:00 [running]> on host 40869fde016f
[2025-06-03T15:29:38.207+0000] {logging_mixin.py:150} WARNING - /home/***/.local/lib/python3.7/site-packages/***/utils/context.py:205 AirflowContextDeprecationWarning: Accessing 'execution_date' from the template is deprecated and will be removed in a future version. Please use 'data_interval_start' or 'logical_date' instead.
[2025-06-03T15:29:38.264+0000] {taskinstance.py:1547} INFO - Exporting env vars: AIRFLOW_CTX_DAG_OWNER='***' AIRFLOW_CTX_DAG_ID='usd_rate_fetcher' AIRFLOW_CTX_TASK_ID='save_data_to_db' AIRFLOW_CTX_EXECUTION_DATE='2020-02-28T00:00:00+00:00' AIRFLOW_CTX_TRY_NUMBER='1' AIRFLOW_CTX_DAG_RUN_ID='scheduled__2020-02-28T00:00:00+00:00'
[2025-06-03T15:29:38.265+0000] {usd_rate_fetcher.py:80} INFO - Received USD rate: {'date': datetime.date(2020, 2, 28), 'content': [{'GBP': 84.899}, {'HKD': 84.1679}, {'USD': 65.6097}, {'EUR': 71.6458}, {'CNY': 93.5091}]} for date 2020-02-28
[2025-06-03T15:29:38.276+0000] {base.py:73} INFO - Using connection ID 'pg_database' for task execution.
[2025-06-03T15:29:38.282+0000] {usd_rate_fetcher.py:103} INFO - Saved 84.90 for GBP on 2020-02-28
[2025-06-03T15:29:38.283+0000] {usd_rate_fetcher.py:103} INFO - Saved 84.17 for HKD on 2020-02-28
[2025-06-03T15:29:38.283+0000] {usd_rate_fetcher.py:103} INFO - Saved 65.61 for USD on 2020-02-28
[2025-06-03T15:29:38.284+0000] {usd_rate_fetcher.py:103} INFO - Saved 71.65 for EUR on 2020-02-28
[2025-06-03T15:29:38.284+0000] {usd_rate_fetcher.py:103} INFO - Saved 93.51 for CNY on 2020-02-28
[2025-06-03T15:29:38.286+0000] {python.py:183} INFO - Done. Returned value was: None
[2025-06-03T15:29:38.297+0000] {taskinstance.py:1350} INFO - Marking task as SUCCESS. dag_id=usd_rate_fetcher, task_id=save_data_to_db, execution_date=20200228T000000, start_date=20250603T152937, end_date=20250603T152938
[2025-06-03T15:29:38.352+0000] {local_task_job_runner.py:225} INFO - Task exited with return code 0
[2025-06-03T15:29:38.376+0000] {taskinstance.py:2653} INFO - 0 downstream tasks scheduled from follow-on schedule check
