[2025-06-01T15:40:06.943+0000] {taskinstance.py:1103} INFO - Dependencies all met for dep_context=non-requeueable deps ti=<TaskInstance: second_dag.feth_data_task scheduled__2020-11-08T00:00:00+00:00 [queued]>
[2025-06-01T15:40:06.949+0000] {taskinstance.py:1103} INFO - Dependencies all met for dep_context=requeueable deps ti=<TaskInstance: second_dag.feth_data_task scheduled__2020-11-08T00:00:00+00:00 [queued]>
[2025-06-01T15:40:06.949+0000] {taskinstance.py:1308} INFO - Starting attempt 2 of 3
[2025-06-01T15:40:06.960+0000] {taskinstance.py:1327} INFO - Executing <Task(PythonOperator): feth_data_task> on 2020-11-08 00:00:00+00:00
[2025-06-01T15:40:06.965+0000] {standard_task_runner.py:57} INFO - Started process 23586 to run task
[2025-06-01T15:40:06.967+0000] {standard_task_runner.py:84} INFO - Running: ['***', 'tasks', 'run', 'second_dag', 'feth_data_task', 'scheduled__2020-11-08T00:00:00+00:00', '--job-id', '931', '--raw', '--subdir', 'DAGS_FOLDER/my_second_dag.py', '--cfg-path', '/tmp/tmppblnysr5']
[2025-06-01T15:40:06.968+0000] {standard_task_runner.py:85} INFO - Job 931: Subtask feth_data_task
[2025-06-01T15:40:06.999+0000] {task_command.py:410} INFO - Running <TaskInstance: second_dag.feth_data_task scheduled__2020-11-08T00:00:00+00:00 [running]> on host 27c4b93144a0
[2025-06-01T15:40:07.169+0000] {taskinstance.py:1547} INFO - Exporting env vars: AIRFLOW_CTX_DAG_OWNER='***' AIRFLOW_CTX_DAG_ID='second_dag' AIRFLOW_CTX_TASK_ID='feth_data_task' AIRFLOW_CTX_EXECUTION_DATE='2020-11-08T00:00:00+00:00' AIRFLOW_CTX_TRY_NUMBER='2' AIRFLOW_CTX_DAG_RUN_ID='scheduled__2020-11-08T00:00:00+00:00'
[2025-06-01T15:40:07.174+0000] {logging_mixin.py:150} WARNING - /home/***/.local/lib/python3.7/site-packages/***/utils/context.py:313 AirflowContextDeprecationWarning: Accessing 'execution_date' from the template is deprecated and will be removed in a future version. Please use 'data_interval_start' or 'logical_date' instead.
[2025-06-01T15:40:07.174+0000] {my_second_dag.py:22} INFO - Fetching data for date: 08/11/2020
[2025-06-01T15:40:07.222+0000] {my_second_dag.py:41} INFO - Fetching value USD: 77.1875
[2025-06-01T15:40:07.223+0000] {python.py:183} INFO - Done. Returned value was: {'date': <Proxy at 0x7fdceac900f0 wrapping DateTime(2020, 11, 8, 0, 0, 0, tzinfo=Timezone('UTC')) at 0x7fdcead33b90 with factory functools.partial(<function lazy_mapping_from_context.<locals>._deprecated_proxy_factory at 0x7fdceacdf680>, 'execution_date', DateTime(2020, 11, 8, 0, 0, 0, tzinfo=Timezone('UTC')))>, 'value': 77.1875}
[2025-06-01T15:40:07.229+0000] {taskinstance.py:1824} ERROR - Task failed with exception
Traceback (most recent call last):
  File "/home/airflow/.local/lib/python3.7/site-packages/airflow/utils/session.py", line 73, in wrapper
    return func(*args, **kwargs)
  File "/home/airflow/.local/lib/python3.7/site-packages/airflow/models/taskinstance.py", line 2361, in xcom_push
    session=session,
  File "/home/airflow/.local/lib/python3.7/site-packages/airflow/utils/session.py", line 73, in wrapper
    return func(*args, **kwargs)
  File "/home/airflow/.local/lib/python3.7/site-packages/airflow/models/xcom.py", line 243, in set
    map_index=map_index,
  File "/home/airflow/.local/lib/python3.7/site-packages/airflow/models/xcom.py", line 632, in serialize_value
    return json.dumps(value, cls=XComEncoder).encode("UTF-8")
  File "/usr/local/lib/python3.7/json/__init__.py", line 238, in dumps
    **kw).encode(obj)
  File "/home/airflow/.local/lib/python3.7/site-packages/airflow/utils/json.py", line 104, in encode
    return super().encode(o)
  File "/usr/local/lib/python3.7/json/encoder.py", line 199, in encode
    chunks = self.iterencode(o, _one_shot=True)
  File "/usr/local/lib/python3.7/json/encoder.py", line 257, in iterencode
    return _iterencode(o, 0)
  File "/home/airflow/.local/lib/python3.7/site-packages/airflow/utils/json.py", line 91, in default
    return serialize(o)
  File "/home/airflow/.local/lib/python3.7/site-packages/airflow/serialization/serde.py", line 133, in serialize
    qn = qualname(o)
  File "/home/airflow/.local/lib/python3.7/site-packages/airflow/utils/module_loading.py", line 47, in qualname
    return f"{o.__module__}.{o.__name__}"
AttributeError: 'DateTime' object has no attribute '__name__'
[2025-06-01T15:40:07.235+0000] {taskinstance.py:1350} INFO - Marking task as UP_FOR_RETRY. dag_id=second_dag, task_id=feth_data_task, execution_date=20201108T000000, start_date=20250601T154006, end_date=20250601T154007
[2025-06-01T15:40:07.245+0000] {standard_task_runner.py:109} ERROR - Failed to execute job 931 for task feth_data_task ('DateTime' object has no attribute '__name__'; 23586)
[2025-06-01T15:40:07.259+0000] {local_task_job_runner.py:225} INFO - Task exited with return code 1
[2025-06-01T15:40:07.279+0000] {taskinstance.py:2653} INFO - 0 downstream tasks scheduled from follow-on schedule check
