[2025-06-03T15:20:00.401+0000] {taskinstance.py:1103} INFO - Dependencies all met for dep_context=non-requeueable deps ti=<TaskInstance: usd_rate_fetcher.save_data_to_db scheduled__2020-01-21T00:00:00+00:00 [queued]>
[2025-06-03T15:20:00.412+0000] {taskinstance.py:1103} INFO - Dependencies all met for dep_context=requeueable deps ti=<TaskInstance: usd_rate_fetcher.save_data_to_db scheduled__2020-01-21T00:00:00+00:00 [queued]>
[2025-06-03T15:20:00.412+0000] {taskinstance.py:1308} INFO - Starting attempt 1 of 3
[2025-06-03T15:20:00.428+0000] {taskinstance.py:1327} INFO - Executing <Task(_PythonDecoratedOperator): save_data_to_db> on 2020-01-21 00:00:00+00:00
[2025-06-03T15:20:00.438+0000] {standard_task_runner.py:57} INFO - Started process 14493 to run task
[2025-06-03T15:20:00.440+0000] {standard_task_runner.py:84} INFO - Running: ['***', 'tasks', 'run', 'usd_rate_fetcher', 'save_data_to_db', 'scheduled__2020-01-21T00:00:00+00:00', '--job-id', '8655', '--raw', '--subdir', 'DAGS_FOLDER/usd_rate_fetcher.py', '--cfg-path', '/tmp/tmp_h7dx7ui']
[2025-06-03T15:20:00.442+0000] {standard_task_runner.py:85} INFO - Job 8655: Subtask save_data_to_db
[2025-06-03T15:20:00.490+0000] {task_command.py:410} INFO - Running <TaskInstance: usd_rate_fetcher.save_data_to_db scheduled__2020-01-21T00:00:00+00:00 [running]> on host 40869fde016f
[2025-06-03T15:20:00.563+0000] {logging_mixin.py:150} WARNING - /home/***/.local/lib/python3.7/site-packages/***/utils/context.py:205 AirflowContextDeprecationWarning: Accessing 'execution_date' from the template is deprecated and will be removed in a future version. Please use 'data_interval_start' or 'logical_date' instead.
[2025-06-03T15:20:00.602+0000] {taskinstance.py:1547} INFO - Exporting env vars: AIRFLOW_CTX_DAG_OWNER='***' AIRFLOW_CTX_DAG_ID='usd_rate_fetcher' AIRFLOW_CTX_TASK_ID='save_data_to_db' AIRFLOW_CTX_EXECUTION_DATE='2020-01-21T00:00:00+00:00' AIRFLOW_CTX_TRY_NUMBER='1' AIRFLOW_CTX_DAG_RUN_ID='scheduled__2020-01-21T00:00:00+00:00'
[2025-06-03T15:20:00.603+0000] {usd_rate_fetcher.py:80} INFO - Received USD rate: {'date': datetime.date(2020, 1, 21), 'content': [{'Фунт стерлингов': 79.7759}, {'Доллар США': 61.4654}, {'Евро': 68.2082}]} for date 2020-01-21
[2025-06-03T15:20:00.613+0000] {base.py:73} INFO - Using connection ID 'pg_database' for task execution.
[2025-06-03T15:20:00.618+0000] {usd_rate_fetcher.py:103} INFO - Saved 79.78 for Фунт стерлингов on 2020-01-21
[2025-06-03T15:20:00.619+0000] {usd_rate_fetcher.py:103} INFO - Saved 61.47 for Доллар США on 2020-01-21
[2025-06-03T15:20:00.619+0000] {usd_rate_fetcher.py:103} INFO - Saved 68.21 for Евро on 2020-01-21
[2025-06-03T15:20:00.620+0000] {python.py:183} INFO - Done. Returned value was: None
[2025-06-03T15:20:00.631+0000] {taskinstance.py:1350} INFO - Marking task as SUCCESS. dag_id=usd_rate_fetcher, task_id=save_data_to_db, execution_date=20200121T000000, start_date=20250603T152000, end_date=20250603T152000
[2025-06-03T15:20:00.656+0000] {local_task_job_runner.py:225} INFO - Task exited with return code 0
[2025-06-03T15:20:00.689+0000] {taskinstance.py:2653} INFO - 0 downstream tasks scheduled from follow-on schedule check
[2025-06-03T15:27:17.966+0000] {taskinstance.py:1103} INFO - Dependencies all met for dep_context=non-requeueable deps ti=<TaskInstance: usd_rate_fetcher.save_data_to_db scheduled__2020-01-21T00:00:00+00:00 [queued]>
[2025-06-03T15:27:17.976+0000] {taskinstance.py:1103} INFO - Dependencies all met for dep_context=requeueable deps ti=<TaskInstance: usd_rate_fetcher.save_data_to_db scheduled__2020-01-21T00:00:00+00:00 [queued]>
[2025-06-03T15:27:17.977+0000] {taskinstance.py:1308} INFO - Starting attempt 1 of 3
[2025-06-03T15:27:17.992+0000] {taskinstance.py:1327} INFO - Executing <Task(_PythonDecoratedOperator): save_data_to_db> on 2020-01-21 00:00:00+00:00
[2025-06-03T15:27:18.000+0000] {standard_task_runner.py:57} INFO - Started process 16944 to run task
[2025-06-03T15:27:18.003+0000] {standard_task_runner.py:84} INFO - Running: ['***', 'tasks', 'run', 'usd_rate_fetcher', 'save_data_to_db', 'scheduled__2020-01-21T00:00:00+00:00', '--job-id', '8805', '--raw', '--subdir', 'DAGS_FOLDER/usd_rate_fetcher.py', '--cfg-path', '/tmp/tmpwezdkgs0']
[2025-06-03T15:27:18.006+0000] {standard_task_runner.py:85} INFO - Job 8805: Subtask save_data_to_db
[2025-06-03T15:27:18.047+0000] {task_command.py:410} INFO - Running <TaskInstance: usd_rate_fetcher.save_data_to_db scheduled__2020-01-21T00:00:00+00:00 [running]> on host 40869fde016f
[2025-06-03T15:27:18.236+0000] {logging_mixin.py:150} WARNING - /home/***/.local/lib/python3.7/site-packages/***/utils/context.py:205 AirflowContextDeprecationWarning: Accessing 'execution_date' from the template is deprecated and will be removed in a future version. Please use 'data_interval_start' or 'logical_date' instead.
[2025-06-03T15:27:18.267+0000] {taskinstance.py:1547} INFO - Exporting env vars: AIRFLOW_CTX_DAG_OWNER='***' AIRFLOW_CTX_DAG_ID='usd_rate_fetcher' AIRFLOW_CTX_TASK_ID='save_data_to_db' AIRFLOW_CTX_EXECUTION_DATE='2020-01-21T00:00:00+00:00' AIRFLOW_CTX_TRY_NUMBER='1' AIRFLOW_CTX_DAG_RUN_ID='scheduled__2020-01-21T00:00:00+00:00'
[2025-06-03T15:27:18.268+0000] {usd_rate_fetcher.py:80} INFO - Received USD rate: {'date': datetime.date(2020, 1, 21), 'content': [{'GBP': 79.7759}, {'HKD': 79.1111}, {'USD': 61.4654}, {'EUR': 68.2082}, {'CNY': 89.5866}]} for date 2020-01-21
[2025-06-03T15:27:18.274+0000] {base.py:73} INFO - Using connection ID 'pg_database' for task execution.
[2025-06-03T15:27:18.277+0000] {usd_rate_fetcher.py:103} INFO - Saved 79.78 for GBP on 2020-01-21
[2025-06-03T15:27:18.277+0000] {usd_rate_fetcher.py:103} INFO - Saved 79.11 for HKD on 2020-01-21
[2025-06-03T15:27:18.278+0000] {usd_rate_fetcher.py:103} INFO - Saved 61.47 for USD on 2020-01-21
[2025-06-03T15:27:18.278+0000] {usd_rate_fetcher.py:103} INFO - Saved 68.21 for EUR on 2020-01-21
[2025-06-03T15:27:18.279+0000] {usd_rate_fetcher.py:103} INFO - Saved 89.59 for CNY on 2020-01-21
[2025-06-03T15:27:18.280+0000] {python.py:183} INFO - Done. Returned value was: None
[2025-06-03T15:27:18.286+0000] {taskinstance.py:1350} INFO - Marking task as SUCCESS. dag_id=usd_rate_fetcher, task_id=save_data_to_db, execution_date=20200121T000000, start_date=20250603T152717, end_date=20250603T152718
[2025-06-03T15:27:18.336+0000] {local_task_job_runner.py:225} INFO - Task exited with return code 0
[2025-06-03T15:27:18.397+0000] {taskinstance.py:2653} INFO - 0 downstream tasks scheduled from follow-on schedule check
