[2025-06-03T15:13:40.408+0000] {taskinstance.py:1103} INFO - Dependencies all met for dep_context=non-requeueable deps ti=<TaskInstance: usd_rate_fetcher.fetch_data_from_api scheduled__2000-02-13T00:00:00+00:00 [queued]>
[2025-06-03T15:13:40.416+0000] {taskinstance.py:1103} INFO - Dependencies all met for dep_context=requeueable deps ti=<TaskInstance: usd_rate_fetcher.fetch_data_from_api scheduled__2000-02-13T00:00:00+00:00 [queued]>
[2025-06-03T15:13:40.417+0000] {taskinstance.py:1308} INFO - Starting attempt 3 of 3
[2025-06-03T15:13:40.433+0000] {taskinstance.py:1327} INFO - Executing <Task(_PythonDecoratedOperator): fetch_data_from_api> on 2000-02-13 00:00:00+00:00
[2025-06-03T15:13:40.439+0000] {standard_task_runner.py:57} INFO - Started process 8036 to run task
[2025-06-03T15:13:40.442+0000] {standard_task_runner.py:84} INFO - Running: ['***', 'tasks', 'run', 'usd_rate_fetcher', 'fetch_data_from_api', 'scheduled__2000-02-13T00:00:00+00:00', '--job-id', '8211', '--raw', '--subdir', 'DAGS_FOLDER/usd_rate_fetcher.py', '--cfg-path', '/tmp/tmpxlim93o6']
[2025-06-03T15:13:40.443+0000] {standard_task_runner.py:85} INFO - Job 8211: Subtask fetch_data_from_api
[2025-06-03T15:13:40.501+0000] {task_command.py:410} INFO - Running <TaskInstance: usd_rate_fetcher.fetch_data_from_api scheduled__2000-02-13T00:00:00+00:00 [running]> on host 40869fde016f
[2025-06-03T15:13:40.750+0000] {logging_mixin.py:150} WARNING - /home/***/.local/lib/python3.7/site-packages/***/utils/context.py:205 AirflowContextDeprecationWarning: Accessing 'execution_date' from the template is deprecated and will be removed in a future version. Please use 'data_interval_start' or 'logical_date' instead.
[2025-06-03T15:13:40.797+0000] {taskinstance.py:1547} INFO - Exporting env vars: AIRFLOW_CTX_DAG_OWNER='***' AIRFLOW_CTX_DAG_ID='usd_rate_fetcher' AIRFLOW_CTX_TASK_ID='fetch_data_from_api' AIRFLOW_CTX_EXECUTION_DATE='2000-02-13T00:00:00+00:00' AIRFLOW_CTX_TRY_NUMBER='3' AIRFLOW_CTX_DAG_RUN_ID='scheduled__2000-02-13T00:00:00+00:00'
[2025-06-03T15:13:40.805+0000] {usd_rate_fetcher.py:34} INFO - Переменная ['Доллар США', 'Евро', 'Гонконгский доллар', 'Юань', 'Фунт стерлингов']
[2025-06-03T15:13:40.811+0000] {usd_rate_fetcher.py:53} INFO - Fetching data for date: 13/02/2000
[2025-06-03T15:13:40.871+0000] {taskinstance.py:1824} ERROR - Task failed with exception
Traceback (most recent call last):
  File "/home/airflow/.local/lib/python3.7/site-packages/airflow/decorators/base.py", line 220, in execute
    return_value = super().execute(context)
  File "/home/airflow/.local/lib/python3.7/site-packages/airflow/operators/python.py", line 181, in execute
    return_value = self.execute_callable()
  File "/home/airflow/.local/lib/python3.7/site-packages/airflow/operators/python.py", line 198, in execute_callable
    return self.python_callable(*self.op_args, **self.op_kwargs)
  File "/opt/airflow/dags/usd_rate_fetcher.py", line 59, in fetch_data_from_api
    root = ET.fromstring(xml_data)
NameError: name 'xml_data' is not defined
[2025-06-03T15:13:40.879+0000] {taskinstance.py:1350} INFO - Marking task as FAILED. dag_id=usd_rate_fetcher, task_id=fetch_data_from_api, execution_date=20000213T000000, start_date=20250603T151340, end_date=20250603T151340
[2025-06-03T15:13:40.891+0000] {standard_task_runner.py:109} ERROR - Failed to execute job 8211 for task fetch_data_from_api (name 'xml_data' is not defined; 8036)
[2025-06-03T15:13:40.938+0000] {local_task_job_runner.py:225} INFO - Task exited with return code 1
[2025-06-03T15:13:41.019+0000] {taskinstance.py:2653} INFO - 0 downstream tasks scheduled from follow-on schedule check
