[2025-06-03T15:20:21.193+0000] {taskinstance.py:1103} INFO - Dependencies all met for dep_context=non-requeueable deps ti=<TaskInstance: usd_rate_fetcher.save_data_to_db scheduled__2020-03-06T00:00:00+00:00 [queued]>
[2025-06-03T15:20:21.203+0000] {taskinstance.py:1103} INFO - Dependencies all met for dep_context=requeueable deps ti=<TaskInstance: usd_rate_fetcher.save_data_to_db scheduled__2020-03-06T00:00:00+00:00 [queued]>
[2025-06-03T15:20:21.203+0000] {taskinstance.py:1308} INFO - Starting attempt 1 of 3
[2025-06-03T15:20:21.219+0000] {taskinstance.py:1327} INFO - Executing <Task(_PythonDecoratedOperator): save_data_to_db> on 2020-03-06 00:00:00+00:00
[2025-06-03T15:20:21.230+0000] {standard_task_runner.py:57} INFO - Started process 15753 to run task
[2025-06-03T15:20:21.246+0000] {standard_task_runner.py:84} INFO - Running: ['***', 'tasks', 'run', 'usd_rate_fetcher', 'save_data_to_db', 'scheduled__2020-03-06T00:00:00+00:00', '--job-id', '8742', '--raw', '--subdir', 'DAGS_FOLDER/usd_rate_fetcher.py', '--cfg-path', '/tmp/tmpnx57k0hw']
[2025-06-03T15:20:21.255+0000] {standard_task_runner.py:85} INFO - Job 8742: Subtask save_data_to_db
[2025-06-03T15:20:21.354+0000] {task_command.py:410} INFO - Running <TaskInstance: usd_rate_fetcher.save_data_to_db scheduled__2020-03-06T00:00:00+00:00 [running]> on host 40869fde016f
[2025-06-03T15:20:21.495+0000] {logging_mixin.py:150} WARNING - /home/***/.local/lib/python3.7/site-packages/***/utils/context.py:205 AirflowContextDeprecationWarning: Accessing 'execution_date' from the template is deprecated and will be removed in a future version. Please use 'data_interval_start' or 'logical_date' instead.
[2025-06-03T15:20:21.582+0000] {taskinstance.py:1547} INFO - Exporting env vars: AIRFLOW_CTX_DAG_OWNER='***' AIRFLOW_CTX_DAG_ID='usd_rate_fetcher' AIRFLOW_CTX_TASK_ID='save_data_to_db' AIRFLOW_CTX_EXECUTION_DATE='2020-03-06T00:00:00+00:00' AIRFLOW_CTX_TRY_NUMBER='1' AIRFLOW_CTX_DAG_RUN_ID='scheduled__2020-03-06T00:00:00+00:00'
[2025-06-03T15:20:21.583+0000] {usd_rate_fetcher.py:80} INFO - Received USD rate: {'date': datetime.date(2020, 3, 6), 'content': [{'Фунт стерлингов': 85.399}, {'Доллар США': 66.1854}, {'Евро': 73.6842}]} for date 2020-03-06
[2025-06-03T15:20:21.603+0000] {base.py:73} INFO - Using connection ID 'pg_database' for task execution.
[2025-06-03T15:20:21.610+0000] {usd_rate_fetcher.py:103} INFO - Saved 85.40 for Фунт стерлингов on 2020-03-06
[2025-06-03T15:20:21.611+0000] {usd_rate_fetcher.py:103} INFO - Saved 66.19 for Доллар США on 2020-03-06
[2025-06-03T15:20:21.611+0000] {usd_rate_fetcher.py:103} INFO - Saved 73.68 for Евро on 2020-03-06
[2025-06-03T15:20:21.626+0000] {python.py:183} INFO - Done. Returned value was: None
[2025-06-03T15:20:21.638+0000] {taskinstance.py:1350} INFO - Marking task as SUCCESS. dag_id=usd_rate_fetcher, task_id=save_data_to_db, execution_date=20200306T000000, start_date=20250603T152021, end_date=20250603T152021
[2025-06-03T15:20:21.743+0000] {local_task_job_runner.py:225} INFO - Task exited with return code 0
[2025-06-03T15:20:21.776+0000] {taskinstance.py:2653} INFO - 0 downstream tasks scheduled from follow-on schedule check
[2025-06-03T15:29:38.068+0000] {taskinstance.py:1103} INFO - Dependencies all met for dep_context=non-requeueable deps ti=<TaskInstance: usd_rate_fetcher.save_data_to_db scheduled__2020-03-06T00:00:00+00:00 [queued]>
[2025-06-03T15:29:38.077+0000] {taskinstance.py:1103} INFO - Dependencies all met for dep_context=requeueable deps ti=<TaskInstance: usd_rate_fetcher.save_data_to_db scheduled__2020-03-06T00:00:00+00:00 [queued]>
[2025-06-03T15:29:38.078+0000] {taskinstance.py:1308} INFO - Starting attempt 1 of 3
[2025-06-03T15:29:38.096+0000] {taskinstance.py:1327} INFO - Executing <Task(_PythonDecoratedOperator): save_data_to_db> on 2020-03-06 00:00:00+00:00
[2025-06-03T15:29:38.106+0000] {standard_task_runner.py:57} INFO - Started process 18092 to run task
[2025-06-03T15:29:38.108+0000] {standard_task_runner.py:84} INFO - Running: ['***', 'tasks', 'run', 'usd_rate_fetcher', 'save_data_to_db', 'scheduled__2020-03-06T00:00:00+00:00', '--job-id', '8881', '--raw', '--subdir', 'DAGS_FOLDER/usd_rate_fetcher.py', '--cfg-path', '/tmp/tmpbn_lfdcm']
[2025-06-03T15:29:38.110+0000] {standard_task_runner.py:85} INFO - Job 8881: Subtask save_data_to_db
[2025-06-03T15:29:38.180+0000] {task_command.py:410} INFO - Running <TaskInstance: usd_rate_fetcher.save_data_to_db scheduled__2020-03-06T00:00:00+00:00 [running]> on host 40869fde016f
[2025-06-03T15:29:38.553+0000] {logging_mixin.py:150} WARNING - /home/***/.local/lib/python3.7/site-packages/***/utils/context.py:205 AirflowContextDeprecationWarning: Accessing 'execution_date' from the template is deprecated and will be removed in a future version. Please use 'data_interval_start' or 'logical_date' instead.
[2025-06-03T15:29:38.597+0000] {taskinstance.py:1547} INFO - Exporting env vars: AIRFLOW_CTX_DAG_OWNER='***' AIRFLOW_CTX_DAG_ID='usd_rate_fetcher' AIRFLOW_CTX_TASK_ID='save_data_to_db' AIRFLOW_CTX_EXECUTION_DATE='2020-03-06T00:00:00+00:00' AIRFLOW_CTX_TRY_NUMBER='1' AIRFLOW_CTX_DAG_RUN_ID='scheduled__2020-03-06T00:00:00+00:00'
[2025-06-03T15:29:38.598+0000] {usd_rate_fetcher.py:80} INFO - Received USD rate: {'date': datetime.date(2020, 3, 6), 'content': [{'GBP': 85.399}, {'HKD': 85.1741}, {'USD': 66.1854}, {'EUR': 73.6842}, {'CNY': 95.3392}]} for date 2020-03-06
[2025-06-03T15:29:38.605+0000] {base.py:73} INFO - Using connection ID 'pg_database' for task execution.
[2025-06-03T15:29:38.610+0000] {usd_rate_fetcher.py:103} INFO - Saved 85.40 for GBP on 2020-03-06
[2025-06-03T15:29:38.610+0000] {usd_rate_fetcher.py:103} INFO - Saved 85.17 for HKD on 2020-03-06
[2025-06-03T15:29:38.611+0000] {usd_rate_fetcher.py:103} INFO - Saved 66.19 for USD on 2020-03-06
[2025-06-03T15:29:38.611+0000] {usd_rate_fetcher.py:103} INFO - Saved 73.68 for EUR on 2020-03-06
[2025-06-03T15:29:38.612+0000] {usd_rate_fetcher.py:103} INFO - Saved 95.34 for CNY on 2020-03-06
[2025-06-03T15:29:38.613+0000] {python.py:183} INFO - Done. Returned value was: None
[2025-06-03T15:29:38.622+0000] {taskinstance.py:1350} INFO - Marking task as SUCCESS. dag_id=usd_rate_fetcher, task_id=save_data_to_db, execution_date=20200306T000000, start_date=20250603T152938, end_date=20250603T152938
[2025-06-03T15:29:38.657+0000] {local_task_job_runner.py:225} INFO - Task exited with return code 0
[2025-06-03T15:29:38.677+0000] {taskinstance.py:2653} INFO - 0 downstream tasks scheduled from follow-on schedule check
