[2025-06-03T15:20:14.361+0000] {taskinstance.py:1103} INFO - Dependencies all met for dep_context=non-requeueable deps ti=<TaskInstance: usd_rate_fetcher.fetch_data_from_api scheduled__2020-02-26T00:00:00+00:00 [queued]>
[2025-06-03T15:20:14.370+0000] {taskinstance.py:1103} INFO - Dependencies all met for dep_context=requeueable deps ti=<TaskInstance: usd_rate_fetcher.fetch_data_from_api scheduled__2020-02-26T00:00:00+00:00 [queued]>
[2025-06-03T15:20:14.370+0000] {taskinstance.py:1308} INFO - Starting attempt 1 of 3
[2025-06-03T15:20:14.385+0000] {taskinstance.py:1327} INFO - Executing <Task(_PythonDecoratedOperator): fetch_data_from_api> on 2020-02-26 00:00:00+00:00
[2025-06-03T15:20:14.391+0000] {standard_task_runner.py:57} INFO - Started process 15199 to run task
[2025-06-03T15:20:14.396+0000] {standard_task_runner.py:84} INFO - Running: ['***', 'tasks', 'run', 'usd_rate_fetcher', 'fetch_data_from_api', 'scheduled__2020-02-26T00:00:00+00:00', '--job-id', '8701', '--raw', '--subdir', 'DAGS_FOLDER/usd_rate_fetcher.py', '--cfg-path', '/tmp/tmpj02h306_']
[2025-06-03T15:20:14.397+0000] {standard_task_runner.py:85} INFO - Job 8701: Subtask fetch_data_from_api
[2025-06-03T15:20:14.483+0000] {task_command.py:410} INFO - Running <TaskInstance: usd_rate_fetcher.fetch_data_from_api scheduled__2020-02-26T00:00:00+00:00 [running]> on host 40869fde016f
[2025-06-03T15:20:14.733+0000] {logging_mixin.py:150} WARNING - /home/***/.local/lib/python3.7/site-packages/***/utils/context.py:205 AirflowContextDeprecationWarning: Accessing 'execution_date' from the template is deprecated and will be removed in a future version. Please use 'data_interval_start' or 'logical_date' instead.
[2025-06-03T15:20:14.875+0000] {taskinstance.py:1547} INFO - Exporting env vars: AIRFLOW_CTX_DAG_OWNER='***' AIRFLOW_CTX_DAG_ID='usd_rate_fetcher' AIRFLOW_CTX_TASK_ID='fetch_data_from_api' AIRFLOW_CTX_EXECUTION_DATE='2020-02-26T00:00:00+00:00' AIRFLOW_CTX_TRY_NUMBER='1' AIRFLOW_CTX_DAG_RUN_ID='scheduled__2020-02-26T00:00:00+00:00'
[2025-06-03T15:20:14.909+0000] {usd_rate_fetcher.py:34} INFO - Переменная ['Доллар США', 'Евро', 'Гонконгский доллар', 'Юань', 'Фунт стерлингов']
[2025-06-03T15:20:14.934+0000] {usd_rate_fetcher.py:53} INFO - Fetching data for date: 26/02/2020
[2025-06-03T15:20:14.979+0000] {python.py:183} INFO - Done. Returned value was: {'date': datetime.date(2020, 2, 26), 'content': [{'Фунт стерлингов': 84.125}, {'Доллар США': 64.9213}, {'Евро': 70.4591}]}
[2025-06-03T15:20:15.017+0000] {taskinstance.py:1350} INFO - Marking task as SUCCESS. dag_id=usd_rate_fetcher, task_id=fetch_data_from_api, execution_date=20200226T000000, start_date=20250603T152014, end_date=20250603T152015
[2025-06-03T15:20:15.059+0000] {local_task_job_runner.py:225} INFO - Task exited with return code 0
[2025-06-03T15:20:15.099+0000] {taskinstance.py:2653} INFO - 1 downstream tasks scheduled from follow-on schedule check
[2025-06-03T15:29:34.994+0000] {taskinstance.py:1103} INFO - Dependencies all met for dep_context=non-requeueable deps ti=<TaskInstance: usd_rate_fetcher.fetch_data_from_api scheduled__2020-02-26T00:00:00+00:00 [queued]>
[2025-06-03T15:29:35.003+0000] {taskinstance.py:1103} INFO - Dependencies all met for dep_context=requeueable deps ti=<TaskInstance: usd_rate_fetcher.fetch_data_from_api scheduled__2020-02-26T00:00:00+00:00 [queued]>
[2025-06-03T15:29:35.003+0000] {taskinstance.py:1308} INFO - Starting attempt 1 of 3
[2025-06-03T15:29:35.037+0000] {taskinstance.py:1327} INFO - Executing <Task(_PythonDecoratedOperator): fetch_data_from_api> on 2020-02-26 00:00:00+00:00
[2025-06-03T15:29:35.042+0000] {standard_task_runner.py:57} INFO - Started process 17798 to run task
[2025-06-03T15:29:35.052+0000] {standard_task_runner.py:84} INFO - Running: ['***', 'tasks', 'run', 'usd_rate_fetcher', 'fetch_data_from_api', 'scheduled__2020-02-26T00:00:00+00:00', '--job-id', '8857', '--raw', '--subdir', 'DAGS_FOLDER/usd_rate_fetcher.py', '--cfg-path', '/tmp/tmpx5clkza2']
[2025-06-03T15:29:35.055+0000] {standard_task_runner.py:85} INFO - Job 8857: Subtask fetch_data_from_api
[2025-06-03T15:29:35.119+0000] {task_command.py:410} INFO - Running <TaskInstance: usd_rate_fetcher.fetch_data_from_api scheduled__2020-02-26T00:00:00+00:00 [running]> on host 40869fde016f
[2025-06-03T15:29:35.432+0000] {logging_mixin.py:150} WARNING - /home/***/.local/lib/python3.7/site-packages/***/utils/context.py:205 AirflowContextDeprecationWarning: Accessing 'execution_date' from the template is deprecated and will be removed in a future version. Please use 'data_interval_start' or 'logical_date' instead.
[2025-06-03T15:29:35.515+0000] {taskinstance.py:1547} INFO - Exporting env vars: AIRFLOW_CTX_DAG_OWNER='***' AIRFLOW_CTX_DAG_ID='usd_rate_fetcher' AIRFLOW_CTX_TASK_ID='fetch_data_from_api' AIRFLOW_CTX_EXECUTION_DATE='2020-02-26T00:00:00+00:00' AIRFLOW_CTX_TRY_NUMBER='1' AIRFLOW_CTX_DAG_RUN_ID='scheduled__2020-02-26T00:00:00+00:00'
[2025-06-03T15:29:35.542+0000] {usd_rate_fetcher.py:34} INFO - Переменная ['USD', 'EUR', 'HKD', 'CNY', 'GBP']
[2025-06-03T15:29:35.548+0000] {usd_rate_fetcher.py:53} INFO - Fetching data for date: 26/02/2020
[2025-06-03T15:29:35.600+0000] {python.py:183} INFO - Done. Returned value was: {'date': datetime.date(2020, 2, 26), 'content': [{'GBP': 84.125}, {'HKD': 83.3511}, {'USD': 64.9213}, {'EUR': 70.4591}, {'CNY': 92.5319}]}
[2025-06-03T15:29:35.625+0000] {taskinstance.py:1350} INFO - Marking task as SUCCESS. dag_id=usd_rate_fetcher, task_id=fetch_data_from_api, execution_date=20200226T000000, start_date=20250603T152934, end_date=20250603T152935
[2025-06-03T15:29:35.662+0000] {local_task_job_runner.py:225} INFO - Task exited with return code 0
[2025-06-03T15:29:35.833+0000] {taskinstance.py:2653} INFO - 0 downstream tasks scheduled from follow-on schedule check
