[2025-06-03T15:19:54.050+0000] {taskinstance.py:1103} INFO - Dependencies all met for dep_context=non-requeueable deps ti=<TaskInstance: usd_rate_fetcher.save_data_to_db scheduled__2020-01-15T00:00:00+00:00 [queued]>
[2025-06-03T15:19:54.057+0000] {taskinstance.py:1103} INFO - Dependencies all met for dep_context=requeueable deps ti=<TaskInstance: usd_rate_fetcher.save_data_to_db scheduled__2020-01-15T00:00:00+00:00 [queued]>
[2025-06-03T15:19:54.058+0000] {taskinstance.py:1308} INFO - Starting attempt 1 of 3
[2025-06-03T15:19:54.068+0000] {taskinstance.py:1327} INFO - Executing <Task(_PythonDecoratedOperator): save_data_to_db> on 2020-01-15 00:00:00+00:00
[2025-06-03T15:19:54.075+0000] {standard_task_runner.py:57} INFO - Started process 14117 to run task
[2025-06-03T15:19:54.077+0000] {standard_task_runner.py:84} INFO - Running: ['***', 'tasks', 'run', 'usd_rate_fetcher', 'save_data_to_db', 'scheduled__2020-01-15T00:00:00+00:00', '--job-id', '8630', '--raw', '--subdir', 'DAGS_FOLDER/usd_rate_fetcher.py', '--cfg-path', '/tmp/tmp1seen2jq']
[2025-06-03T15:19:54.079+0000] {standard_task_runner.py:85} INFO - Job 8630: Subtask save_data_to_db
[2025-06-03T15:19:54.113+0000] {task_command.py:410} INFO - Running <TaskInstance: usd_rate_fetcher.save_data_to_db scheduled__2020-01-15T00:00:00+00:00 [running]> on host 40869fde016f
[2025-06-03T15:19:54.275+0000] {logging_mixin.py:150} WARNING - /home/***/.local/lib/python3.7/site-packages/***/utils/context.py:205 AirflowContextDeprecationWarning: Accessing 'execution_date' from the template is deprecated and will be removed in a future version. Please use 'data_interval_start' or 'logical_date' instead.
[2025-06-03T15:19:54.303+0000] {taskinstance.py:1547} INFO - Exporting env vars: AIRFLOW_CTX_DAG_OWNER='***' AIRFLOW_CTX_DAG_ID='usd_rate_fetcher' AIRFLOW_CTX_TASK_ID='save_data_to_db' AIRFLOW_CTX_EXECUTION_DATE='2020-01-15T00:00:00+00:00' AIRFLOW_CTX_TRY_NUMBER='1' AIRFLOW_CTX_DAG_RUN_ID='scheduled__2020-01-15T00:00:00+00:00'
[2025-06-03T15:19:54.304+0000] {usd_rate_fetcher.py:80} INFO - Received USD rate: {'date': datetime.date(2020, 1, 15), 'content': [{'Фунт стерлингов': 79.6662}, {'Доллар США': 61.414}, {'Евро': 68.4213}]} for date 2020-01-15
[2025-06-03T15:19:54.310+0000] {base.py:73} INFO - Using connection ID 'pg_database' for task execution.
[2025-06-03T15:19:54.313+0000] {usd_rate_fetcher.py:103} INFO - Saved 79.67 for Фунт стерлингов on 2020-01-15
[2025-06-03T15:19:54.314+0000] {usd_rate_fetcher.py:103} INFO - Saved 61.41 for Доллар США on 2020-01-15
[2025-06-03T15:19:54.314+0000] {usd_rate_fetcher.py:103} INFO - Saved 68.42 for Евро on 2020-01-15
[2025-06-03T15:19:54.315+0000] {python.py:183} INFO - Done. Returned value was: None
[2025-06-03T15:19:54.323+0000] {taskinstance.py:1350} INFO - Marking task as SUCCESS. dag_id=usd_rate_fetcher, task_id=save_data_to_db, execution_date=20200115T000000, start_date=20250603T151954, end_date=20250603T151954
[2025-06-03T15:19:54.371+0000] {local_task_job_runner.py:225} INFO - Task exited with return code 0
[2025-06-03T15:19:54.410+0000] {taskinstance.py:2653} INFO - 0 downstream tasks scheduled from follow-on schedule check
[2025-06-03T15:27:12.259+0000] {taskinstance.py:1103} INFO - Dependencies all met for dep_context=non-requeueable deps ti=<TaskInstance: usd_rate_fetcher.save_data_to_db scheduled__2020-01-15T00:00:00+00:00 [queued]>
[2025-06-03T15:27:12.266+0000] {taskinstance.py:1103} INFO - Dependencies all met for dep_context=requeueable deps ti=<TaskInstance: usd_rate_fetcher.save_data_to_db scheduled__2020-01-15T00:00:00+00:00 [queued]>
[2025-06-03T15:27:12.266+0000] {taskinstance.py:1308} INFO - Starting attempt 1 of 3
[2025-06-03T15:27:12.279+0000] {taskinstance.py:1327} INFO - Executing <Task(_PythonDecoratedOperator): save_data_to_db> on 2020-01-15 00:00:00+00:00
[2025-06-03T15:27:12.286+0000] {standard_task_runner.py:57} INFO - Started process 16594 to run task
[2025-06-03T15:27:12.288+0000] {standard_task_runner.py:84} INFO - Running: ['***', 'tasks', 'run', 'usd_rate_fetcher', 'save_data_to_db', 'scheduled__2020-01-15T00:00:00+00:00', '--job-id', '8784', '--raw', '--subdir', 'DAGS_FOLDER/usd_rate_fetcher.py', '--cfg-path', '/tmp/tmp4en0aqn9']
[2025-06-03T15:27:12.290+0000] {standard_task_runner.py:85} INFO - Job 8784: Subtask save_data_to_db
[2025-06-03T15:27:12.327+0000] {task_command.py:410} INFO - Running <TaskInstance: usd_rate_fetcher.save_data_to_db scheduled__2020-01-15T00:00:00+00:00 [running]> on host 40869fde016f
[2025-06-03T15:27:12.500+0000] {logging_mixin.py:150} WARNING - /home/***/.local/lib/python3.7/site-packages/***/utils/context.py:205 AirflowContextDeprecationWarning: Accessing 'execution_date' from the template is deprecated and will be removed in a future version. Please use 'data_interval_start' or 'logical_date' instead.
[2025-06-03T15:27:12.532+0000] {taskinstance.py:1547} INFO - Exporting env vars: AIRFLOW_CTX_DAG_OWNER='***' AIRFLOW_CTX_DAG_ID='usd_rate_fetcher' AIRFLOW_CTX_TASK_ID='save_data_to_db' AIRFLOW_CTX_EXECUTION_DATE='2020-01-15T00:00:00+00:00' AIRFLOW_CTX_TRY_NUMBER='1' AIRFLOW_CTX_DAG_RUN_ID='scheduled__2020-01-15T00:00:00+00:00'
[2025-06-03T15:27:12.533+0000] {usd_rate_fetcher.py:80} INFO - Received USD rate: {'date': datetime.date(2020, 1, 15), 'content': [{'GBP': 79.6662}, {'HKD': 79.0002}, {'USD': 61.414}, {'EUR': 68.4213}, {'CNY': 89.1971}]} for date 2020-01-15
[2025-06-03T15:27:12.541+0000] {base.py:73} INFO - Using connection ID 'pg_database' for task execution.
[2025-06-03T15:27:12.545+0000] {usd_rate_fetcher.py:103} INFO - Saved 79.67 for GBP on 2020-01-15
[2025-06-03T15:27:12.546+0000] {usd_rate_fetcher.py:103} INFO - Saved 79.00 for HKD on 2020-01-15
[2025-06-03T15:27:12.547+0000] {usd_rate_fetcher.py:103} INFO - Saved 61.41 for USD on 2020-01-15
[2025-06-03T15:27:12.547+0000] {usd_rate_fetcher.py:103} INFO - Saved 68.42 for EUR on 2020-01-15
[2025-06-03T15:27:12.548+0000] {usd_rate_fetcher.py:103} INFO - Saved 89.20 for CNY on 2020-01-15
[2025-06-03T15:27:12.549+0000] {python.py:183} INFO - Done. Returned value was: None
[2025-06-03T15:27:12.557+0000] {taskinstance.py:1350} INFO - Marking task as SUCCESS. dag_id=usd_rate_fetcher, task_id=save_data_to_db, execution_date=20200115T000000, start_date=20250603T152712, end_date=20250603T152712
[2025-06-03T15:27:12.582+0000] {local_task_job_runner.py:225} INFO - Task exited with return code 0
[2025-06-03T15:27:12.597+0000] {taskinstance.py:2653} INFO - 0 downstream tasks scheduled from follow-on schedule check
