[2025-06-03T15:20:16.712+0000] {taskinstance.py:1103} INFO - Dependencies all met for dep_context=non-requeueable deps ti=<TaskInstance: usd_rate_fetcher.save_data_to_db scheduled__2020-02-25T00:00:00+00:00 [queued]>
[2025-06-03T15:20:16.719+0000] {taskinstance.py:1103} INFO - Dependencies all met for dep_context=requeueable deps ti=<TaskInstance: usd_rate_fetcher.save_data_to_db scheduled__2020-02-25T00:00:00+00:00 [queued]>
[2025-06-03T15:20:16.719+0000] {taskinstance.py:1308} INFO - Starting attempt 1 of 3
[2025-06-03T15:20:16.729+0000] {taskinstance.py:1327} INFO - Executing <Task(_PythonDecoratedOperator): save_data_to_db> on 2020-02-25 00:00:00+00:00
[2025-06-03T15:20:16.736+0000] {standard_task_runner.py:57} INFO - Started process 15387 to run task
[2025-06-03T15:20:16.738+0000] {standard_task_runner.py:84} INFO - Running: ['***', 'tasks', 'run', 'usd_rate_fetcher', 'save_data_to_db', 'scheduled__2020-02-25T00:00:00+00:00', '--job-id', '8717', '--raw', '--subdir', 'DAGS_FOLDER/usd_rate_fetcher.py', '--cfg-path', '/tmp/tmpe75a507j']
[2025-06-03T15:20:16.739+0000] {standard_task_runner.py:85} INFO - Job 8717: Subtask save_data_to_db
[2025-06-03T15:20:16.777+0000] {task_command.py:410} INFO - Running <TaskInstance: usd_rate_fetcher.save_data_to_db scheduled__2020-02-25T00:00:00+00:00 [running]> on host 40869fde016f
[2025-06-03T15:20:16.956+0000] {logging_mixin.py:150} WARNING - /home/***/.local/lib/python3.7/site-packages/***/utils/context.py:205 AirflowContextDeprecationWarning: Accessing 'execution_date' from the template is deprecated and will be removed in a future version. Please use 'data_interval_start' or 'logical_date' instead.
[2025-06-03T15:20:16.989+0000] {taskinstance.py:1547} INFO - Exporting env vars: AIRFLOW_CTX_DAG_OWNER='***' AIRFLOW_CTX_DAG_ID='usd_rate_fetcher' AIRFLOW_CTX_TASK_ID='save_data_to_db' AIRFLOW_CTX_EXECUTION_DATE='2020-02-25T00:00:00+00:00' AIRFLOW_CTX_TRY_NUMBER='1' AIRFLOW_CTX_DAG_RUN_ID='scheduled__2020-02-25T00:00:00+00:00'
[2025-06-03T15:20:16.990+0000] {usd_rate_fetcher.py:80} INFO - Received USD rate: {'date': datetime.date(2020, 2, 25), 'content': [{'Фунт стерлингов': 82.9866}, {'Доллар США': 64.3008}, {'Евро': 69.4191}]} for date 2020-02-25
[2025-06-03T15:20:16.997+0000] {base.py:73} INFO - Using connection ID 'pg_database' for task execution.
[2025-06-03T15:20:17.000+0000] {usd_rate_fetcher.py:103} INFO - Saved 82.99 for Фунт стерлингов on 2020-02-25
[2025-06-03T15:20:17.001+0000] {usd_rate_fetcher.py:103} INFO - Saved 64.30 for Доллар США on 2020-02-25
[2025-06-03T15:20:17.001+0000] {usd_rate_fetcher.py:103} INFO - Saved 69.42 for Евро on 2020-02-25
[2025-06-03T15:20:17.002+0000] {python.py:183} INFO - Done. Returned value was: None
[2025-06-03T15:20:17.010+0000] {taskinstance.py:1350} INFO - Marking task as SUCCESS. dag_id=usd_rate_fetcher, task_id=save_data_to_db, execution_date=20200225T000000, start_date=20250603T152016, end_date=20250603T152017
[2025-06-03T15:20:17.033+0000] {local_task_job_runner.py:225} INFO - Task exited with return code 0
[2025-06-03T15:20:17.045+0000] {taskinstance.py:2653} INFO - 0 downstream tasks scheduled from follow-on schedule check
[2025-06-03T15:29:36.989+0000] {taskinstance.py:1103} INFO - Dependencies all met for dep_context=non-requeueable deps ti=<TaskInstance: usd_rate_fetcher.save_data_to_db scheduled__2020-02-25T00:00:00+00:00 [queued]>
[2025-06-03T15:29:37.002+0000] {taskinstance.py:1103} INFO - Dependencies all met for dep_context=requeueable deps ti=<TaskInstance: usd_rate_fetcher.save_data_to_db scheduled__2020-02-25T00:00:00+00:00 [queued]>
[2025-06-03T15:29:37.002+0000] {taskinstance.py:1308} INFO - Starting attempt 1 of 3
[2025-06-03T15:29:37.104+0000] {taskinstance.py:1327} INFO - Executing <Task(_PythonDecoratedOperator): save_data_to_db> on 2020-02-25 00:00:00+00:00
[2025-06-03T15:29:37.127+0000] {standard_task_runner.py:57} INFO - Started process 18018 to run task
[2025-06-03T15:29:37.136+0000] {standard_task_runner.py:84} INFO - Running: ['***', 'tasks', 'run', 'usd_rate_fetcher', 'save_data_to_db', 'scheduled__2020-02-25T00:00:00+00:00', '--job-id', '8871', '--raw', '--subdir', 'DAGS_FOLDER/usd_rate_fetcher.py', '--cfg-path', '/tmp/tmpzttvgih5']
[2025-06-03T15:29:37.138+0000] {standard_task_runner.py:85} INFO - Job 8871: Subtask save_data_to_db
[2025-06-03T15:29:37.257+0000] {task_command.py:410} INFO - Running <TaskInstance: usd_rate_fetcher.save_data_to_db scheduled__2020-02-25T00:00:00+00:00 [running]> on host 40869fde016f
[2025-06-03T15:29:37.352+0000] {logging_mixin.py:150} WARNING - /home/***/.local/lib/python3.7/site-packages/***/utils/context.py:205 AirflowContextDeprecationWarning: Accessing 'execution_date' from the template is deprecated and will be removed in a future version. Please use 'data_interval_start' or 'logical_date' instead.
[2025-06-03T15:29:37.475+0000] {taskinstance.py:1547} INFO - Exporting env vars: AIRFLOW_CTX_DAG_OWNER='***' AIRFLOW_CTX_DAG_ID='usd_rate_fetcher' AIRFLOW_CTX_TASK_ID='save_data_to_db' AIRFLOW_CTX_EXECUTION_DATE='2020-02-25T00:00:00+00:00' AIRFLOW_CTX_TRY_NUMBER='1' AIRFLOW_CTX_DAG_RUN_ID='scheduled__2020-02-25T00:00:00+00:00'
[2025-06-03T15:29:37.477+0000] {usd_rate_fetcher.py:80} INFO - Received USD rate: {'date': datetime.date(2020, 2, 25), 'content': [{'GBP': 82.9866}, {'HKD': 82.5438}, {'USD': 64.3008}, {'EUR': 69.4191}, {'CNY': 91.3571}]} for date 2020-02-25
[2025-06-03T15:29:37.487+0000] {base.py:73} INFO - Using connection ID 'pg_database' for task execution.
[2025-06-03T15:29:37.496+0000] {usd_rate_fetcher.py:103} INFO - Saved 82.99 for GBP on 2020-02-25
[2025-06-03T15:29:37.497+0000] {usd_rate_fetcher.py:103} INFO - Saved 82.54 for HKD on 2020-02-25
[2025-06-03T15:29:37.497+0000] {usd_rate_fetcher.py:103} INFO - Saved 64.30 for USD on 2020-02-25
[2025-06-03T15:29:37.498+0000] {usd_rate_fetcher.py:103} INFO - Saved 69.42 for EUR on 2020-02-25
[2025-06-03T15:29:37.498+0000] {usd_rate_fetcher.py:103} INFO - Saved 91.36 for CNY on 2020-02-25
[2025-06-03T15:29:37.503+0000] {python.py:183} INFO - Done. Returned value was: None
[2025-06-03T15:29:37.514+0000] {taskinstance.py:1350} INFO - Marking task as SUCCESS. dag_id=usd_rate_fetcher, task_id=save_data_to_db, execution_date=20200225T000000, start_date=20250603T152936, end_date=20250603T152937
[2025-06-03T15:29:37.633+0000] {local_task_job_runner.py:225} INFO - Task exited with return code 0
[2025-06-03T15:29:37.671+0000] {taskinstance.py:2653} INFO - 0 downstream tasks scheduled from follow-on schedule check
