[2025-06-01T15:57:39.283+0000] {taskinstance.py:1103} INFO - Dependencies all met for dep_context=non-requeueable deps ti=<TaskInstance: second_dag.save_data_task scheduled__2021-01-26T00:00:00+00:00 [queued]>
[2025-06-01T15:57:39.290+0000] {taskinstance.py:1103} INFO - Dependencies all met for dep_context=requeueable deps ti=<TaskInstance: second_dag.save_data_task scheduled__2021-01-26T00:00:00+00:00 [queued]>
[2025-06-01T15:57:39.290+0000] {taskinstance.py:1308} INFO - Starting attempt 3 of 3
[2025-06-01T15:57:39.301+0000] {taskinstance.py:1327} INFO - Executing <Task(PythonOperator): save_data_task> on 2021-01-26 00:00:00+00:00
[2025-06-01T15:57:39.307+0000] {standard_task_runner.py:57} INFO - Started process 28641 to run task
[2025-06-01T15:57:39.309+0000] {standard_task_runner.py:84} INFO - Running: ['***', 'tasks', 'run', 'second_dag', 'save_data_task', 'scheduled__2021-01-26T00:00:00+00:00', '--job-id', '1235', '--raw', '--subdir', 'DAGS_FOLDER/my_second_dag.py', '--cfg-path', '/tmp/tmpr8b0d7ts']
[2025-06-01T15:57:39.310+0000] {standard_task_runner.py:85} INFO - Job 1235: Subtask save_data_task
[2025-06-01T15:57:39.343+0000] {task_command.py:410} INFO - Running <TaskInstance: second_dag.save_data_task scheduled__2021-01-26T00:00:00+00:00 [running]> on host 27c4b93144a0
[2025-06-01T15:57:39.504+0000] {taskinstance.py:1547} INFO - Exporting env vars: AIRFLOW_CTX_DAG_OWNER='***' AIRFLOW_CTX_DAG_ID='second_dag' AIRFLOW_CTX_TASK_ID='save_data_task' AIRFLOW_CTX_EXECUTION_DATE='2021-01-26T00:00:00+00:00' AIRFLOW_CTX_TRY_NUMBER='3' AIRFLOW_CTX_DAG_RUN_ID='scheduled__2021-01-26T00:00:00+00:00'
[2025-06-01T15:57:39.512+0000] {my_second_dag.py:51} INFO - Fetching value USD: 74.8569
[2025-06-01T15:57:39.518+0000] {base.py:73} INFO - Using connection ID 'pg_database' for task execution.
[2025-06-01T15:57:39.526+0000] {logging_mixin.py:150} WARNING - /home/***/.local/lib/python3.7/site-packages/***/utils/context.py:313 AirflowContextDeprecationWarning: Accessing 'execution_date' from the template is deprecated and will be removed in a future version. Please use 'data_interval_start' or 'logical_date' instead.
[2025-06-01T15:57:39.526+0000] {taskinstance.py:1824} ERROR - Task failed with exception
Traceback (most recent call last):
  File "/home/airflow/.local/lib/python3.7/site-packages/airflow/operators/python.py", line 181, in execute
    return_value = self.execute_callable()
  File "/home/airflow/.local/lib/python3.7/site-packages/airflow/operators/python.py", line 198, in execute_callable
    return self.python_callable(*self.op_args, **self.op_kwargs)
  File "/opt/airflow/dags/my_second_dag.py", line 65, in save_data_to_db
    VALUES ({execution_date}, {data.strftime("%Y-%m-%d")})""")
AttributeError: 'float' object has no attribute 'strftime'
[2025-06-01T15:57:39.531+0000] {taskinstance.py:1350} INFO - Marking task as FAILED. dag_id=second_dag, task_id=save_data_task, execution_date=20210126T000000, start_date=20250601T155739, end_date=20250601T155739
[2025-06-01T15:57:39.539+0000] {standard_task_runner.py:109} ERROR - Failed to execute job 1235 for task save_data_task ('float' object has no attribute 'strftime'; 28641)
[2025-06-01T15:57:39.561+0000] {local_task_job_runner.py:225} INFO - Task exited with return code 1
[2025-06-01T15:57:39.575+0000] {taskinstance.py:2653} INFO - 0 downstream tasks scheduled from follow-on schedule check
