[2025-06-03T09:17:32.812+0000] {taskinstance.py:1103} INFO - Dependencies all met for dep_context=non-requeueable deps ti=<TaskInstance: usd_rate_fetcher_taskflow.fetch_data_from_api scheduled__2000-01-13T00:00:00+00:00 [queued]>
[2025-06-03T09:17:32.818+0000] {taskinstance.py:1103} INFO - Dependencies all met for dep_context=requeueable deps ti=<TaskInstance: usd_rate_fetcher_taskflow.fetch_data_from_api scheduled__2000-01-13T00:00:00+00:00 [queued]>
[2025-06-03T09:17:32.818+0000] {taskinstance.py:1308} INFO - Starting attempt 1 of 3
[2025-06-03T09:17:32.831+0000] {taskinstance.py:1327} INFO - Executing <Task(_PythonDecoratedOperator): fetch_data_from_api> on 2000-01-13 00:00:00+00:00
[2025-06-03T09:17:32.836+0000] {standard_task_runner.py:57} INFO - Started process 453 to run task
[2025-06-03T09:17:32.838+0000] {standard_task_runner.py:84} INFO - Running: ['***', 'tasks', 'run', 'usd_rate_fetcher_taskflow', 'fetch_data_from_api', 'scheduled__2000-01-13T00:00:00+00:00', '--job-id', '7404', '--raw', '--subdir', 'DAGS_FOLDER/usd_rate_fetcher.py', '--cfg-path', '/tmp/tmpq2f5u1fd']
[2025-06-03T09:17:32.839+0000] {standard_task_runner.py:85} INFO - Job 7404: Subtask fetch_data_from_api
[2025-06-03T09:17:32.891+0000] {task_command.py:410} INFO - Running <TaskInstance: usd_rate_fetcher_taskflow.fetch_data_from_api scheduled__2000-01-13T00:00:00+00:00 [running]> on host 40869fde016f
[2025-06-03T09:17:33.053+0000] {logging_mixin.py:150} WARNING - /home/***/.local/lib/python3.7/site-packages/***/utils/context.py:205 AirflowContextDeprecationWarning: Accessing 'execution_date' from the template is deprecated and will be removed in a future version. Please use 'data_interval_start' or 'logical_date' instead.
[2025-06-03T09:17:33.078+0000] {taskinstance.py:1547} INFO - Exporting env vars: AIRFLOW_CTX_DAG_OWNER='***' AIRFLOW_CTX_DAG_ID='usd_rate_fetcher_taskflow' AIRFLOW_CTX_TASK_ID='fetch_data_from_api' AIRFLOW_CTX_EXECUTION_DATE='2000-01-13T00:00:00+00:00' AIRFLOW_CTX_TRY_NUMBER='1' AIRFLOW_CTX_DAG_RUN_ID='scheduled__2000-01-13T00:00:00+00:00'
[2025-06-03T09:17:33.079+0000] {taskinstance.py:1824} ERROR - Task failed with exception
Traceback (most recent call last):
  File "/home/airflow/.local/lib/python3.7/site-packages/airflow/decorators/base.py", line 220, in execute
    return_value = super().execute(context)
  File "/home/airflow/.local/lib/python3.7/site-packages/airflow/operators/python.py", line 181, in execute
    return_value = self.execute_callable()
  File "/home/airflow/.local/lib/python3.7/site-packages/airflow/operators/python.py", line 198, in execute_callable
    return self.python_callable(*self.op_args, **self.op_kwargs)
  File "/opt/airflow/dags/usd_rate_fetcher.py", line 30, in fetch_data_from_api
    date_str = execution_date.strftime("%d/%m/%Y")
AttributeError: 'str' object has no attribute 'strftime'
[2025-06-03T09:17:33.084+0000] {taskinstance.py:1350} INFO - Marking task as UP_FOR_RETRY. dag_id=usd_rate_fetcher_taskflow, task_id=fetch_data_from_api, execution_date=20000113T000000, start_date=20250603T091732, end_date=20250603T091733
[2025-06-03T09:17:33.091+0000] {standard_task_runner.py:109} ERROR - Failed to execute job 7404 for task fetch_data_from_api ('str' object has no attribute 'strftime'; 453)
[2025-06-03T09:17:33.130+0000] {local_task_job_runner.py:225} INFO - Task exited with return code 1
[2025-06-03T09:17:33.150+0000] {taskinstance.py:2653} INFO - 0 downstream tasks scheduled from follow-on schedule check
[2025-06-03T09:34:45.473+0000] {taskinstance.py:1103} INFO - Dependencies all met for dep_context=non-requeueable deps ti=<TaskInstance: usd_rate_fetcher_taskflow.fetch_data_from_api scheduled__2000-01-13T00:00:00+00:00 [queued]>
[2025-06-03T09:34:45.507+0000] {taskinstance.py:1103} INFO - Dependencies all met for dep_context=requeueable deps ti=<TaskInstance: usd_rate_fetcher_taskflow.fetch_data_from_api scheduled__2000-01-13T00:00:00+00:00 [queued]>
[2025-06-03T09:34:45.508+0000] {taskinstance.py:1308} INFO - Starting attempt 1 of 3
[2025-06-03T09:34:45.574+0000] {taskinstance.py:1327} INFO - Executing <Task(_PythonDecoratedOperator): fetch_data_from_api> on 2000-01-13 00:00:00+00:00
[2025-06-03T09:34:45.584+0000] {standard_task_runner.py:57} INFO - Started process 9848 to run task
[2025-06-03T09:34:45.594+0000] {standard_task_runner.py:84} INFO - Running: ['***', 'tasks', 'run', 'usd_rate_fetcher_taskflow', 'fetch_data_from_api', 'scheduled__2000-01-13T00:00:00+00:00', '--job-id', '7976', '--raw', '--subdir', 'DAGS_FOLDER/usd_rate_fetcher.py', '--cfg-path', '/tmp/tmps_7em15e']
[2025-06-03T09:34:45.596+0000] {standard_task_runner.py:85} INFO - Job 7976: Subtask fetch_data_from_api
[2025-06-03T09:34:45.655+0000] {task_command.py:410} INFO - Running <TaskInstance: usd_rate_fetcher_taskflow.fetch_data_from_api scheduled__2000-01-13T00:00:00+00:00 [running]> on host 40869fde016f
[2025-06-03T09:34:45.872+0000] {logging_mixin.py:150} WARNING - /home/***/.local/lib/python3.7/site-packages/***/utils/context.py:205 AirflowContextDeprecationWarning: Accessing 'execution_date' from the template is deprecated and will be removed in a future version. Please use 'data_interval_start' or 'logical_date' instead.
[2025-06-03T09:34:45.985+0000] {taskinstance.py:1547} INFO - Exporting env vars: AIRFLOW_CTX_DAG_OWNER='***' AIRFLOW_CTX_DAG_ID='usd_rate_fetcher_taskflow' AIRFLOW_CTX_TASK_ID='fetch_data_from_api' AIRFLOW_CTX_EXECUTION_DATE='2000-01-13T00:00:00+00:00' AIRFLOW_CTX_TRY_NUMBER='1' AIRFLOW_CTX_DAG_RUN_ID='scheduled__2000-01-13T00:00:00+00:00'
[2025-06-03T09:34:45.988+0000] {usd_rate_fetcher.py:34} INFO - Fetching data for date: 13/01/2000
[2025-06-03T09:34:46.082+0000] {python.py:183} INFO - Done. Returned value was: 28.85
[2025-06-03T09:34:46.135+0000] {taskinstance.py:1350} INFO - Marking task as SUCCESS. dag_id=usd_rate_fetcher_taskflow, task_id=fetch_data_from_api, execution_date=20000113T000000, start_date=20250603T093445, end_date=20250603T093446
[2025-06-03T09:34:46.249+0000] {local_task_job_runner.py:225} INFO - Task exited with return code 0
[2025-06-03T09:34:46.287+0000] {taskinstance.py:2653} INFO - 1 downstream tasks scheduled from follow-on schedule check
[2025-06-03T09:35:41.431+0000] {taskinstance.py:1103} INFO - Dependencies all met for dep_context=non-requeueable deps ti=<TaskInstance: usd_rate_fetcher_taskflow.fetch_data_from_api scheduled__2000-01-13T00:00:00+00:00 [queued]>
[2025-06-03T09:35:41.443+0000] {taskinstance.py:1103} INFO - Dependencies all met for dep_context=requeueable deps ti=<TaskInstance: usd_rate_fetcher_taskflow.fetch_data_from_api scheduled__2000-01-13T00:00:00+00:00 [queued]>
[2025-06-03T09:35:41.443+0000] {taskinstance.py:1308} INFO - Starting attempt 1 of 3
[2025-06-03T09:35:41.472+0000] {taskinstance.py:1327} INFO - Executing <Task(_PythonDecoratedOperator): fetch_data_from_api> on 2000-01-13 00:00:00+00:00
[2025-06-03T09:35:41.479+0000] {standard_task_runner.py:57} INFO - Started process 10252 to run task
[2025-06-03T09:35:41.486+0000] {standard_task_runner.py:84} INFO - Running: ['***', 'tasks', 'run', 'usd_rate_fetcher_taskflow', 'fetch_data_from_api', 'scheduled__2000-01-13T00:00:00+00:00', '--job-id', '8002', '--raw', '--subdir', 'DAGS_FOLDER/usd_rate_fetcher.py', '--cfg-path', '/tmp/tmpgchiln1q']
[2025-06-03T09:35:41.508+0000] {standard_task_runner.py:85} INFO - Job 8002: Subtask fetch_data_from_api
[2025-06-03T09:35:41.625+0000] {task_command.py:410} INFO - Running <TaskInstance: usd_rate_fetcher_taskflow.fetch_data_from_api scheduled__2000-01-13T00:00:00+00:00 [running]> on host 40869fde016f
[2025-06-03T09:35:41.913+0000] {logging_mixin.py:150} WARNING - /home/***/.local/lib/python3.7/site-packages/***/utils/context.py:205 AirflowContextDeprecationWarning: Accessing 'execution_date' from the template is deprecated and will be removed in a future version. Please use 'data_interval_start' or 'logical_date' instead.
[2025-06-03T09:35:41.969+0000] {taskinstance.py:1547} INFO - Exporting env vars: AIRFLOW_CTX_DAG_OWNER='***' AIRFLOW_CTX_DAG_ID='usd_rate_fetcher_taskflow' AIRFLOW_CTX_TASK_ID='fetch_data_from_api' AIRFLOW_CTX_EXECUTION_DATE='2000-01-13T00:00:00+00:00' AIRFLOW_CTX_TRY_NUMBER='1' AIRFLOW_CTX_DAG_RUN_ID='scheduled__2000-01-13T00:00:00+00:00'
[2025-06-03T09:35:41.970+0000] {usd_rate_fetcher.py:34} INFO - Fetching data for date: 13/01/2000
[2025-06-03T09:35:42.110+0000] {python.py:183} INFO - Done. Returned value was: 28.85
[2025-06-03T09:35:42.173+0000] {taskinstance.py:1350} INFO - Marking task as SUCCESS. dag_id=usd_rate_fetcher_taskflow, task_id=fetch_data_from_api, execution_date=20000113T000000, start_date=20250603T093541, end_date=20250603T093542
[2025-06-03T09:35:42.238+0000] {local_task_job_runner.py:225} INFO - Task exited with return code 0
[2025-06-03T09:35:42.339+0000] {taskinstance.py:2653} INFO - 0 downstream tasks scheduled from follow-on schedule check
