[2025-06-03T15:20:23.650+0000] {taskinstance.py:1103} INFO - Dependencies all met for dep_context=non-requeueable deps ti=<TaskInstance: usd_rate_fetcher.save_data_to_db scheduled__2020-03-16T00:00:00+00:00 [queued]>
[2025-06-03T15:20:23.657+0000] {taskinstance.py:1103} INFO - Dependencies all met for dep_context=requeueable deps ti=<TaskInstance: usd_rate_fetcher.save_data_to_db scheduled__2020-03-16T00:00:00+00:00 [queued]>
[2025-06-03T15:20:23.657+0000] {taskinstance.py:1308} INFO - Starting attempt 1 of 3
[2025-06-03T15:20:23.668+0000] {taskinstance.py:1327} INFO - Executing <Task(_PythonDecoratedOperator): save_data_to_db> on 2020-03-16 00:00:00+00:00
[2025-06-03T15:20:23.674+0000] {standard_task_runner.py:57} INFO - Started process 15861 to run task
[2025-06-03T15:20:23.677+0000] {standard_task_runner.py:84} INFO - Running: ['***', 'tasks', 'run', 'usd_rate_fetcher', 'save_data_to_db', 'scheduled__2020-03-16T00:00:00+00:00', '--job-id', '8753', '--raw', '--subdir', 'DAGS_FOLDER/usd_rate_fetcher.py', '--cfg-path', '/tmp/tmp7riko8ls']
[2025-06-03T15:20:23.678+0000] {standard_task_runner.py:85} INFO - Job 8753: Subtask save_data_to_db
[2025-06-03T15:20:23.711+0000] {task_command.py:410} INFO - Running <TaskInstance: usd_rate_fetcher.save_data_to_db scheduled__2020-03-16T00:00:00+00:00 [running]> on host 40869fde016f
[2025-06-03T15:20:23.857+0000] {logging_mixin.py:150} WARNING - /home/***/.local/lib/python3.7/site-packages/***/utils/context.py:205 AirflowContextDeprecationWarning: Accessing 'execution_date' from the template is deprecated and will be removed in a future version. Please use 'data_interval_start' or 'logical_date' instead.
[2025-06-03T15:20:23.882+0000] {taskinstance.py:1547} INFO - Exporting env vars: AIRFLOW_CTX_DAG_OWNER='***' AIRFLOW_CTX_DAG_ID='usd_rate_fetcher' AIRFLOW_CTX_TASK_ID='save_data_to_db' AIRFLOW_CTX_EXECUTION_DATE='2020-03-16T00:00:00+00:00' AIRFLOW_CTX_TRY_NUMBER='1' AIRFLOW_CTX_DAG_RUN_ID='scheduled__2020-03-16T00:00:00+00:00'
[2025-06-03T15:20:23.883+0000] {usd_rate_fetcher.py:80} INFO - Received USD rate: {'date': datetime.date(2020, 3, 16), 'content': [{'Фунт стерлингов': 92.2684}, {'Доллар США': 73.1882}, {'Евро': 81.861}, {'Юань': 10.4653}]} for date 2020-03-16
[2025-06-03T15:20:23.888+0000] {base.py:73} INFO - Using connection ID 'pg_database' for task execution.
[2025-06-03T15:20:23.892+0000] {usd_rate_fetcher.py:103} INFO - Saved 92.27 for Фунт стерлингов on 2020-03-16
[2025-06-03T15:20:23.892+0000] {usd_rate_fetcher.py:103} INFO - Saved 73.19 for Доллар США on 2020-03-16
[2025-06-03T15:20:23.893+0000] {usd_rate_fetcher.py:103} INFO - Saved 81.86 for Евро on 2020-03-16
[2025-06-03T15:20:23.893+0000] {usd_rate_fetcher.py:103} INFO - Saved 10.47 for Юань on 2020-03-16
[2025-06-03T15:20:23.894+0000] {python.py:183} INFO - Done. Returned value was: None
[2025-06-03T15:20:23.900+0000] {taskinstance.py:1350} INFO - Marking task as SUCCESS. dag_id=usd_rate_fetcher, task_id=save_data_to_db, execution_date=20200316T000000, start_date=20250603T152023, end_date=20250603T152023
[2025-06-03T15:20:23.931+0000] {local_task_job_runner.py:225} INFO - Task exited with return code 0
[2025-06-03T15:20:23.946+0000] {taskinstance.py:2653} INFO - 0 downstream tasks scheduled from follow-on schedule check
[2025-06-03T15:29:43.223+0000] {taskinstance.py:1103} INFO - Dependencies all met for dep_context=non-requeueable deps ti=<TaskInstance: usd_rate_fetcher.save_data_to_db scheduled__2020-03-16T00:00:00+00:00 [queued]>
[2025-06-03T15:29:43.243+0000] {taskinstance.py:1103} INFO - Dependencies all met for dep_context=requeueable deps ti=<TaskInstance: usd_rate_fetcher.save_data_to_db scheduled__2020-03-16T00:00:00+00:00 [queued]>
[2025-06-03T15:29:43.243+0000] {taskinstance.py:1308} INFO - Starting attempt 1 of 3
[2025-06-03T15:29:43.264+0000] {taskinstance.py:1327} INFO - Executing <Task(_PythonDecoratedOperator): save_data_to_db> on 2020-03-16 00:00:00+00:00
[2025-06-03T15:29:43.273+0000] {standard_task_runner.py:57} INFO - Started process 18477 to run task
[2025-06-03T15:29:43.293+0000] {standard_task_runner.py:84} INFO - Running: ['***', 'tasks', 'run', 'usd_rate_fetcher', 'save_data_to_db', 'scheduled__2020-03-16T00:00:00+00:00', '--job-id', '8905', '--raw', '--subdir', 'DAGS_FOLDER/usd_rate_fetcher.py', '--cfg-path', '/tmp/tmpqnxf8n9q']
[2025-06-03T15:29:43.295+0000] {standard_task_runner.py:85} INFO - Job 8905: Subtask save_data_to_db
[2025-06-03T15:29:43.383+0000] {task_command.py:410} INFO - Running <TaskInstance: usd_rate_fetcher.save_data_to_db scheduled__2020-03-16T00:00:00+00:00 [running]> on host 40869fde016f
[2025-06-03T15:29:43.634+0000] {logging_mixin.py:150} WARNING - /home/***/.local/lib/python3.7/site-packages/***/utils/context.py:205 AirflowContextDeprecationWarning: Accessing 'execution_date' from the template is deprecated and will be removed in a future version. Please use 'data_interval_start' or 'logical_date' instead.
[2025-06-03T15:29:43.679+0000] {taskinstance.py:1547} INFO - Exporting env vars: AIRFLOW_CTX_DAG_OWNER='***' AIRFLOW_CTX_DAG_ID='usd_rate_fetcher' AIRFLOW_CTX_TASK_ID='save_data_to_db' AIRFLOW_CTX_EXECUTION_DATE='2020-03-16T00:00:00+00:00' AIRFLOW_CTX_TRY_NUMBER='1' AIRFLOW_CTX_DAG_RUN_ID='scheduled__2020-03-16T00:00:00+00:00'
[2025-06-03T15:29:43.680+0000] {usd_rate_fetcher.py:80} INFO - Received USD rate: {'date': datetime.date(2020, 3, 16), 'content': [{'GBP': 92.2684}, {'HKD': 94.2479}, {'USD': 73.1882}, {'EUR': 81.861}, {'CNY': 10.4653}]} for date 2020-03-16
[2025-06-03T15:29:43.693+0000] {base.py:73} INFO - Using connection ID 'pg_database' for task execution.
[2025-06-03T15:29:43.699+0000] {usd_rate_fetcher.py:103} INFO - Saved 92.27 for GBP on 2020-03-16
[2025-06-03T15:29:43.699+0000] {usd_rate_fetcher.py:103} INFO - Saved 94.25 for HKD on 2020-03-16
[2025-06-03T15:29:43.700+0000] {usd_rate_fetcher.py:103} INFO - Saved 73.19 for USD on 2020-03-16
[2025-06-03T15:29:43.700+0000] {usd_rate_fetcher.py:103} INFO - Saved 81.86 for EUR on 2020-03-16
[2025-06-03T15:29:43.701+0000] {usd_rate_fetcher.py:103} INFO - Saved 10.47 for CNY on 2020-03-16
[2025-06-03T15:29:43.702+0000] {python.py:183} INFO - Done. Returned value was: None
[2025-06-03T15:29:43.714+0000] {taskinstance.py:1350} INFO - Marking task as SUCCESS. dag_id=usd_rate_fetcher, task_id=save_data_to_db, execution_date=20200316T000000, start_date=20250603T152943, end_date=20250603T152943
[2025-06-03T15:29:43.747+0000] {local_task_job_runner.py:225} INFO - Task exited with return code 0
[2025-06-03T15:29:43.766+0000] {taskinstance.py:2653} INFO - 0 downstream tasks scheduled from follow-on schedule check
