[2025-06-03T15:30:11.203+0000] {taskinstance.py:1103} INFO - Dependencies all met for dep_context=non-requeueable deps ti=<TaskInstance: usd_rate_fetcher.save_data_to_db scheduled__2020-05-14T00:00:00+00:00 [queued]>
[2025-06-03T15:30:11.212+0000] {taskinstance.py:1103} INFO - Dependencies all met for dep_context=requeueable deps ti=<TaskInstance: usd_rate_fetcher.save_data_to_db scheduled__2020-05-14T00:00:00+00:00 [queued]>
[2025-06-03T15:30:11.213+0000] {taskinstance.py:1308} INFO - Starting attempt 1 of 3
[2025-06-03T15:30:11.261+0000] {taskinstance.py:1327} INFO - Executing <Task(_PythonDecoratedOperator): save_data_to_db> on 2020-05-14 00:00:00+00:00
[2025-06-03T15:30:11.268+0000] {standard_task_runner.py:57} INFO - Started process 20143 to run task
[2025-06-03T15:30:11.282+0000] {standard_task_runner.py:84} INFO - Running: ['***', 'tasks', 'run', 'usd_rate_fetcher', 'save_data_to_db', 'scheduled__2020-05-14T00:00:00+00:00', '--job-id', '9024', '--raw', '--subdir', 'DAGS_FOLDER/usd_rate_fetcher.py', '--cfg-path', '/tmp/tmp2uv4qifv']
[2025-06-03T15:30:11.302+0000] {standard_task_runner.py:85} INFO - Job 9024: Subtask save_data_to_db
[2025-06-03T15:30:11.367+0000] {task_command.py:410} INFO - Running <TaskInstance: usd_rate_fetcher.save_data_to_db scheduled__2020-05-14T00:00:00+00:00 [running]> on host 40869fde016f
[2025-06-03T15:30:11.708+0000] {logging_mixin.py:150} WARNING - /home/***/.local/lib/python3.7/site-packages/***/utils/context.py:205 AirflowContextDeprecationWarning: Accessing 'execution_date' from the template is deprecated and will be removed in a future version. Please use 'data_interval_start' or 'logical_date' instead.
[2025-06-03T15:30:11.805+0000] {taskinstance.py:1547} INFO - Exporting env vars: AIRFLOW_CTX_DAG_OWNER='***' AIRFLOW_CTX_DAG_ID='usd_rate_fetcher' AIRFLOW_CTX_TASK_ID='save_data_to_db' AIRFLOW_CTX_EXECUTION_DATE='2020-05-14T00:00:00+00:00' AIRFLOW_CTX_TRY_NUMBER='1' AIRFLOW_CTX_DAG_RUN_ID='scheduled__2020-05-14T00:00:00+00:00'
[2025-06-03T15:30:11.809+0000] {usd_rate_fetcher.py:80} INFO - Received USD rate: {'date': datetime.date(2020, 5, 14), 'content': [{'GBP': 90.3144}, {'HKD': 94.937}, {'USD': 73.5819}, {'EUR': 79.7775}, {'CNY': 10.372}]} for date 2020-05-14
[2025-06-03T15:30:11.822+0000] {base.py:73} INFO - Using connection ID 'pg_database' for task execution.
[2025-06-03T15:30:11.835+0000] {usd_rate_fetcher.py:103} INFO - Saved 90.31 for GBP on 2020-05-14
[2025-06-03T15:30:11.835+0000] {usd_rate_fetcher.py:103} INFO - Saved 94.94 for HKD on 2020-05-14
[2025-06-03T15:30:11.836+0000] {usd_rate_fetcher.py:103} INFO - Saved 73.58 for USD on 2020-05-14
[2025-06-03T15:30:11.836+0000] {usd_rate_fetcher.py:103} INFO - Saved 79.78 for EUR on 2020-05-14
[2025-06-03T15:30:11.837+0000] {usd_rate_fetcher.py:103} INFO - Saved 10.37 for CNY on 2020-05-14
[2025-06-03T15:30:11.842+0000] {python.py:183} INFO - Done. Returned value was: None
[2025-06-03T15:30:11.855+0000] {taskinstance.py:1350} INFO - Marking task as SUCCESS. dag_id=usd_rate_fetcher, task_id=save_data_to_db, execution_date=20200514T000000, start_date=20250603T153011, end_date=20250603T153011
[2025-06-03T15:30:11.932+0000] {local_task_job_runner.py:225} INFO - Task exited with return code 0
[2025-06-03T15:30:11.954+0000] {taskinstance.py:2653} INFO - 0 downstream tasks scheduled from follow-on schedule check
