[2025-06-03T15:29:50.408+0000] {taskinstance.py:1103} INFO - Dependencies all met for dep_context=non-requeueable deps ti=<TaskInstance: usd_rate_fetcher.save_data_to_db scheduled__2020-04-03T00:00:00+00:00 [queued]>
[2025-06-03T15:29:50.416+0000] {taskinstance.py:1103} INFO - Dependencies all met for dep_context=requeueable deps ti=<TaskInstance: usd_rate_fetcher.save_data_to_db scheduled__2020-04-03T00:00:00+00:00 [queued]>
[2025-06-03T15:29:50.416+0000] {taskinstance.py:1308} INFO - Starting attempt 1 of 3
[2025-06-03T15:29:50.430+0000] {taskinstance.py:1327} INFO - Executing <Task(_PythonDecoratedOperator): save_data_to_db> on 2020-04-03 00:00:00+00:00
[2025-06-03T15:29:50.438+0000] {standard_task_runner.py:57} INFO - Started process 18991 to run task
[2025-06-03T15:29:50.441+0000] {standard_task_runner.py:84} INFO - Running: ['***', 'tasks', 'run', 'usd_rate_fetcher', 'save_data_to_db', 'scheduled__2020-04-03T00:00:00+00:00', '--job-id', '8945', '--raw', '--subdir', 'DAGS_FOLDER/usd_rate_fetcher.py', '--cfg-path', '/tmp/tmp_ashm4i2']
[2025-06-03T15:29:50.443+0000] {standard_task_runner.py:85} INFO - Job 8945: Subtask save_data_to_db
[2025-06-03T15:29:50.479+0000] {task_command.py:410} INFO - Running <TaskInstance: usd_rate_fetcher.save_data_to_db scheduled__2020-04-03T00:00:00+00:00 [running]> on host 40869fde016f
[2025-06-03T15:29:50.691+0000] {logging_mixin.py:150} WARNING - /home/***/.local/lib/python3.7/site-packages/***/utils/context.py:205 AirflowContextDeprecationWarning: Accessing 'execution_date' from the template is deprecated and will be removed in a future version. Please use 'data_interval_start' or 'logical_date' instead.
[2025-06-03T15:29:50.730+0000] {taskinstance.py:1547} INFO - Exporting env vars: AIRFLOW_CTX_DAG_OWNER='***' AIRFLOW_CTX_DAG_ID='usd_rate_fetcher' AIRFLOW_CTX_TASK_ID='save_data_to_db' AIRFLOW_CTX_EXECUTION_DATE='2020-04-03T00:00:00+00:00' AIRFLOW_CTX_TRY_NUMBER='1' AIRFLOW_CTX_DAG_RUN_ID='scheduled__2020-04-03T00:00:00+00:00'
[2025-06-03T15:29:50.731+0000] {usd_rate_fetcher.py:80} INFO - Received USD rate: {'date': datetime.date(2020, 4, 3), 'content': [{'GBP': 94.5771}, {'HKD': 10.0279}, {'USD': 77.7325}, {'EUR': 85.7389}, {'CNY': 10.9611}]} for date 2020-04-03
[2025-06-03T15:29:50.740+0000] {base.py:73} INFO - Using connection ID 'pg_database' for task execution.
[2025-06-03T15:29:50.745+0000] {usd_rate_fetcher.py:103} INFO - Saved 94.58 for GBP on 2020-04-03
[2025-06-03T15:29:50.746+0000] {usd_rate_fetcher.py:103} INFO - Saved 10.03 for HKD on 2020-04-03
[2025-06-03T15:29:50.747+0000] {usd_rate_fetcher.py:103} INFO - Saved 77.73 for USD on 2020-04-03
[2025-06-03T15:29:50.747+0000] {usd_rate_fetcher.py:103} INFO - Saved 85.74 for EUR on 2020-04-03
[2025-06-03T15:29:50.747+0000] {usd_rate_fetcher.py:103} INFO - Saved 10.96 for CNY on 2020-04-03
[2025-06-03T15:29:50.748+0000] {python.py:183} INFO - Done. Returned value was: None
[2025-06-03T15:29:50.756+0000] {taskinstance.py:1350} INFO - Marking task as SUCCESS. dag_id=usd_rate_fetcher, task_id=save_data_to_db, execution_date=20200403T000000, start_date=20250603T152950, end_date=20250603T152950
[2025-06-03T15:29:50.779+0000] {local_task_job_runner.py:225} INFO - Task exited with return code 0
[2025-06-03T15:29:50.792+0000] {taskinstance.py:2653} INFO - 0 downstream tasks scheduled from follow-on schedule check
