[2025-06-03T15:20:09.720+0000] {taskinstance.py:1103} INFO - Dependencies all met for dep_context=non-requeueable deps ti=<TaskInstance: usd_rate_fetcher.save_data_to_db scheduled__2020-02-12T00:00:00+00:00 [queued]>
[2025-06-03T15:20:09.733+0000] {taskinstance.py:1103} INFO - Dependencies all met for dep_context=requeueable deps ti=<TaskInstance: usd_rate_fetcher.save_data_to_db scheduled__2020-02-12T00:00:00+00:00 [queued]>
[2025-06-03T15:20:09.733+0000] {taskinstance.py:1308} INFO - Starting attempt 1 of 3
[2025-06-03T15:20:09.749+0000] {taskinstance.py:1327} INFO - Executing <Task(_PythonDecoratedOperator): save_data_to_db> on 2020-02-12 00:00:00+00:00
[2025-06-03T15:20:09.755+0000] {standard_task_runner.py:57} INFO - Started process 14939 to run task
[2025-06-03T15:20:09.757+0000] {standard_task_runner.py:84} INFO - Running: ['***', 'tasks', 'run', 'usd_rate_fetcher', 'save_data_to_db', 'scheduled__2020-02-12T00:00:00+00:00', '--job-id', '8685', '--raw', '--subdir', 'DAGS_FOLDER/usd_rate_fetcher.py', '--cfg-path', '/tmp/tmpbsyw6mma']
[2025-06-03T15:20:09.760+0000] {standard_task_runner.py:85} INFO - Job 8685: Subtask save_data_to_db
[2025-06-03T15:20:09.796+0000] {task_command.py:410} INFO - Running <TaskInstance: usd_rate_fetcher.save_data_to_db scheduled__2020-02-12T00:00:00+00:00 [running]> on host 40869fde016f
[2025-06-03T15:20:09.967+0000] {logging_mixin.py:150} WARNING - /home/***/.local/lib/python3.7/site-packages/***/utils/context.py:205 AirflowContextDeprecationWarning: Accessing 'execution_date' from the template is deprecated and will be removed in a future version. Please use 'data_interval_start' or 'logical_date' instead.
[2025-06-03T15:20:10.003+0000] {taskinstance.py:1547} INFO - Exporting env vars: AIRFLOW_CTX_DAG_OWNER='***' AIRFLOW_CTX_DAG_ID='usd_rate_fetcher' AIRFLOW_CTX_TASK_ID='save_data_to_db' AIRFLOW_CTX_EXECUTION_DATE='2020-02-12T00:00:00+00:00' AIRFLOW_CTX_TRY_NUMBER='1' AIRFLOW_CTX_DAG_RUN_ID='scheduled__2020-02-12T00:00:00+00:00'
[2025-06-03T15:20:10.004+0000] {usd_rate_fetcher.py:80} INFO - Received USD rate: {'date': datetime.date(2020, 2, 12), 'content': [{'Фунт стерлингов': 82.5198}, {'Доллар США': 63.949}, {'Евро': 69.7684}]} for date 2020-02-12
[2025-06-03T15:20:10.011+0000] {base.py:73} INFO - Using connection ID 'pg_database' for task execution.
[2025-06-03T15:20:10.015+0000] {usd_rate_fetcher.py:103} INFO - Saved 82.52 for Фунт стерлингов on 2020-02-12
[2025-06-03T15:20:10.015+0000] {usd_rate_fetcher.py:103} INFO - Saved 63.95 for Доллар США on 2020-02-12
[2025-06-03T15:20:10.016+0000] {usd_rate_fetcher.py:103} INFO - Saved 69.77 for Евро on 2020-02-12
[2025-06-03T15:20:10.017+0000] {python.py:183} INFO - Done. Returned value was: None
[2025-06-03T15:20:10.024+0000] {taskinstance.py:1350} INFO - Marking task as SUCCESS. dag_id=usd_rate_fetcher, task_id=save_data_to_db, execution_date=20200212T000000, start_date=20250603T152009, end_date=20250603T152010
[2025-06-03T15:20:10.052+0000] {local_task_job_runner.py:225} INFO - Task exited with return code 0
[2025-06-03T15:20:10.066+0000] {taskinstance.py:2653} INFO - 0 downstream tasks scheduled from follow-on schedule check
[2025-06-03T15:27:25.266+0000] {taskinstance.py:1103} INFO - Dependencies all met for dep_context=non-requeueable deps ti=<TaskInstance: usd_rate_fetcher.save_data_to_db scheduled__2020-02-12T00:00:00+00:00 [queued]>
[2025-06-03T15:27:25.275+0000] {taskinstance.py:1103} INFO - Dependencies all met for dep_context=requeueable deps ti=<TaskInstance: usd_rate_fetcher.save_data_to_db scheduled__2020-02-12T00:00:00+00:00 [queued]>
[2025-06-03T15:27:25.276+0000] {taskinstance.py:1308} INFO - Starting attempt 1 of 3
[2025-06-03T15:27:25.290+0000] {taskinstance.py:1327} INFO - Executing <Task(_PythonDecoratedOperator): save_data_to_db> on 2020-02-12 00:00:00+00:00
[2025-06-03T15:27:25.297+0000] {standard_task_runner.py:57} INFO - Started process 17440 to run task
[2025-06-03T15:27:25.300+0000] {standard_task_runner.py:84} INFO - Running: ['***', 'tasks', 'run', 'usd_rate_fetcher', 'save_data_to_db', 'scheduled__2020-02-12T00:00:00+00:00', '--job-id', '8843', '--raw', '--subdir', 'DAGS_FOLDER/usd_rate_fetcher.py', '--cfg-path', '/tmp/tmpbrm39k7c']
[2025-06-03T15:27:25.301+0000] {standard_task_runner.py:85} INFO - Job 8843: Subtask save_data_to_db
[2025-06-03T15:27:25.343+0000] {task_command.py:410} INFO - Running <TaskInstance: usd_rate_fetcher.save_data_to_db scheduled__2020-02-12T00:00:00+00:00 [running]> on host 40869fde016f
[2025-06-03T15:27:25.584+0000] {logging_mixin.py:150} WARNING - /home/***/.local/lib/python3.7/site-packages/***/utils/context.py:205 AirflowContextDeprecationWarning: Accessing 'execution_date' from the template is deprecated and will be removed in a future version. Please use 'data_interval_start' or 'logical_date' instead.
[2025-06-03T15:27:25.613+0000] {taskinstance.py:1547} INFO - Exporting env vars: AIRFLOW_CTX_DAG_OWNER='***' AIRFLOW_CTX_DAG_ID='usd_rate_fetcher' AIRFLOW_CTX_TASK_ID='save_data_to_db' AIRFLOW_CTX_EXECUTION_DATE='2020-02-12T00:00:00+00:00' AIRFLOW_CTX_TRY_NUMBER='1' AIRFLOW_CTX_DAG_RUN_ID='scheduled__2020-02-12T00:00:00+00:00'
[2025-06-03T15:27:25.614+0000] {usd_rate_fetcher.py:80} INFO - Received USD rate: {'date': datetime.date(2020, 2, 12), 'content': [{'GBP': 82.5198}, {'HKD': 82.3724}, {'USD': 63.949}, {'EUR': 69.7684}, {'CNY': 91.6542}]} for date 2020-02-12
[2025-06-03T15:27:25.620+0000] {base.py:73} INFO - Using connection ID 'pg_database' for task execution.
[2025-06-03T15:27:25.623+0000] {usd_rate_fetcher.py:103} INFO - Saved 82.52 for GBP on 2020-02-12
[2025-06-03T15:27:25.624+0000] {usd_rate_fetcher.py:103} INFO - Saved 82.37 for HKD on 2020-02-12
[2025-06-03T15:27:25.624+0000] {usd_rate_fetcher.py:103} INFO - Saved 63.95 for USD on 2020-02-12
[2025-06-03T15:27:25.625+0000] {usd_rate_fetcher.py:103} INFO - Saved 69.77 for EUR on 2020-02-12
[2025-06-03T15:27:25.625+0000] {usd_rate_fetcher.py:103} INFO - Saved 91.65 for CNY on 2020-02-12
[2025-06-03T15:27:25.626+0000] {python.py:183} INFO - Done. Returned value was: None
[2025-06-03T15:27:25.633+0000] {taskinstance.py:1350} INFO - Marking task as SUCCESS. dag_id=usd_rate_fetcher, task_id=save_data_to_db, execution_date=20200212T000000, start_date=20250603T152725, end_date=20250603T152725
[2025-06-03T15:27:25.673+0000] {local_task_job_runner.py:225} INFO - Task exited with return code 0
[2025-06-03T15:27:25.688+0000] {taskinstance.py:2653} INFO - 0 downstream tasks scheduled from follow-on schedule check
