[2025-06-03T15:19:52.148+0000] {taskinstance.py:1103} INFO - Dependencies all met for dep_context=non-requeueable deps ti=<TaskInstance: usd_rate_fetcher.fetch_data_from_api scheduled__2020-01-09T00:00:00+00:00 [queued]>
[2025-06-03T15:19:52.156+0000] {taskinstance.py:1103} INFO - Dependencies all met for dep_context=requeueable deps ti=<TaskInstance: usd_rate_fetcher.fetch_data_from_api scheduled__2020-01-09T00:00:00+00:00 [queued]>
[2025-06-03T15:19:52.157+0000] {taskinstance.py:1308} INFO - Starting attempt 1 of 3
[2025-06-03T15:19:52.185+0000] {taskinstance.py:1327} INFO - Executing <Task(_PythonDecoratedOperator): fetch_data_from_api> on 2020-01-09 00:00:00+00:00
[2025-06-03T15:19:52.191+0000] {standard_task_runner.py:57} INFO - Started process 13846 to run task
[2025-06-03T15:19:52.195+0000] {standard_task_runner.py:84} INFO - Running: ['***', 'tasks', 'run', 'usd_rate_fetcher', 'fetch_data_from_api', 'scheduled__2020-01-09T00:00:00+00:00', '--job-id', '8608', '--raw', '--subdir', 'DAGS_FOLDER/usd_rate_fetcher.py', '--cfg-path', '/tmp/tmphcr2o5hf']
[2025-06-03T15:19:52.197+0000] {standard_task_runner.py:85} INFO - Job 8608: Subtask fetch_data_from_api
[2025-06-03T15:19:52.278+0000] {task_command.py:410} INFO - Running <TaskInstance: usd_rate_fetcher.fetch_data_from_api scheduled__2020-01-09T00:00:00+00:00 [running]> on host 40869fde016f
[2025-06-03T15:19:52.572+0000] {logging_mixin.py:150} WARNING - /home/***/.local/lib/python3.7/site-packages/***/utils/context.py:205 AirflowContextDeprecationWarning: Accessing 'execution_date' from the template is deprecated and will be removed in a future version. Please use 'data_interval_start' or 'logical_date' instead.
[2025-06-03T15:19:52.640+0000] {taskinstance.py:1547} INFO - Exporting env vars: AIRFLOW_CTX_DAG_OWNER='***' AIRFLOW_CTX_DAG_ID='usd_rate_fetcher' AIRFLOW_CTX_TASK_ID='fetch_data_from_api' AIRFLOW_CTX_EXECUTION_DATE='2020-01-09T00:00:00+00:00' AIRFLOW_CTX_TRY_NUMBER='1' AIRFLOW_CTX_DAG_RUN_ID='scheduled__2020-01-09T00:00:00+00:00'
[2025-06-03T15:19:52.656+0000] {usd_rate_fetcher.py:34} INFO - Переменная ['Доллар США', 'Евро', 'Гонконгский доллар', 'Юань', 'Фунт стерлингов']
[2025-06-03T15:19:52.667+0000] {usd_rate_fetcher.py:53} INFO - Fetching data for date: 09/01/2020
[2025-06-03T15:19:52.769+0000] {python.py:183} INFO - Done. Returned value was: {'date': datetime.date(2020, 1, 9), 'content': [{'Фунт стерлингов': 81.3069}, {'Доллар США': 61.9057}, {'Евро': 69.3777}]}
[2025-06-03T15:19:52.828+0000] {taskinstance.py:1350} INFO - Marking task as SUCCESS. dag_id=usd_rate_fetcher, task_id=fetch_data_from_api, execution_date=20200109T000000, start_date=20250603T151952, end_date=20250603T151952
[2025-06-03T15:19:52.942+0000] {local_task_job_runner.py:225} INFO - Task exited with return code 0
[2025-06-03T15:19:53.077+0000] {taskinstance.py:2653} INFO - 0 downstream tasks scheduled from follow-on schedule check
[2025-06-03T15:27:09.229+0000] {taskinstance.py:1103} INFO - Dependencies all met for dep_context=non-requeueable deps ti=<TaskInstance: usd_rate_fetcher.fetch_data_from_api scheduled__2020-01-09T00:00:00+00:00 [queued]>
[2025-06-03T15:27:09.240+0000] {taskinstance.py:1103} INFO - Dependencies all met for dep_context=requeueable deps ti=<TaskInstance: usd_rate_fetcher.fetch_data_from_api scheduled__2020-01-09T00:00:00+00:00 [queued]>
[2025-06-03T15:27:09.240+0000] {taskinstance.py:1308} INFO - Starting attempt 1 of 3
[2025-06-03T15:27:09.267+0000] {taskinstance.py:1327} INFO - Executing <Task(_PythonDecoratedOperator): fetch_data_from_api> on 2020-01-09 00:00:00+00:00
[2025-06-03T15:27:09.278+0000] {standard_task_runner.py:57} INFO - Started process 16315 to run task
[2025-06-03T15:27:09.281+0000] {standard_task_runner.py:84} INFO - Running: ['***', 'tasks', 'run', 'usd_rate_fetcher', 'fetch_data_from_api', 'scheduled__2020-01-09T00:00:00+00:00', '--job-id', '8762', '--raw', '--subdir', 'DAGS_FOLDER/usd_rate_fetcher.py', '--cfg-path', '/tmp/tmpoedzzy9e']
[2025-06-03T15:27:09.282+0000] {standard_task_runner.py:85} INFO - Job 8762: Subtask fetch_data_from_api
[2025-06-03T15:27:09.343+0000] {task_command.py:410} INFO - Running <TaskInstance: usd_rate_fetcher.fetch_data_from_api scheduled__2020-01-09T00:00:00+00:00 [running]> on host 40869fde016f
[2025-06-03T15:27:09.528+0000] {logging_mixin.py:150} WARNING - /home/***/.local/lib/python3.7/site-packages/***/utils/context.py:205 AirflowContextDeprecationWarning: Accessing 'execution_date' from the template is deprecated and will be removed in a future version. Please use 'data_interval_start' or 'logical_date' instead.
[2025-06-03T15:27:09.588+0000] {taskinstance.py:1547} INFO - Exporting env vars: AIRFLOW_CTX_DAG_OWNER='***' AIRFLOW_CTX_DAG_ID='usd_rate_fetcher' AIRFLOW_CTX_TASK_ID='fetch_data_from_api' AIRFLOW_CTX_EXECUTION_DATE='2020-01-09T00:00:00+00:00' AIRFLOW_CTX_TRY_NUMBER='1' AIRFLOW_CTX_DAG_RUN_ID='scheduled__2020-01-09T00:00:00+00:00'
[2025-06-03T15:27:09.627+0000] {usd_rate_fetcher.py:34} INFO - Переменная ['USD', 'EUR', 'HKD', 'CNY', 'GBP']
[2025-06-03T15:27:09.634+0000] {usd_rate_fetcher.py:53} INFO - Fetching data for date: 09/01/2020
[2025-06-03T15:27:09.769+0000] {python.py:183} INFO - Done. Returned value was: {'date': datetime.date(2020, 1, 9), 'content': [{'GBP': 81.3069}, {'HKD': 79.5029}, {'USD': 61.9057}, {'EUR': 69.3777}, {'CNY': 88.8696}]}
[2025-06-03T15:27:09.841+0000] {taskinstance.py:1350} INFO - Marking task as SUCCESS. dag_id=usd_rate_fetcher, task_id=fetch_data_from_api, execution_date=20200109T000000, start_date=20250603T152709, end_date=20250603T152709
[2025-06-03T15:27:09.905+0000] {local_task_job_runner.py:225} INFO - Task exited with return code 0
[2025-06-03T15:27:09.970+0000] {taskinstance.py:2653} INFO - 1 downstream tasks scheduled from follow-on schedule check
