[2025-06-03T09:17:31.800+0000] {taskinstance.py:1103} INFO - Dependencies all met for dep_context=non-requeueable deps ti=<TaskInstance: usd_rate_fetcher_taskflow.fetch_data_from_api scheduled__2000-01-06T00:00:00+00:00 [queued]>
[2025-06-03T09:17:31.810+0000] {taskinstance.py:1103} INFO - Dependencies all met for dep_context=requeueable deps ti=<TaskInstance: usd_rate_fetcher_taskflow.fetch_data_from_api scheduled__2000-01-06T00:00:00+00:00 [queued]>
[2025-06-03T09:17:31.810+0000] {taskinstance.py:1308} INFO - Starting attempt 1 of 3
[2025-06-03T09:17:31.974+0000] {taskinstance.py:1327} INFO - Executing <Task(_PythonDecoratedOperator): fetch_data_from_api> on 2000-01-06 00:00:00+00:00
[2025-06-03T09:17:31.981+0000] {standard_task_runner.py:57} INFO - Started process 392 to run task
[2025-06-03T09:17:31.995+0000] {standard_task_runner.py:84} INFO - Running: ['***', 'tasks', 'run', 'usd_rate_fetcher_taskflow', 'fetch_data_from_api', 'scheduled__2000-01-06T00:00:00+00:00', '--job-id', '7397', '--raw', '--subdir', 'DAGS_FOLDER/usd_rate_fetcher.py', '--cfg-path', '/tmp/tmpixpxj1j_']
[2025-06-03T09:17:31.997+0000] {standard_task_runner.py:85} INFO - Job 7397: Subtask fetch_data_from_api
[2025-06-03T09:17:32.071+0000] {task_command.py:410} INFO - Running <TaskInstance: usd_rate_fetcher_taskflow.fetch_data_from_api scheduled__2000-01-06T00:00:00+00:00 [running]> on host 40869fde016f
[2025-06-03T09:17:32.380+0000] {logging_mixin.py:150} WARNING - /home/***/.local/lib/python3.7/site-packages/***/utils/context.py:205 AirflowContextDeprecationWarning: Accessing 'execution_date' from the template is deprecated and will be removed in a future version. Please use 'data_interval_start' or 'logical_date' instead.
[2025-06-03T09:17:32.435+0000] {taskinstance.py:1547} INFO - Exporting env vars: AIRFLOW_CTX_DAG_OWNER='***' AIRFLOW_CTX_DAG_ID='usd_rate_fetcher_taskflow' AIRFLOW_CTX_TASK_ID='fetch_data_from_api' AIRFLOW_CTX_EXECUTION_DATE='2000-01-06T00:00:00+00:00' AIRFLOW_CTX_TRY_NUMBER='1' AIRFLOW_CTX_DAG_RUN_ID='scheduled__2000-01-06T00:00:00+00:00'
[2025-06-03T09:17:32.436+0000] {taskinstance.py:1824} ERROR - Task failed with exception
Traceback (most recent call last):
  File "/home/airflow/.local/lib/python3.7/site-packages/airflow/decorators/base.py", line 220, in execute
    return_value = super().execute(context)
  File "/home/airflow/.local/lib/python3.7/site-packages/airflow/operators/python.py", line 181, in execute
    return_value = self.execute_callable()
  File "/home/airflow/.local/lib/python3.7/site-packages/airflow/operators/python.py", line 198, in execute_callable
    return self.python_callable(*self.op_args, **self.op_kwargs)
  File "/opt/airflow/dags/usd_rate_fetcher.py", line 30, in fetch_data_from_api
    date_str = execution_date.strftime("%d/%m/%Y")
AttributeError: 'str' object has no attribute 'strftime'
[2025-06-03T09:17:32.445+0000] {taskinstance.py:1350} INFO - Marking task as UP_FOR_RETRY. dag_id=usd_rate_fetcher_taskflow, task_id=fetch_data_from_api, execution_date=20000106T000000, start_date=20250603T091731, end_date=20250603T091732
[2025-06-03T09:17:32.457+0000] {standard_task_runner.py:109} ERROR - Failed to execute job 7397 for task fetch_data_from_api ('str' object has no attribute 'strftime'; 392)
[2025-06-03T09:17:32.480+0000] {local_task_job_runner.py:225} INFO - Task exited with return code 1
[2025-06-03T09:17:32.592+0000] {taskinstance.py:2653} INFO - 0 downstream tasks scheduled from follow-on schedule check
[2025-06-03T09:34:44.207+0000] {taskinstance.py:1103} INFO - Dependencies all met for dep_context=non-requeueable deps ti=<TaskInstance: usd_rate_fetcher_taskflow.fetch_data_from_api scheduled__2000-01-06T00:00:00+00:00 [queued]>
[2025-06-03T09:34:44.225+0000] {taskinstance.py:1103} INFO - Dependencies all met for dep_context=requeueable deps ti=<TaskInstance: usd_rate_fetcher_taskflow.fetch_data_from_api scheduled__2000-01-06T00:00:00+00:00 [queued]>
[2025-06-03T09:34:44.226+0000] {taskinstance.py:1308} INFO - Starting attempt 1 of 3
[2025-06-03T09:34:44.358+0000] {taskinstance.py:1327} INFO - Executing <Task(_PythonDecoratedOperator): fetch_data_from_api> on 2000-01-06 00:00:00+00:00
[2025-06-03T09:34:44.364+0000] {standard_task_runner.py:57} INFO - Started process 9686 to run task
[2025-06-03T09:34:44.377+0000] {standard_task_runner.py:84} INFO - Running: ['***', 'tasks', 'run', 'usd_rate_fetcher_taskflow', 'fetch_data_from_api', 'scheduled__2000-01-06T00:00:00+00:00', '--job-id', '7967', '--raw', '--subdir', 'DAGS_FOLDER/usd_rate_fetcher.py', '--cfg-path', '/tmp/tmpz9qrygr8']
[2025-06-03T09:34:44.379+0000] {standard_task_runner.py:85} INFO - Job 7967: Subtask fetch_data_from_api
[2025-06-03T09:34:44.447+0000] {task_command.py:410} INFO - Running <TaskInstance: usd_rate_fetcher_taskflow.fetch_data_from_api scheduled__2000-01-06T00:00:00+00:00 [running]> on host 40869fde016f
[2025-06-03T09:34:44.660+0000] {logging_mixin.py:150} WARNING - /home/***/.local/lib/python3.7/site-packages/***/utils/context.py:205 AirflowContextDeprecationWarning: Accessing 'execution_date' from the template is deprecated and will be removed in a future version. Please use 'data_interval_start' or 'logical_date' instead.
[2025-06-03T09:34:44.708+0000] {taskinstance.py:1547} INFO - Exporting env vars: AIRFLOW_CTX_DAG_OWNER='***' AIRFLOW_CTX_DAG_ID='usd_rate_fetcher_taskflow' AIRFLOW_CTX_TASK_ID='fetch_data_from_api' AIRFLOW_CTX_EXECUTION_DATE='2000-01-06T00:00:00+00:00' AIRFLOW_CTX_TRY_NUMBER='1' AIRFLOW_CTX_DAG_RUN_ID='scheduled__2000-01-06T00:00:00+00:00'
[2025-06-03T09:34:44.709+0000] {usd_rate_fetcher.py:34} INFO - Fetching data for date: 06/01/2000
[2025-06-03T09:34:44.806+0000] {python.py:183} INFO - Done. Returned value was: 26.9
[2025-06-03T09:34:44.834+0000] {taskinstance.py:1350} INFO - Marking task as SUCCESS. dag_id=usd_rate_fetcher_taskflow, task_id=fetch_data_from_api, execution_date=20000106T000000, start_date=20250603T093444, end_date=20250603T093444
[2025-06-03T09:34:44.869+0000] {local_task_job_runner.py:225} INFO - Task exited with return code 0
[2025-06-03T09:34:44.898+0000] {taskinstance.py:2653} INFO - 1 downstream tasks scheduled from follow-on schedule check
[2025-06-03T09:35:40.179+0000] {taskinstance.py:1103} INFO - Dependencies all met for dep_context=non-requeueable deps ti=<TaskInstance: usd_rate_fetcher_taskflow.fetch_data_from_api scheduled__2000-01-06T00:00:00+00:00 [queued]>
[2025-06-03T09:35:40.190+0000] {taskinstance.py:1103} INFO - Dependencies all met for dep_context=requeueable deps ti=<TaskInstance: usd_rate_fetcher_taskflow.fetch_data_from_api scheduled__2000-01-06T00:00:00+00:00 [queued]>
[2025-06-03T09:35:40.190+0000] {taskinstance.py:1308} INFO - Starting attempt 1 of 3
[2025-06-03T09:35:40.226+0000] {taskinstance.py:1327} INFO - Executing <Task(_PythonDecoratedOperator): fetch_data_from_api> on 2000-01-06 00:00:00+00:00
[2025-06-03T09:35:40.232+0000] {standard_task_runner.py:57} INFO - Started process 10122 to run task
[2025-06-03T09:35:40.237+0000] {standard_task_runner.py:84} INFO - Running: ['***', 'tasks', 'run', 'usd_rate_fetcher_taskflow', 'fetch_data_from_api', 'scheduled__2000-01-06T00:00:00+00:00', '--job-id', '7995', '--raw', '--subdir', 'DAGS_FOLDER/usd_rate_fetcher.py', '--cfg-path', '/tmp/tmpwlkmva_i']
[2025-06-03T09:35:40.246+0000] {standard_task_runner.py:85} INFO - Job 7995: Subtask fetch_data_from_api
[2025-06-03T09:35:40.316+0000] {task_command.py:410} INFO - Running <TaskInstance: usd_rate_fetcher_taskflow.fetch_data_from_api scheduled__2000-01-06T00:00:00+00:00 [running]> on host 40869fde016f
[2025-06-03T09:35:40.382+0000] {logging_mixin.py:150} WARNING - /home/***/.local/lib/python3.7/site-packages/***/utils/context.py:205 AirflowContextDeprecationWarning: Accessing 'execution_date' from the template is deprecated and will be removed in a future version. Please use 'data_interval_start' or 'logical_date' instead.
[2025-06-03T09:35:40.421+0000] {taskinstance.py:1547} INFO - Exporting env vars: AIRFLOW_CTX_DAG_OWNER='***' AIRFLOW_CTX_DAG_ID='usd_rate_fetcher_taskflow' AIRFLOW_CTX_TASK_ID='fetch_data_from_api' AIRFLOW_CTX_EXECUTION_DATE='2000-01-06T00:00:00+00:00' AIRFLOW_CTX_TRY_NUMBER='1' AIRFLOW_CTX_DAG_RUN_ID='scheduled__2000-01-06T00:00:00+00:00'
[2025-06-03T09:35:40.422+0000] {usd_rate_fetcher.py:34} INFO - Fetching data for date: 06/01/2000
[2025-06-03T09:35:40.653+0000] {python.py:183} INFO - Done. Returned value was: 26.9
[2025-06-03T09:35:40.692+0000] {taskinstance.py:1350} INFO - Marking task as SUCCESS. dag_id=usd_rate_fetcher_taskflow, task_id=fetch_data_from_api, execution_date=20000106T000000, start_date=20250603T093540, end_date=20250603T093540
[2025-06-03T09:35:40.779+0000] {local_task_job_runner.py:225} INFO - Task exited with return code 0
[2025-06-03T09:35:40.829+0000] {taskinstance.py:2653} INFO - 1 downstream tasks scheduled from follow-on schedule check
