[2025-06-03T15:20:05.746+0000] {taskinstance.py:1103} INFO - Dependencies all met for dep_context=non-requeueable deps ti=<TaskInstance: usd_rate_fetcher.fetch_data_from_api scheduled__2020-02-04T00:00:00+00:00 [queued]>
[2025-06-03T15:20:05.755+0000] {taskinstance.py:1103} INFO - Dependencies all met for dep_context=requeueable deps ti=<TaskInstance: usd_rate_fetcher.fetch_data_from_api scheduled__2020-02-04T00:00:00+00:00 [queued]>
[2025-06-03T15:20:05.756+0000] {taskinstance.py:1308} INFO - Starting attempt 1 of 3
[2025-06-03T15:20:05.772+0000] {taskinstance.py:1327} INFO - Executing <Task(_PythonDecoratedOperator): fetch_data_from_api> on 2020-02-04 00:00:00+00:00
[2025-06-03T15:20:05.781+0000] {standard_task_runner.py:57} INFO - Started process 14618 to run task
[2025-06-03T15:20:05.788+0000] {standard_task_runner.py:84} INFO - Running: ['***', 'tasks', 'run', 'usd_rate_fetcher', 'fetch_data_from_api', 'scheduled__2020-02-04T00:00:00+00:00', '--job-id', '8663', '--raw', '--subdir', 'DAGS_FOLDER/usd_rate_fetcher.py', '--cfg-path', '/tmp/tmp_eem8sbm']
[2025-06-03T15:20:05.791+0000] {standard_task_runner.py:85} INFO - Job 8663: Subtask fetch_data_from_api
[2025-06-03T15:20:05.865+0000] {task_command.py:410} INFO - Running <TaskInstance: usd_rate_fetcher.fetch_data_from_api scheduled__2020-02-04T00:00:00+00:00 [running]> on host 40869fde016f
[2025-06-03T15:20:06.185+0000] {logging_mixin.py:150} WARNING - /home/***/.local/lib/python3.7/site-packages/***/utils/context.py:205 AirflowContextDeprecationWarning: Accessing 'execution_date' from the template is deprecated and will be removed in a future version. Please use 'data_interval_start' or 'logical_date' instead.
[2025-06-03T15:20:06.233+0000] {taskinstance.py:1547} INFO - Exporting env vars: AIRFLOW_CTX_DAG_OWNER='***' AIRFLOW_CTX_DAG_ID='usd_rate_fetcher' AIRFLOW_CTX_TASK_ID='fetch_data_from_api' AIRFLOW_CTX_EXECUTION_DATE='2020-02-04T00:00:00+00:00' AIRFLOW_CTX_TRY_NUMBER='1' AIRFLOW_CTX_DAG_RUN_ID='scheduled__2020-02-04T00:00:00+00:00'
[2025-06-03T15:20:06.241+0000] {usd_rate_fetcher.py:34} INFO - Переменная ['Доллар США', 'Евро', 'Гонконгский доллар', 'Юань', 'Фунт стерлингов']
[2025-06-03T15:20:06.247+0000] {usd_rate_fetcher.py:53} INFO - Fetching data for date: 04/02/2020
[2025-06-03T15:20:06.318+0000] {python.py:183} INFO - Done. Returned value was: {'date': datetime.date(2020, 2, 4), 'content': [{'Фунт стерлингов': 83.9766}, {'Доллар США': 63.9091}, {'Евро': 70.7921}]}
[2025-06-03T15:20:06.358+0000] {taskinstance.py:1350} INFO - Marking task as SUCCESS. dag_id=usd_rate_fetcher, task_id=fetch_data_from_api, execution_date=20200204T000000, start_date=20250603T152005, end_date=20250603T152006
[2025-06-03T15:20:06.407+0000] {local_task_job_runner.py:225} INFO - Task exited with return code 0
[2025-06-03T15:20:06.435+0000] {taskinstance.py:2653} INFO - 1 downstream tasks scheduled from follow-on schedule check
[2025-06-03T15:27:22.092+0000] {taskinstance.py:1103} INFO - Dependencies all met for dep_context=non-requeueable deps ti=<TaskInstance: usd_rate_fetcher.fetch_data_from_api scheduled__2020-02-04T00:00:00+00:00 [queued]>
[2025-06-03T15:27:22.110+0000] {taskinstance.py:1103} INFO - Dependencies all met for dep_context=requeueable deps ti=<TaskInstance: usd_rate_fetcher.fetch_data_from_api scheduled__2020-02-04T00:00:00+00:00 [queued]>
[2025-06-03T15:27:22.110+0000] {taskinstance.py:1308} INFO - Starting attempt 1 of 3
[2025-06-03T15:27:22.144+0000] {taskinstance.py:1327} INFO - Executing <Task(_PythonDecoratedOperator): fetch_data_from_api> on 2020-02-04 00:00:00+00:00
[2025-06-03T15:27:22.157+0000] {standard_task_runner.py:57} INFO - Started process 17141 to run task
[2025-06-03T15:27:22.166+0000] {standard_task_runner.py:84} INFO - Running: ['***', 'tasks', 'run', 'usd_rate_fetcher', 'fetch_data_from_api', 'scheduled__2020-02-04T00:00:00+00:00', '--job-id', '8819', '--raw', '--subdir', 'DAGS_FOLDER/usd_rate_fetcher.py', '--cfg-path', '/tmp/tmpjep20zjq']
[2025-06-03T15:27:22.169+0000] {standard_task_runner.py:85} INFO - Job 8819: Subtask fetch_data_from_api
[2025-06-03T15:27:22.235+0000] {task_command.py:410} INFO - Running <TaskInstance: usd_rate_fetcher.fetch_data_from_api scheduled__2020-02-04T00:00:00+00:00 [running]> on host 40869fde016f
[2025-06-03T15:27:22.446+0000] {logging_mixin.py:150} WARNING - /home/***/.local/lib/python3.7/site-packages/***/utils/context.py:205 AirflowContextDeprecationWarning: Accessing 'execution_date' from the template is deprecated and will be removed in a future version. Please use 'data_interval_start' or 'logical_date' instead.
[2025-06-03T15:27:22.491+0000] {taskinstance.py:1547} INFO - Exporting env vars: AIRFLOW_CTX_DAG_OWNER='***' AIRFLOW_CTX_DAG_ID='usd_rate_fetcher' AIRFLOW_CTX_TASK_ID='fetch_data_from_api' AIRFLOW_CTX_EXECUTION_DATE='2020-02-04T00:00:00+00:00' AIRFLOW_CTX_TRY_NUMBER='1' AIRFLOW_CTX_DAG_RUN_ID='scheduled__2020-02-04T00:00:00+00:00'
[2025-06-03T15:27:22.497+0000] {usd_rate_fetcher.py:34} INFO - Переменная ['USD', 'EUR', 'HKD', 'CNY', 'GBP']
[2025-06-03T15:27:22.504+0000] {usd_rate_fetcher.py:53} INFO - Fetching data for date: 04/02/2020
[2025-06-03T15:27:22.545+0000] {python.py:183} INFO - Done. Returned value was: {'date': datetime.date(2020, 2, 4), 'content': [{'GBP': 83.9766}, {'HKD': 82.2818}, {'USD': 63.9091}, {'EUR': 70.7921}, {'CNY': 90.9738}]}
[2025-06-03T15:27:22.631+0000] {taskinstance.py:1350} INFO - Marking task as SUCCESS. dag_id=usd_rate_fetcher, task_id=fetch_data_from_api, execution_date=20200204T000000, start_date=20250603T152722, end_date=20250603T152722
[2025-06-03T15:27:22.696+0000] {local_task_job_runner.py:225} INFO - Task exited with return code 0
[2025-06-03T15:27:22.864+0000] {taskinstance.py:2653} INFO - 0 downstream tasks scheduled from follow-on schedule check
