[2025-06-03T15:20:07.420+0000] {taskinstance.py:1103} INFO - Dependencies all met for dep_context=non-requeueable deps ti=<TaskInstance: usd_rate_fetcher.fetch_data_from_api scheduled__2020-02-11T00:00:00+00:00 [queued]>
[2025-06-03T15:20:07.430+0000] {taskinstance.py:1103} INFO - Dependencies all met for dep_context=requeueable deps ti=<TaskInstance: usd_rate_fetcher.fetch_data_from_api scheduled__2020-02-11T00:00:00+00:00 [queued]>
[2025-06-03T15:20:07.430+0000] {taskinstance.py:1308} INFO - Starting attempt 1 of 3
[2025-06-03T15:20:07.568+0000] {taskinstance.py:1327} INFO - Executing <Task(_PythonDecoratedOperator): fetch_data_from_api> on 2020-02-11 00:00:00+00:00
[2025-06-03T15:20:07.576+0000] {standard_task_runner.py:57} INFO - Started process 14799 to run task
[2025-06-03T15:20:07.599+0000] {standard_task_runner.py:84} INFO - Running: ['***', 'tasks', 'run', 'usd_rate_fetcher', 'fetch_data_from_api', 'scheduled__2020-02-11T00:00:00+00:00', '--job-id', '8672', '--raw', '--subdir', 'DAGS_FOLDER/usd_rate_fetcher.py', '--cfg-path', '/tmp/tmpbaee9ppg']
[2025-06-03T15:20:07.601+0000] {standard_task_runner.py:85} INFO - Job 8672: Subtask fetch_data_from_api
[2025-06-03T15:20:07.670+0000] {task_command.py:410} INFO - Running <TaskInstance: usd_rate_fetcher.fetch_data_from_api scheduled__2020-02-11T00:00:00+00:00 [running]> on host 40869fde016f
[2025-06-03T15:20:07.939+0000] {logging_mixin.py:150} WARNING - /home/***/.local/lib/python3.7/site-packages/***/utils/context.py:205 AirflowContextDeprecationWarning: Accessing 'execution_date' from the template is deprecated and will be removed in a future version. Please use 'data_interval_start' or 'logical_date' instead.
[2025-06-03T15:20:08.068+0000] {taskinstance.py:1547} INFO - Exporting env vars: AIRFLOW_CTX_DAG_OWNER='***' AIRFLOW_CTX_DAG_ID='usd_rate_fetcher' AIRFLOW_CTX_TASK_ID='fetch_data_from_api' AIRFLOW_CTX_EXECUTION_DATE='2020-02-11T00:00:00+00:00' AIRFLOW_CTX_TRY_NUMBER='1' AIRFLOW_CTX_DAG_RUN_ID='scheduled__2020-02-11T00:00:00+00:00'
[2025-06-03T15:20:08.076+0000] {usd_rate_fetcher.py:34} INFO - Переменная ['Доллар США', 'Евро', 'Гонконгский доллар', 'Юань', 'Фунт стерлингов']
[2025-06-03T15:20:08.094+0000] {usd_rate_fetcher.py:53} INFO - Fetching data for date: 11/02/2020
[2025-06-03T15:20:08.147+0000] {python.py:183} INFO - Done. Returned value was: {'date': datetime.date(2020, 2, 11), 'content': [{'Фунт стерлингов': 82.1177}, {'Доллар США': 63.7708}, {'Евро': 69.8226}]}
[2025-06-03T15:20:08.190+0000] {taskinstance.py:1350} INFO - Marking task as SUCCESS. dag_id=usd_rate_fetcher, task_id=fetch_data_from_api, execution_date=20200211T000000, start_date=20250603T152007, end_date=20250603T152008
[2025-06-03T15:20:08.237+0000] {local_task_job_runner.py:225} INFO - Task exited with return code 0
[2025-06-03T15:20:08.261+0000] {taskinstance.py:2653} INFO - 1 downstream tasks scheduled from follow-on schedule check
[2025-06-03T15:27:23.200+0000] {taskinstance.py:1103} INFO - Dependencies all met for dep_context=non-requeueable deps ti=<TaskInstance: usd_rate_fetcher.fetch_data_from_api scheduled__2020-02-11T00:00:00+00:00 [queued]>
[2025-06-03T15:27:23.221+0000] {taskinstance.py:1103} INFO - Dependencies all met for dep_context=requeueable deps ti=<TaskInstance: usd_rate_fetcher.fetch_data_from_api scheduled__2020-02-11T00:00:00+00:00 [queued]>
[2025-06-03T15:27:23.221+0000] {taskinstance.py:1308} INFO - Starting attempt 1 of 3
[2025-06-03T15:27:23.251+0000] {taskinstance.py:1327} INFO - Executing <Task(_PythonDecoratedOperator): fetch_data_from_api> on 2020-02-11 00:00:00+00:00
[2025-06-03T15:27:23.273+0000] {standard_task_runner.py:57} INFO - Started process 17267 to run task
[2025-06-03T15:27:23.277+0000] {standard_task_runner.py:84} INFO - Running: ['***', 'tasks', 'run', 'usd_rate_fetcher', 'fetch_data_from_api', 'scheduled__2020-02-11T00:00:00+00:00', '--job-id', '8826', '--raw', '--subdir', 'DAGS_FOLDER/usd_rate_fetcher.py', '--cfg-path', '/tmp/tmpqlw0a2kg']
[2025-06-03T15:27:23.293+0000] {standard_task_runner.py:85} INFO - Job 8826: Subtask fetch_data_from_api
[2025-06-03T15:27:23.398+0000] {task_command.py:410} INFO - Running <TaskInstance: usd_rate_fetcher.fetch_data_from_api scheduled__2020-02-11T00:00:00+00:00 [running]> on host 40869fde016f
[2025-06-03T15:27:23.697+0000] {logging_mixin.py:150} WARNING - /home/***/.local/lib/python3.7/site-packages/***/utils/context.py:205 AirflowContextDeprecationWarning: Accessing 'execution_date' from the template is deprecated and will be removed in a future version. Please use 'data_interval_start' or 'logical_date' instead.
[2025-06-03T15:27:23.864+0000] {taskinstance.py:1547} INFO - Exporting env vars: AIRFLOW_CTX_DAG_OWNER='***' AIRFLOW_CTX_DAG_ID='usd_rate_fetcher' AIRFLOW_CTX_TASK_ID='fetch_data_from_api' AIRFLOW_CTX_EXECUTION_DATE='2020-02-11T00:00:00+00:00' AIRFLOW_CTX_TRY_NUMBER='1' AIRFLOW_CTX_DAG_RUN_ID='scheduled__2020-02-11T00:00:00+00:00'
[2025-06-03T15:27:23.897+0000] {usd_rate_fetcher.py:34} INFO - Переменная ['USD', 'EUR', 'HKD', 'CNY', 'GBP']
[2025-06-03T15:27:23.916+0000] {usd_rate_fetcher.py:53} INFO - Fetching data for date: 11/02/2020
[2025-06-03T15:27:23.965+0000] {python.py:183} INFO - Done. Returned value was: {'date': datetime.date(2020, 2, 11), 'content': [{'GBP': 82.1177}, {'HKD': 82.1249}, {'USD': 63.7708}, {'EUR': 69.8226}, {'CNY': 91.2994}]}
[2025-06-03T15:27:24.019+0000] {taskinstance.py:1350} INFO - Marking task as SUCCESS. dag_id=usd_rate_fetcher, task_id=fetch_data_from_api, execution_date=20200211T000000, start_date=20250603T152723, end_date=20250603T152724
[2025-06-03T15:27:24.100+0000] {local_task_job_runner.py:225} INFO - Task exited with return code 0
[2025-06-03T15:27:24.265+0000] {taskinstance.py:2653} INFO - 0 downstream tasks scheduled from follow-on schedule check
