[2025-06-03T09:17:31.588+0000] {taskinstance.py:1103} INFO - Dependencies all met for dep_context=non-requeueable deps ti=<TaskInstance: usd_rate_fetcher_taskflow.fetch_data_from_api scheduled__2000-01-03T00:00:00+00:00 [queued]>
[2025-06-03T09:17:31.597+0000] {taskinstance.py:1103} INFO - Dependencies all met for dep_context=requeueable deps ti=<TaskInstance: usd_rate_fetcher_taskflow.fetch_data_from_api scheduled__2000-01-03T00:00:00+00:00 [queued]>
[2025-06-03T09:17:31.597+0000] {taskinstance.py:1308} INFO - Starting attempt 1 of 3
[2025-06-03T09:17:31.695+0000] {taskinstance.py:1327} INFO - Executing <Task(_PythonDecoratedOperator): fetch_data_from_api> on 2000-01-03 00:00:00+00:00
[2025-06-03T09:17:31.706+0000] {standard_task_runner.py:57} INFO - Started process 366 to run task
[2025-06-03T09:17:31.713+0000] {standard_task_runner.py:84} INFO - Running: ['***', 'tasks', 'run', 'usd_rate_fetcher_taskflow', 'fetch_data_from_api', 'scheduled__2000-01-03T00:00:00+00:00', '--job-id', '7392', '--raw', '--subdir', 'DAGS_FOLDER/usd_rate_fetcher.py', '--cfg-path', '/tmp/tmp5_pv_0ds']
[2025-06-03T09:17:31.723+0000] {standard_task_runner.py:85} INFO - Job 7392: Subtask fetch_data_from_api
[2025-06-03T09:17:31.790+0000] {task_command.py:410} INFO - Running <TaskInstance: usd_rate_fetcher_taskflow.fetch_data_from_api scheduled__2000-01-03T00:00:00+00:00 [running]> on host 40869fde016f
[2025-06-03T09:17:32.019+0000] {logging_mixin.py:150} WARNING - /home/***/.local/lib/python3.7/site-packages/***/utils/context.py:205 AirflowContextDeprecationWarning: Accessing 'execution_date' from the template is deprecated and will be removed in a future version. Please use 'data_interval_start' or 'logical_date' instead.
[2025-06-03T09:17:32.081+0000] {taskinstance.py:1547} INFO - Exporting env vars: AIRFLOW_CTX_DAG_OWNER='***' AIRFLOW_CTX_DAG_ID='usd_rate_fetcher_taskflow' AIRFLOW_CTX_TASK_ID='fetch_data_from_api' AIRFLOW_CTX_EXECUTION_DATE='2000-01-03T00:00:00+00:00' AIRFLOW_CTX_TRY_NUMBER='1' AIRFLOW_CTX_DAG_RUN_ID='scheduled__2000-01-03T00:00:00+00:00'
[2025-06-03T09:17:32.082+0000] {taskinstance.py:1824} ERROR - Task failed with exception
Traceback (most recent call last):
  File "/home/airflow/.local/lib/python3.7/site-packages/airflow/decorators/base.py", line 220, in execute
    return_value = super().execute(context)
  File "/home/airflow/.local/lib/python3.7/site-packages/airflow/operators/python.py", line 181, in execute
    return_value = self.execute_callable()
  File "/home/airflow/.local/lib/python3.7/site-packages/airflow/operators/python.py", line 198, in execute_callable
    return self.python_callable(*self.op_args, **self.op_kwargs)
  File "/opt/airflow/dags/usd_rate_fetcher.py", line 30, in fetch_data_from_api
    date_str = execution_date.strftime("%d/%m/%Y")
AttributeError: 'str' object has no attribute 'strftime'
[2025-06-03T09:17:32.095+0000] {taskinstance.py:1350} INFO - Marking task as UP_FOR_RETRY. dag_id=usd_rate_fetcher_taskflow, task_id=fetch_data_from_api, execution_date=20000103T000000, start_date=20250603T091731, end_date=20250603T091732
[2025-06-03T09:17:32.121+0000] {standard_task_runner.py:109} ERROR - Failed to execute job 7392 for task fetch_data_from_api ('str' object has no attribute 'strftime'; 366)
[2025-06-03T09:17:32.170+0000] {local_task_job_runner.py:225} INFO - Task exited with return code 1
[2025-06-03T09:17:32.225+0000] {taskinstance.py:2653} INFO - 0 downstream tasks scheduled from follow-on schedule check
[2025-06-03T09:34:43.881+0000] {taskinstance.py:1103} INFO - Dependencies all met for dep_context=non-requeueable deps ti=<TaskInstance: usd_rate_fetcher_taskflow.fetch_data_from_api scheduled__2000-01-03T00:00:00+00:00 [queued]>
[2025-06-03T09:34:43.893+0000] {taskinstance.py:1103} INFO - Dependencies all met for dep_context=requeueable deps ti=<TaskInstance: usd_rate_fetcher_taskflow.fetch_data_from_api scheduled__2000-01-03T00:00:00+00:00 [queued]>
[2025-06-03T09:34:43.893+0000] {taskinstance.py:1308} INFO - Starting attempt 1 of 3
[2025-06-03T09:34:43.909+0000] {taskinstance.py:1327} INFO - Executing <Task(_PythonDecoratedOperator): fetch_data_from_api> on 2000-01-03 00:00:00+00:00
[2025-06-03T09:34:43.918+0000] {standard_task_runner.py:57} INFO - Started process 9647 to run task
[2025-06-03T09:34:43.921+0000] {standard_task_runner.py:84} INFO - Running: ['***', 'tasks', 'run', 'usd_rate_fetcher_taskflow', 'fetch_data_from_api', 'scheduled__2000-01-03T00:00:00+00:00', '--job-id', '7964', '--raw', '--subdir', 'DAGS_FOLDER/usd_rate_fetcher.py', '--cfg-path', '/tmp/tmp69sz5f3k']
[2025-06-03T09:34:43.923+0000] {standard_task_runner.py:85} INFO - Job 7964: Subtask fetch_data_from_api
[2025-06-03T09:34:43.981+0000] {task_command.py:410} INFO - Running <TaskInstance: usd_rate_fetcher_taskflow.fetch_data_from_api scheduled__2000-01-03T00:00:00+00:00 [running]> on host 40869fde016f
[2025-06-03T09:34:44.051+0000] {logging_mixin.py:150} WARNING - /home/***/.local/lib/python3.7/site-packages/***/utils/context.py:205 AirflowContextDeprecationWarning: Accessing 'execution_date' from the template is deprecated and will be removed in a future version. Please use 'data_interval_start' or 'logical_date' instead.
[2025-06-03T09:34:44.091+0000] {taskinstance.py:1547} INFO - Exporting env vars: AIRFLOW_CTX_DAG_OWNER='***' AIRFLOW_CTX_DAG_ID='usd_rate_fetcher_taskflow' AIRFLOW_CTX_TASK_ID='fetch_data_from_api' AIRFLOW_CTX_EXECUTION_DATE='2000-01-03T00:00:00+00:00' AIRFLOW_CTX_TRY_NUMBER='1' AIRFLOW_CTX_DAG_RUN_ID='scheduled__2000-01-03T00:00:00+00:00'
[2025-06-03T09:34:44.092+0000] {usd_rate_fetcher.py:34} INFO - Fetching data for date: 03/01/2000
[2025-06-03T09:34:44.393+0000] {python.py:183} INFO - Done. Returned value was: 27.0
[2025-06-03T09:34:44.425+0000] {taskinstance.py:1350} INFO - Marking task as SUCCESS. dag_id=usd_rate_fetcher_taskflow, task_id=fetch_data_from_api, execution_date=20000103T000000, start_date=20250603T093443, end_date=20250603T093444
[2025-06-03T09:34:44.579+0000] {local_task_job_runner.py:225} INFO - Task exited with return code 0
[2025-06-03T09:34:44.607+0000] {taskinstance.py:2653} INFO - 1 downstream tasks scheduled from follow-on schedule check
[2025-06-03T09:35:39.851+0000] {taskinstance.py:1103} INFO - Dependencies all met for dep_context=non-requeueable deps ti=<TaskInstance: usd_rate_fetcher_taskflow.fetch_data_from_api scheduled__2000-01-03T00:00:00+00:00 [queued]>
[2025-06-03T09:35:39.861+0000] {taskinstance.py:1103} INFO - Dependencies all met for dep_context=requeueable deps ti=<TaskInstance: usd_rate_fetcher_taskflow.fetch_data_from_api scheduled__2000-01-03T00:00:00+00:00 [queued]>
[2025-06-03T09:35:39.861+0000] {taskinstance.py:1308} INFO - Starting attempt 1 of 3
[2025-06-03T09:35:39.894+0000] {taskinstance.py:1327} INFO - Executing <Task(_PythonDecoratedOperator): fetch_data_from_api> on 2000-01-03 00:00:00+00:00
[2025-06-03T09:35:39.901+0000] {standard_task_runner.py:57} INFO - Started process 10091 to run task
[2025-06-03T09:35:39.920+0000] {standard_task_runner.py:84} INFO - Running: ['***', 'tasks', 'run', 'usd_rate_fetcher_taskflow', 'fetch_data_from_api', 'scheduled__2000-01-03T00:00:00+00:00', '--job-id', '7992', '--raw', '--subdir', 'DAGS_FOLDER/usd_rate_fetcher.py', '--cfg-path', '/tmp/tmpf20y_mvh']
[2025-06-03T09:35:39.923+0000] {standard_task_runner.py:85} INFO - Job 7992: Subtask fetch_data_from_api
[2025-06-03T09:35:40.011+0000] {task_command.py:410} INFO - Running <TaskInstance: usd_rate_fetcher_taskflow.fetch_data_from_api scheduled__2000-01-03T00:00:00+00:00 [running]> on host 40869fde016f
[2025-06-03T09:35:40.282+0000] {logging_mixin.py:150} WARNING - /home/***/.local/lib/python3.7/site-packages/***/utils/context.py:205 AirflowContextDeprecationWarning: Accessing 'execution_date' from the template is deprecated and will be removed in a future version. Please use 'data_interval_start' or 'logical_date' instead.
[2025-06-03T09:35:40.368+0000] {taskinstance.py:1547} INFO - Exporting env vars: AIRFLOW_CTX_DAG_OWNER='***' AIRFLOW_CTX_DAG_ID='usd_rate_fetcher_taskflow' AIRFLOW_CTX_TASK_ID='fetch_data_from_api' AIRFLOW_CTX_EXECUTION_DATE='2000-01-03T00:00:00+00:00' AIRFLOW_CTX_TRY_NUMBER='1' AIRFLOW_CTX_DAG_RUN_ID='scheduled__2000-01-03T00:00:00+00:00'
[2025-06-03T09:35:40.369+0000] {usd_rate_fetcher.py:34} INFO - Fetching data for date: 03/01/2000
[2025-06-03T09:35:40.461+0000] {python.py:183} INFO - Done. Returned value was: 27.0
[2025-06-03T09:35:40.497+0000] {taskinstance.py:1350} INFO - Marking task as SUCCESS. dag_id=usd_rate_fetcher_taskflow, task_id=fetch_data_from_api, execution_date=20000103T000000, start_date=20250603T093539, end_date=20250603T093540
[2025-06-03T09:35:40.557+0000] {local_task_job_runner.py:225} INFO - Task exited with return code 0
[2025-06-03T09:35:40.581+0000] {taskinstance.py:2653} INFO - 1 downstream tasks scheduled from follow-on schedule check
