[2025-06-03T09:18:32.877+0000] {taskinstance.py:1103} INFO - Dependencies all met for dep_context=non-requeueable deps ti=<TaskInstance: usd_rate_fetcher_taskflow.fetch_data_from_api scheduled__2000-02-14T00:00:00+00:00 [queued]>
[2025-06-03T09:18:32.891+0000] {taskinstance.py:1103} INFO - Dependencies all met for dep_context=requeueable deps ti=<TaskInstance: usd_rate_fetcher_taskflow.fetch_data_from_api scheduled__2000-02-14T00:00:00+00:00 [queued]>
[2025-06-03T09:18:32.891+0000] {taskinstance.py:1308} INFO - Starting attempt 1 of 3
[2025-06-03T09:18:32.906+0000] {taskinstance.py:1327} INFO - Executing <Task(_PythonDecoratedOperator): fetch_data_from_api> on 2000-02-14 00:00:00+00:00
[2025-06-03T09:18:32.912+0000] {standard_task_runner.py:57} INFO - Started process 1874 to run task
[2025-06-03T09:18:32.918+0000] {standard_task_runner.py:84} INFO - Running: ['***', 'tasks', 'run', 'usd_rate_fetcher_taskflow', 'fetch_data_from_api', 'scheduled__2000-02-14T00:00:00+00:00', '--job-id', '7500', '--raw', '--subdir', 'DAGS_FOLDER/usd_rate_fetcher.py', '--cfg-path', '/tmp/tmp6c0p6j7x']
[2025-06-03T09:18:32.922+0000] {standard_task_runner.py:85} INFO - Job 7500: Subtask fetch_data_from_api
[2025-06-03T09:18:32.963+0000] {task_command.py:410} INFO - Running <TaskInstance: usd_rate_fetcher_taskflow.fetch_data_from_api scheduled__2000-02-14T00:00:00+00:00 [running]> on host 40869fde016f
[2025-06-03T09:18:33.125+0000] {logging_mixin.py:150} WARNING - /home/***/.local/lib/python3.7/site-packages/***/utils/context.py:205 AirflowContextDeprecationWarning: Accessing 'execution_date' from the template is deprecated and will be removed in a future version. Please use 'data_interval_start' or 'logical_date' instead.
[2025-06-03T09:18:33.152+0000] {taskinstance.py:1547} INFO - Exporting env vars: AIRFLOW_CTX_DAG_OWNER='***' AIRFLOW_CTX_DAG_ID='usd_rate_fetcher_taskflow' AIRFLOW_CTX_TASK_ID='fetch_data_from_api' AIRFLOW_CTX_EXECUTION_DATE='2000-02-14T00:00:00+00:00' AIRFLOW_CTX_TRY_NUMBER='1' AIRFLOW_CTX_DAG_RUN_ID='scheduled__2000-02-14T00:00:00+00:00'
[2025-06-03T09:18:33.153+0000] {taskinstance.py:1824} ERROR - Task failed with exception
Traceback (most recent call last):
  File "/home/airflow/.local/lib/python3.7/site-packages/airflow/decorators/base.py", line 220, in execute
    return_value = super().execute(context)
  File "/home/airflow/.local/lib/python3.7/site-packages/airflow/operators/python.py", line 181, in execute
    return_value = self.execute_callable()
  File "/home/airflow/.local/lib/python3.7/site-packages/airflow/operators/python.py", line 198, in execute_callable
    return self.python_callable(*self.op_args, **self.op_kwargs)
  File "/opt/airflow/dags/usd_rate_fetcher.py", line 30, in fetch_data_from_api
    date_str = execution_date.strftime("%d/%m/%Y")
AttributeError: 'str' object has no attribute 'strftime'
[2025-06-03T09:18:33.158+0000] {taskinstance.py:1350} INFO - Marking task as UP_FOR_RETRY. dag_id=usd_rate_fetcher_taskflow, task_id=fetch_data_from_api, execution_date=20000214T000000, start_date=20250603T091832, end_date=20250603T091833
[2025-06-03T09:18:33.166+0000] {standard_task_runner.py:109} ERROR - Failed to execute job 7500 for task fetch_data_from_api ('str' object has no attribute 'strftime'; 1874)
[2025-06-03T09:18:33.210+0000] {local_task_job_runner.py:225} INFO - Task exited with return code 1
[2025-06-03T09:18:33.229+0000] {taskinstance.py:2653} INFO - 0 downstream tasks scheduled from follow-on schedule check
[2025-06-03T09:35:56.977+0000] {taskinstance.py:1103} INFO - Dependencies all met for dep_context=non-requeueable deps ti=<TaskInstance: usd_rate_fetcher_taskflow.fetch_data_from_api scheduled__2000-02-14T00:00:00+00:00 [queued]>
[2025-06-03T09:35:56.987+0000] {taskinstance.py:1103} INFO - Dependencies all met for dep_context=requeueable deps ti=<TaskInstance: usd_rate_fetcher_taskflow.fetch_data_from_api scheduled__2000-02-14T00:00:00+00:00 [queued]>
[2025-06-03T09:35:56.987+0000] {taskinstance.py:1308} INFO - Starting attempt 1 of 3
[2025-06-03T09:35:57.002+0000] {taskinstance.py:1327} INFO - Executing <Task(_PythonDecoratedOperator): fetch_data_from_api> on 2000-02-14 00:00:00+00:00
[2025-06-03T09:35:57.009+0000] {standard_task_runner.py:57} INFO - Started process 11177 to run task
[2025-06-03T09:35:57.014+0000] {standard_task_runner.py:84} INFO - Running: ['***', 'tasks', 'run', 'usd_rate_fetcher_taskflow', 'fetch_data_from_api', 'scheduled__2000-02-14T00:00:00+00:00', '--job-id', '8068', '--raw', '--subdir', 'DAGS_FOLDER/usd_rate_fetcher.py', '--cfg-path', '/tmp/tmpp0riy6h3']
[2025-06-03T09:35:57.016+0000] {standard_task_runner.py:85} INFO - Job 8068: Subtask fetch_data_from_api
[2025-06-03T09:35:57.068+0000] {task_command.py:410} INFO - Running <TaskInstance: usd_rate_fetcher_taskflow.fetch_data_from_api scheduled__2000-02-14T00:00:00+00:00 [running]> on host 40869fde016f
[2025-06-03T09:35:57.279+0000] {logging_mixin.py:150} WARNING - /home/***/.local/lib/python3.7/site-packages/***/utils/context.py:205 AirflowContextDeprecationWarning: Accessing 'execution_date' from the template is deprecated and will be removed in a future version. Please use 'data_interval_start' or 'logical_date' instead.
[2025-06-03T09:35:57.318+0000] {taskinstance.py:1547} INFO - Exporting env vars: AIRFLOW_CTX_DAG_OWNER='***' AIRFLOW_CTX_DAG_ID='usd_rate_fetcher_taskflow' AIRFLOW_CTX_TASK_ID='fetch_data_from_api' AIRFLOW_CTX_EXECUTION_DATE='2000-02-14T00:00:00+00:00' AIRFLOW_CTX_TRY_NUMBER='1' AIRFLOW_CTX_DAG_RUN_ID='scheduled__2000-02-14T00:00:00+00:00'
[2025-06-03T09:35:57.319+0000] {usd_rate_fetcher.py:34} INFO - Fetching data for date: 14/02/2000
[2025-06-03T09:35:57.394+0000] {python.py:183} INFO - Done. Returned value was: 28.77
[2025-06-03T09:35:57.415+0000] {taskinstance.py:1350} INFO - Marking task as SUCCESS. dag_id=usd_rate_fetcher_taskflow, task_id=fetch_data_from_api, execution_date=20000214T000000, start_date=20250603T093556, end_date=20250603T093557
[2025-06-03T09:35:57.466+0000] {local_task_job_runner.py:225} INFO - Task exited with return code 0
[2025-06-03T09:35:57.488+0000] {taskinstance.py:2653} INFO - 1 downstream tasks scheduled from follow-on schedule check
