[2025-06-01T15:30:01.172+0000] {taskinstance.py:1103} INFO - Dependencies all met for dep_context=non-requeueable deps ti=<TaskInstance: second_dag.feth_data_task scheduled__2020-10-14T00:00:00+00:00 [queued]>
[2025-06-01T15:30:01.195+0000] {taskinstance.py:1103} INFO - Dependencies all met for dep_context=requeueable deps ti=<TaskInstance: second_dag.feth_data_task scheduled__2020-10-14T00:00:00+00:00 [queued]>
[2025-06-01T15:30:01.195+0000] {taskinstance.py:1308} INFO - Starting attempt 2 of 3
[2025-06-01T15:30:01.219+0000] {taskinstance.py:1327} INFO - Executing <Task(PythonOperator): feth_data_task> on 2020-10-14 00:00:00+00:00
[2025-06-01T15:30:01.228+0000] {standard_task_runner.py:57} INFO - Started process 21939 to run task
[2025-06-01T15:30:01.243+0000] {standard_task_runner.py:84} INFO - Running: ['***', 'tasks', 'run', 'second_dag', 'feth_data_task', 'scheduled__2020-10-14T00:00:00+00:00', '--job-id', '838', '--raw', '--subdir', 'DAGS_FOLDER/my_second_dag.py', '--cfg-path', '/tmp/tmpzbnkvt5_']
[2025-06-01T15:30:01.249+0000] {standard_task_runner.py:85} INFO - Job 838: Subtask feth_data_task
[2025-06-01T15:30:01.352+0000] {task_command.py:410} INFO - Running <TaskInstance: second_dag.feth_data_task scheduled__2020-10-14T00:00:00+00:00 [running]> on host 27c4b93144a0
[2025-06-01T15:30:01.738+0000] {taskinstance.py:1547} INFO - Exporting env vars: AIRFLOW_CTX_DAG_OWNER='***' AIRFLOW_CTX_DAG_ID='second_dag' AIRFLOW_CTX_TASK_ID='feth_data_task' AIRFLOW_CTX_EXECUTION_DATE='2020-10-14T00:00:00+00:00' AIRFLOW_CTX_TRY_NUMBER='2' AIRFLOW_CTX_DAG_RUN_ID='scheduled__2020-10-14T00:00:00+00:00'
[2025-06-01T15:30:01.744+0000] {logging_mixin.py:150} WARNING - /home/***/.local/lib/python3.7/site-packages/***/utils/context.py:313 AirflowContextDeprecationWarning: Accessing 'execution_date' from the template is deprecated and will be removed in a future version. Please use 'data_interval_start' or 'logical_date' instead.
[2025-06-01T15:30:01.744+0000] {my_second_dag.py:22} INFO - Fetching data for date: 14/10/2020
[2025-06-01T15:30:01.813+0000] {my_second_dag.py:41} INFO - Fetching value USD: {'date': <Proxy at 0x7fdceac4adc0 wrapping DateTime(2020, 10, 14, 0, 0, 0, tzinfo=Timezone('UTC')) at 0x7fdceacf3bf0 with factory functools.partial(<function lazy_mapping_from_context.<locals>._deprecated_proxy_factory at 0x7fdceac9f680>, 'execution_date', DateTime(2020, 10, 14, 0, 0, 0, tzinfo=Timezone('UTC')))>, 'value': 77.2855}
[2025-06-01T15:30:01.814+0000] {python.py:183} INFO - Done. Returned value was: {'date': <Proxy at 0x7fdceac4adc0 wrapping DateTime(2020, 10, 14, 0, 0, 0, tzinfo=Timezone('UTC')) at 0x7fdceacf3bf0 with factory functools.partial(<function lazy_mapping_from_context.<locals>._deprecated_proxy_factory at 0x7fdceac9f680>, 'execution_date', DateTime(2020, 10, 14, 0, 0, 0, tzinfo=Timezone('UTC')))>, 'value': 77.2855}
[2025-06-01T15:30:01.822+0000] {taskinstance.py:1824} ERROR - Task failed with exception
Traceback (most recent call last):
  File "/home/airflow/.local/lib/python3.7/site-packages/airflow/utils/session.py", line 73, in wrapper
    return func(*args, **kwargs)
  File "/home/airflow/.local/lib/python3.7/site-packages/airflow/models/taskinstance.py", line 2361, in xcom_push
    session=session,
  File "/home/airflow/.local/lib/python3.7/site-packages/airflow/utils/session.py", line 73, in wrapper
    return func(*args, **kwargs)
  File "/home/airflow/.local/lib/python3.7/site-packages/airflow/models/xcom.py", line 243, in set
    map_index=map_index,
  File "/home/airflow/.local/lib/python3.7/site-packages/airflow/models/xcom.py", line 632, in serialize_value
    return json.dumps(value, cls=XComEncoder).encode("UTF-8")
  File "/usr/local/lib/python3.7/json/__init__.py", line 238, in dumps
    **kw).encode(obj)
  File "/home/airflow/.local/lib/python3.7/site-packages/airflow/utils/json.py", line 104, in encode
    return super().encode(o)
  File "/usr/local/lib/python3.7/json/encoder.py", line 199, in encode
    chunks = self.iterencode(o, _one_shot=True)
  File "/usr/local/lib/python3.7/json/encoder.py", line 257, in iterencode
    return _iterencode(o, 0)
  File "/home/airflow/.local/lib/python3.7/site-packages/airflow/utils/json.py", line 91, in default
    return serialize(o)
  File "/home/airflow/.local/lib/python3.7/site-packages/airflow/serialization/serde.py", line 133, in serialize
    qn = qualname(o)
  File "/home/airflow/.local/lib/python3.7/site-packages/airflow/utils/module_loading.py", line 47, in qualname
    return f"{o.__module__}.{o.__name__}"
AttributeError: 'DateTime' object has no attribute '__name__'
[2025-06-01T15:30:01.840+0000] {taskinstance.py:1350} INFO - Marking task as UP_FOR_RETRY. dag_id=second_dag, task_id=feth_data_task, execution_date=20201014T000000, start_date=20250601T153001, end_date=20250601T153001
[2025-06-01T15:30:01.856+0000] {standard_task_runner.py:109} ERROR - Failed to execute job 838 for task feth_data_task ('DateTime' object has no attribute '__name__'; 21939)
[2025-06-01T15:30:01.908+0000] {local_task_job_runner.py:225} INFO - Task exited with return code 1
[2025-06-01T15:30:01.932+0000] {taskinstance.py:2653} INFO - 0 downstream tasks scheduled from follow-on schedule check
