[2025-06-03T15:15:46.572+0000] {taskinstance.py:1103} INFO - Dependencies all met for dep_context=non-requeueable deps ti=<TaskInstance: usd_rate_fetcher.save_data_to_db scheduled__2000-03-13T00:00:00+00:00 [queued]>
[2025-06-03T15:15:46.584+0000] {taskinstance.py:1103} INFO - Dependencies all met for dep_context=requeueable deps ti=<TaskInstance: usd_rate_fetcher.save_data_to_db scheduled__2000-03-13T00:00:00+00:00 [queued]>
[2025-06-03T15:15:46.584+0000] {taskinstance.py:1308} INFO - Starting attempt 2 of 3
[2025-06-03T15:15:46.616+0000] {taskinstance.py:1327} INFO - Executing <Task(_PythonDecoratedOperator): save_data_to_db> on 2000-03-13 00:00:00+00:00
[2025-06-03T15:15:46.623+0000] {standard_task_runner.py:57} INFO - Started process 9940 to run task
[2025-06-03T15:15:46.640+0000] {standard_task_runner.py:84} INFO - Running: ['***', 'tasks', 'run', 'usd_rate_fetcher', 'save_data_to_db', 'scheduled__2000-03-13T00:00:00+00:00', '--job-id', '8334', '--raw', '--subdir', 'DAGS_FOLDER/usd_rate_fetcher.py', '--cfg-path', '/tmp/tmpmjjqoev7']
[2025-06-03T15:15:46.643+0000] {standard_task_runner.py:85} INFO - Job 8334: Subtask save_data_to_db
[2025-06-03T15:15:46.776+0000] {task_command.py:410} INFO - Running <TaskInstance: usd_rate_fetcher.save_data_to_db scheduled__2000-03-13T00:00:00+00:00 [running]> on host 40869fde016f
[2025-06-03T15:15:47.091+0000] {logging_mixin.py:150} WARNING - /home/***/.local/lib/python3.7/site-packages/***/utils/context.py:205 AirflowContextDeprecationWarning: Accessing 'execution_date' from the template is deprecated and will be removed in a future version. Please use 'data_interval_start' or 'logical_date' instead.
[2025-06-03T15:15:47.136+0000] {taskinstance.py:1547} INFO - Exporting env vars: AIRFLOW_CTX_DAG_OWNER='***' AIRFLOW_CTX_DAG_ID='usd_rate_fetcher' AIRFLOW_CTX_TASK_ID='save_data_to_db' AIRFLOW_CTX_EXECUTION_DATE='2000-03-13T00:00:00+00:00' AIRFLOW_CTX_TRY_NUMBER='2' AIRFLOW_CTX_DAG_RUN_ID='scheduled__2000-03-13T00:00:00+00:00'
[2025-06-03T15:15:47.137+0000] {taskinstance.py:1824} ERROR - Task failed with exception
Traceback (most recent call last):
  File "/home/airflow/.local/lib/python3.7/site-packages/airflow/decorators/base.py", line 220, in execute
    return_value = super().execute(context)
  File "/home/airflow/.local/lib/python3.7/site-packages/airflow/operators/python.py", line 181, in execute
    return_value = self.execute_callable()
  File "/home/airflow/.local/lib/python3.7/site-packages/airflow/operators/python.py", line 198, in execute_callable
    return self.python_callable(*self.op_args, **self.op_kwargs)
  File "/opt/airflow/dags/usd_rate_fetcher.py", line 80, in save_data_to_db
    logger.info(f"Received USD rate: {data} for date {execution_date.date()}")
AttributeError: 'datetime.date' object has no attribute 'date'
[2025-06-03T15:15:47.154+0000] {taskinstance.py:1350} INFO - Marking task as UP_FOR_RETRY. dag_id=usd_rate_fetcher, task_id=save_data_to_db, execution_date=20000313T000000, start_date=20250603T151546, end_date=20250603T151547
[2025-06-03T15:15:47.171+0000] {standard_task_runner.py:109} ERROR - Failed to execute job 8334 for task save_data_to_db ('datetime.date' object has no attribute 'date'; 9940)
[2025-06-03T15:15:47.218+0000] {local_task_job_runner.py:225} INFO - Task exited with return code 1
[2025-06-03T15:15:47.239+0000] {taskinstance.py:2653} INFO - 0 downstream tasks scheduled from follow-on schedule check
