[2025-06-03T15:15:58.713+0000] {taskinstance.py:1103} INFO - Dependencies all met for dep_context=non-requeueable deps ti=<TaskInstance: usd_rate_fetcher.save_data_to_db scheduled__2000-03-13T00:00:00+00:00 [queued]>
[2025-06-03T15:15:58.724+0000] {taskinstance.py:1103} INFO - Dependencies all met for dep_context=requeueable deps ti=<TaskInstance: usd_rate_fetcher.save_data_to_db scheduled__2000-03-13T00:00:00+00:00 [queued]>
[2025-06-03T15:15:58.724+0000] {taskinstance.py:1308} INFO - Starting attempt 3 of 3
[2025-06-03T15:15:58.754+0000] {taskinstance.py:1327} INFO - Executing <Task(_PythonDecoratedOperator): save_data_to_db> on 2000-03-13 00:00:00+00:00
[2025-06-03T15:15:58.771+0000] {standard_task_runner.py:84} INFO - Running: ['***', 'tasks', 'run', 'usd_rate_fetcher', 'save_data_to_db', 'scheduled__2000-03-13T00:00:00+00:00', '--job-id', '8352', '--raw', '--subdir', 'DAGS_FOLDER/usd_rate_fetcher.py', '--cfg-path', '/tmp/tmpo59c94gq']
[2025-06-03T15:15:58.779+0000] {standard_task_runner.py:85} INFO - Job 8352: Subtask save_data_to_db
[2025-06-03T15:15:58.765+0000] {standard_task_runner.py:57} INFO - Started process 10171 to run task
[2025-06-03T15:15:58.960+0000] {task_command.py:410} INFO - Running <TaskInstance: usd_rate_fetcher.save_data_to_db scheduled__2000-03-13T00:00:00+00:00 [running]> on host 40869fde016f
[2025-06-03T15:15:59.242+0000] {logging_mixin.py:150} WARNING - /home/***/.local/lib/python3.7/site-packages/***/utils/context.py:205 AirflowContextDeprecationWarning: Accessing 'execution_date' from the template is deprecated and will be removed in a future version. Please use 'data_interval_start' or 'logical_date' instead.
[2025-06-03T15:15:59.316+0000] {taskinstance.py:1547} INFO - Exporting env vars: AIRFLOW_CTX_DAG_OWNER='***' AIRFLOW_CTX_DAG_ID='usd_rate_fetcher' AIRFLOW_CTX_TASK_ID='save_data_to_db' AIRFLOW_CTX_EXECUTION_DATE='2000-03-13T00:00:00+00:00' AIRFLOW_CTX_TRY_NUMBER='3' AIRFLOW_CTX_DAG_RUN_ID='scheduled__2000-03-13T00:00:00+00:00'
[2025-06-03T15:15:59.317+0000] {taskinstance.py:1824} ERROR - Task failed with exception
Traceback (most recent call last):
  File "/home/airflow/.local/lib/python3.7/site-packages/airflow/decorators/base.py", line 220, in execute
    return_value = super().execute(context)
  File "/home/airflow/.local/lib/python3.7/site-packages/airflow/operators/python.py", line 181, in execute
    return_value = self.execute_callable()
  File "/home/airflow/.local/lib/python3.7/site-packages/airflow/operators/python.py", line 198, in execute_callable
    return self.python_callable(*self.op_args, **self.op_kwargs)
  File "/opt/airflow/dags/usd_rate_fetcher.py", line 80, in save_data_to_db
    logger.info(f"Received USD rate: {data} for date {execution_date.date()}")
AttributeError: 'datetime.date' object has no attribute 'date'
[2025-06-03T15:15:59.336+0000] {taskinstance.py:1350} INFO - Marking task as FAILED. dag_id=usd_rate_fetcher, task_id=save_data_to_db, execution_date=20000313T000000, start_date=20250603T151558, end_date=20250603T151559
[2025-06-03T15:15:59.357+0000] {standard_task_runner.py:109} ERROR - Failed to execute job 8352 for task save_data_to_db ('datetime.date' object has no attribute 'date'; 10171)
[2025-06-03T15:15:59.377+0000] {local_task_job_runner.py:225} INFO - Task exited with return code 1
[2025-06-03T15:15:59.397+0000] {taskinstance.py:2653} INFO - 0 downstream tasks scheduled from follow-on schedule check
