[2025-06-03T09:18:31.690+0000] {taskinstance.py:1103} INFO - Dependencies all met for dep_context=non-requeueable deps ti=<TaskInstance: usd_rate_fetcher_taskflow.fetch_data_from_api scheduled__2000-02-05T00:00:00+00:00 [queued]>
[2025-06-03T09:18:31.700+0000] {taskinstance.py:1103} INFO - Dependencies all met for dep_context=requeueable deps ti=<TaskInstance: usd_rate_fetcher_taskflow.fetch_data_from_api scheduled__2000-02-05T00:00:00+00:00 [queued]>
[2025-06-03T09:18:31.700+0000] {taskinstance.py:1308} INFO - Starting attempt 1 of 3
[2025-06-03T09:18:31.725+0000] {taskinstance.py:1327} INFO - Executing <Task(_PythonDecoratedOperator): fetch_data_from_api> on 2000-02-05 00:00:00+00:00
[2025-06-03T09:18:31.733+0000] {standard_task_runner.py:57} INFO - Started process 1775 to run task
[2025-06-03T09:18:31.752+0000] {standard_task_runner.py:84} INFO - Running: ['***', 'tasks', 'run', 'usd_rate_fetcher_taskflow', 'fetch_data_from_api', 'scheduled__2000-02-05T00:00:00+00:00', '--job-id', '7491', '--raw', '--subdir', 'DAGS_FOLDER/usd_rate_fetcher.py', '--cfg-path', '/tmp/tmp0zdsw5cj']
[2025-06-03T09:18:31.754+0000] {standard_task_runner.py:85} INFO - Job 7491: Subtask fetch_data_from_api
[2025-06-03T09:18:31.801+0000] {task_command.py:410} INFO - Running <TaskInstance: usd_rate_fetcher_taskflow.fetch_data_from_api scheduled__2000-02-05T00:00:00+00:00 [running]> on host 40869fde016f
[2025-06-03T09:18:32.055+0000] {logging_mixin.py:150} WARNING - /home/***/.local/lib/python3.7/site-packages/***/utils/context.py:205 AirflowContextDeprecationWarning: Accessing 'execution_date' from the template is deprecated and will be removed in a future version. Please use 'data_interval_start' or 'logical_date' instead.
[2025-06-03T09:18:32.099+0000] {taskinstance.py:1547} INFO - Exporting env vars: AIRFLOW_CTX_DAG_OWNER='***' AIRFLOW_CTX_DAG_ID='usd_rate_fetcher_taskflow' AIRFLOW_CTX_TASK_ID='fetch_data_from_api' AIRFLOW_CTX_EXECUTION_DATE='2000-02-05T00:00:00+00:00' AIRFLOW_CTX_TRY_NUMBER='1' AIRFLOW_CTX_DAG_RUN_ID='scheduled__2000-02-05T00:00:00+00:00'
[2025-06-03T09:18:32.101+0000] {taskinstance.py:1824} ERROR - Task failed with exception
Traceback (most recent call last):
  File "/home/airflow/.local/lib/python3.7/site-packages/airflow/decorators/base.py", line 220, in execute
    return_value = super().execute(context)
  File "/home/airflow/.local/lib/python3.7/site-packages/airflow/operators/python.py", line 181, in execute
    return_value = self.execute_callable()
  File "/home/airflow/.local/lib/python3.7/site-packages/airflow/operators/python.py", line 198, in execute_callable
    return self.python_callable(*self.op_args, **self.op_kwargs)
  File "/opt/airflow/dags/usd_rate_fetcher.py", line 30, in fetch_data_from_api
    date_str = execution_date.strftime("%d/%m/%Y")
AttributeError: 'str' object has no attribute 'strftime'
[2025-06-03T09:18:32.107+0000] {taskinstance.py:1350} INFO - Marking task as UP_FOR_RETRY. dag_id=usd_rate_fetcher_taskflow, task_id=fetch_data_from_api, execution_date=20000205T000000, start_date=20250603T091831, end_date=20250603T091832
[2025-06-03T09:18:32.118+0000] {standard_task_runner.py:109} ERROR - Failed to execute job 7491 for task fetch_data_from_api ('str' object has no attribute 'strftime'; 1775)
[2025-06-03T09:18:32.152+0000] {local_task_job_runner.py:225} INFO - Task exited with return code 1
[2025-06-03T09:18:32.209+0000] {taskinstance.py:2653} INFO - 0 downstream tasks scheduled from follow-on schedule check
[2025-06-03T09:35:55.366+0000] {taskinstance.py:1103} INFO - Dependencies all met for dep_context=non-requeueable deps ti=<TaskInstance: usd_rate_fetcher_taskflow.fetch_data_from_api scheduled__2000-02-05T00:00:00+00:00 [queued]>
[2025-06-03T09:35:55.378+0000] {taskinstance.py:1103} INFO - Dependencies all met for dep_context=requeueable deps ti=<TaskInstance: usd_rate_fetcher_taskflow.fetch_data_from_api scheduled__2000-02-05T00:00:00+00:00 [queued]>
[2025-06-03T09:35:55.378+0000] {taskinstance.py:1308} INFO - Starting attempt 1 of 3
[2025-06-03T09:35:55.417+0000] {taskinstance.py:1327} INFO - Executing <Task(_PythonDecoratedOperator): fetch_data_from_api> on 2000-02-05 00:00:00+00:00
[2025-06-03T09:35:55.423+0000] {standard_task_runner.py:57} INFO - Started process 11013 to run task
[2025-06-03T09:35:55.428+0000] {standard_task_runner.py:84} INFO - Running: ['***', 'tasks', 'run', 'usd_rate_fetcher_taskflow', 'fetch_data_from_api', 'scheduled__2000-02-05T00:00:00+00:00', '--job-id', '8057', '--raw', '--subdir', 'DAGS_FOLDER/usd_rate_fetcher.py', '--cfg-path', '/tmp/tmp_8suhr6w']
[2025-06-03T09:35:55.430+0000] {standard_task_runner.py:85} INFO - Job 8057: Subtask fetch_data_from_api
[2025-06-03T09:35:55.477+0000] {task_command.py:410} INFO - Running <TaskInstance: usd_rate_fetcher_taskflow.fetch_data_from_api scheduled__2000-02-05T00:00:00+00:00 [running]> on host 40869fde016f
[2025-06-03T09:35:55.672+0000] {logging_mixin.py:150} WARNING - /home/***/.local/lib/python3.7/site-packages/***/utils/context.py:205 AirflowContextDeprecationWarning: Accessing 'execution_date' from the template is deprecated and will be removed in a future version. Please use 'data_interval_start' or 'logical_date' instead.
[2025-06-03T09:35:55.734+0000] {taskinstance.py:1547} INFO - Exporting env vars: AIRFLOW_CTX_DAG_OWNER='***' AIRFLOW_CTX_DAG_ID='usd_rate_fetcher_taskflow' AIRFLOW_CTX_TASK_ID='fetch_data_from_api' AIRFLOW_CTX_EXECUTION_DATE='2000-02-05T00:00:00+00:00' AIRFLOW_CTX_TRY_NUMBER='1' AIRFLOW_CTX_DAG_RUN_ID='scheduled__2000-02-05T00:00:00+00:00'
[2025-06-03T09:35:55.735+0000] {usd_rate_fetcher.py:34} INFO - Fetching data for date: 05/02/2000
[2025-06-03T09:35:55.800+0000] {python.py:183} INFO - Done. Returned value was: 28.77
[2025-06-03T09:35:55.847+0000] {taskinstance.py:1350} INFO - Marking task as SUCCESS. dag_id=usd_rate_fetcher_taskflow, task_id=fetch_data_from_api, execution_date=20000205T000000, start_date=20250603T093555, end_date=20250603T093555
[2025-06-03T09:35:55.885+0000] {local_task_job_runner.py:225} INFO - Task exited with return code 0
[2025-06-03T09:35:56.003+0000] {taskinstance.py:2653} INFO - 0 downstream tasks scheduled from follow-on schedule check
