[2025-06-03T15:19:52.792+0000] {taskinstance.py:1103} INFO - Dependencies all met for dep_context=non-requeueable deps ti=<TaskInstance: usd_rate_fetcher.fetch_data_from_api scheduled__2020-01-14T00:00:00+00:00 [queued]>
[2025-06-03T15:19:52.802+0000] {taskinstance.py:1103} INFO - Dependencies all met for dep_context=requeueable deps ti=<TaskInstance: usd_rate_fetcher.fetch_data_from_api scheduled__2020-01-14T00:00:00+00:00 [queued]>
[2025-06-03T15:19:52.803+0000] {taskinstance.py:1308} INFO - Starting attempt 1 of 3
[2025-06-03T15:19:52.218+0000] {taskinstance.py:1327} INFO - Executing <Task(_PythonDecoratedOperator): fetch_data_from_api> on 2020-01-14 00:00:00+00:00
[2025-06-03T15:19:52.226+0000] {standard_task_runner.py:57} INFO - Started process 13998 to run task
[2025-06-03T15:19:52.247+0000] {standard_task_runner.py:84} INFO - Running: ['***', 'tasks', 'run', 'usd_rate_fetcher', 'fetch_data_from_api', 'scheduled__2020-01-14T00:00:00+00:00', '--job-id', '8614', '--raw', '--subdir', 'DAGS_FOLDER/usd_rate_fetcher.py', '--cfg-path', '/tmp/tmpucxu7e29']
[2025-06-03T15:19:52.249+0000] {standard_task_runner.py:85} INFO - Job 8614: Subtask fetch_data_from_api
[2025-06-03T15:19:52.343+0000] {task_command.py:410} INFO - Running <TaskInstance: usd_rate_fetcher.fetch_data_from_api scheduled__2020-01-14T00:00:00+00:00 [running]> on host 40869fde016f
[2025-06-03T15:19:52.449+0000] {logging_mixin.py:150} WARNING - /home/***/.local/lib/python3.7/site-packages/***/utils/context.py:205 AirflowContextDeprecationWarning: Accessing 'execution_date' from the template is deprecated and will be removed in a future version. Please use 'data_interval_start' or 'logical_date' instead.
[2025-06-03T15:19:52.520+0000] {taskinstance.py:1547} INFO - Exporting env vars: AIRFLOW_CTX_DAG_OWNER='***' AIRFLOW_CTX_DAG_ID='usd_rate_fetcher' AIRFLOW_CTX_TASK_ID='fetch_data_from_api' AIRFLOW_CTX_EXECUTION_DATE='2020-01-14T00:00:00+00:00' AIRFLOW_CTX_TRY_NUMBER='1' AIRFLOW_CTX_DAG_RUN_ID='scheduled__2020-01-14T00:00:00+00:00'
[2025-06-03T15:19:52.537+0000] {usd_rate_fetcher.py:34} INFO - Переменная ['Доллар США', 'Евро', 'Гонконгский доллар', 'Юань', 'Фунт стерлингов']
[2025-06-03T15:19:52.549+0000] {usd_rate_fetcher.py:53} INFO - Fetching data for date: 14/01/2020
[2025-06-03T15:19:52.605+0000] {python.py:183} INFO - Done. Returned value was: {'date': datetime.date(2020, 1, 14), 'content': [{'Фунт стерлингов': 79.2072}, {'Доллар США': 60.9474}, {'Евро': 67.8162}]}
[2025-06-03T15:19:52.653+0000] {taskinstance.py:1350} INFO - Marking task as SUCCESS. dag_id=usd_rate_fetcher, task_id=fetch_data_from_api, execution_date=20200114T000000, start_date=20250603T151952, end_date=20250603T151952
[2025-06-03T15:19:52.769+0000] {local_task_job_runner.py:225} INFO - Task exited with return code 0
[2025-06-03T15:19:52.818+0000] {taskinstance.py:2653} INFO - 1 downstream tasks scheduled from follow-on schedule check
[2025-06-03T15:27:10.256+0000] {taskinstance.py:1103} INFO - Dependencies all met for dep_context=non-requeueable deps ti=<TaskInstance: usd_rate_fetcher.fetch_data_from_api scheduled__2020-01-14T00:00:00+00:00 [queued]>
[2025-06-03T15:27:10.278+0000] {taskinstance.py:1103} INFO - Dependencies all met for dep_context=requeueable deps ti=<TaskInstance: usd_rate_fetcher.fetch_data_from_api scheduled__2020-01-14T00:00:00+00:00 [queued]>
[2025-06-03T15:27:10.279+0000] {taskinstance.py:1308} INFO - Starting attempt 1 of 3
[2025-06-03T15:27:10.446+0000] {taskinstance.py:1327} INFO - Executing <Task(_PythonDecoratedOperator): fetch_data_from_api> on 2020-01-14 00:00:00+00:00
[2025-06-03T15:27:10.461+0000] {standard_task_runner.py:57} INFO - Started process 16452 to run task
[2025-06-03T15:27:10.464+0000] {standard_task_runner.py:84} INFO - Running: ['***', 'tasks', 'run', 'usd_rate_fetcher', 'fetch_data_from_api', 'scheduled__2020-01-14T00:00:00+00:00', '--job-id', '8768', '--raw', '--subdir', 'DAGS_FOLDER/usd_rate_fetcher.py', '--cfg-path', '/tmp/tmp79rn_kd1']
[2025-06-03T15:27:10.466+0000] {standard_task_runner.py:85} INFO - Job 8768: Subtask fetch_data_from_api
[2025-06-03T15:27:10.577+0000] {task_command.py:410} INFO - Running <TaskInstance: usd_rate_fetcher.fetch_data_from_api scheduled__2020-01-14T00:00:00+00:00 [running]> on host 40869fde016f
[2025-06-03T15:27:10.663+0000] {logging_mixin.py:150} WARNING - /home/***/.local/lib/python3.7/site-packages/***/utils/context.py:205 AirflowContextDeprecationWarning: Accessing 'execution_date' from the template is deprecated and will be removed in a future version. Please use 'data_interval_start' or 'logical_date' instead.
[2025-06-03T15:27:10.763+0000] {taskinstance.py:1547} INFO - Exporting env vars: AIRFLOW_CTX_DAG_OWNER='***' AIRFLOW_CTX_DAG_ID='usd_rate_fetcher' AIRFLOW_CTX_TASK_ID='fetch_data_from_api' AIRFLOW_CTX_EXECUTION_DATE='2020-01-14T00:00:00+00:00' AIRFLOW_CTX_TRY_NUMBER='1' AIRFLOW_CTX_DAG_RUN_ID='scheduled__2020-01-14T00:00:00+00:00'
[2025-06-03T15:27:10.783+0000] {usd_rate_fetcher.py:34} INFO - Переменная ['USD', 'EUR', 'HKD', 'CNY', 'GBP']
[2025-06-03T15:27:10.791+0000] {usd_rate_fetcher.py:53} INFO - Fetching data for date: 14/01/2020
[2025-06-03T15:27:10.836+0000] {python.py:183} INFO - Done. Returned value was: {'date': datetime.date(2020, 1, 14), 'content': [{'GBP': 79.2072}, {'HKD': 78.4242}, {'USD': 60.9474}, {'EUR': 67.8162}, {'CNY': 88.4}]}
[2025-06-03T15:27:10.866+0000] {taskinstance.py:1350} INFO - Marking task as SUCCESS. dag_id=usd_rate_fetcher, task_id=fetch_data_from_api, execution_date=20200114T000000, start_date=20250603T152710, end_date=20250603T152710
[2025-06-03T15:27:10.923+0000] {local_task_job_runner.py:225} INFO - Task exited with return code 0
[2025-06-03T15:27:10.947+0000] {taskinstance.py:2653} INFO - 1 downstream tasks scheduled from follow-on schedule check
