[2025-06-03T15:29:44.741+0000] {taskinstance.py:1103} INFO - Dependencies all met for dep_context=non-requeueable deps ti=<TaskInstance: usd_rate_fetcher.save_data_to_db scheduled__2020-03-24T00:00:00+00:00 [queued]>
[2025-06-03T15:29:44.748+0000] {taskinstance.py:1103} INFO - Dependencies all met for dep_context=requeueable deps ti=<TaskInstance: usd_rate_fetcher.save_data_to_db scheduled__2020-03-24T00:00:00+00:00 [queued]>
[2025-06-03T15:29:44.748+0000] {taskinstance.py:1308} INFO - Starting attempt 1 of 3
[2025-06-03T15:29:44.761+0000] {taskinstance.py:1327} INFO - Executing <Task(_PythonDecoratedOperator): save_data_to_db> on 2020-03-24 00:00:00+00:00
[2025-06-03T15:29:44.766+0000] {standard_task_runner.py:57} INFO - Started process 18554 to run task
[2025-06-03T15:29:44.769+0000] {standard_task_runner.py:84} INFO - Running: ['***', 'tasks', 'run', 'usd_rate_fetcher', 'save_data_to_db', 'scheduled__2020-03-24T00:00:00+00:00', '--job-id', '8914', '--raw', '--subdir', 'DAGS_FOLDER/usd_rate_fetcher.py', '--cfg-path', '/tmp/tmpv68oa9hq']
[2025-06-03T15:29:44.771+0000] {standard_task_runner.py:85} INFO - Job 8914: Subtask save_data_to_db
[2025-06-03T15:29:44.803+0000] {task_command.py:410} INFO - Running <TaskInstance: usd_rate_fetcher.save_data_to_db scheduled__2020-03-24T00:00:00+00:00 [running]> on host 40869fde016f
[2025-06-03T15:29:44.970+0000] {logging_mixin.py:150} WARNING - /home/***/.local/lib/python3.7/site-packages/***/utils/context.py:205 AirflowContextDeprecationWarning: Accessing 'execution_date' from the template is deprecated and will be removed in a future version. Please use 'data_interval_start' or 'logical_date' instead.
[2025-06-03T15:29:45.002+0000] {taskinstance.py:1547} INFO - Exporting env vars: AIRFLOW_CTX_DAG_OWNER='***' AIRFLOW_CTX_DAG_ID='usd_rate_fetcher' AIRFLOW_CTX_TASK_ID='save_data_to_db' AIRFLOW_CTX_EXECUTION_DATE='2020-03-24T00:00:00+00:00' AIRFLOW_CTX_TRY_NUMBER='1' AIRFLOW_CTX_DAG_RUN_ID='scheduled__2020-03-24T00:00:00+00:00'
[2025-06-03T15:29:45.003+0000] {usd_rate_fetcher.py:80} INFO - Received USD rate: {'date': datetime.date(2020, 3, 24), 'content': [{'GBP': 93.96}, {'HKD': 10.4292}, {'USD': 80.8815}, {'EUR': 86.705}, {'CNY': 11.3634}]} for date 2020-03-24
[2025-06-03T15:29:45.010+0000] {base.py:73} INFO - Using connection ID 'pg_database' for task execution.
[2025-06-03T15:29:45.014+0000] {usd_rate_fetcher.py:103} INFO - Saved 93.96 for GBP on 2020-03-24
[2025-06-03T15:29:45.014+0000] {usd_rate_fetcher.py:103} INFO - Saved 10.43 for HKD on 2020-03-24
[2025-06-03T15:29:45.015+0000] {usd_rate_fetcher.py:103} INFO - Saved 80.88 for USD on 2020-03-24
[2025-06-03T15:29:45.015+0000] {usd_rate_fetcher.py:103} INFO - Saved 86.70 for EUR on 2020-03-24
[2025-06-03T15:29:45.016+0000] {usd_rate_fetcher.py:103} INFO - Saved 11.36 for CNY on 2020-03-24
[2025-06-03T15:29:45.017+0000] {python.py:183} INFO - Done. Returned value was: None
[2025-06-03T15:29:45.025+0000] {taskinstance.py:1350} INFO - Marking task as SUCCESS. dag_id=usd_rate_fetcher, task_id=save_data_to_db, execution_date=20200324T000000, start_date=20250603T152944, end_date=20250603T152945
[2025-06-03T15:29:45.064+0000] {local_task_job_runner.py:225} INFO - Task exited with return code 0
[2025-06-03T15:29:45.078+0000] {taskinstance.py:2653} INFO - 0 downstream tasks scheduled from follow-on schedule check
