[2025-06-03T09:18:02.383+0000] {taskinstance.py:1103} INFO - Dependencies all met for dep_context=non-requeueable deps ti=<TaskInstance: usd_rate_fetcher_taskflow.fetch_data_from_api scheduled__2000-01-29T00:00:00+00:00 [queued]>
[2025-06-03T09:18:02.431+0000] {taskinstance.py:1103} INFO - Dependencies all met for dep_context=requeueable deps ti=<TaskInstance: usd_rate_fetcher_taskflow.fetch_data_from_api scheduled__2000-01-29T00:00:00+00:00 [queued]>
[2025-06-03T09:18:02.431+0000] {taskinstance.py:1308} INFO - Starting attempt 1 of 3
[2025-06-03T09:18:02.453+0000] {taskinstance.py:1327} INFO - Executing <Task(_PythonDecoratedOperator): fetch_data_from_api> on 2000-01-29 00:00:00+00:00
[2025-06-03T09:18:02.461+0000] {standard_task_runner.py:57} INFO - Started process 1163 to run task
[2025-06-03T09:18:02.464+0000] {standard_task_runner.py:84} INFO - Running: ['***', 'tasks', 'run', 'usd_rate_fetcher_taskflow', 'fetch_data_from_api', 'scheduled__2000-01-29T00:00:00+00:00', '--job-id', '7452', '--raw', '--subdir', 'DAGS_FOLDER/usd_rate_fetcher.py', '--cfg-path', '/tmp/tmpy9cgd1mt']
[2025-06-03T09:18:02.465+0000] {standard_task_runner.py:85} INFO - Job 7452: Subtask fetch_data_from_api
[2025-06-03T09:18:02.509+0000] {task_command.py:410} INFO - Running <TaskInstance: usd_rate_fetcher_taskflow.fetch_data_from_api scheduled__2000-01-29T00:00:00+00:00 [running]> on host 40869fde016f
[2025-06-03T09:18:02.549+0000] {logging_mixin.py:150} WARNING - /home/***/.local/lib/python3.7/site-packages/***/utils/context.py:205 AirflowContextDeprecationWarning: Accessing 'execution_date' from the template is deprecated and will be removed in a future version. Please use 'data_interval_start' or 'logical_date' instead.
[2025-06-03T09:18:02.581+0000] {taskinstance.py:1547} INFO - Exporting env vars: AIRFLOW_CTX_DAG_OWNER='***' AIRFLOW_CTX_DAG_ID='usd_rate_fetcher_taskflow' AIRFLOW_CTX_TASK_ID='fetch_data_from_api' AIRFLOW_CTX_EXECUTION_DATE='2000-01-29T00:00:00+00:00' AIRFLOW_CTX_TRY_NUMBER='1' AIRFLOW_CTX_DAG_RUN_ID='scheduled__2000-01-29T00:00:00+00:00'
[2025-06-03T09:18:02.582+0000] {taskinstance.py:1824} ERROR - Task failed with exception
Traceback (most recent call last):
  File "/home/airflow/.local/lib/python3.7/site-packages/airflow/decorators/base.py", line 220, in execute
    return_value = super().execute(context)
  File "/home/airflow/.local/lib/python3.7/site-packages/airflow/operators/python.py", line 181, in execute
    return_value = self.execute_callable()
  File "/home/airflow/.local/lib/python3.7/site-packages/airflow/operators/python.py", line 198, in execute_callable
    return self.python_callable(*self.op_args, **self.op_kwargs)
  File "/opt/airflow/dags/usd_rate_fetcher.py", line 30, in fetch_data_from_api
    date_str = execution_date.strftime("%d/%m/%Y")
AttributeError: 'str' object has no attribute 'strftime'
[2025-06-03T09:18:02.595+0000] {taskinstance.py:1350} INFO - Marking task as UP_FOR_RETRY. dag_id=usd_rate_fetcher_taskflow, task_id=fetch_data_from_api, execution_date=20000129T000000, start_date=20250603T091802, end_date=20250603T091802
[2025-06-03T09:18:02.621+0000] {standard_task_runner.py:109} ERROR - Failed to execute job 7452 for task fetch_data_from_api ('str' object has no attribute 'strftime'; 1163)
[2025-06-03T09:18:02.637+0000] {local_task_job_runner.py:225} INFO - Task exited with return code 1
[2025-06-03T09:18:02.660+0000] {taskinstance.py:2653} INFO - 0 downstream tasks scheduled from follow-on schedule check
[2025-06-03T09:35:49.544+0000] {taskinstance.py:1103} INFO - Dependencies all met for dep_context=non-requeueable deps ti=<TaskInstance: usd_rate_fetcher_taskflow.fetch_data_from_api scheduled__2000-01-29T00:00:00+00:00 [queued]>
[2025-06-03T09:35:49.562+0000] {taskinstance.py:1103} INFO - Dependencies all met for dep_context=requeueable deps ti=<TaskInstance: usd_rate_fetcher_taskflow.fetch_data_from_api scheduled__2000-01-29T00:00:00+00:00 [queued]>
[2025-06-03T09:35:49.563+0000] {taskinstance.py:1308} INFO - Starting attempt 1 of 3
[2025-06-03T09:35:49.585+0000] {taskinstance.py:1327} INFO - Executing <Task(_PythonDecoratedOperator): fetch_data_from_api> on 2000-01-29 00:00:00+00:00
[2025-06-03T09:35:49.603+0000] {standard_task_runner.py:57} INFO - Started process 10756 to run task
[2025-06-03T09:35:49.633+0000] {standard_task_runner.py:84} INFO - Running: ['***', 'tasks', 'run', 'usd_rate_fetcher_taskflow', 'fetch_data_from_api', 'scheduled__2000-01-29T00:00:00+00:00', '--job-id', '8034', '--raw', '--subdir', 'DAGS_FOLDER/usd_rate_fetcher.py', '--cfg-path', '/tmp/tmp2ltahhqw']
[2025-06-03T09:35:49.635+0000] {standard_task_runner.py:85} INFO - Job 8034: Subtask fetch_data_from_api
[2025-06-03T09:35:49.720+0000] {task_command.py:410} INFO - Running <TaskInstance: usd_rate_fetcher_taskflow.fetch_data_from_api scheduled__2000-01-29T00:00:00+00:00 [running]> on host 40869fde016f
[2025-06-03T09:35:49.991+0000] {logging_mixin.py:150} WARNING - /home/***/.local/lib/python3.7/site-packages/***/utils/context.py:205 AirflowContextDeprecationWarning: Accessing 'execution_date' from the template is deprecated and will be removed in a future version. Please use 'data_interval_start' or 'logical_date' instead.
[2025-06-03T09:35:50.071+0000] {taskinstance.py:1547} INFO - Exporting env vars: AIRFLOW_CTX_DAG_OWNER='***' AIRFLOW_CTX_DAG_ID='usd_rate_fetcher_taskflow' AIRFLOW_CTX_TASK_ID='fetch_data_from_api' AIRFLOW_CTX_EXECUTION_DATE='2000-01-29T00:00:00+00:00' AIRFLOW_CTX_TRY_NUMBER='1' AIRFLOW_CTX_DAG_RUN_ID='scheduled__2000-01-29T00:00:00+00:00'
[2025-06-03T09:35:50.072+0000] {usd_rate_fetcher.py:34} INFO - Fetching data for date: 29/01/2000
[2025-06-03T09:35:50.145+0000] {python.py:183} INFO - Done. Returned value was: 28.55
[2025-06-03T09:35:50.169+0000] {taskinstance.py:1350} INFO - Marking task as SUCCESS. dag_id=usd_rate_fetcher_taskflow, task_id=fetch_data_from_api, execution_date=20000129T000000, start_date=20250603T093549, end_date=20250603T093550
[2025-06-03T09:35:50.218+0000] {local_task_job_runner.py:225} INFO - Task exited with return code 0
[2025-06-03T09:35:50.244+0000] {taskinstance.py:2653} INFO - 1 downstream tasks scheduled from follow-on schedule check
