[2025-06-03T15:29:48.765+0000] {taskinstance.py:1103} INFO - Dependencies all met for dep_context=non-requeueable deps ti=<TaskInstance: usd_rate_fetcher.save_data_to_db scheduled__2020-03-27T00:00:00+00:00 [queued]>
[2025-06-03T15:29:48.774+0000] {taskinstance.py:1103} INFO - Dependencies all met for dep_context=requeueable deps ti=<TaskInstance: usd_rate_fetcher.save_data_to_db scheduled__2020-03-27T00:00:00+00:00 [queued]>
[2025-06-03T15:29:48.774+0000] {taskinstance.py:1308} INFO - Starting attempt 1 of 3
[2025-06-03T15:29:48.809+0000] {taskinstance.py:1327} INFO - Executing <Task(_PythonDecoratedOperator): save_data_to_db> on 2020-03-27 00:00:00+00:00
[2025-06-03T15:29:48.818+0000] {standard_task_runner.py:57} INFO - Started process 18847 to run task
[2025-06-03T15:29:48.821+0000] {standard_task_runner.py:84} INFO - Running: ['***', 'tasks', 'run', 'usd_rate_fetcher', 'save_data_to_db', 'scheduled__2020-03-27T00:00:00+00:00', '--job-id', '8930', '--raw', '--subdir', 'DAGS_FOLDER/usd_rate_fetcher.py', '--cfg-path', '/tmp/tmprjzvcg2e']
[2025-06-03T15:29:48.827+0000] {standard_task_runner.py:85} INFO - Job 8930: Subtask save_data_to_db
[2025-06-03T15:29:48.939+0000] {task_command.py:410} INFO - Running <TaskInstance: usd_rate_fetcher.save_data_to_db scheduled__2020-03-27T00:00:00+00:00 [running]> on host 40869fde016f
[2025-06-03T15:29:49.151+0000] {logging_mixin.py:150} WARNING - /home/***/.local/lib/python3.7/site-packages/***/utils/context.py:205 AirflowContextDeprecationWarning: Accessing 'execution_date' from the template is deprecated and will be removed in a future version. Please use 'data_interval_start' or 'logical_date' instead.
[2025-06-03T15:29:49.195+0000] {taskinstance.py:1547} INFO - Exporting env vars: AIRFLOW_CTX_DAG_OWNER='***' AIRFLOW_CTX_DAG_ID='usd_rate_fetcher' AIRFLOW_CTX_TASK_ID='save_data_to_db' AIRFLOW_CTX_EXECUTION_DATE='2020-03-27T00:00:00+00:00' AIRFLOW_CTX_TRY_NUMBER='1' AIRFLOW_CTX_DAG_RUN_ID='scheduled__2020-03-27T00:00:00+00:00'
[2025-06-03T15:29:49.196+0000] {usd_rate_fetcher.py:80} INFO - Received USD rate: {'date': datetime.date(2020, 3, 27), 'content': [{'GBP': 93.8291}, {'HKD': 10.1535}, {'USD': 78.7223}, {'EUR': 85.9648}, {'CNY': 11.0961}]} for date 2020-03-27
[2025-06-03T15:29:49.207+0000] {base.py:73} INFO - Using connection ID 'pg_database' for task execution.
[2025-06-03T15:29:49.215+0000] {usd_rate_fetcher.py:103} INFO - Saved 93.83 for GBP on 2020-03-27
[2025-06-03T15:29:49.215+0000] {usd_rate_fetcher.py:103} INFO - Saved 10.15 for HKD on 2020-03-27
[2025-06-03T15:29:49.215+0000] {usd_rate_fetcher.py:103} INFO - Saved 78.72 for USD on 2020-03-27
[2025-06-03T15:29:49.216+0000] {usd_rate_fetcher.py:103} INFO - Saved 85.96 for EUR on 2020-03-27
[2025-06-03T15:29:49.216+0000] {usd_rate_fetcher.py:103} INFO - Saved 11.10 for CNY on 2020-03-27
[2025-06-03T15:29:49.219+0000] {python.py:183} INFO - Done. Returned value was: None
[2025-06-03T15:29:49.228+0000] {taskinstance.py:1350} INFO - Marking task as SUCCESS. dag_id=usd_rate_fetcher, task_id=save_data_to_db, execution_date=20200327T000000, start_date=20250603T152948, end_date=20250603T152949
[2025-06-03T15:29:49.280+0000] {local_task_job_runner.py:225} INFO - Task exited with return code 0
[2025-06-03T15:29:49.307+0000] {taskinstance.py:2653} INFO - 0 downstream tasks scheduled from follow-on schedule check
