[2025-06-03T09:18:33.078+0000] {taskinstance.py:1103} INFO - Dependencies all met for dep_context=non-requeueable deps ti=<TaskInstance: usd_rate_fetcher_taskflow.fetch_data_from_api scheduled__2000-02-15T00:00:00+00:00 [queued]>
[2025-06-03T09:18:33.088+0000] {taskinstance.py:1103} INFO - Dependencies all met for dep_context=requeueable deps ti=<TaskInstance: usd_rate_fetcher_taskflow.fetch_data_from_api scheduled__2000-02-15T00:00:00+00:00 [queued]>
[2025-06-03T09:18:33.088+0000] {taskinstance.py:1308} INFO - Starting attempt 1 of 3
[2025-06-03T09:18:33.101+0000] {taskinstance.py:1327} INFO - Executing <Task(_PythonDecoratedOperator): fetch_data_from_api> on 2000-02-15 00:00:00+00:00
[2025-06-03T09:18:33.106+0000] {standard_task_runner.py:57} INFO - Started process 1887 to run task
[2025-06-03T09:18:33.108+0000] {standard_task_runner.py:84} INFO - Running: ['***', 'tasks', 'run', 'usd_rate_fetcher_taskflow', 'fetch_data_from_api', 'scheduled__2000-02-15T00:00:00+00:00', '--job-id', '7501', '--raw', '--subdir', 'DAGS_FOLDER/usd_rate_fetcher.py', '--cfg-path', '/tmp/tmpq675br4c']
[2025-06-03T09:18:33.110+0000] {standard_task_runner.py:85} INFO - Job 7501: Subtask fetch_data_from_api
[2025-06-03T09:18:33.143+0000] {task_command.py:410} INFO - Running <TaskInstance: usd_rate_fetcher_taskflow.fetch_data_from_api scheduled__2000-02-15T00:00:00+00:00 [running]> on host 40869fde016f
[2025-06-03T09:18:33.280+0000] {logging_mixin.py:150} WARNING - /home/***/.local/lib/python3.7/site-packages/***/utils/context.py:205 AirflowContextDeprecationWarning: Accessing 'execution_date' from the template is deprecated and will be removed in a future version. Please use 'data_interval_start' or 'logical_date' instead.
[2025-06-03T09:18:33.306+0000] {taskinstance.py:1547} INFO - Exporting env vars: AIRFLOW_CTX_DAG_OWNER='***' AIRFLOW_CTX_DAG_ID='usd_rate_fetcher_taskflow' AIRFLOW_CTX_TASK_ID='fetch_data_from_api' AIRFLOW_CTX_EXECUTION_DATE='2000-02-15T00:00:00+00:00' AIRFLOW_CTX_TRY_NUMBER='1' AIRFLOW_CTX_DAG_RUN_ID='scheduled__2000-02-15T00:00:00+00:00'
[2025-06-03T09:18:33.306+0000] {taskinstance.py:1824} ERROR - Task failed with exception
Traceback (most recent call last):
  File "/home/airflow/.local/lib/python3.7/site-packages/airflow/decorators/base.py", line 220, in execute
    return_value = super().execute(context)
  File "/home/airflow/.local/lib/python3.7/site-packages/airflow/operators/python.py", line 181, in execute
    return_value = self.execute_callable()
  File "/home/airflow/.local/lib/python3.7/site-packages/airflow/operators/python.py", line 198, in execute_callable
    return self.python_callable(*self.op_args, **self.op_kwargs)
  File "/opt/airflow/dags/usd_rate_fetcher.py", line 30, in fetch_data_from_api
    date_str = execution_date.strftime("%d/%m/%Y")
AttributeError: 'str' object has no attribute 'strftime'
[2025-06-03T09:18:33.312+0000] {taskinstance.py:1350} INFO - Marking task as UP_FOR_RETRY. dag_id=usd_rate_fetcher_taskflow, task_id=fetch_data_from_api, execution_date=20000215T000000, start_date=20250603T091833, end_date=20250603T091833
[2025-06-03T09:18:33.320+0000] {standard_task_runner.py:109} ERROR - Failed to execute job 7501 for task fetch_data_from_api ('str' object has no attribute 'strftime'; 1887)
[2025-06-03T09:18:33.361+0000] {local_task_job_runner.py:225} INFO - Task exited with return code 1
[2025-06-03T09:18:33.400+0000] {taskinstance.py:2653} INFO - 0 downstream tasks scheduled from follow-on schedule check
[2025-06-03T09:35:57.282+0000] {taskinstance.py:1103} INFO - Dependencies all met for dep_context=non-requeueable deps ti=<TaskInstance: usd_rate_fetcher_taskflow.fetch_data_from_api scheduled__2000-02-15T00:00:00+00:00 [queued]>
[2025-06-03T09:35:57.292+0000] {taskinstance.py:1103} INFO - Dependencies all met for dep_context=requeueable deps ti=<TaskInstance: usd_rate_fetcher_taskflow.fetch_data_from_api scheduled__2000-02-15T00:00:00+00:00 [queued]>
[2025-06-03T09:35:57.293+0000] {taskinstance.py:1308} INFO - Starting attempt 1 of 3
[2025-06-03T09:35:57.308+0000] {taskinstance.py:1327} INFO - Executing <Task(_PythonDecoratedOperator): fetch_data_from_api> on 2000-02-15 00:00:00+00:00
[2025-06-03T09:35:57.315+0000] {standard_task_runner.py:57} INFO - Started process 11182 to run task
[2025-06-03T09:35:57.318+0000] {standard_task_runner.py:84} INFO - Running: ['***', 'tasks', 'run', 'usd_rate_fetcher_taskflow', 'fetch_data_from_api', 'scheduled__2000-02-15T00:00:00+00:00', '--job-id', '8072', '--raw', '--subdir', 'DAGS_FOLDER/usd_rate_fetcher.py', '--cfg-path', '/tmp/tmp77apx0i8']
[2025-06-03T09:35:57.320+0000] {standard_task_runner.py:85} INFO - Job 8072: Subtask fetch_data_from_api
[2025-06-03T09:35:57.359+0000] {task_command.py:410} INFO - Running <TaskInstance: usd_rate_fetcher_taskflow.fetch_data_from_api scheduled__2000-02-15T00:00:00+00:00 [running]> on host 40869fde016f
[2025-06-03T09:35:57.405+0000] {logging_mixin.py:150} WARNING - /home/***/.local/lib/python3.7/site-packages/***/utils/context.py:205 AirflowContextDeprecationWarning: Accessing 'execution_date' from the template is deprecated and will be removed in a future version. Please use 'data_interval_start' or 'logical_date' instead.
[2025-06-03T09:35:57.445+0000] {taskinstance.py:1547} INFO - Exporting env vars: AIRFLOW_CTX_DAG_OWNER='***' AIRFLOW_CTX_DAG_ID='usd_rate_fetcher_taskflow' AIRFLOW_CTX_TASK_ID='fetch_data_from_api' AIRFLOW_CTX_EXECUTION_DATE='2000-02-15T00:00:00+00:00' AIRFLOW_CTX_TRY_NUMBER='1' AIRFLOW_CTX_DAG_RUN_ID='scheduled__2000-02-15T00:00:00+00:00'
[2025-06-03T09:35:57.446+0000] {usd_rate_fetcher.py:34} INFO - Fetching data for date: 15/02/2000
[2025-06-03T09:35:57.615+0000] {python.py:183} INFO - Done. Returned value was: 28.77
[2025-06-03T09:35:57.633+0000] {taskinstance.py:1350} INFO - Marking task as SUCCESS. dag_id=usd_rate_fetcher_taskflow, task_id=fetch_data_from_api, execution_date=20000215T000000, start_date=20250603T093557, end_date=20250603T093557
[2025-06-03T09:35:57.691+0000] {local_task_job_runner.py:225} INFO - Task exited with return code 0
[2025-06-03T09:35:57.709+0000] {taskinstance.py:2653} INFO - 1 downstream tasks scheduled from follow-on schedule check
