[2025-06-03T09:17:31.622+0000] {taskinstance.py:1103} INFO - Dependencies all met for dep_context=non-requeueable deps ti=<TaskInstance: usd_rate_fetcher_taskflow.fetch_data_from_api scheduled__2000-01-01T00:00:00+00:00 [queued]>
[2025-06-03T09:17:31.630+0000] {taskinstance.py:1103} INFO - Dependencies all met for dep_context=requeueable deps ti=<TaskInstance: usd_rate_fetcher_taskflow.fetch_data_from_api scheduled__2000-01-01T00:00:00+00:00 [queued]>
[2025-06-03T09:17:31.631+0000] {taskinstance.py:1308} INFO - Starting attempt 1 of 3
[2025-06-03T09:17:31.686+0000] {taskinstance.py:1327} INFO - Executing <Task(_PythonDecoratedOperator): fetch_data_from_api> on 2000-01-01 00:00:00+00:00
[2025-06-03T09:17:31.700+0000] {standard_task_runner.py:84} INFO - Running: ['***', 'tasks', 'run', 'usd_rate_fetcher_taskflow', 'fetch_data_from_api', 'scheduled__2000-01-01T00:00:00+00:00', '--job-id', '7394', '--raw', '--subdir', 'DAGS_FOLDER/usd_rate_fetcher.py', '--cfg-path', '/tmp/tmpi1e74fw8']
[2025-06-03T09:17:31.694+0000] {standard_task_runner.py:57} INFO - Started process 364 to run task
[2025-06-03T09:17:31.717+0000] {standard_task_runner.py:85} INFO - Job 7394: Subtask fetch_data_from_api
[2025-06-03T09:17:31.792+0000] {task_command.py:410} INFO - Running <TaskInstance: usd_rate_fetcher_taskflow.fetch_data_from_api scheduled__2000-01-01T00:00:00+00:00 [running]> on host 40869fde016f
[2025-06-03T09:17:32.025+0000] {logging_mixin.py:150} WARNING - /home/***/.local/lib/python3.7/site-packages/***/utils/context.py:205 AirflowContextDeprecationWarning: Accessing 'execution_date' from the template is deprecated and will be removed in a future version. Please use 'data_interval_start' or 'logical_date' instead.
[2025-06-03T09:17:32.085+0000] {taskinstance.py:1547} INFO - Exporting env vars: AIRFLOW_CTX_DAG_OWNER='***' AIRFLOW_CTX_DAG_ID='usd_rate_fetcher_taskflow' AIRFLOW_CTX_TASK_ID='fetch_data_from_api' AIRFLOW_CTX_EXECUTION_DATE='2000-01-01T00:00:00+00:00' AIRFLOW_CTX_TRY_NUMBER='1' AIRFLOW_CTX_DAG_RUN_ID='scheduled__2000-01-01T00:00:00+00:00'
[2025-06-03T09:17:32.088+0000] {taskinstance.py:1824} ERROR - Task failed with exception
Traceback (most recent call last):
  File "/home/airflow/.local/lib/python3.7/site-packages/airflow/decorators/base.py", line 220, in execute
    return_value = super().execute(context)
  File "/home/airflow/.local/lib/python3.7/site-packages/airflow/operators/python.py", line 181, in execute
    return_value = self.execute_callable()
  File "/home/airflow/.local/lib/python3.7/site-packages/airflow/operators/python.py", line 198, in execute_callable
    return self.python_callable(*self.op_args, **self.op_kwargs)
  File "/opt/airflow/dags/usd_rate_fetcher.py", line 30, in fetch_data_from_api
    date_str = execution_date.strftime("%d/%m/%Y")
AttributeError: 'str' object has no attribute 'strftime'
[2025-06-03T09:17:32.107+0000] {taskinstance.py:1350} INFO - Marking task as UP_FOR_RETRY. dag_id=usd_rate_fetcher_taskflow, task_id=fetch_data_from_api, execution_date=20000101T000000, start_date=20250603T091731, end_date=20250603T091732
[2025-06-03T09:17:32.123+0000] {standard_task_runner.py:109} ERROR - Failed to execute job 7394 for task fetch_data_from_api ('str' object has no attribute 'strftime'; 364)
[2025-06-03T09:17:32.166+0000] {local_task_job_runner.py:225} INFO - Task exited with return code 1
[2025-06-03T09:17:32.213+0000] {taskinstance.py:2653} INFO - 0 downstream tasks scheduled from follow-on schedule check
[2025-06-03T09:34:43.613+0000] {taskinstance.py:1103} INFO - Dependencies all met for dep_context=non-requeueable deps ti=<TaskInstance: usd_rate_fetcher_taskflow.fetch_data_from_api scheduled__2000-01-01T00:00:00+00:00 [queued]>
[2025-06-03T09:34:43.622+0000] {taskinstance.py:1103} INFO - Dependencies all met for dep_context=requeueable deps ti=<TaskInstance: usd_rate_fetcher_taskflow.fetch_data_from_api scheduled__2000-01-01T00:00:00+00:00 [queued]>
[2025-06-03T09:34:43.622+0000] {taskinstance.py:1308} INFO - Starting attempt 1 of 3
[2025-06-03T09:34:43.735+0000] {taskinstance.py:1327} INFO - Executing <Task(_PythonDecoratedOperator): fetch_data_from_api> on 2000-01-01 00:00:00+00:00
[2025-06-03T09:34:43.741+0000] {standard_task_runner.py:57} INFO - Started process 9630 to run task
[2025-06-03T09:34:43.747+0000] {standard_task_runner.py:84} INFO - Running: ['***', 'tasks', 'run', 'usd_rate_fetcher_taskflow', 'fetch_data_from_api', 'scheduled__2000-01-01T00:00:00+00:00', '--job-id', '7962', '--raw', '--subdir', 'DAGS_FOLDER/usd_rate_fetcher.py', '--cfg-path', '/tmp/tmpuqfbgfu_']
[2025-06-03T09:34:43.750+0000] {standard_task_runner.py:85} INFO - Job 7962: Subtask fetch_data_from_api
[2025-06-03T09:34:43.816+0000] {task_command.py:410} INFO - Running <TaskInstance: usd_rate_fetcher_taskflow.fetch_data_from_api scheduled__2000-01-01T00:00:00+00:00 [running]> on host 40869fde016f
[2025-06-03T09:34:43.888+0000] {logging_mixin.py:150} WARNING - /home/***/.local/lib/python3.7/site-packages/***/utils/context.py:205 AirflowContextDeprecationWarning: Accessing 'execution_date' from the template is deprecated and will be removed in a future version. Please use 'data_interval_start' or 'logical_date' instead.
[2025-06-03T09:34:43.934+0000] {taskinstance.py:1547} INFO - Exporting env vars: AIRFLOW_CTX_DAG_OWNER='***' AIRFLOW_CTX_DAG_ID='usd_rate_fetcher_taskflow' AIRFLOW_CTX_TASK_ID='fetch_data_from_api' AIRFLOW_CTX_EXECUTION_DATE='2000-01-01T00:00:00+00:00' AIRFLOW_CTX_TRY_NUMBER='1' AIRFLOW_CTX_DAG_RUN_ID='scheduled__2000-01-01T00:00:00+00:00'
[2025-06-03T09:34:43.935+0000] {usd_rate_fetcher.py:34} INFO - Fetching data for date: 01/01/2000
[2025-06-03T09:34:44.243+0000] {python.py:183} INFO - Done. Returned value was: 27.0
[2025-06-03T09:34:44.288+0000] {taskinstance.py:1350} INFO - Marking task as SUCCESS. dag_id=usd_rate_fetcher_taskflow, task_id=fetch_data_from_api, execution_date=20000101T000000, start_date=20250603T093443, end_date=20250603T093444
[2025-06-03T09:34:44.376+0000] {local_task_job_runner.py:225} INFO - Task exited with return code 0
[2025-06-03T09:34:44.400+0000] {taskinstance.py:2653} INFO - 1 downstream tasks scheduled from follow-on schedule check
[2025-06-03T09:35:39.752+0000] {taskinstance.py:1103} INFO - Dependencies all met for dep_context=non-requeueable deps ti=<TaskInstance: usd_rate_fetcher_taskflow.fetch_data_from_api scheduled__2000-01-01T00:00:00+00:00 [queued]>
[2025-06-03T09:35:39.784+0000] {taskinstance.py:1103} INFO - Dependencies all met for dep_context=requeueable deps ti=<TaskInstance: usd_rate_fetcher_taskflow.fetch_data_from_api scheduled__2000-01-01T00:00:00+00:00 [queued]>
[2025-06-03T09:35:39.784+0000] {taskinstance.py:1308} INFO - Starting attempt 1 of 3
[2025-06-03T09:35:39.805+0000] {taskinstance.py:1327} INFO - Executing <Task(_PythonDecoratedOperator): fetch_data_from_api> on 2000-01-01 00:00:00+00:00
[2025-06-03T09:35:39.819+0000] {standard_task_runner.py:57} INFO - Started process 10079 to run task
[2025-06-03T09:35:39.822+0000] {standard_task_runner.py:84} INFO - Running: ['***', 'tasks', 'run', 'usd_rate_fetcher_taskflow', 'fetch_data_from_api', 'scheduled__2000-01-01T00:00:00+00:00', '--job-id', '7991', '--raw', '--subdir', 'DAGS_FOLDER/usd_rate_fetcher.py', '--cfg-path', '/tmp/tmp8sjrxn96']
[2025-06-03T09:35:39.824+0000] {standard_task_runner.py:85} INFO - Job 7991: Subtask fetch_data_from_api
[2025-06-03T09:35:39.883+0000] {task_command.py:410} INFO - Running <TaskInstance: usd_rate_fetcher_taskflow.fetch_data_from_api scheduled__2000-01-01T00:00:00+00:00 [running]> on host 40869fde016f
[2025-06-03T09:35:40.126+0000] {logging_mixin.py:150} WARNING - /home/***/.local/lib/python3.7/site-packages/***/utils/context.py:205 AirflowContextDeprecationWarning: Accessing 'execution_date' from the template is deprecated and will be removed in a future version. Please use 'data_interval_start' or 'logical_date' instead.
[2025-06-03T09:35:40.169+0000] {taskinstance.py:1547} INFO - Exporting env vars: AIRFLOW_CTX_DAG_OWNER='***' AIRFLOW_CTX_DAG_ID='usd_rate_fetcher_taskflow' AIRFLOW_CTX_TASK_ID='fetch_data_from_api' AIRFLOW_CTX_EXECUTION_DATE='2000-01-01T00:00:00+00:00' AIRFLOW_CTX_TRY_NUMBER='1' AIRFLOW_CTX_DAG_RUN_ID='scheduled__2000-01-01T00:00:00+00:00'
[2025-06-03T09:35:40.172+0000] {usd_rate_fetcher.py:34} INFO - Fetching data for date: 01/01/2000
[2025-06-03T09:35:40.255+0000] {python.py:183} INFO - Done. Returned value was: 27.0
[2025-06-03T09:35:40.302+0000] {taskinstance.py:1350} INFO - Marking task as SUCCESS. dag_id=usd_rate_fetcher_taskflow, task_id=fetch_data_from_api, execution_date=20000101T000000, start_date=20250603T093539, end_date=20250603T093540
[2025-06-03T09:35:40.402+0000] {local_task_job_runner.py:225} INFO - Task exited with return code 0
[2025-06-03T09:35:40.424+0000] {taskinstance.py:2653} INFO - 1 downstream tasks scheduled from follow-on schedule check
