[2025-06-03T09:18:01.194+0000] {taskinstance.py:1103} INFO - Dependencies all met for dep_context=non-requeueable deps ti=<TaskInstance: usd_rate_fetcher_taskflow.fetch_data_from_api scheduled__2000-01-21T00:00:00+00:00 [queued]>
[2025-06-03T09:18:01.202+0000] {taskinstance.py:1103} INFO - Dependencies all met for dep_context=requeueable deps ti=<TaskInstance: usd_rate_fetcher_taskflow.fetch_data_from_api scheduled__2000-01-21T00:00:00+00:00 [queued]>
[2025-06-03T09:18:01.202+0000] {taskinstance.py:1308} INFO - Starting attempt 1 of 3
[2025-06-03T09:18:01.217+0000] {taskinstance.py:1327} INFO - Executing <Task(_PythonDecoratedOperator): fetch_data_from_api> on 2000-01-21 00:00:00+00:00
[2025-06-03T09:18:01.224+0000] {standard_task_runner.py:57} INFO - Started process 1066 to run task
[2025-06-03T09:18:01.231+0000] {standard_task_runner.py:84} INFO - Running: ['***', 'tasks', 'run', 'usd_rate_fetcher_taskflow', 'fetch_data_from_api', 'scheduled__2000-01-21T00:00:00+00:00', '--job-id', '7444', '--raw', '--subdir', 'DAGS_FOLDER/usd_rate_fetcher.py', '--cfg-path', '/tmp/tmpclgf5jf_']
[2025-06-03T09:18:01.233+0000] {standard_task_runner.py:85} INFO - Job 7444: Subtask fetch_data_from_api
[2025-06-03T09:18:01.281+0000] {task_command.py:410} INFO - Running <TaskInstance: usd_rate_fetcher_taskflow.fetch_data_from_api scheduled__2000-01-21T00:00:00+00:00 [running]> on host 40869fde016f
[2025-06-03T09:18:01.591+0000] {logging_mixin.py:150} WARNING - /home/***/.local/lib/python3.7/site-packages/***/utils/context.py:205 AirflowContextDeprecationWarning: Accessing 'execution_date' from the template is deprecated and will be removed in a future version. Please use 'data_interval_start' or 'logical_date' instead.
[2025-06-03T09:18:01.679+0000] {taskinstance.py:1547} INFO - Exporting env vars: AIRFLOW_CTX_DAG_OWNER='***' AIRFLOW_CTX_DAG_ID='usd_rate_fetcher_taskflow' AIRFLOW_CTX_TASK_ID='fetch_data_from_api' AIRFLOW_CTX_EXECUTION_DATE='2000-01-21T00:00:00+00:00' AIRFLOW_CTX_TRY_NUMBER='1' AIRFLOW_CTX_DAG_RUN_ID='scheduled__2000-01-21T00:00:00+00:00'
[2025-06-03T09:18:01.680+0000] {taskinstance.py:1824} ERROR - Task failed with exception
Traceback (most recent call last):
  File "/home/airflow/.local/lib/python3.7/site-packages/airflow/decorators/base.py", line 220, in execute
    return_value = super().execute(context)
  File "/home/airflow/.local/lib/python3.7/site-packages/airflow/operators/python.py", line 181, in execute
    return_value = self.execute_callable()
  File "/home/airflow/.local/lib/python3.7/site-packages/airflow/operators/python.py", line 198, in execute_callable
    return self.python_callable(*self.op_args, **self.op_kwargs)
  File "/opt/airflow/dags/usd_rate_fetcher.py", line 30, in fetch_data_from_api
    date_str = execution_date.strftime("%d/%m/%Y")
AttributeError: 'str' object has no attribute 'strftime'
[2025-06-03T09:18:01.689+0000] {taskinstance.py:1350} INFO - Marking task as UP_FOR_RETRY. dag_id=usd_rate_fetcher_taskflow, task_id=fetch_data_from_api, execution_date=20000121T000000, start_date=20250603T091801, end_date=20250603T091801
[2025-06-03T09:18:01.699+0000] {standard_task_runner.py:109} ERROR - Failed to execute job 7444 for task fetch_data_from_api ('str' object has no attribute 'strftime'; 1066)
[2025-06-03T09:18:01.724+0000] {local_task_job_runner.py:225} INFO - Task exited with return code 1
[2025-06-03T09:18:01.820+0000] {taskinstance.py:2653} INFO - 0 downstream tasks scheduled from follow-on schedule check
[2025-06-03T09:35:47.983+0000] {taskinstance.py:1103} INFO - Dependencies all met for dep_context=non-requeueable deps ti=<TaskInstance: usd_rate_fetcher_taskflow.fetch_data_from_api scheduled__2000-01-21T00:00:00+00:00 [queued]>
[2025-06-03T09:35:48.004+0000] {taskinstance.py:1103} INFO - Dependencies all met for dep_context=requeueable deps ti=<TaskInstance: usd_rate_fetcher_taskflow.fetch_data_from_api scheduled__2000-01-21T00:00:00+00:00 [queued]>
[2025-06-03T09:35:48.005+0000] {taskinstance.py:1308} INFO - Starting attempt 1 of 3
[2025-06-03T09:35:48.244+0000] {taskinstance.py:1327} INFO - Executing <Task(_PythonDecoratedOperator): fetch_data_from_api> on 2000-01-21 00:00:00+00:00
[2025-06-03T09:35:48.252+0000] {standard_task_runner.py:57} INFO - Started process 10606 to run task
[2025-06-03T09:35:48.254+0000] {standard_task_runner.py:84} INFO - Running: ['***', 'tasks', 'run', 'usd_rate_fetcher_taskflow', 'fetch_data_from_api', 'scheduled__2000-01-21T00:00:00+00:00', '--job-id', '8026', '--raw', '--subdir', 'DAGS_FOLDER/usd_rate_fetcher.py', '--cfg-path', '/tmp/tmpfh2wv9gh']
[2025-06-03T09:35:48.264+0000] {standard_task_runner.py:85} INFO - Job 8026: Subtask fetch_data_from_api
[2025-06-03T09:35:48.346+0000] {task_command.py:410} INFO - Running <TaskInstance: usd_rate_fetcher_taskflow.fetch_data_from_api scheduled__2000-01-21T00:00:00+00:00 [running]> on host 40869fde016f
[2025-06-03T09:35:48.710+0000] {logging_mixin.py:150} WARNING - /home/***/.local/lib/python3.7/site-packages/***/utils/context.py:205 AirflowContextDeprecationWarning: Accessing 'execution_date' from the template is deprecated and will be removed in a future version. Please use 'data_interval_start' or 'logical_date' instead.
[2025-06-03T09:35:48.760+0000] {taskinstance.py:1547} INFO - Exporting env vars: AIRFLOW_CTX_DAG_OWNER='***' AIRFLOW_CTX_DAG_ID='usd_rate_fetcher_taskflow' AIRFLOW_CTX_TASK_ID='fetch_data_from_api' AIRFLOW_CTX_EXECUTION_DATE='2000-01-21T00:00:00+00:00' AIRFLOW_CTX_TRY_NUMBER='1' AIRFLOW_CTX_DAG_RUN_ID='scheduled__2000-01-21T00:00:00+00:00'
[2025-06-03T09:35:48.764+0000] {usd_rate_fetcher.py:34} INFO - Fetching data for date: 21/01/2000
[2025-06-03T09:35:48.845+0000] {python.py:183} INFO - Done. Returned value was: 28.51
[2025-06-03T09:35:48.883+0000] {taskinstance.py:1350} INFO - Marking task as SUCCESS. dag_id=usd_rate_fetcher_taskflow, task_id=fetch_data_from_api, execution_date=20000121T000000, start_date=20250603T093547, end_date=20250603T093548
[2025-06-03T09:35:48.934+0000] {local_task_job_runner.py:225} INFO - Task exited with return code 0
[2025-06-03T09:35:49.114+0000] {taskinstance.py:2653} INFO - 0 downstream tasks scheduled from follow-on schedule check
