[2025-06-01T15:58:20.852+0000] {taskinstance.py:1103} INFO - Dependencies all met for dep_context=non-requeueable deps ti=<TaskInstance: second_dag.save_data_task scheduled__2021-03-05T00:00:00+00:00 [queued]>
[2025-06-01T15:58:20.866+0000] {taskinstance.py:1103} INFO - Dependencies all met for dep_context=requeueable deps ti=<TaskInstance: second_dag.save_data_task scheduled__2021-03-05T00:00:00+00:00 [queued]>
[2025-06-01T15:58:20.867+0000] {taskinstance.py:1308} INFO - Starting attempt 1 of 3
[2025-06-01T15:58:20.893+0000] {taskinstance.py:1327} INFO - Executing <Task(PythonOperator): save_data_task> on 2021-03-05 00:00:00+00:00
[2025-06-01T15:58:20.909+0000] {standard_task_runner.py:57} INFO - Started process 30083 to run task
[2025-06-01T15:58:20.912+0000] {standard_task_runner.py:84} INFO - Running: ['***', 'tasks', 'run', 'second_dag', 'save_data_task', 'scheduled__2021-03-05T00:00:00+00:00', '--job-id', '1333', '--raw', '--subdir', 'DAGS_FOLDER/my_second_dag.py', '--cfg-path', '/tmp/tmpxvu1s1jt']
[2025-06-01T15:58:20.914+0000] {standard_task_runner.py:85} INFO - Job 1333: Subtask save_data_task
[2025-06-01T15:58:20.966+0000] {task_command.py:410} INFO - Running <TaskInstance: second_dag.save_data_task scheduled__2021-03-05T00:00:00+00:00 [running]> on host 27c4b93144a0
[2025-06-01T15:58:21.183+0000] {taskinstance.py:1547} INFO - Exporting env vars: AIRFLOW_CTX_DAG_OWNER='***' AIRFLOW_CTX_DAG_ID='second_dag' AIRFLOW_CTX_TASK_ID='save_data_task' AIRFLOW_CTX_EXECUTION_DATE='2021-03-05T00:00:00+00:00' AIRFLOW_CTX_TRY_NUMBER='1' AIRFLOW_CTX_DAG_RUN_ID='scheduled__2021-03-05T00:00:00+00:00'
[2025-06-01T15:58:21.192+0000] {my_second_dag.py:51} INFO - Fetching value USD: 73.7864
[2025-06-01T15:58:21.198+0000] {base.py:73} INFO - Using connection ID 'pg_database' for task execution.
[2025-06-01T15:58:21.207+0000] {logging_mixin.py:150} WARNING - /home/***/.local/lib/python3.7/site-packages/***/utils/context.py:313 AirflowContextDeprecationWarning: Accessing 'execution_date' from the template is deprecated and will be removed in a future version. Please use 'data_interval_start' or 'logical_date' instead.
[2025-06-01T15:58:21.207+0000] {taskinstance.py:1824} ERROR - Task failed with exception
Traceback (most recent call last):
  File "/home/airflow/.local/lib/python3.7/site-packages/airflow/operators/python.py", line 181, in execute
    return_value = self.execute_callable()
  File "/home/airflow/.local/lib/python3.7/site-packages/airflow/operators/python.py", line 198, in execute_callable
    return self.python_callable(*self.op_args, **self.op_kwargs)
  File "/opt/airflow/dags/my_second_dag.py", line 65, in save_data_to_db
    VALUES ({execution_date}, {data.strftime("%Y-%m-%d")})""")
AttributeError: 'float' object has no attribute 'strftime'
[2025-06-01T15:58:21.213+0000] {taskinstance.py:1350} INFO - Marking task as UP_FOR_RETRY. dag_id=second_dag, task_id=save_data_task, execution_date=20210305T000000, start_date=20250601T155820, end_date=20250601T155821
[2025-06-01T15:58:21.222+0000] {standard_task_runner.py:109} ERROR - Failed to execute job 1333 for task save_data_task ('float' object has no attribute 'strftime'; 30083)
[2025-06-01T15:58:21.250+0000] {local_task_job_runner.py:225} INFO - Task exited with return code 1
[2025-06-01T15:58:21.263+0000] {taskinstance.py:2653} INFO - 0 downstream tasks scheduled from follow-on schedule check
