[2025-06-01T15:58:13.185+0000] {taskinstance.py:1103} INFO - Dependencies all met for dep_context=non-requeueable deps ti=<TaskInstance: second_dag.save_data_task scheduled__2021-02-18T00:00:00+00:00 [queued]>
[2025-06-01T15:58:13.198+0000] {taskinstance.py:1103} INFO - Dependencies all met for dep_context=requeueable deps ti=<TaskInstance: second_dag.save_data_task scheduled__2021-02-18T00:00:00+00:00 [queued]>
[2025-06-01T15:58:13.199+0000] {taskinstance.py:1308} INFO - Starting attempt 3 of 3
[2025-06-01T15:58:13.216+0000] {taskinstance.py:1327} INFO - Executing <Task(PythonOperator): save_data_task> on 2021-02-18 00:00:00+00:00
[2025-06-01T15:58:13.226+0000] {standard_task_runner.py:57} INFO - Started process 29653 to run task
[2025-06-01T15:58:13.233+0000] {standard_task_runner.py:84} INFO - Running: ['***', 'tasks', 'run', 'second_dag', 'save_data_task', 'scheduled__2021-02-18T00:00:00+00:00', '--job-id', '1302', '--raw', '--subdir', 'DAGS_FOLDER/my_second_dag.py', '--cfg-path', '/tmp/tmpr73nl5ac']
[2025-06-01T15:58:13.237+0000] {standard_task_runner.py:85} INFO - Job 1302: Subtask save_data_task
[2025-06-01T15:58:13.312+0000] {task_command.py:410} INFO - Running <TaskInstance: second_dag.save_data_task scheduled__2021-02-18T00:00:00+00:00 [running]> on host 27c4b93144a0
[2025-06-01T15:58:13.552+0000] {taskinstance.py:1547} INFO - Exporting env vars: AIRFLOW_CTX_DAG_OWNER='***' AIRFLOW_CTX_DAG_ID='second_dag' AIRFLOW_CTX_TASK_ID='save_data_task' AIRFLOW_CTX_EXECUTION_DATE='2021-02-18T00:00:00+00:00' AIRFLOW_CTX_TRY_NUMBER='3' AIRFLOW_CTX_DAG_RUN_ID='scheduled__2021-02-18T00:00:00+00:00'
[2025-06-01T15:58:13.563+0000] {my_second_dag.py:51} INFO - Fetching value USD: 73.7669
[2025-06-01T15:58:13.570+0000] {base.py:73} INFO - Using connection ID 'pg_database' for task execution.
[2025-06-01T15:58:13.580+0000] {logging_mixin.py:150} WARNING - /home/***/.local/lib/python3.7/site-packages/***/utils/context.py:313 AirflowContextDeprecationWarning: Accessing 'execution_date' from the template is deprecated and will be removed in a future version. Please use 'data_interval_start' or 'logical_date' instead.
[2025-06-01T15:58:13.580+0000] {taskinstance.py:1824} ERROR - Task failed with exception
Traceback (most recent call last):
  File "/home/airflow/.local/lib/python3.7/site-packages/airflow/operators/python.py", line 181, in execute
    return_value = self.execute_callable()
  File "/home/airflow/.local/lib/python3.7/site-packages/airflow/operators/python.py", line 198, in execute_callable
    return self.python_callable(*self.op_args, **self.op_kwargs)
  File "/opt/airflow/dags/my_second_dag.py", line 65, in save_data_to_db
    VALUES ({execution_date}, {data.strftime("%Y-%m-%d")})""")
AttributeError: 'float' object has no attribute 'strftime'
[2025-06-01T15:58:13.586+0000] {taskinstance.py:1350} INFO - Marking task as FAILED. dag_id=second_dag, task_id=save_data_task, execution_date=20210218T000000, start_date=20250601T155813, end_date=20250601T155813
[2025-06-01T15:58:13.595+0000] {standard_task_runner.py:109} ERROR - Failed to execute job 1302 for task save_data_task ('float' object has no attribute 'strftime'; 29653)
[2025-06-01T15:58:13.608+0000] {local_task_job_runner.py:225} INFO - Task exited with return code 1
[2025-06-01T15:58:13.625+0000] {taskinstance.py:2653} INFO - 0 downstream tasks scheduled from follow-on schedule check
