[2025-06-03T15:20:21.531+0000] {taskinstance.py:1103} INFO - Dependencies all met for dep_context=non-requeueable deps ti=<TaskInstance: usd_rate_fetcher.fetch_data_from_api scheduled__2020-03-17T00:00:00+00:00 [queued]>
[2025-06-03T15:20:21.571+0000] {taskinstance.py:1103} INFO - Dependencies all met for dep_context=requeueable deps ti=<TaskInstance: usd_rate_fetcher.fetch_data_from_api scheduled__2020-03-17T00:00:00+00:00 [queued]>
[2025-06-03T15:20:21.572+0000] {taskinstance.py:1308} INFO - Starting attempt 1 of 3
[2025-06-03T15:20:21.606+0000] {taskinstance.py:1327} INFO - Executing <Task(_PythonDecoratedOperator): fetch_data_from_api> on 2020-03-17 00:00:00+00:00
[2025-06-03T15:20:21.614+0000] {standard_task_runner.py:57} INFO - Started process 15782 to run task
[2025-06-03T15:20:21.624+0000] {standard_task_runner.py:84} INFO - Running: ['***', 'tasks', 'run', 'usd_rate_fetcher', 'fetch_data_from_api', 'scheduled__2020-03-17T00:00:00+00:00', '--job-id', '8744', '--raw', '--subdir', 'DAGS_FOLDER/usd_rate_fetcher.py', '--cfg-path', '/tmp/tmpygzdny8o']
[2025-06-03T15:20:21.630+0000] {standard_task_runner.py:85} INFO - Job 8744: Subtask fetch_data_from_api
[2025-06-03T15:20:21.689+0000] {task_command.py:410} INFO - Running <TaskInstance: usd_rate_fetcher.fetch_data_from_api scheduled__2020-03-17T00:00:00+00:00 [running]> on host 40869fde016f
[2025-06-03T15:20:22.012+0000] {logging_mixin.py:150} WARNING - /home/***/.local/lib/python3.7/site-packages/***/utils/context.py:205 AirflowContextDeprecationWarning: Accessing 'execution_date' from the template is deprecated and will be removed in a future version. Please use 'data_interval_start' or 'logical_date' instead.
[2025-06-03T15:20:22.050+0000] {taskinstance.py:1547} INFO - Exporting env vars: AIRFLOW_CTX_DAG_OWNER='***' AIRFLOW_CTX_DAG_ID='usd_rate_fetcher' AIRFLOW_CTX_TASK_ID='fetch_data_from_api' AIRFLOW_CTX_EXECUTION_DATE='2020-03-17T00:00:00+00:00' AIRFLOW_CTX_TRY_NUMBER='1' AIRFLOW_CTX_DAG_RUN_ID='scheduled__2020-03-17T00:00:00+00:00'
[2025-06-03T15:20:22.057+0000] {usd_rate_fetcher.py:34} INFO - Переменная ['Доллар США', 'Евро', 'Гонконгский доллар', 'Юань', 'Фунт стерлингов']
[2025-06-03T15:20:22.065+0000] {usd_rate_fetcher.py:53} INFO - Fetching data for date: 17/03/2020
[2025-06-03T15:20:22.110+0000] {python.py:183} INFO - Done. Returned value was: {'date': datetime.date(2020, 3, 17), 'content': [{'Фунт стерлингов': 91.7015}, {'Доллар США': 74.1262}, {'Евро': 82.7471}, {'Юань': 10.5928}]}
[2025-06-03T15:20:22.133+0000] {taskinstance.py:1350} INFO - Marking task as SUCCESS. dag_id=usd_rate_fetcher, task_id=fetch_data_from_api, execution_date=20200317T000000, start_date=20250603T152021, end_date=20250603T152022
[2025-06-03T15:20:22.169+0000] {local_task_job_runner.py:225} INFO - Task exited with return code 0
[2025-06-03T15:20:22.192+0000] {taskinstance.py:2653} INFO - 1 downstream tasks scheduled from follow-on schedule check
[2025-06-03T15:29:41.429+0000] {taskinstance.py:1103} INFO - Dependencies all met for dep_context=non-requeueable deps ti=<TaskInstance: usd_rate_fetcher.fetch_data_from_api scheduled__2020-03-17T00:00:00+00:00 [queued]>
[2025-06-03T15:29:41.444+0000] {taskinstance.py:1103} INFO - Dependencies all met for dep_context=requeueable deps ti=<TaskInstance: usd_rate_fetcher.fetch_data_from_api scheduled__2020-03-17T00:00:00+00:00 [queued]>
[2025-06-03T15:29:41.444+0000] {taskinstance.py:1308} INFO - Starting attempt 1 of 3
[2025-06-03T15:29:41.479+0000] {taskinstance.py:1327} INFO - Executing <Task(_PythonDecoratedOperator): fetch_data_from_api> on 2020-03-17 00:00:00+00:00
[2025-06-03T15:29:41.486+0000] {standard_task_runner.py:57} INFO - Started process 18273 to run task
[2025-06-03T15:29:41.493+0000] {standard_task_runner.py:84} INFO - Running: ['***', 'tasks', 'run', 'usd_rate_fetcher', 'fetch_data_from_api', 'scheduled__2020-03-17T00:00:00+00:00', '--job-id', '8892', '--raw', '--subdir', 'DAGS_FOLDER/usd_rate_fetcher.py', '--cfg-path', '/tmp/tmpxggu10pd']
[2025-06-03T15:29:41.495+0000] {standard_task_runner.py:85} INFO - Job 8892: Subtask fetch_data_from_api
[2025-06-03T15:29:41.578+0000] {task_command.py:410} INFO - Running <TaskInstance: usd_rate_fetcher.fetch_data_from_api scheduled__2020-03-17T00:00:00+00:00 [running]> on host 40869fde016f
[2025-06-03T15:29:41.804+0000] {logging_mixin.py:150} WARNING - /home/***/.local/lib/python3.7/site-packages/***/utils/context.py:205 AirflowContextDeprecationWarning: Accessing 'execution_date' from the template is deprecated and will be removed in a future version. Please use 'data_interval_start' or 'logical_date' instead.
[2025-06-03T15:29:41.852+0000] {taskinstance.py:1547} INFO - Exporting env vars: AIRFLOW_CTX_DAG_OWNER='***' AIRFLOW_CTX_DAG_ID='usd_rate_fetcher' AIRFLOW_CTX_TASK_ID='fetch_data_from_api' AIRFLOW_CTX_EXECUTION_DATE='2020-03-17T00:00:00+00:00' AIRFLOW_CTX_TRY_NUMBER='1' AIRFLOW_CTX_DAG_RUN_ID='scheduled__2020-03-17T00:00:00+00:00'
[2025-06-03T15:29:41.861+0000] {usd_rate_fetcher.py:34} INFO - Переменная ['USD', 'EUR', 'HKD', 'CNY', 'GBP']
[2025-06-03T15:29:41.873+0000] {usd_rate_fetcher.py:53} INFO - Fetching data for date: 17/03/2020
[2025-06-03T15:29:41.926+0000] {python.py:183} INFO - Done. Returned value was: {'date': datetime.date(2020, 3, 17), 'content': [{'GBP': 91.7015}, {'HKD': 95.4533}, {'USD': 74.1262}, {'EUR': 82.7471}, {'CNY': 10.5928}]}
[2025-06-03T15:29:41.996+0000] {taskinstance.py:1350} INFO - Marking task as SUCCESS. dag_id=usd_rate_fetcher, task_id=fetch_data_from_api, execution_date=20200317T000000, start_date=20250603T152941, end_date=20250603T152941
[2025-06-03T15:29:42.040+0000] {local_task_job_runner.py:225} INFO - Task exited with return code 0
[2025-06-03T15:29:42.197+0000] {taskinstance.py:2653} INFO - 0 downstream tasks scheduled from follow-on schedule check
