[2025-06-03T15:20:20.479+0000] {taskinstance.py:1103} INFO - Dependencies all met for dep_context=non-requeueable deps ti=<TaskInstance: usd_rate_fetcher.fetch_data_from_api scheduled__2020-03-07T00:00:00+00:00 [queued]>
[2025-06-03T15:20:20.489+0000] {taskinstance.py:1103} INFO - Dependencies all met for dep_context=requeueable deps ti=<TaskInstance: usd_rate_fetcher.fetch_data_from_api scheduled__2020-03-07T00:00:00+00:00 [queued]>
[2025-06-03T15:20:20.489+0000] {taskinstance.py:1308} INFO - Starting attempt 1 of 3
[2025-06-03T15:20:20.569+0000] {taskinstance.py:1327} INFO - Executing <Task(_PythonDecoratedOperator): fetch_data_from_api> on 2020-03-07 00:00:00+00:00
[2025-06-03T15:20:20.575+0000] {standard_task_runner.py:57} INFO - Started process 15543 to run task
[2025-06-03T15:20:20.579+0000] {standard_task_runner.py:84} INFO - Running: ['***', 'tasks', 'run', 'usd_rate_fetcher', 'fetch_data_from_api', 'scheduled__2020-03-07T00:00:00+00:00', '--job-id', '8726', '--raw', '--subdir', 'DAGS_FOLDER/usd_rate_fetcher.py', '--cfg-path', '/tmp/tmpcit246n8']
[2025-06-03T15:20:20.581+0000] {standard_task_runner.py:85} INFO - Job 8726: Subtask fetch_data_from_api
[2025-06-03T15:20:20.627+0000] {task_command.py:410} INFO - Running <TaskInstance: usd_rate_fetcher.fetch_data_from_api scheduled__2020-03-07T00:00:00+00:00 [running]> on host 40869fde016f
[2025-06-03T15:20:20.851+0000] {logging_mixin.py:150} WARNING - /home/***/.local/lib/python3.7/site-packages/***/utils/context.py:205 AirflowContextDeprecationWarning: Accessing 'execution_date' from the template is deprecated and will be removed in a future version. Please use 'data_interval_start' or 'logical_date' instead.
[2025-06-03T15:20:20.906+0000] {taskinstance.py:1547} INFO - Exporting env vars: AIRFLOW_CTX_DAG_OWNER='***' AIRFLOW_CTX_DAG_ID='usd_rate_fetcher' AIRFLOW_CTX_TASK_ID='fetch_data_from_api' AIRFLOW_CTX_EXECUTION_DATE='2020-03-07T00:00:00+00:00' AIRFLOW_CTX_TRY_NUMBER='1' AIRFLOW_CTX_DAG_RUN_ID='scheduled__2020-03-07T00:00:00+00:00'
[2025-06-03T15:20:20.916+0000] {usd_rate_fetcher.py:34} INFO - Переменная ['Доллар США', 'Евро', 'Гонконгский доллар', 'Юань', 'Фунт стерлингов']
[2025-06-03T15:20:20.922+0000] {usd_rate_fetcher.py:53} INFO - Fetching data for date: 07/03/2020
[2025-06-03T15:20:20.969+0000] {python.py:183} INFO - Done. Returned value was: {'date': datetime.date(2020, 3, 7), 'content': [{'Фунт стерлингов': 87.5972}, {'Доллар США': 67.5175}, {'Евро': 75.8424}]}
[2025-06-03T15:20:21.053+0000] {taskinstance.py:1350} INFO - Marking task as SUCCESS. dag_id=usd_rate_fetcher, task_id=fetch_data_from_api, execution_date=20200307T000000, start_date=20250603T152020, end_date=20250603T152021
[2025-06-03T15:20:21.116+0000] {local_task_job_runner.py:225} INFO - Task exited with return code 0
[2025-06-03T15:20:21.143+0000] {taskinstance.py:2653} INFO - 1 downstream tasks scheduled from follow-on schedule check
[2025-06-03T15:29:36.164+0000] {taskinstance.py:1103} INFO - Dependencies all met for dep_context=non-requeueable deps ti=<TaskInstance: usd_rate_fetcher.fetch_data_from_api scheduled__2020-03-07T00:00:00+00:00 [queued]>
[2025-06-03T15:29:36.175+0000] {taskinstance.py:1103} INFO - Dependencies all met for dep_context=requeueable deps ti=<TaskInstance: usd_rate_fetcher.fetch_data_from_api scheduled__2020-03-07T00:00:00+00:00 [queued]>
[2025-06-03T15:29:36.176+0000] {taskinstance.py:1308} INFO - Starting attempt 1 of 3
[2025-06-03T15:29:36.205+0000] {taskinstance.py:1327} INFO - Executing <Task(_PythonDecoratedOperator): fetch_data_from_api> on 2020-03-07 00:00:00+00:00
[2025-06-03T15:29:36.230+0000] {standard_task_runner.py:57} INFO - Started process 17922 to run task
[2025-06-03T15:29:36.247+0000] {standard_task_runner.py:84} INFO - Running: ['***', 'tasks', 'run', 'usd_rate_fetcher', 'fetch_data_from_api', 'scheduled__2020-03-07T00:00:00+00:00', '--job-id', '8867', '--raw', '--subdir', 'DAGS_FOLDER/usd_rate_fetcher.py', '--cfg-path', '/tmp/tmptkr93el0']
[2025-06-03T15:29:36.252+0000] {standard_task_runner.py:85} INFO - Job 8867: Subtask fetch_data_from_api
[2025-06-03T15:29:36.342+0000] {task_command.py:410} INFO - Running <TaskInstance: usd_rate_fetcher.fetch_data_from_api scheduled__2020-03-07T00:00:00+00:00 [running]> on host 40869fde016f
[2025-06-03T15:29:36.682+0000] {logging_mixin.py:150} WARNING - /home/***/.local/lib/python3.7/site-packages/***/utils/context.py:205 AirflowContextDeprecationWarning: Accessing 'execution_date' from the template is deprecated and will be removed in a future version. Please use 'data_interval_start' or 'logical_date' instead.
[2025-06-03T15:29:36.776+0000] {taskinstance.py:1547} INFO - Exporting env vars: AIRFLOW_CTX_DAG_OWNER='***' AIRFLOW_CTX_DAG_ID='usd_rate_fetcher' AIRFLOW_CTX_TASK_ID='fetch_data_from_api' AIRFLOW_CTX_EXECUTION_DATE='2020-03-07T00:00:00+00:00' AIRFLOW_CTX_TRY_NUMBER='1' AIRFLOW_CTX_DAG_RUN_ID='scheduled__2020-03-07T00:00:00+00:00'
[2025-06-03T15:29:36.818+0000] {usd_rate_fetcher.py:34} INFO - Переменная ['USD', 'EUR', 'HKD', 'CNY', 'GBP']
[2025-06-03T15:29:36.847+0000] {usd_rate_fetcher.py:53} INFO - Fetching data for date: 07/03/2020
[2025-06-03T15:29:36.886+0000] {python.py:183} INFO - Done. Returned value was: {'date': datetime.date(2020, 3, 7), 'content': [{'GBP': 87.5972}, {'HKD': 86.8716}, {'USD': 67.5175}, {'EUR': 75.8424}, {'CNY': 97.2861}]}
[2025-06-03T15:29:36.923+0000] {taskinstance.py:1350} INFO - Marking task as SUCCESS. dag_id=usd_rate_fetcher, task_id=fetch_data_from_api, execution_date=20200307T000000, start_date=20250603T152936, end_date=20250603T152936
[2025-06-03T15:29:37.014+0000] {local_task_job_runner.py:225} INFO - Task exited with return code 0
[2025-06-03T15:29:37.074+0000] {taskinstance.py:2653} INFO - 1 downstream tasks scheduled from follow-on schedule check
