[2025-06-03T09:34:45.572+0000] {taskinstance.py:1103} INFO - Dependencies all met for dep_context=non-requeueable deps ti=<TaskInstance: usd_rate_fetcher_taskflow.save_data_to_db scheduled__2000-01-04T00:00:00+00:00 [queued]>
[2025-06-03T09:34:45.590+0000] {taskinstance.py:1103} INFO - Dependencies all met for dep_context=requeueable deps ti=<TaskInstance: usd_rate_fetcher_taskflow.save_data_to_db scheduled__2000-01-04T00:00:00+00:00 [queued]>
[2025-06-03T09:34:45.591+0000] {taskinstance.py:1308} INFO - Starting attempt 1 of 3
[2025-06-03T09:34:45.676+0000] {taskinstance.py:1327} INFO - Executing <Task(_PythonDecoratedOperator): save_data_to_db> on 2000-01-04 00:00:00+00:00
[2025-06-03T09:34:45.691+0000] {standard_task_runner.py:57} INFO - Started process 9852 to run task
[2025-06-03T09:34:45.718+0000] {standard_task_runner.py:84} INFO - Running: ['***', 'tasks', 'run', 'usd_rate_fetcher_taskflow', 'save_data_to_db', 'scheduled__2000-01-04T00:00:00+00:00', '--job-id', '7974', '--raw', '--subdir', 'DAGS_FOLDER/usd_rate_fetcher.py', '--cfg-path', '/tmp/tmpttuobh6r']
[2025-06-03T09:34:45.720+0000] {standard_task_runner.py:85} INFO - Job 7974: Subtask save_data_to_db
[2025-06-03T09:34:45.795+0000] {task_command.py:410} INFO - Running <TaskInstance: usd_rate_fetcher_taskflow.save_data_to_db scheduled__2000-01-04T00:00:00+00:00 [running]> on host 40869fde016f
[2025-06-03T09:34:46.248+0000] {logging_mixin.py:150} WARNING - /home/***/.local/lib/python3.7/site-packages/***/utils/context.py:205 AirflowContextDeprecationWarning: Accessing 'execution_date' from the template is deprecated and will be removed in a future version. Please use 'data_interval_start' or 'logical_date' instead.
[2025-06-03T09:34:46.336+0000] {taskinstance.py:1547} INFO - Exporting env vars: AIRFLOW_CTX_DAG_OWNER='***' AIRFLOW_CTX_DAG_ID='usd_rate_fetcher_taskflow' AIRFLOW_CTX_TASK_ID='save_data_to_db' AIRFLOW_CTX_EXECUTION_DATE='2000-01-04T00:00:00+00:00' AIRFLOW_CTX_TRY_NUMBER='1' AIRFLOW_CTX_DAG_RUN_ID='scheduled__2000-01-04T00:00:00+00:00'
[2025-06-03T09:34:46.337+0000] {usd_rate_fetcher.py:51} INFO - Received USD rate: 27.0 for date 2000-01-04
[2025-06-03T09:34:46.352+0000] {base.py:73} INFO - Using connection ID 'pg_database' for task execution.
[2025-06-03T09:34:46.364+0000] {usd_rate_fetcher.py:62} WARNING - Rate already exists for date 2000-01-04
[2025-06-03T09:34:46.369+0000] {python.py:183} INFO - Done. Returned value was: None
[2025-06-03T09:34:46.407+0000] {taskinstance.py:1350} INFO - Marking task as SUCCESS. dag_id=usd_rate_fetcher_taskflow, task_id=save_data_to_db, execution_date=20000104T000000, start_date=20250603T093445, end_date=20250603T093446
[2025-06-03T09:34:46.520+0000] {local_task_job_runner.py:225} INFO - Task exited with return code 0
[2025-06-03T09:34:46.545+0000] {taskinstance.py:2653} INFO - 0 downstream tasks scheduled from follow-on schedule check
[2025-06-03T09:35:42.351+0000] {taskinstance.py:1103} INFO - Dependencies all met for dep_context=non-requeueable deps ti=<TaskInstance: usd_rate_fetcher_taskflow.save_data_to_db scheduled__2000-01-04T00:00:00+00:00 [queued]>
[2025-06-03T09:35:42.369+0000] {taskinstance.py:1103} INFO - Dependencies all met for dep_context=requeueable deps ti=<TaskInstance: usd_rate_fetcher_taskflow.save_data_to_db scheduled__2000-01-04T00:00:00+00:00 [queued]>
[2025-06-03T09:35:42.369+0000] {taskinstance.py:1308} INFO - Starting attempt 1 of 3
[2025-06-03T09:35:42.404+0000] {taskinstance.py:1327} INFO - Executing <Task(_PythonDecoratedOperator): save_data_to_db> on 2000-01-04 00:00:00+00:00
[2025-06-03T09:35:42.411+0000] {standard_task_runner.py:57} INFO - Started process 10351 to run task
[2025-06-03T09:35:42.427+0000] {standard_task_runner.py:84} INFO - Running: ['***', 'tasks', 'run', 'usd_rate_fetcher_taskflow', 'save_data_to_db', 'scheduled__2000-01-04T00:00:00+00:00', '--job-id', '8010', '--raw', '--subdir', 'DAGS_FOLDER/usd_rate_fetcher.py', '--cfg-path', '/tmp/tmp_sxucsvz']
[2025-06-03T09:35:42.428+0000] {standard_task_runner.py:85} INFO - Job 8010: Subtask save_data_to_db
[2025-06-03T09:35:42.507+0000] {task_command.py:410} INFO - Running <TaskInstance: usd_rate_fetcher_taskflow.save_data_to_db scheduled__2000-01-04T00:00:00+00:00 [running]> on host 40869fde016f
[2025-06-03T09:35:42.930+0000] {logging_mixin.py:150} WARNING - /home/***/.local/lib/python3.7/site-packages/***/utils/context.py:205 AirflowContextDeprecationWarning: Accessing 'execution_date' from the template is deprecated and will be removed in a future version. Please use 'data_interval_start' or 'logical_date' instead.
[2025-06-03T09:35:43.047+0000] {taskinstance.py:1547} INFO - Exporting env vars: AIRFLOW_CTX_DAG_OWNER='***' AIRFLOW_CTX_DAG_ID='usd_rate_fetcher_taskflow' AIRFLOW_CTX_TASK_ID='save_data_to_db' AIRFLOW_CTX_EXECUTION_DATE='2000-01-04T00:00:00+00:00' AIRFLOW_CTX_TRY_NUMBER='1' AIRFLOW_CTX_DAG_RUN_ID='scheduled__2000-01-04T00:00:00+00:00'
[2025-06-03T09:35:43.050+0000] {usd_rate_fetcher.py:51} INFO - Received USD rate: 27.0 for date 2000-01-04
[2025-06-03T09:35:43.064+0000] {base.py:73} INFO - Using connection ID 'pg_database' for task execution.
[2025-06-03T09:35:43.086+0000] {usd_rate_fetcher.py:68} INFO - Saving exchange rate 27.00 for date 2000-01-04
[2025-06-03T09:35:43.089+0000] {python.py:183} INFO - Done. Returned value was: None
[2025-06-03T09:35:43.105+0000] {taskinstance.py:1350} INFO - Marking task as SUCCESS. dag_id=usd_rate_fetcher_taskflow, task_id=save_data_to_db, execution_date=20000104T000000, start_date=20250603T093542, end_date=20250603T093543
[2025-06-03T09:35:43.156+0000] {local_task_job_runner.py:225} INFO - Task exited with return code 0
[2025-06-03T09:35:43.188+0000] {taskinstance.py:2653} INFO - 0 downstream tasks scheduled from follow-on schedule check
