[2025-06-03T15:20:07.535+0000] {taskinstance.py:1103} INFO - Dependencies all met for dep_context=non-requeueable deps ti=<TaskInstance: usd_rate_fetcher.save_data_to_db scheduled__2020-02-04T00:00:00+00:00 [queued]>
[2025-06-03T15:20:07.544+0000] {taskinstance.py:1103} INFO - Dependencies all met for dep_context=requeueable deps ti=<TaskInstance: usd_rate_fetcher.save_data_to_db scheduled__2020-02-04T00:00:00+00:00 [queued]>
[2025-06-03T15:20:07.544+0000] {taskinstance.py:1308} INFO - Starting attempt 1 of 3
[2025-06-03T15:20:07.560+0000] {taskinstance.py:1327} INFO - Executing <Task(_PythonDecoratedOperator): save_data_to_db> on 2020-02-04 00:00:00+00:00
[2025-06-03T15:20:07.569+0000] {standard_task_runner.py:57} INFO - Started process 14798 to run task
[2025-06-03T15:20:07.575+0000] {standard_task_runner.py:84} INFO - Running: ['***', 'tasks', 'run', 'usd_rate_fetcher', 'save_data_to_db', 'scheduled__2020-02-04T00:00:00+00:00', '--job-id', '8673', '--raw', '--subdir', 'DAGS_FOLDER/usd_rate_fetcher.py', '--cfg-path', '/tmp/tmptefeuihc']
[2025-06-03T15:20:07.578+0000] {standard_task_runner.py:85} INFO - Job 8673: Subtask save_data_to_db
[2025-06-03T15:20:07.650+0000] {task_command.py:410} INFO - Running <TaskInstance: usd_rate_fetcher.save_data_to_db scheduled__2020-02-04T00:00:00+00:00 [running]> on host 40869fde016f
[2025-06-03T15:20:07.798+0000] {logging_mixin.py:150} WARNING - /home/***/.local/lib/python3.7/site-packages/***/utils/context.py:205 AirflowContextDeprecationWarning: Accessing 'execution_date' from the template is deprecated and will be removed in a future version. Please use 'data_interval_start' or 'logical_date' instead.
[2025-06-03T15:20:07.865+0000] {taskinstance.py:1547} INFO - Exporting env vars: AIRFLOW_CTX_DAG_OWNER='***' AIRFLOW_CTX_DAG_ID='usd_rate_fetcher' AIRFLOW_CTX_TASK_ID='save_data_to_db' AIRFLOW_CTX_EXECUTION_DATE='2020-02-04T00:00:00+00:00' AIRFLOW_CTX_TRY_NUMBER='1' AIRFLOW_CTX_DAG_RUN_ID='scheduled__2020-02-04T00:00:00+00:00'
[2025-06-03T15:20:07.869+0000] {usd_rate_fetcher.py:80} INFO - Received USD rate: {'date': datetime.date(2020, 2, 4), 'content': [{'Фунт стерлингов': 83.9766}, {'Доллар США': 63.9091}, {'Евро': 70.7921}]} for date 2020-02-04
[2025-06-03T15:20:07.887+0000] {base.py:73} INFO - Using connection ID 'pg_database' for task execution.
[2025-06-03T15:20:07.895+0000] {usd_rate_fetcher.py:103} INFO - Saved 83.98 for Фунт стерлингов on 2020-02-04
[2025-06-03T15:20:07.895+0000] {usd_rate_fetcher.py:103} INFO - Saved 63.91 for Доллар США on 2020-02-04
[2025-06-03T15:20:07.895+0000] {usd_rate_fetcher.py:103} INFO - Saved 70.79 for Евро on 2020-02-04
[2025-06-03T15:20:07.898+0000] {python.py:183} INFO - Done. Returned value was: None
[2025-06-03T15:20:07.919+0000] {taskinstance.py:1350} INFO - Marking task as SUCCESS. dag_id=usd_rate_fetcher, task_id=save_data_to_db, execution_date=20200204T000000, start_date=20250603T152007, end_date=20250603T152007
[2025-06-03T15:20:07.990+0000] {local_task_job_runner.py:225} INFO - Task exited with return code 0
[2025-06-03T15:20:08.024+0000] {taskinstance.py:2653} INFO - 0 downstream tasks scheduled from follow-on schedule check
[2025-06-03T15:27:24.024+0000] {taskinstance.py:1103} INFO - Dependencies all met for dep_context=non-requeueable deps ti=<TaskInstance: usd_rate_fetcher.save_data_to_db scheduled__2020-02-04T00:00:00+00:00 [queued]>
[2025-06-03T15:27:24.038+0000] {taskinstance.py:1103} INFO - Dependencies all met for dep_context=requeueable deps ti=<TaskInstance: usd_rate_fetcher.save_data_to_db scheduled__2020-02-04T00:00:00+00:00 [queued]>
[2025-06-03T15:27:24.038+0000] {taskinstance.py:1308} INFO - Starting attempt 1 of 3
[2025-06-03T15:27:24.061+0000] {taskinstance.py:1327} INFO - Executing <Task(_PythonDecoratedOperator): save_data_to_db> on 2020-02-04 00:00:00+00:00
[2025-06-03T15:27:24.068+0000] {standard_task_runner.py:57} INFO - Started process 17351 to run task
[2025-06-03T15:27:24.083+0000] {standard_task_runner.py:84} INFO - Running: ['***', 'tasks', 'run', 'usd_rate_fetcher', 'save_data_to_db', 'scheduled__2020-02-04T00:00:00+00:00', '--job-id', '8834', '--raw', '--subdir', 'DAGS_FOLDER/usd_rate_fetcher.py', '--cfg-path', '/tmp/tmpak0z2ezh']
[2025-06-03T15:27:24.085+0000] {standard_task_runner.py:85} INFO - Job 8834: Subtask save_data_to_db
[2025-06-03T15:27:24.178+0000] {task_command.py:410} INFO - Running <TaskInstance: usd_rate_fetcher.save_data_to_db scheduled__2020-02-04T00:00:00+00:00 [running]> on host 40869fde016f
[2025-06-03T15:27:24.286+0000] {logging_mixin.py:150} WARNING - /home/***/.local/lib/python3.7/site-packages/***/utils/context.py:205 AirflowContextDeprecationWarning: Accessing 'execution_date' from the template is deprecated and will be removed in a future version. Please use 'data_interval_start' or 'logical_date' instead.
[2025-06-03T15:27:24.335+0000] {taskinstance.py:1547} INFO - Exporting env vars: AIRFLOW_CTX_DAG_OWNER='***' AIRFLOW_CTX_DAG_ID='usd_rate_fetcher' AIRFLOW_CTX_TASK_ID='save_data_to_db' AIRFLOW_CTX_EXECUTION_DATE='2020-02-04T00:00:00+00:00' AIRFLOW_CTX_TRY_NUMBER='1' AIRFLOW_CTX_DAG_RUN_ID='scheduled__2020-02-04T00:00:00+00:00'
[2025-06-03T15:27:24.337+0000] {usd_rate_fetcher.py:80} INFO - Received USD rate: {'date': datetime.date(2020, 2, 4), 'content': [{'GBP': 83.9766}, {'HKD': 82.2818}, {'USD': 63.9091}, {'EUR': 70.7921}, {'CNY': 90.9738}]} for date 2020-02-04
[2025-06-03T15:27:24.345+0000] {base.py:73} INFO - Using connection ID 'pg_database' for task execution.
[2025-06-03T15:27:24.353+0000] {usd_rate_fetcher.py:103} INFO - Saved 83.98 for GBP on 2020-02-04
[2025-06-03T15:27:24.355+0000] {usd_rate_fetcher.py:103} INFO - Saved 82.28 for HKD on 2020-02-04
[2025-06-03T15:27:24.356+0000] {usd_rate_fetcher.py:103} INFO - Saved 63.91 for USD on 2020-02-04
[2025-06-03T15:27:24.356+0000] {usd_rate_fetcher.py:103} INFO - Saved 70.79 for EUR on 2020-02-04
[2025-06-03T15:27:24.356+0000] {usd_rate_fetcher.py:103} INFO - Saved 90.97 for CNY on 2020-02-04
[2025-06-03T15:27:24.360+0000] {python.py:183} INFO - Done. Returned value was: None
[2025-06-03T15:27:24.389+0000] {taskinstance.py:1350} INFO - Marking task as SUCCESS. dag_id=usd_rate_fetcher, task_id=save_data_to_db, execution_date=20200204T000000, start_date=20250603T152724, end_date=20250603T152724
[2025-06-03T15:27:24.510+0000] {local_task_job_runner.py:225} INFO - Task exited with return code 0
[2025-06-03T15:27:24.538+0000] {taskinstance.py:2653} INFO - 0 downstream tasks scheduled from follow-on schedule check
