[2025-06-03T15:20:21.078+0000] {taskinstance.py:1103} INFO - Dependencies all met for dep_context=non-requeueable deps ti=<TaskInstance: usd_rate_fetcher.save_data_to_db scheduled__2020-03-05T00:00:00+00:00 [queued]>
[2025-06-03T15:20:21.119+0000] {taskinstance.py:1103} INFO - Dependencies all met for dep_context=requeueable deps ti=<TaskInstance: usd_rate_fetcher.save_data_to_db scheduled__2020-03-05T00:00:00+00:00 [queued]>
[2025-06-03T15:20:21.125+0000] {taskinstance.py:1308} INFO - Starting attempt 1 of 3
[2025-06-03T15:20:21.240+0000] {taskinstance.py:1327} INFO - Executing <Task(_PythonDecoratedOperator): save_data_to_db> on 2020-03-05 00:00:00+00:00
[2025-06-03T15:20:21.250+0000] {standard_task_runner.py:57} INFO - Started process 15755 to run task
[2025-06-03T15:20:21.253+0000] {standard_task_runner.py:84} INFO - Running: ['***', 'tasks', 'run', 'usd_rate_fetcher', 'save_data_to_db', 'scheduled__2020-03-05T00:00:00+00:00', '--job-id', '8739', '--raw', '--subdir', 'DAGS_FOLDER/usd_rate_fetcher.py', '--cfg-path', '/tmp/tmpec34_3qg']
[2025-06-03T15:20:21.256+0000] {standard_task_runner.py:85} INFO - Job 8739: Subtask save_data_to_db
[2025-06-03T15:20:21.339+0000] {task_command.py:410} INFO - Running <TaskInstance: usd_rate_fetcher.save_data_to_db scheduled__2020-03-05T00:00:00+00:00 [running]> on host 40869fde016f
[2025-06-03T15:20:21.469+0000] {logging_mixin.py:150} WARNING - /home/***/.local/lib/python3.7/site-packages/***/utils/context.py:205 AirflowContextDeprecationWarning: Accessing 'execution_date' from the template is deprecated and will be removed in a future version. Please use 'data_interval_start' or 'logical_date' instead.
[2025-06-03T15:20:21.584+0000] {taskinstance.py:1547} INFO - Exporting env vars: AIRFLOW_CTX_DAG_OWNER='***' AIRFLOW_CTX_DAG_ID='usd_rate_fetcher' AIRFLOW_CTX_TASK_ID='save_data_to_db' AIRFLOW_CTX_EXECUTION_DATE='2020-03-05T00:00:00+00:00' AIRFLOW_CTX_TRY_NUMBER='1' AIRFLOW_CTX_DAG_RUN_ID='scheduled__2020-03-05T00:00:00+00:00'
[2025-06-03T15:20:21.585+0000] {usd_rate_fetcher.py:80} INFO - Received USD rate: {'date': datetime.date(2020, 3, 5), 'content': [{'Фунт стерлингов': 84.5011}, {'Доллар США': 66.0784}, {'Евро': 73.7369}]} for date 2020-03-05
[2025-06-03T15:20:21.599+0000] {base.py:73} INFO - Using connection ID 'pg_database' for task execution.
[2025-06-03T15:20:21.607+0000] {usd_rate_fetcher.py:103} INFO - Saved 84.50 for Фунт стерлингов on 2020-03-05
[2025-06-03T15:20:21.607+0000] {usd_rate_fetcher.py:103} INFO - Saved 66.08 for Доллар США on 2020-03-05
[2025-06-03T15:20:21.608+0000] {usd_rate_fetcher.py:103} INFO - Saved 73.74 for Евро on 2020-03-05
[2025-06-03T15:20:21.611+0000] {python.py:183} INFO - Done. Returned value was: None
[2025-06-03T15:20:21.642+0000] {taskinstance.py:1350} INFO - Marking task as SUCCESS. dag_id=usd_rate_fetcher, task_id=save_data_to_db, execution_date=20200305T000000, start_date=20250603T152021, end_date=20250603T152021
[2025-06-03T15:20:21.754+0000] {local_task_job_runner.py:225} INFO - Task exited with return code 0
[2025-06-03T15:20:21.809+0000] {taskinstance.py:2653} INFO - 0 downstream tasks scheduled from follow-on schedule check
[2025-06-03T15:29:37.798+0000] {taskinstance.py:1103} INFO - Dependencies all met for dep_context=non-requeueable deps ti=<TaskInstance: usd_rate_fetcher.save_data_to_db scheduled__2020-03-05T00:00:00+00:00 [queued]>
[2025-06-03T15:29:37.861+0000] {taskinstance.py:1103} INFO - Dependencies all met for dep_context=requeueable deps ti=<TaskInstance: usd_rate_fetcher.save_data_to_db scheduled__2020-03-05T00:00:00+00:00 [queued]>
[2025-06-03T15:29:37.862+0000] {taskinstance.py:1308} INFO - Starting attempt 1 of 3
[2025-06-03T15:29:37.899+0000] {taskinstance.py:1327} INFO - Executing <Task(_PythonDecoratedOperator): save_data_to_db> on 2020-03-05 00:00:00+00:00
[2025-06-03T15:29:37.910+0000] {standard_task_runner.py:57} INFO - Started process 18088 to run task
[2025-06-03T15:29:37.916+0000] {standard_task_runner.py:84} INFO - Running: ['***', 'tasks', 'run', 'usd_rate_fetcher', 'save_data_to_db', 'scheduled__2020-03-05T00:00:00+00:00', '--job-id', '8878', '--raw', '--subdir', 'DAGS_FOLDER/usd_rate_fetcher.py', '--cfg-path', '/tmp/tmpfzljm7wm']
[2025-06-03T15:29:37.919+0000] {standard_task_runner.py:85} INFO - Job 8878: Subtask save_data_to_db
[2025-06-03T15:29:38.016+0000] {task_command.py:410} INFO - Running <TaskInstance: usd_rate_fetcher.save_data_to_db scheduled__2020-03-05T00:00:00+00:00 [running]> on host 40869fde016f
[2025-06-03T15:29:38.369+0000] {logging_mixin.py:150} WARNING - /home/***/.local/lib/python3.7/site-packages/***/utils/context.py:205 AirflowContextDeprecationWarning: Accessing 'execution_date' from the template is deprecated and will be removed in a future version. Please use 'data_interval_start' or 'logical_date' instead.
[2025-06-03T15:29:38.429+0000] {taskinstance.py:1547} INFO - Exporting env vars: AIRFLOW_CTX_DAG_OWNER='***' AIRFLOW_CTX_DAG_ID='usd_rate_fetcher' AIRFLOW_CTX_TASK_ID='save_data_to_db' AIRFLOW_CTX_EXECUTION_DATE='2020-03-05T00:00:00+00:00' AIRFLOW_CTX_TRY_NUMBER='1' AIRFLOW_CTX_DAG_RUN_ID='scheduled__2020-03-05T00:00:00+00:00'
[2025-06-03T15:29:38.430+0000] {usd_rate_fetcher.py:80} INFO - Received USD rate: {'date': datetime.date(2020, 3, 5), 'content': [{'GBP': 84.5011}, {'HKD': 85.0561}, {'USD': 66.0784}, {'EUR': 73.7369}, {'CNY': 95.3017}]} for date 2020-03-05
[2025-06-03T15:29:38.436+0000] {base.py:73} INFO - Using connection ID 'pg_database' for task execution.
[2025-06-03T15:29:38.440+0000] {usd_rate_fetcher.py:103} INFO - Saved 84.50 for GBP on 2020-03-05
[2025-06-03T15:29:38.441+0000] {usd_rate_fetcher.py:103} INFO - Saved 85.06 for HKD on 2020-03-05
[2025-06-03T15:29:38.441+0000] {usd_rate_fetcher.py:103} INFO - Saved 66.08 for USD on 2020-03-05
[2025-06-03T15:29:38.441+0000] {usd_rate_fetcher.py:103} INFO - Saved 73.74 for EUR on 2020-03-05
[2025-06-03T15:29:38.442+0000] {usd_rate_fetcher.py:103} INFO - Saved 95.30 for CNY on 2020-03-05
[2025-06-03T15:29:38.443+0000] {python.py:183} INFO - Done. Returned value was: None
[2025-06-03T15:29:38.453+0000] {taskinstance.py:1350} INFO - Marking task as SUCCESS. dag_id=usd_rate_fetcher, task_id=save_data_to_db, execution_date=20200305T000000, start_date=20250603T152937, end_date=20250603T152938
[2025-06-03T15:29:38.496+0000] {local_task_job_runner.py:225} INFO - Task exited with return code 0
[2025-06-03T15:29:38.534+0000] {taskinstance.py:2653} INFO - 0 downstream tasks scheduled from follow-on schedule check
