[2025-06-03T15:19:53.034+0000] {taskinstance.py:1103} INFO - Dependencies all met for dep_context=non-requeueable deps ti=<TaskInstance: usd_rate_fetcher.fetch_data_from_api scheduled__2020-01-13T00:00:00+00:00 [queued]>
[2025-06-03T15:19:53.044+0000] {taskinstance.py:1103} INFO - Dependencies all met for dep_context=requeueable deps ti=<TaskInstance: usd_rate_fetcher.fetch_data_from_api scheduled__2020-01-13T00:00:00+00:00 [queued]>
[2025-06-03T15:19:53.045+0000] {taskinstance.py:1308} INFO - Starting attempt 1 of 3
[2025-06-03T15:19:53.098+0000] {taskinstance.py:1327} INFO - Executing <Task(_PythonDecoratedOperator): fetch_data_from_api> on 2020-01-13 00:00:00+00:00
[2025-06-03T15:19:53.106+0000] {standard_task_runner.py:57} INFO - Started process 13956 to run task
[2025-06-03T15:19:53.112+0000] {standard_task_runner.py:84} INFO - Running: ['***', 'tasks', 'run', 'usd_rate_fetcher', 'fetch_data_from_api', 'scheduled__2020-01-13T00:00:00+00:00', '--job-id', '8612', '--raw', '--subdir', 'DAGS_FOLDER/usd_rate_fetcher.py', '--cfg-path', '/tmp/tmpwi2t4sf4']
[2025-06-03T15:19:53.115+0000] {standard_task_runner.py:85} INFO - Job 8612: Subtask fetch_data_from_api
[2025-06-03T15:19:53.306+0000] {task_command.py:410} INFO - Running <TaskInstance: usd_rate_fetcher.fetch_data_from_api scheduled__2020-01-13T00:00:00+00:00 [running]> on host 40869fde016f
[2025-06-03T15:19:52.221+0000] {logging_mixin.py:150} WARNING - /home/***/.local/lib/python3.7/site-packages/***/utils/context.py:205 AirflowContextDeprecationWarning: Accessing 'execution_date' from the template is deprecated and will be removed in a future version. Please use 'data_interval_start' or 'logical_date' instead.
[2025-06-03T15:19:52.294+0000] {taskinstance.py:1547} INFO - Exporting env vars: AIRFLOW_CTX_DAG_OWNER='***' AIRFLOW_CTX_DAG_ID='usd_rate_fetcher' AIRFLOW_CTX_TASK_ID='fetch_data_from_api' AIRFLOW_CTX_EXECUTION_DATE='2020-01-13T00:00:00+00:00' AIRFLOW_CTX_TRY_NUMBER='1' AIRFLOW_CTX_DAG_RUN_ID='scheduled__2020-01-13T00:00:00+00:00'
[2025-06-03T15:19:52.304+0000] {usd_rate_fetcher.py:34} INFO - Переменная ['Доллар США', 'Евро', 'Гонконгский доллар', 'Юань', 'Фунт стерлингов']
[2025-06-03T15:19:52.316+0000] {usd_rate_fetcher.py:53} INFO - Fetching data for date: 13/01/2020
[2025-06-03T15:19:52.397+0000] {python.py:183} INFO - Done. Returned value was: {'date': datetime.date(2020, 1, 13), 'content': [{'Фунт стерлингов': 80.071}, {'Доллар США': 61.2632}, {'Евро': 68.045}]}
[2025-06-03T15:19:52.456+0000] {taskinstance.py:1350} INFO - Marking task as SUCCESS. dag_id=usd_rate_fetcher, task_id=fetch_data_from_api, execution_date=20200113T000000, start_date=20250603T151953, end_date=20250603T151952
[2025-06-03T15:19:52.506+0000] {local_task_job_runner.py:225} INFO - Task exited with return code 0
[2025-06-03T15:19:52.539+0000] {taskinstance.py:2653} INFO - 1 downstream tasks scheduled from follow-on schedule check
[2025-06-03T15:27:10.041+0000] {taskinstance.py:1103} INFO - Dependencies all met for dep_context=non-requeueable deps ti=<TaskInstance: usd_rate_fetcher.fetch_data_from_api scheduled__2020-01-13T00:00:00+00:00 [queued]>
[2025-06-03T15:27:10.052+0000] {taskinstance.py:1103} INFO - Dependencies all met for dep_context=requeueable deps ti=<TaskInstance: usd_rate_fetcher.fetch_data_from_api scheduled__2020-01-13T00:00:00+00:00 [queued]>
[2025-06-03T15:27:10.052+0000] {taskinstance.py:1308} INFO - Starting attempt 1 of 3
[2025-06-03T15:27:10.103+0000] {taskinstance.py:1327} INFO - Executing <Task(_PythonDecoratedOperator): fetch_data_from_api> on 2020-01-13 00:00:00+00:00
[2025-06-03T15:27:10.121+0000] {standard_task_runner.py:57} INFO - Started process 16411 to run task
[2025-06-03T15:27:10.135+0000] {standard_task_runner.py:84} INFO - Running: ['***', 'tasks', 'run', 'usd_rate_fetcher', 'fetch_data_from_api', 'scheduled__2020-01-13T00:00:00+00:00', '--job-id', '8766', '--raw', '--subdir', 'DAGS_FOLDER/usd_rate_fetcher.py', '--cfg-path', '/tmp/tmp2trbd5mm']
[2025-06-03T15:27:10.139+0000] {standard_task_runner.py:85} INFO - Job 8766: Subtask fetch_data_from_api
[2025-06-03T15:27:10.294+0000] {task_command.py:410} INFO - Running <TaskInstance: usd_rate_fetcher.fetch_data_from_api scheduled__2020-01-13T00:00:00+00:00 [running]> on host 40869fde016f
[2025-06-03T15:27:10.573+0000] {logging_mixin.py:150} WARNING - /home/***/.local/lib/python3.7/site-packages/***/utils/context.py:205 AirflowContextDeprecationWarning: Accessing 'execution_date' from the template is deprecated and will be removed in a future version. Please use 'data_interval_start' or 'logical_date' instead.
[2025-06-03T15:27:10.646+0000] {taskinstance.py:1547} INFO - Exporting env vars: AIRFLOW_CTX_DAG_OWNER='***' AIRFLOW_CTX_DAG_ID='usd_rate_fetcher' AIRFLOW_CTX_TASK_ID='fetch_data_from_api' AIRFLOW_CTX_EXECUTION_DATE='2020-01-13T00:00:00+00:00' AIRFLOW_CTX_TRY_NUMBER='1' AIRFLOW_CTX_DAG_RUN_ID='scheduled__2020-01-13T00:00:00+00:00'
[2025-06-03T15:27:10.657+0000] {usd_rate_fetcher.py:34} INFO - Переменная ['USD', 'EUR', 'HKD', 'CNY', 'GBP']
[2025-06-03T15:27:10.668+0000] {usd_rate_fetcher.py:53} INFO - Fetching data for date: 13/01/2020
[2025-06-03T15:27:10.755+0000] {python.py:183} INFO - Done. Returned value was: {'date': datetime.date(2020, 1, 13), 'content': [{'GBP': 80.071}, {'HKD': 78.8895}, {'USD': 61.2632}, {'EUR': 68.045}, {'CNY': 88.3978}]}
[2025-06-03T15:27:10.811+0000] {taskinstance.py:1350} INFO - Marking task as SUCCESS. dag_id=usd_rate_fetcher, task_id=fetch_data_from_api, execution_date=20200113T000000, start_date=20250603T152710, end_date=20250603T152710
[2025-06-03T15:27:10.843+0000] {local_task_job_runner.py:225} INFO - Task exited with return code 0
[2025-06-03T15:27:10.870+0000] {taskinstance.py:2653} INFO - 1 downstream tasks scheduled from follow-on schedule check
