[2025-06-03T15:19:52.540+0000] {taskinstance.py:1103} INFO - Dependencies all met for dep_context=non-requeueable deps ti=<TaskInstance: usd_rate_fetcher.save_data_to_db scheduled__2020-01-03T00:00:00+00:00 [queued]>
[2025-06-03T15:19:52.549+0000] {taskinstance.py:1103} INFO - Dependencies all met for dep_context=requeueable deps ti=<TaskInstance: usd_rate_fetcher.save_data_to_db scheduled__2020-01-03T00:00:00+00:00 [queued]>
[2025-06-03T15:19:52.550+0000] {taskinstance.py:1308} INFO - Starting attempt 1 of 3
[2025-06-03T15:19:52.580+0000] {taskinstance.py:1327} INFO - Executing <Task(_PythonDecoratedOperator): save_data_to_db> on 2020-01-03 00:00:00+00:00
[2025-06-03T15:19:52.591+0000] {standard_task_runner.py:57} INFO - Started process 14029 to run task
[2025-06-03T15:19:52.599+0000] {standard_task_runner.py:84} INFO - Running: ['***', 'tasks', 'run', 'usd_rate_fetcher', 'save_data_to_db', 'scheduled__2020-01-03T00:00:00+00:00', '--job-id', '8620', '--raw', '--subdir', 'DAGS_FOLDER/usd_rate_fetcher.py', '--cfg-path', '/tmp/tmp_0k6kxsv']
[2025-06-03T15:19:52.602+0000] {standard_task_runner.py:85} INFO - Job 8620: Subtask save_data_to_db
[2025-06-03T15:19:52.697+0000] {task_command.py:410} INFO - Running <TaskInstance: usd_rate_fetcher.save_data_to_db scheduled__2020-01-03T00:00:00+00:00 [running]> on host 40869fde016f
[2025-06-03T15:19:52.782+0000] {logging_mixin.py:150} WARNING - /home/***/.local/lib/python3.7/site-packages/***/utils/context.py:205 AirflowContextDeprecationWarning: Accessing 'execution_date' from the template is deprecated and will be removed in a future version. Please use 'data_interval_start' or 'logical_date' instead.
[2025-06-03T15:19:52.865+0000] {taskinstance.py:1547} INFO - Exporting env vars: AIRFLOW_CTX_DAG_OWNER='***' AIRFLOW_CTX_DAG_ID='usd_rate_fetcher' AIRFLOW_CTX_TASK_ID='save_data_to_db' AIRFLOW_CTX_EXECUTION_DATE='2020-01-03T00:00:00+00:00' AIRFLOW_CTX_TRY_NUMBER='1' AIRFLOW_CTX_DAG_RUN_ID='scheduled__2020-01-03T00:00:00+00:00'
[2025-06-03T15:19:52.866+0000] {usd_rate_fetcher.py:80} INFO - Received USD rate: {'date': datetime.date(2020, 1, 3), 'content': [{'Фунт стерлингов': 81.3069}, {'Доллар США': 61.9057}, {'Евро': 69.3777}]} for date 2020-01-03
[2025-06-03T15:19:52.914+0000] {base.py:73} INFO - Using connection ID 'pg_database' for task execution.
[2025-06-03T15:19:52.923+0000] {usd_rate_fetcher.py:103} INFO - Saved 81.31 for Фунт стерлингов on 2020-01-03
[2025-06-03T15:19:52.924+0000] {usd_rate_fetcher.py:103} INFO - Saved 61.91 for Доллар США on 2020-01-03
[2025-06-03T15:19:52.924+0000] {usd_rate_fetcher.py:103} INFO - Saved 69.38 for Евро on 2020-01-03
[2025-06-03T15:19:52.929+0000] {python.py:183} INFO - Done. Returned value was: None
[2025-06-03T15:19:52.946+0000] {taskinstance.py:1350} INFO - Marking task as SUCCESS. dag_id=usd_rate_fetcher, task_id=save_data_to_db, execution_date=20200103T000000, start_date=20250603T151952, end_date=20250603T151952
[2025-06-03T15:19:53.016+0000] {local_task_job_runner.py:225} INFO - Task exited with return code 0
[2025-06-03T15:19:53.062+0000] {taskinstance.py:2653} INFO - 0 downstream tasks scheduled from follow-on schedule check
[2025-06-03T15:27:10.508+0000] {taskinstance.py:1103} INFO - Dependencies all met for dep_context=non-requeueable deps ti=<TaskInstance: usd_rate_fetcher.save_data_to_db scheduled__2020-01-03T00:00:00+00:00 [queued]>
[2025-06-03T15:27:10.519+0000] {taskinstance.py:1103} INFO - Dependencies all met for dep_context=requeueable deps ti=<TaskInstance: usd_rate_fetcher.save_data_to_db scheduled__2020-01-03T00:00:00+00:00 [queued]>
[2025-06-03T15:27:10.519+0000] {taskinstance.py:1308} INFO - Starting attempt 1 of 3
[2025-06-03T15:27:10.552+0000] {taskinstance.py:1327} INFO - Executing <Task(_PythonDecoratedOperator): save_data_to_db> on 2020-01-03 00:00:00+00:00
[2025-06-03T15:27:10.562+0000] {standard_task_runner.py:57} INFO - Started process 16487 to run task
[2025-06-03T15:27:10.596+0000] {standard_task_runner.py:84} INFO - Running: ['***', 'tasks', 'run', 'usd_rate_fetcher', 'save_data_to_db', 'scheduled__2020-01-03T00:00:00+00:00', '--job-id', '8770', '--raw', '--subdir', 'DAGS_FOLDER/usd_rate_fetcher.py', '--cfg-path', '/tmp/tmpxdgx7q68']
[2025-06-03T15:27:10.618+0000] {standard_task_runner.py:85} INFO - Job 8770: Subtask save_data_to_db
[2025-06-03T15:27:10.680+0000] {task_command.py:410} INFO - Running <TaskInstance: usd_rate_fetcher.save_data_to_db scheduled__2020-01-03T00:00:00+00:00 [running]> on host 40869fde016f
[2025-06-03T15:27:10.767+0000] {logging_mixin.py:150} WARNING - /home/***/.local/lib/python3.7/site-packages/***/utils/context.py:205 AirflowContextDeprecationWarning: Accessing 'execution_date' from the template is deprecated and will be removed in a future version. Please use 'data_interval_start' or 'logical_date' instead.
[2025-06-03T15:27:10.812+0000] {taskinstance.py:1547} INFO - Exporting env vars: AIRFLOW_CTX_DAG_OWNER='***' AIRFLOW_CTX_DAG_ID='usd_rate_fetcher' AIRFLOW_CTX_TASK_ID='save_data_to_db' AIRFLOW_CTX_EXECUTION_DATE='2020-01-03T00:00:00+00:00' AIRFLOW_CTX_TRY_NUMBER='1' AIRFLOW_CTX_DAG_RUN_ID='scheduled__2020-01-03T00:00:00+00:00'
[2025-06-03T15:27:10.813+0000] {usd_rate_fetcher.py:80} INFO - Received USD rate: {'date': datetime.date(2020, 1, 3), 'content': [{'GBP': 81.3069}, {'HKD': 79.5029}, {'USD': 61.9057}, {'EUR': 69.3777}, {'CNY': 88.8696}]} for date 2020-01-03
[2025-06-03T15:27:10.821+0000] {base.py:73} INFO - Using connection ID 'pg_database' for task execution.
[2025-06-03T15:27:10.827+0000] {usd_rate_fetcher.py:103} INFO - Saved 81.31 for GBP on 2020-01-03
[2025-06-03T15:27:10.834+0000] {usd_rate_fetcher.py:103} INFO - Saved 79.50 for HKD on 2020-01-03
[2025-06-03T15:27:10.834+0000] {usd_rate_fetcher.py:103} INFO - Saved 61.91 for USD on 2020-01-03
[2025-06-03T15:27:10.835+0000] {usd_rate_fetcher.py:103} INFO - Saved 69.38 for EUR on 2020-01-03
[2025-06-03T15:27:10.835+0000] {usd_rate_fetcher.py:103} INFO - Saved 88.87 for CNY on 2020-01-03
[2025-06-03T15:27:10.839+0000] {python.py:183} INFO - Done. Returned value was: None
[2025-06-03T15:27:10.861+0000] {taskinstance.py:1350} INFO - Marking task as SUCCESS. dag_id=usd_rate_fetcher, task_id=save_data_to_db, execution_date=20200103T000000, start_date=20250603T152710, end_date=20250603T152710
[2025-06-03T15:27:10.900+0000] {local_task_job_runner.py:225} INFO - Task exited with return code 0
[2025-06-03T15:27:10.920+0000] {taskinstance.py:2653} INFO - 0 downstream tasks scheduled from follow-on schedule check
