[2025-06-03T09:17:32.216+0000] {taskinstance.py:1103} INFO - Dependencies all met for dep_context=non-requeueable deps ti=<TaskInstance: usd_rate_fetcher_taskflow.fetch_data_from_api scheduled__2000-01-09T00:00:00+00:00 [queued]>
[2025-06-03T09:17:32.226+0000] {taskinstance.py:1103} INFO - Dependencies all met for dep_context=requeueable deps ti=<TaskInstance: usd_rate_fetcher_taskflow.fetch_data_from_api scheduled__2000-01-09T00:00:00+00:00 [queued]>
[2025-06-03T09:17:32.226+0000] {taskinstance.py:1308} INFO - Starting attempt 1 of 3
[2025-06-03T09:17:32.248+0000] {taskinstance.py:1327} INFO - Executing <Task(_PythonDecoratedOperator): fetch_data_from_api> on 2000-01-09 00:00:00+00:00
[2025-06-03T09:17:32.255+0000] {standard_task_runner.py:57} INFO - Started process 410 to run task
[2025-06-03T09:17:32.264+0000] {standard_task_runner.py:84} INFO - Running: ['***', 'tasks', 'run', 'usd_rate_fetcher_taskflow', 'fetch_data_from_api', 'scheduled__2000-01-09T00:00:00+00:00', '--job-id', '7400', '--raw', '--subdir', 'DAGS_FOLDER/usd_rate_fetcher.py', '--cfg-path', '/tmp/tmppbh1ip09']
[2025-06-03T09:17:32.266+0000] {standard_task_runner.py:85} INFO - Job 7400: Subtask fetch_data_from_api
[2025-06-03T09:17:32.308+0000] {task_command.py:410} INFO - Running <TaskInstance: usd_rate_fetcher_taskflow.fetch_data_from_api scheduled__2000-01-09T00:00:00+00:00 [running]> on host 40869fde016f
[2025-06-03T09:17:32.619+0000] {logging_mixin.py:150} WARNING - /home/***/.local/lib/python3.7/site-packages/***/utils/context.py:205 AirflowContextDeprecationWarning: Accessing 'execution_date' from the template is deprecated and will be removed in a future version. Please use 'data_interval_start' or 'logical_date' instead.
[2025-06-03T09:17:32.661+0000] {taskinstance.py:1547} INFO - Exporting env vars: AIRFLOW_CTX_DAG_OWNER='***' AIRFLOW_CTX_DAG_ID='usd_rate_fetcher_taskflow' AIRFLOW_CTX_TASK_ID='fetch_data_from_api' AIRFLOW_CTX_EXECUTION_DATE='2000-01-09T00:00:00+00:00' AIRFLOW_CTX_TRY_NUMBER='1' AIRFLOW_CTX_DAG_RUN_ID='scheduled__2000-01-09T00:00:00+00:00'
[2025-06-03T09:17:32.662+0000] {taskinstance.py:1824} ERROR - Task failed with exception
Traceback (most recent call last):
  File "/home/airflow/.local/lib/python3.7/site-packages/airflow/decorators/base.py", line 220, in execute
    return_value = super().execute(context)
  File "/home/airflow/.local/lib/python3.7/site-packages/airflow/operators/python.py", line 181, in execute
    return_value = self.execute_callable()
  File "/home/airflow/.local/lib/python3.7/site-packages/airflow/operators/python.py", line 198, in execute_callable
    return self.python_callable(*self.op_args, **self.op_kwargs)
  File "/opt/airflow/dags/usd_rate_fetcher.py", line 30, in fetch_data_from_api
    date_str = execution_date.strftime("%d/%m/%Y")
AttributeError: 'str' object has no attribute 'strftime'
[2025-06-03T09:17:32.671+0000] {taskinstance.py:1350} INFO - Marking task as UP_FOR_RETRY. dag_id=usd_rate_fetcher_taskflow, task_id=fetch_data_from_api, execution_date=20000109T000000, start_date=20250603T091732, end_date=20250603T091732
[2025-06-03T09:17:32.684+0000] {standard_task_runner.py:109} ERROR - Failed to execute job 7400 for task fetch_data_from_api ('str' object has no attribute 'strftime'; 410)
[2025-06-03T09:17:32.724+0000] {local_task_job_runner.py:225} INFO - Task exited with return code 1
[2025-06-03T09:17:32.766+0000] {taskinstance.py:2653} INFO - 0 downstream tasks scheduled from follow-on schedule check
[2025-06-03T09:34:44.746+0000] {taskinstance.py:1103} INFO - Dependencies all met for dep_context=non-requeueable deps ti=<TaskInstance: usd_rate_fetcher_taskflow.fetch_data_from_api scheduled__2000-01-09T00:00:00+00:00 [queued]>
[2025-06-03T09:34:44.774+0000] {taskinstance.py:1103} INFO - Dependencies all met for dep_context=requeueable deps ti=<TaskInstance: usd_rate_fetcher_taskflow.fetch_data_from_api scheduled__2000-01-09T00:00:00+00:00 [queued]>
[2025-06-03T09:34:44.775+0000] {taskinstance.py:1308} INFO - Starting attempt 1 of 3
[2025-06-03T09:34:44.794+0000] {taskinstance.py:1327} INFO - Executing <Task(_PythonDecoratedOperator): fetch_data_from_api> on 2000-01-09 00:00:00+00:00
[2025-06-03T09:34:44.799+0000] {standard_task_runner.py:57} INFO - Started process 9718 to run task
[2025-06-03T09:34:44.802+0000] {standard_task_runner.py:84} INFO - Running: ['***', 'tasks', 'run', 'usd_rate_fetcher_taskflow', 'fetch_data_from_api', 'scheduled__2000-01-09T00:00:00+00:00', '--job-id', '7970', '--raw', '--subdir', 'DAGS_FOLDER/usd_rate_fetcher.py', '--cfg-path', '/tmp/tmp_rn6u2mz']
[2025-06-03T09:34:44.804+0000] {standard_task_runner.py:85} INFO - Job 7970: Subtask fetch_data_from_api
[2025-06-03T09:34:44.874+0000] {task_command.py:410} INFO - Running <TaskInstance: usd_rate_fetcher_taskflow.fetch_data_from_api scheduled__2000-01-09T00:00:00+00:00 [running]> on host 40869fde016f
[2025-06-03T09:34:45.208+0000] {logging_mixin.py:150} WARNING - /home/***/.local/lib/python3.7/site-packages/***/utils/context.py:205 AirflowContextDeprecationWarning: Accessing 'execution_date' from the template is deprecated and will be removed in a future version. Please use 'data_interval_start' or 'logical_date' instead.
[2025-06-03T09:34:45.265+0000] {taskinstance.py:1547} INFO - Exporting env vars: AIRFLOW_CTX_DAG_OWNER='***' AIRFLOW_CTX_DAG_ID='usd_rate_fetcher_taskflow' AIRFLOW_CTX_TASK_ID='fetch_data_from_api' AIRFLOW_CTX_EXECUTION_DATE='2000-01-09T00:00:00+00:00' AIRFLOW_CTX_TRY_NUMBER='1' AIRFLOW_CTX_DAG_RUN_ID='scheduled__2000-01-09T00:00:00+00:00'
[2025-06-03T09:34:45.266+0000] {usd_rate_fetcher.py:34} INFO - Fetching data for date: 09/01/2000
[2025-06-03T09:34:45.407+0000] {python.py:183} INFO - Done. Returned value was: 27.23
[2025-06-03T09:34:45.477+0000] {taskinstance.py:1350} INFO - Marking task as SUCCESS. dag_id=usd_rate_fetcher_taskflow, task_id=fetch_data_from_api, execution_date=20000109T000000, start_date=20250603T093444, end_date=20250603T093445
[2025-06-03T09:34:45.549+0000] {local_task_job_runner.py:225} INFO - Task exited with return code 0
[2025-06-03T09:34:45.688+0000] {taskinstance.py:2653} INFO - 0 downstream tasks scheduled from follow-on schedule check
[2025-06-03T09:35:40.731+0000] {taskinstance.py:1103} INFO - Dependencies all met for dep_context=non-requeueable deps ti=<TaskInstance: usd_rate_fetcher_taskflow.fetch_data_from_api scheduled__2000-01-09T00:00:00+00:00 [queued]>
[2025-06-03T09:35:40.741+0000] {taskinstance.py:1103} INFO - Dependencies all met for dep_context=requeueable deps ti=<TaskInstance: usd_rate_fetcher_taskflow.fetch_data_from_api scheduled__2000-01-09T00:00:00+00:00 [queued]>
[2025-06-03T09:35:40.742+0000] {taskinstance.py:1308} INFO - Starting attempt 1 of 3
[2025-06-03T09:35:40.770+0000] {taskinstance.py:1327} INFO - Executing <Task(_PythonDecoratedOperator): fetch_data_from_api> on 2000-01-09 00:00:00+00:00
[2025-06-03T09:35:40.780+0000] {standard_task_runner.py:57} INFO - Started process 10168 to run task
[2025-06-03T09:35:40.788+0000] {standard_task_runner.py:84} INFO - Running: ['***', 'tasks', 'run', 'usd_rate_fetcher_taskflow', 'fetch_data_from_api', 'scheduled__2000-01-09T00:00:00+00:00', '--job-id', '7998', '--raw', '--subdir', 'DAGS_FOLDER/usd_rate_fetcher.py', '--cfg-path', '/tmp/tmp38np8xq4']
[2025-06-03T09:35:40.791+0000] {standard_task_runner.py:85} INFO - Job 7998: Subtask fetch_data_from_api
[2025-06-03T09:35:40.909+0000] {task_command.py:410} INFO - Running <TaskInstance: usd_rate_fetcher_taskflow.fetch_data_from_api scheduled__2000-01-09T00:00:00+00:00 [running]> on host 40869fde016f
[2025-06-03T09:35:41.191+0000] {logging_mixin.py:150} WARNING - /home/***/.local/lib/python3.7/site-packages/***/utils/context.py:205 AirflowContextDeprecationWarning: Accessing 'execution_date' from the template is deprecated and will be removed in a future version. Please use 'data_interval_start' or 'logical_date' instead.
[2025-06-03T09:35:41.338+0000] {taskinstance.py:1547} INFO - Exporting env vars: AIRFLOW_CTX_DAG_OWNER='***' AIRFLOW_CTX_DAG_ID='usd_rate_fetcher_taskflow' AIRFLOW_CTX_TASK_ID='fetch_data_from_api' AIRFLOW_CTX_EXECUTION_DATE='2000-01-09T00:00:00+00:00' AIRFLOW_CTX_TRY_NUMBER='1' AIRFLOW_CTX_DAG_RUN_ID='scheduled__2000-01-09T00:00:00+00:00'
[2025-06-03T09:35:41.342+0000] {usd_rate_fetcher.py:34} INFO - Fetching data for date: 09/01/2000
[2025-06-03T09:35:41.443+0000] {python.py:183} INFO - Done. Returned value was: 27.23
[2025-06-03T09:35:41.529+0000] {taskinstance.py:1350} INFO - Marking task as SUCCESS. dag_id=usd_rate_fetcher_taskflow, task_id=fetch_data_from_api, execution_date=20000109T000000, start_date=20250603T093540, end_date=20250603T093541
[2025-06-03T09:35:41.656+0000] {local_task_job_runner.py:225} INFO - Task exited with return code 0
[2025-06-03T09:35:41.843+0000] {taskinstance.py:2653} INFO - 0 downstream tasks scheduled from follow-on schedule check
