[2025-06-03T15:20:00.402+0000] {taskinstance.py:1103} INFO - Dependencies all met for dep_context=non-requeueable deps ti=<TaskInstance: usd_rate_fetcher.save_data_to_db scheduled__2020-01-24T00:00:00+00:00 [queued]>
[2025-06-03T15:20:00.411+0000] {taskinstance.py:1103} INFO - Dependencies all met for dep_context=requeueable deps ti=<TaskInstance: usd_rate_fetcher.save_data_to_db scheduled__2020-01-24T00:00:00+00:00 [queued]>
[2025-06-03T15:20:00.412+0000] {taskinstance.py:1308} INFO - Starting attempt 1 of 3
[2025-06-03T15:20:00.430+0000] {taskinstance.py:1327} INFO - Executing <Task(_PythonDecoratedOperator): save_data_to_db> on 2020-01-24 00:00:00+00:00
[2025-06-03T15:20:00.438+0000] {standard_task_runner.py:57} INFO - Started process 14494 to run task
[2025-06-03T15:20:00.441+0000] {standard_task_runner.py:84} INFO - Running: ['***', 'tasks', 'run', 'usd_rate_fetcher', 'save_data_to_db', 'scheduled__2020-01-24T00:00:00+00:00', '--job-id', '8656', '--raw', '--subdir', 'DAGS_FOLDER/usd_rate_fetcher.py', '--cfg-path', '/tmp/tmpqlfusxvo']
[2025-06-03T15:20:00.443+0000] {standard_task_runner.py:85} INFO - Job 8656: Subtask save_data_to_db
[2025-06-03T15:20:00.491+0000] {task_command.py:410} INFO - Running <TaskInstance: usd_rate_fetcher.save_data_to_db scheduled__2020-01-24T00:00:00+00:00 [running]> on host 40869fde016f
[2025-06-03T15:20:00.729+0000] {logging_mixin.py:150} WARNING - /home/***/.local/lib/python3.7/site-packages/***/utils/context.py:205 AirflowContextDeprecationWarning: Accessing 'execution_date' from the template is deprecated and will be removed in a future version. Please use 'data_interval_start' or 'logical_date' instead.
[2025-06-03T15:20:00.776+0000] {taskinstance.py:1547} INFO - Exporting env vars: AIRFLOW_CTX_DAG_OWNER='***' AIRFLOW_CTX_DAG_ID='usd_rate_fetcher' AIRFLOW_CTX_TASK_ID='save_data_to_db' AIRFLOW_CTX_EXECUTION_DATE='2020-01-24T00:00:00+00:00' AIRFLOW_CTX_TRY_NUMBER='1' AIRFLOW_CTX_DAG_RUN_ID='scheduled__2020-01-24T00:00:00+00:00'
[2025-06-03T15:20:00.777+0000] {usd_rate_fetcher.py:80} INFO - Received USD rate: {'date': datetime.date(2020, 1, 24), 'content': [{'Фунт стерлингов': 81.3919}, {'Доллар США': 61.9515}, {'Евро': 68.6856}]} for date 2020-01-24
[2025-06-03T15:20:00.786+0000] {base.py:73} INFO - Using connection ID 'pg_database' for task execution.
[2025-06-03T15:20:00.791+0000] {usd_rate_fetcher.py:103} INFO - Saved 81.39 for Фунт стерлингов on 2020-01-24
[2025-06-03T15:20:00.791+0000] {usd_rate_fetcher.py:103} INFO - Saved 61.95 for Доллар США on 2020-01-24
[2025-06-03T15:20:00.792+0000] {usd_rate_fetcher.py:103} INFO - Saved 68.69 for Евро on 2020-01-24
[2025-06-03T15:20:00.793+0000] {python.py:183} INFO - Done. Returned value was: None
[2025-06-03T15:20:00.801+0000] {taskinstance.py:1350} INFO - Marking task as SUCCESS. dag_id=usd_rate_fetcher, task_id=save_data_to_db, execution_date=20200124T000000, start_date=20250603T152000, end_date=20250603T152000
[2025-06-03T15:20:00.856+0000] {local_task_job_runner.py:225} INFO - Task exited with return code 0
[2025-06-03T15:20:00.878+0000] {taskinstance.py:2653} INFO - 0 downstream tasks scheduled from follow-on schedule check
[2025-06-03T15:27:18.016+0000] {taskinstance.py:1103} INFO - Dependencies all met for dep_context=non-requeueable deps ti=<TaskInstance: usd_rate_fetcher.save_data_to_db scheduled__2020-01-24T00:00:00+00:00 [queued]>
[2025-06-03T15:27:18.025+0000] {taskinstance.py:1103} INFO - Dependencies all met for dep_context=requeueable deps ti=<TaskInstance: usd_rate_fetcher.save_data_to_db scheduled__2020-01-24T00:00:00+00:00 [queued]>
[2025-06-03T15:27:18.025+0000] {taskinstance.py:1308} INFO - Starting attempt 1 of 3
[2025-06-03T15:27:18.038+0000] {taskinstance.py:1327} INFO - Executing <Task(_PythonDecoratedOperator): save_data_to_db> on 2020-01-24 00:00:00+00:00
[2025-06-03T15:27:18.045+0000] {standard_task_runner.py:57} INFO - Started process 16945 to run task
[2025-06-03T15:27:18.047+0000] {standard_task_runner.py:84} INFO - Running: ['***', 'tasks', 'run', 'usd_rate_fetcher', 'save_data_to_db', 'scheduled__2020-01-24T00:00:00+00:00', '--job-id', '8807', '--raw', '--subdir', 'DAGS_FOLDER/usd_rate_fetcher.py', '--cfg-path', '/tmp/tmpk8fl3_ue']
[2025-06-03T15:27:18.050+0000] {standard_task_runner.py:85} INFO - Job 8807: Subtask save_data_to_db
[2025-06-03T15:27:18.089+0000] {task_command.py:410} INFO - Running <TaskInstance: usd_rate_fetcher.save_data_to_db scheduled__2020-01-24T00:00:00+00:00 [running]> on host 40869fde016f
[2025-06-03T15:27:18.263+0000] {logging_mixin.py:150} WARNING - /home/***/.local/lib/python3.7/site-packages/***/utils/context.py:205 AirflowContextDeprecationWarning: Accessing 'execution_date' from the template is deprecated and will be removed in a future version. Please use 'data_interval_start' or 'logical_date' instead.
[2025-06-03T15:27:18.296+0000] {taskinstance.py:1547} INFO - Exporting env vars: AIRFLOW_CTX_DAG_OWNER='***' AIRFLOW_CTX_DAG_ID='usd_rate_fetcher' AIRFLOW_CTX_TASK_ID='save_data_to_db' AIRFLOW_CTX_EXECUTION_DATE='2020-01-24T00:00:00+00:00' AIRFLOW_CTX_TRY_NUMBER='1' AIRFLOW_CTX_DAG_RUN_ID='scheduled__2020-01-24T00:00:00+00:00'
[2025-06-03T15:27:18.297+0000] {usd_rate_fetcher.py:80} INFO - Received USD rate: {'date': datetime.date(2020, 1, 24), 'content': [{'GBP': 81.3919}, {'HKD': 79.7029}, {'USD': 61.9515}, {'EUR': 68.6856}, {'CNY': 89.3909}]} for date 2020-01-24
[2025-06-03T15:27:18.303+0000] {base.py:73} INFO - Using connection ID 'pg_database' for task execution.
[2025-06-03T15:27:18.307+0000] {usd_rate_fetcher.py:103} INFO - Saved 81.39 for GBP on 2020-01-24
[2025-06-03T15:27:18.307+0000] {usd_rate_fetcher.py:103} INFO - Saved 79.70 for HKD on 2020-01-24
[2025-06-03T15:27:18.308+0000] {usd_rate_fetcher.py:103} INFO - Saved 61.95 for USD on 2020-01-24
[2025-06-03T15:27:18.308+0000] {usd_rate_fetcher.py:103} INFO - Saved 68.69 for EUR on 2020-01-24
[2025-06-03T15:27:18.308+0000] {usd_rate_fetcher.py:103} INFO - Saved 89.39 for CNY on 2020-01-24
[2025-06-03T15:27:18.309+0000] {python.py:183} INFO - Done. Returned value was: None
[2025-06-03T15:27:18.316+0000] {taskinstance.py:1350} INFO - Marking task as SUCCESS. dag_id=usd_rate_fetcher, task_id=save_data_to_db, execution_date=20200124T000000, start_date=20250603T152718, end_date=20250603T152718
[2025-06-03T15:27:18.342+0000] {local_task_job_runner.py:225} INFO - Task exited with return code 0
[2025-06-03T15:27:18.395+0000] {taskinstance.py:2653} INFO - 0 downstream tasks scheduled from follow-on schedule check
