[2025-06-03T15:20:20.311+0000] {taskinstance.py:1103} INFO - Dependencies all met for dep_context=non-requeueable deps ti=<TaskInstance: usd_rate_fetcher.fetch_data_from_api scheduled__2020-03-05T00:00:00+00:00 [queued]>
[2025-06-03T15:20:20.355+0000] {taskinstance.py:1103} INFO - Dependencies all met for dep_context=requeueable deps ti=<TaskInstance: usd_rate_fetcher.fetch_data_from_api scheduled__2020-03-05T00:00:00+00:00 [queued]>
[2025-06-03T15:20:20.356+0000] {taskinstance.py:1308} INFO - Starting attempt 1 of 3
[2025-06-03T15:20:20.405+0000] {taskinstance.py:1327} INFO - Executing <Task(_PythonDecoratedOperator): fetch_data_from_api> on 2020-03-05 00:00:00+00:00
[2025-06-03T15:20:20.414+0000] {standard_task_runner.py:57} INFO - Started process 15529 to run task
[2025-06-03T15:20:20.415+0000] {standard_task_runner.py:84} INFO - Running: ['***', 'tasks', 'run', 'usd_rate_fetcher', 'fetch_data_from_api', 'scheduled__2020-03-05T00:00:00+00:00', '--job-id', '8725', '--raw', '--subdir', 'DAGS_FOLDER/usd_rate_fetcher.py', '--cfg-path', '/tmp/tmpgree_z_s']
[2025-06-03T15:20:20.418+0000] {standard_task_runner.py:85} INFO - Job 8725: Subtask fetch_data_from_api
[2025-06-03T15:20:20.484+0000] {task_command.py:410} INFO - Running <TaskInstance: usd_rate_fetcher.fetch_data_from_api scheduled__2020-03-05T00:00:00+00:00 [running]> on host 40869fde016f
[2025-06-03T15:20:20.712+0000] {logging_mixin.py:150} WARNING - /home/***/.local/lib/python3.7/site-packages/***/utils/context.py:205 AirflowContextDeprecationWarning: Accessing 'execution_date' from the template is deprecated and will be removed in a future version. Please use 'data_interval_start' or 'logical_date' instead.
[2025-06-03T15:20:20.757+0000] {taskinstance.py:1547} INFO - Exporting env vars: AIRFLOW_CTX_DAG_OWNER='***' AIRFLOW_CTX_DAG_ID='usd_rate_fetcher' AIRFLOW_CTX_TASK_ID='fetch_data_from_api' AIRFLOW_CTX_EXECUTION_DATE='2020-03-05T00:00:00+00:00' AIRFLOW_CTX_TRY_NUMBER='1' AIRFLOW_CTX_DAG_RUN_ID='scheduled__2020-03-05T00:00:00+00:00'
[2025-06-03T15:20:20.766+0000] {usd_rate_fetcher.py:34} INFO - Переменная ['Доллар США', 'Евро', 'Гонконгский доллар', 'Юань', 'Фунт стерлингов']
[2025-06-03T15:20:20.773+0000] {usd_rate_fetcher.py:53} INFO - Fetching data for date: 05/03/2020
[2025-06-03T15:20:20.819+0000] {python.py:183} INFO - Done. Returned value was: {'date': datetime.date(2020, 3, 5), 'content': [{'Фунт стерлингов': 84.5011}, {'Доллар США': 66.0784}, {'Евро': 73.7369}]}
[2025-06-03T15:20:20.842+0000] {taskinstance.py:1350} INFO - Marking task as SUCCESS. dag_id=usd_rate_fetcher, task_id=fetch_data_from_api, execution_date=20200305T000000, start_date=20250603T152020, end_date=20250603T152020
[2025-06-03T15:20:20.873+0000] {local_task_job_runner.py:225} INFO - Task exited with return code 0
[2025-06-03T15:20:20.998+0000] {taskinstance.py:2653} INFO - 0 downstream tasks scheduled from follow-on schedule check
[2025-06-03T15:29:35.912+0000] {taskinstance.py:1103} INFO - Dependencies all met for dep_context=non-requeueable deps ti=<TaskInstance: usd_rate_fetcher.fetch_data_from_api scheduled__2020-03-05T00:00:00+00:00 [queued]>
[2025-06-03T15:29:35.921+0000] {taskinstance.py:1103} INFO - Dependencies all met for dep_context=requeueable deps ti=<TaskInstance: usd_rate_fetcher.fetch_data_from_api scheduled__2020-03-05T00:00:00+00:00 [queued]>
[2025-06-03T15:29:35.922+0000] {taskinstance.py:1308} INFO - Starting attempt 1 of 3
[2025-06-03T15:29:35.986+0000] {taskinstance.py:1327} INFO - Executing <Task(_PythonDecoratedOperator): fetch_data_from_api> on 2020-03-05 00:00:00+00:00
[2025-06-03T15:29:35.992+0000] {standard_task_runner.py:57} INFO - Started process 17884 to run task
[2025-06-03T15:29:35.995+0000] {standard_task_runner.py:84} INFO - Running: ['***', 'tasks', 'run', 'usd_rate_fetcher', 'fetch_data_from_api', 'scheduled__2020-03-05T00:00:00+00:00', '--job-id', '8865', '--raw', '--subdir', 'DAGS_FOLDER/usd_rate_fetcher.py', '--cfg-path', '/tmp/tmp2a_pvsjn']
[2025-06-03T15:29:35.996+0000] {standard_task_runner.py:85} INFO - Job 8865: Subtask fetch_data_from_api
[2025-06-03T15:29:36.089+0000] {task_command.py:410} INFO - Running <TaskInstance: usd_rate_fetcher.fetch_data_from_api scheduled__2020-03-05T00:00:00+00:00 [running]> on host 40869fde016f
[2025-06-03T15:29:36.156+0000] {logging_mixin.py:150} WARNING - /home/***/.local/lib/python3.7/site-packages/***/utils/context.py:205 AirflowContextDeprecationWarning: Accessing 'execution_date' from the template is deprecated and will be removed in a future version. Please use 'data_interval_start' or 'logical_date' instead.
[2025-06-03T15:29:36.228+0000] {taskinstance.py:1547} INFO - Exporting env vars: AIRFLOW_CTX_DAG_OWNER='***' AIRFLOW_CTX_DAG_ID='usd_rate_fetcher' AIRFLOW_CTX_TASK_ID='fetch_data_from_api' AIRFLOW_CTX_EXECUTION_DATE='2020-03-05T00:00:00+00:00' AIRFLOW_CTX_TRY_NUMBER='1' AIRFLOW_CTX_DAG_RUN_ID='scheduled__2020-03-05T00:00:00+00:00'
[2025-06-03T15:29:36.257+0000] {usd_rate_fetcher.py:34} INFO - Переменная ['USD', 'EUR', 'HKD', 'CNY', 'GBP']
[2025-06-03T15:29:36.267+0000] {usd_rate_fetcher.py:53} INFO - Fetching data for date: 05/03/2020
[2025-06-03T15:29:36.314+0000] {python.py:183} INFO - Done. Returned value was: {'date': datetime.date(2020, 3, 5), 'content': [{'GBP': 84.5011}, {'HKD': 85.0561}, {'USD': 66.0784}, {'EUR': 73.7369}, {'CNY': 95.3017}]}
[2025-06-03T15:29:36.381+0000] {taskinstance.py:1350} INFO - Marking task as SUCCESS. dag_id=usd_rate_fetcher, task_id=fetch_data_from_api, execution_date=20200305T000000, start_date=20250603T152935, end_date=20250603T152936
[2025-06-03T15:29:36.495+0000] {local_task_job_runner.py:225} INFO - Task exited with return code 0
[2025-06-03T15:29:36.636+0000] {taskinstance.py:2653} INFO - 0 downstream tasks scheduled from follow-on schedule check
