[2025-06-03T15:19:52.746+0000] {taskinstance.py:1103} INFO - Dependencies all met for dep_context=non-requeueable deps ti=<TaskInstance: usd_rate_fetcher.fetch_data_from_api scheduled__2020-01-12T00:00:00+00:00 [queued]>
[2025-06-03T15:19:52.758+0000] {taskinstance.py:1103} INFO - Dependencies all met for dep_context=requeueable deps ti=<TaskInstance: usd_rate_fetcher.fetch_data_from_api scheduled__2020-01-12T00:00:00+00:00 [queued]>
[2025-06-03T15:19:52.758+0000] {taskinstance.py:1308} INFO - Starting attempt 1 of 3
[2025-06-03T15:19:52.923+0000] {taskinstance.py:1327} INFO - Executing <Task(_PythonDecoratedOperator): fetch_data_from_api> on 2020-01-12 00:00:00+00:00
[2025-06-03T15:19:52.930+0000] {standard_task_runner.py:57} INFO - Started process 13920 to run task
[2025-06-03T15:19:52.943+0000] {standard_task_runner.py:84} INFO - Running: ['***', 'tasks', 'run', 'usd_rate_fetcher', 'fetch_data_from_api', 'scheduled__2020-01-12T00:00:00+00:00', '--job-id', '8611', '--raw', '--subdir', 'DAGS_FOLDER/usd_rate_fetcher.py', '--cfg-path', '/tmp/tmp_pmc5p39']
[2025-06-03T15:19:52.958+0000] {standard_task_runner.py:85} INFO - Job 8611: Subtask fetch_data_from_api
[2025-06-03T15:19:53.049+0000] {task_command.py:410} INFO - Running <TaskInstance: usd_rate_fetcher.fetch_data_from_api scheduled__2020-01-12T00:00:00+00:00 [running]> on host 40869fde016f
[2025-06-03T15:19:52.256+0000] {logging_mixin.py:150} WARNING - /home/***/.local/lib/python3.7/site-packages/***/utils/context.py:205 AirflowContextDeprecationWarning: Accessing 'execution_date' from the template is deprecated and will be removed in a future version. Please use 'data_interval_start' or 'logical_date' instead.
[2025-06-03T15:19:52.341+0000] {taskinstance.py:1547} INFO - Exporting env vars: AIRFLOW_CTX_DAG_OWNER='***' AIRFLOW_CTX_DAG_ID='usd_rate_fetcher' AIRFLOW_CTX_TASK_ID='fetch_data_from_api' AIRFLOW_CTX_EXECUTION_DATE='2020-01-12T00:00:00+00:00' AIRFLOW_CTX_TRY_NUMBER='1' AIRFLOW_CTX_DAG_RUN_ID='scheduled__2020-01-12T00:00:00+00:00'
[2025-06-03T15:19:52.353+0000] {usd_rate_fetcher.py:34} INFO - Переменная ['Доллар США', 'Евро', 'Гонконгский доллар', 'Юань', 'Фунт стерлингов']
[2025-06-03T15:19:52.388+0000] {usd_rate_fetcher.py:53} INFO - Fetching data for date: 12/01/2020
[2025-06-03T15:19:52.442+0000] {python.py:183} INFO - Done. Returned value was: {'date': datetime.date(2020, 1, 12), 'content': [{'Фунт стерлингов': 80.071}, {'Доллар США': 61.2632}, {'Евро': 68.045}]}
[2025-06-03T15:19:52.482+0000] {taskinstance.py:1350} INFO - Marking task as SUCCESS. dag_id=usd_rate_fetcher, task_id=fetch_data_from_api, execution_date=20200112T000000, start_date=20250603T151952, end_date=20250603T151952
[2025-06-03T15:19:52.534+0000] {local_task_job_runner.py:225} INFO - Task exited with return code 0
[2025-06-03T15:19:52.563+0000] {taskinstance.py:2653} INFO - 1 downstream tasks scheduled from follow-on schedule check
[2025-06-03T15:27:09.763+0000] {taskinstance.py:1103} INFO - Dependencies all met for dep_context=non-requeueable deps ti=<TaskInstance: usd_rate_fetcher.fetch_data_from_api scheduled__2020-01-12T00:00:00+00:00 [queued]>
[2025-06-03T15:27:09.773+0000] {taskinstance.py:1103} INFO - Dependencies all met for dep_context=requeueable deps ti=<TaskInstance: usd_rate_fetcher.fetch_data_from_api scheduled__2020-01-12T00:00:00+00:00 [queued]>
[2025-06-03T15:27:09.773+0000] {taskinstance.py:1308} INFO - Starting attempt 1 of 3
[2025-06-03T15:27:09.790+0000] {taskinstance.py:1327} INFO - Executing <Task(_PythonDecoratedOperator): fetch_data_from_api> on 2020-01-12 00:00:00+00:00
[2025-06-03T15:27:09.800+0000] {standard_task_runner.py:57} INFO - Started process 16369 to run task
[2025-06-03T15:27:09.806+0000] {standard_task_runner.py:84} INFO - Running: ['***', 'tasks', 'run', 'usd_rate_fetcher', 'fetch_data_from_api', 'scheduled__2020-01-12T00:00:00+00:00', '--job-id', '8765', '--raw', '--subdir', 'DAGS_FOLDER/usd_rate_fetcher.py', '--cfg-path', '/tmp/tmpn1jia0r9']
[2025-06-03T15:27:09.808+0000] {standard_task_runner.py:85} INFO - Job 8765: Subtask fetch_data_from_api
[2025-06-03T15:27:09.916+0000] {task_command.py:410} INFO - Running <TaskInstance: usd_rate_fetcher.fetch_data_from_api scheduled__2020-01-12T00:00:00+00:00 [running]> on host 40869fde016f
[2025-06-03T15:27:10.218+0000] {logging_mixin.py:150} WARNING - /home/***/.local/lib/python3.7/site-packages/***/utils/context.py:205 AirflowContextDeprecationWarning: Accessing 'execution_date' from the template is deprecated and will be removed in a future version. Please use 'data_interval_start' or 'logical_date' instead.
[2025-06-03T15:27:10.283+0000] {taskinstance.py:1547} INFO - Exporting env vars: AIRFLOW_CTX_DAG_OWNER='***' AIRFLOW_CTX_DAG_ID='usd_rate_fetcher' AIRFLOW_CTX_TASK_ID='fetch_data_from_api' AIRFLOW_CTX_EXECUTION_DATE='2020-01-12T00:00:00+00:00' AIRFLOW_CTX_TRY_NUMBER='1' AIRFLOW_CTX_DAG_RUN_ID='scheduled__2020-01-12T00:00:00+00:00'
[2025-06-03T15:27:10.294+0000] {usd_rate_fetcher.py:34} INFO - Переменная ['USD', 'EUR', 'HKD', 'CNY', 'GBP']
[2025-06-03T15:27:10.306+0000] {usd_rate_fetcher.py:53} INFO - Fetching data for date: 12/01/2020
[2025-06-03T15:27:10.352+0000] {python.py:183} INFO - Done. Returned value was: {'date': datetime.date(2020, 1, 12), 'content': [{'GBP': 80.071}, {'HKD': 78.8895}, {'USD': 61.2632}, {'EUR': 68.045}, {'CNY': 88.3978}]}
[2025-06-03T15:27:10.435+0000] {taskinstance.py:1350} INFO - Marking task as SUCCESS. dag_id=usd_rate_fetcher, task_id=fetch_data_from_api, execution_date=20200112T000000, start_date=20250603T152709, end_date=20250603T152710
[2025-06-03T15:27:10.513+0000] {local_task_job_runner.py:225} INFO - Task exited with return code 0
[2025-06-03T15:27:10.555+0000] {taskinstance.py:2653} INFO - 1 downstream tasks scheduled from follow-on schedule check
