[2025-06-03T15:19:53.727+0000] {taskinstance.py:1103} INFO - Dependencies all met for dep_context=non-requeueable deps ti=<TaskInstance: usd_rate_fetcher.save_data_to_db scheduled__2020-01-13T00:00:00+00:00 [queued]>
[2025-06-03T15:19:53.735+0000] {taskinstance.py:1103} INFO - Dependencies all met for dep_context=requeueable deps ti=<TaskInstance: usd_rate_fetcher.save_data_to_db scheduled__2020-01-13T00:00:00+00:00 [queued]>
[2025-06-03T15:19:53.736+0000] {taskinstance.py:1308} INFO - Starting attempt 1 of 3
[2025-06-03T15:19:53.748+0000] {taskinstance.py:1327} INFO - Executing <Task(_PythonDecoratedOperator): save_data_to_db> on 2020-01-13 00:00:00+00:00
[2025-06-03T15:19:53.754+0000] {standard_task_runner.py:57} INFO - Started process 14113 to run task
[2025-06-03T15:19:53.756+0000] {standard_task_runner.py:84} INFO - Running: ['***', 'tasks', 'run', 'usd_rate_fetcher', 'save_data_to_db', 'scheduled__2020-01-13T00:00:00+00:00', '--job-id', '8627', '--raw', '--subdir', 'DAGS_FOLDER/usd_rate_fetcher.py', '--cfg-path', '/tmp/tmpo679t2f8']
[2025-06-03T15:19:53.758+0000] {standard_task_runner.py:85} INFO - Job 8627: Subtask save_data_to_db
[2025-06-03T15:19:53.804+0000] {task_command.py:410} INFO - Running <TaskInstance: usd_rate_fetcher.save_data_to_db scheduled__2020-01-13T00:00:00+00:00 [running]> on host 40869fde016f
[2025-06-03T15:19:53.990+0000] {logging_mixin.py:150} WARNING - /home/***/.local/lib/python3.7/site-packages/***/utils/context.py:205 AirflowContextDeprecationWarning: Accessing 'execution_date' from the template is deprecated and will be removed in a future version. Please use 'data_interval_start' or 'logical_date' instead.
[2025-06-03T15:19:54.019+0000] {taskinstance.py:1547} INFO - Exporting env vars: AIRFLOW_CTX_DAG_OWNER='***' AIRFLOW_CTX_DAG_ID='usd_rate_fetcher' AIRFLOW_CTX_TASK_ID='save_data_to_db' AIRFLOW_CTX_EXECUTION_DATE='2020-01-13T00:00:00+00:00' AIRFLOW_CTX_TRY_NUMBER='1' AIRFLOW_CTX_DAG_RUN_ID='scheduled__2020-01-13T00:00:00+00:00'
[2025-06-03T15:19:54.020+0000] {usd_rate_fetcher.py:80} INFO - Received USD rate: {'date': datetime.date(2020, 1, 13), 'content': [{'Фунт стерлингов': 80.071}, {'Доллар США': 61.2632}, {'Евро': 68.045}]} for date 2020-01-13
[2025-06-03T15:19:54.028+0000] {base.py:73} INFO - Using connection ID 'pg_database' for task execution.
[2025-06-03T15:19:54.032+0000] {usd_rate_fetcher.py:103} INFO - Saved 80.07 for Фунт стерлингов on 2020-01-13
[2025-06-03T15:19:54.032+0000] {usd_rate_fetcher.py:103} INFO - Saved 61.26 for Доллар США on 2020-01-13
[2025-06-03T15:19:54.033+0000] {usd_rate_fetcher.py:103} INFO - Saved 68.05 for Евро on 2020-01-13
[2025-06-03T15:19:54.034+0000] {python.py:183} INFO - Done. Returned value was: None
[2025-06-03T15:19:54.041+0000] {taskinstance.py:1350} INFO - Marking task as SUCCESS. dag_id=usd_rate_fetcher, task_id=save_data_to_db, execution_date=20200113T000000, start_date=20250603T151953, end_date=20250603T151954
[2025-06-03T15:19:54.091+0000] {local_task_job_runner.py:225} INFO - Task exited with return code 0
[2025-06-03T15:19:54.105+0000] {taskinstance.py:2653} INFO - 0 downstream tasks scheduled from follow-on schedule check
[2025-06-03T15:27:12.249+0000] {taskinstance.py:1103} INFO - Dependencies all met for dep_context=non-requeueable deps ti=<TaskInstance: usd_rate_fetcher.save_data_to_db scheduled__2020-01-13T00:00:00+00:00 [queued]>
[2025-06-03T15:27:12.255+0000] {taskinstance.py:1103} INFO - Dependencies all met for dep_context=requeueable deps ti=<TaskInstance: usd_rate_fetcher.save_data_to_db scheduled__2020-01-13T00:00:00+00:00 [queued]>
[2025-06-03T15:27:12.255+0000] {taskinstance.py:1308} INFO - Starting attempt 1 of 3
[2025-06-03T15:27:12.267+0000] {taskinstance.py:1327} INFO - Executing <Task(_PythonDecoratedOperator): save_data_to_db> on 2020-01-13 00:00:00+00:00
[2025-06-03T15:27:12.273+0000] {standard_task_runner.py:57} INFO - Started process 16591 to run task
[2025-06-03T15:27:12.275+0000] {standard_task_runner.py:84} INFO - Running: ['***', 'tasks', 'run', 'usd_rate_fetcher', 'save_data_to_db', 'scheduled__2020-01-13T00:00:00+00:00', '--job-id', '8782', '--raw', '--subdir', 'DAGS_FOLDER/usd_rate_fetcher.py', '--cfg-path', '/tmp/tmphyvnwn9v']
[2025-06-03T15:27:12.277+0000] {standard_task_runner.py:85} INFO - Job 8782: Subtask save_data_to_db
[2025-06-03T15:27:12.314+0000] {task_command.py:410} INFO - Running <TaskInstance: usd_rate_fetcher.save_data_to_db scheduled__2020-01-13T00:00:00+00:00 [running]> on host 40869fde016f
[2025-06-03T15:27:12.493+0000] {logging_mixin.py:150} WARNING - /home/***/.local/lib/python3.7/site-packages/***/utils/context.py:205 AirflowContextDeprecationWarning: Accessing 'execution_date' from the template is deprecated and will be removed in a future version. Please use 'data_interval_start' or 'logical_date' instead.
[2025-06-03T15:27:12.525+0000] {taskinstance.py:1547} INFO - Exporting env vars: AIRFLOW_CTX_DAG_OWNER='***' AIRFLOW_CTX_DAG_ID='usd_rate_fetcher' AIRFLOW_CTX_TASK_ID='save_data_to_db' AIRFLOW_CTX_EXECUTION_DATE='2020-01-13T00:00:00+00:00' AIRFLOW_CTX_TRY_NUMBER='1' AIRFLOW_CTX_DAG_RUN_ID='scheduled__2020-01-13T00:00:00+00:00'
[2025-06-03T15:27:12.526+0000] {usd_rate_fetcher.py:80} INFO - Received USD rate: {'date': datetime.date(2020, 1, 13), 'content': [{'GBP': 80.071}, {'HKD': 78.8895}, {'USD': 61.2632}, {'EUR': 68.045}, {'CNY': 88.3978}]} for date 2020-01-13
[2025-06-03T15:27:12.533+0000] {base.py:73} INFO - Using connection ID 'pg_database' for task execution.
[2025-06-03T15:27:12.537+0000] {usd_rate_fetcher.py:103} INFO - Saved 80.07 for GBP on 2020-01-13
[2025-06-03T15:27:12.537+0000] {usd_rate_fetcher.py:103} INFO - Saved 78.89 for HKD on 2020-01-13
[2025-06-03T15:27:12.538+0000] {usd_rate_fetcher.py:103} INFO - Saved 61.26 for USD on 2020-01-13
[2025-06-03T15:27:12.538+0000] {usd_rate_fetcher.py:103} INFO - Saved 68.05 for EUR on 2020-01-13
[2025-06-03T15:27:12.539+0000] {usd_rate_fetcher.py:103} INFO - Saved 88.40 for CNY on 2020-01-13
[2025-06-03T15:27:12.540+0000] {python.py:183} INFO - Done. Returned value was: None
[2025-06-03T15:27:12.547+0000] {taskinstance.py:1350} INFO - Marking task as SUCCESS. dag_id=usd_rate_fetcher, task_id=save_data_to_db, execution_date=20200113T000000, start_date=20250603T152712, end_date=20250603T152712
[2025-06-03T15:27:12.570+0000] {local_task_job_runner.py:225} INFO - Task exited with return code 0
[2025-06-03T15:27:12.583+0000] {taskinstance.py:2653} INFO - 0 downstream tasks scheduled from follow-on schedule check
