[2025-06-03T15:20:07.264+0000] {taskinstance.py:1103} INFO - Dependencies all met for dep_context=non-requeueable deps ti=<TaskInstance: usd_rate_fetcher.save_data_to_db scheduled__2020-01-31T00:00:00+00:00 [queued]>
[2025-06-03T15:20:07.279+0000] {taskinstance.py:1103} INFO - Dependencies all met for dep_context=requeueable deps ti=<TaskInstance: usd_rate_fetcher.save_data_to_db scheduled__2020-01-31T00:00:00+00:00 [queued]>
[2025-06-03T15:20:07.279+0000] {taskinstance.py:1308} INFO - Starting attempt 1 of 3
[2025-06-03T15:20:07.315+0000] {taskinstance.py:1327} INFO - Executing <Task(_PythonDecoratedOperator): save_data_to_db> on 2020-01-31 00:00:00+00:00
[2025-06-03T15:20:07.322+0000] {standard_task_runner.py:57} INFO - Started process 14790 to run task
[2025-06-03T15:20:07.324+0000] {standard_task_runner.py:84} INFO - Running: ['***', 'tasks', 'run', 'usd_rate_fetcher', 'save_data_to_db', 'scheduled__2020-01-31T00:00:00+00:00', '--job-id', '8671', '--raw', '--subdir', 'DAGS_FOLDER/usd_rate_fetcher.py', '--cfg-path', '/tmp/tmpffyqlada']
[2025-06-03T15:20:07.326+0000] {standard_task_runner.py:85} INFO - Job 8671: Subtask save_data_to_db
[2025-06-03T15:20:07.416+0000] {task_command.py:410} INFO - Running <TaskInstance: usd_rate_fetcher.save_data_to_db scheduled__2020-01-31T00:00:00+00:00 [running]> on host 40869fde016f
[2025-06-03T15:20:07.691+0000] {logging_mixin.py:150} WARNING - /home/***/.local/lib/python3.7/site-packages/***/utils/context.py:205 AirflowContextDeprecationWarning: Accessing 'execution_date' from the template is deprecated and will be removed in a future version. Please use 'data_interval_start' or 'logical_date' instead.
[2025-06-03T15:20:07.822+0000] {taskinstance.py:1547} INFO - Exporting env vars: AIRFLOW_CTX_DAG_OWNER='***' AIRFLOW_CTX_DAG_ID='usd_rate_fetcher' AIRFLOW_CTX_TASK_ID='save_data_to_db' AIRFLOW_CTX_EXECUTION_DATE='2020-01-31T00:00:00+00:00' AIRFLOW_CTX_TRY_NUMBER='1' AIRFLOW_CTX_DAG_RUN_ID='scheduled__2020-01-31T00:00:00+00:00'
[2025-06-03T15:20:07.823+0000] {usd_rate_fetcher.py:80} INFO - Received USD rate: {'date': datetime.date(2020, 1, 31), 'content': [{'Фунт стерлингов': 81.8332}, {'Доллар США': 63.0359}, {'Евро': 69.4151}]} for date 2020-01-31
[2025-06-03T15:20:07.843+0000] {base.py:73} INFO - Using connection ID 'pg_database' for task execution.
[2025-06-03T15:20:07.849+0000] {usd_rate_fetcher.py:103} INFO - Saved 81.83 for Фунт стерлингов on 2020-01-31
[2025-06-03T15:20:07.849+0000] {usd_rate_fetcher.py:103} INFO - Saved 63.04 for Доллар США on 2020-01-31
[2025-06-03T15:20:07.850+0000] {usd_rate_fetcher.py:103} INFO - Saved 69.42 for Евро on 2020-01-31
[2025-06-03T15:20:07.852+0000] {python.py:183} INFO - Done. Returned value was: None
[2025-06-03T15:20:07.878+0000] {taskinstance.py:1350} INFO - Marking task as SUCCESS. dag_id=usd_rate_fetcher, task_id=save_data_to_db, execution_date=20200131T000000, start_date=20250603T152007, end_date=20250603T152007
[2025-06-03T15:20:07.946+0000] {local_task_job_runner.py:225} INFO - Task exited with return code 0
[2025-06-03T15:20:07.974+0000] {taskinstance.py:2653} INFO - 0 downstream tasks scheduled from follow-on schedule check
[2025-06-03T15:27:19.058+0000] {taskinstance.py:1103} INFO - Dependencies all met for dep_context=non-requeueable deps ti=<TaskInstance: usd_rate_fetcher.save_data_to_db scheduled__2020-01-31T00:00:00+00:00 [queued]>
[2025-06-03T15:27:19.066+0000] {taskinstance.py:1103} INFO - Dependencies all met for dep_context=requeueable deps ti=<TaskInstance: usd_rate_fetcher.save_data_to_db scheduled__2020-01-31T00:00:00+00:00 [queued]>
[2025-06-03T15:27:19.067+0000] {taskinstance.py:1308} INFO - Starting attempt 1 of 3
[2025-06-03T15:27:19.078+0000] {taskinstance.py:1327} INFO - Executing <Task(_PythonDecoratedOperator): save_data_to_db> on 2020-01-31 00:00:00+00:00
[2025-06-03T15:27:19.084+0000] {standard_task_runner.py:57} INFO - Started process 17027 to run task
[2025-06-03T15:27:19.087+0000] {standard_task_runner.py:84} INFO - Running: ['***', 'tasks', 'run', 'usd_rate_fetcher', 'save_data_to_db', 'scheduled__2020-01-31T00:00:00+00:00', '--job-id', '8810', '--raw', '--subdir', 'DAGS_FOLDER/usd_rate_fetcher.py', '--cfg-path', '/tmp/tmpjyxr9dpm']
[2025-06-03T15:27:19.088+0000] {standard_task_runner.py:85} INFO - Job 8810: Subtask save_data_to_db
[2025-06-03T15:27:19.124+0000] {task_command.py:410} INFO - Running <TaskInstance: usd_rate_fetcher.save_data_to_db scheduled__2020-01-31T00:00:00+00:00 [running]> on host 40869fde016f
[2025-06-03T15:27:19.298+0000] {logging_mixin.py:150} WARNING - /home/***/.local/lib/python3.7/site-packages/***/utils/context.py:205 AirflowContextDeprecationWarning: Accessing 'execution_date' from the template is deprecated and will be removed in a future version. Please use 'data_interval_start' or 'logical_date' instead.
[2025-06-03T15:27:19.332+0000] {taskinstance.py:1547} INFO - Exporting env vars: AIRFLOW_CTX_DAG_OWNER='***' AIRFLOW_CTX_DAG_ID='usd_rate_fetcher' AIRFLOW_CTX_TASK_ID='save_data_to_db' AIRFLOW_CTX_EXECUTION_DATE='2020-01-31T00:00:00+00:00' AIRFLOW_CTX_TRY_NUMBER='1' AIRFLOW_CTX_DAG_RUN_ID='scheduled__2020-01-31T00:00:00+00:00'
[2025-06-03T15:27:19.332+0000] {usd_rate_fetcher.py:80} INFO - Received USD rate: {'date': datetime.date(2020, 1, 31), 'content': [{'GBP': 81.8332}, {'HKD': 81.1377}, {'USD': 63.0359}, {'EUR': 69.4151}, {'CNY': 90.873}]} for date 2020-01-31
[2025-06-03T15:27:19.339+0000] {base.py:73} INFO - Using connection ID 'pg_database' for task execution.
[2025-06-03T15:27:19.343+0000] {usd_rate_fetcher.py:103} INFO - Saved 81.83 for GBP on 2020-01-31
[2025-06-03T15:27:19.343+0000] {usd_rate_fetcher.py:103} INFO - Saved 81.14 for HKD on 2020-01-31
[2025-06-03T15:27:19.344+0000] {usd_rate_fetcher.py:103} INFO - Saved 63.04 for USD on 2020-01-31
[2025-06-03T15:27:19.344+0000] {usd_rate_fetcher.py:103} INFO - Saved 69.42 for EUR on 2020-01-31
[2025-06-03T15:27:19.345+0000] {usd_rate_fetcher.py:103} INFO - Saved 90.87 for CNY on 2020-01-31
[2025-06-03T15:27:19.346+0000] {python.py:183} INFO - Done. Returned value was: None
[2025-06-03T15:27:19.353+0000] {taskinstance.py:1350} INFO - Marking task as SUCCESS. dag_id=usd_rate_fetcher, task_id=save_data_to_db, execution_date=20200131T000000, start_date=20250603T152719, end_date=20250603T152719
[2025-06-03T15:27:19.381+0000] {local_task_job_runner.py:225} INFO - Task exited with return code 0
[2025-06-03T15:27:19.394+0000] {taskinstance.py:2653} INFO - 0 downstream tasks scheduled from follow-on schedule check
