[2025-06-03T15:20:06.361+0000] {taskinstance.py:1103} INFO - Dependencies all met for dep_context=non-requeueable deps ti=<TaskInstance: usd_rate_fetcher.fetch_data_from_api scheduled__2020-02-07T00:00:00+00:00 [queued]>
[2025-06-03T15:20:06.386+0000] {taskinstance.py:1103} INFO - Dependencies all met for dep_context=requeueable deps ti=<TaskInstance: usd_rate_fetcher.fetch_data_from_api scheduled__2020-02-07T00:00:00+00:00 [queued]>
[2025-06-03T15:20:06.386+0000] {taskinstance.py:1308} INFO - Starting attempt 1 of 3
[2025-06-03T15:20:06.410+0000] {taskinstance.py:1327} INFO - Executing <Task(_PythonDecoratedOperator): fetch_data_from_api> on 2020-02-07 00:00:00+00:00
[2025-06-03T15:20:06.419+0000] {standard_task_runner.py:57} INFO - Started process 14651 to run task
[2025-06-03T15:20:06.421+0000] {standard_task_runner.py:84} INFO - Running: ['***', 'tasks', 'run', 'usd_rate_fetcher', 'fetch_data_from_api', 'scheduled__2020-02-07T00:00:00+00:00', '--job-id', '8666', '--raw', '--subdir', 'DAGS_FOLDER/usd_rate_fetcher.py', '--cfg-path', '/tmp/tmp7_t44gan']
[2025-06-03T15:20:06.423+0000] {standard_task_runner.py:85} INFO - Job 8666: Subtask fetch_data_from_api
[2025-06-03T15:20:06.474+0000] {task_command.py:410} INFO - Running <TaskInstance: usd_rate_fetcher.fetch_data_from_api scheduled__2020-02-07T00:00:00+00:00 [running]> on host 40869fde016f
[2025-06-03T15:20:06.838+0000] {logging_mixin.py:150} WARNING - /home/***/.local/lib/python3.7/site-packages/***/utils/context.py:205 AirflowContextDeprecationWarning: Accessing 'execution_date' from the template is deprecated and will be removed in a future version. Please use 'data_interval_start' or 'logical_date' instead.
[2025-06-03T15:20:06.933+0000] {taskinstance.py:1547} INFO - Exporting env vars: AIRFLOW_CTX_DAG_OWNER='***' AIRFLOW_CTX_DAG_ID='usd_rate_fetcher' AIRFLOW_CTX_TASK_ID='fetch_data_from_api' AIRFLOW_CTX_EXECUTION_DATE='2020-02-07T00:00:00+00:00' AIRFLOW_CTX_TRY_NUMBER='1' AIRFLOW_CTX_DAG_RUN_ID='scheduled__2020-02-07T00:00:00+00:00'
[2025-06-03T15:20:06.959+0000] {usd_rate_fetcher.py:34} INFO - Переменная ['Доллар США', 'Евро', 'Гонконгский доллар', 'Юань', 'Фунт стерлингов']
[2025-06-03T15:20:06.972+0000] {usd_rate_fetcher.py:53} INFO - Fetching data for date: 07/02/2020
[2025-06-03T15:20:07.015+0000] {python.py:183} INFO - Done. Returned value was: {'date': datetime.date(2020, 2, 7), 'content': [{'Фунт стерлингов': 81.5554}, {'Доллар США': 62.7977}, {'Евро': 69.0837}]}
[2025-06-03T15:20:07.094+0000] {taskinstance.py:1350} INFO - Marking task as SUCCESS. dag_id=usd_rate_fetcher, task_id=fetch_data_from_api, execution_date=20200207T000000, start_date=20250603T152006, end_date=20250603T152007
[2025-06-03T15:20:07.167+0000] {local_task_job_runner.py:225} INFO - Task exited with return code 0
[2025-06-03T15:20:07.366+0000] {taskinstance.py:2653} INFO - 1 downstream tasks scheduled from follow-on schedule check
[2025-06-03T15:27:22.499+0000] {taskinstance.py:1103} INFO - Dependencies all met for dep_context=non-requeueable deps ti=<TaskInstance: usd_rate_fetcher.fetch_data_from_api scheduled__2020-02-07T00:00:00+00:00 [queued]>
[2025-06-03T15:27:22.507+0000] {taskinstance.py:1103} INFO - Dependencies all met for dep_context=requeueable deps ti=<TaskInstance: usd_rate_fetcher.fetch_data_from_api scheduled__2020-02-07T00:00:00+00:00 [queued]>
[2025-06-03T15:27:22.508+0000] {taskinstance.py:1308} INFO - Starting attempt 1 of 3
[2025-06-03T15:27:22.580+0000] {taskinstance.py:1327} INFO - Executing <Task(_PythonDecoratedOperator): fetch_data_from_api> on 2020-02-07 00:00:00+00:00
[2025-06-03T15:27:22.586+0000] {standard_task_runner.py:57} INFO - Started process 17182 to run task
[2025-06-03T15:27:22.598+0000] {standard_task_runner.py:84} INFO - Running: ['***', 'tasks', 'run', 'usd_rate_fetcher', 'fetch_data_from_api', 'scheduled__2020-02-07T00:00:00+00:00', '--job-id', '8822', '--raw', '--subdir', 'DAGS_FOLDER/usd_rate_fetcher.py', '--cfg-path', '/tmp/tmpn6db3_hc']
[2025-06-03T15:27:22.606+0000] {standard_task_runner.py:85} INFO - Job 8822: Subtask fetch_data_from_api
[2025-06-03T15:27:22.652+0000] {task_command.py:410} INFO - Running <TaskInstance: usd_rate_fetcher.fetch_data_from_api scheduled__2020-02-07T00:00:00+00:00 [running]> on host 40869fde016f
[2025-06-03T15:27:22.873+0000] {logging_mixin.py:150} WARNING - /home/***/.local/lib/python3.7/site-packages/***/utils/context.py:205 AirflowContextDeprecationWarning: Accessing 'execution_date' from the template is deprecated and will be removed in a future version. Please use 'data_interval_start' or 'logical_date' instead.
[2025-06-03T15:27:22.929+0000] {taskinstance.py:1547} INFO - Exporting env vars: AIRFLOW_CTX_DAG_OWNER='***' AIRFLOW_CTX_DAG_ID='usd_rate_fetcher' AIRFLOW_CTX_TASK_ID='fetch_data_from_api' AIRFLOW_CTX_EXECUTION_DATE='2020-02-07T00:00:00+00:00' AIRFLOW_CTX_TRY_NUMBER='1' AIRFLOW_CTX_DAG_RUN_ID='scheduled__2020-02-07T00:00:00+00:00'
[2025-06-03T15:27:22.942+0000] {usd_rate_fetcher.py:34} INFO - Переменная ['USD', 'EUR', 'HKD', 'CNY', 'GBP']
[2025-06-03T15:27:23.003+0000] {usd_rate_fetcher.py:53} INFO - Fetching data for date: 07/02/2020
[2025-06-03T15:27:23.049+0000] {python.py:183} INFO - Done. Returned value was: {'date': datetime.date(2020, 2, 7), 'content': [{'GBP': 81.5554}, {'HKD': 80.8957}, {'USD': 62.7977}, {'EUR': 69.0837}, {'CNY': 90.0958}]}
[2025-06-03T15:27:23.133+0000] {taskinstance.py:1350} INFO - Marking task as SUCCESS. dag_id=usd_rate_fetcher, task_id=fetch_data_from_api, execution_date=20200207T000000, start_date=20250603T152722, end_date=20250603T152723
[2025-06-03T15:27:23.205+0000] {local_task_job_runner.py:225} INFO - Task exited with return code 0
[2025-06-03T15:27:23.505+0000] {taskinstance.py:2653} INFO - 0 downstream tasks scheduled from follow-on schedule check
