[2025-06-03T15:19:53.035+0000] {taskinstance.py:1103} INFO - Dependencies all met for dep_context=non-requeueable deps ti=<TaskInstance: usd_rate_fetcher.save_data_to_db scheduled__2020-01-08T00:00:00+00:00 [queued]>
[2025-06-03T15:19:53.066+0000] {taskinstance.py:1103} INFO - Dependencies all met for dep_context=requeueable deps ti=<TaskInstance: usd_rate_fetcher.save_data_to_db scheduled__2020-01-08T00:00:00+00:00 [queued]>
[2025-06-03T15:19:53.067+0000] {taskinstance.py:1308} INFO - Starting attempt 1 of 3
[2025-06-03T15:19:53.185+0000] {taskinstance.py:1327} INFO - Executing <Task(_PythonDecoratedOperator): save_data_to_db> on 2020-01-08 00:00:00+00:00
[2025-06-03T15:19:53.192+0000] {standard_task_runner.py:57} INFO - Started process 14072 to run task
[2025-06-03T15:19:53.195+0000] {standard_task_runner.py:84} INFO - Running: ['***', 'tasks', 'run', 'usd_rate_fetcher', 'save_data_to_db', 'scheduled__2020-01-08T00:00:00+00:00', '--job-id', '8623', '--raw', '--subdir', 'DAGS_FOLDER/usd_rate_fetcher.py', '--cfg-path', '/tmp/tmppf6lda64']
[2025-06-03T15:19:53.197+0000] {standard_task_runner.py:85} INFO - Job 8623: Subtask save_data_to_db
[2025-06-03T15:19:53.254+0000] {task_command.py:410} INFO - Running <TaskInstance: usd_rate_fetcher.save_data_to_db scheduled__2020-01-08T00:00:00+00:00 [running]> on host 40869fde016f
[2025-06-03T15:19:53.537+0000] {logging_mixin.py:150} WARNING - /home/***/.local/lib/python3.7/site-packages/***/utils/context.py:205 AirflowContextDeprecationWarning: Accessing 'execution_date' from the template is deprecated and will be removed in a future version. Please use 'data_interval_start' or 'logical_date' instead.
[2025-06-03T15:19:53.577+0000] {taskinstance.py:1547} INFO - Exporting env vars: AIRFLOW_CTX_DAG_OWNER='***' AIRFLOW_CTX_DAG_ID='usd_rate_fetcher' AIRFLOW_CTX_TASK_ID='save_data_to_db' AIRFLOW_CTX_EXECUTION_DATE='2020-01-08T00:00:00+00:00' AIRFLOW_CTX_TRY_NUMBER='1' AIRFLOW_CTX_DAG_RUN_ID='scheduled__2020-01-08T00:00:00+00:00'
[2025-06-03T15:19:53.578+0000] {usd_rate_fetcher.py:80} INFO - Received USD rate: {'date': datetime.date(2020, 1, 8), 'content': [{'Фунт стерлингов': 81.3069}, {'Доллар США': 61.9057}, {'Евро': 69.3777}]} for date 2020-01-08
[2025-06-03T15:19:53.589+0000] {base.py:73} INFO - Using connection ID 'pg_database' for task execution.
[2025-06-03T15:19:53.593+0000] {usd_rate_fetcher.py:103} INFO - Saved 81.31 for Фунт стерлингов on 2020-01-08
[2025-06-03T15:19:53.594+0000] {usd_rate_fetcher.py:103} INFO - Saved 61.91 for Доллар США on 2020-01-08
[2025-06-03T15:19:53.594+0000] {usd_rate_fetcher.py:103} INFO - Saved 69.38 for Евро on 2020-01-08
[2025-06-03T15:19:53.599+0000] {python.py:183} INFO - Done. Returned value was: None
[2025-06-03T15:19:53.609+0000] {taskinstance.py:1350} INFO - Marking task as SUCCESS. dag_id=usd_rate_fetcher, task_id=save_data_to_db, execution_date=20200108T000000, start_date=20250603T151953, end_date=20250603T151953
[2025-06-03T15:19:53.667+0000] {local_task_job_runner.py:225} INFO - Task exited with return code 0
[2025-06-03T15:19:53.687+0000] {taskinstance.py:2653} INFO - 0 downstream tasks scheduled from follow-on schedule check
[2025-06-03T15:27:10.996+0000] {taskinstance.py:1103} INFO - Dependencies all met for dep_context=non-requeueable deps ti=<TaskInstance: usd_rate_fetcher.save_data_to_db scheduled__2020-01-08T00:00:00+00:00 [queued]>
[2025-06-03T15:27:11.005+0000] {taskinstance.py:1103} INFO - Dependencies all met for dep_context=requeueable deps ti=<TaskInstance: usd_rate_fetcher.save_data_to_db scheduled__2020-01-08T00:00:00+00:00 [queued]>
[2025-06-03T15:27:11.005+0000] {taskinstance.py:1308} INFO - Starting attempt 1 of 3
[2025-06-03T15:27:11.020+0000] {taskinstance.py:1327} INFO - Executing <Task(_PythonDecoratedOperator): save_data_to_db> on 2020-01-08 00:00:00+00:00
[2025-06-03T15:27:11.027+0000] {standard_task_runner.py:57} INFO - Started process 16509 to run task
[2025-06-03T15:27:11.030+0000] {standard_task_runner.py:84} INFO - Running: ['***', 'tasks', 'run', 'usd_rate_fetcher', 'save_data_to_db', 'scheduled__2020-01-08T00:00:00+00:00', '--job-id', '8777', '--raw', '--subdir', 'DAGS_FOLDER/usd_rate_fetcher.py', '--cfg-path', '/tmp/tmpt45mrv8h']
[2025-06-03T15:27:11.032+0000] {standard_task_runner.py:85} INFO - Job 8777: Subtask save_data_to_db
[2025-06-03T15:27:11.074+0000] {task_command.py:410} INFO - Running <TaskInstance: usd_rate_fetcher.save_data_to_db scheduled__2020-01-08T00:00:00+00:00 [running]> on host 40869fde016f
[2025-06-03T15:27:11.246+0000] {logging_mixin.py:150} WARNING - /home/***/.local/lib/python3.7/site-packages/***/utils/context.py:205 AirflowContextDeprecationWarning: Accessing 'execution_date' from the template is deprecated and will be removed in a future version. Please use 'data_interval_start' or 'logical_date' instead.
[2025-06-03T15:27:11.277+0000] {taskinstance.py:1547} INFO - Exporting env vars: AIRFLOW_CTX_DAG_OWNER='***' AIRFLOW_CTX_DAG_ID='usd_rate_fetcher' AIRFLOW_CTX_TASK_ID='save_data_to_db' AIRFLOW_CTX_EXECUTION_DATE='2020-01-08T00:00:00+00:00' AIRFLOW_CTX_TRY_NUMBER='1' AIRFLOW_CTX_DAG_RUN_ID='scheduled__2020-01-08T00:00:00+00:00'
[2025-06-03T15:27:11.278+0000] {usd_rate_fetcher.py:80} INFO - Received USD rate: {'date': datetime.date(2020, 1, 8), 'content': [{'GBP': 81.3069}, {'HKD': 79.5029}, {'USD': 61.9057}, {'EUR': 69.3777}, {'CNY': 88.8696}]} for date 2020-01-08
[2025-06-03T15:27:11.284+0000] {base.py:73} INFO - Using connection ID 'pg_database' for task execution.
[2025-06-03T15:27:11.288+0000] {usd_rate_fetcher.py:103} INFO - Saved 81.31 for GBP on 2020-01-08
[2025-06-03T15:27:11.289+0000] {usd_rate_fetcher.py:103} INFO - Saved 79.50 for HKD on 2020-01-08
[2025-06-03T15:27:11.289+0000] {usd_rate_fetcher.py:103} INFO - Saved 61.91 for USD on 2020-01-08
[2025-06-03T15:27:11.290+0000] {usd_rate_fetcher.py:103} INFO - Saved 69.38 for EUR on 2020-01-08
[2025-06-03T15:27:11.290+0000] {usd_rate_fetcher.py:103} INFO - Saved 88.87 for CNY on 2020-01-08
[2025-06-03T15:27:11.291+0000] {python.py:183} INFO - Done. Returned value was: None
[2025-06-03T15:27:11.299+0000] {taskinstance.py:1350} INFO - Marking task as SUCCESS. dag_id=usd_rate_fetcher, task_id=save_data_to_db, execution_date=20200108T000000, start_date=20250603T152710, end_date=20250603T152711
[2025-06-03T15:27:11.323+0000] {local_task_job_runner.py:225} INFO - Task exited with return code 0
[2025-06-03T15:27:11.337+0000] {taskinstance.py:2653} INFO - 0 downstream tasks scheduled from follow-on schedule check
