[2025-06-03T15:20:07.696+0000] {taskinstance.py:1103} INFO - Dependencies all met for dep_context=non-requeueable deps ti=<TaskInstance: usd_rate_fetcher.save_data_to_db scheduled__2020-02-03T00:00:00+00:00 [queued]>
[2025-06-03T15:20:07.705+0000] {taskinstance.py:1103} INFO - Dependencies all met for dep_context=requeueable deps ti=<TaskInstance: usd_rate_fetcher.save_data_to_db scheduled__2020-02-03T00:00:00+00:00 [queued]>
[2025-06-03T15:20:07.705+0000] {taskinstance.py:1308} INFO - Starting attempt 1 of 3
[2025-06-03T15:20:07.883+0000] {taskinstance.py:1327} INFO - Executing <Task(_PythonDecoratedOperator): save_data_to_db> on 2020-02-03 00:00:00+00:00
[2025-06-03T15:20:07.891+0000] {standard_task_runner.py:57} INFO - Started process 14829 to run task
[2025-06-03T15:20:07.898+0000] {standard_task_runner.py:84} INFO - Running: ['***', 'tasks', 'run', 'usd_rate_fetcher', 'save_data_to_db', 'scheduled__2020-02-03T00:00:00+00:00', '--job-id', '8675', '--raw', '--subdir', 'DAGS_FOLDER/usd_rate_fetcher.py', '--cfg-path', '/tmp/tmp_dqehv5w']
[2025-06-03T15:20:07.901+0000] {standard_task_runner.py:85} INFO - Job 8675: Subtask save_data_to_db
[2025-06-03T15:20:07.982+0000] {task_command.py:410} INFO - Running <TaskInstance: usd_rate_fetcher.save_data_to_db scheduled__2020-02-03T00:00:00+00:00 [running]> on host 40869fde016f
[2025-06-03T15:20:08.130+0000] {logging_mixin.py:150} WARNING - /home/***/.local/lib/python3.7/site-packages/***/utils/context.py:205 AirflowContextDeprecationWarning: Accessing 'execution_date' from the template is deprecated and will be removed in a future version. Please use 'data_interval_start' or 'logical_date' instead.
[2025-06-03T15:20:08.204+0000] {taskinstance.py:1547} INFO - Exporting env vars: AIRFLOW_CTX_DAG_OWNER='***' AIRFLOW_CTX_DAG_ID='usd_rate_fetcher' AIRFLOW_CTX_TASK_ID='save_data_to_db' AIRFLOW_CTX_EXECUTION_DATE='2020-02-03T00:00:00+00:00' AIRFLOW_CTX_TRY_NUMBER='1' AIRFLOW_CTX_DAG_RUN_ID='scheduled__2020-02-03T00:00:00+00:00'
[2025-06-03T15:20:08.205+0000] {usd_rate_fetcher.py:80} INFO - Received USD rate: {'date': datetime.date(2020, 2, 3), 'content': [{'Фунт стерлингов': 82.964}, {'Доллар США': 63.1385}, {'Евро': 69.5976}]} for date 2020-02-03
[2025-06-03T15:20:08.213+0000] {base.py:73} INFO - Using connection ID 'pg_database' for task execution.
[2025-06-03T15:20:08.218+0000] {usd_rate_fetcher.py:103} INFO - Saved 82.96 for Фунт стерлингов on 2020-02-03
[2025-06-03T15:20:08.218+0000] {usd_rate_fetcher.py:103} INFO - Saved 63.14 for Доллар США on 2020-02-03
[2025-06-03T15:20:08.219+0000] {usd_rate_fetcher.py:103} INFO - Saved 69.60 for Евро on 2020-02-03
[2025-06-03T15:20:08.220+0000] {python.py:183} INFO - Done. Returned value was: None
[2025-06-03T15:20:08.229+0000] {taskinstance.py:1350} INFO - Marking task as SUCCESS. dag_id=usd_rate_fetcher, task_id=save_data_to_db, execution_date=20200203T000000, start_date=20250603T152007, end_date=20250603T152008
[2025-06-03T15:20:08.274+0000] {local_task_job_runner.py:225} INFO - Task exited with return code 0
[2025-06-03T15:20:08.291+0000] {taskinstance.py:2653} INFO - 0 downstream tasks scheduled from follow-on schedule check
[2025-06-03T15:27:23.546+0000] {taskinstance.py:1103} INFO - Dependencies all met for dep_context=non-requeueable deps ti=<TaskInstance: usd_rate_fetcher.save_data_to_db scheduled__2020-02-03T00:00:00+00:00 [queued]>
[2025-06-03T15:27:23.564+0000] {taskinstance.py:1103} INFO - Dependencies all met for dep_context=requeueable deps ti=<TaskInstance: usd_rate_fetcher.save_data_to_db scheduled__2020-02-03T00:00:00+00:00 [queued]>
[2025-06-03T15:27:23.565+0000] {taskinstance.py:1308} INFO - Starting attempt 1 of 3
[2025-06-03T15:27:23.701+0000] {taskinstance.py:1327} INFO - Executing <Task(_PythonDecoratedOperator): save_data_to_db> on 2020-02-03 00:00:00+00:00
[2025-06-03T15:27:23.710+0000] {standard_task_runner.py:57} INFO - Started process 17321 to run task
[2025-06-03T15:27:23.730+0000] {standard_task_runner.py:84} INFO - Running: ['***', 'tasks', 'run', 'usd_rate_fetcher', 'save_data_to_db', 'scheduled__2020-02-03T00:00:00+00:00', '--job-id', '8828', '--raw', '--subdir', 'DAGS_FOLDER/usd_rate_fetcher.py', '--cfg-path', '/tmp/tmpek95ygof']
[2025-06-03T15:27:23.732+0000] {standard_task_runner.py:85} INFO - Job 8828: Subtask save_data_to_db
[2025-06-03T15:27:23.849+0000] {task_command.py:410} INFO - Running <TaskInstance: usd_rate_fetcher.save_data_to_db scheduled__2020-02-03T00:00:00+00:00 [running]> on host 40869fde016f
[2025-06-03T15:27:24.038+0000] {logging_mixin.py:150} WARNING - /home/***/.local/lib/python3.7/site-packages/***/utils/context.py:205 AirflowContextDeprecationWarning: Accessing 'execution_date' from the template is deprecated and will be removed in a future version. Please use 'data_interval_start' or 'logical_date' instead.
[2025-06-03T15:27:24.094+0000] {taskinstance.py:1547} INFO - Exporting env vars: AIRFLOW_CTX_DAG_OWNER='***' AIRFLOW_CTX_DAG_ID='usd_rate_fetcher' AIRFLOW_CTX_TASK_ID='save_data_to_db' AIRFLOW_CTX_EXECUTION_DATE='2020-02-03T00:00:00+00:00' AIRFLOW_CTX_TRY_NUMBER='1' AIRFLOW_CTX_DAG_RUN_ID='scheduled__2020-02-03T00:00:00+00:00'
[2025-06-03T15:27:24.095+0000] {usd_rate_fetcher.py:80} INFO - Received USD rate: {'date': datetime.date(2020, 2, 3), 'content': [{'GBP': 82.964}, {'HKD': 81.2667}, {'USD': 63.1385}, {'EUR': 69.5976}, {'CNY': 91.0209}]} for date 2020-02-03
[2025-06-03T15:27:24.125+0000] {base.py:73} INFO - Using connection ID 'pg_database' for task execution.
[2025-06-03T15:27:24.131+0000] {usd_rate_fetcher.py:103} INFO - Saved 82.96 for GBP on 2020-02-03
[2025-06-03T15:27:24.132+0000] {usd_rate_fetcher.py:103} INFO - Saved 81.27 for HKD on 2020-02-03
[2025-06-03T15:27:24.135+0000] {usd_rate_fetcher.py:103} INFO - Saved 63.14 for USD on 2020-02-03
[2025-06-03T15:27:24.135+0000] {usd_rate_fetcher.py:103} INFO - Saved 69.60 for EUR on 2020-02-03
[2025-06-03T15:27:24.136+0000] {usd_rate_fetcher.py:103} INFO - Saved 91.02 for CNY on 2020-02-03
[2025-06-03T15:27:24.137+0000] {python.py:183} INFO - Done. Returned value was: None
[2025-06-03T15:27:24.159+0000] {taskinstance.py:1350} INFO - Marking task as SUCCESS. dag_id=usd_rate_fetcher, task_id=save_data_to_db, execution_date=20200203T000000, start_date=20250603T152723, end_date=20250603T152724
[2025-06-03T15:27:24.305+0000] {local_task_job_runner.py:225} INFO - Task exited with return code 0
[2025-06-03T15:27:24.328+0000] {taskinstance.py:2653} INFO - 0 downstream tasks scheduled from follow-on schedule check
