[2025-06-03T15:20:21.282+0000] {taskinstance.py:1103} INFO - Dependencies all met for dep_context=non-requeueable deps ti=<TaskInstance: usd_rate_fetcher.fetch_data_from_api scheduled__2020-03-12T00:00:00+00:00 [queued]>
[2025-06-03T15:20:21.291+0000] {taskinstance.py:1103} INFO - Dependencies all met for dep_context=requeueable deps ti=<TaskInstance: usd_rate_fetcher.fetch_data_from_api scheduled__2020-03-12T00:00:00+00:00 [queued]>
[2025-06-03T15:20:21.292+0000] {taskinstance.py:1308} INFO - Starting attempt 1 of 3
[2025-06-03T15:20:21.309+0000] {taskinstance.py:1327} INFO - Executing <Task(_PythonDecoratedOperator): fetch_data_from_api> on 2020-03-12 00:00:00+00:00
[2025-06-03T15:20:21.318+0000] {standard_task_runner.py:57} INFO - Started process 15616 to run task
[2025-06-03T15:20:21.324+0000] {standard_task_runner.py:84} INFO - Running: ['***', 'tasks', 'run', 'usd_rate_fetcher', 'fetch_data_from_api', 'scheduled__2020-03-12T00:00:00+00:00', '--job-id', '8732', '--raw', '--subdir', 'DAGS_FOLDER/usd_rate_fetcher.py', '--cfg-path', '/tmp/tmpquoj1tnc']
[2025-06-03T15:20:21.327+0000] {standard_task_runner.py:85} INFO - Job 8732: Subtask fetch_data_from_api
[2025-06-03T15:20:21.380+0000] {task_command.py:410} INFO - Running <TaskInstance: usd_rate_fetcher.fetch_data_from_api scheduled__2020-03-12T00:00:00+00:00 [running]> on host 40869fde016f
[2025-06-03T15:20:21.500+0000] {logging_mixin.py:150} WARNING - /home/***/.local/lib/python3.7/site-packages/***/utils/context.py:205 AirflowContextDeprecationWarning: Accessing 'execution_date' from the template is deprecated and will be removed in a future version. Please use 'data_interval_start' or 'logical_date' instead.
[2025-06-03T15:20:21.599+0000] {taskinstance.py:1547} INFO - Exporting env vars: AIRFLOW_CTX_DAG_OWNER='***' AIRFLOW_CTX_DAG_ID='usd_rate_fetcher' AIRFLOW_CTX_TASK_ID='fetch_data_from_api' AIRFLOW_CTX_EXECUTION_DATE='2020-03-12T00:00:00+00:00' AIRFLOW_CTX_TRY_NUMBER='1' AIRFLOW_CTX_DAG_RUN_ID='scheduled__2020-03-12T00:00:00+00:00'
[2025-06-03T15:20:21.614+0000] {usd_rate_fetcher.py:34} INFO - Переменная ['Доллар США', 'Евро', 'Гонконгский доллар', 'Юань', 'Фунт стерлингов']
[2025-06-03T15:20:21.635+0000] {usd_rate_fetcher.py:53} INFO - Fetching data for date: 12/03/2020
[2025-06-03T15:20:21.693+0000] {python.py:183} INFO - Done. Returned value was: {'date': datetime.date(2020, 3, 12), 'content': [{'Фунт стерлингов': 92.5277}, {'Доллар США': 71.472}, {'Евро': 81.0207}, {'Юань': 10.2829}]}
[2025-06-03T15:20:21.787+0000] {taskinstance.py:1350} INFO - Marking task as SUCCESS. dag_id=usd_rate_fetcher, task_id=fetch_data_from_api, execution_date=20200312T000000, start_date=20250603T152021, end_date=20250603T152021
[2025-06-03T15:20:21.855+0000] {local_task_job_runner.py:225} INFO - Task exited with return code 0
[2025-06-03T15:20:21.903+0000] {taskinstance.py:2653} INFO - 1 downstream tasks scheduled from follow-on schedule check
[2025-06-03T15:29:40.832+0000] {taskinstance.py:1103} INFO - Dependencies all met for dep_context=non-requeueable deps ti=<TaskInstance: usd_rate_fetcher.fetch_data_from_api scheduled__2020-03-12T00:00:00+00:00 [queued]>
[2025-06-03T15:29:40.840+0000] {taskinstance.py:1103} INFO - Dependencies all met for dep_context=requeueable deps ti=<TaskInstance: usd_rate_fetcher.fetch_data_from_api scheduled__2020-03-12T00:00:00+00:00 [queued]>
[2025-06-03T15:29:40.841+0000] {taskinstance.py:1308} INFO - Starting attempt 1 of 3
[2025-06-03T15:29:40.903+0000] {taskinstance.py:1327} INFO - Executing <Task(_PythonDecoratedOperator): fetch_data_from_api> on 2020-03-12 00:00:00+00:00
[2025-06-03T15:29:40.911+0000] {standard_task_runner.py:57} INFO - Started process 18216 to run task
[2025-06-03T15:29:40.926+0000] {standard_task_runner.py:84} INFO - Running: ['***', 'tasks', 'run', 'usd_rate_fetcher', 'fetch_data_from_api', 'scheduled__2020-03-12T00:00:00+00:00', '--job-id', '8887', '--raw', '--subdir', 'DAGS_FOLDER/usd_rate_fetcher.py', '--cfg-path', '/tmp/tmp725riac7']
[2025-06-03T15:29:40.929+0000] {standard_task_runner.py:85} INFO - Job 8887: Subtask fetch_data_from_api
[2025-06-03T15:29:40.987+0000] {task_command.py:410} INFO - Running <TaskInstance: usd_rate_fetcher.fetch_data_from_api scheduled__2020-03-12T00:00:00+00:00 [running]> on host 40869fde016f
[2025-06-03T15:29:41.292+0000] {logging_mixin.py:150} WARNING - /home/***/.local/lib/python3.7/site-packages/***/utils/context.py:205 AirflowContextDeprecationWarning: Accessing 'execution_date' from the template is deprecated and will be removed in a future version. Please use 'data_interval_start' or 'logical_date' instead.
[2025-06-03T15:29:41.345+0000] {taskinstance.py:1547} INFO - Exporting env vars: AIRFLOW_CTX_DAG_OWNER='***' AIRFLOW_CTX_DAG_ID='usd_rate_fetcher' AIRFLOW_CTX_TASK_ID='fetch_data_from_api' AIRFLOW_CTX_EXECUTION_DATE='2020-03-12T00:00:00+00:00' AIRFLOW_CTX_TRY_NUMBER='1' AIRFLOW_CTX_DAG_RUN_ID='scheduled__2020-03-12T00:00:00+00:00'
[2025-06-03T15:29:41.355+0000] {usd_rate_fetcher.py:34} INFO - Переменная ['USD', 'EUR', 'HKD', 'CNY', 'GBP']
[2025-06-03T15:29:41.384+0000] {usd_rate_fetcher.py:53} INFO - Fetching data for date: 12/03/2020
[2025-06-03T15:29:41.449+0000] {python.py:183} INFO - Done. Returned value was: {'date': datetime.date(2020, 3, 12), 'content': [{'GBP': 92.5277}, {'HKD': 92.0189}, {'USD': 71.472}, {'EUR': 81.0207}, {'CNY': 10.2829}]}
[2025-06-03T15:29:41.481+0000] {taskinstance.py:1350} INFO - Marking task as SUCCESS. dag_id=usd_rate_fetcher, task_id=fetch_data_from_api, execution_date=20200312T000000, start_date=20250603T152940, end_date=20250603T152941
[2025-06-03T15:29:41.574+0000] {local_task_job_runner.py:225} INFO - Task exited with return code 0
[2025-06-03T15:29:41.655+0000] {taskinstance.py:2653} INFO - 0 downstream tasks scheduled from follow-on schedule check
