[2025-06-03T15:19:52.350+0000] {taskinstance.py:1103} INFO - Dependencies all met for dep_context=non-requeueable deps ti=<TaskInstance: usd_rate_fetcher.fetch_data_from_api scheduled__2020-01-10T00:00:00+00:00 [queued]>
[2025-06-03T15:19:52.368+0000] {taskinstance.py:1103} INFO - Dependencies all met for dep_context=requeueable deps ti=<TaskInstance: usd_rate_fetcher.fetch_data_from_api scheduled__2020-01-10T00:00:00+00:00 [queued]>
[2025-06-03T15:19:52.368+0000] {taskinstance.py:1308} INFO - Starting attempt 1 of 3
[2025-06-03T15:19:52.446+0000] {taskinstance.py:1327} INFO - Executing <Task(_PythonDecoratedOperator): fetch_data_from_api> on 2020-01-10 00:00:00+00:00
[2025-06-03T15:19:52.454+0000] {standard_task_runner.py:57} INFO - Started process 13863 to run task
[2025-06-03T15:19:52.467+0000] {standard_task_runner.py:84} INFO - Running: ['***', 'tasks', 'run', 'usd_rate_fetcher', 'fetch_data_from_api', 'scheduled__2020-01-10T00:00:00+00:00', '--job-id', '8609', '--raw', '--subdir', 'DAGS_FOLDER/usd_rate_fetcher.py', '--cfg-path', '/tmp/tmpum_o9q9q']
[2025-06-03T15:19:52.469+0000] {standard_task_runner.py:85} INFO - Job 8609: Subtask fetch_data_from_api
[2025-06-03T15:19:52.547+0000] {task_command.py:410} INFO - Running <TaskInstance: usd_rate_fetcher.fetch_data_from_api scheduled__2020-01-10T00:00:00+00:00 [running]> on host 40869fde016f
[2025-06-03T15:19:52.763+0000] {logging_mixin.py:150} WARNING - /home/***/.local/lib/python3.7/site-packages/***/utils/context.py:205 AirflowContextDeprecationWarning: Accessing 'execution_date' from the template is deprecated and will be removed in a future version. Please use 'data_interval_start' or 'logical_date' instead.
[2025-06-03T15:19:52.816+0000] {taskinstance.py:1547} INFO - Exporting env vars: AIRFLOW_CTX_DAG_OWNER='***' AIRFLOW_CTX_DAG_ID='usd_rate_fetcher' AIRFLOW_CTX_TASK_ID='fetch_data_from_api' AIRFLOW_CTX_EXECUTION_DATE='2020-01-10T00:00:00+00:00' AIRFLOW_CTX_TRY_NUMBER='1' AIRFLOW_CTX_DAG_RUN_ID='scheduled__2020-01-10T00:00:00+00:00'
[2025-06-03T15:19:52.841+0000] {usd_rate_fetcher.py:34} INFO - Переменная ['Доллар США', 'Евро', 'Гонконгский доллар', 'Юань', 'Фунт стерлингов']
[2025-06-03T15:19:52.873+0000] {usd_rate_fetcher.py:53} INFO - Fetching data for date: 10/01/2020
[2025-06-03T15:19:52.921+0000] {python.py:183} INFO - Done. Returned value was: {'date': datetime.date(2020, 1, 10), 'content': [{'Фунт стерлингов': 80.2533}, {'Доллар США': 61.234}, {'Евро': 68.0555}]}
[2025-06-03T15:19:52.969+0000] {taskinstance.py:1350} INFO - Marking task as SUCCESS. dag_id=usd_rate_fetcher, task_id=fetch_data_from_api, execution_date=20200110T000000, start_date=20250603T151952, end_date=20250603T151952
[2025-06-03T15:19:53.117+0000] {local_task_job_runner.py:225} INFO - Task exited with return code 0
[2025-06-03T15:19:53.177+0000] {taskinstance.py:2653} INFO - 1 downstream tasks scheduled from follow-on schedule check
[2025-06-03T15:27:09.369+0000] {taskinstance.py:1103} INFO - Dependencies all met for dep_context=non-requeueable deps ti=<TaskInstance: usd_rate_fetcher.fetch_data_from_api scheduled__2020-01-10T00:00:00+00:00 [queued]>
[2025-06-03T15:27:09.386+0000] {taskinstance.py:1103} INFO - Dependencies all met for dep_context=requeueable deps ti=<TaskInstance: usd_rate_fetcher.fetch_data_from_api scheduled__2020-01-10T00:00:00+00:00 [queued]>
[2025-06-03T15:27:09.386+0000] {taskinstance.py:1308} INFO - Starting attempt 1 of 3
[2025-06-03T15:27:09.489+0000] {taskinstance.py:1327} INFO - Executing <Task(_PythonDecoratedOperator): fetch_data_from_api> on 2020-01-10 00:00:00+00:00
[2025-06-03T15:27:09.496+0000] {standard_task_runner.py:57} INFO - Started process 16339 to run task
[2025-06-03T15:27:09.498+0000] {standard_task_runner.py:84} INFO - Running: ['***', 'tasks', 'run', 'usd_rate_fetcher', 'fetch_data_from_api', 'scheduled__2020-01-10T00:00:00+00:00', '--job-id', '8763', '--raw', '--subdir', 'DAGS_FOLDER/usd_rate_fetcher.py', '--cfg-path', '/tmp/tmptyi5h9n7']
[2025-06-03T15:27:09.502+0000] {standard_task_runner.py:85} INFO - Job 8763: Subtask fetch_data_from_api
[2025-06-03T15:27:09.564+0000] {task_command.py:410} INFO - Running <TaskInstance: usd_rate_fetcher.fetch_data_from_api scheduled__2020-01-10T00:00:00+00:00 [running]> on host 40869fde016f
[2025-06-03T15:27:09.833+0000] {logging_mixin.py:150} WARNING - /home/***/.local/lib/python3.7/site-packages/***/utils/context.py:205 AirflowContextDeprecationWarning: Accessing 'execution_date' from the template is deprecated and will be removed in a future version. Please use 'data_interval_start' or 'logical_date' instead.
[2025-06-03T15:27:09.886+0000] {taskinstance.py:1547} INFO - Exporting env vars: AIRFLOW_CTX_DAG_OWNER='***' AIRFLOW_CTX_DAG_ID='usd_rate_fetcher' AIRFLOW_CTX_TASK_ID='fetch_data_from_api' AIRFLOW_CTX_EXECUTION_DATE='2020-01-10T00:00:00+00:00' AIRFLOW_CTX_TRY_NUMBER='1' AIRFLOW_CTX_DAG_RUN_ID='scheduled__2020-01-10T00:00:00+00:00'
[2025-06-03T15:27:09.900+0000] {usd_rate_fetcher.py:34} INFO - Переменная ['USD', 'EUR', 'HKD', 'CNY', 'GBP']
[2025-06-03T15:27:09.914+0000] {usd_rate_fetcher.py:53} INFO - Fetching data for date: 10/01/2020
[2025-06-03T15:27:09.975+0000] {python.py:183} INFO - Done. Returned value was: {'date': datetime.date(2020, 1, 10), 'content': [{'GBP': 80.2533}, {'HKD': 78.7951}, {'USD': 61.234}, {'EUR': 68.0555}, {'CNY': 88.3493}]}
[2025-06-03T15:27:10.057+0000] {taskinstance.py:1350} INFO - Marking task as SUCCESS. dag_id=usd_rate_fetcher, task_id=fetch_data_from_api, execution_date=20200110T000000, start_date=20250603T152709, end_date=20250603T152710
[2025-06-03T15:27:10.083+0000] {local_task_job_runner.py:225} INFO - Task exited with return code 0
[2025-06-03T15:27:10.109+0000] {taskinstance.py:2653} INFO - 1 downstream tasks scheduled from follow-on schedule check
