[2025-06-03T15:20:16.693+0000] {taskinstance.py:1103} INFO - Dependencies all met for dep_context=non-requeueable deps ti=<TaskInstance: usd_rate_fetcher.save_data_to_db scheduled__2020-02-27T00:00:00+00:00 [queued]>
[2025-06-03T15:20:16.701+0000] {taskinstance.py:1103} INFO - Dependencies all met for dep_context=requeueable deps ti=<TaskInstance: usd_rate_fetcher.save_data_to_db scheduled__2020-02-27T00:00:00+00:00 [queued]>
[2025-06-03T15:20:16.702+0000] {taskinstance.py:1308} INFO - Starting attempt 1 of 3
[2025-06-03T15:20:16.714+0000] {taskinstance.py:1327} INFO - Executing <Task(_PythonDecoratedOperator): save_data_to_db> on 2020-02-27 00:00:00+00:00
[2025-06-03T15:20:16.720+0000] {standard_task_runner.py:57} INFO - Started process 15386 to run task
[2025-06-03T15:20:16.722+0000] {standard_task_runner.py:84} INFO - Running: ['***', 'tasks', 'run', 'usd_rate_fetcher', 'save_data_to_db', 'scheduled__2020-02-27T00:00:00+00:00', '--job-id', '8716', '--raw', '--subdir', 'DAGS_FOLDER/usd_rate_fetcher.py', '--cfg-path', '/tmp/tmpfv05hp_r']
[2025-06-03T15:20:16.724+0000] {standard_task_runner.py:85} INFO - Job 8716: Subtask save_data_to_db
[2025-06-03T15:20:16.758+0000] {task_command.py:410} INFO - Running <TaskInstance: usd_rate_fetcher.save_data_to_db scheduled__2020-02-27T00:00:00+00:00 [running]> on host 40869fde016f
[2025-06-03T15:20:16.937+0000] {logging_mixin.py:150} WARNING - /home/***/.local/lib/python3.7/site-packages/***/utils/context.py:205 AirflowContextDeprecationWarning: Accessing 'execution_date' from the template is deprecated and will be removed in a future version. Please use 'data_interval_start' or 'logical_date' instead.
[2025-06-03T15:20:16.970+0000] {taskinstance.py:1547} INFO - Exporting env vars: AIRFLOW_CTX_DAG_OWNER='***' AIRFLOW_CTX_DAG_ID='usd_rate_fetcher' AIRFLOW_CTX_TASK_ID='save_data_to_db' AIRFLOW_CTX_EXECUTION_DATE='2020-02-27T00:00:00+00:00' AIRFLOW_CTX_TRY_NUMBER='1' AIRFLOW_CTX_DAG_RUN_ID='scheduled__2020-02-27T00:00:00+00:00'
[2025-06-03T15:20:16.971+0000] {usd_rate_fetcher.py:80} INFO - Received USD rate: {'date': datetime.date(2020, 2, 27), 'content': [{'Фунт стерлингов': 85.0682}, {'Доллар США': 65.5177}, {'Евро': 71.2439}]} for date 2020-02-27
[2025-06-03T15:20:16.977+0000] {base.py:73} INFO - Using connection ID 'pg_database' for task execution.
[2025-06-03T15:20:16.980+0000] {usd_rate_fetcher.py:103} INFO - Saved 85.07 for Фунт стерлингов on 2020-02-27
[2025-06-03T15:20:16.981+0000] {usd_rate_fetcher.py:103} INFO - Saved 65.52 for Доллар США on 2020-02-27
[2025-06-03T15:20:16.981+0000] {usd_rate_fetcher.py:103} INFO - Saved 71.24 for Евро on 2020-02-27
[2025-06-03T15:20:16.982+0000] {python.py:183} INFO - Done. Returned value was: None
[2025-06-03T15:20:16.989+0000] {taskinstance.py:1350} INFO - Marking task as SUCCESS. dag_id=usd_rate_fetcher, task_id=save_data_to_db, execution_date=20200227T000000, start_date=20250603T152016, end_date=20250603T152016
[2025-06-03T15:20:17.015+0000] {local_task_job_runner.py:225} INFO - Task exited with return code 0
[2025-06-03T15:20:17.028+0000] {taskinstance.py:2653} INFO - 0 downstream tasks scheduled from follow-on schedule check
[2025-06-03T15:30:10.756+0000] {taskinstance.py:1103} INFO - Dependencies all met for dep_context=non-requeueable deps ti=<TaskInstance: usd_rate_fetcher.save_data_to_db scheduled__2020-02-27T00:00:00+00:00 [queued]>
[2025-06-03T15:30:10.767+0000] {taskinstance.py:1103} INFO - Dependencies all met for dep_context=requeueable deps ti=<TaskInstance: usd_rate_fetcher.save_data_to_db scheduled__2020-02-27T00:00:00+00:00 [queued]>
[2025-06-03T15:30:10.768+0000] {taskinstance.py:1308} INFO - Starting attempt 1 of 3
[2025-06-03T15:30:10.795+0000] {taskinstance.py:1327} INFO - Executing <Task(_PythonDecoratedOperator): save_data_to_db> on 2020-02-27 00:00:00+00:00
[2025-06-03T15:30:10.803+0000] {standard_task_runner.py:57} INFO - Started process 20113 to run task
[2025-06-03T15:30:10.806+0000] {standard_task_runner.py:84} INFO - Running: ['***', 'tasks', 'run', 'usd_rate_fetcher', 'save_data_to_db', 'scheduled__2020-02-27T00:00:00+00:00', '--job-id', '9019', '--raw', '--subdir', 'DAGS_FOLDER/usd_rate_fetcher.py', '--cfg-path', '/tmp/tmpg81kxv8u']
[2025-06-03T15:30:10.809+0000] {standard_task_runner.py:85} INFO - Job 9019: Subtask save_data_to_db
[2025-06-03T15:30:10.904+0000] {task_command.py:410} INFO - Running <TaskInstance: usd_rate_fetcher.save_data_to_db scheduled__2020-02-27T00:00:00+00:00 [running]> on host 40869fde016f
[2025-06-03T15:30:11.043+0000] {logging_mixin.py:150} WARNING - /home/***/.local/lib/python3.7/site-packages/***/utils/context.py:205 AirflowContextDeprecationWarning: Accessing 'execution_date' from the template is deprecated and will be removed in a future version. Please use 'data_interval_start' or 'logical_date' instead.
[2025-06-03T15:30:11.113+0000] {taskinstance.py:1547} INFO - Exporting env vars: AIRFLOW_CTX_DAG_OWNER='***' AIRFLOW_CTX_DAG_ID='usd_rate_fetcher' AIRFLOW_CTX_TASK_ID='save_data_to_db' AIRFLOW_CTX_EXECUTION_DATE='2020-02-27T00:00:00+00:00' AIRFLOW_CTX_TRY_NUMBER='1' AIRFLOW_CTX_DAG_RUN_ID='scheduled__2020-02-27T00:00:00+00:00'
[2025-06-03T15:30:11.115+0000] {usd_rate_fetcher.py:80} INFO - Received USD rate: {'date': datetime.date(2020, 2, 27), 'content': [{'GBP': 85.0682}, {'HKD': 84.0865}, {'USD': 65.5177}, {'EUR': 71.2439}, {'CNY': 93.3593}]} for date 2020-02-27
[2025-06-03T15:30:11.139+0000] {base.py:73} INFO - Using connection ID 'pg_database' for task execution.
[2025-06-03T15:30:11.154+0000] {usd_rate_fetcher.py:103} INFO - Saved 85.07 for GBP on 2020-02-27
[2025-06-03T15:30:11.154+0000] {usd_rate_fetcher.py:103} INFO - Saved 84.09 for HKD on 2020-02-27
[2025-06-03T15:30:11.155+0000] {usd_rate_fetcher.py:103} INFO - Saved 65.52 for USD on 2020-02-27
[2025-06-03T15:30:11.155+0000] {usd_rate_fetcher.py:103} INFO - Saved 71.24 for EUR on 2020-02-27
[2025-06-03T15:30:11.157+0000] {usd_rate_fetcher.py:103} INFO - Saved 93.36 for CNY on 2020-02-27
[2025-06-03T15:30:11.160+0000] {python.py:183} INFO - Done. Returned value was: None
[2025-06-03T15:30:11.178+0000] {taskinstance.py:1350} INFO - Marking task as SUCCESS. dag_id=usd_rate_fetcher, task_id=save_data_to_db, execution_date=20200227T000000, start_date=20250603T153010, end_date=20250603T153011
[2025-06-03T15:30:11.269+0000] {local_task_job_runner.py:225} INFO - Task exited with return code 0
[2025-06-03T15:30:11.293+0000] {taskinstance.py:2653} INFO - 0 downstream tasks scheduled from follow-on schedule check
