[2025-04-30T08:31:07.679+0000] {manager.py:487} INFO - Processing files using up to 2 processes at a time 
[2025-04-30T08:31:07.679+0000] {manager.py:488} INFO - Process each file at most once every 30 seconds
[2025-04-30T08:31:07.679+0000] {manager.py:490} INFO - Checking for new files in /opt/airflow/dags every 300 seconds
[2025-04-30T08:31:07.680+0000] {manager.py:758} INFO - Searching for files in /opt/airflow/dags
[2025-04-30T08:31:07.680+0000] {manager.py:761} INFO - There are 0 files in /opt/airflow/dags
[2025-04-30T08:36:08.215+0000] {manager.py:758} INFO - Searching for files in /opt/airflow/dags
[2025-04-30T08:36:08.216+0000] {manager.py:761} INFO - There are 0 files in /opt/airflow/dags
[2025-04-30T08:41:08.543+0000] {manager.py:758} INFO - Searching for files in /opt/airflow/dags
[2025-04-30T08:41:08.543+0000] {manager.py:761} INFO - There are 0 files in /opt/airflow/dags
[2025-04-30T08:46:08.835+0000] {manager.py:758} INFO - Searching for files in /opt/airflow/dags
[2025-04-30T08:46:08.842+0000] {manager.py:761} INFO - There are 0 files in /opt/airflow/dags
[2025-04-30T08:51:08.860+0000] {manager.py:758} INFO - Searching for files in /opt/airflow/dags
[2025-04-30T08:51:08.861+0000] {manager.py:761} INFO - There are 0 files in /opt/airflow/dags
[2025-04-30T08:56:09.774+0000] {manager.py:758} INFO - Searching for files in /opt/airflow/dags
[2025-04-30T08:56:09.774+0000] {manager.py:761} INFO - There are 0 files in /opt/airflow/dags
[2025-04-30T09:01:10.643+0000] {manager.py:758} INFO - Searching for files in /opt/airflow/dags
[2025-04-30T09:01:10.643+0000] {manager.py:761} INFO - There are 0 files in /opt/airflow/dags
[2025-04-30T09:06:11.513+0000] {manager.py:758} INFO - Searching for files in /opt/airflow/dags
[2025-04-30T09:06:11.513+0000] {manager.py:761} INFO - There are 0 files in /opt/airflow/dags
[2025-04-30T09:11:12.309+0000] {manager.py:758} INFO - Searching for files in /opt/airflow/dags
[2025-04-30T09:11:12.310+0000] {manager.py:761} INFO - There are 0 files in /opt/airflow/dags
[2025-04-30T09:16:08.301+0000] {manager.py:470} INFO - Exiting gracefully upon receiving signal 15
[2025-04-30T09:16:37.407+0000] {manager.py:487} INFO - Processing files using up to 2 processes at a time 
[2025-04-30T09:16:37.407+0000] {manager.py:488} INFO - Process each file at most once every 30 seconds
[2025-04-30T09:16:37.407+0000] {manager.py:490} INFO - Checking for new files in /opt/airflow/dags every 300 seconds
[2025-04-30T09:16:37.408+0000] {manager.py:758} INFO - Searching for files in /opt/airflow/dags
[2025-04-30T09:16:37.408+0000] {manager.py:761} INFO - There are 0 files in /opt/airflow/dags
[2025-04-30T09:18:56.628+0000] {manager.py:470} INFO - Exiting gracefully upon receiving signal 15
[2025-04-30T09:20:00.389+0000] {manager.py:487} INFO - Processing files using up to 2 processes at a time 
[2025-04-30T09:20:00.389+0000] {manager.py:488} INFO - Process each file at most once every 30 seconds
[2025-04-30T09:20:00.389+0000] {manager.py:490} INFO - Checking for new files in /opt/airflow/dags every 300 seconds
[2025-04-30T09:20:00.390+0000] {manager.py:758} INFO - Searching for files in /opt/airflow/dags
[2025-04-30T09:20:00.390+0000] {manager.py:761} INFO - There are 0 files in /opt/airflow/dags
[2025-04-30T09:25:01.047+0000] {manager.py:758} INFO - Searching for files in /opt/airflow/dags
[2025-04-30T09:25:01.047+0000] {manager.py:761} INFO - There are 0 files in /opt/airflow/dags
[2025-04-30T09:30:01.697+0000] {manager.py:758} INFO - Searching for files in /opt/airflow/dags
[2025-04-30T09:30:01.697+0000] {manager.py:761} INFO - There are 0 files in /opt/airflow/dags
[2025-04-30T09:34:19.094+0000] {manager.py:470} INFO - Exiting gracefully upon receiving signal 15
[2025-04-30T09:34:47.596+0000] {manager.py:487} INFO - Processing files using up to 2 processes at a time 
[2025-04-30T09:34:47.596+0000] {manager.py:488} INFO - Process each file at most once every 30 seconds
[2025-04-30T09:34:47.596+0000] {manager.py:490} INFO - Checking for new files in /opt/airflow/dags every 300 seconds
[2025-04-30T09:34:47.596+0000] {manager.py:758} INFO - Searching for files in /opt/airflow/dags
[2025-04-30T09:34:47.598+0000] {manager.py:761} INFO - There are 0 files in /opt/airflow/dags
[2025-04-30T09:39:48.133+0000] {manager.py:758} INFO - Searching for files in /opt/airflow/dags
[2025-04-30T09:39:48.133+0000] {manager.py:761} INFO - There are 0 files in /opt/airflow/dags
[2025-04-30T09:44:48.632+0000] {manager.py:758} INFO - Searching for files in /opt/airflow/dags
[2025-04-30T09:44:48.632+0000] {manager.py:761} INFO - There are 0 files in /opt/airflow/dags
[2025-04-30T09:49:49.170+0000] {manager.py:758} INFO - Searching for files in /opt/airflow/dags
[2025-04-30T09:49:49.171+0000] {manager.py:761} INFO - There are 0 files in /opt/airflow/dags
[2025-04-30T09:49:51.423+0000] {manager.py:470} INFO - Exiting gracefully upon receiving signal 15
[2025-04-30T09:50:15.036+0000] {manager.py:487} INFO - Processing files using up to 2 processes at a time 
[2025-04-30T09:50:15.036+0000] {manager.py:488} INFO - Process each file at most once every 30 seconds
[2025-04-30T09:50:15.036+0000] {manager.py:490} INFO - Checking for new files in /opt/airflow/dags every 300 seconds
[2025-04-30T09:50:15.036+0000] {manager.py:758} INFO - Searching for files in /opt/airflow/dags
[2025-04-30T09:50:15.037+0000] {manager.py:761} INFO - There are 0 files in /opt/airflow/dags
[2025-04-30T09:55:15.418+0000] {manager.py:758} INFO - Searching for files in /opt/airflow/dags
[2025-04-30T09:55:15.418+0000] {manager.py:761} INFO - There are 0 files in /opt/airflow/dags
[2025-04-30T09:57:58.517+0000] {manager.py:470} INFO - Exiting gracefully upon receiving signal 15
[2025-04-30T09:58:20.254+0000] {manager.py:487} INFO - Processing files using up to 2 processes at a time 
[2025-04-30T09:58:20.254+0000] {manager.py:488} INFO - Process each file at most once every 30 seconds
[2025-04-30T09:58:20.254+0000] {manager.py:490} INFO - Checking for new files in /opt/airflow/dags every 300 seconds
[2025-04-30T09:58:20.254+0000] {manager.py:758} INFO - Searching for files in /opt/airflow/dags
[2025-04-30T09:58:20.255+0000] {manager.py:761} INFO - There are 0 files in /opt/airflow/dags
[2025-04-30T10:03:20.644+0000] {manager.py:758} INFO - Searching for files in /opt/airflow/dags
[2025-04-30T10:03:20.645+0000] {manager.py:761} INFO - There are 0 files in /opt/airflow/dags
[2025-04-30T10:04:27.130+0000] {manager.py:470} INFO - Exiting gracefully upon receiving signal 15
[2025-04-30T10:04:50.602+0000] {manager.py:487} INFO - Processing files using up to 2 processes at a time 
[2025-04-30T10:04:50.602+0000] {manager.py:488} INFO - Process each file at most once every 30 seconds
[2025-04-30T10:04:50.602+0000] {manager.py:490} INFO - Checking for new files in /opt/airflow/dags every 300 seconds
[2025-04-30T10:04:50.603+0000] {manager.py:758} INFO - Searching for files in /opt/airflow/dags
[2025-04-30T10:04:50.603+0000] {manager.py:761} INFO - There are 0 files in /opt/airflow/dags
[2025-04-30T10:09:50.988+0000] {manager.py:758} INFO - Searching for files in /opt/airflow/dags
[2025-04-30T10:09:50.989+0000] {manager.py:761} INFO - There are 0 files in /opt/airflow/dags
[2025-04-30T10:10:10.249+0000] {manager.py:470} INFO - Exiting gracefully upon receiving signal 15
[2025-04-30T10:10:41.936+0000] {manager.py:487} INFO - Processing files using up to 2 processes at a time 
[2025-04-30T10:10:41.937+0000] {manager.py:488} INFO - Process each file at most once every 30 seconds
[2025-04-30T10:10:41.937+0000] {manager.py:490} INFO - Checking for new files in /opt/airflow/dags every 300 seconds
[2025-04-30T10:10:41.937+0000] {manager.py:758} INFO - Searching for files in /opt/airflow/dags
[2025-04-30T10:10:41.937+0000] {manager.py:761} INFO - There are 0 files in /opt/airflow/dags
[2025-04-30T10:15:42.297+0000] {manager.py:758} INFO - Searching for files in /opt/airflow/dags
[2025-04-30T10:15:42.297+0000] {manager.py:761} INFO - There are 0 files in /opt/airflow/dags
[2025-04-30T10:20:42.515+0000] {manager.py:758} INFO - Searching for files in /opt/airflow/dags
[2025-04-30T10:20:42.515+0000] {manager.py:761} INFO - There are 0 files in /opt/airflow/dags
[2025-04-30T10:25:42.699+0000] {manager.py:758} INFO - Searching for files in /opt/airflow/dags
[2025-04-30T10:25:42.706+0000] {manager.py:761} INFO - There are 0 files in /opt/airflow/dags
[2025-04-30T10:30:42.876+0000] {manager.py:758} INFO - Searching for files in /opt/airflow/dags
[2025-04-30T10:30:42.877+0000] {manager.py:761} INFO - There are 0 files in /opt/airflow/dags
[2025-04-30T10:35:43.036+0000] {manager.py:758} INFO - Searching for files in /opt/airflow/dags
[2025-04-30T10:35:43.036+0000] {manager.py:761} INFO - There are 0 files in /opt/airflow/dags
[2025-04-30T10:40:43.085+0000] {manager.py:758} INFO - Searching for files in /opt/airflow/dags
[2025-04-30T10:40:43.086+0000] {manager.py:761} INFO - There are 0 files in /opt/airflow/dags
[2025-04-30T10:45:43.146+0000] {manager.py:758} INFO - Searching for files in /opt/airflow/dags
[2025-04-30T10:45:43.146+0000] {manager.py:761} INFO - There are 0 files in /opt/airflow/dags
[2025-04-30T10:47:16.375+0000] {manager.py:470} INFO - Exiting gracefully upon receiving signal 15
[2025-04-30T12:07:58.092+0000] {manager.py:487} INFO - Processing files using up to 2 processes at a time 
[2025-04-30T12:07:58.093+0000] {manager.py:488} INFO - Process each file at most once every 30 seconds
[2025-04-30T12:07:58.093+0000] {manager.py:490} INFO - Checking for new files in /opt/airflow/dags every 300 seconds
[2025-04-30T12:07:58.093+0000] {manager.py:758} INFO - Searching for files in /opt/airflow/dags
[2025-04-30T12:07:58.094+0000] {manager.py:761} INFO - There are 0 files in /opt/airflow/dags
[2025-04-30T12:12:58.095+0000] {manager.py:758} INFO - Searching for files in /opt/airflow/dags
[2025-04-30T12:12:58.095+0000] {manager.py:761} INFO - There are 0 files in /opt/airflow/dags
[2025-04-30T12:16:45.060+0000] {manager.py:470} INFO - Exiting gracefully upon receiving signal 15
[2025-04-30T12:17:06.659+0000] {manager.py:487} INFO - Processing files using up to 2 processes at a time 
[2025-04-30T12:17:06.660+0000] {manager.py:488} INFO - Process each file at most once every 30 seconds
[2025-04-30T12:17:06.660+0000] {manager.py:490} INFO - Checking for new files in /opt/airflow/dags every 300 seconds
[2025-04-30T12:17:06.660+0000] {manager.py:758} INFO - Searching for files in /opt/airflow/dags
[2025-04-30T12:17:06.661+0000] {manager.py:761} INFO - There are 0 files in /opt/airflow/dags
[2025-04-30T12:22:07.019+0000] {manager.py:758} INFO - Searching for files in /opt/airflow/dags
[2025-04-30T12:22:07.019+0000] {manager.py:761} INFO - There are 0 files in /opt/airflow/dags
[2025-04-30T12:27:07.820+0000] {manager.py:758} INFO - Searching for files in /opt/airflow/dags
[2025-04-30T12:27:07.821+0000] {manager.py:761} INFO - There are 0 files in /opt/airflow/dags
[2025-04-30T12:32:08.810+0000] {manager.py:758} INFO - Searching for files in /opt/airflow/dags
[2025-04-30T12:32:08.811+0000] {manager.py:761} INFO - There are 0 files in /opt/airflow/dags
[2025-04-30T12:37:09.078+0000] {manager.py:758} INFO - Searching for files in /opt/airflow/dags
[2025-04-30T12:37:09.078+0000] {manager.py:761} INFO - There are 0 files in /opt/airflow/dags
[2025-04-30T12:42:09.561+0000] {manager.py:758} INFO - Searching for files in /opt/airflow/dags
[2025-04-30T12:42:09.561+0000] {manager.py:761} INFO - There are 0 files in /opt/airflow/dags
[2025-04-30T12:47:10.366+0000] {manager.py:758} INFO - Searching for files in /opt/airflow/dags
[2025-04-30T12:47:10.366+0000] {manager.py:761} INFO - There are 0 files in /opt/airflow/dags
[2025-04-30T12:52:11.029+0000] {manager.py:758} INFO - Searching for files in /opt/airflow/dags
[2025-04-30T12:52:11.030+0000] {manager.py:761} INFO - There are 0 files in /opt/airflow/dags
[2025-04-30T12:57:11.929+0000] {manager.py:758} INFO - Searching for files in /opt/airflow/dags
[2025-04-30T12:57:11.929+0000] {manager.py:761} INFO - There are 0 files in /opt/airflow/dags
[2025-04-30T13:02:12.716+0000] {manager.py:758} INFO - Searching for files in /opt/airflow/dags
[2025-04-30T13:02:12.716+0000] {manager.py:761} INFO - There are 0 files in /opt/airflow/dags
[2025-04-30T13:07:13.556+0000] {manager.py:758} INFO - Searching for files in /opt/airflow/dags
[2025-04-30T13:07:13.556+0000] {manager.py:761} INFO - There are 0 files in /opt/airflow/dags
[2025-04-30T13:12:13.723+0000] {manager.py:758} INFO - Searching for files in /opt/airflow/dags
[2025-04-30T13:12:13.723+0000] {manager.py:761} INFO - There are 0 files in /opt/airflow/dags
[2025-04-30T13:17:13.829+0000] {manager.py:758} INFO - Searching for files in /opt/airflow/dags
[2025-04-30T13:17:13.830+0000] {manager.py:761} INFO - There are 0 files in /opt/airflow/dags
[2025-04-30T13:22:14.259+0000] {manager.py:758} INFO - Searching for files in /opt/airflow/dags
[2025-04-30T13:22:14.259+0000] {manager.py:761} INFO - There are 0 files in /opt/airflow/dags
[2025-04-30T13:27:15.076+0000] {manager.py:758} INFO - Searching for files in /opt/airflow/dags
[2025-04-30T13:27:15.076+0000] {manager.py:761} INFO - There are 0 files in /opt/airflow/dags
[2025-04-30T13:32:15.822+0000] {manager.py:758} INFO - Searching for files in /opt/airflow/dags
[2025-04-30T13:32:15.822+0000] {manager.py:761} INFO - There are 0 files in /opt/airflow/dags
[2025-04-30T13:37:15.901+0000] {manager.py:758} INFO - Searching for files in /opt/airflow/dags
[2025-04-30T13:37:15.902+0000] {manager.py:761} INFO - There are 0 files in /opt/airflow/dags
[2025-04-30T13:42:16.140+0000] {manager.py:758} INFO - Searching for files in /opt/airflow/dags
[2025-04-30T13:42:16.141+0000] {manager.py:761} INFO - There are 0 files in /opt/airflow/dags
[2025-04-30T13:47:16.555+0000] {manager.py:758} INFO - Searching for files in /opt/airflow/dags
[2025-04-30T13:47:16.555+0000] {manager.py:761} INFO - There are 0 files in /opt/airflow/dags
[2025-04-30T13:52:16.940+0000] {manager.py:758} INFO - Searching for files in /opt/airflow/dags
[2025-04-30T13:52:16.941+0000] {manager.py:761} INFO - There are 0 files in /opt/airflow/dags
[2025-04-30T13:57:17.441+0000] {manager.py:758} INFO - Searching for files in /opt/airflow/dags
[2025-04-30T13:57:17.442+0000] {manager.py:761} INFO - There are 0 files in /opt/airflow/dags
[2025-04-30T14:02:17.927+0000] {manager.py:758} INFO - Searching for files in /opt/airflow/dags
[2025-04-30T14:02:17.927+0000] {manager.py:761} INFO - There are 0 files in /opt/airflow/dags
[2025-04-30T14:07:18.492+0000] {manager.py:758} INFO - Searching for files in /opt/airflow/dags
[2025-04-30T14:07:18.493+0000] {manager.py:761} INFO - There are 0 files in /opt/airflow/dags
[2025-04-30T14:12:19.013+0000] {manager.py:758} INFO - Searching for files in /opt/airflow/dags
[2025-04-30T14:12:19.013+0000] {manager.py:761} INFO - There are 0 files in /opt/airflow/dags
[2025-04-30T14:17:19.490+0000] {manager.py:758} INFO - Searching for files in /opt/airflow/dags
[2025-04-30T14:17:19.490+0000] {manager.py:761} INFO - There are 0 files in /opt/airflow/dags
[2025-04-30T14:22:20.279+0000] {manager.py:758} INFO - Searching for files in /opt/airflow/dags
[2025-04-30T14:22:20.279+0000] {manager.py:761} INFO - There are 0 files in /opt/airflow/dags
[2025-04-30T14:27:21.050+0000] {manager.py:758} INFO - Searching for files in /opt/airflow/dags
[2025-04-30T14:27:21.050+0000] {manager.py:761} INFO - There are 0 files in /opt/airflow/dags
[2025-04-30T14:32:21.892+0000] {manager.py:758} INFO - Searching for files in /opt/airflow/dags
[2025-04-30T14:32:21.892+0000] {manager.py:761} INFO - There are 0 files in /opt/airflow/dags
[2025-04-30T14:37:22.861+0000] {manager.py:758} INFO - Searching for files in /opt/airflow/dags
[2025-04-30T14:37:22.862+0000] {manager.py:761} INFO - There are 0 files in /opt/airflow/dags
[2025-04-30T14:42:22.863+0000] {manager.py:758} INFO - Searching for files in /opt/airflow/dags
[2025-04-30T14:42:22.864+0000] {manager.py:761} INFO - There are 0 files in /opt/airflow/dags
[2025-04-30T14:47:22.956+0000] {manager.py:758} INFO - Searching for files in /opt/airflow/dags
[2025-04-30T14:47:22.956+0000] {manager.py:761} INFO - There are 0 files in /opt/airflow/dags
[2025-04-30T14:52:23.945+0000] {manager.py:758} INFO - Searching for files in /opt/airflow/dags
[2025-04-30T14:52:23.945+0000] {manager.py:761} INFO - There are 0 files in /opt/airflow/dags
[2025-04-30T14:57:24.913+0000] {manager.py:758} INFO - Searching for files in /opt/airflow/dags
[2025-04-30T14:57:24.914+0000] {manager.py:761} INFO - There are 0 files in /opt/airflow/dags
[2025-04-30T15:02:24.919+0000] {manager.py:758} INFO - Searching for files in /opt/airflow/dags
[2025-04-30T15:02:24.919+0000] {manager.py:761} INFO - There are 0 files in /opt/airflow/dags
[2025-04-30T15:07:25.834+0000] {manager.py:758} INFO - Searching for files in /opt/airflow/dags
[2025-04-30T15:07:25.834+0000] {manager.py:761} INFO - There are 0 files in /opt/airflow/dags
[2025-04-30T15:12:26.762+0000] {manager.py:758} INFO - Searching for files in /opt/airflow/dags
[2025-04-30T15:12:26.763+0000] {manager.py:761} INFO - There are 0 files in /opt/airflow/dags
[2025-04-30T15:17:27.703+0000] {manager.py:758} INFO - Searching for files in /opt/airflow/dags
[2025-04-30T15:17:27.703+0000] {manager.py:761} INFO - There are 0 files in /opt/airflow/dags
[2025-04-30T15:22:28.686+0000] {manager.py:758} INFO - Searching for files in /opt/airflow/dags
[2025-04-30T15:22:28.686+0000] {manager.py:761} INFO - There are 0 files in /opt/airflow/dags
[2025-04-30T15:27:29.603+0000] {manager.py:758} INFO - Searching for files in /opt/airflow/dags
[2025-04-30T15:27:29.604+0000] {manager.py:761} INFO - There are 0 files in /opt/airflow/dags
[2025-04-30T15:32:30.566+0000] {manager.py:758} INFO - Searching for files in /opt/airflow/dags
[2025-04-30T15:32:30.567+0000] {manager.py:761} INFO - There are 0 files in /opt/airflow/dags
[2025-04-30T15:37:31.506+0000] {manager.py:758} INFO - Searching for files in /opt/airflow/dags
[2025-04-30T15:37:31.507+0000] {manager.py:761} INFO - There are 0 files in /opt/airflow/dags
[2025-04-30T15:42:31.527+0000] {manager.py:758} INFO - Searching for files in /opt/airflow/dags
[2025-04-30T15:42:31.528+0000] {manager.py:761} INFO - There are 0 files in /opt/airflow/dags
[2025-04-30T15:47:31.762+0000] {manager.py:758} INFO - Searching for files in /opt/airflow/dags
[2025-04-30T15:47:31.762+0000] {manager.py:761} INFO - There are 0 files in /opt/airflow/dags
[2025-04-30T15:52:31.900+0000] {manager.py:758} INFO - Searching for files in /opt/airflow/dags
[2025-04-30T15:52:31.900+0000] {manager.py:761} INFO - There are 0 files in /opt/airflow/dags
[2025-04-30T15:57:32.872+0000] {manager.py:758} INFO - Searching for files in /opt/airflow/dags
[2025-04-30T15:57:32.872+0000] {manager.py:761} INFO - There are 0 files in /opt/airflow/dags
[2025-04-30T16:02:32.924+0000] {manager.py:758} INFO - Searching for files in /opt/airflow/dags
[2025-04-30T16:02:32.931+0000] {manager.py:761} INFO - There are 0 files in /opt/airflow/dags
[2025-04-30T16:07:33.070+0000] {manager.py:758} INFO - Searching for files in /opt/airflow/dags
[2025-04-30T16:07:33.070+0000] {manager.py:761} INFO - There are 0 files in /opt/airflow/dags
[2025-04-30T16:12:33.968+0000] {manager.py:758} INFO - Searching for files in /opt/airflow/dags
[2025-04-30T16:12:33.969+0000] {manager.py:761} INFO - There are 0 files in /opt/airflow/dags
[2025-04-30T16:17:34.939+0000] {manager.py:758} INFO - Searching for files in /opt/airflow/dags
[2025-04-30T16:17:34.939+0000] {manager.py:761} INFO - There are 0 files in /opt/airflow/dags
[2025-04-30T16:22:35.845+0000] {manager.py:758} INFO - Searching for files in /opt/airflow/dags
[2025-04-30T16:22:35.846+0000] {manager.py:761} INFO - There are 0 files in /opt/airflow/dags
[2025-04-30T16:27:36.749+0000] {manager.py:758} INFO - Searching for files in /opt/airflow/dags
[2025-04-30T16:27:36.750+0000] {manager.py:761} INFO - There are 0 files in /opt/airflow/dags
[2025-04-30T16:32:37.620+0000] {manager.py:758} INFO - Searching for files in /opt/airflow/dags
[2025-04-30T16:32:37.620+0000] {manager.py:761} INFO - There are 0 files in /opt/airflow/dags
[2025-04-30T16:37:38.259+0000] {manager.py:758} INFO - Searching for files in /opt/airflow/dags
[2025-04-30T16:37:38.260+0000] {manager.py:761} INFO - There are 0 files in /opt/airflow/dags
[2025-04-30T16:42:39.108+0000] {manager.py:758} INFO - Searching for files in /opt/airflow/dags
[2025-04-30T16:42:39.109+0000] {manager.py:761} INFO - There are 0 files in /opt/airflow/dags
[2025-04-30T16:47:39.987+0000] {manager.py:758} INFO - Searching for files in /opt/airflow/dags
[2025-04-30T16:47:39.988+0000] {manager.py:761} INFO - There are 0 files in /opt/airflow/dags
[2025-04-30T16:52:40.817+0000] {manager.py:758} INFO - Searching for files in /opt/airflow/dags
[2025-04-30T16:52:40.818+0000] {manager.py:761} INFO - There are 0 files in /opt/airflow/dags
[2025-04-30T16:57:41.216+0000] {manager.py:758} INFO - Searching for files in /opt/airflow/dags
[2025-04-30T16:57:41.216+0000] {manager.py:761} INFO - There are 0 files in /opt/airflow/dags
[2025-04-30T17:02:42.050+0000] {manager.py:758} INFO - Searching for files in /opt/airflow/dags
[2025-04-30T17:02:42.050+0000] {manager.py:761} INFO - There are 0 files in /opt/airflow/dags
[2025-04-30T17:07:42.833+0000] {manager.py:758} INFO - Searching for files in /opt/airflow/dags
[2025-04-30T17:07:42.833+0000] {manager.py:761} INFO - There are 0 files in /opt/airflow/dags
[2025-04-30T17:12:42.924+0000] {manager.py:758} INFO - Searching for files in /opt/airflow/dags
[2025-04-30T17:12:42.925+0000] {manager.py:761} INFO - There are 0 files in /opt/airflow/dags
[2025-04-30T17:17:43.368+0000] {manager.py:758} INFO - Searching for files in /opt/airflow/dags
[2025-04-30T17:17:43.368+0000] {manager.py:761} INFO - There are 0 files in /opt/airflow/dags
[2025-04-30T17:22:43.619+0000] {manager.py:758} INFO - Searching for files in /opt/airflow/dags
[2025-04-30T17:22:43.620+0000] {manager.py:761} INFO - There are 0 files in /opt/airflow/dags
[2025-04-30T17:27:43.769+0000] {manager.py:758} INFO - Searching for files in /opt/airflow/dags
[2025-04-30T17:27:43.769+0000] {manager.py:761} INFO - There are 0 files in /opt/airflow/dags
[2025-04-30T17:32:44.031+0000] {manager.py:758} INFO - Searching for files in /opt/airflow/dags
[2025-04-30T17:32:44.031+0000] {manager.py:761} INFO - There are 0 files in /opt/airflow/dags
[2025-04-30T17:37:44.299+0000] {manager.py:758} INFO - Searching for files in /opt/airflow/dags
[2025-04-30T17:37:44.299+0000] {manager.py:761} INFO - There are 0 files in /opt/airflow/dags
[2025-04-30T17:42:44.468+0000] {manager.py:758} INFO - Searching for files in /opt/airflow/dags
[2025-04-30T17:42:44.468+0000] {manager.py:761} INFO - There are 0 files in /opt/airflow/dags
[2025-04-30T17:47:44.626+0000] {manager.py:758} INFO - Searching for files in /opt/airflow/dags
[2025-04-30T17:47:44.627+0000] {manager.py:761} INFO - There are 0 files in /opt/airflow/dags
