[2025-06-01T16:10:36.092+0000] {taskinstance.py:1103} INFO - Dependencies all met for dep_context=non-requeueable deps ti=<TaskInstance: second_dag.save_data_task scheduled__2021-04-18T00:00:00+00:00 [queued]>
[2025-06-01T16:10:36.102+0000] {taskinstance.py:1103} INFO - Dependencies all met for dep_context=requeueable deps ti=<TaskInstance: second_dag.save_data_task scheduled__2021-04-18T00:00:00+00:00 [queued]>
[2025-06-01T16:10:36.102+0000] {taskinstance.py:1308} INFO - Starting attempt 2 of 3
[2025-06-01T16:10:36.118+0000] {taskinstance.py:1327} INFO - Executing <Task(PythonOperator): save_data_task> on 2021-04-18 00:00:00+00:00
[2025-06-01T16:10:36.124+0000] {standard_task_runner.py:57} INFO - Started process 33389 to run task
[2025-06-01T16:10:36.136+0000] {standard_task_runner.py:84} INFO - Running: ['***', 'tasks', 'run', 'second_dag', 'save_data_task', 'scheduled__2021-04-18T00:00:00+00:00', '--job-id', '1522', '--raw', '--subdir', 'DAGS_FOLDER/my_second_dag.py', '--cfg-path', '/tmp/tmpwx154b04']
[2025-06-01T16:10:36.138+0000] {standard_task_runner.py:85} INFO - Job 1522: Subtask save_data_task
[2025-06-01T16:10:36.223+0000] {task_command.py:410} INFO - Running <TaskInstance: second_dag.save_data_task scheduled__2021-04-18T00:00:00+00:00 [running]> on host 27c4b93144a0
[2025-06-01T16:10:36.620+0000] {taskinstance.py:1547} INFO - Exporting env vars: AIRFLOW_CTX_DAG_OWNER='***' AIRFLOW_CTX_DAG_ID='second_dag' AIRFLOW_CTX_TASK_ID='save_data_task' AIRFLOW_CTX_EXECUTION_DATE='2021-04-18T00:00:00+00:00' AIRFLOW_CTX_TRY_NUMBER='2' AIRFLOW_CTX_DAG_RUN_ID='scheduled__2021-04-18T00:00:00+00:00'
[2025-06-01T16:10:36.651+0000] {my_second_dag.py:51} INFO - Fetching value USD: 75.5535
[2025-06-01T16:10:36.661+0000] {base.py:73} INFO - Using connection ID 'pg_database' for task execution.
[2025-06-01T16:10:36.676+0000] {logging_mixin.py:150} WARNING - /home/***/.local/lib/python3.7/site-packages/***/utils/context.py:313 AirflowContextDeprecationWarning: Accessing 'execution_date' from the template is deprecated and will be removed in a future version. Please use 'data_interval_start' or 'logical_date' instead.
[2025-06-01T16:10:36.679+0000] {taskinstance.py:1824} ERROR - Task failed with exception
Traceback (most recent call last):
  File "/home/airflow/.local/lib/python3.7/site-packages/airflow/operators/python.py", line 181, in execute
    return_value = self.execute_callable()
  File "/home/airflow/.local/lib/python3.7/site-packages/airflow/operators/python.py", line 198, in execute_callable
    return self.python_callable(*self.op_args, **self.op_kwargs)
  File "/opt/airflow/dags/my_second_dag.py", line 67, in save_data_to_db
    conn.commit()
AttributeError: 'Connection' object has no attribute 'commit'
[2025-06-01T16:10:36.712+0000] {taskinstance.py:1350} INFO - Marking task as UP_FOR_RETRY. dag_id=second_dag, task_id=save_data_task, execution_date=20210418T000000, start_date=20250601T161036, end_date=20250601T161036
[2025-06-01T16:10:36.733+0000] {standard_task_runner.py:109} ERROR - Failed to execute job 1522 for task save_data_task ('Connection' object has no attribute 'commit'; 33389)
[2025-06-01T16:10:36.788+0000] {local_task_job_runner.py:225} INFO - Task exited with return code 1
[2025-06-01T16:10:36.922+0000] {taskinstance.py:2653} INFO - 0 downstream tasks scheduled from follow-on schedule check
