[2025-05-13T13:09:58.773+0000] {processor.py:157} INFO - Started process (PID=166) to work on /opt/airflow/dags/my_first_dag.py
[2025-05-13T13:09:58.774+0000] {processor.py:826} INFO - Processing file /opt/airflow/dags/my_first_dag.py for tasks to queue
[2025-05-13T13:09:58.775+0000] {logging_mixin.py:150} INFO - [2025-05-13T13:09:58.774+0000] {dagbag.py:541} INFO - Filling up the DagBag from /opt/airflow/dags/my_first_dag.py
[2025-05-13T13:09:58.788+0000] {processor.py:836} INFO - DAG(s) dict_keys(['first_dag']) retrieved from /opt/airflow/dags/my_first_dag.py
[2025-05-13T13:09:58.809+0000] {logging_mixin.py:150} INFO - [2025-05-13T13:09:58.809+0000] {dag.py:2742} INFO - Sync 1 DAGs
[2025-05-13T13:09:58.831+0000] {logging_mixin.py:150} INFO - [2025-05-13T13:09:58.830+0000] {dag.py:3508} INFO - Setting next_dagrun for first_dag to 2021-01-20T00:00:00+00:00, run_after=2021-01-21T00:00:00+00:00
[2025-05-13T13:09:58.845+0000] {processor.py:179} INFO - Processing /opt/airflow/dags/my_first_dag.py took 0.075 seconds
[2025-05-13T13:10:29.018+0000] {processor.py:157} INFO - Started process (PID=172) to work on /opt/airflow/dags/my_first_dag.py
[2025-05-13T13:10:29.019+0000] {processor.py:826} INFO - Processing file /opt/airflow/dags/my_first_dag.py for tasks to queue
[2025-05-13T13:10:29.019+0000] {logging_mixin.py:150} INFO - [2025-05-13T13:10:29.019+0000] {dagbag.py:541} INFO - Filling up the DagBag from /opt/airflow/dags/my_first_dag.py
[2025-05-13T13:10:29.031+0000] {processor.py:836} INFO - DAG(s) dict_keys(['first_dag']) retrieved from /opt/airflow/dags/my_first_dag.py
[2025-05-13T13:10:29.057+0000] {logging_mixin.py:150} INFO - [2025-05-13T13:10:29.057+0000] {dag.py:2742} INFO - Sync 1 DAGs
[2025-05-13T13:10:29.078+0000] {logging_mixin.py:150} INFO - [2025-05-13T13:10:29.078+0000] {dag.py:3508} INFO - Setting next_dagrun for first_dag to 2021-01-20T00:00:00+00:00, run_after=2021-01-21T00:00:00+00:00
[2025-05-13T13:10:29.093+0000] {processor.py:179} INFO - Processing /opt/airflow/dags/my_first_dag.py took 0.077 seconds
[2025-05-13T13:10:59.924+0000] {processor.py:157} INFO - Started process (PID=177) to work on /opt/airflow/dags/my_first_dag.py
[2025-05-13T13:10:59.925+0000] {processor.py:826} INFO - Processing file /opt/airflow/dags/my_first_dag.py for tasks to queue
[2025-05-13T13:10:59.926+0000] {logging_mixin.py:150} INFO - [2025-05-13T13:10:59.926+0000] {dagbag.py:541} INFO - Filling up the DagBag from /opt/airflow/dags/my_first_dag.py
[2025-05-13T13:10:59.935+0000] {processor.py:836} INFO - DAG(s) dict_keys(['first_dag']) retrieved from /opt/airflow/dags/my_first_dag.py
[2025-05-13T13:10:59.955+0000] {logging_mixin.py:150} INFO - [2025-05-13T13:10:59.955+0000] {dag.py:2742} INFO - Sync 1 DAGs
[2025-05-13T13:10:59.972+0000] {logging_mixin.py:150} INFO - [2025-05-13T13:10:59.972+0000] {dag.py:3508} INFO - Setting next_dagrun for first_dag to 2021-01-20T00:00:00+00:00, run_after=2021-01-21T00:00:00+00:00
[2025-05-13T13:10:59.984+0000] {processor.py:179} INFO - Processing /opt/airflow/dags/my_first_dag.py took 0.062 seconds
[2025-05-13T13:11:30.836+0000] {processor.py:157} INFO - Started process (PID=182) to work on /opt/airflow/dags/my_first_dag.py
[2025-05-13T13:11:30.837+0000] {processor.py:826} INFO - Processing file /opt/airflow/dags/my_first_dag.py for tasks to queue
[2025-05-13T13:11:30.837+0000] {logging_mixin.py:150} INFO - [2025-05-13T13:11:30.837+0000] {dagbag.py:541} INFO - Filling up the DagBag from /opt/airflow/dags/my_first_dag.py
[2025-05-13T13:11:30.844+0000] {processor.py:836} INFO - DAG(s) dict_keys(['first_dag']) retrieved from /opt/airflow/dags/my_first_dag.py
[2025-05-13T13:11:30.863+0000] {logging_mixin.py:150} INFO - [2025-05-13T13:11:30.863+0000] {dag.py:2742} INFO - Sync 1 DAGs
[2025-05-13T13:11:30.881+0000] {logging_mixin.py:150} INFO - [2025-05-13T13:11:30.881+0000] {dag.py:3508} INFO - Setting next_dagrun for first_dag to 2021-01-20T00:00:00+00:00, run_after=2021-01-21T00:00:00+00:00
[2025-05-13T13:11:30.892+0000] {processor.py:179} INFO - Processing /opt/airflow/dags/my_first_dag.py took 0.058 seconds
[2025-05-13T13:12:01.796+0000] {processor.py:157} INFO - Started process (PID=187) to work on /opt/airflow/dags/my_first_dag.py
[2025-05-13T13:12:01.797+0000] {processor.py:826} INFO - Processing file /opt/airflow/dags/my_first_dag.py for tasks to queue
[2025-05-13T13:12:01.798+0000] {logging_mixin.py:150} INFO - [2025-05-13T13:12:01.797+0000] {dagbag.py:541} INFO - Filling up the DagBag from /opt/airflow/dags/my_first_dag.py
[2025-05-13T13:12:01.804+0000] {processor.py:836} INFO - DAG(s) dict_keys(['first_dag']) retrieved from /opt/airflow/dags/my_first_dag.py
[2025-05-13T13:12:01.821+0000] {logging_mixin.py:150} INFO - [2025-05-13T13:12:01.821+0000] {dag.py:2742} INFO - Sync 1 DAGs
[2025-05-13T13:12:01.842+0000] {logging_mixin.py:150} INFO - [2025-05-13T13:12:01.841+0000] {dag.py:3508} INFO - Setting next_dagrun for first_dag to 2021-01-20T00:00:00+00:00, run_after=2021-01-21T00:00:00+00:00
[2025-05-13T13:12:01.853+0000] {processor.py:179} INFO - Processing /opt/airflow/dags/my_first_dag.py took 0.059 seconds
[2025-05-13T13:12:32.765+0000] {processor.py:157} INFO - Started process (PID=192) to work on /opt/airflow/dags/my_first_dag.py
[2025-05-13T13:12:32.772+0000] {processor.py:826} INFO - Processing file /opt/airflow/dags/my_first_dag.py for tasks to queue
[2025-05-13T13:12:32.773+0000] {logging_mixin.py:150} INFO - [2025-05-13T13:12:32.772+0000] {dagbag.py:541} INFO - Filling up the DagBag from /opt/airflow/dags/my_first_dag.py
[2025-05-13T13:12:32.779+0000] {processor.py:836} INFO - DAG(s) dict_keys(['first_dag']) retrieved from /opt/airflow/dags/my_first_dag.py
[2025-05-13T13:12:32.799+0000] {logging_mixin.py:150} INFO - [2025-05-13T13:12:32.799+0000] {dag.py:2742} INFO - Sync 1 DAGs
[2025-05-13T13:12:32.817+0000] {logging_mixin.py:150} INFO - [2025-05-13T13:12:32.817+0000] {dag.py:3508} INFO - Setting next_dagrun for first_dag to 2021-01-20T00:00:00+00:00, run_after=2021-01-21T00:00:00+00:00
[2025-05-13T13:12:32.829+0000] {processor.py:179} INFO - Processing /opt/airflow/dags/my_first_dag.py took 0.066 seconds
[2025-05-13T13:13:02.872+0000] {processor.py:157} INFO - Started process (PID=197) to work on /opt/airflow/dags/my_first_dag.py
[2025-05-13T13:13:02.872+0000] {processor.py:826} INFO - Processing file /opt/airflow/dags/my_first_dag.py for tasks to queue
[2025-05-13T13:13:02.873+0000] {logging_mixin.py:150} INFO - [2025-05-13T13:13:02.873+0000] {dagbag.py:541} INFO - Filling up the DagBag from /opt/airflow/dags/my_first_dag.py
[2025-05-13T13:13:02.881+0000] {processor.py:836} INFO - DAG(s) dict_keys(['first_dag']) retrieved from /opt/airflow/dags/my_first_dag.py
[2025-05-13T13:13:02.899+0000] {logging_mixin.py:150} INFO - [2025-05-13T13:13:02.899+0000] {dag.py:2742} INFO - Sync 1 DAGs
[2025-05-13T13:13:02.918+0000] {logging_mixin.py:150} INFO - [2025-05-13T13:13:02.918+0000] {dag.py:3508} INFO - Setting next_dagrun for first_dag to 2021-01-20T00:00:00+00:00, run_after=2021-01-21T00:00:00+00:00
[2025-05-13T13:13:02.931+0000] {processor.py:179} INFO - Processing /opt/airflow/dags/my_first_dag.py took 0.061 seconds
[2025-05-13T13:13:33.855+0000] {processor.py:157} INFO - Started process (PID=202) to work on /opt/airflow/dags/my_first_dag.py
[2025-05-13T13:13:33.862+0000] {processor.py:826} INFO - Processing file /opt/airflow/dags/my_first_dag.py for tasks to queue
[2025-05-13T13:13:33.862+0000] {logging_mixin.py:150} INFO - [2025-05-13T13:13:33.862+0000] {dagbag.py:541} INFO - Filling up the DagBag from /opt/airflow/dags/my_first_dag.py
[2025-05-13T13:13:33.868+0000] {processor.py:836} INFO - DAG(s) dict_keys(['first_dag']) retrieved from /opt/airflow/dags/my_first_dag.py
[2025-05-13T13:13:33.886+0000] {logging_mixin.py:150} INFO - [2025-05-13T13:13:33.885+0000] {dag.py:2742} INFO - Sync 1 DAGs
[2025-05-13T13:13:33.903+0000] {logging_mixin.py:150} INFO - [2025-05-13T13:13:33.902+0000] {dag.py:3508} INFO - Setting next_dagrun for first_dag to 2021-01-20T00:00:00+00:00, run_after=2021-01-21T00:00:00+00:00
[2025-05-13T13:13:33.914+0000] {processor.py:179} INFO - Processing /opt/airflow/dags/my_first_dag.py took 0.060 seconds
[2025-05-13T13:14:04.892+0000] {processor.py:157} INFO - Started process (PID=207) to work on /opt/airflow/dags/my_first_dag.py
[2025-05-13T13:14:04.898+0000] {processor.py:826} INFO - Processing file /opt/airflow/dags/my_first_dag.py for tasks to queue
[2025-05-13T13:14:04.899+0000] {logging_mixin.py:150} INFO - [2025-05-13T13:14:04.899+0000] {dagbag.py:541} INFO - Filling up the DagBag from /opt/airflow/dags/my_first_dag.py
[2025-05-13T13:14:04.908+0000] {processor.py:836} INFO - DAG(s) dict_keys(['first_dag']) retrieved from /opt/airflow/dags/my_first_dag.py
[2025-05-13T13:14:04.924+0000] {logging_mixin.py:150} INFO - [2025-05-13T13:14:04.924+0000] {dag.py:2742} INFO - Sync 1 DAGs
[2025-05-13T13:14:04.942+0000] {logging_mixin.py:150} INFO - [2025-05-13T13:14:04.942+0000] {dag.py:3508} INFO - Setting next_dagrun for first_dag to 2021-01-20T00:00:00+00:00, run_after=2021-01-21T00:00:00+00:00
[2025-05-13T13:14:04.954+0000] {processor.py:179} INFO - Processing /opt/airflow/dags/my_first_dag.py took 0.064 seconds
[2025-05-13T13:14:35.881+0000] {processor.py:157} INFO - Started process (PID=212) to work on /opt/airflow/dags/my_first_dag.py
[2025-05-13T13:14:35.881+0000] {processor.py:826} INFO - Processing file /opt/airflow/dags/my_first_dag.py for tasks to queue
[2025-05-13T13:14:35.882+0000] {logging_mixin.py:150} INFO - [2025-05-13T13:14:35.882+0000] {dagbag.py:541} INFO - Filling up the DagBag from /opt/airflow/dags/my_first_dag.py
[2025-05-13T13:14:35.888+0000] {processor.py:836} INFO - DAG(s) dict_keys(['first_dag']) retrieved from /opt/airflow/dags/my_first_dag.py
[2025-05-13T13:14:35.904+0000] {logging_mixin.py:150} INFO - [2025-05-13T13:14:35.904+0000] {dag.py:2742} INFO - Sync 1 DAGs
[2025-05-13T13:14:35.920+0000] {logging_mixin.py:150} INFO - [2025-05-13T13:14:35.920+0000] {dag.py:3508} INFO - Setting next_dagrun for first_dag to 2021-01-20T00:00:00+00:00, run_after=2021-01-21T00:00:00+00:00
[2025-05-13T13:14:35.931+0000] {processor.py:179} INFO - Processing /opt/airflow/dags/my_first_dag.py took 0.053 seconds
[2025-05-13T13:15:06.882+0000] {processor.py:157} INFO - Started process (PID=217) to work on /opt/airflow/dags/my_first_dag.py
[2025-05-13T13:15:06.883+0000] {processor.py:826} INFO - Processing file /opt/airflow/dags/my_first_dag.py for tasks to queue
[2025-05-13T13:15:06.884+0000] {logging_mixin.py:150} INFO - [2025-05-13T13:15:06.884+0000] {dagbag.py:541} INFO - Filling up the DagBag from /opt/airflow/dags/my_first_dag.py
[2025-05-13T13:15:06.890+0000] {processor.py:836} INFO - DAG(s) dict_keys(['first_dag']) retrieved from /opt/airflow/dags/my_first_dag.py
[2025-05-13T13:15:06.908+0000] {logging_mixin.py:150} INFO - [2025-05-13T13:15:06.908+0000] {dag.py:2742} INFO - Sync 1 DAGs
[2025-05-13T13:15:06.925+0000] {logging_mixin.py:150} INFO - [2025-05-13T13:15:06.925+0000] {dag.py:3508} INFO - Setting next_dagrun for first_dag to 2021-01-20T00:00:00+00:00, run_after=2021-01-21T00:00:00+00:00
[2025-05-13T13:15:06.936+0000] {processor.py:179} INFO - Processing /opt/airflow/dags/my_first_dag.py took 0.056 seconds
[2025-05-13T13:15:37.926+0000] {processor.py:157} INFO - Started process (PID=222) to work on /opt/airflow/dags/my_first_dag.py
[2025-05-13T13:15:37.927+0000] {processor.py:826} INFO - Processing file /opt/airflow/dags/my_first_dag.py for tasks to queue
[2025-05-13T13:15:37.928+0000] {logging_mixin.py:150} INFO - [2025-05-13T13:15:37.927+0000] {dagbag.py:541} INFO - Filling up the DagBag from /opt/airflow/dags/my_first_dag.py
[2025-05-13T13:15:37.935+0000] {processor.py:836} INFO - DAG(s) dict_keys(['first_dag']) retrieved from /opt/airflow/dags/my_first_dag.py
[2025-05-13T13:15:37.955+0000] {logging_mixin.py:150} INFO - [2025-05-13T13:15:37.955+0000] {dag.py:2742} INFO - Sync 1 DAGs
[2025-05-13T13:15:37.973+0000] {logging_mixin.py:150} INFO - [2025-05-13T13:15:37.973+0000] {dag.py:3508} INFO - Setting next_dagrun for first_dag to 2021-01-20T00:00:00+00:00, run_after=2021-01-21T00:00:00+00:00
[2025-05-13T13:15:37.984+0000] {processor.py:179} INFO - Processing /opt/airflow/dags/my_first_dag.py took 0.060 seconds
[2025-05-13T13:16:08.958+0000] {processor.py:157} INFO - Started process (PID=227) to work on /opt/airflow/dags/my_first_dag.py
[2025-05-13T13:16:08.965+0000] {processor.py:826} INFO - Processing file /opt/airflow/dags/my_first_dag.py for tasks to queue
[2025-05-13T13:16:08.965+0000] {logging_mixin.py:150} INFO - [2025-05-13T13:16:08.965+0000] {dagbag.py:541} INFO - Filling up the DagBag from /opt/airflow/dags/my_first_dag.py
[2025-05-13T13:16:08.972+0000] {processor.py:836} INFO - DAG(s) dict_keys(['first_dag']) retrieved from /opt/airflow/dags/my_first_dag.py
[2025-05-13T13:16:08.990+0000] {logging_mixin.py:150} INFO - [2025-05-13T13:16:08.990+0000] {dag.py:2742} INFO - Sync 1 DAGs
[2025-05-13T13:16:09.007+0000] {logging_mixin.py:150} INFO - [2025-05-13T13:16:09.007+0000] {dag.py:3508} INFO - Setting next_dagrun for first_dag to 2021-01-20T00:00:00+00:00, run_after=2021-01-21T00:00:00+00:00
[2025-05-13T13:16:09.019+0000] {processor.py:179} INFO - Processing /opt/airflow/dags/my_first_dag.py took 0.062 seconds
[2025-05-13T13:16:39.844+0000] {processor.py:157} INFO - Started process (PID=232) to work on /opt/airflow/dags/my_first_dag.py
[2025-05-13T13:16:39.844+0000] {processor.py:826} INFO - Processing file /opt/airflow/dags/my_first_dag.py for tasks to queue
[2025-05-13T13:16:39.845+0000] {logging_mixin.py:150} INFO - [2025-05-13T13:16:39.844+0000] {dagbag.py:541} INFO - Filling up the DagBag from /opt/airflow/dags/my_first_dag.py
[2025-05-13T13:16:39.851+0000] {processor.py:836} INFO - DAG(s) dict_keys(['first_dag']) retrieved from /opt/airflow/dags/my_first_dag.py
[2025-05-13T13:16:39.867+0000] {logging_mixin.py:150} INFO - [2025-05-13T13:16:39.867+0000] {dag.py:2742} INFO - Sync 1 DAGs
[2025-05-13T13:16:39.882+0000] {logging_mixin.py:150} INFO - [2025-05-13T13:16:39.882+0000] {dag.py:3508} INFO - Setting next_dagrun for first_dag to 2021-01-20T00:00:00+00:00, run_after=2021-01-21T00:00:00+00:00
[2025-05-13T13:16:39.893+0000] {processor.py:179} INFO - Processing /opt/airflow/dags/my_first_dag.py took 0.051 seconds
[2025-05-13T13:17:10.817+0000] {processor.py:157} INFO - Started process (PID=237) to work on /opt/airflow/dags/my_first_dag.py
[2025-05-13T13:17:10.824+0000] {processor.py:826} INFO - Processing file /opt/airflow/dags/my_first_dag.py for tasks to queue
[2025-05-13T13:17:10.825+0000] {logging_mixin.py:150} INFO - [2025-05-13T13:17:10.824+0000] {dagbag.py:541} INFO - Filling up the DagBag from /opt/airflow/dags/my_first_dag.py
[2025-05-13T13:17:10.832+0000] {processor.py:836} INFO - DAG(s) dict_keys(['first_dag']) retrieved from /opt/airflow/dags/my_first_dag.py
[2025-05-13T13:17:10.849+0000] {logging_mixin.py:150} INFO - [2025-05-13T13:17:10.848+0000] {dag.py:2742} INFO - Sync 1 DAGs
[2025-05-13T13:17:10.865+0000] {logging_mixin.py:150} INFO - [2025-05-13T13:17:10.865+0000] {dag.py:3508} INFO - Setting next_dagrun for first_dag to 2021-01-20T00:00:00+00:00, run_after=2021-01-21T00:00:00+00:00
[2025-05-13T13:17:10.876+0000] {processor.py:179} INFO - Processing /opt/airflow/dags/my_first_dag.py took 0.061 seconds
[2025-05-13T13:17:41.861+0000] {processor.py:157} INFO - Started process (PID=242) to work on /opt/airflow/dags/my_first_dag.py
[2025-05-13T13:17:41.862+0000] {processor.py:826} INFO - Processing file /opt/airflow/dags/my_first_dag.py for tasks to queue
[2025-05-13T13:17:41.863+0000] {logging_mixin.py:150} INFO - [2025-05-13T13:17:41.863+0000] {dagbag.py:541} INFO - Filling up the DagBag from /opt/airflow/dags/my_first_dag.py
[2025-05-13T13:17:41.870+0000] {processor.py:836} INFO - DAG(s) dict_keys(['first_dag']) retrieved from /opt/airflow/dags/my_first_dag.py
[2025-05-13T13:17:41.887+0000] {logging_mixin.py:150} INFO - [2025-05-13T13:17:41.887+0000] {dag.py:2742} INFO - Sync 1 DAGs
[2025-05-13T13:17:41.904+0000] {logging_mixin.py:150} INFO - [2025-05-13T13:17:41.904+0000] {dag.py:3508} INFO - Setting next_dagrun for first_dag to 2021-01-20T00:00:00+00:00, run_after=2021-01-21T00:00:00+00:00
[2025-05-13T13:17:41.916+0000] {processor.py:179} INFO - Processing /opt/airflow/dags/my_first_dag.py took 0.056 seconds
[2025-05-13T13:18:11.964+0000] {processor.py:157} INFO - Started process (PID=247) to work on /opt/airflow/dags/my_first_dag.py
[2025-05-13T13:18:11.965+0000] {processor.py:826} INFO - Processing file /opt/airflow/dags/my_first_dag.py for tasks to queue
[2025-05-13T13:18:11.965+0000] {logging_mixin.py:150} INFO - [2025-05-13T13:18:11.965+0000] {dagbag.py:541} INFO - Filling up the DagBag from /opt/airflow/dags/my_first_dag.py
[2025-05-13T13:18:11.971+0000] {processor.py:836} INFO - DAG(s) dict_keys(['first_dag']) retrieved from /opt/airflow/dags/my_first_dag.py
[2025-05-13T13:18:11.988+0000] {logging_mixin.py:150} INFO - [2025-05-13T13:18:11.988+0000] {dag.py:2742} INFO - Sync 1 DAGs
[2025-05-13T13:18:12.004+0000] {logging_mixin.py:150} INFO - [2025-05-13T13:18:12.003+0000] {dag.py:3508} INFO - Setting next_dagrun for first_dag to 2021-01-20T00:00:00+00:00, run_after=2021-01-21T00:00:00+00:00
[2025-05-13T13:18:12.015+0000] {processor.py:179} INFO - Processing /opt/airflow/dags/my_first_dag.py took 0.053 seconds
[2025-05-13T13:18:42.959+0000] {processor.py:157} INFO - Started process (PID=252) to work on /opt/airflow/dags/my_first_dag.py
[2025-05-13T13:18:42.959+0000] {processor.py:826} INFO - Processing file /opt/airflow/dags/my_first_dag.py for tasks to queue
[2025-05-13T13:18:42.960+0000] {logging_mixin.py:150} INFO - [2025-05-13T13:18:42.960+0000] {dagbag.py:541} INFO - Filling up the DagBag from /opt/airflow/dags/my_first_dag.py
[2025-05-13T13:18:42.967+0000] {processor.py:836} INFO - DAG(s) dict_keys(['first_dag']) retrieved from /opt/airflow/dags/my_first_dag.py
[2025-05-13T13:18:42.987+0000] {logging_mixin.py:150} INFO - [2025-05-13T13:18:42.987+0000] {dag.py:2742} INFO - Sync 1 DAGs
[2025-05-13T13:18:43.006+0000] {logging_mixin.py:150} INFO - [2025-05-13T13:18:43.006+0000] {dag.py:3508} INFO - Setting next_dagrun for first_dag to 2021-01-20T00:00:00+00:00, run_after=2021-01-21T00:00:00+00:00
[2025-05-13T13:18:43.019+0000] {processor.py:179} INFO - Processing /opt/airflow/dags/my_first_dag.py took 0.062 seconds
[2025-05-13T13:19:13.050+0000] {processor.py:157} INFO - Started process (PID=257) to work on /opt/airflow/dags/my_first_dag.py
[2025-05-13T13:19:13.051+0000] {processor.py:826} INFO - Processing file /opt/airflow/dags/my_first_dag.py for tasks to queue
[2025-05-13T13:19:13.051+0000] {logging_mixin.py:150} INFO - [2025-05-13T13:19:13.051+0000] {dagbag.py:541} INFO - Filling up the DagBag from /opt/airflow/dags/my_first_dag.py
[2025-05-13T13:19:13.058+0000] {processor.py:836} INFO - DAG(s) dict_keys(['first_dag']) retrieved from /opt/airflow/dags/my_first_dag.py
[2025-05-13T13:19:13.075+0000] {logging_mixin.py:150} INFO - [2025-05-13T13:19:13.074+0000] {dag.py:2742} INFO - Sync 1 DAGs
[2025-05-13T13:19:13.090+0000] {logging_mixin.py:150} INFO - [2025-05-13T13:19:13.090+0000] {dag.py:3508} INFO - Setting next_dagrun for first_dag to 2021-01-20T00:00:00+00:00, run_after=2021-01-21T00:00:00+00:00
[2025-05-13T13:19:13.101+0000] {processor.py:179} INFO - Processing /opt/airflow/dags/my_first_dag.py took 0.053 seconds
[2025-05-13T13:19:43.124+0000] {processor.py:157} INFO - Started process (PID=262) to work on /opt/airflow/dags/my_first_dag.py
[2025-05-13T13:19:43.125+0000] {processor.py:826} INFO - Processing file /opt/airflow/dags/my_first_dag.py for tasks to queue
[2025-05-13T13:19:43.125+0000] {logging_mixin.py:150} INFO - [2025-05-13T13:19:43.125+0000] {dagbag.py:541} INFO - Filling up the DagBag from /opt/airflow/dags/my_first_dag.py
[2025-05-13T13:19:43.132+0000] {processor.py:836} INFO - DAG(s) dict_keys(['first_dag']) retrieved from /opt/airflow/dags/my_first_dag.py
[2025-05-13T13:19:43.149+0000] {logging_mixin.py:150} INFO - [2025-05-13T13:19:43.149+0000] {dag.py:2742} INFO - Sync 1 DAGs
[2025-05-13T13:19:43.166+0000] {logging_mixin.py:150} INFO - [2025-05-13T13:19:43.166+0000] {dag.py:3508} INFO - Setting next_dagrun for first_dag to 2021-01-20T00:00:00+00:00, run_after=2021-01-21T00:00:00+00:00
[2025-05-13T13:19:43.177+0000] {processor.py:179} INFO - Processing /opt/airflow/dags/my_first_dag.py took 0.055 seconds
[2025-05-13T13:20:14.116+0000] {processor.py:157} INFO - Started process (PID=267) to work on /opt/airflow/dags/my_first_dag.py
[2025-05-13T13:20:14.117+0000] {processor.py:826} INFO - Processing file /opt/airflow/dags/my_first_dag.py for tasks to queue
[2025-05-13T13:20:14.118+0000] {logging_mixin.py:150} INFO - [2025-05-13T13:20:14.118+0000] {dagbag.py:541} INFO - Filling up the DagBag from /opt/airflow/dags/my_first_dag.py
[2025-05-13T13:20:14.124+0000] {processor.py:836} INFO - DAG(s) dict_keys(['first_dag']) retrieved from /opt/airflow/dags/my_first_dag.py
[2025-05-13T13:20:14.142+0000] {logging_mixin.py:150} INFO - [2025-05-13T13:20:14.141+0000] {dag.py:2742} INFO - Sync 1 DAGs
[2025-05-13T13:20:14.158+0000] {logging_mixin.py:150} INFO - [2025-05-13T13:20:14.157+0000] {dag.py:3508} INFO - Setting next_dagrun for first_dag to 2021-01-20T00:00:00+00:00, run_after=2021-01-21T00:00:00+00:00
[2025-05-13T13:20:14.169+0000] {processor.py:179} INFO - Processing /opt/airflow/dags/my_first_dag.py took 0.055 seconds
[2025-05-13T13:20:45.133+0000] {processor.py:157} INFO - Started process (PID=272) to work on /opt/airflow/dags/my_first_dag.py
[2025-05-13T13:20:45.134+0000] {processor.py:826} INFO - Processing file /opt/airflow/dags/my_first_dag.py for tasks to queue
[2025-05-13T13:20:45.134+0000] {logging_mixin.py:150} INFO - [2025-05-13T13:20:45.134+0000] {dagbag.py:541} INFO - Filling up the DagBag from /opt/airflow/dags/my_first_dag.py
[2025-05-13T13:20:45.144+0000] {processor.py:836} INFO - DAG(s) dict_keys(['first_dag']) retrieved from /opt/airflow/dags/my_first_dag.py
[2025-05-13T13:20:45.174+0000] {logging_mixin.py:150} INFO - [2025-05-13T13:20:45.174+0000] {dag.py:2742} INFO - Sync 1 DAGs
[2025-05-13T13:20:45.198+0000] {logging_mixin.py:150} INFO - [2025-05-13T13:20:45.198+0000] {dag.py:3508} INFO - Setting next_dagrun for first_dag to 2021-01-20T00:00:00+00:00, run_after=2021-01-21T00:00:00+00:00
[2025-05-13T13:20:45.211+0000] {processor.py:179} INFO - Processing /opt/airflow/dags/my_first_dag.py took 0.079 seconds
[2025-05-13T13:21:16.143+0000] {processor.py:157} INFO - Started process (PID=277) to work on /opt/airflow/dags/my_first_dag.py
[2025-05-13T13:21:16.150+0000] {processor.py:826} INFO - Processing file /opt/airflow/dags/my_first_dag.py for tasks to queue
[2025-05-13T13:21:16.150+0000] {logging_mixin.py:150} INFO - [2025-05-13T13:21:16.150+0000] {dagbag.py:541} INFO - Filling up the DagBag from /opt/airflow/dags/my_first_dag.py
[2025-05-13T13:21:16.157+0000] {processor.py:836} INFO - DAG(s) dict_keys(['first_dag']) retrieved from /opt/airflow/dags/my_first_dag.py
[2025-05-13T13:21:16.175+0000] {logging_mixin.py:150} INFO - [2025-05-13T13:21:16.175+0000] {dag.py:2742} INFO - Sync 1 DAGs
[2025-05-13T13:21:16.191+0000] {logging_mixin.py:150} INFO - [2025-05-13T13:21:16.191+0000] {dag.py:3508} INFO - Setting next_dagrun for first_dag to 2021-01-20T00:00:00+00:00, run_after=2021-01-21T00:00:00+00:00
[2025-05-13T13:21:16.203+0000] {processor.py:179} INFO - Processing /opt/airflow/dags/my_first_dag.py took 0.062 seconds
[2025-05-13T13:21:46.234+0000] {processor.py:157} INFO - Started process (PID=282) to work on /opt/airflow/dags/my_first_dag.py
[2025-05-13T13:21:46.235+0000] {processor.py:826} INFO - Processing file /opt/airflow/dags/my_first_dag.py for tasks to queue
[2025-05-13T13:21:46.235+0000] {logging_mixin.py:150} INFO - [2025-05-13T13:21:46.235+0000] {dagbag.py:541} INFO - Filling up the DagBag from /opt/airflow/dags/my_first_dag.py
[2025-05-13T13:21:46.242+0000] {processor.py:836} INFO - DAG(s) dict_keys(['first_dag']) retrieved from /opt/airflow/dags/my_first_dag.py
[2025-05-13T13:21:46.259+0000] {logging_mixin.py:150} INFO - [2025-05-13T13:21:46.258+0000] {dag.py:2742} INFO - Sync 1 DAGs
[2025-05-13T13:21:46.275+0000] {logging_mixin.py:150} INFO - [2025-05-13T13:21:46.274+0000] {dag.py:3508} INFO - Setting next_dagrun for first_dag to 2021-01-20T00:00:00+00:00, run_after=2021-01-21T00:00:00+00:00
[2025-05-13T13:21:46.286+0000] {processor.py:179} INFO - Processing /opt/airflow/dags/my_first_dag.py took 0.053 seconds
[2025-05-13T13:22:17.231+0000] {processor.py:157} INFO - Started process (PID=287) to work on /opt/airflow/dags/my_first_dag.py
[2025-05-13T13:22:17.237+0000] {processor.py:826} INFO - Processing file /opt/airflow/dags/my_first_dag.py for tasks to queue
[2025-05-13T13:22:17.238+0000] {logging_mixin.py:150} INFO - [2025-05-13T13:22:17.238+0000] {dagbag.py:541} INFO - Filling up the DagBag from /opt/airflow/dags/my_first_dag.py
[2025-05-13T13:22:17.244+0000] {processor.py:836} INFO - DAG(s) dict_keys(['first_dag']) retrieved from /opt/airflow/dags/my_first_dag.py
[2025-05-13T13:22:17.261+0000] {logging_mixin.py:150} INFO - [2025-05-13T13:22:17.261+0000] {dag.py:2742} INFO - Sync 1 DAGs
[2025-05-13T13:22:17.277+0000] {logging_mixin.py:150} INFO - [2025-05-13T13:22:17.277+0000] {dag.py:3508} INFO - Setting next_dagrun for first_dag to 2021-01-20T00:00:00+00:00, run_after=2021-01-21T00:00:00+00:00
[2025-05-13T13:22:17.289+0000] {processor.py:179} INFO - Processing /opt/airflow/dags/my_first_dag.py took 0.060 seconds
[2025-05-13T13:22:48.252+0000] {processor.py:157} INFO - Started process (PID=292) to work on /opt/airflow/dags/my_first_dag.py
[2025-05-13T13:22:48.259+0000] {processor.py:826} INFO - Processing file /opt/airflow/dags/my_first_dag.py for tasks to queue
[2025-05-13T13:22:48.259+0000] {logging_mixin.py:150} INFO - [2025-05-13T13:22:48.259+0000] {dagbag.py:541} INFO - Filling up the DagBag from /opt/airflow/dags/my_first_dag.py
[2025-05-13T13:22:48.266+0000] {processor.py:836} INFO - DAG(s) dict_keys(['first_dag']) retrieved from /opt/airflow/dags/my_first_dag.py
[2025-05-13T13:22:48.282+0000] {logging_mixin.py:150} INFO - [2025-05-13T13:22:48.282+0000] {dag.py:2742} INFO - Sync 1 DAGs
[2025-05-13T13:22:48.298+0000] {logging_mixin.py:150} INFO - [2025-05-13T13:22:48.298+0000] {dag.py:3508} INFO - Setting next_dagrun for first_dag to 2021-01-20T00:00:00+00:00, run_after=2021-01-21T00:00:00+00:00
[2025-05-13T13:22:48.310+0000] {processor.py:179} INFO - Processing /opt/airflow/dags/my_first_dag.py took 0.060 seconds
[2025-05-13T13:23:19.293+0000] {processor.py:157} INFO - Started process (PID=297) to work on /opt/airflow/dags/my_first_dag.py
[2025-05-13T13:23:19.294+0000] {processor.py:826} INFO - Processing file /opt/airflow/dags/my_first_dag.py for tasks to queue
[2025-05-13T13:23:19.294+0000] {logging_mixin.py:150} INFO - [2025-05-13T13:23:19.294+0000] {dagbag.py:541} INFO - Filling up the DagBag from /opt/airflow/dags/my_first_dag.py
[2025-05-13T13:23:19.301+0000] {processor.py:836} INFO - DAG(s) dict_keys(['first_dag']) retrieved from /opt/airflow/dags/my_first_dag.py
[2025-05-13T13:23:19.318+0000] {logging_mixin.py:150} INFO - [2025-05-13T13:23:19.318+0000] {dag.py:2742} INFO - Sync 1 DAGs
[2025-05-13T13:23:19.334+0000] {logging_mixin.py:150} INFO - [2025-05-13T13:23:19.334+0000] {dag.py:3508} INFO - Setting next_dagrun for first_dag to 2021-01-20T00:00:00+00:00, run_after=2021-01-21T00:00:00+00:00
[2025-05-13T13:23:19.345+0000] {processor.py:179} INFO - Processing /opt/airflow/dags/my_first_dag.py took 0.054 seconds
[2025-05-13T13:23:49.397+0000] {processor.py:157} INFO - Started process (PID=302) to work on /opt/airflow/dags/my_first_dag.py
[2025-05-13T13:23:49.404+0000] {processor.py:826} INFO - Processing file /opt/airflow/dags/my_first_dag.py for tasks to queue
[2025-05-13T13:23:49.405+0000] {logging_mixin.py:150} INFO - [2025-05-13T13:23:49.404+0000] {dagbag.py:541} INFO - Filling up the DagBag from /opt/airflow/dags/my_first_dag.py
[2025-05-13T13:23:49.411+0000] {processor.py:836} INFO - DAG(s) dict_keys(['first_dag']) retrieved from /opt/airflow/dags/my_first_dag.py
[2025-05-13T13:23:49.428+0000] {logging_mixin.py:150} INFO - [2025-05-13T13:23:49.428+0000] {dag.py:2742} INFO - Sync 1 DAGs
[2025-05-13T13:23:49.444+0000] {logging_mixin.py:150} INFO - [2025-05-13T13:23:49.443+0000] {dag.py:3508} INFO - Setting next_dagrun for first_dag to 2021-01-20T00:00:00+00:00, run_after=2021-01-21T00:00:00+00:00
[2025-05-13T13:23:49.455+0000] {processor.py:179} INFO - Processing /opt/airflow/dags/my_first_dag.py took 0.060 seconds
[2025-05-13T13:24:20.401+0000] {processor.py:157} INFO - Started process (PID=307) to work on /opt/airflow/dags/my_first_dag.py
[2025-05-13T13:24:20.408+0000] {processor.py:826} INFO - Processing file /opt/airflow/dags/my_first_dag.py for tasks to queue
[2025-05-13T13:24:20.409+0000] {logging_mixin.py:150} INFO - [2025-05-13T13:24:20.409+0000] {dagbag.py:541} INFO - Filling up the DagBag from /opt/airflow/dags/my_first_dag.py
[2025-05-13T13:24:20.416+0000] {processor.py:836} INFO - DAG(s) dict_keys(['first_dag']) retrieved from /opt/airflow/dags/my_first_dag.py
[2025-05-13T13:24:20.432+0000] {logging_mixin.py:150} INFO - [2025-05-13T13:24:20.432+0000] {dag.py:2742} INFO - Sync 1 DAGs
[2025-05-13T13:24:20.449+0000] {logging_mixin.py:150} INFO - [2025-05-13T13:24:20.449+0000] {dag.py:3508} INFO - Setting next_dagrun for first_dag to 2021-01-20T00:00:00+00:00, run_after=2021-01-21T00:00:00+00:00
[2025-05-13T13:24:20.460+0000] {processor.py:179} INFO - Processing /opt/airflow/dags/my_first_dag.py took 0.061 seconds
[2025-05-13T13:24:51.425+0000] {processor.py:157} INFO - Started process (PID=312) to work on /opt/airflow/dags/my_first_dag.py
[2025-05-13T13:24:51.431+0000] {processor.py:826} INFO - Processing file /opt/airflow/dags/my_first_dag.py for tasks to queue
[2025-05-13T13:24:51.432+0000] {logging_mixin.py:150} INFO - [2025-05-13T13:24:51.432+0000] {dagbag.py:541} INFO - Filling up the DagBag from /opt/airflow/dags/my_first_dag.py
[2025-05-13T13:24:51.439+0000] {processor.py:836} INFO - DAG(s) dict_keys(['first_dag']) retrieved from /opt/airflow/dags/my_first_dag.py
[2025-05-13T13:24:51.457+0000] {logging_mixin.py:150} INFO - [2025-05-13T13:24:51.457+0000] {dag.py:2742} INFO - Sync 1 DAGs
[2025-05-13T13:24:51.476+0000] {logging_mixin.py:150} INFO - [2025-05-13T13:24:51.475+0000] {dag.py:3508} INFO - Setting next_dagrun for first_dag to 2021-01-20T00:00:00+00:00, run_after=2021-01-21T00:00:00+00:00
[2025-05-13T13:24:51.488+0000] {processor.py:179} INFO - Processing /opt/airflow/dags/my_first_dag.py took 0.065 seconds
[2025-05-13T13:25:22.477+0000] {processor.py:157} INFO - Started process (PID=317) to work on /opt/airflow/dags/my_first_dag.py
[2025-05-13T13:25:22.484+0000] {processor.py:826} INFO - Processing file /opt/airflow/dags/my_first_dag.py for tasks to queue
[2025-05-13T13:25:22.485+0000] {logging_mixin.py:150} INFO - [2025-05-13T13:25:22.484+0000] {dagbag.py:541} INFO - Filling up the DagBag from /opt/airflow/dags/my_first_dag.py
[2025-05-13T13:25:22.491+0000] {processor.py:836} INFO - DAG(s) dict_keys(['first_dag']) retrieved from /opt/airflow/dags/my_first_dag.py
[2025-05-13T13:25:22.509+0000] {logging_mixin.py:150} INFO - [2025-05-13T13:25:22.509+0000] {dag.py:2742} INFO - Sync 1 DAGs
[2025-05-13T13:25:22.526+0000] {logging_mixin.py:150} INFO - [2025-05-13T13:25:22.526+0000] {dag.py:3508} INFO - Setting next_dagrun for first_dag to 2021-01-20T00:00:00+00:00, run_after=2021-01-21T00:00:00+00:00
[2025-05-13T13:25:22.537+0000] {processor.py:179} INFO - Processing /opt/airflow/dags/my_first_dag.py took 0.062 seconds
[2025-05-13T13:25:53.527+0000] {processor.py:157} INFO - Started process (PID=322) to work on /opt/airflow/dags/my_first_dag.py
[2025-05-13T13:25:53.534+0000] {processor.py:826} INFO - Processing file /opt/airflow/dags/my_first_dag.py for tasks to queue
[2025-05-13T13:25:53.535+0000] {logging_mixin.py:150} INFO - [2025-05-13T13:25:53.534+0000] {dagbag.py:541} INFO - Filling up the DagBag from /opt/airflow/dags/my_first_dag.py
[2025-05-13T13:25:53.541+0000] {processor.py:836} INFO - DAG(s) dict_keys(['first_dag']) retrieved from /opt/airflow/dags/my_first_dag.py
[2025-05-13T13:25:53.558+0000] {logging_mixin.py:150} INFO - [2025-05-13T13:25:53.557+0000] {dag.py:2742} INFO - Sync 1 DAGs
[2025-05-13T13:25:53.574+0000] {logging_mixin.py:150} INFO - [2025-05-13T13:25:53.574+0000] {dag.py:3508} INFO - Setting next_dagrun for first_dag to 2021-01-20T00:00:00+00:00, run_after=2021-01-21T00:00:00+00:00
[2025-05-13T13:25:53.585+0000] {processor.py:179} INFO - Processing /opt/airflow/dags/my_first_dag.py took 0.060 seconds
[2025-05-13T13:26:24.561+0000] {processor.py:157} INFO - Started process (PID=327) to work on /opt/airflow/dags/my_first_dag.py
[2025-05-13T13:26:24.561+0000] {processor.py:826} INFO - Processing file /opt/airflow/dags/my_first_dag.py for tasks to queue
[2025-05-13T13:26:24.562+0000] {logging_mixin.py:150} INFO - [2025-05-13T13:26:24.562+0000] {dagbag.py:541} INFO - Filling up the DagBag from /opt/airflow/dags/my_first_dag.py
[2025-05-13T13:26:24.571+0000] {processor.py:836} INFO - DAG(s) dict_keys(['first_dag']) retrieved from /opt/airflow/dags/my_first_dag.py
[2025-05-13T13:26:24.593+0000] {logging_mixin.py:150} INFO - [2025-05-13T13:26:24.592+0000] {dag.py:2742} INFO - Sync 1 DAGs
[2025-05-13T13:26:24.609+0000] {logging_mixin.py:150} INFO - [2025-05-13T13:26:24.609+0000] {dag.py:3508} INFO - Setting next_dagrun for first_dag to 2021-01-20T00:00:00+00:00, run_after=2021-01-21T00:00:00+00:00
[2025-05-13T13:26:24.620+0000] {processor.py:179} INFO - Processing /opt/airflow/dags/my_first_dag.py took 0.061 seconds
[2025-05-13T13:26:55.571+0000] {processor.py:157} INFO - Started process (PID=332) to work on /opt/airflow/dags/my_first_dag.py
[2025-05-13T13:26:55.572+0000] {processor.py:826} INFO - Processing file /opt/airflow/dags/my_first_dag.py for tasks to queue
[2025-05-13T13:26:55.572+0000] {logging_mixin.py:150} INFO - [2025-05-13T13:26:55.572+0000] {dagbag.py:541} INFO - Filling up the DagBag from /opt/airflow/dags/my_first_dag.py
[2025-05-13T13:26:55.579+0000] {processor.py:836} INFO - DAG(s) dict_keys(['first_dag']) retrieved from /opt/airflow/dags/my_first_dag.py
[2025-05-13T13:26:55.596+0000] {logging_mixin.py:150} INFO - [2025-05-13T13:26:55.596+0000] {dag.py:2742} INFO - Sync 1 DAGs
[2025-05-13T13:26:55.612+0000] {logging_mixin.py:150} INFO - [2025-05-13T13:26:55.612+0000] {dag.py:3508} INFO - Setting next_dagrun for first_dag to 2021-01-20T00:00:00+00:00, run_after=2021-01-21T00:00:00+00:00
[2025-05-13T13:26:55.623+0000] {processor.py:179} INFO - Processing /opt/airflow/dags/my_first_dag.py took 0.054 seconds
[2025-05-13T13:27:26.607+0000] {processor.py:157} INFO - Started process (PID=337) to work on /opt/airflow/dags/my_first_dag.py
[2025-05-13T13:27:26.614+0000] {processor.py:826} INFO - Processing file /opt/airflow/dags/my_first_dag.py for tasks to queue
[2025-05-13T13:27:26.614+0000] {logging_mixin.py:150} INFO - [2025-05-13T13:27:26.614+0000] {dagbag.py:541} INFO - Filling up the DagBag from /opt/airflow/dags/my_first_dag.py
[2025-05-13T13:27:26.621+0000] {processor.py:836} INFO - DAG(s) dict_keys(['first_dag']) retrieved from /opt/airflow/dags/my_first_dag.py
[2025-05-13T13:27:26.637+0000] {logging_mixin.py:150} INFO - [2025-05-13T13:27:26.637+0000] {dag.py:2742} INFO - Sync 1 DAGs
[2025-05-13T13:27:26.653+0000] {logging_mixin.py:150} INFO - [2025-05-13T13:27:26.653+0000] {dag.py:3508} INFO - Setting next_dagrun for first_dag to 2021-01-20T00:00:00+00:00, run_after=2021-01-21T00:00:00+00:00
[2025-05-13T13:27:26.664+0000] {processor.py:179} INFO - Processing /opt/airflow/dags/my_first_dag.py took 0.059 seconds
[2025-05-13T13:27:57.642+0000] {processor.py:157} INFO - Started process (PID=342) to work on /opt/airflow/dags/my_first_dag.py
[2025-05-13T13:27:57.642+0000] {processor.py:826} INFO - Processing file /opt/airflow/dags/my_first_dag.py for tasks to queue
[2025-05-13T13:27:57.643+0000] {logging_mixin.py:150} INFO - [2025-05-13T13:27:57.642+0000] {dagbag.py:541} INFO - Filling up the DagBag from /opt/airflow/dags/my_first_dag.py
[2025-05-13T13:27:57.649+0000] {processor.py:836} INFO - DAG(s) dict_keys(['first_dag']) retrieved from /opt/airflow/dags/my_first_dag.py
[2025-05-13T13:27:57.668+0000] {logging_mixin.py:150} INFO - [2025-05-13T13:27:57.668+0000] {dag.py:2742} INFO - Sync 1 DAGs
[2025-05-13T13:27:57.684+0000] {logging_mixin.py:150} INFO - [2025-05-13T13:27:57.684+0000] {dag.py:3508} INFO - Setting next_dagrun for first_dag to 2021-01-20T00:00:00+00:00, run_after=2021-01-21T00:00:00+00:00
[2025-05-13T13:27:57.697+0000] {processor.py:179} INFO - Processing /opt/airflow/dags/my_first_dag.py took 0.058 seconds
[2025-05-13T13:28:28.679+0000] {processor.py:157} INFO - Started process (PID=347) to work on /opt/airflow/dags/my_first_dag.py
[2025-05-13T13:28:28.680+0000] {processor.py:826} INFO - Processing file /opt/airflow/dags/my_first_dag.py for tasks to queue
[2025-05-13T13:28:28.680+0000] {logging_mixin.py:150} INFO - [2025-05-13T13:28:28.680+0000] {dagbag.py:541} INFO - Filling up the DagBag from /opt/airflow/dags/my_first_dag.py
[2025-05-13T13:28:28.687+0000] {processor.py:836} INFO - DAG(s) dict_keys(['first_dag']) retrieved from /opt/airflow/dags/my_first_dag.py
[2025-05-13T13:28:28.704+0000] {logging_mixin.py:150} INFO - [2025-05-13T13:28:28.704+0000] {dag.py:2742} INFO - Sync 1 DAGs
[2025-05-13T13:28:28.720+0000] {logging_mixin.py:150} INFO - [2025-05-13T13:28:28.720+0000] {dag.py:3508} INFO - Setting next_dagrun for first_dag to 2021-01-20T00:00:00+00:00, run_after=2021-01-21T00:00:00+00:00
[2025-05-13T13:28:28.732+0000] {processor.py:179} INFO - Processing /opt/airflow/dags/my_first_dag.py took 0.055 seconds
