[2025-06-03T15:20:23.638+0000] {taskinstance.py:1103} INFO - Dependencies all met for dep_context=non-requeueable deps ti=<TaskInstance: usd_rate_fetcher.save_data_to_db scheduled__2020-03-17T00:00:00+00:00 [queued]>
[2025-06-03T15:20:23.645+0000] {taskinstance.py:1103} INFO - Dependencies all met for dep_context=requeueable deps ti=<TaskInstance: usd_rate_fetcher.save_data_to_db scheduled__2020-03-17T00:00:00+00:00 [queued]>
[2025-06-03T15:20:23.645+0000] {taskinstance.py:1308} INFO - Starting attempt 1 of 3
[2025-06-03T15:20:23.656+0000] {taskinstance.py:1327} INFO - Executing <Task(_PythonDecoratedOperator): save_data_to_db> on 2020-03-17 00:00:00+00:00
[2025-06-03T15:20:23.662+0000] {standard_task_runner.py:57} INFO - Started process 15860 to run task
[2025-06-03T15:20:23.664+0000] {standard_task_runner.py:84} INFO - Running: ['***', 'tasks', 'run', 'usd_rate_fetcher', 'save_data_to_db', 'scheduled__2020-03-17T00:00:00+00:00', '--job-id', '8752', '--raw', '--subdir', 'DAGS_FOLDER/usd_rate_fetcher.py', '--cfg-path', '/tmp/tmp809crqex']
[2025-06-03T15:20:23.667+0000] {standard_task_runner.py:85} INFO - Job 8752: Subtask save_data_to_db
[2025-06-03T15:20:23.701+0000] {task_command.py:410} INFO - Running <TaskInstance: usd_rate_fetcher.save_data_to_db scheduled__2020-03-17T00:00:00+00:00 [running]> on host 40869fde016f
[2025-06-03T15:20:23.852+0000] {logging_mixin.py:150} WARNING - /home/***/.local/lib/python3.7/site-packages/***/utils/context.py:205 AirflowContextDeprecationWarning: Accessing 'execution_date' from the template is deprecated and will be removed in a future version. Please use 'data_interval_start' or 'logical_date' instead.
[2025-06-03T15:20:23.878+0000] {taskinstance.py:1547} INFO - Exporting env vars: AIRFLOW_CTX_DAG_OWNER='***' AIRFLOW_CTX_DAG_ID='usd_rate_fetcher' AIRFLOW_CTX_TASK_ID='save_data_to_db' AIRFLOW_CTX_EXECUTION_DATE='2020-03-17T00:00:00+00:00' AIRFLOW_CTX_TRY_NUMBER='1' AIRFLOW_CTX_DAG_RUN_ID='scheduled__2020-03-17T00:00:00+00:00'
[2025-06-03T15:20:23.879+0000] {usd_rate_fetcher.py:80} INFO - Received USD rate: {'date': datetime.date(2020, 3, 17), 'content': [{'Фунт стерлингов': 91.7015}, {'Доллар США': 74.1262}, {'Евро': 82.7471}, {'Юань': 10.5928}]} for date 2020-03-17
[2025-06-03T15:20:23.884+0000] {base.py:73} INFO - Using connection ID 'pg_database' for task execution.
[2025-06-03T15:20:23.887+0000] {usd_rate_fetcher.py:103} INFO - Saved 91.70 for Фунт стерлингов on 2020-03-17
[2025-06-03T15:20:23.888+0000] {usd_rate_fetcher.py:103} INFO - Saved 74.13 for Доллар США on 2020-03-17
[2025-06-03T15:20:23.888+0000] {usd_rate_fetcher.py:103} INFO - Saved 82.75 for Евро on 2020-03-17
[2025-06-03T15:20:23.889+0000] {usd_rate_fetcher.py:103} INFO - Saved 10.59 for Юань on 2020-03-17
[2025-06-03T15:20:23.890+0000] {python.py:183} INFO - Done. Returned value was: None
[2025-06-03T15:20:23.896+0000] {taskinstance.py:1350} INFO - Marking task as SUCCESS. dag_id=usd_rate_fetcher, task_id=save_data_to_db, execution_date=20200317T000000, start_date=20250603T152023, end_date=20250603T152023
[2025-06-03T15:20:23.918+0000] {local_task_job_runner.py:225} INFO - Task exited with return code 0
[2025-06-03T15:20:23.931+0000] {taskinstance.py:2653} INFO - 0 downstream tasks scheduled from follow-on schedule check
[2025-06-03T15:29:43.446+0000] {taskinstance.py:1103} INFO - Dependencies all met for dep_context=non-requeueable deps ti=<TaskInstance: usd_rate_fetcher.save_data_to_db scheduled__2020-03-17T00:00:00+00:00 [queued]>
[2025-06-03T15:29:43.459+0000] {taskinstance.py:1103} INFO - Dependencies all met for dep_context=requeueable deps ti=<TaskInstance: usd_rate_fetcher.save_data_to_db scheduled__2020-03-17T00:00:00+00:00 [queued]>
[2025-06-03T15:29:43.460+0000] {taskinstance.py:1308} INFO - Starting attempt 1 of 3
[2025-06-03T15:29:43.484+0000] {taskinstance.py:1327} INFO - Executing <Task(_PythonDecoratedOperator): save_data_to_db> on 2020-03-17 00:00:00+00:00
[2025-06-03T15:29:43.494+0000] {standard_task_runner.py:57} INFO - Started process 18481 to run task
[2025-06-03T15:29:43.499+0000] {standard_task_runner.py:84} INFO - Running: ['***', 'tasks', 'run', 'usd_rate_fetcher', 'save_data_to_db', 'scheduled__2020-03-17T00:00:00+00:00', '--job-id', '8906', '--raw', '--subdir', 'DAGS_FOLDER/usd_rate_fetcher.py', '--cfg-path', '/tmp/tmpq2fcm30u']
[2025-06-03T15:29:43.502+0000] {standard_task_runner.py:85} INFO - Job 8906: Subtask save_data_to_db
[2025-06-03T15:29:43.589+0000] {task_command.py:410} INFO - Running <TaskInstance: usd_rate_fetcher.save_data_to_db scheduled__2020-03-17T00:00:00+00:00 [running]> on host 40869fde016f
[2025-06-03T15:29:43.810+0000] {logging_mixin.py:150} WARNING - /home/***/.local/lib/python3.7/site-packages/***/utils/context.py:205 AirflowContextDeprecationWarning: Accessing 'execution_date' from the template is deprecated and will be removed in a future version. Please use 'data_interval_start' or 'logical_date' instead.
[2025-06-03T15:29:43.846+0000] {taskinstance.py:1547} INFO - Exporting env vars: AIRFLOW_CTX_DAG_OWNER='***' AIRFLOW_CTX_DAG_ID='usd_rate_fetcher' AIRFLOW_CTX_TASK_ID='save_data_to_db' AIRFLOW_CTX_EXECUTION_DATE='2020-03-17T00:00:00+00:00' AIRFLOW_CTX_TRY_NUMBER='1' AIRFLOW_CTX_DAG_RUN_ID='scheduled__2020-03-17T00:00:00+00:00'
[2025-06-03T15:29:43.847+0000] {usd_rate_fetcher.py:80} INFO - Received USD rate: {'date': datetime.date(2020, 3, 17), 'content': [{'GBP': 91.7015}, {'HKD': 95.4533}, {'USD': 74.1262}, {'EUR': 82.7471}, {'CNY': 10.5928}]} for date 2020-03-17
[2025-06-03T15:29:43.855+0000] {base.py:73} INFO - Using connection ID 'pg_database' for task execution.
[2025-06-03T15:29:43.859+0000] {usd_rate_fetcher.py:103} INFO - Saved 91.70 for GBP on 2020-03-17
[2025-06-03T15:29:43.860+0000] {usd_rate_fetcher.py:103} INFO - Saved 95.45 for HKD on 2020-03-17
[2025-06-03T15:29:43.861+0000] {usd_rate_fetcher.py:103} INFO - Saved 74.13 for USD on 2020-03-17
[2025-06-03T15:29:43.861+0000] {usd_rate_fetcher.py:103} INFO - Saved 82.75 for EUR on 2020-03-17
[2025-06-03T15:29:43.862+0000] {usd_rate_fetcher.py:103} INFO - Saved 10.59 for CNY on 2020-03-17
[2025-06-03T15:29:43.863+0000] {python.py:183} INFO - Done. Returned value was: None
[2025-06-03T15:29:43.872+0000] {taskinstance.py:1350} INFO - Marking task as SUCCESS. dag_id=usd_rate_fetcher, task_id=save_data_to_db, execution_date=20200317T000000, start_date=20250603T152943, end_date=20250603T152943
[2025-06-03T15:29:43.914+0000] {local_task_job_runner.py:225} INFO - Task exited with return code 0
[2025-06-03T15:29:43.930+0000] {taskinstance.py:2653} INFO - 0 downstream tasks scheduled from follow-on schedule check
