[2025-06-03T15:20:12.829+0000] {taskinstance.py:1103} INFO - Dependencies all met for dep_context=non-requeueable deps ti=<TaskInstance: usd_rate_fetcher.fetch_data_from_api scheduled__2020-02-16T00:00:00+00:00 [queued]>
[2025-06-03T15:20:12.837+0000] {taskinstance.py:1103} INFO - Dependencies all met for dep_context=requeueable deps ti=<TaskInstance: usd_rate_fetcher.fetch_data_from_api scheduled__2020-02-16T00:00:00+00:00 [queued]>
[2025-06-03T15:20:12.837+0000] {taskinstance.py:1308} INFO - Starting attempt 1 of 3
[2025-06-03T15:20:12.937+0000] {taskinstance.py:1327} INFO - Executing <Task(_PythonDecoratedOperator): fetch_data_from_api> on 2020-02-16 00:00:00+00:00
[2025-06-03T15:20:12.943+0000] {standard_task_runner.py:57} INFO - Started process 15037 to run task
[2025-06-03T15:20:12.962+0000] {standard_task_runner.py:84} INFO - Running: ['***', 'tasks', 'run', 'usd_rate_fetcher', 'fetch_data_from_api', 'scheduled__2020-02-16T00:00:00+00:00', '--job-id', '8691', '--raw', '--subdir', 'DAGS_FOLDER/usd_rate_fetcher.py', '--cfg-path', '/tmp/tmp1lit4vy1']
[2025-06-03T15:20:12.964+0000] {standard_task_runner.py:85} INFO - Job 8691: Subtask fetch_data_from_api
[2025-06-03T15:20:13.019+0000] {task_command.py:410} INFO - Running <TaskInstance: usd_rate_fetcher.fetch_data_from_api scheduled__2020-02-16T00:00:00+00:00 [running]> on host 40869fde016f
[2025-06-03T15:20:13.368+0000] {logging_mixin.py:150} WARNING - /home/***/.local/lib/python3.7/site-packages/***/utils/context.py:205 AirflowContextDeprecationWarning: Accessing 'execution_date' from the template is deprecated and will be removed in a future version. Please use 'data_interval_start' or 'logical_date' instead.
[2025-06-03T15:20:13.416+0000] {taskinstance.py:1547} INFO - Exporting env vars: AIRFLOW_CTX_DAG_OWNER='***' AIRFLOW_CTX_DAG_ID='usd_rate_fetcher' AIRFLOW_CTX_TASK_ID='fetch_data_from_api' AIRFLOW_CTX_EXECUTION_DATE='2020-02-16T00:00:00+00:00' AIRFLOW_CTX_TRY_NUMBER='1' AIRFLOW_CTX_DAG_RUN_ID='scheduled__2020-02-16T00:00:00+00:00'
[2025-06-03T15:20:13.428+0000] {usd_rate_fetcher.py:34} INFO - Переменная ['Доллар США', 'Евро', 'Гонконгский доллар', 'Юань', 'Фунт стерлингов']
[2025-06-03T15:20:13.437+0000] {usd_rate_fetcher.py:53} INFO - Fetching data for date: 16/02/2020
[2025-06-03T15:20:13.488+0000] {python.py:183} INFO - Done. Returned value was: {'date': datetime.date(2020, 2, 16), 'content': [{'Фунт стерлингов': 82.7816}, {'Доллар США': 63.4536}, {'Евро': 68.771}]}
[2025-06-03T15:20:13.538+0000] {taskinstance.py:1350} INFO - Marking task as SUCCESS. dag_id=usd_rate_fetcher, task_id=fetch_data_from_api, execution_date=20200216T000000, start_date=20250603T152012, end_date=20250603T152013
[2025-06-03T15:20:13.606+0000] {local_task_job_runner.py:225} INFO - Task exited with return code 0
[2025-06-03T15:20:13.639+0000] {taskinstance.py:2653} INFO - 1 downstream tasks scheduled from follow-on schedule check
[2025-06-03T15:27:24.391+0000] {taskinstance.py:1103} INFO - Dependencies all met for dep_context=non-requeueable deps ti=<TaskInstance: usd_rate_fetcher.fetch_data_from_api scheduled__2020-02-16T00:00:00+00:00 [queued]>
[2025-06-03T15:27:24.402+0000] {taskinstance.py:1103} INFO - Dependencies all met for dep_context=requeueable deps ti=<TaskInstance: usd_rate_fetcher.fetch_data_from_api scheduled__2020-02-16T00:00:00+00:00 [queued]>
[2025-06-03T15:27:24.402+0000] {taskinstance.py:1308} INFO - Starting attempt 1 of 3
[2025-06-03T15:27:24.454+0000] {taskinstance.py:1327} INFO - Executing <Task(_PythonDecoratedOperator): fetch_data_from_api> on 2020-02-16 00:00:00+00:00
[2025-06-03T15:27:24.463+0000] {standard_task_runner.py:57} INFO - Started process 17392 to run task
[2025-06-03T15:27:24.473+0000] {standard_task_runner.py:84} INFO - Running: ['***', 'tasks', 'run', 'usd_rate_fetcher', 'fetch_data_from_api', 'scheduled__2020-02-16T00:00:00+00:00', '--job-id', '8837', '--raw', '--subdir', 'DAGS_FOLDER/usd_rate_fetcher.py', '--cfg-path', '/tmp/tmp8by9fpm2']
[2025-06-03T15:27:24.484+0000] {standard_task_runner.py:85} INFO - Job 8837: Subtask fetch_data_from_api
[2025-06-03T15:27:24.564+0000] {task_command.py:410} INFO - Running <TaskInstance: usd_rate_fetcher.fetch_data_from_api scheduled__2020-02-16T00:00:00+00:00 [running]> on host 40869fde016f
[2025-06-03T15:27:24.627+0000] {logging_mixin.py:150} WARNING - /home/***/.local/lib/python3.7/site-packages/***/utils/context.py:205 AirflowContextDeprecationWarning: Accessing 'execution_date' from the template is deprecated and will be removed in a future version. Please use 'data_interval_start' or 'logical_date' instead.
[2025-06-03T15:27:24.691+0000] {taskinstance.py:1547} INFO - Exporting env vars: AIRFLOW_CTX_DAG_OWNER='***' AIRFLOW_CTX_DAG_ID='usd_rate_fetcher' AIRFLOW_CTX_TASK_ID='fetch_data_from_api' AIRFLOW_CTX_EXECUTION_DATE='2020-02-16T00:00:00+00:00' AIRFLOW_CTX_TRY_NUMBER='1' AIRFLOW_CTX_DAG_RUN_ID='scheduled__2020-02-16T00:00:00+00:00'
[2025-06-03T15:27:24.700+0000] {usd_rate_fetcher.py:34} INFO - Переменная ['USD', 'EUR', 'HKD', 'CNY', 'GBP']
[2025-06-03T15:27:24.714+0000] {usd_rate_fetcher.py:53} INFO - Fetching data for date: 16/02/2020
[2025-06-03T15:27:24.767+0000] {python.py:183} INFO - Done. Returned value was: {'date': datetime.date(2020, 2, 16), 'content': [{'GBP': 82.7816}, {'HKD': 81.6996}, {'USD': 63.4536}, {'EUR': 68.771}, {'CNY': 90.909}]}
[2025-06-03T15:27:24.794+0000] {taskinstance.py:1350} INFO - Marking task as SUCCESS. dag_id=usd_rate_fetcher, task_id=fetch_data_from_api, execution_date=20200216T000000, start_date=20250603T152724, end_date=20250603T152724
[2025-06-03T15:27:24.844+0000] {local_task_job_runner.py:225} INFO - Task exited with return code 0
[2025-06-03T15:27:24.867+0000] {taskinstance.py:2653} INFO - 1 downstream tasks scheduled from follow-on schedule check
