[2025-06-03T15:20:08.503+0000] {taskinstance.py:1103} INFO - Dependencies all met for dep_context=non-requeueable deps ti=<TaskInstance: usd_rate_fetcher.save_data_to_db scheduled__2020-02-07T00:00:00+00:00 [queued]>
[2025-06-03T15:20:08.509+0000] {taskinstance.py:1103} INFO - Dependencies all met for dep_context=requeueable deps ti=<TaskInstance: usd_rate_fetcher.save_data_to_db scheduled__2020-02-07T00:00:00+00:00 [queued]>
[2025-06-03T15:20:08.510+0000] {taskinstance.py:1308} INFO - Starting attempt 1 of 3
[2025-06-03T15:20:08.521+0000] {taskinstance.py:1327} INFO - Executing <Task(_PythonDecoratedOperator): save_data_to_db> on 2020-02-07 00:00:00+00:00
[2025-06-03T15:20:08.526+0000] {standard_task_runner.py:57} INFO - Started process 14859 to run task
[2025-06-03T15:20:08.529+0000] {standard_task_runner.py:84} INFO - Running: ['***', 'tasks', 'run', 'usd_rate_fetcher', 'save_data_to_db', 'scheduled__2020-02-07T00:00:00+00:00', '--job-id', '8683', '--raw', '--subdir', 'DAGS_FOLDER/usd_rate_fetcher.py', '--cfg-path', '/tmp/tmp2x9p4ozg']
[2025-06-03T15:20:08.530+0000] {standard_task_runner.py:85} INFO - Job 8683: Subtask save_data_to_db
[2025-06-03T15:20:08.563+0000] {task_command.py:410} INFO - Running <TaskInstance: usd_rate_fetcher.save_data_to_db scheduled__2020-02-07T00:00:00+00:00 [running]> on host 40869fde016f
[2025-06-03T15:20:08.727+0000] {logging_mixin.py:150} WARNING - /home/***/.local/lib/python3.7/site-packages/***/utils/context.py:205 AirflowContextDeprecationWarning: Accessing 'execution_date' from the template is deprecated and will be removed in a future version. Please use 'data_interval_start' or 'logical_date' instead.
[2025-06-03T15:20:08.761+0000] {taskinstance.py:1547} INFO - Exporting env vars: AIRFLOW_CTX_DAG_OWNER='***' AIRFLOW_CTX_DAG_ID='usd_rate_fetcher' AIRFLOW_CTX_TASK_ID='save_data_to_db' AIRFLOW_CTX_EXECUTION_DATE='2020-02-07T00:00:00+00:00' AIRFLOW_CTX_TRY_NUMBER='1' AIRFLOW_CTX_DAG_RUN_ID='scheduled__2020-02-07T00:00:00+00:00'
[2025-06-03T15:20:08.761+0000] {usd_rate_fetcher.py:80} INFO - Received USD rate: {'date': datetime.date(2020, 2, 7), 'content': [{'Фунт стерлингов': 81.5554}, {'Доллар США': 62.7977}, {'Евро': 69.0837}]} for date 2020-02-07
[2025-06-03T15:20:08.767+0000] {base.py:73} INFO - Using connection ID 'pg_database' for task execution.
[2025-06-03T15:20:08.771+0000] {usd_rate_fetcher.py:103} INFO - Saved 81.56 for Фунт стерлингов on 2020-02-07
[2025-06-03T15:20:08.771+0000] {usd_rate_fetcher.py:103} INFO - Saved 62.80 for Доллар США on 2020-02-07
[2025-06-03T15:20:08.772+0000] {usd_rate_fetcher.py:103} INFO - Saved 69.08 for Евро on 2020-02-07
[2025-06-03T15:20:08.773+0000] {python.py:183} INFO - Done. Returned value was: None
[2025-06-03T15:20:08.779+0000] {taskinstance.py:1350} INFO - Marking task as SUCCESS. dag_id=usd_rate_fetcher, task_id=save_data_to_db, execution_date=20200207T000000, start_date=20250603T152008, end_date=20250603T152008
[2025-06-03T15:20:08.822+0000] {local_task_job_runner.py:225} INFO - Task exited with return code 0
[2025-06-03T15:20:08.836+0000] {taskinstance.py:2653} INFO - 0 downstream tasks scheduled from follow-on schedule check
[2025-06-03T15:27:24.422+0000] {taskinstance.py:1103} INFO - Dependencies all met for dep_context=non-requeueable deps ti=<TaskInstance: usd_rate_fetcher.save_data_to_db scheduled__2020-02-07T00:00:00+00:00 [queued]>
[2025-06-03T15:27:24.430+0000] {taskinstance.py:1103} INFO - Dependencies all met for dep_context=requeueable deps ti=<TaskInstance: usd_rate_fetcher.save_data_to_db scheduled__2020-02-07T00:00:00+00:00 [queued]>
[2025-06-03T15:27:24.430+0000] {taskinstance.py:1308} INFO - Starting attempt 1 of 3
[2025-06-03T15:27:24.465+0000] {taskinstance.py:1327} INFO - Executing <Task(_PythonDecoratedOperator): save_data_to_db> on 2020-02-07 00:00:00+00:00
[2025-06-03T15:27:24.470+0000] {standard_task_runner.py:57} INFO - Started process 17393 to run task
[2025-06-03T15:27:24.499+0000] {standard_task_runner.py:84} INFO - Running: ['***', 'tasks', 'run', 'usd_rate_fetcher', 'save_data_to_db', 'scheduled__2020-02-07T00:00:00+00:00', '--job-id', '8838', '--raw', '--subdir', 'DAGS_FOLDER/usd_rate_fetcher.py', '--cfg-path', '/tmp/tmp667zg7v4']
[2025-06-03T15:27:24.501+0000] {standard_task_runner.py:85} INFO - Job 8838: Subtask save_data_to_db
[2025-06-03T15:27:24.551+0000] {task_command.py:410} INFO - Running <TaskInstance: usd_rate_fetcher.save_data_to_db scheduled__2020-02-07T00:00:00+00:00 [running]> on host 40869fde016f
[2025-06-03T15:27:24.781+0000] {logging_mixin.py:150} WARNING - /home/***/.local/lib/python3.7/site-packages/***/utils/context.py:205 AirflowContextDeprecationWarning: Accessing 'execution_date' from the template is deprecated and will be removed in a future version. Please use 'data_interval_start' or 'logical_date' instead.
[2025-06-03T15:27:24.827+0000] {taskinstance.py:1547} INFO - Exporting env vars: AIRFLOW_CTX_DAG_OWNER='***' AIRFLOW_CTX_DAG_ID='usd_rate_fetcher' AIRFLOW_CTX_TASK_ID='save_data_to_db' AIRFLOW_CTX_EXECUTION_DATE='2020-02-07T00:00:00+00:00' AIRFLOW_CTX_TRY_NUMBER='1' AIRFLOW_CTX_DAG_RUN_ID='scheduled__2020-02-07T00:00:00+00:00'
[2025-06-03T15:27:24.828+0000] {usd_rate_fetcher.py:80} INFO - Received USD rate: {'date': datetime.date(2020, 2, 7), 'content': [{'GBP': 81.5554}, {'HKD': 80.8957}, {'USD': 62.7977}, {'EUR': 69.0837}, {'CNY': 90.0958}]} for date 2020-02-07
[2025-06-03T15:27:24.835+0000] {base.py:73} INFO - Using connection ID 'pg_database' for task execution.
[2025-06-03T15:27:24.840+0000] {usd_rate_fetcher.py:103} INFO - Saved 81.56 for GBP on 2020-02-07
[2025-06-03T15:27:24.840+0000] {usd_rate_fetcher.py:103} INFO - Saved 80.90 for HKD on 2020-02-07
[2025-06-03T15:27:24.841+0000] {usd_rate_fetcher.py:103} INFO - Saved 62.80 for USD on 2020-02-07
[2025-06-03T15:27:24.841+0000] {usd_rate_fetcher.py:103} INFO - Saved 69.08 for EUR on 2020-02-07
[2025-06-03T15:27:24.842+0000] {usd_rate_fetcher.py:103} INFO - Saved 90.10 for CNY on 2020-02-07
[2025-06-03T15:27:24.845+0000] {python.py:183} INFO - Done. Returned value was: None
[2025-06-03T15:27:24.854+0000] {taskinstance.py:1350} INFO - Marking task as SUCCESS. dag_id=usd_rate_fetcher, task_id=save_data_to_db, execution_date=20200207T000000, start_date=20250603T152724, end_date=20250603T152724
[2025-06-03T15:27:24.881+0000] {local_task_job_runner.py:225} INFO - Task exited with return code 0
[2025-06-03T15:27:24.900+0000] {taskinstance.py:2653} INFO - 0 downstream tasks scheduled from follow-on schedule check
