[2025-06-03T09:17:31.631+0000] {taskinstance.py:1103} INFO - Dependencies all met for dep_context=non-requeueable deps ti=<TaskInstance: usd_rate_fetcher_taskflow.fetch_data_from_api scheduled__2000-01-04T00:00:00+00:00 [queued]>
[2025-06-03T09:17:31.639+0000] {taskinstance.py:1103} INFO - Dependencies all met for dep_context=requeueable deps ti=<TaskInstance: usd_rate_fetcher_taskflow.fetch_data_from_api scheduled__2000-01-04T00:00:00+00:00 [queued]>
[2025-06-03T09:17:31.639+0000] {taskinstance.py:1308} INFO - Starting attempt 1 of 3
[2025-06-03T09:17:31.687+0000] {taskinstance.py:1327} INFO - Executing <Task(_PythonDecoratedOperator): fetch_data_from_api> on 2000-01-04 00:00:00+00:00
[2025-06-03T09:17:31.700+0000] {standard_task_runner.py:57} INFO - Started process 365 to run task
[2025-06-03T09:17:31.715+0000] {standard_task_runner.py:84} INFO - Running: ['***', 'tasks', 'run', 'usd_rate_fetcher_taskflow', 'fetch_data_from_api', 'scheduled__2000-01-04T00:00:00+00:00', '--job-id', '7395', '--raw', '--subdir', 'DAGS_FOLDER/usd_rate_fetcher.py', '--cfg-path', '/tmp/tmpdc6bhhoq']
[2025-06-03T09:17:31.718+0000] {standard_task_runner.py:85} INFO - Job 7395: Subtask fetch_data_from_api
[2025-06-03T09:17:31.790+0000] {task_command.py:410} INFO - Running <TaskInstance: usd_rate_fetcher_taskflow.fetch_data_from_api scheduled__2000-01-04T00:00:00+00:00 [running]> on host 40869fde016f
[2025-06-03T09:17:32.030+0000] {logging_mixin.py:150} WARNING - /home/***/.local/lib/python3.7/site-packages/***/utils/context.py:205 AirflowContextDeprecationWarning: Accessing 'execution_date' from the template is deprecated and will be removed in a future version. Please use 'data_interval_start' or 'logical_date' instead.
[2025-06-03T09:17:32.096+0000] {taskinstance.py:1547} INFO - Exporting env vars: AIRFLOW_CTX_DAG_OWNER='***' AIRFLOW_CTX_DAG_ID='usd_rate_fetcher_taskflow' AIRFLOW_CTX_TASK_ID='fetch_data_from_api' AIRFLOW_CTX_EXECUTION_DATE='2000-01-04T00:00:00+00:00' AIRFLOW_CTX_TRY_NUMBER='1' AIRFLOW_CTX_DAG_RUN_ID='scheduled__2000-01-04T00:00:00+00:00'
[2025-06-03T09:17:32.101+0000] {taskinstance.py:1824} ERROR - Task failed with exception
Traceback (most recent call last):
  File "/home/airflow/.local/lib/python3.7/site-packages/airflow/decorators/base.py", line 220, in execute
    return_value = super().execute(context)
  File "/home/airflow/.local/lib/python3.7/site-packages/airflow/operators/python.py", line 181, in execute
    return_value = self.execute_callable()
  File "/home/airflow/.local/lib/python3.7/site-packages/airflow/operators/python.py", line 198, in execute_callable
    return self.python_callable(*self.op_args, **self.op_kwargs)
  File "/opt/airflow/dags/usd_rate_fetcher.py", line 30, in fetch_data_from_api
    date_str = execution_date.strftime("%d/%m/%Y")
AttributeError: 'str' object has no attribute 'strftime'
[2025-06-03T09:17:32.110+0000] {taskinstance.py:1350} INFO - Marking task as UP_FOR_RETRY. dag_id=usd_rate_fetcher_taskflow, task_id=fetch_data_from_api, execution_date=20000104T000000, start_date=20250603T091731, end_date=20250603T091732
[2025-06-03T09:17:32.135+0000] {standard_task_runner.py:109} ERROR - Failed to execute job 7395 for task fetch_data_from_api ('str' object has no attribute 'strftime'; 365)
[2025-06-03T09:17:32.168+0000] {local_task_job_runner.py:225} INFO - Task exited with return code 1
[2025-06-03T09:17:32.224+0000] {taskinstance.py:2653} INFO - 0 downstream tasks scheduled from follow-on schedule check
[2025-06-03T09:34:43.865+0000] {taskinstance.py:1103} INFO - Dependencies all met for dep_context=non-requeueable deps ti=<TaskInstance: usd_rate_fetcher_taskflow.fetch_data_from_api scheduled__2000-01-04T00:00:00+00:00 [queued]>
[2025-06-03T09:34:43.873+0000] {taskinstance.py:1103} INFO - Dependencies all met for dep_context=requeueable deps ti=<TaskInstance: usd_rate_fetcher_taskflow.fetch_data_from_api scheduled__2000-01-04T00:00:00+00:00 [queued]>
[2025-06-03T09:34:43.874+0000] {taskinstance.py:1308} INFO - Starting attempt 1 of 3
[2025-06-03T09:34:43.890+0000] {taskinstance.py:1327} INFO - Executing <Task(_PythonDecoratedOperator): fetch_data_from_api> on 2000-01-04 00:00:00+00:00
[2025-06-03T09:34:43.895+0000] {standard_task_runner.py:57} INFO - Started process 9645 to run task
[2025-06-03T09:34:43.898+0000] {standard_task_runner.py:84} INFO - Running: ['***', 'tasks', 'run', 'usd_rate_fetcher_taskflow', 'fetch_data_from_api', 'scheduled__2000-01-04T00:00:00+00:00', '--job-id', '7965', '--raw', '--subdir', 'DAGS_FOLDER/usd_rate_fetcher.py', '--cfg-path', '/tmp/tmpy155_vor']
[2025-06-03T09:34:43.900+0000] {standard_task_runner.py:85} INFO - Job 7965: Subtask fetch_data_from_api
[2025-06-03T09:34:43.954+0000] {task_command.py:410} INFO - Running <TaskInstance: usd_rate_fetcher_taskflow.fetch_data_from_api scheduled__2000-01-04T00:00:00+00:00 [running]> on host 40869fde016f
[2025-06-03T09:34:44.251+0000] {logging_mixin.py:150} WARNING - /home/***/.local/lib/python3.7/site-packages/***/utils/context.py:205 AirflowContextDeprecationWarning: Accessing 'execution_date' from the template is deprecated and will be removed in a future version. Please use 'data_interval_start' or 'logical_date' instead.
[2025-06-03T09:34:44.322+0000] {taskinstance.py:1547} INFO - Exporting env vars: AIRFLOW_CTX_DAG_OWNER='***' AIRFLOW_CTX_DAG_ID='usd_rate_fetcher_taskflow' AIRFLOW_CTX_TASK_ID='fetch_data_from_api' AIRFLOW_CTX_EXECUTION_DATE='2000-01-04T00:00:00+00:00' AIRFLOW_CTX_TRY_NUMBER='1' AIRFLOW_CTX_DAG_RUN_ID='scheduled__2000-01-04T00:00:00+00:00'
[2025-06-03T09:34:44.323+0000] {usd_rate_fetcher.py:34} INFO - Fetching data for date: 04/01/2000
[2025-06-03T09:34:44.451+0000] {python.py:183} INFO - Done. Returned value was: 27.0
[2025-06-03T09:34:44.472+0000] {taskinstance.py:1350} INFO - Marking task as SUCCESS. dag_id=usd_rate_fetcher_taskflow, task_id=fetch_data_from_api, execution_date=20000104T000000, start_date=20250603T093443, end_date=20250603T093444
[2025-06-03T09:34:44.512+0000] {local_task_job_runner.py:225} INFO - Task exited with return code 0
[2025-06-03T09:34:44.533+0000] {taskinstance.py:2653} INFO - 1 downstream tasks scheduled from follow-on schedule check
[2025-06-03T09:35:40.071+0000] {taskinstance.py:1103} INFO - Dependencies all met for dep_context=non-requeueable deps ti=<TaskInstance: usd_rate_fetcher_taskflow.fetch_data_from_api scheduled__2000-01-04T00:00:00+00:00 [queued]>
[2025-06-03T09:35:40.081+0000] {taskinstance.py:1103} INFO - Dependencies all met for dep_context=requeueable deps ti=<TaskInstance: usd_rate_fetcher_taskflow.fetch_data_from_api scheduled__2000-01-04T00:00:00+00:00 [queued]>
[2025-06-03T09:35:40.081+0000] {taskinstance.py:1308} INFO - Starting attempt 1 of 3
[2025-06-03T09:35:40.100+0000] {taskinstance.py:1327} INFO - Executing <Task(_PythonDecoratedOperator): fetch_data_from_api> on 2000-01-04 00:00:00+00:00
[2025-06-03T09:35:40.109+0000] {standard_task_runner.py:57} INFO - Started process 10108 to run task
[2025-06-03T09:35:40.114+0000] {standard_task_runner.py:84} INFO - Running: ['***', 'tasks', 'run', 'usd_rate_fetcher_taskflow', 'fetch_data_from_api', 'scheduled__2000-01-04T00:00:00+00:00', '--job-id', '7993', '--raw', '--subdir', 'DAGS_FOLDER/usd_rate_fetcher.py', '--cfg-path', '/tmp/tmp7yiqyf2t']
[2025-06-03T09:35:40.116+0000] {standard_task_runner.py:85} INFO - Job 7993: Subtask fetch_data_from_api
[2025-06-03T09:35:40.178+0000] {task_command.py:410} INFO - Running <TaskInstance: usd_rate_fetcher_taskflow.fetch_data_from_api scheduled__2000-01-04T00:00:00+00:00 [running]> on host 40869fde016f
[2025-06-03T09:35:40.489+0000] {logging_mixin.py:150} WARNING - /home/***/.local/lib/python3.7/site-packages/***/utils/context.py:205 AirflowContextDeprecationWarning: Accessing 'execution_date' from the template is deprecated and will be removed in a future version. Please use 'data_interval_start' or 'logical_date' instead.
[2025-06-03T09:35:40.538+0000] {taskinstance.py:1547} INFO - Exporting env vars: AIRFLOW_CTX_DAG_OWNER='***' AIRFLOW_CTX_DAG_ID='usd_rate_fetcher_taskflow' AIRFLOW_CTX_TASK_ID='fetch_data_from_api' AIRFLOW_CTX_EXECUTION_DATE='2000-01-04T00:00:00+00:00' AIRFLOW_CTX_TRY_NUMBER='1' AIRFLOW_CTX_DAG_RUN_ID='scheduled__2000-01-04T00:00:00+00:00'
[2025-06-03T09:35:40.542+0000] {usd_rate_fetcher.py:34} INFO - Fetching data for date: 04/01/2000
[2025-06-03T09:35:40.623+0000] {python.py:183} INFO - Done. Returned value was: 27.0
[2025-06-03T09:35:40.708+0000] {taskinstance.py:1350} INFO - Marking task as SUCCESS. dag_id=usd_rate_fetcher_taskflow, task_id=fetch_data_from_api, execution_date=20000104T000000, start_date=20250603T093540, end_date=20250603T093540
[2025-06-03T09:35:40.776+0000] {local_task_job_runner.py:225} INFO - Task exited with return code 0
[2025-06-03T09:35:40.812+0000] {taskinstance.py:2653} INFO - 1 downstream tasks scheduled from follow-on schedule check
