[2025-06-03T15:19:54.914+0000] {taskinstance.py:1103} INFO - Dependencies all met for dep_context=non-requeueable deps ti=<TaskInstance: usd_rate_fetcher.save_data_to_db scheduled__2020-01-16T00:00:00+00:00 [queued]>
[2025-06-03T15:19:54.919+0000] {taskinstance.py:1103} INFO - Dependencies all met for dep_context=requeueable deps ti=<TaskInstance: usd_rate_fetcher.save_data_to_db scheduled__2020-01-16T00:00:00+00:00 [queued]>
[2025-06-03T15:19:54.920+0000] {taskinstance.py:1308} INFO - Starting attempt 1 of 3
[2025-06-03T15:19:54.930+0000] {taskinstance.py:1327} INFO - Executing <Task(_PythonDecoratedOperator): save_data_to_db> on 2020-01-16 00:00:00+00:00
[2025-06-03T15:19:54.936+0000] {standard_task_runner.py:57} INFO - Started process 14131 to run task
[2025-06-03T15:19:54.938+0000] {standard_task_runner.py:84} INFO - Running: ['***', 'tasks', 'run', 'usd_rate_fetcher', 'save_data_to_db', 'scheduled__2020-01-16T00:00:00+00:00', '--job-id', '8631', '--raw', '--subdir', 'DAGS_FOLDER/usd_rate_fetcher.py', '--cfg-path', '/tmp/tmpzsp3gen9']
[2025-06-03T15:19:54.939+0000] {standard_task_runner.py:85} INFO - Job 8631: Subtask save_data_to_db
[2025-06-03T15:19:54.969+0000] {task_command.py:410} INFO - Running <TaskInstance: usd_rate_fetcher.save_data_to_db scheduled__2020-01-16T00:00:00+00:00 [running]> on host 40869fde016f
[2025-06-03T15:19:55.148+0000] {logging_mixin.py:150} WARNING - /home/***/.local/lib/python3.7/site-packages/***/utils/context.py:205 AirflowContextDeprecationWarning: Accessing 'execution_date' from the template is deprecated and will be removed in a future version. Please use 'data_interval_start' or 'logical_date' instead.
[2025-06-03T15:19:55.186+0000] {taskinstance.py:1547} INFO - Exporting env vars: AIRFLOW_CTX_DAG_OWNER='***' AIRFLOW_CTX_DAG_ID='usd_rate_fetcher' AIRFLOW_CTX_TASK_ID='save_data_to_db' AIRFLOW_CTX_EXECUTION_DATE='2020-01-16T00:00:00+00:00' AIRFLOW_CTX_TRY_NUMBER='1' AIRFLOW_CTX_DAG_RUN_ID='scheduled__2020-01-16T00:00:00+00:00'
[2025-06-03T15:19:55.187+0000] {usd_rate_fetcher.py:80} INFO - Received USD rate: {'date': datetime.date(2020, 1, 16), 'content': [{'Фунт стерлингов': 79.9548}, {'Доллар США': 61.4328}, {'Евро': 68.3747}]} for date 2020-01-16
[2025-06-03T15:19:55.196+0000] {base.py:73} INFO - Using connection ID 'pg_database' for task execution.
[2025-06-03T15:19:55.201+0000] {usd_rate_fetcher.py:103} INFO - Saved 79.95 for Фунт стерлингов on 2020-01-16
[2025-06-03T15:19:55.202+0000] {usd_rate_fetcher.py:103} INFO - Saved 61.43 for Доллар США on 2020-01-16
[2025-06-03T15:19:55.203+0000] {usd_rate_fetcher.py:103} INFO - Saved 68.37 for Евро on 2020-01-16
[2025-06-03T15:19:55.204+0000] {python.py:183} INFO - Done. Returned value was: None
[2025-06-03T15:19:55.214+0000] {taskinstance.py:1350} INFO - Marking task as SUCCESS. dag_id=usd_rate_fetcher, task_id=save_data_to_db, execution_date=20200116T000000, start_date=20250603T151954, end_date=20250603T151955
[2025-06-03T15:19:55.272+0000] {local_task_job_runner.py:225} INFO - Task exited with return code 0
[2025-06-03T15:19:55.287+0000] {taskinstance.py:2653} INFO - 0 downstream tasks scheduled from follow-on schedule check
[2025-06-03T15:27:12.249+0000] {taskinstance.py:1103} INFO - Dependencies all met for dep_context=non-requeueable deps ti=<TaskInstance: usd_rate_fetcher.save_data_to_db scheduled__2020-01-16T00:00:00+00:00 [queued]>
[2025-06-03T15:27:12.256+0000] {taskinstance.py:1103} INFO - Dependencies all met for dep_context=requeueable deps ti=<TaskInstance: usd_rate_fetcher.save_data_to_db scheduled__2020-01-16T00:00:00+00:00 [queued]>
[2025-06-03T15:27:12.256+0000] {taskinstance.py:1308} INFO - Starting attempt 1 of 3
[2025-06-03T15:27:12.267+0000] {taskinstance.py:1327} INFO - Executing <Task(_PythonDecoratedOperator): save_data_to_db> on 2020-01-16 00:00:00+00:00
[2025-06-03T15:27:12.273+0000] {standard_task_runner.py:57} INFO - Started process 16592 to run task
[2025-06-03T15:27:12.275+0000] {standard_task_runner.py:84} INFO - Running: ['***', 'tasks', 'run', 'usd_rate_fetcher', 'save_data_to_db', 'scheduled__2020-01-16T00:00:00+00:00', '--job-id', '8783', '--raw', '--subdir', 'DAGS_FOLDER/usd_rate_fetcher.py', '--cfg-path', '/tmp/tmpoud72qcd']
[2025-06-03T15:27:12.277+0000] {standard_task_runner.py:85} INFO - Job 8783: Subtask save_data_to_db
[2025-06-03T15:27:12.314+0000] {task_command.py:410} INFO - Running <TaskInstance: usd_rate_fetcher.save_data_to_db scheduled__2020-01-16T00:00:00+00:00 [running]> on host 40869fde016f
[2025-06-03T15:27:12.499+0000] {logging_mixin.py:150} WARNING - /home/***/.local/lib/python3.7/site-packages/***/utils/context.py:205 AirflowContextDeprecationWarning: Accessing 'execution_date' from the template is deprecated and will be removed in a future version. Please use 'data_interval_start' or 'logical_date' instead.
[2025-06-03T15:27:12.530+0000] {taskinstance.py:1547} INFO - Exporting env vars: AIRFLOW_CTX_DAG_OWNER='***' AIRFLOW_CTX_DAG_ID='usd_rate_fetcher' AIRFLOW_CTX_TASK_ID='save_data_to_db' AIRFLOW_CTX_EXECUTION_DATE='2020-01-16T00:00:00+00:00' AIRFLOW_CTX_TRY_NUMBER='1' AIRFLOW_CTX_DAG_RUN_ID='scheduled__2020-01-16T00:00:00+00:00'
[2025-06-03T15:27:12.531+0000] {usd_rate_fetcher.py:80} INFO - Received USD rate: {'date': datetime.date(2020, 1, 16), 'content': [{'GBP': 79.9548}, {'HKD': 78.997}, {'USD': 61.4328}, {'EUR': 68.3747}, {'CNY': 89.2024}]} for date 2020-01-16
[2025-06-03T15:27:12.537+0000] {base.py:73} INFO - Using connection ID 'pg_database' for task execution.
[2025-06-03T15:27:12.541+0000] {usd_rate_fetcher.py:103} INFO - Saved 79.95 for GBP on 2020-01-16
[2025-06-03T15:27:12.542+0000] {usd_rate_fetcher.py:103} INFO - Saved 79.00 for HKD on 2020-01-16
[2025-06-03T15:27:12.543+0000] {usd_rate_fetcher.py:103} INFO - Saved 61.43 for USD on 2020-01-16
[2025-06-03T15:27:12.543+0000] {usd_rate_fetcher.py:103} INFO - Saved 68.37 for EUR on 2020-01-16
[2025-06-03T15:27:12.544+0000] {usd_rate_fetcher.py:103} INFO - Saved 89.20 for CNY on 2020-01-16
[2025-06-03T15:27:12.545+0000] {python.py:183} INFO - Done. Returned value was: None
[2025-06-03T15:27:12.552+0000] {taskinstance.py:1350} INFO - Marking task as SUCCESS. dag_id=usd_rate_fetcher, task_id=save_data_to_db, execution_date=20200116T000000, start_date=20250603T152712, end_date=20250603T152712
[2025-06-03T15:27:12.611+0000] {local_task_job_runner.py:225} INFO - Task exited with return code 0
[2025-06-03T15:27:12.623+0000] {taskinstance.py:2653} INFO - 0 downstream tasks scheduled from follow-on schedule check
