[2025-06-03T15:20:20.069+0000] {taskinstance.py:1103} INFO - Dependencies all met for dep_context=non-requeueable deps ti=<TaskInstance: usd_rate_fetcher.fetch_data_from_api scheduled__2020-03-03T00:00:00+00:00 [queued]>
[2025-06-03T15:20:20.085+0000] {taskinstance.py:1103} INFO - Dependencies all met for dep_context=requeueable deps ti=<TaskInstance: usd_rate_fetcher.fetch_data_from_api scheduled__2020-03-03T00:00:00+00:00 [queued]>
[2025-06-03T15:20:20.086+0000] {taskinstance.py:1308} INFO - Starting attempt 1 of 3
[2025-06-03T15:20:20.159+0000] {taskinstance.py:1327} INFO - Executing <Task(_PythonDecoratedOperator): fetch_data_from_api> on 2020-03-03 00:00:00+00:00
[2025-06-03T15:20:20.167+0000] {standard_task_runner.py:57} INFO - Started process 15503 to run task
[2025-06-03T15:20:20.171+0000] {standard_task_runner.py:84} INFO - Running: ['***', 'tasks', 'run', 'usd_rate_fetcher', 'fetch_data_from_api', 'scheduled__2020-03-03T00:00:00+00:00', '--job-id', '8723', '--raw', '--subdir', 'DAGS_FOLDER/usd_rate_fetcher.py', '--cfg-path', '/tmp/tmp_6xm6la6']
[2025-06-03T15:20:20.173+0000] {standard_task_runner.py:85} INFO - Job 8723: Subtask fetch_data_from_api
[2025-06-03T15:20:20.220+0000] {task_command.py:410} INFO - Running <TaskInstance: usd_rate_fetcher.fetch_data_from_api scheduled__2020-03-03T00:00:00+00:00 [running]> on host 40869fde016f
[2025-06-03T15:20:20.439+0000] {logging_mixin.py:150} WARNING - /home/***/.local/lib/python3.7/site-packages/***/utils/context.py:205 AirflowContextDeprecationWarning: Accessing 'execution_date' from the template is deprecated and will be removed in a future version. Please use 'data_interval_start' or 'logical_date' instead.
[2025-06-03T15:20:20.487+0000] {taskinstance.py:1547} INFO - Exporting env vars: AIRFLOW_CTX_DAG_OWNER='***' AIRFLOW_CTX_DAG_ID='usd_rate_fetcher' AIRFLOW_CTX_TASK_ID='fetch_data_from_api' AIRFLOW_CTX_EXECUTION_DATE='2020-03-03T00:00:00+00:00' AIRFLOW_CTX_TRY_NUMBER='1' AIRFLOW_CTX_DAG_RUN_ID='scheduled__2020-03-03T00:00:00+00:00'
[2025-06-03T15:20:20.501+0000] {usd_rate_fetcher.py:34} INFO - Переменная ['Доллар США', 'Евро', 'Гонконгский доллар', 'Юань', 'Фунт стерлингов']
[2025-06-03T15:20:20.513+0000] {usd_rate_fetcher.py:53} INFO - Fetching data for date: 03/03/2020
[2025-06-03T15:20:20.589+0000] {python.py:183} INFO - Done. Returned value was: {'date': datetime.date(2020, 3, 3), 'content': [{'Фунт стерлингов': 84.8195}, {'Доллар США': 66.3274}, {'Евро': 73.4178}]}
[2025-06-03T15:20:20.613+0000] {taskinstance.py:1350} INFO - Marking task as SUCCESS. dag_id=usd_rate_fetcher, task_id=fetch_data_from_api, execution_date=20200303T000000, start_date=20250603T152020, end_date=20250603T152020
[2025-06-03T15:20:20.667+0000] {local_task_job_runner.py:225} INFO - Task exited with return code 0
[2025-06-03T15:20:20.802+0000] {taskinstance.py:2653} INFO - 0 downstream tasks scheduled from follow-on schedule check
[2025-06-03T15:29:35.726+0000] {taskinstance.py:1103} INFO - Dependencies all met for dep_context=non-requeueable deps ti=<TaskInstance: usd_rate_fetcher.fetch_data_from_api scheduled__2020-03-03T00:00:00+00:00 [queued]>
[2025-06-03T15:29:35.734+0000] {taskinstance.py:1103} INFO - Dependencies all met for dep_context=requeueable deps ti=<TaskInstance: usd_rate_fetcher.fetch_data_from_api scheduled__2020-03-03T00:00:00+00:00 [queued]>
[2025-06-03T15:29:35.735+0000] {taskinstance.py:1308} INFO - Starting attempt 1 of 3
[2025-06-03T15:29:35.748+0000] {taskinstance.py:1327} INFO - Executing <Task(_PythonDecoratedOperator): fetch_data_from_api> on 2020-03-03 00:00:00+00:00
[2025-06-03T15:29:35.755+0000] {standard_task_runner.py:57} INFO - Started process 17865 to run task
[2025-06-03T15:29:35.757+0000] {standard_task_runner.py:84} INFO - Running: ['***', 'tasks', 'run', 'usd_rate_fetcher', 'fetch_data_from_api', 'scheduled__2020-03-03T00:00:00+00:00', '--job-id', '8863', '--raw', '--subdir', 'DAGS_FOLDER/usd_rate_fetcher.py', '--cfg-path', '/tmp/tmp7tjczhjz']
[2025-06-03T15:29:35.759+0000] {standard_task_runner.py:85} INFO - Job 8863: Subtask fetch_data_from_api
[2025-06-03T15:29:35.824+0000] {task_command.py:410} INFO - Running <TaskInstance: usd_rate_fetcher.fetch_data_from_api scheduled__2020-03-03T00:00:00+00:00 [running]> on host 40869fde016f
[2025-06-03T15:29:36.052+0000] {logging_mixin.py:150} WARNING - /home/***/.local/lib/python3.7/site-packages/***/utils/context.py:205 AirflowContextDeprecationWarning: Accessing 'execution_date' from the template is deprecated and will be removed in a future version. Please use 'data_interval_start' or 'logical_date' instead.
[2025-06-03T15:29:36.110+0000] {taskinstance.py:1547} INFO - Exporting env vars: AIRFLOW_CTX_DAG_OWNER='***' AIRFLOW_CTX_DAG_ID='usd_rate_fetcher' AIRFLOW_CTX_TASK_ID='fetch_data_from_api' AIRFLOW_CTX_EXECUTION_DATE='2020-03-03T00:00:00+00:00' AIRFLOW_CTX_TRY_NUMBER='1' AIRFLOW_CTX_DAG_RUN_ID='scheduled__2020-03-03T00:00:00+00:00'
[2025-06-03T15:29:36.120+0000] {usd_rate_fetcher.py:34} INFO - Переменная ['USD', 'EUR', 'HKD', 'CNY', 'GBP']
[2025-06-03T15:29:36.149+0000] {usd_rate_fetcher.py:53} INFO - Fetching data for date: 03/03/2020
[2025-06-03T15:29:36.195+0000] {python.py:183} INFO - Done. Returned value was: {'date': datetime.date(2020, 3, 3), 'content': [{'GBP': 84.8195}, {'HKD': 85.2746}, {'USD': 66.3274}, {'EUR': 73.4178}, {'CNY': 95.3363}]}
[2025-06-03T15:29:36.262+0000] {taskinstance.py:1350} INFO - Marking task as SUCCESS. dag_id=usd_rate_fetcher, task_id=fetch_data_from_api, execution_date=20200303T000000, start_date=20250603T152935, end_date=20250603T152936
[2025-06-03T15:29:36.335+0000] {local_task_job_runner.py:225} INFO - Task exited with return code 0
[2025-06-03T15:29:36.460+0000] {taskinstance.py:2653} INFO - 0 downstream tasks scheduled from follow-on schedule check
