[2025-06-03T15:20:05.547+0000] {taskinstance.py:1103} INFO - Dependencies all met for dep_context=non-requeueable deps ti=<TaskInstance: usd_rate_fetcher.fetch_data_from_api scheduled__2020-02-01T00:00:00+00:00 [queued]>
[2025-06-03T15:20:05.554+0000] {taskinstance.py:1103} INFO - Dependencies all met for dep_context=requeueable deps ti=<TaskInstance: usd_rate_fetcher.fetch_data_from_api scheduled__2020-02-01T00:00:00+00:00 [queued]>
[2025-06-03T15:20:05.555+0000] {taskinstance.py:1308} INFO - Starting attempt 1 of 3
[2025-06-03T15:20:05.611+0000] {taskinstance.py:1327} INFO - Executing <Task(_PythonDecoratedOperator): fetch_data_from_api> on 2020-02-01 00:00:00+00:00
[2025-06-03T15:20:05.620+0000] {standard_task_runner.py:57} INFO - Started process 14591 to run task
[2025-06-03T15:20:05.623+0000] {standard_task_runner.py:84} INFO - Running: ['***', 'tasks', 'run', 'usd_rate_fetcher', 'fetch_data_from_api', 'scheduled__2020-02-01T00:00:00+00:00', '--job-id', '8660', '--raw', '--subdir', 'DAGS_FOLDER/usd_rate_fetcher.py', '--cfg-path', '/tmp/tmpzil548g8']
[2025-06-03T15:20:05.626+0000] {standard_task_runner.py:85} INFO - Job 8660: Subtask fetch_data_from_api
[2025-06-03T15:20:05.698+0000] {task_command.py:410} INFO - Running <TaskInstance: usd_rate_fetcher.fetch_data_from_api scheduled__2020-02-01T00:00:00+00:00 [running]> on host 40869fde016f
[2025-06-03T15:20:06.108+0000] {logging_mixin.py:150} WARNING - /home/***/.local/lib/python3.7/site-packages/***/utils/context.py:205 AirflowContextDeprecationWarning: Accessing 'execution_date' from the template is deprecated and will be removed in a future version. Please use 'data_interval_start' or 'logical_date' instead.
[2025-06-03T15:20:06.172+0000] {taskinstance.py:1547} INFO - Exporting env vars: AIRFLOW_CTX_DAG_OWNER='***' AIRFLOW_CTX_DAG_ID='usd_rate_fetcher' AIRFLOW_CTX_TASK_ID='fetch_data_from_api' AIRFLOW_CTX_EXECUTION_DATE='2020-02-01T00:00:00+00:00' AIRFLOW_CTX_TRY_NUMBER='1' AIRFLOW_CTX_DAG_RUN_ID='scheduled__2020-02-01T00:00:00+00:00'
[2025-06-03T15:20:06.184+0000] {usd_rate_fetcher.py:34} INFO - Переменная ['Доллар США', 'Евро', 'Гонконгский доллар', 'Юань', 'Фунт стерлингов']
[2025-06-03T15:20:06.193+0000] {usd_rate_fetcher.py:53} INFO - Fetching data for date: 01/02/2020
[2025-06-03T15:20:06.241+0000] {python.py:183} INFO - Done. Returned value was: {'date': datetime.date(2020, 2, 1), 'content': [{'Фунт стерлингов': 82.964}, {'Доллар США': 63.1385}, {'Евро': 69.5976}]}
[2025-06-03T15:20:06.272+0000] {taskinstance.py:1350} INFO - Marking task as SUCCESS. dag_id=usd_rate_fetcher, task_id=fetch_data_from_api, execution_date=20200201T000000, start_date=20250603T152005, end_date=20250603T152006
[2025-06-03T15:20:06.324+0000] {local_task_job_runner.py:225} INFO - Task exited with return code 0
[2025-06-03T15:20:06.351+0000] {taskinstance.py:2653} INFO - 1 downstream tasks scheduled from follow-on schedule check
[2025-06-03T15:27:21.779+0000] {taskinstance.py:1103} INFO - Dependencies all met for dep_context=non-requeueable deps ti=<TaskInstance: usd_rate_fetcher.fetch_data_from_api scheduled__2020-02-01T00:00:00+00:00 [queued]>
[2025-06-03T15:27:21.814+0000] {taskinstance.py:1103} INFO - Dependencies all met for dep_context=requeueable deps ti=<TaskInstance: usd_rate_fetcher.fetch_data_from_api scheduled__2020-02-01T00:00:00+00:00 [queued]>
[2025-06-03T15:27:21.814+0000] {taskinstance.py:1308} INFO - Starting attempt 1 of 3
[2025-06-03T15:27:21.875+0000] {taskinstance.py:1327} INFO - Executing <Task(_PythonDecoratedOperator): fetch_data_from_api> on 2020-02-01 00:00:00+00:00
[2025-06-03T15:27:21.882+0000] {standard_task_runner.py:57} INFO - Started process 17114 to run task
[2025-06-03T15:27:21.884+0000] {standard_task_runner.py:84} INFO - Running: ['***', 'tasks', 'run', 'usd_rate_fetcher', 'fetch_data_from_api', 'scheduled__2020-02-01T00:00:00+00:00', '--job-id', '8816', '--raw', '--subdir', 'DAGS_FOLDER/usd_rate_fetcher.py', '--cfg-path', '/tmp/tmpi9h1qzen']
[2025-06-03T15:27:21.886+0000] {standard_task_runner.py:85} INFO - Job 8816: Subtask fetch_data_from_api
[2025-06-03T15:27:21.926+0000] {task_command.py:410} INFO - Running <TaskInstance: usd_rate_fetcher.fetch_data_from_api scheduled__2020-02-01T00:00:00+00:00 [running]> on host 40869fde016f
[2025-06-03T15:27:22.192+0000] {logging_mixin.py:150} WARNING - /home/***/.local/lib/python3.7/site-packages/***/utils/context.py:205 AirflowContextDeprecationWarning: Accessing 'execution_date' from the template is deprecated and will be removed in a future version. Please use 'data_interval_start' or 'logical_date' instead.
[2025-06-03T15:27:22.234+0000] {taskinstance.py:1547} INFO - Exporting env vars: AIRFLOW_CTX_DAG_OWNER='***' AIRFLOW_CTX_DAG_ID='usd_rate_fetcher' AIRFLOW_CTX_TASK_ID='fetch_data_from_api' AIRFLOW_CTX_EXECUTION_DATE='2020-02-01T00:00:00+00:00' AIRFLOW_CTX_TRY_NUMBER='1' AIRFLOW_CTX_DAG_RUN_ID='scheduled__2020-02-01T00:00:00+00:00'
[2025-06-03T15:27:22.244+0000] {usd_rate_fetcher.py:34} INFO - Переменная ['USD', 'EUR', 'HKD', 'CNY', 'GBP']
[2025-06-03T15:27:22.250+0000] {usd_rate_fetcher.py:53} INFO - Fetching data for date: 01/02/2020
[2025-06-03T15:27:22.314+0000] {python.py:183} INFO - Done. Returned value was: {'date': datetime.date(2020, 2, 1), 'content': [{'GBP': 82.964}, {'HKD': 81.2667}, {'USD': 63.1385}, {'EUR': 69.5976}, {'CNY': 91.0209}]}
[2025-06-03T15:27:22.387+0000] {taskinstance.py:1350} INFO - Marking task as SUCCESS. dag_id=usd_rate_fetcher, task_id=fetch_data_from_api, execution_date=20200201T000000, start_date=20250603T152721, end_date=20250603T152722
[2025-06-03T15:27:22.421+0000] {local_task_job_runner.py:225} INFO - Task exited with return code 0
[2025-06-03T15:27:22.451+0000] {taskinstance.py:2653} INFO - 1 downstream tasks scheduled from follow-on schedule check
