[2025-06-03T15:15:58.524+0000] {taskinstance.py:1103} INFO - Dependencies all met for dep_context=non-requeueable deps ti=<TaskInstance: usd_rate_fetcher.save_data_to_db scheduled__2000-03-12T00:00:00+00:00 [queued]>
[2025-06-03T15:15:58.537+0000] {taskinstance.py:1103} INFO - Dependencies all met for dep_context=requeueable deps ti=<TaskInstance: usd_rate_fetcher.save_data_to_db scheduled__2000-03-12T00:00:00+00:00 [queued]>
[2025-06-03T15:15:58.537+0000] {taskinstance.py:1308} INFO - Starting attempt 3 of 3
[2025-06-03T15:15:58.565+0000] {taskinstance.py:1327} INFO - Executing <Task(_PythonDecoratedOperator): save_data_to_db> on 2000-03-12 00:00:00+00:00
[2025-06-03T15:15:58.574+0000] {standard_task_runner.py:57} INFO - Started process 10167 to run task
[2025-06-03T15:15:58.601+0000] {standard_task_runner.py:84} INFO - Running: ['***', 'tasks', 'run', 'usd_rate_fetcher', 'save_data_to_db', 'scheduled__2000-03-12T00:00:00+00:00', '--job-id', '8350', '--raw', '--subdir', 'DAGS_FOLDER/usd_rate_fetcher.py', '--cfg-path', '/tmp/tmp4owlp28s']
[2025-06-03T15:15:58.604+0000] {standard_task_runner.py:85} INFO - Job 8350: Subtask save_data_to_db
[2025-06-03T15:15:58.775+0000] {task_command.py:410} INFO - Running <TaskInstance: usd_rate_fetcher.save_data_to_db scheduled__2000-03-12T00:00:00+00:00 [running]> on host 40869fde016f
[2025-06-03T15:15:58.933+0000] {logging_mixin.py:150} WARNING - /home/***/.local/lib/python3.7/site-packages/***/utils/context.py:205 AirflowContextDeprecationWarning: Accessing 'execution_date' from the template is deprecated and will be removed in a future version. Please use 'data_interval_start' or 'logical_date' instead.
[2025-06-03T15:15:59.006+0000] {taskinstance.py:1547} INFO - Exporting env vars: AIRFLOW_CTX_DAG_OWNER='***' AIRFLOW_CTX_DAG_ID='usd_rate_fetcher' AIRFLOW_CTX_TASK_ID='save_data_to_db' AIRFLOW_CTX_EXECUTION_DATE='2000-03-12T00:00:00+00:00' AIRFLOW_CTX_TRY_NUMBER='3' AIRFLOW_CTX_DAG_RUN_ID='scheduled__2000-03-12T00:00:00+00:00'
[2025-06-03T15:15:59.007+0000] {taskinstance.py:1824} ERROR - Task failed with exception
Traceback (most recent call last):
  File "/home/airflow/.local/lib/python3.7/site-packages/airflow/decorators/base.py", line 220, in execute
    return_value = super().execute(context)
  File "/home/airflow/.local/lib/python3.7/site-packages/airflow/operators/python.py", line 181, in execute
    return_value = self.execute_callable()
  File "/home/airflow/.local/lib/python3.7/site-packages/airflow/operators/python.py", line 198, in execute_callable
    return self.python_callable(*self.op_args, **self.op_kwargs)
  File "/opt/airflow/dags/usd_rate_fetcher.py", line 80, in save_data_to_db
    logger.info(f"Received USD rate: {data} for date {execution_date.date()}")
AttributeError: 'datetime.date' object has no attribute 'date'
[2025-06-03T15:15:59.027+0000] {taskinstance.py:1350} INFO - Marking task as FAILED. dag_id=usd_rate_fetcher, task_id=save_data_to_db, execution_date=20000312T000000, start_date=20250603T151558, end_date=20250603T151559
[2025-06-03T15:15:59.044+0000] {standard_task_runner.py:109} ERROR - Failed to execute job 8350 for task save_data_to_db ('datetime.date' object has no attribute 'date'; 10167)
[2025-06-03T15:15:59.061+0000] {local_task_job_runner.py:225} INFO - Task exited with return code 1
[2025-06-03T15:15:59.169+0000] {taskinstance.py:2653} INFO - 0 downstream tasks scheduled from follow-on schedule check
