[2025-06-03T15:19:58.101+0000] {taskinstance.py:1103} INFO - Dependencies all met for dep_context=non-requeueable deps ti=<TaskInstance: usd_rate_fetcher.fetch_data_from_api scheduled__2020-01-23T00:00:00+00:00 [queued]>
[2025-06-03T15:19:58.113+0000] {taskinstance.py:1103} INFO - Dependencies all met for dep_context=requeueable deps ti=<TaskInstance: usd_rate_fetcher.fetch_data_from_api scheduled__2020-01-23T00:00:00+00:00 [queued]>
[2025-06-03T15:19:58.113+0000] {taskinstance.py:1308} INFO - Starting attempt 1 of 3
[2025-06-03T15:19:58.146+0000] {taskinstance.py:1327} INFO - Executing <Task(_PythonDecoratedOperator): fetch_data_from_api> on 2020-01-23 00:00:00+00:00
[2025-06-03T15:19:58.160+0000] {standard_task_runner.py:57} INFO - Started process 14295 to run task
[2025-06-03T15:19:58.163+0000] {standard_task_runner.py:84} INFO - Running: ['***', 'tasks', 'run', 'usd_rate_fetcher', 'fetch_data_from_api', 'scheduled__2020-01-23T00:00:00+00:00', '--job-id', '8639', '--raw', '--subdir', 'DAGS_FOLDER/usd_rate_fetcher.py', '--cfg-path', '/tmp/tmpdgsammsc']
[2025-06-03T15:19:58.164+0000] {standard_task_runner.py:85} INFO - Job 8639: Subtask fetch_data_from_api
[2025-06-03T15:19:58.243+0000] {task_command.py:410} INFO - Running <TaskInstance: usd_rate_fetcher.fetch_data_from_api scheduled__2020-01-23T00:00:00+00:00 [running]> on host 40869fde016f
[2025-06-03T15:19:58.567+0000] {logging_mixin.py:150} WARNING - /home/***/.local/lib/python3.7/site-packages/***/utils/context.py:205 AirflowContextDeprecationWarning: Accessing 'execution_date' from the template is deprecated and will be removed in a future version. Please use 'data_interval_start' or 'logical_date' instead.
[2025-06-03T15:19:58.656+0000] {taskinstance.py:1547} INFO - Exporting env vars: AIRFLOW_CTX_DAG_OWNER='***' AIRFLOW_CTX_DAG_ID='usd_rate_fetcher' AIRFLOW_CTX_TASK_ID='fetch_data_from_api' AIRFLOW_CTX_EXECUTION_DATE='2020-01-23T00:00:00+00:00' AIRFLOW_CTX_TRY_NUMBER='1' AIRFLOW_CTX_DAG_RUN_ID='scheduled__2020-01-23T00:00:00+00:00'
[2025-06-03T15:19:58.664+0000] {usd_rate_fetcher.py:34} INFO - Переменная ['Доллар США', 'Евро', 'Гонконгский доллар', 'Юань', 'Фунт стерлингов']
[2025-06-03T15:19:58.673+0000] {usd_rate_fetcher.py:53} INFO - Fetching data for date: 23/01/2020
[2025-06-03T15:19:58.718+0000] {python.py:183} INFO - Done. Returned value was: {'date': datetime.date(2020, 1, 23), 'content': [{'Фунт стерлингов': 80.6752}, {'Доллар США': 61.8343}, {'Евро': 68.5186}]}
[2025-06-03T15:19:58.786+0000] {taskinstance.py:1350} INFO - Marking task as SUCCESS. dag_id=usd_rate_fetcher, task_id=fetch_data_from_api, execution_date=20200123T000000, start_date=20250603T151958, end_date=20250603T151958
[2025-06-03T15:19:58.827+0000] {local_task_job_runner.py:225} INFO - Task exited with return code 0
[2025-06-03T15:19:58.858+0000] {taskinstance.py:2653} INFO - 1 downstream tasks scheduled from follow-on schedule check
[2025-06-03T15:27:16.336+0000] {taskinstance.py:1103} INFO - Dependencies all met for dep_context=non-requeueable deps ti=<TaskInstance: usd_rate_fetcher.fetch_data_from_api scheduled__2020-01-23T00:00:00+00:00 [queued]>
[2025-06-03T15:27:16.373+0000] {taskinstance.py:1103} INFO - Dependencies all met for dep_context=requeueable deps ti=<TaskInstance: usd_rate_fetcher.fetch_data_from_api scheduled__2020-01-23T00:00:00+00:00 [queued]>
[2025-06-03T15:27:16.374+0000] {taskinstance.py:1308} INFO - Starting attempt 1 of 3
[2025-06-03T15:27:16.503+0000] {taskinstance.py:1327} INFO - Executing <Task(_PythonDecoratedOperator): fetch_data_from_api> on 2020-01-23 00:00:00+00:00
[2025-06-03T15:27:16.510+0000] {standard_task_runner.py:57} INFO - Started process 16832 to run task
[2025-06-03T15:27:16.526+0000] {standard_task_runner.py:84} INFO - Running: ['***', 'tasks', 'run', 'usd_rate_fetcher', 'fetch_data_from_api', 'scheduled__2020-01-23T00:00:00+00:00', '--job-id', '8796', '--raw', '--subdir', 'DAGS_FOLDER/usd_rate_fetcher.py', '--cfg-path', '/tmp/tmpffnw2l5w']
[2025-06-03T15:27:16.529+0000] {standard_task_runner.py:85} INFO - Job 8796: Subtask fetch_data_from_api
[2025-06-03T15:27:16.625+0000] {task_command.py:410} INFO - Running <TaskInstance: usd_rate_fetcher.fetch_data_from_api scheduled__2020-01-23T00:00:00+00:00 [running]> on host 40869fde016f
[2025-06-03T15:27:16.702+0000] {logging_mixin.py:150} WARNING - /home/***/.local/lib/python3.7/site-packages/***/utils/context.py:205 AirflowContextDeprecationWarning: Accessing 'execution_date' from the template is deprecated and will be removed in a future version. Please use 'data_interval_start' or 'logical_date' instead.
[2025-06-03T15:27:16.746+0000] {taskinstance.py:1547} INFO - Exporting env vars: AIRFLOW_CTX_DAG_OWNER='***' AIRFLOW_CTX_DAG_ID='usd_rate_fetcher' AIRFLOW_CTX_TASK_ID='fetch_data_from_api' AIRFLOW_CTX_EXECUTION_DATE='2020-01-23T00:00:00+00:00' AIRFLOW_CTX_TRY_NUMBER='1' AIRFLOW_CTX_DAG_RUN_ID='scheduled__2020-01-23T00:00:00+00:00'
[2025-06-03T15:27:16.755+0000] {usd_rate_fetcher.py:34} INFO - Переменная ['USD', 'EUR', 'HKD', 'CNY', 'GBP']
[2025-06-03T15:27:16.763+0000] {usd_rate_fetcher.py:53} INFO - Fetching data for date: 23/01/2020
[2025-06-03T15:27:16.810+0000] {python.py:183} INFO - Done. Returned value was: {'date': datetime.date(2020, 1, 23), 'content': [{'GBP': 80.6752}, {'HKD': 79.5624}, {'USD': 61.8343}, {'EUR': 68.5186}, {'CNY': 89.5838}]}
[2025-06-03T15:27:16.835+0000] {taskinstance.py:1350} INFO - Marking task as SUCCESS. dag_id=usd_rate_fetcher, task_id=fetch_data_from_api, execution_date=20200123T000000, start_date=20250603T152716, end_date=20250603T152716
[2025-06-03T15:27:16.983+0000] {local_task_job_runner.py:225} INFO - Task exited with return code 0
[2025-06-03T15:27:17.014+0000] {taskinstance.py:2653} INFO - 1 downstream tasks scheduled from follow-on schedule check
