[2025-06-03T15:20:21.823+0000] {taskinstance.py:1103} INFO - Dependencies all met for dep_context=non-requeueable deps ti=<TaskInstance: usd_rate_fetcher.save_data_to_db scheduled__2020-03-03T00:00:00+00:00 [queued]>
[2025-06-03T15:20:21.842+0000] {taskinstance.py:1103} INFO - Dependencies all met for dep_context=requeueable deps ti=<TaskInstance: usd_rate_fetcher.save_data_to_db scheduled__2020-03-03T00:00:00+00:00 [queued]>
[2025-06-03T15:20:21.843+0000] {taskinstance.py:1308} INFO - Starting attempt 1 of 3
[2025-06-03T15:20:21.878+0000] {taskinstance.py:1327} INFO - Executing <Task(_PythonDecoratedOperator): save_data_to_db> on 2020-03-03 00:00:00+00:00
[2025-06-03T15:20:21.886+0000] {standard_task_runner.py:57} INFO - Started process 15696 to run task
[2025-06-03T15:20:21.891+0000] {standard_task_runner.py:84} INFO - Running: ['***', 'tasks', 'run', 'usd_rate_fetcher', 'save_data_to_db', 'scheduled__2020-03-03T00:00:00+00:00', '--job-id', '8734', '--raw', '--subdir', 'DAGS_FOLDER/usd_rate_fetcher.py', '--cfg-path', '/tmp/tmpc375mcag']
[2025-06-03T15:20:21.893+0000] {standard_task_runner.py:85} INFO - Job 8734: Subtask save_data_to_db
[2025-06-03T15:20:22.080+0000] {task_command.py:410} INFO - Running <TaskInstance: usd_rate_fetcher.save_data_to_db scheduled__2020-03-03T00:00:00+00:00 [running]> on host 40869fde016f
[2025-06-03T15:20:21.319+0000] {logging_mixin.py:150} WARNING - /home/***/.local/lib/python3.7/site-packages/***/utils/context.py:205 AirflowContextDeprecationWarning: Accessing 'execution_date' from the template is deprecated and will be removed in a future version. Please use 'data_interval_start' or 'logical_date' instead.
[2025-06-03T15:20:21.386+0000] {taskinstance.py:1547} INFO - Exporting env vars: AIRFLOW_CTX_DAG_OWNER='***' AIRFLOW_CTX_DAG_ID='usd_rate_fetcher' AIRFLOW_CTX_TASK_ID='save_data_to_db' AIRFLOW_CTX_EXECUTION_DATE='2020-03-03T00:00:00+00:00' AIRFLOW_CTX_TRY_NUMBER='1' AIRFLOW_CTX_DAG_RUN_ID='scheduled__2020-03-03T00:00:00+00:00'
[2025-06-03T15:20:21.387+0000] {usd_rate_fetcher.py:80} INFO - Received USD rate: {'date': datetime.date(2020, 3, 3), 'content': [{'Фунт стерлингов': 84.8195}, {'Доллар США': 66.3274}, {'Евро': 73.4178}]} for date 2020-03-03
[2025-06-03T15:20:21.405+0000] {base.py:73} INFO - Using connection ID 'pg_database' for task execution.
[2025-06-03T15:20:21.412+0000] {usd_rate_fetcher.py:103} INFO - Saved 84.82 for Фунт стерлингов on 2020-03-03
[2025-06-03T15:20:21.413+0000] {usd_rate_fetcher.py:103} INFO - Saved 66.33 for Доллар США on 2020-03-03
[2025-06-03T15:20:21.413+0000] {usd_rate_fetcher.py:103} INFO - Saved 73.42 for Евро on 2020-03-03
[2025-06-03T15:20:21.422+0000] {python.py:183} INFO - Done. Returned value was: None
[2025-06-03T15:20:21.442+0000] {taskinstance.py:1350} INFO - Marking task as SUCCESS. dag_id=usd_rate_fetcher, task_id=save_data_to_db, execution_date=20200303T000000, start_date=20250603T152021, end_date=20250603T152021
[2025-06-03T15:20:21.482+0000] {local_task_job_runner.py:225} INFO - Task exited with return code 0
[2025-06-03T15:20:21.527+0000] {taskinstance.py:2653} INFO - 0 downstream tasks scheduled from follow-on schedule check
[2025-06-03T15:29:37.883+0000] {taskinstance.py:1103} INFO - Dependencies all met for dep_context=non-requeueable deps ti=<TaskInstance: usd_rate_fetcher.save_data_to_db scheduled__2020-03-03T00:00:00+00:00 [queued]>
[2025-06-03T15:29:37.955+0000] {taskinstance.py:1103} INFO - Dependencies all met for dep_context=requeueable deps ti=<TaskInstance: usd_rate_fetcher.save_data_to_db scheduled__2020-03-03T00:00:00+00:00 [queued]>
[2025-06-03T15:29:37.956+0000] {taskinstance.py:1308} INFO - Starting attempt 1 of 3
[2025-06-03T15:29:37.989+0000] {taskinstance.py:1327} INFO - Executing <Task(_PythonDecoratedOperator): save_data_to_db> on 2020-03-03 00:00:00+00:00
[2025-06-03T15:29:38.011+0000] {standard_task_runner.py:57} INFO - Started process 18091 to run task
[2025-06-03T15:29:38.028+0000] {standard_task_runner.py:84} INFO - Running: ['***', 'tasks', 'run', 'usd_rate_fetcher', 'save_data_to_db', 'scheduled__2020-03-03T00:00:00+00:00', '--job-id', '8879', '--raw', '--subdir', 'DAGS_FOLDER/usd_rate_fetcher.py', '--cfg-path', '/tmp/tmpuxmwi5xe']
[2025-06-03T15:29:38.033+0000] {standard_task_runner.py:85} INFO - Job 8879: Subtask save_data_to_db
[2025-06-03T15:29:38.089+0000] {task_command.py:410} INFO - Running <TaskInstance: usd_rate_fetcher.save_data_to_db scheduled__2020-03-03T00:00:00+00:00 [running]> on host 40869fde016f
[2025-06-03T15:29:38.364+0000] {logging_mixin.py:150} WARNING - /home/***/.local/lib/python3.7/site-packages/***/utils/context.py:205 AirflowContextDeprecationWarning: Accessing 'execution_date' from the template is deprecated and will be removed in a future version. Please use 'data_interval_start' or 'logical_date' instead.
[2025-06-03T15:29:38.431+0000] {taskinstance.py:1547} INFO - Exporting env vars: AIRFLOW_CTX_DAG_OWNER='***' AIRFLOW_CTX_DAG_ID='usd_rate_fetcher' AIRFLOW_CTX_TASK_ID='save_data_to_db' AIRFLOW_CTX_EXECUTION_DATE='2020-03-03T00:00:00+00:00' AIRFLOW_CTX_TRY_NUMBER='1' AIRFLOW_CTX_DAG_RUN_ID='scheduled__2020-03-03T00:00:00+00:00'
[2025-06-03T15:29:38.432+0000] {usd_rate_fetcher.py:80} INFO - Received USD rate: {'date': datetime.date(2020, 3, 3), 'content': [{'GBP': 84.8195}, {'HKD': 85.2746}, {'USD': 66.3274}, {'EUR': 73.4178}, {'CNY': 95.3363}]} for date 2020-03-03
[2025-06-03T15:29:38.440+0000] {base.py:73} INFO - Using connection ID 'pg_database' for task execution.
[2025-06-03T15:29:38.446+0000] {usd_rate_fetcher.py:103} INFO - Saved 84.82 for GBP on 2020-03-03
[2025-06-03T15:29:38.446+0000] {usd_rate_fetcher.py:103} INFO - Saved 85.27 for HKD on 2020-03-03
[2025-06-03T15:29:38.447+0000] {usd_rate_fetcher.py:103} INFO - Saved 66.33 for USD on 2020-03-03
[2025-06-03T15:29:38.447+0000] {usd_rate_fetcher.py:103} INFO - Saved 73.42 for EUR on 2020-03-03
[2025-06-03T15:29:38.448+0000] {usd_rate_fetcher.py:103} INFO - Saved 95.34 for CNY on 2020-03-03
[2025-06-03T15:29:38.449+0000] {python.py:183} INFO - Done. Returned value was: None
[2025-06-03T15:29:38.459+0000] {taskinstance.py:1350} INFO - Marking task as SUCCESS. dag_id=usd_rate_fetcher, task_id=save_data_to_db, execution_date=20200303T000000, start_date=20250603T152937, end_date=20250603T152938
[2025-06-03T15:29:38.494+0000] {local_task_job_runner.py:225} INFO - Task exited with return code 0
[2025-06-03T15:29:38.556+0000] {taskinstance.py:2653} INFO - 0 downstream tasks scheduled from follow-on schedule check
