[2025-06-03T15:20:09.757+0000] {taskinstance.py:1103} INFO - Dependencies all met for dep_context=non-requeueable deps ti=<TaskInstance: usd_rate_fetcher.save_data_to_db scheduled__2020-02-14T00:00:00+00:00 [queued]>
[2025-06-03T15:20:09.766+0000] {taskinstance.py:1103} INFO - Dependencies all met for dep_context=requeueable deps ti=<TaskInstance: usd_rate_fetcher.save_data_to_db scheduled__2020-02-14T00:00:00+00:00 [queued]>
[2025-06-03T15:20:09.766+0000] {taskinstance.py:1308} INFO - Starting attempt 1 of 3
[2025-06-03T15:20:09.781+0000] {taskinstance.py:1327} INFO - Executing <Task(_PythonDecoratedOperator): save_data_to_db> on 2020-02-14 00:00:00+00:00
[2025-06-03T15:20:09.788+0000] {standard_task_runner.py:57} INFO - Started process 14943 to run task
[2025-06-03T15:20:09.790+0000] {standard_task_runner.py:84} INFO - Running: ['***', 'tasks', 'run', 'usd_rate_fetcher', 'save_data_to_db', 'scheduled__2020-02-14T00:00:00+00:00', '--job-id', '8689', '--raw', '--subdir', 'DAGS_FOLDER/usd_rate_fetcher.py', '--cfg-path', '/tmp/tmpt4zgriwq']
[2025-06-03T15:20:09.792+0000] {standard_task_runner.py:85} INFO - Job 8689: Subtask save_data_to_db
[2025-06-03T15:20:09.826+0000] {task_command.py:410} INFO - Running <TaskInstance: usd_rate_fetcher.save_data_to_db scheduled__2020-02-14T00:00:00+00:00 [running]> on host 40869fde016f
[2025-06-03T15:20:10.003+0000] {logging_mixin.py:150} WARNING - /home/***/.local/lib/python3.7/site-packages/***/utils/context.py:205 AirflowContextDeprecationWarning: Accessing 'execution_date' from the template is deprecated and will be removed in a future version. Please use 'data_interval_start' or 'logical_date' instead.
[2025-06-03T15:20:10.036+0000] {taskinstance.py:1547} INFO - Exporting env vars: AIRFLOW_CTX_DAG_OWNER='***' AIRFLOW_CTX_DAG_ID='usd_rate_fetcher' AIRFLOW_CTX_TASK_ID='save_data_to_db' AIRFLOW_CTX_EXECUTION_DATE='2020-02-14T00:00:00+00:00' AIRFLOW_CTX_TRY_NUMBER='1' AIRFLOW_CTX_DAG_RUN_ID='scheduled__2020-02-14T00:00:00+00:00'
[2025-06-03T15:20:10.037+0000] {usd_rate_fetcher.py:80} INFO - Received USD rate: {'date': datetime.date(2020, 2, 14), 'content': [{'Фунт стерлингов': 82.5485}, {'Доллар США': 63.6016}, {'Евро': 69.1795}]} for date 2020-02-14
[2025-06-03T15:20:10.043+0000] {base.py:73} INFO - Using connection ID 'pg_database' for task execution.
[2025-06-03T15:20:10.047+0000] {usd_rate_fetcher.py:103} INFO - Saved 82.55 for Фунт стерлингов on 2020-02-14
[2025-06-03T15:20:10.047+0000] {usd_rate_fetcher.py:103} INFO - Saved 63.60 for Доллар США on 2020-02-14
[2025-06-03T15:20:10.048+0000] {usd_rate_fetcher.py:103} INFO - Saved 69.18 for Евро on 2020-02-14
[2025-06-03T15:20:10.049+0000] {python.py:183} INFO - Done. Returned value was: None
[2025-06-03T15:20:10.055+0000] {taskinstance.py:1350} INFO - Marking task as SUCCESS. dag_id=usd_rate_fetcher, task_id=save_data_to_db, execution_date=20200214T000000, start_date=20250603T152009, end_date=20250603T152010
[2025-06-03T15:20:10.084+0000] {local_task_job_runner.py:225} INFO - Task exited with return code 0
[2025-06-03T15:20:10.097+0000] {taskinstance.py:2653} INFO - 0 downstream tasks scheduled from follow-on schedule check
[2025-06-03T15:27:25.795+0000] {taskinstance.py:1103} INFO - Dependencies all met for dep_context=non-requeueable deps ti=<TaskInstance: usd_rate_fetcher.save_data_to_db scheduled__2020-02-14T00:00:00+00:00 [queued]>
[2025-06-03T15:27:25.807+0000] {taskinstance.py:1103} INFO - Dependencies all met for dep_context=requeueable deps ti=<TaskInstance: usd_rate_fetcher.save_data_to_db scheduled__2020-02-14T00:00:00+00:00 [queued]>
[2025-06-03T15:27:25.807+0000] {taskinstance.py:1308} INFO - Starting attempt 1 of 3
[2025-06-03T15:27:25.824+0000] {taskinstance.py:1327} INFO - Executing <Task(_PythonDecoratedOperator): save_data_to_db> on 2020-02-14 00:00:00+00:00
[2025-06-03T15:27:25.833+0000] {standard_task_runner.py:57} INFO - Started process 17479 to run task
[2025-06-03T15:27:25.837+0000] {standard_task_runner.py:84} INFO - Running: ['***', 'tasks', 'run', 'usd_rate_fetcher', 'save_data_to_db', 'scheduled__2020-02-14T00:00:00+00:00', '--job-id', '8846', '--raw', '--subdir', 'DAGS_FOLDER/usd_rate_fetcher.py', '--cfg-path', '/tmp/tmpyuiya4_3']
[2025-06-03T15:27:25.840+0000] {standard_task_runner.py:85} INFO - Job 8846: Subtask save_data_to_db
[2025-06-03T15:27:25.881+0000] {task_command.py:410} INFO - Running <TaskInstance: usd_rate_fetcher.save_data_to_db scheduled__2020-02-14T00:00:00+00:00 [running]> on host 40869fde016f
[2025-06-03T15:27:26.063+0000] {logging_mixin.py:150} WARNING - /home/***/.local/lib/python3.7/site-packages/***/utils/context.py:205 AirflowContextDeprecationWarning: Accessing 'execution_date' from the template is deprecated and will be removed in a future version. Please use 'data_interval_start' or 'logical_date' instead.
[2025-06-03T15:27:26.093+0000] {taskinstance.py:1547} INFO - Exporting env vars: AIRFLOW_CTX_DAG_OWNER='***' AIRFLOW_CTX_DAG_ID='usd_rate_fetcher' AIRFLOW_CTX_TASK_ID='save_data_to_db' AIRFLOW_CTX_EXECUTION_DATE='2020-02-14T00:00:00+00:00' AIRFLOW_CTX_TRY_NUMBER='1' AIRFLOW_CTX_DAG_RUN_ID='scheduled__2020-02-14T00:00:00+00:00'
[2025-06-03T15:27:26.094+0000] {usd_rate_fetcher.py:80} INFO - Received USD rate: {'date': datetime.date(2020, 2, 14), 'content': [{'GBP': 82.5485}, {'HKD': 81.8669}, {'USD': 63.6016}, {'EUR': 69.1795}, {'CNY': 91.1159}]} for date 2020-02-14
[2025-06-03T15:27:26.100+0000] {base.py:73} INFO - Using connection ID 'pg_database' for task execution.
[2025-06-03T15:27:26.104+0000] {usd_rate_fetcher.py:103} INFO - Saved 82.55 for GBP on 2020-02-14
[2025-06-03T15:27:26.105+0000] {usd_rate_fetcher.py:103} INFO - Saved 81.87 for HKD on 2020-02-14
[2025-06-03T15:27:26.105+0000] {usd_rate_fetcher.py:103} INFO - Saved 63.60 for USD on 2020-02-14
[2025-06-03T15:27:26.106+0000] {usd_rate_fetcher.py:103} INFO - Saved 69.18 for EUR on 2020-02-14
[2025-06-03T15:27:26.106+0000] {usd_rate_fetcher.py:103} INFO - Saved 91.12 for CNY on 2020-02-14
[2025-06-03T15:27:26.108+0000] {python.py:183} INFO - Done. Returned value was: None
[2025-06-03T15:27:26.116+0000] {taskinstance.py:1350} INFO - Marking task as SUCCESS. dag_id=usd_rate_fetcher, task_id=save_data_to_db, execution_date=20200214T000000, start_date=20250603T152725, end_date=20250603T152726
[2025-06-03T15:27:26.171+0000] {local_task_job_runner.py:225} INFO - Task exited with return code 0
[2025-06-03T15:27:26.186+0000] {taskinstance.py:2653} INFO - 0 downstream tasks scheduled from follow-on schedule check
