[2025-06-03T09:18:43.874+0000] {taskinstance.py:1103} INFO - Dependencies all met for dep_context=non-requeueable deps ti=<TaskInstance: usd_rate_fetcher_taskflow.fetch_data_from_api scheduled__2000-02-10T00:00:00+00:00 [queued]>
[2025-06-03T09:18:43.882+0000] {taskinstance.py:1103} INFO - Dependencies all met for dep_context=requeueable deps ti=<TaskInstance: usd_rate_fetcher_taskflow.fetch_data_from_api scheduled__2000-02-10T00:00:00+00:00 [queued]>
[2025-06-03T09:18:43.882+0000] {taskinstance.py:1308} INFO - Starting attempt 2 of 3
[2025-06-03T09:18:43.901+0000] {taskinstance.py:1327} INFO - Executing <Task(_PythonDecoratedOperator): fetch_data_from_api> on 2000-02-10 00:00:00+00:00
[2025-06-03T09:18:43.909+0000] {standard_task_runner.py:57} INFO - Started process 2083 to run task
[2025-06-03T09:18:43.922+0000] {standard_task_runner.py:84} INFO - Running: ['***', 'tasks', 'run', 'usd_rate_fetcher_taskflow', 'fetch_data_from_api', 'scheduled__2000-02-10T00:00:00+00:00', '--job-id', '7512', '--raw', '--subdir', 'DAGS_FOLDER/usd_rate_fetcher.py', '--cfg-path', '/tmp/tmpp3ro30ut']
[2025-06-03T09:18:43.923+0000] {standard_task_runner.py:85} INFO - Job 7512: Subtask fetch_data_from_api
[2025-06-03T09:18:43.979+0000] {task_command.py:410} INFO - Running <TaskInstance: usd_rate_fetcher_taskflow.fetch_data_from_api scheduled__2000-02-10T00:00:00+00:00 [running]> on host 40869fde016f
[2025-06-03T09:18:44.184+0000] {logging_mixin.py:150} WARNING - /home/***/.local/lib/python3.7/site-packages/***/utils/context.py:205 AirflowContextDeprecationWarning: Accessing 'execution_date' from the template is deprecated and will be removed in a future version. Please use 'data_interval_start' or 'logical_date' instead.
[2025-06-03T09:18:44.236+0000] {taskinstance.py:1547} INFO - Exporting env vars: AIRFLOW_CTX_DAG_OWNER='***' AIRFLOW_CTX_DAG_ID='usd_rate_fetcher_taskflow' AIRFLOW_CTX_TASK_ID='fetch_data_from_api' AIRFLOW_CTX_EXECUTION_DATE='2000-02-10T00:00:00+00:00' AIRFLOW_CTX_TRY_NUMBER='2' AIRFLOW_CTX_DAG_RUN_ID='scheduled__2000-02-10T00:00:00+00:00'
[2025-06-03T09:18:44.238+0000] {taskinstance.py:1824} ERROR - Task failed with exception
Traceback (most recent call last):
  File "/home/airflow/.local/lib/python3.7/site-packages/airflow/decorators/base.py", line 220, in execute
    return_value = super().execute(context)
  File "/home/airflow/.local/lib/python3.7/site-packages/airflow/operators/python.py", line 181, in execute
    return_value = self.execute_callable()
  File "/home/airflow/.local/lib/python3.7/site-packages/airflow/operators/python.py", line 198, in execute_callable
    return self.python_callable(*self.op_args, **self.op_kwargs)
  File "/opt/airflow/dags/usd_rate_fetcher.py", line 30, in fetch_data_from_api
    date_str = execution_date.strftime("%d/%m/%Y")
AttributeError: 'str' object has no attribute 'strftime'
[2025-06-03T09:18:44.243+0000] {taskinstance.py:1350} INFO - Marking task as UP_FOR_RETRY. dag_id=usd_rate_fetcher_taskflow, task_id=fetch_data_from_api, execution_date=20000210T000000, start_date=20250603T091843, end_date=20250603T091844
[2025-06-03T09:18:44.252+0000] {standard_task_runner.py:109} ERROR - Failed to execute job 7512 for task fetch_data_from_api ('str' object has no attribute 'strftime'; 2083)
[2025-06-03T09:18:44.285+0000] {local_task_job_runner.py:225} INFO - Task exited with return code 1
[2025-06-03T09:18:44.305+0000] {taskinstance.py:2653} INFO - 0 downstream tasks scheduled from follow-on schedule check
