[2025-06-03T15:20:08.281+0000] {taskinstance.py:1103} INFO - Dependencies all met for dep_context=non-requeueable deps ti=<TaskInstance: usd_rate_fetcher.fetch_data_from_api scheduled__2020-02-14T00:00:00+00:00 [queued]>
[2025-06-03T15:20:08.289+0000] {taskinstance.py:1103} INFO - Dependencies all met for dep_context=requeueable deps ti=<TaskInstance: usd_rate_fetcher.fetch_data_from_api scheduled__2020-02-14T00:00:00+00:00 [queued]>
[2025-06-03T15:20:08.289+0000] {taskinstance.py:1308} INFO - Starting attempt 1 of 3
[2025-06-03T15:20:08.302+0000] {taskinstance.py:1327} INFO - Executing <Task(_PythonDecoratedOperator): fetch_data_from_api> on 2020-02-14 00:00:00+00:00
[2025-06-03T15:20:08.307+0000] {standard_task_runner.py:57} INFO - Started process 14856 to run task
[2025-06-03T15:20:08.309+0000] {standard_task_runner.py:84} INFO - Running: ['***', 'tasks', 'run', 'usd_rate_fetcher', 'fetch_data_from_api', 'scheduled__2020-02-14T00:00:00+00:00', '--job-id', '8680', '--raw', '--subdir', 'DAGS_FOLDER/usd_rate_fetcher.py', '--cfg-path', '/tmp/tmpw9j3fa5e']
[2025-06-03T15:20:08.311+0000] {standard_task_runner.py:85} INFO - Job 8680: Subtask fetch_data_from_api
[2025-06-03T15:20:08.348+0000] {task_command.py:410} INFO - Running <TaskInstance: usd_rate_fetcher.fetch_data_from_api scheduled__2020-02-14T00:00:00+00:00 [running]> on host 40869fde016f
[2025-06-03T15:20:08.396+0000] {logging_mixin.py:150} WARNING - /home/***/.local/lib/python3.7/site-packages/***/utils/context.py:205 AirflowContextDeprecationWarning: Accessing 'execution_date' from the template is deprecated and will be removed in a future version. Please use 'data_interval_start' or 'logical_date' instead.
[2025-06-03T15:20:08.430+0000] {taskinstance.py:1547} INFO - Exporting env vars: AIRFLOW_CTX_DAG_OWNER='***' AIRFLOW_CTX_DAG_ID='usd_rate_fetcher' AIRFLOW_CTX_TASK_ID='fetch_data_from_api' AIRFLOW_CTX_EXECUTION_DATE='2020-02-14T00:00:00+00:00' AIRFLOW_CTX_TRY_NUMBER='1' AIRFLOW_CTX_DAG_RUN_ID='scheduled__2020-02-14T00:00:00+00:00'
[2025-06-03T15:20:08.436+0000] {usd_rate_fetcher.py:34} INFO - Переменная ['Доллар США', 'Евро', 'Гонконгский доллар', 'Юань', 'Фунт стерлингов']
[2025-06-03T15:20:08.440+0000] {usd_rate_fetcher.py:53} INFO - Fetching data for date: 14/02/2020
[2025-06-03T15:20:08.514+0000] {python.py:183} INFO - Done. Returned value was: {'date': datetime.date(2020, 2, 14), 'content': [{'Фунт стерлингов': 82.5485}, {'Доллар США': 63.6016}, {'Евро': 69.1795}]}
[2025-06-03T15:20:08.531+0000] {taskinstance.py:1350} INFO - Marking task as SUCCESS. dag_id=usd_rate_fetcher, task_id=fetch_data_from_api, execution_date=20200214T000000, start_date=20250603T152008, end_date=20250603T152008
[2025-06-03T15:20:08.564+0000] {local_task_job_runner.py:225} INFO - Task exited with return code 0
[2025-06-03T15:20:08.581+0000] {taskinstance.py:2653} INFO - 1 downstream tasks scheduled from follow-on schedule check
[2025-06-03T15:27:23.999+0000] {taskinstance.py:1103} INFO - Dependencies all met for dep_context=non-requeueable deps ti=<TaskInstance: usd_rate_fetcher.fetch_data_from_api scheduled__2020-02-14T00:00:00+00:00 [queued]>
[2025-06-03T15:27:24.021+0000] {taskinstance.py:1103} INFO - Dependencies all met for dep_context=requeueable deps ti=<TaskInstance: usd_rate_fetcher.fetch_data_from_api scheduled__2020-02-14T00:00:00+00:00 [queued]>
[2025-06-03T15:27:24.021+0000] {taskinstance.py:1308} INFO - Starting attempt 1 of 3
[2025-06-03T15:27:24.053+0000] {taskinstance.py:1327} INFO - Executing <Task(_PythonDecoratedOperator): fetch_data_from_api> on 2020-02-14 00:00:00+00:00
[2025-06-03T15:27:24.074+0000] {standard_task_runner.py:84} INFO - Running: ['***', 'tasks', 'run', 'usd_rate_fetcher', 'fetch_data_from_api', 'scheduled__2020-02-14T00:00:00+00:00', '--job-id', '8833', '--raw', '--subdir', 'DAGS_FOLDER/usd_rate_fetcher.py', '--cfg-path', '/tmp/tmppqq1rxa3']
[2025-06-03T15:27:24.076+0000] {standard_task_runner.py:85} INFO - Job 8833: Subtask fetch_data_from_api
[2025-06-03T15:27:24.077+0000] {standard_task_runner.py:57} INFO - Started process 17352 to run task
[2025-06-03T15:27:24.172+0000] {task_command.py:410} INFO - Running <TaskInstance: usd_rate_fetcher.fetch_data_from_api scheduled__2020-02-14T00:00:00+00:00 [running]> on host 40869fde016f
[2025-06-03T15:27:24.526+0000] {logging_mixin.py:150} WARNING - /home/***/.local/lib/python3.7/site-packages/***/utils/context.py:205 AirflowContextDeprecationWarning: Accessing 'execution_date' from the template is deprecated and will be removed in a future version. Please use 'data_interval_start' or 'logical_date' instead.
[2025-06-03T15:27:24.591+0000] {taskinstance.py:1547} INFO - Exporting env vars: AIRFLOW_CTX_DAG_OWNER='***' AIRFLOW_CTX_DAG_ID='usd_rate_fetcher' AIRFLOW_CTX_TASK_ID='fetch_data_from_api' AIRFLOW_CTX_EXECUTION_DATE='2020-02-14T00:00:00+00:00' AIRFLOW_CTX_TRY_NUMBER='1' AIRFLOW_CTX_DAG_RUN_ID='scheduled__2020-02-14T00:00:00+00:00'
[2025-06-03T15:27:24.599+0000] {usd_rate_fetcher.py:34} INFO - Переменная ['USD', 'EUR', 'HKD', 'CNY', 'GBP']
[2025-06-03T15:27:24.607+0000] {usd_rate_fetcher.py:53} INFO - Fetching data for date: 14/02/2020
[2025-06-03T15:27:24.652+0000] {python.py:183} INFO - Done. Returned value was: {'date': datetime.date(2020, 2, 14), 'content': [{'GBP': 82.5485}, {'HKD': 81.8669}, {'USD': 63.6016}, {'EUR': 69.1795}, {'CNY': 91.1159}]}
[2025-06-03T15:27:24.690+0000] {taskinstance.py:1350} INFO - Marking task as SUCCESS. dag_id=usd_rate_fetcher, task_id=fetch_data_from_api, execution_date=20200214T000000, start_date=20250603T152724, end_date=20250603T152724
[2025-06-03T15:27:24.744+0000] {local_task_job_runner.py:225} INFO - Task exited with return code 0
[2025-06-03T15:27:24.773+0000] {taskinstance.py:2653} INFO - 1 downstream tasks scheduled from follow-on schedule check
