[2025-06-01T15:50:58.980+0000] {taskinstance.py:1103} INFO - Dependencies all met for dep_context=non-requeueable deps ti=<TaskInstance: second_dag.fetch_data_task scheduled__2021-01-07T00:00:00+00:00 [queued]>
[2025-06-01T15:50:58.989+0000] {taskinstance.py:1103} INFO - Dependencies all met for dep_context=requeueable deps ti=<TaskInstance: second_dag.fetch_data_task scheduled__2021-01-07T00:00:00+00:00 [queued]>
[2025-06-01T15:50:58.989+0000] {taskinstance.py:1308} INFO - Starting attempt 3 of 3
[2025-06-01T15:50:59.010+0000] {taskinstance.py:1327} INFO - Executing <Task(PythonOperator): fetch_data_task> on 2021-01-07 00:00:00+00:00
[2025-06-01T15:50:59.016+0000] {standard_task_runner.py:57} INFO - Started process 26499 to run task
[2025-06-01T15:50:59.024+0000] {standard_task_runner.py:84} INFO - Running: ['***', 'tasks', 'run', 'second_dag', 'fetch_data_task', 'scheduled__2021-01-07T00:00:00+00:00', '--job-id', '1103', '--raw', '--subdir', 'DAGS_FOLDER/my_second_dag.py', '--cfg-path', '/tmp/tmpagc5068u']
[2025-06-01T15:50:59.028+0000] {standard_task_runner.py:85} INFO - Job 1103: Subtask fetch_data_task
[2025-06-01T15:50:59.141+0000] {task_command.py:410} INFO - Running <TaskInstance: second_dag.fetch_data_task scheduled__2021-01-07T00:00:00+00:00 [running]> on host 27c4b93144a0
[2025-06-01T15:50:59.449+0000] {taskinstance.py:1547} INFO - Exporting env vars: AIRFLOW_CTX_DAG_OWNER='***' AIRFLOW_CTX_DAG_ID='second_dag' AIRFLOW_CTX_TASK_ID='fetch_data_task' AIRFLOW_CTX_EXECUTION_DATE='2021-01-07T00:00:00+00:00' AIRFLOW_CTX_TRY_NUMBER='3' AIRFLOW_CTX_DAG_RUN_ID='scheduled__2021-01-07T00:00:00+00:00'
[2025-06-01T15:50:59.455+0000] {logging_mixin.py:150} WARNING - /home/***/.local/lib/python3.7/site-packages/***/utils/context.py:313 AirflowContextDeprecationWarning: Accessing 'execution_date' from the template is deprecated and will be removed in a future version. Please use 'data_interval_start' or 'logical_date' instead.
[2025-06-01T15:50:59.455+0000] {my_second_dag.py:22} INFO - execution_date : 2021-01-07T00:00:00+00:00
[2025-06-01T15:50:59.455+0000] {my_second_dag.py:24} INFO - Fetching data for date: 07/01/2021
[2025-06-01T15:50:59.557+0000] {python.py:183} INFO - Done. Returned value was: {'date': <Proxy at 0x7fdceac8d500 wrapping DateTime(2021, 1, 7, 0, 0, 0, tzinfo=Timezone('UTC')) at 0x7fdcead2fd70 with factory functools.partial(<function lazy_mapping_from_context.<locals>._deprecated_proxy_factory at 0x7fdceacde680>, 'execution_date', DateTime(2021, 1, 7, 0, 0, 0, tzinfo=Timezone('UTC')))>, 'value': 73.8757}
[2025-06-01T15:50:59.563+0000] {taskinstance.py:1824} ERROR - Task failed with exception
Traceback (most recent call last):
  File "/home/airflow/.local/lib/python3.7/site-packages/airflow/utils/session.py", line 73, in wrapper
    return func(*args, **kwargs)
  File "/home/airflow/.local/lib/python3.7/site-packages/airflow/models/taskinstance.py", line 2361, in xcom_push
    session=session,
  File "/home/airflow/.local/lib/python3.7/site-packages/airflow/utils/session.py", line 73, in wrapper
    return func(*args, **kwargs)
  File "/home/airflow/.local/lib/python3.7/site-packages/airflow/models/xcom.py", line 243, in set
    map_index=map_index,
  File "/home/airflow/.local/lib/python3.7/site-packages/airflow/models/xcom.py", line 632, in serialize_value
    return json.dumps(value, cls=XComEncoder).encode("UTF-8")
  File "/usr/local/lib/python3.7/json/__init__.py", line 238, in dumps
    **kw).encode(obj)
  File "/home/airflow/.local/lib/python3.7/site-packages/airflow/utils/json.py", line 104, in encode
    return super().encode(o)
  File "/usr/local/lib/python3.7/json/encoder.py", line 199, in encode
    chunks = self.iterencode(o, _one_shot=True)
  File "/usr/local/lib/python3.7/json/encoder.py", line 257, in iterencode
    return _iterencode(o, 0)
  File "/home/airflow/.local/lib/python3.7/site-packages/airflow/utils/json.py", line 91, in default
    return serialize(o)
  File "/home/airflow/.local/lib/python3.7/site-packages/airflow/serialization/serde.py", line 133, in serialize
    qn = qualname(o)
  File "/home/airflow/.local/lib/python3.7/site-packages/airflow/utils/module_loading.py", line 47, in qualname
    return f"{o.__module__}.{o.__name__}"
AttributeError: 'DateTime' object has no attribute '__name__'
[2025-06-01T15:50:59.569+0000] {taskinstance.py:1350} INFO - Marking task as FAILED. dag_id=second_dag, task_id=fetch_data_task, execution_date=20210107T000000, start_date=20250601T155058, end_date=20250601T155059
[2025-06-01T15:50:59.579+0000] {standard_task_runner.py:109} ERROR - Failed to execute job 1103 for task fetch_data_task ('DateTime' object has no attribute '__name__'; 26499)
[2025-06-01T15:50:59.601+0000] {local_task_job_runner.py:225} INFO - Task exited with return code 1
[2025-06-01T15:50:59.621+0000] {taskinstance.py:2653} INFO - 0 downstream tasks scheduled from follow-on schedule check
