[2025-06-01T09:50:45.726+0000] {taskinstance.py:1103} INFO - Dependencies all met for dep_context=non-requeueable deps ti=<TaskInstance: first_dag.random_dice scheduled__2021-03-06T00:00:00+00:00 [queued]>
[2025-06-01T09:50:45.732+0000] {taskinstance.py:1103} INFO - Dependencies all met for dep_context=requeueable deps ti=<TaskInstance: first_dag.random_dice scheduled__2021-03-06T00:00:00+00:00 [queued]>
[2025-06-01T09:50:45.733+0000] {taskinstance.py:1308} INFO - Starting attempt 1 of 3
[2025-06-01T09:50:45.743+0000] {taskinstance.py:1327} INFO - Executing <Task(PythonOperator): random_dice> on 2021-03-06 00:00:00+00:00
[2025-06-01T09:50:45.748+0000] {standard_task_runner.py:57} INFO - Started process 3951 to run task
[2025-06-01T09:50:45.749+0000] {standard_task_runner.py:84} INFO - Running: ['***', 'tasks', 'run', 'first_dag', 'random_dice', 'scheduled__2021-03-06T00:00:00+00:00', '--job-id', '101', '--raw', '--subdir', 'DAGS_FOLDER/my_first_dag.py', '--cfg-path', '/tmp/tmpgxlsp9ut']
[2025-06-01T09:50:45.751+0000] {standard_task_runner.py:85} INFO - Job 101: Subtask random_dice
[2025-06-01T09:50:45.780+0000] {task_command.py:410} INFO - Running <TaskInstance: first_dag.random_dice scheduled__2021-03-06T00:00:00+00:00 [running]> on host 27c4b93144a0
[2025-06-01T09:50:45.846+0000] {taskinstance.py:1547} INFO - Exporting env vars: AIRFLOW_CTX_DAG_OWNER='***' AIRFLOW_CTX_DAG_ID='first_dag' AIRFLOW_CTX_TASK_ID='random_dice' AIRFLOW_CTX_EXECUTION_DATE='2021-03-06T00:00:00+00:00' AIRFLOW_CTX_TRY_NUMBER='1' AIRFLOW_CTX_DAG_RUN_ID='scheduled__2021-03-06T00:00:00+00:00'
[2025-06-01T09:50:45.847+0000] {taskinstance.py:1824} ERROR - Task failed with exception
Traceback (most recent call last):
  File "/home/airflow/.local/lib/python3.7/site-packages/airflow/operators/python.py", line 181, in execute
    return_value = self.execute_callable()
  File "/home/airflow/.local/lib/python3.7/site-packages/airflow/operators/python.py", line 198, in execute_callable
    return self.python_callable(*self.op_args, **self.op_kwargs)
  File "/opt/airflow/dags/my_first_dag.py", line 18, in random_dice
    raise ValueError(f'Odd {val}')
ValueError: Odd 1
[2025-06-01T09:50:45.854+0000] {taskinstance.py:1350} INFO - Marking task as UP_FOR_RETRY. dag_id=first_dag, task_id=random_dice, execution_date=20210306T000000, start_date=20250601T095045, end_date=20250601T095045
[2025-06-01T09:50:45.863+0000] {standard_task_runner.py:109} ERROR - Failed to execute job 101 for task random_dice (Odd 1; 3951)
[2025-06-01T09:50:45.881+0000] {local_task_job_runner.py:225} INFO - Task exited with return code 1
[2025-06-01T09:50:45.896+0000] {taskinstance.py:2653} INFO - 0 downstream tasks scheduled from follow-on schedule check
