[2025-06-03T15:16:03.726+0000] {taskinstance.py:1103} INFO - Dependencies all met for dep_context=non-requeueable deps ti=<TaskInstance: usd_rate_fetcher.save_data_to_db scheduled__2000-03-23T00:00:00+00:00 [queued]>
[2025-06-03T15:16:03.756+0000] {taskinstance.py:1103} INFO - Dependencies all met for dep_context=requeueable deps ti=<TaskInstance: usd_rate_fetcher.save_data_to_db scheduled__2000-03-23T00:00:00+00:00 [queued]>
[2025-06-03T15:16:03.756+0000] {taskinstance.py:1308} INFO - Starting attempt 1 of 3
[2025-06-03T15:16:03.807+0000] {taskinstance.py:1327} INFO - Executing <Task(_PythonDecoratedOperator): save_data_to_db> on 2000-03-23 00:00:00+00:00
[2025-06-03T15:16:03.814+0000] {standard_task_runner.py:57} INFO - Started process 10486 to run task
[2025-06-03T15:16:03.820+0000] {standard_task_runner.py:84} INFO - Running: ['***', 'tasks', 'run', 'usd_rate_fetcher', 'save_data_to_db', 'scheduled__2000-03-23T00:00:00+00:00', '--job-id', '8379', '--raw', '--subdir', 'DAGS_FOLDER/usd_rate_fetcher.py', '--cfg-path', '/tmp/tmp2berg3k0']
[2025-06-03T15:16:03.823+0000] {standard_task_runner.py:85} INFO - Job 8379: Subtask save_data_to_db
[2025-06-03T15:16:03.876+0000] {task_command.py:410} INFO - Running <TaskInstance: usd_rate_fetcher.save_data_to_db scheduled__2000-03-23T00:00:00+00:00 [running]> on host 40869fde016f
[2025-06-03T15:16:04.076+0000] {logging_mixin.py:150} WARNING - /home/***/.local/lib/python3.7/site-packages/***/utils/context.py:205 AirflowContextDeprecationWarning: Accessing 'execution_date' from the template is deprecated and will be removed in a future version. Please use 'data_interval_start' or 'logical_date' instead.
[2025-06-03T15:16:04.116+0000] {taskinstance.py:1547} INFO - Exporting env vars: AIRFLOW_CTX_DAG_OWNER='***' AIRFLOW_CTX_DAG_ID='usd_rate_fetcher' AIRFLOW_CTX_TASK_ID='save_data_to_db' AIRFLOW_CTX_EXECUTION_DATE='2000-03-23T00:00:00+00:00' AIRFLOW_CTX_TRY_NUMBER='1' AIRFLOW_CTX_DAG_RUN_ID='scheduled__2000-03-23T00:00:00+00:00'
[2025-06-03T15:16:04.117+0000] {taskinstance.py:1824} ERROR - Task failed with exception
Traceback (most recent call last):
  File "/home/airflow/.local/lib/python3.7/site-packages/airflow/decorators/base.py", line 220, in execute
    return_value = super().execute(context)
  File "/home/airflow/.local/lib/python3.7/site-packages/airflow/operators/python.py", line 181, in execute
    return_value = self.execute_callable()
  File "/home/airflow/.local/lib/python3.7/site-packages/airflow/operators/python.py", line 198, in execute_callable
    return self.python_callable(*self.op_args, **self.op_kwargs)
  File "/opt/airflow/dags/usd_rate_fetcher.py", line 80, in save_data_to_db
    logger.info(f"Received USD rate: {data} for date {execution_date.date()}")
AttributeError: 'datetime.date' object has no attribute 'date'
[2025-06-03T15:16:04.123+0000] {taskinstance.py:1350} INFO - Marking task as UP_FOR_RETRY. dag_id=usd_rate_fetcher, task_id=save_data_to_db, execution_date=20000323T000000, start_date=20250603T151603, end_date=20250603T151604
[2025-06-03T15:16:04.138+0000] {standard_task_runner.py:109} ERROR - Failed to execute job 8379 for task save_data_to_db ('datetime.date' object has no attribute 'date'; 10486)
[2025-06-03T15:16:04.153+0000] {local_task_job_runner.py:225} INFO - Task exited with return code 1
[2025-06-03T15:16:04.167+0000] {taskinstance.py:2653} INFO - 0 downstream tasks scheduled from follow-on schedule check
