[2025-06-03T15:19:52.782+0000] {taskinstance.py:1103} INFO - Dependencies all met for dep_context=non-requeueable deps ti=<TaskInstance: usd_rate_fetcher.save_data_to_db scheduled__2020-01-07T00:00:00+00:00 [queued]>
[2025-06-03T15:19:52.792+0000] {taskinstance.py:1103} INFO - Dependencies all met for dep_context=requeueable deps ti=<TaskInstance: usd_rate_fetcher.save_data_to_db scheduled__2020-01-07T00:00:00+00:00 [queued]>
[2025-06-03T15:19:52.793+0000] {taskinstance.py:1308} INFO - Starting attempt 1 of 3
[2025-06-03T15:19:52.810+0000] {taskinstance.py:1327} INFO - Executing <Task(_PythonDecoratedOperator): save_data_to_db> on 2020-01-07 00:00:00+00:00
[2025-06-03T15:19:52.821+0000] {standard_task_runner.py:57} INFO - Started process 14047 to run task
[2025-06-03T15:19:52.825+0000] {standard_task_runner.py:84} INFO - Running: ['***', 'tasks', 'run', 'usd_rate_fetcher', 'save_data_to_db', 'scheduled__2020-01-07T00:00:00+00:00', '--job-id', '8622', '--raw', '--subdir', 'DAGS_FOLDER/usd_rate_fetcher.py', '--cfg-path', '/tmp/tmp_03vpjwi']
[2025-06-03T15:19:52.827+0000] {standard_task_runner.py:85} INFO - Job 8622: Subtask save_data_to_db
[2025-06-03T15:19:53.002+0000] {task_command.py:410} INFO - Running <TaskInstance: usd_rate_fetcher.save_data_to_db scheduled__2020-01-07T00:00:00+00:00 [running]> on host 40869fde016f
[2025-06-03T15:19:53.390+0000] {logging_mixin.py:150} WARNING - /home/***/.local/lib/python3.7/site-packages/***/utils/context.py:205 AirflowContextDeprecationWarning: Accessing 'execution_date' from the template is deprecated and will be removed in a future version. Please use 'data_interval_start' or 'logical_date' instead.
[2025-06-03T15:19:53.434+0000] {taskinstance.py:1547} INFO - Exporting env vars: AIRFLOW_CTX_DAG_OWNER='***' AIRFLOW_CTX_DAG_ID='usd_rate_fetcher' AIRFLOW_CTX_TASK_ID='save_data_to_db' AIRFLOW_CTX_EXECUTION_DATE='2020-01-07T00:00:00+00:00' AIRFLOW_CTX_TRY_NUMBER='1' AIRFLOW_CTX_DAG_RUN_ID='scheduled__2020-01-07T00:00:00+00:00'
[2025-06-03T15:19:53.438+0000] {usd_rate_fetcher.py:80} INFO - Received USD rate: {'date': datetime.date(2020, 1, 7), 'content': [{'Фунт стерлингов': 81.3069}, {'Доллар США': 61.9057}, {'Евро': 69.3777}]} for date 2020-01-07
[2025-06-03T15:19:53.449+0000] {base.py:73} INFO - Using connection ID 'pg_database' for task execution.
[2025-06-03T15:19:53.455+0000] {usd_rate_fetcher.py:103} INFO - Saved 81.31 for Фунт стерлингов on 2020-01-07
[2025-06-03T15:19:53.456+0000] {usd_rate_fetcher.py:103} INFO - Saved 61.91 for Доллар США on 2020-01-07
[2025-06-03T15:19:53.456+0000] {usd_rate_fetcher.py:103} INFO - Saved 69.38 for Евро on 2020-01-07
[2025-06-03T15:19:53.459+0000] {python.py:183} INFO - Done. Returned value was: None
[2025-06-03T15:19:53.469+0000] {taskinstance.py:1350} INFO - Marking task as SUCCESS. dag_id=usd_rate_fetcher, task_id=save_data_to_db, execution_date=20200107T000000, start_date=20250603T151952, end_date=20250603T151953
[2025-06-03T15:19:53.500+0000] {local_task_job_runner.py:225} INFO - Task exited with return code 0
[2025-06-03T15:19:53.527+0000] {taskinstance.py:2653} INFO - 0 downstream tasks scheduled from follow-on schedule check
[2025-06-03T15:27:11.049+0000] {taskinstance.py:1103} INFO - Dependencies all met for dep_context=non-requeueable deps ti=<TaskInstance: usd_rate_fetcher.save_data_to_db scheduled__2020-01-07T00:00:00+00:00 [queued]>
[2025-06-03T15:27:11.057+0000] {taskinstance.py:1103} INFO - Dependencies all met for dep_context=requeueable deps ti=<TaskInstance: usd_rate_fetcher.save_data_to_db scheduled__2020-01-07T00:00:00+00:00 [queued]>
[2025-06-03T15:27:11.057+0000] {taskinstance.py:1308} INFO - Starting attempt 1 of 3
[2025-06-03T15:27:11.072+0000] {taskinstance.py:1327} INFO - Executing <Task(_PythonDecoratedOperator): save_data_to_db> on 2020-01-07 00:00:00+00:00
[2025-06-03T15:27:11.078+0000] {standard_task_runner.py:57} INFO - Started process 16510 to run task
[2025-06-03T15:27:11.081+0000] {standard_task_runner.py:84} INFO - Running: ['***', 'tasks', 'run', 'usd_rate_fetcher', 'save_data_to_db', 'scheduled__2020-01-07T00:00:00+00:00', '--job-id', '8778', '--raw', '--subdir', 'DAGS_FOLDER/usd_rate_fetcher.py', '--cfg-path', '/tmp/tmp1q05n9eg']
[2025-06-03T15:27:11.083+0000] {standard_task_runner.py:85} INFO - Job 8778: Subtask save_data_to_db
[2025-06-03T15:27:11.121+0000] {task_command.py:410} INFO - Running <TaskInstance: usd_rate_fetcher.save_data_to_db scheduled__2020-01-07T00:00:00+00:00 [running]> on host 40869fde016f
[2025-06-03T15:27:11.294+0000] {logging_mixin.py:150} WARNING - /home/***/.local/lib/python3.7/site-packages/***/utils/context.py:205 AirflowContextDeprecationWarning: Accessing 'execution_date' from the template is deprecated and will be removed in a future version. Please use 'data_interval_start' or 'logical_date' instead.
[2025-06-03T15:27:11.323+0000] {taskinstance.py:1547} INFO - Exporting env vars: AIRFLOW_CTX_DAG_OWNER='***' AIRFLOW_CTX_DAG_ID='usd_rate_fetcher' AIRFLOW_CTX_TASK_ID='save_data_to_db' AIRFLOW_CTX_EXECUTION_DATE='2020-01-07T00:00:00+00:00' AIRFLOW_CTX_TRY_NUMBER='1' AIRFLOW_CTX_DAG_RUN_ID='scheduled__2020-01-07T00:00:00+00:00'
[2025-06-03T15:27:11.324+0000] {usd_rate_fetcher.py:80} INFO - Received USD rate: {'date': datetime.date(2020, 1, 7), 'content': [{'GBP': 81.3069}, {'HKD': 79.5029}, {'USD': 61.9057}, {'EUR': 69.3777}, {'CNY': 88.8696}]} for date 2020-01-07
[2025-06-03T15:27:11.330+0000] {base.py:73} INFO - Using connection ID 'pg_database' for task execution.
[2025-06-03T15:27:11.333+0000] {usd_rate_fetcher.py:103} INFO - Saved 81.31 for GBP on 2020-01-07
[2025-06-03T15:27:11.334+0000] {usd_rate_fetcher.py:103} INFO - Saved 79.50 for HKD on 2020-01-07
[2025-06-03T15:27:11.334+0000] {usd_rate_fetcher.py:103} INFO - Saved 61.91 for USD on 2020-01-07
[2025-06-03T15:27:11.335+0000] {usd_rate_fetcher.py:103} INFO - Saved 69.38 for EUR on 2020-01-07
[2025-06-03T15:27:11.335+0000] {usd_rate_fetcher.py:103} INFO - Saved 88.87 for CNY on 2020-01-07
[2025-06-03T15:27:11.336+0000] {python.py:183} INFO - Done. Returned value was: None
[2025-06-03T15:27:11.343+0000] {taskinstance.py:1350} INFO - Marking task as SUCCESS. dag_id=usd_rate_fetcher, task_id=save_data_to_db, execution_date=20200107T000000, start_date=20250603T152711, end_date=20250603T152711
[2025-06-03T15:27:11.375+0000] {local_task_job_runner.py:225} INFO - Task exited with return code 0
[2025-06-03T15:27:11.389+0000] {taskinstance.py:2653} INFO - 0 downstream tasks scheduled from follow-on schedule check
