[2025-06-03T15:16:58.180+0000] {taskinstance.py:1103} INFO - Dependencies all met for dep_context=non-requeueable deps ti=<TaskInstance: usd_rate_fetcher.save_data_to_db scheduled__2000-04-04T00:00:00+00:00 [queued]>
[2025-06-03T15:16:58.192+0000] {taskinstance.py:1103} INFO - Dependencies all met for dep_context=requeueable deps ti=<TaskInstance: usd_rate_fetcher.save_data_to_db scheduled__2000-04-04T00:00:00+00:00 [queued]>
[2025-06-03T15:16:58.192+0000] {taskinstance.py:1308} INFO - Starting attempt 2 of 3
[2025-06-03T15:16:58.226+0000] {taskinstance.py:1327} INFO - Executing <Task(_PythonDecoratedOperator): save_data_to_db> on 2000-04-04 00:00:00+00:00
[2025-06-03T15:16:58.234+0000] {standard_task_runner.py:57} INFO - Started process 10976 to run task
[2025-06-03T15:16:58.244+0000] {standard_task_runner.py:84} INFO - Running: ['***', 'tasks', 'run', 'usd_rate_fetcher', 'save_data_to_db', 'scheduled__2000-04-04T00:00:00+00:00', '--job-id', '8407', '--raw', '--subdir', 'DAGS_FOLDER/usd_rate_fetcher.py', '--cfg-path', '/tmp/tmp3eisq4kr']
[2025-06-03T15:16:58.247+0000] {standard_task_runner.py:85} INFO - Job 8407: Subtask save_data_to_db
[2025-06-03T15:16:58.324+0000] {task_command.py:410} INFO - Running <TaskInstance: usd_rate_fetcher.save_data_to_db scheduled__2000-04-04T00:00:00+00:00 [running]> on host 40869fde016f
[2025-06-03T15:16:58.479+0000] {logging_mixin.py:150} WARNING - /home/***/.local/lib/python3.7/site-packages/***/utils/context.py:205 AirflowContextDeprecationWarning: Accessing 'execution_date' from the template is deprecated and will be removed in a future version. Please use 'data_interval_start' or 'logical_date' instead.
[2025-06-03T15:16:58.551+0000] {taskinstance.py:1547} INFO - Exporting env vars: AIRFLOW_CTX_DAG_OWNER='***' AIRFLOW_CTX_DAG_ID='usd_rate_fetcher' AIRFLOW_CTX_TASK_ID='save_data_to_db' AIRFLOW_CTX_EXECUTION_DATE='2000-04-04T00:00:00+00:00' AIRFLOW_CTX_TRY_NUMBER='2' AIRFLOW_CTX_DAG_RUN_ID='scheduled__2000-04-04T00:00:00+00:00'
[2025-06-03T15:16:58.555+0000] {usd_rate_fetcher.py:80} INFO - Received USD rate: {'date': datetime.date(2000, 4, 4), 'content': [{'Фунт стерлингов': 45.72}, {'Доллар США': 28.78}, {'Евро': 27.43}]} for date 2000-04-04
[2025-06-03T15:16:58.573+0000] {base.py:73} INFO - Using connection ID 'pg_database' for task execution.
[2025-06-03T15:16:58.580+0000] {taskinstance.py:1824} ERROR - Task failed with exception
Traceback (most recent call last):
  File "/home/airflow/.local/lib/python3.7/site-packages/airflow/decorators/base.py", line 220, in execute
    return_value = super().execute(context)
  File "/home/airflow/.local/lib/python3.7/site-packages/airflow/operators/python.py", line 181, in execute
    return_value = self.execute_callable()
  File "/home/airflow/.local/lib/python3.7/site-packages/airflow/operators/python.py", line 198, in execute_callable
    return self.python_callable(*self.op_args, **self.op_kwargs)
  File "/opt/airflow/dags/usd_rate_fetcher.py", line 94, in save_data_to_db
    """, (execution_date, currency))
psycopg2.errors.UndefinedTable: relation "economic.currency_rates" does not exist
LINE 2:                 SELECT 1 FROM economic.currency_rates 
                                      ^

[2025-06-03T15:16:58.592+0000] {taskinstance.py:1350} INFO - Marking task as UP_FOR_RETRY. dag_id=usd_rate_fetcher, task_id=save_data_to_db, execution_date=20000404T000000, start_date=20250603T151658, end_date=20250603T151658
[2025-06-03T15:16:58.607+0000] {standard_task_runner.py:109} ERROR - Failed to execute job 8407 for task save_data_to_db (relation "economic.currency_rates" does not exist
LINE 2:                 SELECT 1 FROM economic.currency_rates 
                                      ^
; 10976)
[2025-06-03T15:16:58.625+0000] {local_task_job_runner.py:225} INFO - Task exited with return code 1
[2025-06-03T15:16:58.644+0000] {taskinstance.py:2653} INFO - 0 downstream tasks scheduled from follow-on schedule check
