[2025-06-02T18:31:09.012+0000] {processor.py:157} INFO - Started process (PID=169) to work on /opt/airflow/dags/my_first_dag.py
[2025-06-02T18:31:09.012+0000] {processor.py:826} INFO - Processing file /opt/airflow/dags/my_first_dag.py for tasks to queue
[2025-06-02T18:31:09.013+0000] {logging_mixin.py:150} INFO - [2025-06-02T18:31:09.013+0000] {dagbag.py:541} INFO - Filling up the DagBag from /opt/airflow/dags/my_first_dag.py
[2025-06-02T18:31:09.025+0000] {processor.py:836} INFO - DAG(s) dict_keys(['first_dag']) retrieved from /opt/airflow/dags/my_first_dag.py
[2025-06-02T18:31:09.109+0000] {logging_mixin.py:150} INFO - [2025-06-02T18:31:09.109+0000] {dag.py:2742} INFO - Sync 1 DAGs
[2025-06-02T18:31:09.133+0000] {logging_mixin.py:150} INFO - [2025-06-02T18:31:09.133+0000] {dag.py:3508} INFO - Setting next_dagrun for first_dag to 2021-01-20T00:00:00+00:00, run_after=2021-01-21T00:00:00+00:00
[2025-06-02T18:31:09.148+0000] {processor.py:179} INFO - Processing /opt/airflow/dags/my_first_dag.py took 0.139 seconds
[2025-06-02T18:31:39.225+0000] {processor.py:157} INFO - Started process (PID=487) to work on /opt/airflow/dags/my_first_dag.py
[2025-06-02T18:31:39.225+0000] {processor.py:826} INFO - Processing file /opt/airflow/dags/my_first_dag.py for tasks to queue
[2025-06-02T18:31:39.226+0000] {logging_mixin.py:150} INFO - [2025-06-02T18:31:39.226+0000] {dagbag.py:541} INFO - Filling up the DagBag from /opt/airflow/dags/my_first_dag.py
[2025-06-02T18:31:39.235+0000] {processor.py:836} INFO - DAG(s) dict_keys(['first_dag']) retrieved from /opt/airflow/dags/my_first_dag.py
[2025-06-02T18:31:39.245+0000] {logging_mixin.py:150} INFO - [2025-06-02T18:31:39.245+0000] {dag.py:2742} INFO - Sync 1 DAGs
[2025-06-02T18:31:39.274+0000] {logging_mixin.py:150} INFO - [2025-06-02T18:31:39.274+0000] {dag.py:3508} INFO - Setting next_dagrun for first_dag to 2021-01-20T00:00:00+00:00, run_after=2021-01-21T00:00:00+00:00
[2025-06-02T18:31:39.308+0000] {processor.py:179} INFO - Processing /opt/airflow/dags/my_first_dag.py took 0.086 seconds
[2025-06-02T18:32:09.567+0000] {processor.py:157} INFO - Started process (PID=2673) to work on /opt/airflow/dags/my_first_dag.py
[2025-06-02T18:32:09.568+0000] {processor.py:826} INFO - Processing file /opt/airflow/dags/my_first_dag.py for tasks to queue
[2025-06-02T18:32:09.568+0000] {logging_mixin.py:150} INFO - [2025-06-02T18:32:09.568+0000] {dagbag.py:541} INFO - Filling up the DagBag from /opt/airflow/dags/my_first_dag.py
[2025-06-02T18:32:09.579+0000] {processor.py:836} INFO - DAG(s) dict_keys(['first_dag']) retrieved from /opt/airflow/dags/my_first_dag.py
[2025-06-02T18:32:09.611+0000] {logging_mixin.py:150} INFO - [2025-06-02T18:32:09.611+0000] {dag.py:2742} INFO - Sync 1 DAGs
[2025-06-02T18:32:09.647+0000] {logging_mixin.py:150} INFO - [2025-06-02T18:32:09.647+0000] {dag.py:3508} INFO - Setting next_dagrun for first_dag to 2021-01-20T00:00:00+00:00, run_after=2021-01-21T00:00:00+00:00
[2025-06-02T18:32:09.680+0000] {processor.py:179} INFO - Processing /opt/airflow/dags/my_first_dag.py took 0.115 seconds
[2025-06-02T18:32:39.940+0000] {processor.py:157} INFO - Started process (PID=4503) to work on /opt/airflow/dags/my_first_dag.py
[2025-06-02T18:32:39.940+0000] {processor.py:826} INFO - Processing file /opt/airflow/dags/my_first_dag.py for tasks to queue
[2025-06-02T18:32:39.941+0000] {logging_mixin.py:150} INFO - [2025-06-02T18:32:39.940+0000] {dagbag.py:541} INFO - Filling up the DagBag from /opt/airflow/dags/my_first_dag.py
[2025-06-02T18:32:39.947+0000] {processor.py:836} INFO - DAG(s) dict_keys(['first_dag']) retrieved from /opt/airflow/dags/my_first_dag.py
[2025-06-02T18:32:39.965+0000] {logging_mixin.py:150} INFO - [2025-06-02T18:32:39.965+0000] {dag.py:2742} INFO - Sync 1 DAGs
[2025-06-02T18:32:39.981+0000] {logging_mixin.py:150} INFO - [2025-06-02T18:32:39.981+0000] {dag.py:3508} INFO - Setting next_dagrun for first_dag to 2021-01-20T00:00:00+00:00, run_after=2021-01-21T00:00:00+00:00
[2025-06-02T18:32:39.992+0000] {processor.py:179} INFO - Processing /opt/airflow/dags/my_first_dag.py took 0.055 seconds
[2025-06-02T18:33:10.199+0000] {processor.py:157} INFO - Started process (PID=6453) to work on /opt/airflow/dags/my_first_dag.py
[2025-06-02T18:33:10.201+0000] {processor.py:826} INFO - Processing file /opt/airflow/dags/my_first_dag.py for tasks to queue
[2025-06-02T18:33:10.202+0000] {logging_mixin.py:150} INFO - [2025-06-02T18:33:10.202+0000] {dagbag.py:541} INFO - Filling up the DagBag from /opt/airflow/dags/my_first_dag.py
[2025-06-02T18:33:10.222+0000] {processor.py:836} INFO - DAG(s) dict_keys(['first_dag']) retrieved from /opt/airflow/dags/my_first_dag.py
[2025-06-02T18:33:10.249+0000] {logging_mixin.py:150} INFO - [2025-06-02T18:33:10.249+0000] {dag.py:2742} INFO - Sync 1 DAGs
[2025-06-02T18:33:10.274+0000] {logging_mixin.py:150} INFO - [2025-06-02T18:33:10.274+0000] {dag.py:3508} INFO - Setting next_dagrun for first_dag to 2021-01-20T00:00:00+00:00, run_after=2021-01-21T00:00:00+00:00
[2025-06-02T18:33:10.289+0000] {processor.py:179} INFO - Processing /opt/airflow/dags/my_first_dag.py took 0.094 seconds
[2025-06-02T18:33:40.573+0000] {processor.py:157} INFO - Started process (PID=8492) to work on /opt/airflow/dags/my_first_dag.py
[2025-06-02T18:33:40.574+0000] {processor.py:826} INFO - Processing file /opt/airflow/dags/my_first_dag.py for tasks to queue
[2025-06-02T18:33:40.574+0000] {logging_mixin.py:150} INFO - [2025-06-02T18:33:40.574+0000] {dagbag.py:541} INFO - Filling up the DagBag from /opt/airflow/dags/my_first_dag.py
[2025-06-02T18:33:40.582+0000] {processor.py:836} INFO - DAG(s) dict_keys(['first_dag']) retrieved from /opt/airflow/dags/my_first_dag.py
[2025-06-02T18:33:40.603+0000] {logging_mixin.py:150} INFO - [2025-06-02T18:33:40.603+0000] {dag.py:2742} INFO - Sync 1 DAGs
[2025-06-02T18:33:40.623+0000] {logging_mixin.py:150} INFO - [2025-06-02T18:33:40.623+0000] {dag.py:3508} INFO - Setting next_dagrun for first_dag to 2021-01-20T00:00:00+00:00, run_after=2021-01-21T00:00:00+00:00
[2025-06-02T18:33:40.640+0000] {processor.py:179} INFO - Processing /opt/airflow/dags/my_first_dag.py took 0.069 seconds
[2025-06-02T18:34:10.807+0000] {processor.py:157} INFO - Started process (PID=9889) to work on /opt/airflow/dags/my_first_dag.py
[2025-06-02T18:34:10.807+0000] {processor.py:826} INFO - Processing file /opt/airflow/dags/my_first_dag.py for tasks to queue
[2025-06-02T18:34:10.808+0000] {logging_mixin.py:150} INFO - [2025-06-02T18:34:10.808+0000] {dagbag.py:541} INFO - Filling up the DagBag from /opt/airflow/dags/my_first_dag.py
[2025-06-02T18:34:10.815+0000] {processor.py:836} INFO - DAG(s) dict_keys(['first_dag']) retrieved from /opt/airflow/dags/my_first_dag.py
[2025-06-02T18:34:10.833+0000] {logging_mixin.py:150} INFO - [2025-06-02T18:34:10.832+0000] {dag.py:2742} INFO - Sync 1 DAGs
[2025-06-02T18:34:10.850+0000] {logging_mixin.py:150} INFO - [2025-06-02T18:34:10.849+0000] {dag.py:3508} INFO - Setting next_dagrun for first_dag to 2021-01-20T00:00:00+00:00, run_after=2021-01-21T00:00:00+00:00
[2025-06-02T18:34:10.861+0000] {processor.py:179} INFO - Processing /opt/airflow/dags/my_first_dag.py took 0.056 seconds
[2025-06-02T18:34:41.314+0000] {processor.py:157} INFO - Started process (PID=9928) to work on /opt/airflow/dags/my_first_dag.py
[2025-06-02T18:34:41.320+0000] {processor.py:826} INFO - Processing file /opt/airflow/dags/my_first_dag.py for tasks to queue
[2025-06-02T18:34:41.321+0000] {logging_mixin.py:150} INFO - [2025-06-02T18:34:41.321+0000] {dagbag.py:541} INFO - Filling up the DagBag from /opt/airflow/dags/my_first_dag.py
[2025-06-02T18:34:41.328+0000] {processor.py:836} INFO - DAG(s) dict_keys(['first_dag']) retrieved from /opt/airflow/dags/my_first_dag.py
[2025-06-02T18:34:41.346+0000] {logging_mixin.py:150} INFO - [2025-06-02T18:34:41.346+0000] {dag.py:2742} INFO - Sync 1 DAGs
[2025-06-02T18:34:41.363+0000] {logging_mixin.py:150} INFO - [2025-06-02T18:34:41.363+0000] {dag.py:3508} INFO - Setting next_dagrun for first_dag to 2021-01-20T00:00:00+00:00, run_after=2021-01-21T00:00:00+00:00
[2025-06-02T18:34:41.375+0000] {processor.py:179} INFO - Processing /opt/airflow/dags/my_first_dag.py took 0.063 seconds
[2025-06-02T18:35:11.485+0000] {processor.py:157} INFO - Started process (PID=9950) to work on /opt/airflow/dags/my_first_dag.py
[2025-06-02T18:35:11.486+0000] {processor.py:826} INFO - Processing file /opt/airflow/dags/my_first_dag.py for tasks to queue
[2025-06-02T18:35:11.487+0000] {logging_mixin.py:150} INFO - [2025-06-02T18:35:11.486+0000] {dagbag.py:541} INFO - Filling up the DagBag from /opt/airflow/dags/my_first_dag.py
[2025-06-02T18:35:11.494+0000] {processor.py:836} INFO - DAG(s) dict_keys(['first_dag']) retrieved from /opt/airflow/dags/my_first_dag.py
[2025-06-02T18:35:11.512+0000] {logging_mixin.py:150} INFO - [2025-06-02T18:35:11.511+0000] {dag.py:2742} INFO - Sync 1 DAGs
[2025-06-02T18:35:11.529+0000] {logging_mixin.py:150} INFO - [2025-06-02T18:35:11.529+0000] {dag.py:3508} INFO - Setting next_dagrun for first_dag to 2021-01-20T00:00:00+00:00, run_after=2021-01-21T00:00:00+00:00
[2025-06-02T18:35:11.541+0000] {processor.py:179} INFO - Processing /opt/airflow/dags/my_first_dag.py took 0.057 seconds
[2025-06-02T18:35:41.651+0000] {processor.py:157} INFO - Started process (PID=9972) to work on /opt/airflow/dags/my_first_dag.py
[2025-06-02T18:35:41.658+0000] {processor.py:826} INFO - Processing file /opt/airflow/dags/my_first_dag.py for tasks to queue
[2025-06-02T18:35:41.658+0000] {logging_mixin.py:150} INFO - [2025-06-02T18:35:41.658+0000] {dagbag.py:541} INFO - Filling up the DagBag from /opt/airflow/dags/my_first_dag.py
[2025-06-02T18:35:41.666+0000] {processor.py:836} INFO - DAG(s) dict_keys(['first_dag']) retrieved from /opt/airflow/dags/my_first_dag.py
[2025-06-02T18:35:41.683+0000] {logging_mixin.py:150} INFO - [2025-06-02T18:35:41.683+0000] {dag.py:2742} INFO - Sync 1 DAGs
[2025-06-02T18:35:41.701+0000] {logging_mixin.py:150} INFO - [2025-06-02T18:35:41.700+0000] {dag.py:3508} INFO - Setting next_dagrun for first_dag to 2021-01-20T00:00:00+00:00, run_after=2021-01-21T00:00:00+00:00
[2025-06-02T18:35:41.713+0000] {processor.py:179} INFO - Processing /opt/airflow/dags/my_first_dag.py took 0.064 seconds
[2025-06-02T18:36:12.170+0000] {processor.py:157} INFO - Started process (PID=10011) to work on /opt/airflow/dags/my_first_dag.py
[2025-06-02T18:36:12.177+0000] {processor.py:826} INFO - Processing file /opt/airflow/dags/my_first_dag.py for tasks to queue
[2025-06-02T18:36:12.177+0000] {logging_mixin.py:150} INFO - [2025-06-02T18:36:12.177+0000] {dagbag.py:541} INFO - Filling up the DagBag from /opt/airflow/dags/my_first_dag.py
[2025-06-02T18:36:12.184+0000] {processor.py:836} INFO - DAG(s) dict_keys(['first_dag']) retrieved from /opt/airflow/dags/my_first_dag.py
[2025-06-02T18:36:12.202+0000] {logging_mixin.py:150} INFO - [2025-06-02T18:36:12.202+0000] {dag.py:2742} INFO - Sync 1 DAGs
[2025-06-02T18:36:12.219+0000] {logging_mixin.py:150} INFO - [2025-06-02T18:36:12.219+0000] {dag.py:3508} INFO - Setting next_dagrun for first_dag to 2021-01-20T00:00:00+00:00, run_after=2021-01-21T00:00:00+00:00
[2025-06-02T18:36:12.231+0000] {processor.py:179} INFO - Processing /opt/airflow/dags/my_first_dag.py took 0.063 seconds
[2025-06-02T18:36:42.362+0000] {processor.py:157} INFO - Started process (PID=10033) to work on /opt/airflow/dags/my_first_dag.py
[2025-06-02T18:36:42.362+0000] {processor.py:826} INFO - Processing file /opt/airflow/dags/my_first_dag.py for tasks to queue
[2025-06-02T18:36:42.363+0000] {logging_mixin.py:150} INFO - [2025-06-02T18:36:42.363+0000] {dagbag.py:541} INFO - Filling up the DagBag from /opt/airflow/dags/my_first_dag.py
[2025-06-02T18:36:42.370+0000] {processor.py:836} INFO - DAG(s) dict_keys(['first_dag']) retrieved from /opt/airflow/dags/my_first_dag.py
[2025-06-02T18:36:42.388+0000] {logging_mixin.py:150} INFO - [2025-06-02T18:36:42.388+0000] {dag.py:2742} INFO - Sync 1 DAGs
[2025-06-02T18:36:42.405+0000] {logging_mixin.py:150} INFO - [2025-06-02T18:36:42.405+0000] {dag.py:3508} INFO - Setting next_dagrun for first_dag to 2021-01-20T00:00:00+00:00, run_after=2021-01-21T00:00:00+00:00
[2025-06-02T18:36:42.417+0000] {processor.py:179} INFO - Processing /opt/airflow/dags/my_first_dag.py took 0.058 seconds
[2025-06-02T18:37:12.498+0000] {processor.py:157} INFO - Started process (PID=10041) to work on /opt/airflow/dags/my_first_dag.py
[2025-06-02T18:37:12.499+0000] {processor.py:826} INFO - Processing file /opt/airflow/dags/my_first_dag.py for tasks to queue
[2025-06-02T18:37:12.499+0000] {logging_mixin.py:150} INFO - [2025-06-02T18:37:12.499+0000] {dagbag.py:541} INFO - Filling up the DagBag from /opt/airflow/dags/my_first_dag.py
[2025-06-02T18:37:12.506+0000] {processor.py:836} INFO - DAG(s) dict_keys(['first_dag']) retrieved from /opt/airflow/dags/my_first_dag.py
[2025-06-02T18:37:12.528+0000] {logging_mixin.py:150} INFO - [2025-06-02T18:37:12.528+0000] {dag.py:2742} INFO - Sync 1 DAGs
[2025-06-02T18:37:12.550+0000] {logging_mixin.py:150} INFO - [2025-06-02T18:37:12.550+0000] {dag.py:3508} INFO - Setting next_dagrun for first_dag to 2021-01-20T00:00:00+00:00, run_after=2021-01-21T00:00:00+00:00
[2025-06-02T18:37:12.563+0000] {processor.py:179} INFO - Processing /opt/airflow/dags/my_first_dag.py took 0.067 seconds
[2025-06-02T18:37:42.700+0000] {processor.py:157} INFO - Started process (PID=10060) to work on /opt/airflow/dags/my_first_dag.py
[2025-06-02T18:37:42.707+0000] {processor.py:826} INFO - Processing file /opt/airflow/dags/my_first_dag.py for tasks to queue
[2025-06-02T18:37:42.707+0000] {logging_mixin.py:150} INFO - [2025-06-02T18:37:42.707+0000] {dagbag.py:541} INFO - Filling up the DagBag from /opt/airflow/dags/my_first_dag.py
[2025-06-02T18:37:42.715+0000] {processor.py:836} INFO - DAG(s) dict_keys(['first_dag']) retrieved from /opt/airflow/dags/my_first_dag.py
[2025-06-02T18:37:42.733+0000] {logging_mixin.py:150} INFO - [2025-06-02T18:37:42.733+0000] {dag.py:2742} INFO - Sync 1 DAGs
[2025-06-02T18:37:42.750+0000] {logging_mixin.py:150} INFO - [2025-06-02T18:37:42.750+0000] {dag.py:3508} INFO - Setting next_dagrun for first_dag to 2021-01-20T00:00:00+00:00, run_after=2021-01-21T00:00:00+00:00
[2025-06-02T18:37:42.763+0000] {processor.py:179} INFO - Processing /opt/airflow/dags/my_first_dag.py took 0.064 seconds
[2025-06-02T18:38:12.895+0000] {processor.py:157} INFO - Started process (PID=10082) to work on /opt/airflow/dags/my_first_dag.py
[2025-06-02T18:38:12.896+0000] {processor.py:826} INFO - Processing file /opt/airflow/dags/my_first_dag.py for tasks to queue
[2025-06-02T18:38:12.896+0000] {logging_mixin.py:150} INFO - [2025-06-02T18:38:12.896+0000] {dagbag.py:541} INFO - Filling up the DagBag from /opt/airflow/dags/my_first_dag.py
[2025-06-02T18:38:12.905+0000] {processor.py:836} INFO - DAG(s) dict_keys(['first_dag']) retrieved from /opt/airflow/dags/my_first_dag.py
[2025-06-02T18:38:12.927+0000] {logging_mixin.py:150} INFO - [2025-06-02T18:38:12.927+0000] {dag.py:2742} INFO - Sync 1 DAGs
[2025-06-02T18:38:12.947+0000] {logging_mixin.py:150} INFO - [2025-06-02T18:38:12.947+0000] {dag.py:3508} INFO - Setting next_dagrun for first_dag to 2021-01-20T00:00:00+00:00, run_after=2021-01-21T00:00:00+00:00
[2025-06-02T18:38:12.960+0000] {processor.py:179} INFO - Processing /opt/airflow/dags/my_first_dag.py took 0.067 seconds
