[2025-06-02T18:41:09.747+0000] {processor.py:157} INFO - Started process (PID=10112) to work on /opt/airflow/dags/usd_rate_fetcher.py
[2025-06-02T18:41:09.748+0000] {processor.py:826} INFO - Processing file /opt/airflow/dags/usd_rate_fetcher.py for tasks to queue
[2025-06-02T18:41:09.748+0000] {logging_mixin.py:150} INFO - [2025-06-02T18:41:09.748+0000] {dagbag.py:541} INFO - Filling up the DagBag from /opt/airflow/dags/usd_rate_fetcher.py
[2025-06-02T18:41:10.099+0000] {processor.py:836} INFO - DAG(s) dict_keys(['usd_rate_fetcher']) retrieved from /opt/airflow/dags/usd_rate_fetcher.py
[2025-06-02T18:41:10.237+0000] {logging_mixin.py:150} INFO - [2025-06-02T18:41:10.237+0000] {manager.py:504} INFO - Created Permission View: can read on DAG:usd_rate_fetcher
[2025-06-02T18:41:10.243+0000] {logging_mixin.py:150} INFO - [2025-06-02T18:41:10.243+0000] {manager.py:504} INFO - Created Permission View: can edit on DAG:usd_rate_fetcher
[2025-06-02T18:41:10.248+0000] {logging_mixin.py:150} INFO - [2025-06-02T18:41:10.248+0000] {manager.py:504} INFO - Created Permission View: can delete on DAG:usd_rate_fetcher
[2025-06-02T18:41:10.258+0000] {logging_mixin.py:150} INFO - [2025-06-02T18:41:10.258+0000] {dag.py:2742} INFO - Sync 1 DAGs
[2025-06-02T18:41:10.266+0000] {logging_mixin.py:150} INFO - [2025-06-02T18:41:10.265+0000] {dag.py:2763} INFO - Creating ORM DAG for usd_rate_fetcher
[2025-06-02T18:41:10.273+0000] {logging_mixin.py:150} INFO - [2025-06-02T18:41:10.273+0000] {dag.py:3508} INFO - Setting next_dagrun for usd_rate_fetcher to 2000-01-01T00:00:00+00:00, run_after=2000-01-02T00:00:00+00:00
[2025-06-02T18:41:10.282+0000] {processor.py:179} INFO - Processing /opt/airflow/dags/usd_rate_fetcher.py took 0.537 seconds
[2025-06-02T18:41:40.888+0000] {processor.py:157} INFO - Started process (PID=10134) to work on /opt/airflow/dags/usd_rate_fetcher.py
[2025-06-02T18:41:40.889+0000] {processor.py:826} INFO - Processing file /opt/airflow/dags/usd_rate_fetcher.py for tasks to queue
[2025-06-02T18:41:40.889+0000] {logging_mixin.py:150} INFO - [2025-06-02T18:41:40.889+0000] {dagbag.py:541} INFO - Filling up the DagBag from /opt/airflow/dags/usd_rate_fetcher.py
[2025-06-02T18:41:41.214+0000] {processor.py:836} INFO - DAG(s) dict_keys(['usd_rate_fetcher']) retrieved from /opt/airflow/dags/usd_rate_fetcher.py
[2025-06-02T18:41:41.232+0000] {logging_mixin.py:150} INFO - [2025-06-02T18:41:41.231+0000] {dag.py:2742} INFO - Sync 1 DAGs
[2025-06-02T18:41:41.250+0000] {logging_mixin.py:150} INFO - [2025-06-02T18:41:41.250+0000] {dag.py:3508} INFO - Setting next_dagrun for usd_rate_fetcher to 2000-01-01T00:00:00+00:00, run_after=2000-01-02T00:00:00+00:00
[2025-06-02T18:41:41.262+0000] {processor.py:179} INFO - Processing /opt/airflow/dags/usd_rate_fetcher.py took 0.376 seconds
[2025-06-02T18:42:12.057+0000] {processor.py:157} INFO - Started process (PID=10156) to work on /opt/airflow/dags/usd_rate_fetcher.py
[2025-06-02T18:42:12.058+0000] {processor.py:826} INFO - Processing file /opt/airflow/dags/usd_rate_fetcher.py for tasks to queue
[2025-06-02T18:42:12.058+0000] {logging_mixin.py:150} INFO - [2025-06-02T18:42:12.058+0000] {dagbag.py:541} INFO - Filling up the DagBag from /opt/airflow/dags/usd_rate_fetcher.py
[2025-06-02T18:42:12.397+0000] {processor.py:836} INFO - DAG(s) dict_keys(['usd_rate_fetcher']) retrieved from /opt/airflow/dags/usd_rate_fetcher.py
[2025-06-02T18:42:12.415+0000] {logging_mixin.py:150} INFO - [2025-06-02T18:42:12.414+0000] {dag.py:2742} INFO - Sync 1 DAGs
[2025-06-02T18:42:12.431+0000] {logging_mixin.py:150} INFO - [2025-06-02T18:42:12.431+0000] {dag.py:3508} INFO - Setting next_dagrun for usd_rate_fetcher to 2000-01-01T00:00:00+00:00, run_after=2000-01-02T00:00:00+00:00
[2025-06-02T18:42:12.443+0000] {processor.py:179} INFO - Processing /opt/airflow/dags/usd_rate_fetcher.py took 0.388 seconds
[2025-06-02T18:42:14.101+0000] {processor.py:157} INFO - Started process (PID=10173) to work on /opt/airflow/dags/usd_rate_fetcher.py
[2025-06-02T18:42:14.102+0000] {processor.py:826} INFO - Processing file /opt/airflow/dags/usd_rate_fetcher.py for tasks to queue
[2025-06-02T18:42:14.102+0000] {logging_mixin.py:150} INFO - [2025-06-02T18:42:14.102+0000] {dagbag.py:541} INFO - Filling up the DagBag from /opt/airflow/dags/usd_rate_fetcher.py
[2025-06-02T18:42:14.455+0000] {processor.py:836} INFO - DAG(s) dict_keys(['usd_rate_fetcher']) retrieved from /opt/airflow/dags/usd_rate_fetcher.py
[2025-06-02T18:42:14.472+0000] {logging_mixin.py:150} INFO - [2025-06-02T18:42:14.471+0000] {dag.py:2742} INFO - Sync 1 DAGs
[2025-06-02T18:42:14.488+0000] {logging_mixin.py:150} INFO - [2025-06-02T18:42:14.488+0000] {dag.py:3508} INFO - Setting next_dagrun for usd_rate_fetcher to 2000-01-01T00:00:00+00:00, run_after=2000-01-02T00:00:00+00:00
[2025-06-02T18:42:14.500+0000] {processor.py:179} INFO - Processing /opt/airflow/dags/usd_rate_fetcher.py took 0.401 seconds
[2025-06-02T18:42:45.312+0000] {processor.py:157} INFO - Started process (PID=10200) to work on /opt/airflow/dags/usd_rate_fetcher.py
[2025-06-02T18:42:45.313+0000] {processor.py:826} INFO - Processing file /opt/airflow/dags/usd_rate_fetcher.py for tasks to queue
[2025-06-02T18:42:45.314+0000] {logging_mixin.py:150} INFO - [2025-06-02T18:42:45.313+0000] {dagbag.py:541} INFO - Filling up the DagBag from /opt/airflow/dags/usd_rate_fetcher.py
[2025-06-02T18:42:45.662+0000] {processor.py:836} INFO - DAG(s) dict_keys(['usd_rate_fetcher']) retrieved from /opt/airflow/dags/usd_rate_fetcher.py
[2025-06-02T18:42:45.680+0000] {logging_mixin.py:150} INFO - [2025-06-02T18:42:45.680+0000] {dag.py:2742} INFO - Sync 1 DAGs
[2025-06-02T18:42:45.697+0000] {logging_mixin.py:150} INFO - [2025-06-02T18:42:45.697+0000] {dag.py:3508} INFO - Setting next_dagrun for usd_rate_fetcher to 2000-01-01T00:00:00+00:00, run_after=2000-01-02T00:00:00+00:00
[2025-06-02T18:42:45.717+0000] {processor.py:179} INFO - Processing /opt/airflow/dags/usd_rate_fetcher.py took 0.407 seconds
[2025-06-02T18:43:16.502+0000] {processor.py:157} INFO - Started process (PID=10222) to work on /opt/airflow/dags/usd_rate_fetcher.py
[2025-06-02T18:43:16.503+0000] {processor.py:826} INFO - Processing file /opt/airflow/dags/usd_rate_fetcher.py for tasks to queue
[2025-06-02T18:43:16.503+0000] {logging_mixin.py:150} INFO - [2025-06-02T18:43:16.503+0000] {dagbag.py:541} INFO - Filling up the DagBag from /opt/airflow/dags/usd_rate_fetcher.py
[2025-06-02T18:43:16.850+0000] {processor.py:836} INFO - DAG(s) dict_keys(['usd_rate_fetcher']) retrieved from /opt/airflow/dags/usd_rate_fetcher.py
[2025-06-02T18:43:16.867+0000] {logging_mixin.py:150} INFO - [2025-06-02T18:43:16.866+0000] {dag.py:2742} INFO - Sync 1 DAGs
[2025-06-02T18:43:16.883+0000] {logging_mixin.py:150} INFO - [2025-06-02T18:43:16.883+0000] {dag.py:3508} INFO - Setting next_dagrun for usd_rate_fetcher to 2000-01-01T00:00:00+00:00, run_after=2000-01-02T00:00:00+00:00
[2025-06-02T18:43:16.895+0000] {processor.py:179} INFO - Processing /opt/airflow/dags/usd_rate_fetcher.py took 0.395 seconds
[2025-06-02T18:43:47.693+0000] {processor.py:157} INFO - Started process (PID=10244) to work on /opt/airflow/dags/usd_rate_fetcher.py
[2025-06-02T18:43:47.694+0000] {processor.py:826} INFO - Processing file /opt/airflow/dags/usd_rate_fetcher.py for tasks to queue
[2025-06-02T18:43:47.694+0000] {logging_mixin.py:150} INFO - [2025-06-02T18:43:47.694+0000] {dagbag.py:541} INFO - Filling up the DagBag from /opt/airflow/dags/usd_rate_fetcher.py
[2025-06-02T18:43:48.038+0000] {processor.py:836} INFO - DAG(s) dict_keys(['usd_rate_fetcher']) retrieved from /opt/airflow/dags/usd_rate_fetcher.py
[2025-06-02T18:43:48.053+0000] {logging_mixin.py:150} INFO - [2025-06-02T18:43:48.053+0000] {dag.py:2742} INFO - Sync 1 DAGs
[2025-06-02T18:43:48.069+0000] {logging_mixin.py:150} INFO - [2025-06-02T18:43:48.069+0000] {dag.py:3508} INFO - Setting next_dagrun for usd_rate_fetcher to 2000-01-01T00:00:00+00:00, run_after=2000-01-02T00:00:00+00:00
[2025-06-02T18:43:48.080+0000] {processor.py:179} INFO - Processing /opt/airflow/dags/usd_rate_fetcher.py took 0.389 seconds
[2025-06-02T18:44:18.893+0000] {processor.py:157} INFO - Started process (PID=10266) to work on /opt/airflow/dags/usd_rate_fetcher.py
[2025-06-02T18:44:18.901+0000] {processor.py:826} INFO - Processing file /opt/airflow/dags/usd_rate_fetcher.py for tasks to queue
[2025-06-02T18:44:18.901+0000] {logging_mixin.py:150} INFO - [2025-06-02T18:44:18.901+0000] {dagbag.py:541} INFO - Filling up the DagBag from /opt/airflow/dags/usd_rate_fetcher.py
[2025-06-02T18:44:19.233+0000] {processor.py:836} INFO - DAG(s) dict_keys(['usd_rate_fetcher']) retrieved from /opt/airflow/dags/usd_rate_fetcher.py
[2025-06-02T18:44:19.250+0000] {logging_mixin.py:150} INFO - [2025-06-02T18:44:19.250+0000] {dag.py:2742} INFO - Sync 1 DAGs
[2025-06-02T18:44:19.267+0000] {logging_mixin.py:150} INFO - [2025-06-02T18:44:19.267+0000] {dag.py:3508} INFO - Setting next_dagrun for usd_rate_fetcher to 2000-01-01T00:00:00+00:00, run_after=2000-01-02T00:00:00+00:00
[2025-06-02T18:44:19.279+0000] {processor.py:179} INFO - Processing /opt/airflow/dags/usd_rate_fetcher.py took 0.387 seconds
[2025-06-02T18:44:50.075+0000] {processor.py:157} INFO - Started process (PID=10288) to work on /opt/airflow/dags/usd_rate_fetcher.py
[2025-06-02T18:44:50.082+0000] {processor.py:826} INFO - Processing file /opt/airflow/dags/usd_rate_fetcher.py for tasks to queue
[2025-06-02T18:44:50.082+0000] {logging_mixin.py:150} INFO - [2025-06-02T18:44:50.082+0000] {dagbag.py:541} INFO - Filling up the DagBag from /opt/airflow/dags/usd_rate_fetcher.py
[2025-06-02T18:44:50.416+0000] {processor.py:836} INFO - DAG(s) dict_keys(['usd_rate_fetcher']) retrieved from /opt/airflow/dags/usd_rate_fetcher.py
[2025-06-02T18:44:50.434+0000] {logging_mixin.py:150} INFO - [2025-06-02T18:44:50.434+0000] {dag.py:2742} INFO - Sync 1 DAGs
[2025-06-02T18:44:50.451+0000] {logging_mixin.py:150} INFO - [2025-06-02T18:44:50.451+0000] {dag.py:3508} INFO - Setting next_dagrun for usd_rate_fetcher to 2000-01-01T00:00:00+00:00, run_after=2000-01-02T00:00:00+00:00
[2025-06-02T18:44:50.463+0000] {processor.py:179} INFO - Processing /opt/airflow/dags/usd_rate_fetcher.py took 0.390 seconds
[2025-06-02T18:45:21.268+0000] {processor.py:157} INFO - Started process (PID=10310) to work on /opt/airflow/dags/usd_rate_fetcher.py
[2025-06-02T18:45:21.275+0000] {processor.py:826} INFO - Processing file /opt/airflow/dags/usd_rate_fetcher.py for tasks to queue
[2025-06-02T18:45:21.275+0000] {logging_mixin.py:150} INFO - [2025-06-02T18:45:21.275+0000] {dagbag.py:541} INFO - Filling up the DagBag from /opt/airflow/dags/usd_rate_fetcher.py
[2025-06-02T18:45:21.609+0000] {processor.py:836} INFO - DAG(s) dict_keys(['usd_rate_fetcher']) retrieved from /opt/airflow/dags/usd_rate_fetcher.py
[2025-06-02T18:45:21.627+0000] {logging_mixin.py:150} INFO - [2025-06-02T18:45:21.626+0000] {dag.py:2742} INFO - Sync 1 DAGs
[2025-06-02T18:45:21.644+0000] {logging_mixin.py:150} INFO - [2025-06-02T18:45:21.644+0000] {dag.py:3508} INFO - Setting next_dagrun for usd_rate_fetcher to 2000-01-01T00:00:00+00:00, run_after=2000-01-02T00:00:00+00:00
[2025-06-02T18:45:21.655+0000] {processor.py:179} INFO - Processing /opt/airflow/dags/usd_rate_fetcher.py took 0.389 seconds
[2025-06-02T18:45:52.453+0000] {processor.py:157} INFO - Started process (PID=10332) to work on /opt/airflow/dags/usd_rate_fetcher.py
[2025-06-02T18:45:52.454+0000] {processor.py:826} INFO - Processing file /opt/airflow/dags/usd_rate_fetcher.py for tasks to queue
[2025-06-02T18:45:52.455+0000] {logging_mixin.py:150} INFO - [2025-06-02T18:45:52.455+0000] {dagbag.py:541} INFO - Filling up the DagBag from /opt/airflow/dags/usd_rate_fetcher.py
[2025-06-02T18:45:52.818+0000] {processor.py:836} INFO - DAG(s) dict_keys(['usd_rate_fetcher']) retrieved from /opt/airflow/dags/usd_rate_fetcher.py
[2025-06-02T18:45:52.835+0000] {logging_mixin.py:150} INFO - [2025-06-02T18:45:52.835+0000] {dag.py:2742} INFO - Sync 1 DAGs
[2025-06-02T18:45:52.852+0000] {logging_mixin.py:150} INFO - [2025-06-02T18:45:52.852+0000] {dag.py:3508} INFO - Setting next_dagrun for usd_rate_fetcher to 2000-01-01T00:00:00+00:00, run_after=2000-01-02T00:00:00+00:00
[2025-06-02T18:45:52.865+0000] {processor.py:179} INFO - Processing /opt/airflow/dags/usd_rate_fetcher.py took 0.414 seconds
[2025-06-02T18:46:23.667+0000] {processor.py:157} INFO - Started process (PID=10354) to work on /opt/airflow/dags/usd_rate_fetcher.py
[2025-06-02T18:46:23.667+0000] {processor.py:826} INFO - Processing file /opt/airflow/dags/usd_rate_fetcher.py for tasks to queue
[2025-06-02T18:46:23.668+0000] {logging_mixin.py:150} INFO - [2025-06-02T18:46:23.667+0000] {dagbag.py:541} INFO - Filling up the DagBag from /opt/airflow/dags/usd_rate_fetcher.py
[2025-06-02T18:46:24.021+0000] {processor.py:836} INFO - DAG(s) dict_keys(['usd_rate_fetcher']) retrieved from /opt/airflow/dags/usd_rate_fetcher.py
[2025-06-02T18:46:24.037+0000] {logging_mixin.py:150} INFO - [2025-06-02T18:46:24.036+0000] {dag.py:2742} INFO - Sync 1 DAGs
[2025-06-02T18:46:24.054+0000] {logging_mixin.py:150} INFO - [2025-06-02T18:46:24.054+0000] {dag.py:3508} INFO - Setting next_dagrun for usd_rate_fetcher to 2000-01-01T00:00:00+00:00, run_after=2000-01-02T00:00:00+00:00
[2025-06-02T18:46:24.066+0000] {processor.py:179} INFO - Processing /opt/airflow/dags/usd_rate_fetcher.py took 0.401 seconds
[2025-06-02T18:46:54.858+0000] {processor.py:157} INFO - Started process (PID=10376) to work on /opt/airflow/dags/usd_rate_fetcher.py
[2025-06-02T18:46:54.859+0000] {processor.py:826} INFO - Processing file /opt/airflow/dags/usd_rate_fetcher.py for tasks to queue
[2025-06-02T18:46:54.860+0000] {logging_mixin.py:150} INFO - [2025-06-02T18:46:54.859+0000] {dagbag.py:541} INFO - Filling up the DagBag from /opt/airflow/dags/usd_rate_fetcher.py
[2025-06-02T18:46:55.193+0000] {processor.py:836} INFO - DAG(s) dict_keys(['usd_rate_fetcher']) retrieved from /opt/airflow/dags/usd_rate_fetcher.py
[2025-06-02T18:46:55.211+0000] {logging_mixin.py:150} INFO - [2025-06-02T18:46:55.210+0000] {dag.py:2742} INFO - Sync 1 DAGs
[2025-06-02T18:46:55.228+0000] {logging_mixin.py:150} INFO - [2025-06-02T18:46:55.228+0000] {dag.py:3508} INFO - Setting next_dagrun for usd_rate_fetcher to 2000-01-01T00:00:00+00:00, run_after=2000-01-02T00:00:00+00:00
[2025-06-02T18:46:55.247+0000] {processor.py:179} INFO - Processing /opt/airflow/dags/usd_rate_fetcher.py took 0.391 seconds
[2025-06-02T18:47:26.041+0000] {processor.py:157} INFO - Started process (PID=10398) to work on /opt/airflow/dags/usd_rate_fetcher.py
[2025-06-02T18:47:26.048+0000] {processor.py:826} INFO - Processing file /opt/airflow/dags/usd_rate_fetcher.py for tasks to queue
[2025-06-02T18:47:26.048+0000] {logging_mixin.py:150} INFO - [2025-06-02T18:47:26.048+0000] {dagbag.py:541} INFO - Filling up the DagBag from /opt/airflow/dags/usd_rate_fetcher.py
[2025-06-02T18:47:26.378+0000] {processor.py:836} INFO - DAG(s) dict_keys(['usd_rate_fetcher']) retrieved from /opt/airflow/dags/usd_rate_fetcher.py
[2025-06-02T18:47:26.396+0000] {logging_mixin.py:150} INFO - [2025-06-02T18:47:26.396+0000] {dag.py:2742} INFO - Sync 1 DAGs
[2025-06-02T18:47:26.413+0000] {logging_mixin.py:150} INFO - [2025-06-02T18:47:26.413+0000] {dag.py:3508} INFO - Setting next_dagrun for usd_rate_fetcher to 2000-01-01T00:00:00+00:00, run_after=2000-01-02T00:00:00+00:00
[2025-06-02T18:47:26.424+0000] {processor.py:179} INFO - Processing /opt/airflow/dags/usd_rate_fetcher.py took 0.386 seconds
[2025-06-02T18:47:57.226+0000] {processor.py:157} INFO - Started process (PID=10420) to work on /opt/airflow/dags/usd_rate_fetcher.py
[2025-06-02T18:47:57.227+0000] {processor.py:826} INFO - Processing file /opt/airflow/dags/usd_rate_fetcher.py for tasks to queue
[2025-06-02T18:47:57.227+0000] {logging_mixin.py:150} INFO - [2025-06-02T18:47:57.227+0000] {dagbag.py:541} INFO - Filling up the DagBag from /opt/airflow/dags/usd_rate_fetcher.py
[2025-06-02T18:47:57.564+0000] {processor.py:836} INFO - DAG(s) dict_keys(['usd_rate_fetcher']) retrieved from /opt/airflow/dags/usd_rate_fetcher.py
[2025-06-02T18:47:57.581+0000] {logging_mixin.py:150} INFO - [2025-06-02T18:47:57.580+0000] {dag.py:2742} INFO - Sync 1 DAGs
[2025-06-02T18:47:57.596+0000] {logging_mixin.py:150} INFO - [2025-06-02T18:47:57.596+0000] {dag.py:3508} INFO - Setting next_dagrun for usd_rate_fetcher to 2000-01-01T00:00:00+00:00, run_after=2000-01-02T00:00:00+00:00
[2025-06-02T18:47:57.607+0000] {processor.py:179} INFO - Processing /opt/airflow/dags/usd_rate_fetcher.py took 0.383 seconds
[2025-06-02T18:48:28.403+0000] {processor.py:157} INFO - Started process (PID=10442) to work on /opt/airflow/dags/usd_rate_fetcher.py
[2025-06-02T18:48:28.410+0000] {processor.py:826} INFO - Processing file /opt/airflow/dags/usd_rate_fetcher.py for tasks to queue
[2025-06-02T18:48:28.410+0000] {logging_mixin.py:150} INFO - [2025-06-02T18:48:28.410+0000] {dagbag.py:541} INFO - Filling up the DagBag from /opt/airflow/dags/usd_rate_fetcher.py
[2025-06-02T18:48:28.743+0000] {processor.py:836} INFO - DAG(s) dict_keys(['usd_rate_fetcher']) retrieved from /opt/airflow/dags/usd_rate_fetcher.py
[2025-06-02T18:48:28.760+0000] {logging_mixin.py:150} INFO - [2025-06-02T18:48:28.760+0000] {dag.py:2742} INFO - Sync 1 DAGs
[2025-06-02T18:48:28.777+0000] {logging_mixin.py:150} INFO - [2025-06-02T18:48:28.777+0000] {dag.py:3508} INFO - Setting next_dagrun for usd_rate_fetcher to 2000-01-01T00:00:00+00:00, run_after=2000-01-02T00:00:00+00:00
[2025-06-02T18:48:28.788+0000] {processor.py:179} INFO - Processing /opt/airflow/dags/usd_rate_fetcher.py took 0.388 seconds
[2025-06-02T18:48:59.580+0000] {processor.py:157} INFO - Started process (PID=10464) to work on /opt/airflow/dags/usd_rate_fetcher.py
[2025-06-02T18:48:59.580+0000] {processor.py:826} INFO - Processing file /opt/airflow/dags/usd_rate_fetcher.py for tasks to queue
[2025-06-02T18:48:59.581+0000] {logging_mixin.py:150} INFO - [2025-06-02T18:48:59.581+0000] {dagbag.py:541} INFO - Filling up the DagBag from /opt/airflow/dags/usd_rate_fetcher.py
[2025-06-02T18:48:59.919+0000] {processor.py:836} INFO - DAG(s) dict_keys(['usd_rate_fetcher']) retrieved from /opt/airflow/dags/usd_rate_fetcher.py
[2025-06-02T18:48:59.936+0000] {logging_mixin.py:150} INFO - [2025-06-02T18:48:59.936+0000] {dag.py:2742} INFO - Sync 1 DAGs
[2025-06-02T18:48:59.954+0000] {logging_mixin.py:150} INFO - [2025-06-02T18:48:59.954+0000] {dag.py:3508} INFO - Setting next_dagrun for usd_rate_fetcher to 2000-01-01T00:00:00+00:00, run_after=2000-01-02T00:00:00+00:00
[2025-06-02T18:48:59.973+0000] {processor.py:179} INFO - Processing /opt/airflow/dags/usd_rate_fetcher.py took 0.396 seconds
[2025-06-02T18:49:30.760+0000] {processor.py:157} INFO - Started process (PID=10486) to work on /opt/airflow/dags/usd_rate_fetcher.py
[2025-06-02T18:49:30.766+0000] {processor.py:826} INFO - Processing file /opt/airflow/dags/usd_rate_fetcher.py for tasks to queue
[2025-06-02T18:49:30.767+0000] {logging_mixin.py:150} INFO - [2025-06-02T18:49:30.767+0000] {dagbag.py:541} INFO - Filling up the DagBag from /opt/airflow/dags/usd_rate_fetcher.py
[2025-06-02T18:49:31.102+0000] {processor.py:836} INFO - DAG(s) dict_keys(['usd_rate_fetcher']) retrieved from /opt/airflow/dags/usd_rate_fetcher.py
[2025-06-02T18:49:31.119+0000] {logging_mixin.py:150} INFO - [2025-06-02T18:49:31.119+0000] {dag.py:2742} INFO - Sync 1 DAGs
[2025-06-02T18:49:31.136+0000] {logging_mixin.py:150} INFO - [2025-06-02T18:49:31.136+0000] {dag.py:3508} INFO - Setting next_dagrun for usd_rate_fetcher to 2000-01-01T00:00:00+00:00, run_after=2000-01-02T00:00:00+00:00
[2025-06-02T18:49:31.147+0000] {processor.py:179} INFO - Processing /opt/airflow/dags/usd_rate_fetcher.py took 0.390 seconds
[2025-06-02T18:50:01.935+0000] {processor.py:157} INFO - Started process (PID=10508) to work on /opt/airflow/dags/usd_rate_fetcher.py
[2025-06-02T18:50:01.936+0000] {processor.py:826} INFO - Processing file /opt/airflow/dags/usd_rate_fetcher.py for tasks to queue
[2025-06-02T18:50:01.936+0000] {logging_mixin.py:150} INFO - [2025-06-02T18:50:01.936+0000] {dagbag.py:541} INFO - Filling up the DagBag from /opt/airflow/dags/usd_rate_fetcher.py
[2025-06-02T18:50:02.275+0000] {processor.py:836} INFO - DAG(s) dict_keys(['usd_rate_fetcher']) retrieved from /opt/airflow/dags/usd_rate_fetcher.py
[2025-06-02T18:50:02.292+0000] {logging_mixin.py:150} INFO - [2025-06-02T18:50:02.292+0000] {dag.py:2742} INFO - Sync 1 DAGs
[2025-06-02T18:50:02.310+0000] {logging_mixin.py:150} INFO - [2025-06-02T18:50:02.310+0000] {dag.py:3508} INFO - Setting next_dagrun for usd_rate_fetcher to 2000-01-01T00:00:00+00:00, run_after=2000-01-02T00:00:00+00:00
[2025-06-02T18:50:02.329+0000] {processor.py:179} INFO - Processing /opt/airflow/dags/usd_rate_fetcher.py took 0.396 seconds
[2025-06-02T18:50:33.102+0000] {processor.py:157} INFO - Started process (PID=10530) to work on /opt/airflow/dags/usd_rate_fetcher.py
[2025-06-02T18:50:33.103+0000] {processor.py:826} INFO - Processing file /opt/airflow/dags/usd_rate_fetcher.py for tasks to queue
[2025-06-02T18:50:33.104+0000] {logging_mixin.py:150} INFO - [2025-06-02T18:50:33.103+0000] {dagbag.py:541} INFO - Filling up the DagBag from /opt/airflow/dags/usd_rate_fetcher.py
[2025-06-02T18:50:33.435+0000] {processor.py:836} INFO - DAG(s) dict_keys(['usd_rate_fetcher']) retrieved from /opt/airflow/dags/usd_rate_fetcher.py
[2025-06-02T18:50:33.453+0000] {logging_mixin.py:150} INFO - [2025-06-02T18:50:33.453+0000] {dag.py:2742} INFO - Sync 1 DAGs
[2025-06-02T18:50:33.470+0000] {logging_mixin.py:150} INFO - [2025-06-02T18:50:33.470+0000] {dag.py:3508} INFO - Setting next_dagrun for usd_rate_fetcher to 2000-01-01T00:00:00+00:00, run_after=2000-01-02T00:00:00+00:00
[2025-06-02T18:50:33.482+0000] {processor.py:179} INFO - Processing /opt/airflow/dags/usd_rate_fetcher.py took 0.382 seconds
[2025-06-02T18:51:04.270+0000] {processor.py:157} INFO - Started process (PID=10552) to work on /opt/airflow/dags/usd_rate_fetcher.py
[2025-06-02T18:51:04.271+0000] {processor.py:826} INFO - Processing file /opt/airflow/dags/usd_rate_fetcher.py for tasks to queue
[2025-06-02T18:51:04.271+0000] {logging_mixin.py:150} INFO - [2025-06-02T18:51:04.271+0000] {dagbag.py:541} INFO - Filling up the DagBag from /opt/airflow/dags/usd_rate_fetcher.py
[2025-06-02T18:51:04.624+0000] {processor.py:836} INFO - DAG(s) dict_keys(['usd_rate_fetcher']) retrieved from /opt/airflow/dags/usd_rate_fetcher.py
[2025-06-02T18:51:04.640+0000] {logging_mixin.py:150} INFO - [2025-06-02T18:51:04.640+0000] {dag.py:2742} INFO - Sync 1 DAGs
[2025-06-02T18:51:04.656+0000] {logging_mixin.py:150} INFO - [2025-06-02T18:51:04.656+0000] {dag.py:3508} INFO - Setting next_dagrun for usd_rate_fetcher to 2000-01-01T00:00:00+00:00, run_after=2000-01-02T00:00:00+00:00
[2025-06-02T18:51:04.667+0000] {processor.py:179} INFO - Processing /opt/airflow/dags/usd_rate_fetcher.py took 0.399 seconds
[2025-06-02T18:51:35.456+0000] {processor.py:157} INFO - Started process (PID=10574) to work on /opt/airflow/dags/usd_rate_fetcher.py
[2025-06-02T18:51:35.457+0000] {processor.py:826} INFO - Processing file /opt/airflow/dags/usd_rate_fetcher.py for tasks to queue
[2025-06-02T18:51:35.457+0000] {logging_mixin.py:150} INFO - [2025-06-02T18:51:35.457+0000] {dagbag.py:541} INFO - Filling up the DagBag from /opt/airflow/dags/usd_rate_fetcher.py
[2025-06-02T18:51:35.881+0000] {processor.py:836} INFO - DAG(s) dict_keys(['usd_rate_fetcher']) retrieved from /opt/airflow/dags/usd_rate_fetcher.py
[2025-06-02T18:51:35.897+0000] {logging_mixin.py:150} INFO - [2025-06-02T18:51:35.897+0000] {dag.py:2742} INFO - Sync 1 DAGs
[2025-06-02T18:51:35.913+0000] {logging_mixin.py:150} INFO - [2025-06-02T18:51:35.913+0000] {dag.py:3508} INFO - Setting next_dagrun for usd_rate_fetcher to 2000-01-01T00:00:00+00:00, run_after=2000-01-02T00:00:00+00:00
[2025-06-02T18:51:35.924+0000] {processor.py:179} INFO - Processing /opt/airflow/dags/usd_rate_fetcher.py took 0.470 seconds
[2025-06-02T18:52:06.653+0000] {processor.py:157} INFO - Started process (PID=10596) to work on /opt/airflow/dags/usd_rate_fetcher.py
[2025-06-02T18:52:06.654+0000] {processor.py:826} INFO - Processing file /opt/airflow/dags/usd_rate_fetcher.py for tasks to queue
[2025-06-02T18:52:06.654+0000] {logging_mixin.py:150} INFO - [2025-06-02T18:52:06.654+0000] {dagbag.py:541} INFO - Filling up the DagBag from /opt/airflow/dags/usd_rate_fetcher.py
[2025-06-02T18:52:06.980+0000] {processor.py:836} INFO - DAG(s) dict_keys(['usd_rate_fetcher']) retrieved from /opt/airflow/dags/usd_rate_fetcher.py
[2025-06-02T18:52:06.997+0000] {logging_mixin.py:150} INFO - [2025-06-02T18:52:06.996+0000] {dag.py:2742} INFO - Sync 1 DAGs
[2025-06-02T18:52:07.012+0000] {logging_mixin.py:150} INFO - [2025-06-02T18:52:07.012+0000] {dag.py:3508} INFO - Setting next_dagrun for usd_rate_fetcher to 2000-01-01T00:00:00+00:00, run_after=2000-01-02T00:00:00+00:00
[2025-06-02T18:52:07.031+0000] {processor.py:179} INFO - Processing /opt/airflow/dags/usd_rate_fetcher.py took 0.380 seconds
[2025-06-02T18:52:37.828+0000] {processor.py:157} INFO - Started process (PID=10618) to work on /opt/airflow/dags/usd_rate_fetcher.py
[2025-06-02T18:52:37.829+0000] {processor.py:826} INFO - Processing file /opt/airflow/dags/usd_rate_fetcher.py for tasks to queue
[2025-06-02T18:52:37.830+0000] {logging_mixin.py:150} INFO - [2025-06-02T18:52:37.830+0000] {dagbag.py:541} INFO - Filling up the DagBag from /opt/airflow/dags/usd_rate_fetcher.py
[2025-06-02T18:52:38.139+0000] {processor.py:836} INFO - DAG(s) dict_keys(['usd_rate_fetcher']) retrieved from /opt/airflow/dags/usd_rate_fetcher.py
[2025-06-02T18:52:38.156+0000] {logging_mixin.py:150} INFO - [2025-06-02T18:52:38.155+0000] {dag.py:2742} INFO - Sync 1 DAGs
[2025-06-02T18:52:38.173+0000] {logging_mixin.py:150} INFO - [2025-06-02T18:52:38.173+0000] {dag.py:3508} INFO - Setting next_dagrun for usd_rate_fetcher to 2000-01-01T00:00:00+00:00, run_after=2000-01-02T00:00:00+00:00
[2025-06-02T18:52:38.185+0000] {processor.py:179} INFO - Processing /opt/airflow/dags/usd_rate_fetcher.py took 0.358 seconds
[2025-06-02T18:53:09.001+0000] {processor.py:157} INFO - Started process (PID=10640) to work on /opt/airflow/dags/usd_rate_fetcher.py
[2025-06-02T18:53:09.001+0000] {processor.py:826} INFO - Processing file /opt/airflow/dags/usd_rate_fetcher.py for tasks to queue
[2025-06-02T18:53:09.002+0000] {logging_mixin.py:150} INFO - [2025-06-02T18:53:09.002+0000] {dagbag.py:541} INFO - Filling up the DagBag from /opt/airflow/dags/usd_rate_fetcher.py
[2025-06-02T18:53:09.313+0000] {processor.py:836} INFO - DAG(s) dict_keys(['usd_rate_fetcher']) retrieved from /opt/airflow/dags/usd_rate_fetcher.py
[2025-06-02T18:53:09.331+0000] {logging_mixin.py:150} INFO - [2025-06-02T18:53:09.330+0000] {dag.py:2742} INFO - Sync 1 DAGs
[2025-06-02T18:53:09.348+0000] {logging_mixin.py:150} INFO - [2025-06-02T18:53:09.348+0000] {dag.py:3508} INFO - Setting next_dagrun for usd_rate_fetcher to 2000-01-01T00:00:00+00:00, run_after=2000-01-02T00:00:00+00:00
[2025-06-02T18:53:09.359+0000] {processor.py:179} INFO - Processing /opt/airflow/dags/usd_rate_fetcher.py took 0.361 seconds
[2025-06-02T18:53:40.176+0000] {processor.py:157} INFO - Started process (PID=10662) to work on /opt/airflow/dags/usd_rate_fetcher.py
[2025-06-02T18:53:40.177+0000] {processor.py:826} INFO - Processing file /opt/airflow/dags/usd_rate_fetcher.py for tasks to queue
[2025-06-02T18:53:40.178+0000] {logging_mixin.py:150} INFO - [2025-06-02T18:53:40.178+0000] {dagbag.py:541} INFO - Filling up the DagBag from /opt/airflow/dags/usd_rate_fetcher.py
[2025-06-02T18:53:40.505+0000] {processor.py:836} INFO - DAG(s) dict_keys(['usd_rate_fetcher']) retrieved from /opt/airflow/dags/usd_rate_fetcher.py
[2025-06-02T18:53:40.522+0000] {logging_mixin.py:150} INFO - [2025-06-02T18:53:40.522+0000] {dag.py:2742} INFO - Sync 1 DAGs
[2025-06-02T18:53:40.539+0000] {logging_mixin.py:150} INFO - [2025-06-02T18:53:40.539+0000] {dag.py:3508} INFO - Setting next_dagrun for usd_rate_fetcher to 2000-01-01T00:00:00+00:00, run_after=2000-01-02T00:00:00+00:00
[2025-06-02T18:53:40.551+0000] {processor.py:179} INFO - Processing /opt/airflow/dags/usd_rate_fetcher.py took 0.377 seconds
[2025-06-02T18:54:11.357+0000] {processor.py:157} INFO - Started process (PID=10684) to work on /opt/airflow/dags/usd_rate_fetcher.py
[2025-06-02T18:54:11.357+0000] {processor.py:826} INFO - Processing file /opt/airflow/dags/usd_rate_fetcher.py for tasks to queue
[2025-06-02T18:54:11.358+0000] {logging_mixin.py:150} INFO - [2025-06-02T18:54:11.358+0000] {dagbag.py:541} INFO - Filling up the DagBag from /opt/airflow/dags/usd_rate_fetcher.py
[2025-06-02T18:54:11.795+0000] {processor.py:836} INFO - DAG(s) dict_keys(['usd_rate_fetcher']) retrieved from /opt/airflow/dags/usd_rate_fetcher.py
[2025-06-02T18:54:11.811+0000] {logging_mixin.py:150} INFO - [2025-06-02T18:54:11.811+0000] {dag.py:2742} INFO - Sync 1 DAGs
[2025-06-02T18:54:11.830+0000] {logging_mixin.py:150} INFO - [2025-06-02T18:54:11.830+0000] {dag.py:3508} INFO - Setting next_dagrun for usd_rate_fetcher to 2000-01-01T00:00:00+00:00, run_after=2000-01-02T00:00:00+00:00
[2025-06-02T18:54:11.842+0000] {processor.py:179} INFO - Processing /opt/airflow/dags/usd_rate_fetcher.py took 0.487 seconds
[2025-06-02T18:54:42.519+0000] {processor.py:157} INFO - Started process (PID=10706) to work on /opt/airflow/dags/usd_rate_fetcher.py
[2025-06-02T18:54:42.526+0000] {processor.py:826} INFO - Processing file /opt/airflow/dags/usd_rate_fetcher.py for tasks to queue
[2025-06-02T18:54:42.526+0000] {logging_mixin.py:150} INFO - [2025-06-02T18:54:42.526+0000] {dagbag.py:541} INFO - Filling up the DagBag from /opt/airflow/dags/usd_rate_fetcher.py
[2025-06-02T18:54:42.852+0000] {processor.py:836} INFO - DAG(s) dict_keys(['usd_rate_fetcher']) retrieved from /opt/airflow/dags/usd_rate_fetcher.py
[2025-06-02T18:54:42.869+0000] {logging_mixin.py:150} INFO - [2025-06-02T18:54:42.869+0000] {dag.py:2742} INFO - Sync 1 DAGs
[2025-06-02T18:54:42.888+0000] {logging_mixin.py:150} INFO - [2025-06-02T18:54:42.887+0000] {dag.py:3508} INFO - Setting next_dagrun for usd_rate_fetcher to 2000-01-01T00:00:00+00:00, run_after=2000-01-02T00:00:00+00:00
[2025-06-02T18:54:42.906+0000] {processor.py:179} INFO - Processing /opt/airflow/dags/usd_rate_fetcher.py took 0.390 seconds
[2025-06-02T18:55:13.682+0000] {processor.py:157} INFO - Started process (PID=10728) to work on /opt/airflow/dags/usd_rate_fetcher.py
[2025-06-02T18:55:13.682+0000] {processor.py:826} INFO - Processing file /opt/airflow/dags/usd_rate_fetcher.py for tasks to queue
[2025-06-02T18:55:13.683+0000] {logging_mixin.py:150} INFO - [2025-06-02T18:55:13.682+0000] {dagbag.py:541} INFO - Filling up the DagBag from /opt/airflow/dags/usd_rate_fetcher.py
[2025-06-02T18:55:14.130+0000] {processor.py:836} INFO - DAG(s) dict_keys(['usd_rate_fetcher']) retrieved from /opt/airflow/dags/usd_rate_fetcher.py
[2025-06-02T18:55:14.148+0000] {logging_mixin.py:150} INFO - [2025-06-02T18:55:14.147+0000] {dag.py:2742} INFO - Sync 1 DAGs
[2025-06-02T18:55:14.165+0000] {logging_mixin.py:150} INFO - [2025-06-02T18:55:14.165+0000] {dag.py:3508} INFO - Setting next_dagrun for usd_rate_fetcher to 2000-01-01T00:00:00+00:00, run_after=2000-01-02T00:00:00+00:00
[2025-06-02T18:55:14.176+0000] {processor.py:179} INFO - Processing /opt/airflow/dags/usd_rate_fetcher.py took 0.496 seconds
[2025-06-02T18:55:44.850+0000] {processor.py:157} INFO - Started process (PID=10750) to work on /opt/airflow/dags/usd_rate_fetcher.py
[2025-06-02T18:55:44.857+0000] {processor.py:826} INFO - Processing file /opt/airflow/dags/usd_rate_fetcher.py for tasks to queue
[2025-06-02T18:55:44.858+0000] {logging_mixin.py:150} INFO - [2025-06-02T18:55:44.857+0000] {dagbag.py:541} INFO - Filling up the DagBag from /opt/airflow/dags/usd_rate_fetcher.py
[2025-06-02T18:55:45.235+0000] {processor.py:836} INFO - DAG(s) dict_keys(['usd_rate_fetcher']) retrieved from /opt/airflow/dags/usd_rate_fetcher.py
[2025-06-02T18:55:45.258+0000] {logging_mixin.py:150} INFO - [2025-06-02T18:55:45.257+0000] {dag.py:2742} INFO - Sync 1 DAGs
[2025-06-02T18:55:45.275+0000] {logging_mixin.py:150} INFO - [2025-06-02T18:55:45.275+0000] {dag.py:3508} INFO - Setting next_dagrun for usd_rate_fetcher to 2000-01-01T00:00:00+00:00, run_after=2000-01-02T00:00:00+00:00
[2025-06-02T18:55:45.286+0000] {processor.py:179} INFO - Processing /opt/airflow/dags/usd_rate_fetcher.py took 0.438 seconds
[2025-06-02T18:56:16.033+0000] {processor.py:157} INFO - Started process (PID=10772) to work on /opt/airflow/dags/usd_rate_fetcher.py
[2025-06-02T18:56:16.034+0000] {processor.py:826} INFO - Processing file /opt/airflow/dags/usd_rate_fetcher.py for tasks to queue
[2025-06-02T18:56:16.034+0000] {logging_mixin.py:150} INFO - [2025-06-02T18:56:16.034+0000] {dagbag.py:541} INFO - Filling up the DagBag from /opt/airflow/dags/usd_rate_fetcher.py
[2025-06-02T18:56:16.401+0000] {processor.py:836} INFO - DAG(s) dict_keys(['usd_rate_fetcher']) retrieved from /opt/airflow/dags/usd_rate_fetcher.py
[2025-06-02T18:56:16.418+0000] {logging_mixin.py:150} INFO - [2025-06-02T18:56:16.418+0000] {dag.py:2742} INFO - Sync 1 DAGs
[2025-06-02T18:56:16.435+0000] {logging_mixin.py:150} INFO - [2025-06-02T18:56:16.435+0000] {dag.py:3508} INFO - Setting next_dagrun for usd_rate_fetcher to 2000-01-01T00:00:00+00:00, run_after=2000-01-02T00:00:00+00:00
[2025-06-02T18:56:16.447+0000] {processor.py:179} INFO - Processing /opt/airflow/dags/usd_rate_fetcher.py took 0.415 seconds
[2025-06-02T18:56:47.169+0000] {processor.py:157} INFO - Started process (PID=10794) to work on /opt/airflow/dags/usd_rate_fetcher.py
[2025-06-02T18:56:47.176+0000] {processor.py:826} INFO - Processing file /opt/airflow/dags/usd_rate_fetcher.py for tasks to queue
[2025-06-02T18:56:47.176+0000] {logging_mixin.py:150} INFO - [2025-06-02T18:56:47.176+0000] {dagbag.py:541} INFO - Filling up the DagBag from /opt/airflow/dags/usd_rate_fetcher.py
[2025-06-02T18:56:47.502+0000] {processor.py:836} INFO - DAG(s) dict_keys(['usd_rate_fetcher']) retrieved from /opt/airflow/dags/usd_rate_fetcher.py
[2025-06-02T18:56:47.518+0000] {logging_mixin.py:150} INFO - [2025-06-02T18:56:47.518+0000] {dag.py:2742} INFO - Sync 1 DAGs
[2025-06-02T18:56:47.535+0000] {logging_mixin.py:150} INFO - [2025-06-02T18:56:47.535+0000] {dag.py:3508} INFO - Setting next_dagrun for usd_rate_fetcher to 2000-01-01T00:00:00+00:00, run_after=2000-01-02T00:00:00+00:00
[2025-06-02T18:56:47.554+0000] {processor.py:179} INFO - Processing /opt/airflow/dags/usd_rate_fetcher.py took 0.387 seconds
[2025-06-02T18:57:18.334+0000] {processor.py:157} INFO - Started process (PID=10816) to work on /opt/airflow/dags/usd_rate_fetcher.py
[2025-06-02T18:57:18.334+0000] {processor.py:826} INFO - Processing file /opt/airflow/dags/usd_rate_fetcher.py for tasks to queue
[2025-06-02T18:57:18.335+0000] {logging_mixin.py:150} INFO - [2025-06-02T18:57:18.335+0000] {dagbag.py:541} INFO - Filling up the DagBag from /opt/airflow/dags/usd_rate_fetcher.py
[2025-06-02T18:57:18.667+0000] {processor.py:836} INFO - DAG(s) dict_keys(['usd_rate_fetcher']) retrieved from /opt/airflow/dags/usd_rate_fetcher.py
[2025-06-02T18:57:18.684+0000] {logging_mixin.py:150} INFO - [2025-06-02T18:57:18.684+0000] {dag.py:2742} INFO - Sync 1 DAGs
[2025-06-02T18:57:18.701+0000] {logging_mixin.py:150} INFO - [2025-06-02T18:57:18.701+0000] {dag.py:3508} INFO - Setting next_dagrun for usd_rate_fetcher to 2000-01-01T00:00:00+00:00, run_after=2000-01-02T00:00:00+00:00
[2025-06-02T18:57:18.720+0000] {processor.py:179} INFO - Processing /opt/airflow/dags/usd_rate_fetcher.py took 0.389 seconds
[2025-06-02T18:57:49.487+0000] {processor.py:157} INFO - Started process (PID=10838) to work on /opt/airflow/dags/usd_rate_fetcher.py
[2025-06-02T18:57:49.494+0000] {processor.py:826} INFO - Processing file /opt/airflow/dags/usd_rate_fetcher.py for tasks to queue
[2025-06-02T18:57:49.495+0000] {logging_mixin.py:150} INFO - [2025-06-02T18:57:49.495+0000] {dagbag.py:541} INFO - Filling up the DagBag from /opt/airflow/dags/usd_rate_fetcher.py
[2025-06-02T18:57:49.841+0000] {processor.py:836} INFO - DAG(s) dict_keys(['usd_rate_fetcher']) retrieved from /opt/airflow/dags/usd_rate_fetcher.py
[2025-06-02T18:57:49.858+0000] {logging_mixin.py:150} INFO - [2025-06-02T18:57:49.858+0000] {dag.py:2742} INFO - Sync 1 DAGs
[2025-06-02T18:57:49.875+0000] {logging_mixin.py:150} INFO - [2025-06-02T18:57:49.875+0000] {dag.py:3508} INFO - Setting next_dagrun for usd_rate_fetcher to 2000-01-01T00:00:00+00:00, run_after=2000-01-02T00:00:00+00:00
[2025-06-02T18:57:49.894+0000] {processor.py:179} INFO - Processing /opt/airflow/dags/usd_rate_fetcher.py took 0.408 seconds
[2025-06-02T18:58:20.700+0000] {processor.py:157} INFO - Started process (PID=10865) to work on /opt/airflow/dags/usd_rate_fetcher.py
[2025-06-02T18:58:20.707+0000] {processor.py:826} INFO - Processing file /opt/airflow/dags/usd_rate_fetcher.py for tasks to queue
[2025-06-02T18:58:20.708+0000] {logging_mixin.py:150} INFO - [2025-06-02T18:58:20.707+0000] {dagbag.py:541} INFO - Filling up the DagBag from /opt/airflow/dags/usd_rate_fetcher.py
[2025-06-02T18:58:21.043+0000] {processor.py:836} INFO - DAG(s) dict_keys(['usd_rate_fetcher']) retrieved from /opt/airflow/dags/usd_rate_fetcher.py
[2025-06-02T18:58:21.061+0000] {logging_mixin.py:150} INFO - [2025-06-02T18:58:21.061+0000] {dag.py:2742} INFO - Sync 1 DAGs
[2025-06-02T18:58:21.082+0000] {logging_mixin.py:150} INFO - [2025-06-02T18:58:21.082+0000] {dag.py:3508} INFO - Setting next_dagrun for usd_rate_fetcher to 2000-01-01T00:00:00+00:00, run_after=2000-01-02T00:00:00+00:00
[2025-06-02T18:58:21.102+0000] {processor.py:179} INFO - Processing /opt/airflow/dags/usd_rate_fetcher.py took 0.404 seconds
[2025-06-02T18:58:51.885+0000] {processor.py:157} INFO - Started process (PID=10887) to work on /opt/airflow/dags/usd_rate_fetcher.py
[2025-06-02T18:58:51.885+0000] {processor.py:826} INFO - Processing file /opt/airflow/dags/usd_rate_fetcher.py for tasks to queue
[2025-06-02T18:58:51.886+0000] {logging_mixin.py:150} INFO - [2025-06-02T18:58:51.886+0000] {dagbag.py:541} INFO - Filling up the DagBag from /opt/airflow/dags/usd_rate_fetcher.py
[2025-06-02T18:58:52.216+0000] {processor.py:836} INFO - DAG(s) dict_keys(['usd_rate_fetcher']) retrieved from /opt/airflow/dags/usd_rate_fetcher.py
[2025-06-02T18:58:52.233+0000] {logging_mixin.py:150} INFO - [2025-06-02T18:58:52.233+0000] {dag.py:2742} INFO - Sync 1 DAGs
[2025-06-02T18:58:52.249+0000] {logging_mixin.py:150} INFO - [2025-06-02T18:58:52.249+0000] {dag.py:3508} INFO - Setting next_dagrun for usd_rate_fetcher to 2000-01-01T00:00:00+00:00, run_after=2000-01-02T00:00:00+00:00
[2025-06-02T18:58:52.268+0000] {processor.py:179} INFO - Processing /opt/airflow/dags/usd_rate_fetcher.py took 0.385 seconds
[2025-06-02T18:59:23.072+0000] {processor.py:157} INFO - Started process (PID=10909) to work on /opt/airflow/dags/usd_rate_fetcher.py
[2025-06-02T18:59:23.073+0000] {processor.py:826} INFO - Processing file /opt/airflow/dags/usd_rate_fetcher.py for tasks to queue
[2025-06-02T18:59:23.074+0000] {logging_mixin.py:150} INFO - [2025-06-02T18:59:23.074+0000] {dagbag.py:541} INFO - Filling up the DagBag from /opt/airflow/dags/usd_rate_fetcher.py
[2025-06-02T18:59:23.401+0000] {processor.py:836} INFO - DAG(s) dict_keys(['usd_rate_fetcher']) retrieved from /opt/airflow/dags/usd_rate_fetcher.py
[2025-06-02T18:59:23.419+0000] {logging_mixin.py:150} INFO - [2025-06-02T18:59:23.419+0000] {dag.py:2742} INFO - Sync 1 DAGs
[2025-06-02T18:59:23.437+0000] {logging_mixin.py:150} INFO - [2025-06-02T18:59:23.436+0000] {dag.py:3508} INFO - Setting next_dagrun for usd_rate_fetcher to 2000-01-01T00:00:00+00:00, run_after=2000-01-02T00:00:00+00:00
[2025-06-02T18:59:23.455+0000] {processor.py:179} INFO - Processing /opt/airflow/dags/usd_rate_fetcher.py took 0.385 seconds
[2025-06-02T18:59:54.267+0000] {processor.py:157} INFO - Started process (PID=10931) to work on /opt/airflow/dags/usd_rate_fetcher.py
[2025-06-02T18:59:54.267+0000] {processor.py:826} INFO - Processing file /opt/airflow/dags/usd_rate_fetcher.py for tasks to queue
[2025-06-02T18:59:54.268+0000] {logging_mixin.py:150} INFO - [2025-06-02T18:59:54.267+0000] {dagbag.py:541} INFO - Filling up the DagBag from /opt/airflow/dags/usd_rate_fetcher.py
[2025-06-02T18:59:54.605+0000] {processor.py:836} INFO - DAG(s) dict_keys(['usd_rate_fetcher']) retrieved from /opt/airflow/dags/usd_rate_fetcher.py
[2025-06-02T18:59:54.622+0000] {logging_mixin.py:150} INFO - [2025-06-02T18:59:54.622+0000] {dag.py:2742} INFO - Sync 1 DAGs
[2025-06-02T18:59:54.639+0000] {logging_mixin.py:150} INFO - [2025-06-02T18:59:54.639+0000] {dag.py:3508} INFO - Setting next_dagrun for usd_rate_fetcher to 2000-01-01T00:00:00+00:00, run_after=2000-01-02T00:00:00+00:00
[2025-06-02T18:59:54.651+0000] {processor.py:179} INFO - Processing /opt/airflow/dags/usd_rate_fetcher.py took 0.387 seconds
[2025-06-02T19:00:25.444+0000] {processor.py:157} INFO - Started process (PID=10953) to work on /opt/airflow/dags/usd_rate_fetcher.py
[2025-06-02T19:00:25.445+0000] {processor.py:826} INFO - Processing file /opt/airflow/dags/usd_rate_fetcher.py for tasks to queue
[2025-06-02T19:00:25.446+0000] {logging_mixin.py:150} INFO - [2025-06-02T19:00:25.445+0000] {dagbag.py:541} INFO - Filling up the DagBag from /opt/airflow/dags/usd_rate_fetcher.py
[2025-06-02T19:00:25.776+0000] {processor.py:836} INFO - DAG(s) dict_keys(['usd_rate_fetcher']) retrieved from /opt/airflow/dags/usd_rate_fetcher.py
[2025-06-02T19:00:25.793+0000] {logging_mixin.py:150} INFO - [2025-06-02T19:00:25.793+0000] {dag.py:2742} INFO - Sync 1 DAGs
[2025-06-02T19:00:25.810+0000] {logging_mixin.py:150} INFO - [2025-06-02T19:00:25.810+0000] {dag.py:3508} INFO - Setting next_dagrun for usd_rate_fetcher to 2000-01-01T00:00:00+00:00, run_after=2000-01-02T00:00:00+00:00
[2025-06-02T19:00:25.822+0000] {processor.py:179} INFO - Processing /opt/airflow/dags/usd_rate_fetcher.py took 0.379 seconds
[2025-06-02T19:00:56.615+0000] {processor.py:157} INFO - Started process (PID=10975) to work on /opt/airflow/dags/usd_rate_fetcher.py
[2025-06-02T19:00:56.616+0000] {processor.py:826} INFO - Processing file /opt/airflow/dags/usd_rate_fetcher.py for tasks to queue
[2025-06-02T19:00:56.616+0000] {logging_mixin.py:150} INFO - [2025-06-02T19:00:56.616+0000] {dagbag.py:541} INFO - Filling up the DagBag from /opt/airflow/dags/usd_rate_fetcher.py
[2025-06-02T19:00:56.959+0000] {processor.py:836} INFO - DAG(s) dict_keys(['usd_rate_fetcher']) retrieved from /opt/airflow/dags/usd_rate_fetcher.py
[2025-06-02T19:00:56.977+0000] {logging_mixin.py:150} INFO - [2025-06-02T19:00:56.976+0000] {dag.py:2742} INFO - Sync 1 DAGs
[2025-06-02T19:00:56.994+0000] {logging_mixin.py:150} INFO - [2025-06-02T19:00:56.994+0000] {dag.py:3508} INFO - Setting next_dagrun for usd_rate_fetcher to 2000-01-01T00:00:00+00:00, run_after=2000-01-02T00:00:00+00:00
[2025-06-02T19:00:57.006+0000] {processor.py:179} INFO - Processing /opt/airflow/dags/usd_rate_fetcher.py took 0.393 seconds
[2025-06-02T19:01:27.794+0000] {processor.py:157} INFO - Started process (PID=10997) to work on /opt/airflow/dags/usd_rate_fetcher.py
[2025-06-02T19:01:27.801+0000] {processor.py:826} INFO - Processing file /opt/airflow/dags/usd_rate_fetcher.py for tasks to queue
[2025-06-02T19:01:27.801+0000] {logging_mixin.py:150} INFO - [2025-06-02T19:01:27.801+0000] {dagbag.py:541} INFO - Filling up the DagBag from /opt/airflow/dags/usd_rate_fetcher.py
[2025-06-02T19:01:28.141+0000] {processor.py:836} INFO - DAG(s) dict_keys(['usd_rate_fetcher']) retrieved from /opt/airflow/dags/usd_rate_fetcher.py
[2025-06-02T19:01:28.158+0000] {logging_mixin.py:150} INFO - [2025-06-02T19:01:28.158+0000] {dag.py:2742} INFO - Sync 1 DAGs
[2025-06-02T19:01:28.175+0000] {logging_mixin.py:150} INFO - [2025-06-02T19:01:28.174+0000] {dag.py:3508} INFO - Setting next_dagrun for usd_rate_fetcher to 2000-01-01T00:00:00+00:00, run_after=2000-01-02T00:00:00+00:00
[2025-06-02T19:01:28.186+0000] {processor.py:179} INFO - Processing /opt/airflow/dags/usd_rate_fetcher.py took 0.394 seconds
[2025-06-02T19:01:58.967+0000] {processor.py:157} INFO - Started process (PID=11019) to work on /opt/airflow/dags/usd_rate_fetcher.py
[2025-06-02T19:01:58.973+0000] {processor.py:826} INFO - Processing file /opt/airflow/dags/usd_rate_fetcher.py for tasks to queue
[2025-06-02T19:01:58.974+0000] {logging_mixin.py:150} INFO - [2025-06-02T19:01:58.974+0000] {dagbag.py:541} INFO - Filling up the DagBag from /opt/airflow/dags/usd_rate_fetcher.py
[2025-06-02T19:01:59.310+0000] {processor.py:836} INFO - DAG(s) dict_keys(['usd_rate_fetcher']) retrieved from /opt/airflow/dags/usd_rate_fetcher.py
[2025-06-02T19:01:59.328+0000] {logging_mixin.py:150} INFO - [2025-06-02T19:01:59.328+0000] {dag.py:2742} INFO - Sync 1 DAGs
[2025-06-02T19:01:59.345+0000] {logging_mixin.py:150} INFO - [2025-06-02T19:01:59.345+0000] {dag.py:3508} INFO - Setting next_dagrun for usd_rate_fetcher to 2000-01-01T00:00:00+00:00, run_after=2000-01-02T00:00:00+00:00
[2025-06-02T19:01:59.364+0000] {processor.py:179} INFO - Processing /opt/airflow/dags/usd_rate_fetcher.py took 0.399 seconds
[2025-06-02T19:02:30.131+0000] {processor.py:157} INFO - Started process (PID=11041) to work on /opt/airflow/dags/usd_rate_fetcher.py
[2025-06-02T19:02:30.137+0000] {processor.py:826} INFO - Processing file /opt/airflow/dags/usd_rate_fetcher.py for tasks to queue
[2025-06-02T19:02:30.138+0000] {logging_mixin.py:150} INFO - [2025-06-02T19:02:30.138+0000] {dagbag.py:541} INFO - Filling up the DagBag from /opt/airflow/dags/usd_rate_fetcher.py
[2025-06-02T19:02:30.465+0000] {processor.py:836} INFO - DAG(s) dict_keys(['usd_rate_fetcher']) retrieved from /opt/airflow/dags/usd_rate_fetcher.py
[2025-06-02T19:02:30.482+0000] {logging_mixin.py:150} INFO - [2025-06-02T19:02:30.482+0000] {dag.py:2742} INFO - Sync 1 DAGs
[2025-06-02T19:02:30.499+0000] {logging_mixin.py:150} INFO - [2025-06-02T19:02:30.499+0000] {dag.py:3508} INFO - Setting next_dagrun for usd_rate_fetcher to 2000-01-01T00:00:00+00:00, run_after=2000-01-02T00:00:00+00:00
[2025-06-02T19:02:30.518+0000] {processor.py:179} INFO - Processing /opt/airflow/dags/usd_rate_fetcher.py took 0.390 seconds
[2025-06-02T19:03:01.298+0000] {processor.py:157} INFO - Started process (PID=11063) to work on /opt/airflow/dags/usd_rate_fetcher.py
[2025-06-02T19:03:01.299+0000] {processor.py:826} INFO - Processing file /opt/airflow/dags/usd_rate_fetcher.py for tasks to queue
[2025-06-02T19:03:01.299+0000] {logging_mixin.py:150} INFO - [2025-06-02T19:03:01.299+0000] {dagbag.py:541} INFO - Filling up the DagBag from /opt/airflow/dags/usd_rate_fetcher.py
[2025-06-02T19:03:01.637+0000] {processor.py:836} INFO - DAG(s) dict_keys(['usd_rate_fetcher']) retrieved from /opt/airflow/dags/usd_rate_fetcher.py
[2025-06-02T19:03:01.654+0000] {logging_mixin.py:150} INFO - [2025-06-02T19:03:01.654+0000] {dag.py:2742} INFO - Sync 1 DAGs
[2025-06-02T19:03:01.671+0000] {logging_mixin.py:150} INFO - [2025-06-02T19:03:01.671+0000] {dag.py:3508} INFO - Setting next_dagrun for usd_rate_fetcher to 2000-01-01T00:00:00+00:00, run_after=2000-01-02T00:00:00+00:00
[2025-06-02T19:03:01.682+0000] {processor.py:179} INFO - Processing /opt/airflow/dags/usd_rate_fetcher.py took 0.387 seconds
[2025-06-02T19:03:32.459+0000] {processor.py:157} INFO - Started process (PID=11085) to work on /opt/airflow/dags/usd_rate_fetcher.py
[2025-06-02T19:03:32.459+0000] {processor.py:826} INFO - Processing file /opt/airflow/dags/usd_rate_fetcher.py for tasks to queue
[2025-06-02T19:03:32.460+0000] {logging_mixin.py:150} INFO - [2025-06-02T19:03:32.459+0000] {dagbag.py:541} INFO - Filling up the DagBag from /opt/airflow/dags/usd_rate_fetcher.py
[2025-06-02T19:03:32.806+0000] {processor.py:836} INFO - DAG(s) dict_keys(['usd_rate_fetcher']) retrieved from /opt/airflow/dags/usd_rate_fetcher.py
[2025-06-02T19:03:32.823+0000] {logging_mixin.py:150} INFO - [2025-06-02T19:03:32.823+0000] {dag.py:2742} INFO - Sync 1 DAGs
[2025-06-02T19:03:32.841+0000] {logging_mixin.py:150} INFO - [2025-06-02T19:03:32.841+0000] {dag.py:3508} INFO - Setting next_dagrun for usd_rate_fetcher to 2000-01-01T00:00:00+00:00, run_after=2000-01-02T00:00:00+00:00
[2025-06-02T19:03:32.852+0000] {processor.py:179} INFO - Processing /opt/airflow/dags/usd_rate_fetcher.py took 0.396 seconds
[2025-06-02T19:04:03.620+0000] {processor.py:157} INFO - Started process (PID=11107) to work on /opt/airflow/dags/usd_rate_fetcher.py
[2025-06-02T19:04:03.627+0000] {processor.py:826} INFO - Processing file /opt/airflow/dags/usd_rate_fetcher.py for tasks to queue
[2025-06-02T19:04:03.628+0000] {logging_mixin.py:150} INFO - [2025-06-02T19:04:03.627+0000] {dagbag.py:541} INFO - Filling up the DagBag from /opt/airflow/dags/usd_rate_fetcher.py
[2025-06-02T19:04:03.949+0000] {processor.py:836} INFO - DAG(s) dict_keys(['usd_rate_fetcher']) retrieved from /opt/airflow/dags/usd_rate_fetcher.py
[2025-06-02T19:04:03.967+0000] {logging_mixin.py:150} INFO - [2025-06-02T19:04:03.966+0000] {dag.py:2742} INFO - Sync 1 DAGs
[2025-06-02T19:04:03.983+0000] {logging_mixin.py:150} INFO - [2025-06-02T19:04:03.983+0000] {dag.py:3508} INFO - Setting next_dagrun for usd_rate_fetcher to 2000-01-01T00:00:00+00:00, run_after=2000-01-02T00:00:00+00:00
[2025-06-02T19:04:03.994+0000] {processor.py:179} INFO - Processing /opt/airflow/dags/usd_rate_fetcher.py took 0.377 seconds
[2025-06-02T19:04:34.777+0000] {processor.py:157} INFO - Started process (PID=11129) to work on /opt/airflow/dags/usd_rate_fetcher.py
[2025-06-02T19:04:34.777+0000] {processor.py:826} INFO - Processing file /opt/airflow/dags/usd_rate_fetcher.py for tasks to queue
[2025-06-02T19:04:34.778+0000] {logging_mixin.py:150} INFO - [2025-06-02T19:04:34.777+0000] {dagbag.py:541} INFO - Filling up the DagBag from /opt/airflow/dags/usd_rate_fetcher.py
[2025-06-02T19:04:35.111+0000] {processor.py:836} INFO - DAG(s) dict_keys(['usd_rate_fetcher']) retrieved from /opt/airflow/dags/usd_rate_fetcher.py
[2025-06-02T19:04:35.129+0000] {logging_mixin.py:150} INFO - [2025-06-02T19:04:35.128+0000] {dag.py:2742} INFO - Sync 1 DAGs
[2025-06-02T19:04:35.146+0000] {logging_mixin.py:150} INFO - [2025-06-02T19:04:35.146+0000] {dag.py:3508} INFO - Setting next_dagrun for usd_rate_fetcher to 2000-01-01T00:00:00+00:00, run_after=2000-01-02T00:00:00+00:00
[2025-06-02T19:04:35.165+0000] {processor.py:179} INFO - Processing /opt/airflow/dags/usd_rate_fetcher.py took 0.390 seconds
[2025-06-02T19:05:05.930+0000] {processor.py:157} INFO - Started process (PID=11151) to work on /opt/airflow/dags/usd_rate_fetcher.py
[2025-06-02T19:05:05.931+0000] {processor.py:826} INFO - Processing file /opt/airflow/dags/usd_rate_fetcher.py for tasks to queue
[2025-06-02T19:05:05.931+0000] {logging_mixin.py:150} INFO - [2025-06-02T19:05:05.931+0000] {dagbag.py:541} INFO - Filling up the DagBag from /opt/airflow/dags/usd_rate_fetcher.py
[2025-06-02T19:05:06.268+0000] {processor.py:836} INFO - DAG(s) dict_keys(['usd_rate_fetcher']) retrieved from /opt/airflow/dags/usd_rate_fetcher.py
[2025-06-02T19:05:06.286+0000] {logging_mixin.py:150} INFO - [2025-06-02T19:05:06.285+0000] {dag.py:2742} INFO - Sync 1 DAGs
[2025-06-02T19:05:06.302+0000] {logging_mixin.py:150} INFO - [2025-06-02T19:05:06.302+0000] {dag.py:3508} INFO - Setting next_dagrun for usd_rate_fetcher to 2000-01-01T00:00:00+00:00, run_after=2000-01-02T00:00:00+00:00
[2025-06-02T19:05:06.320+0000] {processor.py:179} INFO - Processing /opt/airflow/dags/usd_rate_fetcher.py took 0.392 seconds
[2025-06-02T19:05:37.088+0000] {processor.py:157} INFO - Started process (PID=11173) to work on /opt/airflow/dags/usd_rate_fetcher.py
[2025-06-02T19:05:37.089+0000] {processor.py:826} INFO - Processing file /opt/airflow/dags/usd_rate_fetcher.py for tasks to queue
[2025-06-02T19:05:37.089+0000] {logging_mixin.py:150} INFO - [2025-06-02T19:05:37.089+0000] {dagbag.py:541} INFO - Filling up the DagBag from /opt/airflow/dags/usd_rate_fetcher.py
[2025-06-02T19:05:37.423+0000] {processor.py:836} INFO - DAG(s) dict_keys(['usd_rate_fetcher']) retrieved from /opt/airflow/dags/usd_rate_fetcher.py
[2025-06-02T19:05:37.441+0000] {logging_mixin.py:150} INFO - [2025-06-02T19:05:37.441+0000] {dag.py:2742} INFO - Sync 1 DAGs
[2025-06-02T19:05:37.457+0000] {logging_mixin.py:150} INFO - [2025-06-02T19:05:37.457+0000] {dag.py:3508} INFO - Setting next_dagrun for usd_rate_fetcher to 2000-01-01T00:00:00+00:00, run_after=2000-01-02T00:00:00+00:00
[2025-06-02T19:05:37.469+0000] {processor.py:179} INFO - Processing /opt/airflow/dags/usd_rate_fetcher.py took 0.383 seconds
[2025-06-02T19:06:08.244+0000] {processor.py:157} INFO - Started process (PID=11195) to work on /opt/airflow/dags/usd_rate_fetcher.py
[2025-06-02T19:06:08.251+0000] {processor.py:826} INFO - Processing file /opt/airflow/dags/usd_rate_fetcher.py for tasks to queue
[2025-06-02T19:06:08.251+0000] {logging_mixin.py:150} INFO - [2025-06-02T19:06:08.251+0000] {dagbag.py:541} INFO - Filling up the DagBag from /opt/airflow/dags/usd_rate_fetcher.py
[2025-06-02T19:06:08.590+0000] {processor.py:836} INFO - DAG(s) dict_keys(['usd_rate_fetcher']) retrieved from /opt/airflow/dags/usd_rate_fetcher.py
[2025-06-02T19:06:08.608+0000] {logging_mixin.py:150} INFO - [2025-06-02T19:06:08.608+0000] {dag.py:2742} INFO - Sync 1 DAGs
[2025-06-02T19:06:08.626+0000] {logging_mixin.py:150} INFO - [2025-06-02T19:06:08.626+0000] {dag.py:3508} INFO - Setting next_dagrun for usd_rate_fetcher to 2000-01-01T00:00:00+00:00, run_after=2000-01-02T00:00:00+00:00
[2025-06-02T19:06:08.638+0000] {processor.py:179} INFO - Processing /opt/airflow/dags/usd_rate_fetcher.py took 0.396 seconds
[2025-06-02T19:06:39.405+0000] {processor.py:157} INFO - Started process (PID=11217) to work on /opt/airflow/dags/usd_rate_fetcher.py
[2025-06-02T19:06:39.406+0000] {processor.py:826} INFO - Processing file /opt/airflow/dags/usd_rate_fetcher.py for tasks to queue
[2025-06-02T19:06:39.406+0000] {logging_mixin.py:150} INFO - [2025-06-02T19:06:39.406+0000] {dagbag.py:541} INFO - Filling up the DagBag from /opt/airflow/dags/usd_rate_fetcher.py
[2025-06-02T19:06:39.741+0000] {processor.py:836} INFO - DAG(s) dict_keys(['usd_rate_fetcher']) retrieved from /opt/airflow/dags/usd_rate_fetcher.py
[2025-06-02T19:06:39.758+0000] {logging_mixin.py:150} INFO - [2025-06-02T19:06:39.757+0000] {dag.py:2742} INFO - Sync 1 DAGs
[2025-06-02T19:06:39.775+0000] {logging_mixin.py:150} INFO - [2025-06-02T19:06:39.775+0000] {dag.py:3508} INFO - Setting next_dagrun for usd_rate_fetcher to 2000-01-01T00:00:00+00:00, run_after=2000-01-02T00:00:00+00:00
[2025-06-02T19:06:39.786+0000] {processor.py:179} INFO - Processing /opt/airflow/dags/usd_rate_fetcher.py took 0.382 seconds
[2025-06-02T19:07:10.556+0000] {processor.py:157} INFO - Started process (PID=11239) to work on /opt/airflow/dags/usd_rate_fetcher.py
[2025-06-02T19:07:10.563+0000] {processor.py:826} INFO - Processing file /opt/airflow/dags/usd_rate_fetcher.py for tasks to queue
[2025-06-02T19:07:10.563+0000] {logging_mixin.py:150} INFO - [2025-06-02T19:07:10.563+0000] {dagbag.py:541} INFO - Filling up the DagBag from /opt/airflow/dags/usd_rate_fetcher.py
[2025-06-02T19:07:10.906+0000] {processor.py:836} INFO - DAG(s) dict_keys(['usd_rate_fetcher']) retrieved from /opt/airflow/dags/usd_rate_fetcher.py
[2025-06-02T19:07:10.923+0000] {logging_mixin.py:150} INFO - [2025-06-02T19:07:10.923+0000] {dag.py:2742} INFO - Sync 1 DAGs
[2025-06-02T19:07:10.940+0000] {logging_mixin.py:150} INFO - [2025-06-02T19:07:10.939+0000] {dag.py:3508} INFO - Setting next_dagrun for usd_rate_fetcher to 2000-01-01T00:00:00+00:00, run_after=2000-01-02T00:00:00+00:00
[2025-06-02T19:07:10.950+0000] {processor.py:179} INFO - Processing /opt/airflow/dags/usd_rate_fetcher.py took 0.397 seconds
[2025-06-02T19:07:41.706+0000] {processor.py:157} INFO - Started process (PID=11261) to work on /opt/airflow/dags/usd_rate_fetcher.py
[2025-06-02T19:07:41.713+0000] {processor.py:826} INFO - Processing file /opt/airflow/dags/usd_rate_fetcher.py for tasks to queue
[2025-06-02T19:07:41.713+0000] {logging_mixin.py:150} INFO - [2025-06-02T19:07:41.713+0000] {dagbag.py:541} INFO - Filling up the DagBag from /opt/airflow/dags/usd_rate_fetcher.py
[2025-06-02T19:07:42.043+0000] {processor.py:836} INFO - DAG(s) dict_keys(['usd_rate_fetcher']) retrieved from /opt/airflow/dags/usd_rate_fetcher.py
[2025-06-02T19:07:42.061+0000] {logging_mixin.py:150} INFO - [2025-06-02T19:07:42.060+0000] {dag.py:2742} INFO - Sync 1 DAGs
[2025-06-02T19:07:42.077+0000] {logging_mixin.py:150} INFO - [2025-06-02T19:07:42.077+0000] {dag.py:3508} INFO - Setting next_dagrun for usd_rate_fetcher to 2000-01-01T00:00:00+00:00, run_after=2000-01-02T00:00:00+00:00
[2025-06-02T19:07:42.089+0000] {processor.py:179} INFO - Processing /opt/airflow/dags/usd_rate_fetcher.py took 0.385 seconds
[2025-06-02T19:08:12.861+0000] {processor.py:157} INFO - Started process (PID=11283) to work on /opt/airflow/dags/usd_rate_fetcher.py
[2025-06-02T19:08:12.861+0000] {processor.py:826} INFO - Processing file /opt/airflow/dags/usd_rate_fetcher.py for tasks to queue
[2025-06-02T19:08:12.862+0000] {logging_mixin.py:150} INFO - [2025-06-02T19:08:12.862+0000] {dagbag.py:541} INFO - Filling up the DagBag from /opt/airflow/dags/usd_rate_fetcher.py
[2025-06-02T19:08:13.192+0000] {processor.py:836} INFO - DAG(s) dict_keys(['usd_rate_fetcher']) retrieved from /opt/airflow/dags/usd_rate_fetcher.py
[2025-06-02T19:08:13.209+0000] {logging_mixin.py:150} INFO - [2025-06-02T19:08:13.209+0000] {dag.py:2742} INFO - Sync 1 DAGs
[2025-06-02T19:08:13.226+0000] {logging_mixin.py:150} INFO - [2025-06-02T19:08:13.226+0000] {dag.py:3508} INFO - Setting next_dagrun for usd_rate_fetcher to 2000-01-01T00:00:00+00:00, run_after=2000-01-02T00:00:00+00:00
[2025-06-02T19:08:13.239+0000] {processor.py:179} INFO - Processing /opt/airflow/dags/usd_rate_fetcher.py took 0.380 seconds
[2025-06-02T19:08:44.005+0000] {processor.py:157} INFO - Started process (PID=11305) to work on /opt/airflow/dags/usd_rate_fetcher.py
[2025-06-02T19:08:44.012+0000] {processor.py:826} INFO - Processing file /opt/airflow/dags/usd_rate_fetcher.py for tasks to queue
[2025-06-02T19:08:44.012+0000] {logging_mixin.py:150} INFO - [2025-06-02T19:08:44.012+0000] {dagbag.py:541} INFO - Filling up the DagBag from /opt/airflow/dags/usd_rate_fetcher.py
[2025-06-02T19:08:44.350+0000] {processor.py:836} INFO - DAG(s) dict_keys(['usd_rate_fetcher']) retrieved from /opt/airflow/dags/usd_rate_fetcher.py
[2025-06-02T19:08:44.367+0000] {logging_mixin.py:150} INFO - [2025-06-02T19:08:44.367+0000] {dag.py:2742} INFO - Sync 1 DAGs
[2025-06-02T19:08:44.384+0000] {logging_mixin.py:150} INFO - [2025-06-02T19:08:44.384+0000] {dag.py:3508} INFO - Setting next_dagrun for usd_rate_fetcher to 2000-01-01T00:00:00+00:00, run_after=2000-01-02T00:00:00+00:00
[2025-06-02T19:08:44.395+0000] {processor.py:179} INFO - Processing /opt/airflow/dags/usd_rate_fetcher.py took 0.392 seconds
[2025-06-02T19:09:15.156+0000] {processor.py:157} INFO - Started process (PID=11327) to work on /opt/airflow/dags/usd_rate_fetcher.py
[2025-06-02T19:09:15.157+0000] {processor.py:826} INFO - Processing file /opt/airflow/dags/usd_rate_fetcher.py for tasks to queue
[2025-06-02T19:09:15.157+0000] {logging_mixin.py:150} INFO - [2025-06-02T19:09:15.157+0000] {dagbag.py:541} INFO - Filling up the DagBag from /opt/airflow/dags/usd_rate_fetcher.py
[2025-06-02T19:09:15.495+0000] {processor.py:836} INFO - DAG(s) dict_keys(['usd_rate_fetcher']) retrieved from /opt/airflow/dags/usd_rate_fetcher.py
[2025-06-02T19:09:15.513+0000] {logging_mixin.py:150} INFO - [2025-06-02T19:09:15.512+0000] {dag.py:2742} INFO - Sync 1 DAGs
[2025-06-02T19:09:15.530+0000] {logging_mixin.py:150} INFO - [2025-06-02T19:09:15.530+0000] {dag.py:3508} INFO - Setting next_dagrun for usd_rate_fetcher to 2000-01-01T00:00:00+00:00, run_after=2000-01-02T00:00:00+00:00
[2025-06-02T19:09:15.542+0000] {processor.py:179} INFO - Processing /opt/airflow/dags/usd_rate_fetcher.py took 0.388 seconds
[2025-06-02T19:09:46.296+0000] {processor.py:157} INFO - Started process (PID=11349) to work on /opt/airflow/dags/usd_rate_fetcher.py
[2025-06-02T19:09:46.297+0000] {processor.py:826} INFO - Processing file /opt/airflow/dags/usd_rate_fetcher.py for tasks to queue
[2025-06-02T19:09:46.297+0000] {logging_mixin.py:150} INFO - [2025-06-02T19:09:46.297+0000] {dagbag.py:541} INFO - Filling up the DagBag from /opt/airflow/dags/usd_rate_fetcher.py
[2025-06-02T19:09:46.637+0000] {processor.py:836} INFO - DAG(s) dict_keys(['usd_rate_fetcher']) retrieved from /opt/airflow/dags/usd_rate_fetcher.py
[2025-06-02T19:09:46.654+0000] {logging_mixin.py:150} INFO - [2025-06-02T19:09:46.654+0000] {dag.py:2742} INFO - Sync 1 DAGs
[2025-06-02T19:09:46.671+0000] {logging_mixin.py:150} INFO - [2025-06-02T19:09:46.671+0000] {dag.py:3508} INFO - Setting next_dagrun for usd_rate_fetcher to 2000-01-01T00:00:00+00:00, run_after=2000-01-02T00:00:00+00:00
[2025-06-02T19:09:46.683+0000] {processor.py:179} INFO - Processing /opt/airflow/dags/usd_rate_fetcher.py took 0.389 seconds
[2025-06-02T19:10:17.444+0000] {processor.py:157} INFO - Started process (PID=11371) to work on /opt/airflow/dags/usd_rate_fetcher.py
[2025-06-02T19:10:17.445+0000] {processor.py:826} INFO - Processing file /opt/airflow/dags/usd_rate_fetcher.py for tasks to queue
[2025-06-02T19:10:17.445+0000] {logging_mixin.py:150} INFO - [2025-06-02T19:10:17.445+0000] {dagbag.py:541} INFO - Filling up the DagBag from /opt/airflow/dags/usd_rate_fetcher.py
[2025-06-02T19:10:17.779+0000] {processor.py:836} INFO - DAG(s) dict_keys(['usd_rate_fetcher']) retrieved from /opt/airflow/dags/usd_rate_fetcher.py
[2025-06-02T19:10:17.797+0000] {logging_mixin.py:150} INFO - [2025-06-02T19:10:17.797+0000] {dag.py:2742} INFO - Sync 1 DAGs
[2025-06-02T19:10:17.815+0000] {logging_mixin.py:150} INFO - [2025-06-02T19:10:17.815+0000] {dag.py:3508} INFO - Setting next_dagrun for usd_rate_fetcher to 2000-01-01T00:00:00+00:00, run_after=2000-01-02T00:00:00+00:00
[2025-06-02T19:10:17.826+0000] {processor.py:179} INFO - Processing /opt/airflow/dags/usd_rate_fetcher.py took 0.384 seconds
[2025-06-02T19:10:48.596+0000] {processor.py:157} INFO - Started process (PID=11393) to work on /opt/airflow/dags/usd_rate_fetcher.py
[2025-06-02T19:10:48.596+0000] {processor.py:826} INFO - Processing file /opt/airflow/dags/usd_rate_fetcher.py for tasks to queue
[2025-06-02T19:10:48.597+0000] {logging_mixin.py:150} INFO - [2025-06-02T19:10:48.597+0000] {dagbag.py:541} INFO - Filling up the DagBag from /opt/airflow/dags/usd_rate_fetcher.py
[2025-06-02T19:10:48.923+0000] {processor.py:836} INFO - DAG(s) dict_keys(['usd_rate_fetcher']) retrieved from /opt/airflow/dags/usd_rate_fetcher.py
[2025-06-02T19:10:48.941+0000] {logging_mixin.py:150} INFO - [2025-06-02T19:10:48.940+0000] {dag.py:2742} INFO - Sync 1 DAGs
[2025-06-02T19:10:48.957+0000] {logging_mixin.py:150} INFO - [2025-06-02T19:10:48.957+0000] {dag.py:3508} INFO - Setting next_dagrun for usd_rate_fetcher to 2000-01-01T00:00:00+00:00, run_after=2000-01-02T00:00:00+00:00
[2025-06-02T19:10:48.969+0000] {processor.py:179} INFO - Processing /opt/airflow/dags/usd_rate_fetcher.py took 0.375 seconds
[2025-06-02T19:11:19.747+0000] {processor.py:157} INFO - Started process (PID=11415) to work on /opt/airflow/dags/usd_rate_fetcher.py
[2025-06-02T19:11:19.754+0000] {processor.py:826} INFO - Processing file /opt/airflow/dags/usd_rate_fetcher.py for tasks to queue
[2025-06-02T19:11:19.754+0000] {logging_mixin.py:150} INFO - [2025-06-02T19:11:19.754+0000] {dagbag.py:541} INFO - Filling up the DagBag from /opt/airflow/dags/usd_rate_fetcher.py
[2025-06-02T19:11:20.057+0000] {processor.py:836} INFO - DAG(s) dict_keys(['usd_rate_fetcher']) retrieved from /opt/airflow/dags/usd_rate_fetcher.py
[2025-06-02T19:11:20.074+0000] {logging_mixin.py:150} INFO - [2025-06-02T19:11:20.074+0000] {dag.py:2742} INFO - Sync 1 DAGs
[2025-06-02T19:11:20.091+0000] {logging_mixin.py:150} INFO - [2025-06-02T19:11:20.090+0000] {dag.py:3508} INFO - Setting next_dagrun for usd_rate_fetcher to 2000-01-01T00:00:00+00:00, run_after=2000-01-02T00:00:00+00:00
[2025-06-02T19:11:20.102+0000] {processor.py:179} INFO - Processing /opt/airflow/dags/usd_rate_fetcher.py took 0.356 seconds
[2025-06-02T19:11:50.888+0000] {processor.py:157} INFO - Started process (PID=11437) to work on /opt/airflow/dags/usd_rate_fetcher.py
[2025-06-02T19:11:50.889+0000] {processor.py:826} INFO - Processing file /opt/airflow/dags/usd_rate_fetcher.py for tasks to queue
[2025-06-02T19:11:50.889+0000] {logging_mixin.py:150} INFO - [2025-06-02T19:11:50.889+0000] {dagbag.py:541} INFO - Filling up the DagBag from /opt/airflow/dags/usd_rate_fetcher.py
[2025-06-02T19:11:51.229+0000] {processor.py:836} INFO - DAG(s) dict_keys(['usd_rate_fetcher']) retrieved from /opt/airflow/dags/usd_rate_fetcher.py
[2025-06-02T19:11:51.246+0000] {logging_mixin.py:150} INFO - [2025-06-02T19:11:51.245+0000] {dag.py:2742} INFO - Sync 1 DAGs
[2025-06-02T19:11:51.263+0000] {logging_mixin.py:150} INFO - [2025-06-02T19:11:51.263+0000] {dag.py:3508} INFO - Setting next_dagrun for usd_rate_fetcher to 2000-01-01T00:00:00+00:00, run_after=2000-01-02T00:00:00+00:00
[2025-06-02T19:11:51.282+0000] {processor.py:179} INFO - Processing /opt/airflow/dags/usd_rate_fetcher.py took 0.396 seconds
[2025-06-02T19:12:22.029+0000] {processor.py:157} INFO - Started process (PID=11459) to work on /opt/airflow/dags/usd_rate_fetcher.py
[2025-06-02T19:12:22.036+0000] {processor.py:826} INFO - Processing file /opt/airflow/dags/usd_rate_fetcher.py for tasks to queue
[2025-06-02T19:12:22.036+0000] {logging_mixin.py:150} INFO - [2025-06-02T19:12:22.036+0000] {dagbag.py:541} INFO - Filling up the DagBag from /opt/airflow/dags/usd_rate_fetcher.py
[2025-06-02T19:12:22.370+0000] {processor.py:836} INFO - DAG(s) dict_keys(['usd_rate_fetcher']) retrieved from /opt/airflow/dags/usd_rate_fetcher.py
[2025-06-02T19:12:22.389+0000] {logging_mixin.py:150} INFO - [2025-06-02T19:12:22.388+0000] {dag.py:2742} INFO - Sync 1 DAGs
[2025-06-02T19:12:22.406+0000] {logging_mixin.py:150} INFO - [2025-06-02T19:12:22.406+0000] {dag.py:3508} INFO - Setting next_dagrun for usd_rate_fetcher to 2000-01-01T00:00:00+00:00, run_after=2000-01-02T00:00:00+00:00
[2025-06-02T19:12:22.426+0000] {processor.py:179} INFO - Processing /opt/airflow/dags/usd_rate_fetcher.py took 0.399 seconds
[2025-06-02T19:12:53.165+0000] {processor.py:157} INFO - Started process (PID=11481) to work on /opt/airflow/dags/usd_rate_fetcher.py
[2025-06-02T19:12:53.172+0000] {processor.py:826} INFO - Processing file /opt/airflow/dags/usd_rate_fetcher.py for tasks to queue
[2025-06-02T19:12:53.172+0000] {logging_mixin.py:150} INFO - [2025-06-02T19:12:53.172+0000] {dagbag.py:541} INFO - Filling up the DagBag from /opt/airflow/dags/usd_rate_fetcher.py
[2025-06-02T19:12:53.509+0000] {processor.py:836} INFO - DAG(s) dict_keys(['usd_rate_fetcher']) retrieved from /opt/airflow/dags/usd_rate_fetcher.py
[2025-06-02T19:12:53.526+0000] {logging_mixin.py:150} INFO - [2025-06-02T19:12:53.526+0000] {dag.py:2742} INFO - Sync 1 DAGs
[2025-06-02T19:12:53.543+0000] {logging_mixin.py:150} INFO - [2025-06-02T19:12:53.543+0000] {dag.py:3508} INFO - Setting next_dagrun for usd_rate_fetcher to 2000-01-01T00:00:00+00:00, run_after=2000-01-02T00:00:00+00:00
[2025-06-02T19:12:53.554+0000] {processor.py:179} INFO - Processing /opt/airflow/dags/usd_rate_fetcher.py took 0.391 seconds
[2025-06-02T19:13:24.306+0000] {processor.py:157} INFO - Started process (PID=11503) to work on /opt/airflow/dags/usd_rate_fetcher.py
[2025-06-02T19:13:24.306+0000] {processor.py:826} INFO - Processing file /opt/airflow/dags/usd_rate_fetcher.py for tasks to queue
[2025-06-02T19:13:24.307+0000] {logging_mixin.py:150} INFO - [2025-06-02T19:13:24.307+0000] {dagbag.py:541} INFO - Filling up the DagBag from /opt/airflow/dags/usd_rate_fetcher.py
[2025-06-02T19:13:24.658+0000] {processor.py:836} INFO - DAG(s) dict_keys(['usd_rate_fetcher']) retrieved from /opt/airflow/dags/usd_rate_fetcher.py
[2025-06-02T19:13:24.676+0000] {logging_mixin.py:150} INFO - [2025-06-02T19:13:24.675+0000] {dag.py:2742} INFO - Sync 1 DAGs
[2025-06-02T19:13:24.693+0000] {logging_mixin.py:150} INFO - [2025-06-02T19:13:24.693+0000] {dag.py:3508} INFO - Setting next_dagrun for usd_rate_fetcher to 2000-01-01T00:00:00+00:00, run_after=2000-01-02T00:00:00+00:00
[2025-06-02T19:13:24.713+0000] {processor.py:179} INFO - Processing /opt/airflow/dags/usd_rate_fetcher.py took 0.409 seconds
[2025-06-02T19:13:55.494+0000] {processor.py:157} INFO - Started process (PID=11530) to work on /opt/airflow/dags/usd_rate_fetcher.py
[2025-06-02T19:13:55.495+0000] {processor.py:826} INFO - Processing file /opt/airflow/dags/usd_rate_fetcher.py for tasks to queue
[2025-06-02T19:13:55.495+0000] {logging_mixin.py:150} INFO - [2025-06-02T19:13:55.495+0000] {dagbag.py:541} INFO - Filling up the DagBag from /opt/airflow/dags/usd_rate_fetcher.py
[2025-06-02T19:13:55.831+0000] {processor.py:836} INFO - DAG(s) dict_keys(['usd_rate_fetcher']) retrieved from /opt/airflow/dags/usd_rate_fetcher.py
[2025-06-02T19:13:55.848+0000] {logging_mixin.py:150} INFO - [2025-06-02T19:13:55.847+0000] {dag.py:2742} INFO - Sync 1 DAGs
[2025-06-02T19:13:55.864+0000] {logging_mixin.py:150} INFO - [2025-06-02T19:13:55.864+0000] {dag.py:3508} INFO - Setting next_dagrun for usd_rate_fetcher to 2000-01-01T00:00:00+00:00, run_after=2000-01-02T00:00:00+00:00
[2025-06-02T19:13:55.884+0000] {processor.py:179} INFO - Processing /opt/airflow/dags/usd_rate_fetcher.py took 0.392 seconds
[2025-06-02T19:14:26.662+0000] {processor.py:157} INFO - Started process (PID=11552) to work on /opt/airflow/dags/usd_rate_fetcher.py
[2025-06-02T19:14:26.663+0000] {processor.py:826} INFO - Processing file /opt/airflow/dags/usd_rate_fetcher.py for tasks to queue
[2025-06-02T19:14:26.663+0000] {logging_mixin.py:150} INFO - [2025-06-02T19:14:26.663+0000] {dagbag.py:541} INFO - Filling up the DagBag from /opt/airflow/dags/usd_rate_fetcher.py
[2025-06-02T19:14:27.003+0000] {processor.py:836} INFO - DAG(s) dict_keys(['usd_rate_fetcher']) retrieved from /opt/airflow/dags/usd_rate_fetcher.py
[2025-06-02T19:14:27.019+0000] {logging_mixin.py:150} INFO - [2025-06-02T19:14:27.019+0000] {dag.py:2742} INFO - Sync 1 DAGs
[2025-06-02T19:14:27.037+0000] {logging_mixin.py:150} INFO - [2025-06-02T19:14:27.036+0000] {dag.py:3508} INFO - Setting next_dagrun for usd_rate_fetcher to 2000-01-01T00:00:00+00:00, run_after=2000-01-02T00:00:00+00:00
[2025-06-02T19:14:27.048+0000] {processor.py:179} INFO - Processing /opt/airflow/dags/usd_rate_fetcher.py took 0.388 seconds
[2025-06-02T19:14:57.825+0000] {processor.py:157} INFO - Started process (PID=11574) to work on /opt/airflow/dags/usd_rate_fetcher.py
[2025-06-02T19:14:57.826+0000] {processor.py:826} INFO - Processing file /opt/airflow/dags/usd_rate_fetcher.py for tasks to queue
[2025-06-02T19:14:57.826+0000] {logging_mixin.py:150} INFO - [2025-06-02T19:14:57.826+0000] {dagbag.py:541} INFO - Filling up the DagBag from /opt/airflow/dags/usd_rate_fetcher.py
[2025-06-02T19:14:58.155+0000] {processor.py:836} INFO - DAG(s) dict_keys(['usd_rate_fetcher']) retrieved from /opt/airflow/dags/usd_rate_fetcher.py
[2025-06-02T19:14:58.171+0000] {logging_mixin.py:150} INFO - [2025-06-02T19:14:58.171+0000] {dag.py:2742} INFO - Sync 1 DAGs
[2025-06-02T19:14:58.188+0000] {logging_mixin.py:150} INFO - [2025-06-02T19:14:58.187+0000] {dag.py:3508} INFO - Setting next_dagrun for usd_rate_fetcher to 2000-01-01T00:00:00+00:00, run_after=2000-01-02T00:00:00+00:00
[2025-06-02T19:14:58.199+0000] {processor.py:179} INFO - Processing /opt/airflow/dags/usd_rate_fetcher.py took 0.376 seconds
[2025-06-02T19:15:28.987+0000] {processor.py:157} INFO - Started process (PID=11596) to work on /opt/airflow/dags/usd_rate_fetcher.py
[2025-06-02T19:15:28.987+0000] {processor.py:826} INFO - Processing file /opt/airflow/dags/usd_rate_fetcher.py for tasks to queue
[2025-06-02T19:15:28.988+0000] {logging_mixin.py:150} INFO - [2025-06-02T19:15:28.988+0000] {dagbag.py:541} INFO - Filling up the DagBag from /opt/airflow/dags/usd_rate_fetcher.py
[2025-06-02T19:15:29.316+0000] {processor.py:836} INFO - DAG(s) dict_keys(['usd_rate_fetcher']) retrieved from /opt/airflow/dags/usd_rate_fetcher.py
[2025-06-02T19:15:29.333+0000] {logging_mixin.py:150} INFO - [2025-06-02T19:15:29.333+0000] {dag.py:2742} INFO - Sync 1 DAGs
[2025-06-02T19:15:29.349+0000] {logging_mixin.py:150} INFO - [2025-06-02T19:15:29.349+0000] {dag.py:3508} INFO - Setting next_dagrun for usd_rate_fetcher to 2000-01-01T00:00:00+00:00, run_after=2000-01-02T00:00:00+00:00
[2025-06-02T19:15:29.361+0000] {processor.py:179} INFO - Processing /opt/airflow/dags/usd_rate_fetcher.py took 0.376 seconds
[2025-06-02T19:16:00.152+0000] {processor.py:157} INFO - Started process (PID=11618) to work on /opt/airflow/dags/usd_rate_fetcher.py
[2025-06-02T19:16:00.153+0000] {processor.py:826} INFO - Processing file /opt/airflow/dags/usd_rate_fetcher.py for tasks to queue
[2025-06-02T19:16:00.154+0000] {logging_mixin.py:150} INFO - [2025-06-02T19:16:00.153+0000] {dagbag.py:541} INFO - Filling up the DagBag from /opt/airflow/dags/usd_rate_fetcher.py
[2025-06-02T19:16:00.470+0000] {processor.py:836} INFO - DAG(s) dict_keys(['usd_rate_fetcher']) retrieved from /opt/airflow/dags/usd_rate_fetcher.py
[2025-06-02T19:16:00.487+0000] {logging_mixin.py:150} INFO - [2025-06-02T19:16:00.487+0000] {dag.py:2742} INFO - Sync 1 DAGs
[2025-06-02T19:16:00.502+0000] {logging_mixin.py:150} INFO - [2025-06-02T19:16:00.502+0000] {dag.py:3508} INFO - Setting next_dagrun for usd_rate_fetcher to 2000-01-01T00:00:00+00:00, run_after=2000-01-02T00:00:00+00:00
[2025-06-02T19:16:00.520+0000] {processor.py:179} INFO - Processing /opt/airflow/dags/usd_rate_fetcher.py took 0.370 seconds
[2025-06-02T19:16:31.325+0000] {processor.py:157} INFO - Started process (PID=11640) to work on /opt/airflow/dags/usd_rate_fetcher.py
[2025-06-02T19:16:31.325+0000] {processor.py:826} INFO - Processing file /opt/airflow/dags/usd_rate_fetcher.py for tasks to queue
[2025-06-02T19:16:31.326+0000] {logging_mixin.py:150} INFO - [2025-06-02T19:16:31.326+0000] {dagbag.py:541} INFO - Filling up the DagBag from /opt/airflow/dags/usd_rate_fetcher.py
[2025-06-02T19:16:31.656+0000] {processor.py:836} INFO - DAG(s) dict_keys(['usd_rate_fetcher']) retrieved from /opt/airflow/dags/usd_rate_fetcher.py
[2025-06-02T19:16:31.674+0000] {logging_mixin.py:150} INFO - [2025-06-02T19:16:31.673+0000] {dag.py:2742} INFO - Sync 1 DAGs
[2025-06-02T19:16:31.690+0000] {logging_mixin.py:150} INFO - [2025-06-02T19:16:31.690+0000] {dag.py:3508} INFO - Setting next_dagrun for usd_rate_fetcher to 2000-01-01T00:00:00+00:00, run_after=2000-01-02T00:00:00+00:00
[2025-06-02T19:16:31.712+0000] {processor.py:179} INFO - Processing /opt/airflow/dags/usd_rate_fetcher.py took 0.389 seconds
[2025-06-02T19:17:02.482+0000] {processor.py:157} INFO - Started process (PID=11662) to work on /opt/airflow/dags/usd_rate_fetcher.py
[2025-06-02T19:17:02.483+0000] {processor.py:826} INFO - Processing file /opt/airflow/dags/usd_rate_fetcher.py for tasks to queue
[2025-06-02T19:17:02.484+0000] {logging_mixin.py:150} INFO - [2025-06-02T19:17:02.484+0000] {dagbag.py:541} INFO - Filling up the DagBag from /opt/airflow/dags/usd_rate_fetcher.py
[2025-06-02T19:17:02.815+0000] {processor.py:836} INFO - DAG(s) dict_keys(['usd_rate_fetcher']) retrieved from /opt/airflow/dags/usd_rate_fetcher.py
[2025-06-02T19:17:02.832+0000] {logging_mixin.py:150} INFO - [2025-06-02T19:17:02.832+0000] {dag.py:2742} INFO - Sync 1 DAGs
[2025-06-02T19:17:02.849+0000] {logging_mixin.py:150} INFO - [2025-06-02T19:17:02.849+0000] {dag.py:3508} INFO - Setting next_dagrun for usd_rate_fetcher to 2000-01-01T00:00:00+00:00, run_after=2000-01-02T00:00:00+00:00
[2025-06-02T19:17:02.867+0000] {processor.py:179} INFO - Processing /opt/airflow/dags/usd_rate_fetcher.py took 0.387 seconds
[2025-06-02T19:17:33.644+0000] {processor.py:157} INFO - Started process (PID=11684) to work on /opt/airflow/dags/usd_rate_fetcher.py
[2025-06-02T19:17:33.652+0000] {processor.py:826} INFO - Processing file /opt/airflow/dags/usd_rate_fetcher.py for tasks to queue
[2025-06-02T19:17:33.652+0000] {logging_mixin.py:150} INFO - [2025-06-02T19:17:33.652+0000] {dagbag.py:541} INFO - Filling up the DagBag from /opt/airflow/dags/usd_rate_fetcher.py
[2025-06-02T19:17:33.983+0000] {processor.py:836} INFO - DAG(s) dict_keys(['usd_rate_fetcher']) retrieved from /opt/airflow/dags/usd_rate_fetcher.py
[2025-06-02T19:17:33.999+0000] {logging_mixin.py:150} INFO - [2025-06-02T19:17:33.999+0000] {dag.py:2742} INFO - Sync 1 DAGs
[2025-06-02T19:17:34.015+0000] {logging_mixin.py:150} INFO - [2025-06-02T19:17:34.015+0000] {dag.py:3508} INFO - Setting next_dagrun for usd_rate_fetcher to 2000-01-01T00:00:00+00:00, run_after=2000-01-02T00:00:00+00:00
[2025-06-02T19:17:34.034+0000] {processor.py:179} INFO - Processing /opt/airflow/dags/usd_rate_fetcher.py took 0.392 seconds
[2025-06-02T19:18:04.812+0000] {processor.py:157} INFO - Started process (PID=11706) to work on /opt/airflow/dags/usd_rate_fetcher.py
[2025-06-02T19:18:04.813+0000] {processor.py:826} INFO - Processing file /opt/airflow/dags/usd_rate_fetcher.py for tasks to queue
[2025-06-02T19:18:04.813+0000] {logging_mixin.py:150} INFO - [2025-06-02T19:18:04.813+0000] {dagbag.py:541} INFO - Filling up the DagBag from /opt/airflow/dags/usd_rate_fetcher.py
[2025-06-02T19:18:05.237+0000] {processor.py:836} INFO - DAG(s) dict_keys(['usd_rate_fetcher']) retrieved from /opt/airflow/dags/usd_rate_fetcher.py
[2025-06-02T19:18:05.256+0000] {logging_mixin.py:150} INFO - [2025-06-02T19:18:05.255+0000] {dag.py:2742} INFO - Sync 1 DAGs
[2025-06-02T19:18:05.273+0000] {logging_mixin.py:150} INFO - [2025-06-02T19:18:05.273+0000] {dag.py:3508} INFO - Setting next_dagrun for usd_rate_fetcher to 2000-01-01T00:00:00+00:00, run_after=2000-01-02T00:00:00+00:00
[2025-06-02T19:18:05.284+0000] {processor.py:179} INFO - Processing /opt/airflow/dags/usd_rate_fetcher.py took 0.474 seconds
[2025-06-02T19:18:35.967+0000] {processor.py:157} INFO - Started process (PID=11728) to work on /opt/airflow/dags/usd_rate_fetcher.py
[2025-06-02T19:18:35.974+0000] {processor.py:826} INFO - Processing file /opt/airflow/dags/usd_rate_fetcher.py for tasks to queue
[2025-06-02T19:18:35.975+0000] {logging_mixin.py:150} INFO - [2025-06-02T19:18:35.975+0000] {dagbag.py:541} INFO - Filling up the DagBag from /opt/airflow/dags/usd_rate_fetcher.py
[2025-06-02T19:18:36.291+0000] {processor.py:836} INFO - DAG(s) dict_keys(['usd_rate_fetcher']) retrieved from /opt/airflow/dags/usd_rate_fetcher.py
[2025-06-02T19:18:36.309+0000] {logging_mixin.py:150} INFO - [2025-06-02T19:18:36.309+0000] {dag.py:2742} INFO - Sync 1 DAGs
[2025-06-02T19:18:36.326+0000] {logging_mixin.py:150} INFO - [2025-06-02T19:18:36.326+0000] {dag.py:3508} INFO - Setting next_dagrun for usd_rate_fetcher to 2000-01-01T00:00:00+00:00, run_after=2000-01-02T00:00:00+00:00
[2025-06-02T19:18:36.345+0000] {processor.py:179} INFO - Processing /opt/airflow/dags/usd_rate_fetcher.py took 0.380 seconds
[2025-06-02T19:19:07.134+0000] {processor.py:157} INFO - Started process (PID=11750) to work on /opt/airflow/dags/usd_rate_fetcher.py
[2025-06-02T19:19:07.135+0000] {processor.py:826} INFO - Processing file /opt/airflow/dags/usd_rate_fetcher.py for tasks to queue
[2025-06-02T19:19:07.135+0000] {logging_mixin.py:150} INFO - [2025-06-02T19:19:07.135+0000] {dagbag.py:541} INFO - Filling up the DagBag from /opt/airflow/dags/usd_rate_fetcher.py
[2025-06-02T19:19:07.562+0000] {processor.py:836} INFO - DAG(s) dict_keys(['usd_rate_fetcher']) retrieved from /opt/airflow/dags/usd_rate_fetcher.py
[2025-06-02T19:19:07.579+0000] {logging_mixin.py:150} INFO - [2025-06-02T19:19:07.578+0000] {dag.py:2742} INFO - Sync 1 DAGs
[2025-06-02T19:19:07.596+0000] {logging_mixin.py:150} INFO - [2025-06-02T19:19:07.596+0000] {dag.py:3508} INFO - Setting next_dagrun for usd_rate_fetcher to 2000-01-01T00:00:00+00:00, run_after=2000-01-02T00:00:00+00:00
[2025-06-02T19:19:07.607+0000] {processor.py:179} INFO - Processing /opt/airflow/dags/usd_rate_fetcher.py took 0.475 seconds
[2025-06-02T19:19:38.288+0000] {processor.py:157} INFO - Started process (PID=11772) to work on /opt/airflow/dags/usd_rate_fetcher.py
[2025-06-02T19:19:38.290+0000] {processor.py:826} INFO - Processing file /opt/airflow/dags/usd_rate_fetcher.py for tasks to queue
[2025-06-02T19:19:38.290+0000] {logging_mixin.py:150} INFO - [2025-06-02T19:19:38.290+0000] {dagbag.py:541} INFO - Filling up the DagBag from /opt/airflow/dags/usd_rate_fetcher.py
[2025-06-02T19:19:38.625+0000] {processor.py:836} INFO - DAG(s) dict_keys(['usd_rate_fetcher']) retrieved from /opt/airflow/dags/usd_rate_fetcher.py
[2025-06-02T19:19:38.642+0000] {logging_mixin.py:150} INFO - [2025-06-02T19:19:38.641+0000] {dag.py:2742} INFO - Sync 1 DAGs
[2025-06-02T19:19:38.659+0000] {logging_mixin.py:150} INFO - [2025-06-02T19:19:38.658+0000] {dag.py:3508} INFO - Setting next_dagrun for usd_rate_fetcher to 2000-01-01T00:00:00+00:00, run_after=2000-01-02T00:00:00+00:00
[2025-06-02T19:19:38.670+0000] {processor.py:179} INFO - Processing /opt/airflow/dags/usd_rate_fetcher.py took 0.385 seconds
[2025-06-02T19:20:09.451+0000] {processor.py:157} INFO - Started process (PID=11794) to work on /opt/airflow/dags/usd_rate_fetcher.py
[2025-06-02T19:20:09.452+0000] {processor.py:826} INFO - Processing file /opt/airflow/dags/usd_rate_fetcher.py for tasks to queue
[2025-06-02T19:20:09.452+0000] {logging_mixin.py:150} INFO - [2025-06-02T19:20:09.452+0000] {dagbag.py:541} INFO - Filling up the DagBag from /opt/airflow/dags/usd_rate_fetcher.py
[2025-06-02T19:20:09.873+0000] {processor.py:836} INFO - DAG(s) dict_keys(['usd_rate_fetcher']) retrieved from /opt/airflow/dags/usd_rate_fetcher.py
[2025-06-02T19:20:09.890+0000] {logging_mixin.py:150} INFO - [2025-06-02T19:20:09.890+0000] {dag.py:2742} INFO - Sync 1 DAGs
[2025-06-02T19:20:09.907+0000] {logging_mixin.py:150} INFO - [2025-06-02T19:20:09.907+0000] {dag.py:3508} INFO - Setting next_dagrun for usd_rate_fetcher to 2000-01-01T00:00:00+00:00, run_after=2000-01-02T00:00:00+00:00
[2025-06-02T19:20:09.919+0000] {processor.py:179} INFO - Processing /opt/airflow/dags/usd_rate_fetcher.py took 0.470 seconds
[2025-06-02T19:20:40.611+0000] {processor.py:157} INFO - Started process (PID=11816) to work on /opt/airflow/dags/usd_rate_fetcher.py
[2025-06-02T19:20:40.612+0000] {processor.py:826} INFO - Processing file /opt/airflow/dags/usd_rate_fetcher.py for tasks to queue
[2025-06-02T19:20:40.612+0000] {logging_mixin.py:150} INFO - [2025-06-02T19:20:40.612+0000] {dagbag.py:541} INFO - Filling up the DagBag from /opt/airflow/dags/usd_rate_fetcher.py
[2025-06-02T19:20:40.938+0000] {processor.py:836} INFO - DAG(s) dict_keys(['usd_rate_fetcher']) retrieved from /opt/airflow/dags/usd_rate_fetcher.py
[2025-06-02T19:20:40.954+0000] {logging_mixin.py:150} INFO - [2025-06-02T19:20:40.954+0000] {dag.py:2742} INFO - Sync 1 DAGs
[2025-06-02T19:20:40.971+0000] {logging_mixin.py:150} INFO - [2025-06-02T19:20:40.971+0000] {dag.py:3508} INFO - Setting next_dagrun for usd_rate_fetcher to 2000-01-01T00:00:00+00:00, run_after=2000-01-02T00:00:00+00:00
[2025-06-02T19:20:40.983+0000] {processor.py:179} INFO - Processing /opt/airflow/dags/usd_rate_fetcher.py took 0.374 seconds
[2025-06-02T19:21:11.770+0000] {processor.py:157} INFO - Started process (PID=11838) to work on /opt/airflow/dags/usd_rate_fetcher.py
[2025-06-02T19:21:11.771+0000] {processor.py:826} INFO - Processing file /opt/airflow/dags/usd_rate_fetcher.py for tasks to queue
[2025-06-02T19:21:11.771+0000] {logging_mixin.py:150} INFO - [2025-06-02T19:21:11.771+0000] {dagbag.py:541} INFO - Filling up the DagBag from /opt/airflow/dags/usd_rate_fetcher.py
[2025-06-02T19:21:12.104+0000] {processor.py:836} INFO - DAG(s) dict_keys(['usd_rate_fetcher']) retrieved from /opt/airflow/dags/usd_rate_fetcher.py
[2025-06-02T19:21:12.122+0000] {logging_mixin.py:150} INFO - [2025-06-02T19:21:12.122+0000] {dag.py:2742} INFO - Sync 1 DAGs
[2025-06-02T19:21:12.139+0000] {logging_mixin.py:150} INFO - [2025-06-02T19:21:12.139+0000] {dag.py:3508} INFO - Setting next_dagrun for usd_rate_fetcher to 2000-01-01T00:00:00+00:00, run_after=2000-01-02T00:00:00+00:00
[2025-06-02T19:21:12.151+0000] {processor.py:179} INFO - Processing /opt/airflow/dags/usd_rate_fetcher.py took 0.383 seconds
[2025-06-02T19:21:42.916+0000] {processor.py:157} INFO - Started process (PID=11860) to work on /opt/airflow/dags/usd_rate_fetcher.py
[2025-06-02T19:21:42.917+0000] {processor.py:826} INFO - Processing file /opt/airflow/dags/usd_rate_fetcher.py for tasks to queue
[2025-06-02T19:21:42.918+0000] {logging_mixin.py:150} INFO - [2025-06-02T19:21:42.917+0000] {dagbag.py:541} INFO - Filling up the DagBag from /opt/airflow/dags/usd_rate_fetcher.py
[2025-06-02T19:21:43.241+0000] {processor.py:836} INFO - DAG(s) dict_keys(['usd_rate_fetcher']) retrieved from /opt/airflow/dags/usd_rate_fetcher.py
[2025-06-02T19:21:43.258+0000] {logging_mixin.py:150} INFO - [2025-06-02T19:21:43.258+0000] {dag.py:2742} INFO - Sync 1 DAGs
[2025-06-02T19:21:43.275+0000] {logging_mixin.py:150} INFO - [2025-06-02T19:21:43.275+0000] {dag.py:3508} INFO - Setting next_dagrun for usd_rate_fetcher to 2000-01-01T00:00:00+00:00, run_after=2000-01-02T00:00:00+00:00
[2025-06-02T19:21:43.287+0000] {processor.py:179} INFO - Processing /opt/airflow/dags/usd_rate_fetcher.py took 0.372 seconds
[2025-06-02T19:22:14.067+0000] {processor.py:157} INFO - Started process (PID=11882) to work on /opt/airflow/dags/usd_rate_fetcher.py
[2025-06-02T19:22:14.068+0000] {processor.py:826} INFO - Processing file /opt/airflow/dags/usd_rate_fetcher.py for tasks to queue
[2025-06-02T19:22:14.068+0000] {logging_mixin.py:150} INFO - [2025-06-02T19:22:14.068+0000] {dagbag.py:541} INFO - Filling up the DagBag from /opt/airflow/dags/usd_rate_fetcher.py
[2025-06-02T19:22:14.393+0000] {processor.py:836} INFO - DAG(s) dict_keys(['usd_rate_fetcher']) retrieved from /opt/airflow/dags/usd_rate_fetcher.py
[2025-06-02T19:22:14.410+0000] {logging_mixin.py:150} INFO - [2025-06-02T19:22:14.410+0000] {dag.py:2742} INFO - Sync 1 DAGs
[2025-06-02T19:22:14.428+0000] {logging_mixin.py:150} INFO - [2025-06-02T19:22:14.428+0000] {dag.py:3508} INFO - Setting next_dagrun for usd_rate_fetcher to 2000-01-01T00:00:00+00:00, run_after=2000-01-02T00:00:00+00:00
[2025-06-02T19:22:14.440+0000] {processor.py:179} INFO - Processing /opt/airflow/dags/usd_rate_fetcher.py took 0.375 seconds
[2025-06-02T19:22:45.225+0000] {processor.py:157} INFO - Started process (PID=11904) to work on /opt/airflow/dags/usd_rate_fetcher.py
[2025-06-02T19:22:45.226+0000] {processor.py:826} INFO - Processing file /opt/airflow/dags/usd_rate_fetcher.py for tasks to queue
[2025-06-02T19:22:45.226+0000] {logging_mixin.py:150} INFO - [2025-06-02T19:22:45.226+0000] {dagbag.py:541} INFO - Filling up the DagBag from /opt/airflow/dags/usd_rate_fetcher.py
[2025-06-02T19:22:45.546+0000] {processor.py:836} INFO - DAG(s) dict_keys(['usd_rate_fetcher']) retrieved from /opt/airflow/dags/usd_rate_fetcher.py
[2025-06-02T19:22:45.562+0000] {logging_mixin.py:150} INFO - [2025-06-02T19:22:45.562+0000] {dag.py:2742} INFO - Sync 1 DAGs
[2025-06-02T19:22:45.579+0000] {logging_mixin.py:150} INFO - [2025-06-02T19:22:45.579+0000] {dag.py:3508} INFO - Setting next_dagrun for usd_rate_fetcher to 2000-01-01T00:00:00+00:00, run_after=2000-01-02T00:00:00+00:00
[2025-06-02T19:22:45.598+0000] {processor.py:179} INFO - Processing /opt/airflow/dags/usd_rate_fetcher.py took 0.375 seconds
[2025-06-02T19:23:16.363+0000] {processor.py:157} INFO - Started process (PID=11926) to work on /opt/airflow/dags/usd_rate_fetcher.py
[2025-06-02T19:23:16.364+0000] {processor.py:826} INFO - Processing file /opt/airflow/dags/usd_rate_fetcher.py for tasks to queue
[2025-06-02T19:23:16.364+0000] {logging_mixin.py:150} INFO - [2025-06-02T19:23:16.364+0000] {dagbag.py:541} INFO - Filling up the DagBag from /opt/airflow/dags/usd_rate_fetcher.py
[2025-06-02T19:23:16.692+0000] {processor.py:836} INFO - DAG(s) dict_keys(['usd_rate_fetcher']) retrieved from /opt/airflow/dags/usd_rate_fetcher.py
[2025-06-02T19:23:16.708+0000] {logging_mixin.py:150} INFO - [2025-06-02T19:23:16.708+0000] {dag.py:2742} INFO - Sync 1 DAGs
[2025-06-02T19:23:16.725+0000] {logging_mixin.py:150} INFO - [2025-06-02T19:23:16.725+0000] {dag.py:3508} INFO - Setting next_dagrun for usd_rate_fetcher to 2000-01-01T00:00:00+00:00, run_after=2000-01-02T00:00:00+00:00
[2025-06-02T19:23:16.744+0000] {processor.py:179} INFO - Processing /opt/airflow/dags/usd_rate_fetcher.py took 0.383 seconds
[2025-06-02T19:23:47.515+0000] {processor.py:157} INFO - Started process (PID=11948) to work on /opt/airflow/dags/usd_rate_fetcher.py
[2025-06-02T19:23:47.516+0000] {processor.py:826} INFO - Processing file /opt/airflow/dags/usd_rate_fetcher.py for tasks to queue
[2025-06-02T19:23:47.517+0000] {logging_mixin.py:150} INFO - [2025-06-02T19:23:47.517+0000] {dagbag.py:541} INFO - Filling up the DagBag from /opt/airflow/dags/usd_rate_fetcher.py
[2025-06-02T19:23:47.935+0000] {processor.py:836} INFO - DAG(s) dict_keys(['usd_rate_fetcher']) retrieved from /opt/airflow/dags/usd_rate_fetcher.py
[2025-06-02T19:23:47.959+0000] {logging_mixin.py:150} INFO - [2025-06-02T19:23:47.959+0000] {dag.py:2742} INFO - Sync 1 DAGs
[2025-06-02T19:23:47.976+0000] {logging_mixin.py:150} INFO - [2025-06-02T19:23:47.976+0000] {dag.py:3508} INFO - Setting next_dagrun for usd_rate_fetcher to 2000-01-01T00:00:00+00:00, run_after=2000-01-02T00:00:00+00:00
[2025-06-02T19:23:47.987+0000] {processor.py:179} INFO - Processing /opt/airflow/dags/usd_rate_fetcher.py took 0.474 seconds
[2025-06-02T19:24:18.675+0000] {processor.py:157} INFO - Started process (PID=11970) to work on /opt/airflow/dags/usd_rate_fetcher.py
[2025-06-02T19:24:18.675+0000] {processor.py:826} INFO - Processing file /opt/airflow/dags/usd_rate_fetcher.py for tasks to queue
[2025-06-02T19:24:18.676+0000] {logging_mixin.py:150} INFO - [2025-06-02T19:24:18.676+0000] {dagbag.py:541} INFO - Filling up the DagBag from /opt/airflow/dags/usd_rate_fetcher.py
[2025-06-02T19:24:19.009+0000] {processor.py:836} INFO - DAG(s) dict_keys(['usd_rate_fetcher']) retrieved from /opt/airflow/dags/usd_rate_fetcher.py
[2025-06-02T19:24:19.027+0000] {logging_mixin.py:150} INFO - [2025-06-02T19:24:19.027+0000] {dag.py:2742} INFO - Sync 1 DAGs
[2025-06-02T19:24:19.044+0000] {logging_mixin.py:150} INFO - [2025-06-02T19:24:19.044+0000] {dag.py:3508} INFO - Setting next_dagrun for usd_rate_fetcher to 2000-01-01T00:00:00+00:00, run_after=2000-01-02T00:00:00+00:00
[2025-06-02T19:24:19.062+0000] {processor.py:179} INFO - Processing /opt/airflow/dags/usd_rate_fetcher.py took 0.390 seconds
[2025-06-02T19:24:49.812+0000] {processor.py:157} INFO - Started process (PID=11992) to work on /opt/airflow/dags/usd_rate_fetcher.py
[2025-06-02T19:24:49.813+0000] {processor.py:826} INFO - Processing file /opt/airflow/dags/usd_rate_fetcher.py for tasks to queue
[2025-06-02T19:24:49.814+0000] {logging_mixin.py:150} INFO - [2025-06-02T19:24:49.814+0000] {dagbag.py:541} INFO - Filling up the DagBag from /opt/airflow/dags/usd_rate_fetcher.py
[2025-06-02T19:24:50.272+0000] {processor.py:836} INFO - DAG(s) dict_keys(['usd_rate_fetcher']) retrieved from /opt/airflow/dags/usd_rate_fetcher.py
[2025-06-02T19:24:50.293+0000] {logging_mixin.py:150} INFO - [2025-06-02T19:24:50.292+0000] {dag.py:2742} INFO - Sync 1 DAGs
[2025-06-02T19:24:50.312+0000] {logging_mixin.py:150} INFO - [2025-06-02T19:24:50.312+0000] {dag.py:3508} INFO - Setting next_dagrun for usd_rate_fetcher to 2000-01-01T00:00:00+00:00, run_after=2000-01-02T00:00:00+00:00
[2025-06-02T19:24:50.325+0000] {processor.py:179} INFO - Processing /opt/airflow/dags/usd_rate_fetcher.py took 0.515 seconds
[2025-06-02T19:24:52.360+0000] {processor.py:157} INFO - Started process (PID=12009) to work on /opt/airflow/dags/usd_rate_fetcher.py
[2025-06-02T19:24:52.361+0000] {processor.py:826} INFO - Processing file /opt/airflow/dags/usd_rate_fetcher.py for tasks to queue
[2025-06-02T19:24:52.361+0000] {logging_mixin.py:150} INFO - [2025-06-02T19:24:52.361+0000] {dagbag.py:541} INFO - Filling up the DagBag from /opt/airflow/dags/usd_rate_fetcher.py
[2025-06-02T19:24:52.694+0000] {processor.py:836} INFO - DAG(s) dict_keys(['usd_rate_fetcher']) retrieved from /opt/airflow/dags/usd_rate_fetcher.py
[2025-06-02T19:24:52.711+0000] {logging_mixin.py:150} INFO - [2025-06-02T19:24:52.711+0000] {dag.py:2742} INFO - Sync 1 DAGs
[2025-06-02T19:24:52.728+0000] {logging_mixin.py:150} INFO - [2025-06-02T19:24:52.728+0000] {dag.py:3508} INFO - Setting next_dagrun for usd_rate_fetcher to 2000-01-01T00:00:00+00:00, run_after=2000-01-02T00:00:00+00:00
[2025-06-02T19:24:52.741+0000] {processor.py:179} INFO - Processing /opt/airflow/dags/usd_rate_fetcher.py took 0.383 seconds
