[2025-06-03T15:30:19.282+0000] {taskinstance.py:1103} INFO - Dependencies all met for dep_context=non-requeueable deps ti=<TaskInstance: usd_rate_fetcher.save_data_to_db scheduled__2020-06-09T00:00:00+00:00 [queued]>
[2025-06-03T15:30:19.291+0000] {taskinstance.py:1103} INFO - Dependencies all met for dep_context=requeueable deps ti=<TaskInstance: usd_rate_fetcher.save_data_to_db scheduled__2020-06-09T00:00:00+00:00 [queued]>
[2025-06-03T15:30:19.291+0000] {taskinstance.py:1308} INFO - Starting attempt 1 of 3
[2025-06-03T15:30:19.312+0000] {taskinstance.py:1327} INFO - Executing <Task(_PythonDecoratedOperator): save_data_to_db> on 2020-06-09 00:00:00+00:00
[2025-06-03T15:30:19.321+0000] {standard_task_runner.py:57} INFO - Started process 20745 to run task
[2025-06-03T15:30:19.323+0000] {standard_task_runner.py:84} INFO - Running: ['***', 'tasks', 'run', 'usd_rate_fetcher', 'save_data_to_db', 'scheduled__2020-06-09T00:00:00+00:00', '--job-id', '9064', '--raw', '--subdir', 'DAGS_FOLDER/usd_rate_fetcher.py', '--cfg-path', '/tmp/tmplwhqey3j']
[2025-06-03T15:30:19.329+0000] {standard_task_runner.py:85} INFO - Job 9064: Subtask save_data_to_db
[2025-06-03T15:30:19.378+0000] {task_command.py:410} INFO - Running <TaskInstance: usd_rate_fetcher.save_data_to_db scheduled__2020-06-09T00:00:00+00:00 [running]> on host 40869fde016f
[2025-06-03T15:30:19.661+0000] {logging_mixin.py:150} WARNING - /home/***/.local/lib/python3.7/site-packages/***/utils/context.py:205 AirflowContextDeprecationWarning: Accessing 'execution_date' from the template is deprecated and will be removed in a future version. Please use 'data_interval_start' or 'logical_date' instead.
[2025-06-03T15:30:19.712+0000] {taskinstance.py:1547} INFO - Exporting env vars: AIRFLOW_CTX_DAG_OWNER='***' AIRFLOW_CTX_DAG_ID='usd_rate_fetcher' AIRFLOW_CTX_TASK_ID='save_data_to_db' AIRFLOW_CTX_EXECUTION_DATE='2020-06-09T00:00:00+00:00' AIRFLOW_CTX_TRY_NUMBER='1' AIRFLOW_CTX_DAG_RUN_ID='scheduled__2020-06-09T00:00:00+00:00'
[2025-06-03T15:30:19.715+0000] {usd_rate_fetcher.py:80} INFO - Received USD rate: {'date': datetime.date(2020, 6, 9), 'content': [{'GBP': 86.6883}, {'HKD': 88.1438}, {'USD': 68.3123}, {'EUR': 77.1861}, {'CNY': 96.549}]} for date 2020-06-09
[2025-06-03T15:30:19.729+0000] {base.py:73} INFO - Using connection ID 'pg_database' for task execution.
[2025-06-03T15:30:19.735+0000] {usd_rate_fetcher.py:103} INFO - Saved 86.69 for GBP on 2020-06-09
[2025-06-03T15:30:19.736+0000] {usd_rate_fetcher.py:103} INFO - Saved 88.14 for HKD on 2020-06-09
[2025-06-03T15:30:19.737+0000] {usd_rate_fetcher.py:103} INFO - Saved 68.31 for USD on 2020-06-09
[2025-06-03T15:30:19.737+0000] {usd_rate_fetcher.py:103} INFO - Saved 77.19 for EUR on 2020-06-09
[2025-06-03T15:30:19.738+0000] {usd_rate_fetcher.py:103} INFO - Saved 96.55 for CNY on 2020-06-09
[2025-06-03T15:30:19.740+0000] {python.py:183} INFO - Done. Returned value was: None
[2025-06-03T15:30:19.751+0000] {taskinstance.py:1350} INFO - Marking task as SUCCESS. dag_id=usd_rate_fetcher, task_id=save_data_to_db, execution_date=20200609T000000, start_date=20250603T153019, end_date=20250603T153019
[2025-06-03T15:30:19.784+0000] {local_task_job_runner.py:225} INFO - Task exited with return code 0
[2025-06-03T15:30:19.799+0000] {taskinstance.py:2653} INFO - 0 downstream tasks scheduled from follow-on schedule check
