[2025-06-03T15:19:57.790+0000] {taskinstance.py:1103} INFO - Dependencies all met for dep_context=non-requeueable deps ti=<TaskInstance: usd_rate_fetcher.fetch_data_from_api scheduled__2020-01-21T00:00:00+00:00 [queued]>
[2025-06-03T15:19:57.800+0000] {taskinstance.py:1103} INFO - Dependencies all met for dep_context=requeueable deps ti=<TaskInstance: usd_rate_fetcher.fetch_data_from_api scheduled__2020-01-21T00:00:00+00:00 [queued]>
[2025-06-03T15:19:57.801+0000] {taskinstance.py:1308} INFO - Starting attempt 1 of 3
[2025-06-03T15:19:57.915+0000] {taskinstance.py:1327} INFO - Executing <Task(_PythonDecoratedOperator): fetch_data_from_api> on 2020-01-21 00:00:00+00:00
[2025-06-03T15:19:57.928+0000] {standard_task_runner.py:57} INFO - Started process 14270 to run task
[2025-06-03T15:19:57.931+0000] {standard_task_runner.py:84} INFO - Running: ['***', 'tasks', 'run', 'usd_rate_fetcher', 'fetch_data_from_api', 'scheduled__2020-01-21T00:00:00+00:00', '--job-id', '8637', '--raw', '--subdir', 'DAGS_FOLDER/usd_rate_fetcher.py', '--cfg-path', '/tmp/tmpp85r6mqr']
[2025-06-03T15:19:57.933+0000] {standard_task_runner.py:85} INFO - Job 8637: Subtask fetch_data_from_api
[2025-06-03T15:19:58.003+0000] {task_command.py:410} INFO - Running <TaskInstance: usd_rate_fetcher.fetch_data_from_api scheduled__2020-01-21T00:00:00+00:00 [running]> on host 40869fde016f
[2025-06-03T15:19:58.324+0000] {logging_mixin.py:150} WARNING - /home/***/.local/lib/python3.7/site-packages/***/utils/context.py:205 AirflowContextDeprecationWarning: Accessing 'execution_date' from the template is deprecated and will be removed in a future version. Please use 'data_interval_start' or 'logical_date' instead.
[2025-06-03T15:19:58.400+0000] {taskinstance.py:1547} INFO - Exporting env vars: AIRFLOW_CTX_DAG_OWNER='***' AIRFLOW_CTX_DAG_ID='usd_rate_fetcher' AIRFLOW_CTX_TASK_ID='fetch_data_from_api' AIRFLOW_CTX_EXECUTION_DATE='2020-01-21T00:00:00+00:00' AIRFLOW_CTX_TRY_NUMBER='1' AIRFLOW_CTX_DAG_RUN_ID='scheduled__2020-01-21T00:00:00+00:00'
[2025-06-03T15:19:58.418+0000] {usd_rate_fetcher.py:34} INFO - Переменная ['Доллар США', 'Евро', 'Гонконгский доллар', 'Юань', 'Фунт стерлингов']
[2025-06-03T15:19:58.426+0000] {usd_rate_fetcher.py:53} INFO - Fetching data for date: 21/01/2020
[2025-06-03T15:19:58.475+0000] {python.py:183} INFO - Done. Returned value was: {'date': datetime.date(2020, 1, 21), 'content': [{'Фунт стерлингов': 79.7759}, {'Доллар США': 61.4654}, {'Евро': 68.2082}]}
[2025-06-03T15:19:58.503+0000] {taskinstance.py:1350} INFO - Marking task as SUCCESS. dag_id=usd_rate_fetcher, task_id=fetch_data_from_api, execution_date=20200121T000000, start_date=20250603T151957, end_date=20250603T151958
[2025-06-03T15:19:58.556+0000] {local_task_job_runner.py:225} INFO - Task exited with return code 0
[2025-06-03T15:19:58.612+0000] {taskinstance.py:2653} INFO - 1 downstream tasks scheduled from follow-on schedule check
[2025-06-03T15:27:15.972+0000] {taskinstance.py:1103} INFO - Dependencies all met for dep_context=non-requeueable deps ti=<TaskInstance: usd_rate_fetcher.fetch_data_from_api scheduled__2020-01-21T00:00:00+00:00 [queued]>
[2025-06-03T15:27:15.992+0000] {taskinstance.py:1103} INFO - Dependencies all met for dep_context=requeueable deps ti=<TaskInstance: usd_rate_fetcher.fetch_data_from_api scheduled__2020-01-21T00:00:00+00:00 [queued]>
[2025-06-03T15:27:15.992+0000] {taskinstance.py:1308} INFO - Starting attempt 1 of 3
[2025-06-03T15:27:16.023+0000] {taskinstance.py:1327} INFO - Executing <Task(_PythonDecoratedOperator): fetch_data_from_api> on 2020-01-21 00:00:00+00:00
[2025-06-03T15:27:16.034+0000] {standard_task_runner.py:57} INFO - Started process 16792 to run task
[2025-06-03T15:27:16.061+0000] {standard_task_runner.py:84} INFO - Running: ['***', 'tasks', 'run', 'usd_rate_fetcher', 'fetch_data_from_api', 'scheduled__2020-01-21T00:00:00+00:00', '--job-id', '8794', '--raw', '--subdir', 'DAGS_FOLDER/usd_rate_fetcher.py', '--cfg-path', '/tmp/tmpv1u29hxk']
[2025-06-03T15:27:16.063+0000] {standard_task_runner.py:85} INFO - Job 8794: Subtask fetch_data_from_api
[2025-06-03T15:27:16.194+0000] {task_command.py:410} INFO - Running <TaskInstance: usd_rate_fetcher.fetch_data_from_api scheduled__2020-01-21T00:00:00+00:00 [running]> on host 40869fde016f
[2025-06-03T15:27:16.534+0000] {logging_mixin.py:150} WARNING - /home/***/.local/lib/python3.7/site-packages/***/utils/context.py:205 AirflowContextDeprecationWarning: Accessing 'execution_date' from the template is deprecated and will be removed in a future version. Please use 'data_interval_start' or 'logical_date' instead.
[2025-06-03T15:27:16.637+0000] {taskinstance.py:1547} INFO - Exporting env vars: AIRFLOW_CTX_DAG_OWNER='***' AIRFLOW_CTX_DAG_ID='usd_rate_fetcher' AIRFLOW_CTX_TASK_ID='fetch_data_from_api' AIRFLOW_CTX_EXECUTION_DATE='2020-01-21T00:00:00+00:00' AIRFLOW_CTX_TRY_NUMBER='1' AIRFLOW_CTX_DAG_RUN_ID='scheduled__2020-01-21T00:00:00+00:00'
[2025-06-03T15:27:16.660+0000] {usd_rate_fetcher.py:34} INFO - Переменная ['USD', 'EUR', 'HKD', 'CNY', 'GBP']
[2025-06-03T15:27:16.669+0000] {usd_rate_fetcher.py:53} INFO - Fetching data for date: 21/01/2020
[2025-06-03T15:27:16.729+0000] {python.py:183} INFO - Done. Returned value was: {'date': datetime.date(2020, 1, 21), 'content': [{'GBP': 79.7759}, {'HKD': 79.1111}, {'USD': 61.4654}, {'EUR': 68.2082}, {'CNY': 89.5866}]}
[2025-06-03T15:27:16.760+0000] {taskinstance.py:1350} INFO - Marking task as SUCCESS. dag_id=usd_rate_fetcher, task_id=fetch_data_from_api, execution_date=20200121T000000, start_date=20250603T152715, end_date=20250603T152716
[2025-06-03T15:27:16.819+0000] {local_task_job_runner.py:225} INFO - Task exited with return code 0
[2025-06-03T15:27:16.953+0000] {taskinstance.py:2653} INFO - 0 downstream tasks scheduled from follow-on schedule check
