[2025-06-03T15:20:21.621+0000] {taskinstance.py:1103} INFO - Dependencies all met for dep_context=non-requeueable deps ti=<TaskInstance: usd_rate_fetcher.save_data_to_db scheduled__2020-03-09T00:00:00+00:00 [queued]>
[2025-06-03T15:20:21.631+0000] {taskinstance.py:1103} INFO - Dependencies all met for dep_context=requeueable deps ti=<TaskInstance: usd_rate_fetcher.save_data_to_db scheduled__2020-03-09T00:00:00+00:00 [queued]>
[2025-06-03T15:20:21.631+0000] {taskinstance.py:1308} INFO - Starting attempt 1 of 3
[2025-06-03T15:20:21.693+0000] {taskinstance.py:1327} INFO - Executing <Task(_PythonDecoratedOperator): save_data_to_db> on 2020-03-09 00:00:00+00:00
[2025-06-03T15:20:21.702+0000] {standard_task_runner.py:57} INFO - Started process 15785 to run task
[2025-06-03T15:20:21.725+0000] {standard_task_runner.py:84} INFO - Running: ['***', 'tasks', 'run', 'usd_rate_fetcher', 'save_data_to_db', 'scheduled__2020-03-09T00:00:00+00:00', '--job-id', '8745', '--raw', '--subdir', 'DAGS_FOLDER/usd_rate_fetcher.py', '--cfg-path', '/tmp/tmpjqg5jn9k']
[2025-06-03T15:20:21.729+0000] {standard_task_runner.py:85} INFO - Job 8745: Subtask save_data_to_db
[2025-06-03T15:20:21.782+0000] {task_command.py:410} INFO - Running <TaskInstance: usd_rate_fetcher.save_data_to_db scheduled__2020-03-09T00:00:00+00:00 [running]> on host 40869fde016f
[2025-06-03T15:20:22.063+0000] {logging_mixin.py:150} WARNING - /home/***/.local/lib/python3.7/site-packages/***/utils/context.py:205 AirflowContextDeprecationWarning: Accessing 'execution_date' from the template is deprecated and will be removed in a future version. Please use 'data_interval_start' or 'logical_date' instead.
[2025-06-03T15:20:22.106+0000] {taskinstance.py:1547} INFO - Exporting env vars: AIRFLOW_CTX_DAG_OWNER='***' AIRFLOW_CTX_DAG_ID='usd_rate_fetcher' AIRFLOW_CTX_TASK_ID='save_data_to_db' AIRFLOW_CTX_EXECUTION_DATE='2020-03-09T00:00:00+00:00' AIRFLOW_CTX_TRY_NUMBER='1' AIRFLOW_CTX_DAG_RUN_ID='scheduled__2020-03-09T00:00:00+00:00'
[2025-06-03T15:20:22.107+0000] {usd_rate_fetcher.py:80} INFO - Received USD rate: {'date': datetime.date(2020, 3, 9), 'content': [{'Фунт стерлингов': 87.5972}, {'Доллар США': 67.5175}, {'Евро': 75.8424}]} for date 2020-03-09
[2025-06-03T15:20:22.118+0000] {base.py:73} INFO - Using connection ID 'pg_database' for task execution.
[2025-06-03T15:20:22.123+0000] {usd_rate_fetcher.py:103} INFO - Saved 87.60 for Фунт стерлингов on 2020-03-09
[2025-06-03T15:20:22.123+0000] {usd_rate_fetcher.py:103} INFO - Saved 67.52 for Доллар США on 2020-03-09
[2025-06-03T15:20:22.124+0000] {usd_rate_fetcher.py:103} INFO - Saved 75.84 for Евро on 2020-03-09
[2025-06-03T15:20:22.126+0000] {python.py:183} INFO - Done. Returned value was: None
[2025-06-03T15:20:22.143+0000] {taskinstance.py:1350} INFO - Marking task as SUCCESS. dag_id=usd_rate_fetcher, task_id=save_data_to_db, execution_date=20200309T000000, start_date=20250603T152021, end_date=20250603T152022
[2025-06-03T15:20:22.204+0000] {local_task_job_runner.py:225} INFO - Task exited with return code 0
[2025-06-03T15:20:22.220+0000] {taskinstance.py:2653} INFO - 0 downstream tasks scheduled from follow-on schedule check
[2025-06-03T15:29:38.933+0000] {taskinstance.py:1103} INFO - Dependencies all met for dep_context=non-requeueable deps ti=<TaskInstance: usd_rate_fetcher.save_data_to_db scheduled__2020-03-09T00:00:00+00:00 [queued]>
[2025-06-03T15:29:38.944+0000] {taskinstance.py:1103} INFO - Dependencies all met for dep_context=requeueable deps ti=<TaskInstance: usd_rate_fetcher.save_data_to_db scheduled__2020-03-09T00:00:00+00:00 [queued]>
[2025-06-03T15:29:38.945+0000] {taskinstance.py:1308} INFO - Starting attempt 1 of 3
[2025-06-03T15:29:38.958+0000] {taskinstance.py:1327} INFO - Executing <Task(_PythonDecoratedOperator): save_data_to_db> on 2020-03-09 00:00:00+00:00
[2025-06-03T15:29:38.965+0000] {standard_task_runner.py:57} INFO - Started process 18135 to run task
[2025-06-03T15:29:38.967+0000] {standard_task_runner.py:84} INFO - Running: ['***', 'tasks', 'run', 'usd_rate_fetcher', 'save_data_to_db', 'scheduled__2020-03-09T00:00:00+00:00', '--job-id', '8885', '--raw', '--subdir', 'DAGS_FOLDER/usd_rate_fetcher.py', '--cfg-path', '/tmp/tmpzamwr7fj']
[2025-06-03T15:29:38.969+0000] {standard_task_runner.py:85} INFO - Job 8885: Subtask save_data_to_db
[2025-06-03T15:29:39.003+0000] {task_command.py:410} INFO - Running <TaskInstance: usd_rate_fetcher.save_data_to_db scheduled__2020-03-09T00:00:00+00:00 [running]> on host 40869fde016f
[2025-06-03T15:29:39.168+0000] {logging_mixin.py:150} WARNING - /home/***/.local/lib/python3.7/site-packages/***/utils/context.py:205 AirflowContextDeprecationWarning: Accessing 'execution_date' from the template is deprecated and will be removed in a future version. Please use 'data_interval_start' or 'logical_date' instead.
[2025-06-03T15:29:39.199+0000] {taskinstance.py:1547} INFO - Exporting env vars: AIRFLOW_CTX_DAG_OWNER='***' AIRFLOW_CTX_DAG_ID='usd_rate_fetcher' AIRFLOW_CTX_TASK_ID='save_data_to_db' AIRFLOW_CTX_EXECUTION_DATE='2020-03-09T00:00:00+00:00' AIRFLOW_CTX_TRY_NUMBER='1' AIRFLOW_CTX_DAG_RUN_ID='scheduled__2020-03-09T00:00:00+00:00'
[2025-06-03T15:29:39.200+0000] {usd_rate_fetcher.py:80} INFO - Received USD rate: {'date': datetime.date(2020, 3, 9), 'content': [{'GBP': 87.5972}, {'HKD': 86.8716}, {'USD': 67.5175}, {'EUR': 75.8424}, {'CNY': 97.2861}]} for date 2020-03-09
[2025-06-03T15:29:39.207+0000] {base.py:73} INFO - Using connection ID 'pg_database' for task execution.
[2025-06-03T15:29:39.211+0000] {usd_rate_fetcher.py:103} INFO - Saved 87.60 for GBP on 2020-03-09
[2025-06-03T15:29:39.212+0000] {usd_rate_fetcher.py:103} INFO - Saved 86.87 for HKD on 2020-03-09
[2025-06-03T15:29:39.212+0000] {usd_rate_fetcher.py:103} INFO - Saved 67.52 for USD on 2020-03-09
[2025-06-03T15:29:39.213+0000] {usd_rate_fetcher.py:103} INFO - Saved 75.84 for EUR on 2020-03-09
[2025-06-03T15:29:39.213+0000] {usd_rate_fetcher.py:103} INFO - Saved 97.29 for CNY on 2020-03-09
[2025-06-03T15:29:39.214+0000] {python.py:183} INFO - Done. Returned value was: None
[2025-06-03T15:29:39.222+0000] {taskinstance.py:1350} INFO - Marking task as SUCCESS. dag_id=usd_rate_fetcher, task_id=save_data_to_db, execution_date=20200309T000000, start_date=20250603T152938, end_date=20250603T152939
[2025-06-03T15:29:39.262+0000] {local_task_job_runner.py:225} INFO - Task exited with return code 0
[2025-06-03T15:29:39.276+0000] {taskinstance.py:2653} INFO - 0 downstream tasks scheduled from follow-on schedule check
