[2025-06-03T15:19:58.563+0000] {taskinstance.py:1103} INFO - Dependencies all met for dep_context=non-requeueable deps ti=<TaskInstance: usd_rate_fetcher.fetch_data_from_api scheduled__2020-01-26T00:00:00+00:00 [queued]>
[2025-06-03T15:19:58.572+0000] {taskinstance.py:1103} INFO - Dependencies all met for dep_context=requeueable deps ti=<TaskInstance: usd_rate_fetcher.fetch_data_from_api scheduled__2020-01-26T00:00:00+00:00 [queued]>
[2025-06-03T15:19:58.572+0000] {taskinstance.py:1308} INFO - Starting attempt 1 of 3
[2025-06-03T15:19:58.604+0000] {taskinstance.py:1327} INFO - Executing <Task(_PythonDecoratedOperator): fetch_data_from_api> on 2020-01-26 00:00:00+00:00
[2025-06-03T15:19:58.614+0000] {standard_task_runner.py:57} INFO - Started process 14326 to run task
[2025-06-03T15:19:58.629+0000] {standard_task_runner.py:84} INFO - Running: ['***', 'tasks', 'run', 'usd_rate_fetcher', 'fetch_data_from_api', 'scheduled__2020-01-26T00:00:00+00:00', '--job-id', '8642', '--raw', '--subdir', 'DAGS_FOLDER/usd_rate_fetcher.py', '--cfg-path', '/tmp/tmpoi987vty']
[2025-06-03T15:19:58.634+0000] {standard_task_runner.py:85} INFO - Job 8642: Subtask fetch_data_from_api
[2025-06-03T15:19:58.695+0000] {task_command.py:410} INFO - Running <TaskInstance: usd_rate_fetcher.fetch_data_from_api scheduled__2020-01-26T00:00:00+00:00 [running]> on host 40869fde016f
[2025-06-03T15:19:58.909+0000] {logging_mixin.py:150} WARNING - /home/***/.local/lib/python3.7/site-packages/***/utils/context.py:205 AirflowContextDeprecationWarning: Accessing 'execution_date' from the template is deprecated and will be removed in a future version. Please use 'data_interval_start' or 'logical_date' instead.
[2025-06-03T15:19:58.944+0000] {taskinstance.py:1547} INFO - Exporting env vars: AIRFLOW_CTX_DAG_OWNER='***' AIRFLOW_CTX_DAG_ID='usd_rate_fetcher' AIRFLOW_CTX_TASK_ID='fetch_data_from_api' AIRFLOW_CTX_EXECUTION_DATE='2020-01-26T00:00:00+00:00' AIRFLOW_CTX_TRY_NUMBER='1' AIRFLOW_CTX_DAG_RUN_ID='scheduled__2020-01-26T00:00:00+00:00'
[2025-06-03T15:19:58.951+0000] {usd_rate_fetcher.py:34} INFO - Переменная ['Доллар США', 'Евро', 'Гонконгский доллар', 'Юань', 'Фунт стерлингов']
[2025-06-03T15:19:58.955+0000] {usd_rate_fetcher.py:53} INFO - Fetching data for date: 26/01/2020
[2025-06-03T15:19:58.998+0000] {python.py:183} INFO - Done. Returned value was: {'date': datetime.date(2020, 1, 26), 'content': [{'Фунт стерлингов': 81.1104}, {'Доллар США': 61.8031}, {'Евро': 68.2924}]}
[2025-06-03T15:19:59.016+0000] {taskinstance.py:1350} INFO - Marking task as SUCCESS. dag_id=usd_rate_fetcher, task_id=fetch_data_from_api, execution_date=20200126T000000, start_date=20250603T151958, end_date=20250603T151959
[2025-06-03T15:19:59.072+0000] {local_task_job_runner.py:225} INFO - Task exited with return code 0
[2025-06-03T15:19:59.091+0000] {taskinstance.py:2653} INFO - 1 downstream tasks scheduled from follow-on schedule check
[2025-06-03T15:27:16.725+0000] {taskinstance.py:1103} INFO - Dependencies all met for dep_context=non-requeueable deps ti=<TaskInstance: usd_rate_fetcher.fetch_data_from_api scheduled__2020-01-26T00:00:00+00:00 [queued]>
[2025-06-03T15:27:16.734+0000] {taskinstance.py:1103} INFO - Dependencies all met for dep_context=requeueable deps ti=<TaskInstance: usd_rate_fetcher.fetch_data_from_api scheduled__2020-01-26T00:00:00+00:00 [queued]>
[2025-06-03T15:27:16.734+0000] {taskinstance.py:1308} INFO - Starting attempt 1 of 3
[2025-06-03T15:27:16.761+0000] {taskinstance.py:1327} INFO - Executing <Task(_PythonDecoratedOperator): fetch_data_from_api> on 2020-01-26 00:00:00+00:00
[2025-06-03T15:27:16.778+0000] {standard_task_runner.py:57} INFO - Started process 16848 to run task
[2025-06-03T15:27:16.795+0000] {standard_task_runner.py:84} INFO - Running: ['***', 'tasks', 'run', 'usd_rate_fetcher', 'fetch_data_from_api', 'scheduled__2020-01-26T00:00:00+00:00', '--job-id', '8799', '--raw', '--subdir', 'DAGS_FOLDER/usd_rate_fetcher.py', '--cfg-path', '/tmp/tmpoh19flx2']
[2025-06-03T15:27:16.800+0000] {standard_task_runner.py:85} INFO - Job 8799: Subtask fetch_data_from_api
[2025-06-03T15:27:16.870+0000] {task_command.py:410} INFO - Running <TaskInstance: usd_rate_fetcher.fetch_data_from_api scheduled__2020-01-26T00:00:00+00:00 [running]> on host 40869fde016f
[2025-06-03T15:27:17.196+0000] {logging_mixin.py:150} WARNING - /home/***/.local/lib/python3.7/site-packages/***/utils/context.py:205 AirflowContextDeprecationWarning: Accessing 'execution_date' from the template is deprecated and will be removed in a future version. Please use 'data_interval_start' or 'logical_date' instead.
[2025-06-03T15:27:17.238+0000] {taskinstance.py:1547} INFO - Exporting env vars: AIRFLOW_CTX_DAG_OWNER='***' AIRFLOW_CTX_DAG_ID='usd_rate_fetcher' AIRFLOW_CTX_TASK_ID='fetch_data_from_api' AIRFLOW_CTX_EXECUTION_DATE='2020-01-26T00:00:00+00:00' AIRFLOW_CTX_TRY_NUMBER='1' AIRFLOW_CTX_DAG_RUN_ID='scheduled__2020-01-26T00:00:00+00:00'
[2025-06-03T15:27:17.259+0000] {usd_rate_fetcher.py:34} INFO - Переменная ['USD', 'EUR', 'HKD', 'CNY', 'GBP']
[2025-06-03T15:27:17.264+0000] {usd_rate_fetcher.py:53} INFO - Fetching data for date: 26/01/2020
[2025-06-03T15:27:17.317+0000] {python.py:183} INFO - Done. Returned value was: {'date': datetime.date(2020, 1, 26), 'content': [{'GBP': 81.1104}, {'HKD': 79.512}, {'USD': 61.8031}, {'EUR': 68.2924}, {'CNY': 89.0958}]}
[2025-06-03T15:27:17.400+0000] {taskinstance.py:1350} INFO - Marking task as SUCCESS. dag_id=usd_rate_fetcher, task_id=fetch_data_from_api, execution_date=20200126T000000, start_date=20250603T152716, end_date=20250603T152717
[2025-06-03T15:27:17.443+0000] {local_task_job_runner.py:225} INFO - Task exited with return code 0
[2025-06-03T15:27:17.468+0000] {taskinstance.py:2653} INFO - 1 downstream tasks scheduled from follow-on schedule check
