[2025-06-01T15:57:50.673+0000] {taskinstance.py:1103} INFO - Dependencies all met for dep_context=non-requeueable deps ti=<TaskInstance: second_dag.save_data_task scheduled__2021-02-19T00:00:00+00:00 [queued]>
[2025-06-01T15:57:50.680+0000] {taskinstance.py:1103} INFO - Dependencies all met for dep_context=requeueable deps ti=<TaskInstance: second_dag.save_data_task scheduled__2021-02-19T00:00:00+00:00 [queued]>
[2025-06-01T15:57:50.681+0000] {taskinstance.py:1308} INFO - Starting attempt 1 of 3
[2025-06-01T15:57:50.693+0000] {taskinstance.py:1327} INFO - Executing <Task(PythonOperator): save_data_task> on 2021-02-19 00:00:00+00:00
[2025-06-01T15:57:50.700+0000] {standard_task_runner.py:57} INFO - Started process 29209 to run task
[2025-06-01T15:57:50.702+0000] {standard_task_runner.py:84} INFO - Running: ['***', 'tasks', 'run', 'second_dag', 'save_data_task', 'scheduled__2021-02-19T00:00:00+00:00', '--job-id', '1274', '--raw', '--subdir', 'DAGS_FOLDER/my_second_dag.py', '--cfg-path', '/tmp/tmpu9uo3j2g']
[2025-06-01T15:57:50.704+0000] {standard_task_runner.py:85} INFO - Job 1274: Subtask save_data_task
[2025-06-01T15:57:50.746+0000] {task_command.py:410} INFO - Running <TaskInstance: second_dag.save_data_task scheduled__2021-02-19T00:00:00+00:00 [running]> on host 27c4b93144a0
[2025-06-01T15:57:50.926+0000] {taskinstance.py:1547} INFO - Exporting env vars: AIRFLOW_CTX_DAG_OWNER='***' AIRFLOW_CTX_DAG_ID='second_dag' AIRFLOW_CTX_TASK_ID='save_data_task' AIRFLOW_CTX_EXECUTION_DATE='2021-02-19T00:00:00+00:00' AIRFLOW_CTX_TRY_NUMBER='1' AIRFLOW_CTX_DAG_RUN_ID='scheduled__2021-02-19T00:00:00+00:00'
[2025-06-01T15:57:50.935+0000] {my_second_dag.py:51} INFO - Fetching value USD: 73.7755
[2025-06-01T15:57:50.941+0000] {base.py:73} INFO - Using connection ID 'pg_database' for task execution.
[2025-06-01T15:57:50.948+0000] {logging_mixin.py:150} WARNING - /home/***/.local/lib/python3.7/site-packages/***/utils/context.py:313 AirflowContextDeprecationWarning: Accessing 'execution_date' from the template is deprecated and will be removed in a future version. Please use 'data_interval_start' or 'logical_date' instead.
[2025-06-01T15:57:50.949+0000] {taskinstance.py:1824} ERROR - Task failed with exception
Traceback (most recent call last):
  File "/home/airflow/.local/lib/python3.7/site-packages/airflow/operators/python.py", line 181, in execute
    return_value = self.execute_callable()
  File "/home/airflow/.local/lib/python3.7/site-packages/airflow/operators/python.py", line 198, in execute_callable
    return self.python_callable(*self.op_args, **self.op_kwargs)
  File "/opt/airflow/dags/my_second_dag.py", line 65, in save_data_to_db
    VALUES ({execution_date}, {data.strftime("%Y-%m-%d")})""")
AttributeError: 'float' object has no attribute 'strftime'
[2025-06-01T15:57:50.954+0000] {taskinstance.py:1350} INFO - Marking task as UP_FOR_RETRY. dag_id=second_dag, task_id=save_data_task, execution_date=20210219T000000, start_date=20250601T155750, end_date=20250601T155750
[2025-06-01T15:57:50.961+0000] {standard_task_runner.py:109} ERROR - Failed to execute job 1274 for task save_data_task ('float' object has no attribute 'strftime'; 29209)
[2025-06-01T15:57:50.995+0000] {local_task_job_runner.py:225} INFO - Task exited with return code 1
[2025-06-01T15:57:51.008+0000] {taskinstance.py:2653} INFO - 0 downstream tasks scheduled from follow-on schedule check
