[2025-06-03T15:20:05.428+0000] {taskinstance.py:1103} INFO - Dependencies all met for dep_context=non-requeueable deps ti=<TaskInstance: usd_rate_fetcher.fetch_data_from_api scheduled__2020-01-31T00:00:00+00:00 [queued]>
[2025-06-03T15:20:05.436+0000] {taskinstance.py:1103} INFO - Dependencies all met for dep_context=requeueable deps ti=<TaskInstance: usd_rate_fetcher.fetch_data_from_api scheduled__2020-01-31T00:00:00+00:00 [queued]>
[2025-06-03T15:20:05.437+0000] {taskinstance.py:1308} INFO - Starting attempt 1 of 3
[2025-06-03T15:20:05.452+0000] {taskinstance.py:1327} INFO - Executing <Task(_PythonDecoratedOperator): fetch_data_from_api> on 2020-01-31 00:00:00+00:00
[2025-06-03T15:20:05.460+0000] {standard_task_runner.py:57} INFO - Started process 14588 to run task
[2025-06-03T15:20:05.470+0000] {standard_task_runner.py:84} INFO - Running: ['***', 'tasks', 'run', 'usd_rate_fetcher', 'fetch_data_from_api', 'scheduled__2020-01-31T00:00:00+00:00', '--job-id', '8659', '--raw', '--subdir', 'DAGS_FOLDER/usd_rate_fetcher.py', '--cfg-path', '/tmp/tmpn8kl90zw']
[2025-06-03T15:20:05.472+0000] {standard_task_runner.py:85} INFO - Job 8659: Subtask fetch_data_from_api
[2025-06-03T15:20:05.542+0000] {task_command.py:410} INFO - Running <TaskInstance: usd_rate_fetcher.fetch_data_from_api scheduled__2020-01-31T00:00:00+00:00 [running]> on host 40869fde016f
[2025-06-03T15:20:05.877+0000] {logging_mixin.py:150} WARNING - /home/***/.local/lib/python3.7/site-packages/***/utils/context.py:205 AirflowContextDeprecationWarning: Accessing 'execution_date' from the template is deprecated and will be removed in a future version. Please use 'data_interval_start' or 'logical_date' instead.
[2025-06-03T15:20:05.955+0000] {taskinstance.py:1547} INFO - Exporting env vars: AIRFLOW_CTX_DAG_OWNER='***' AIRFLOW_CTX_DAG_ID='usd_rate_fetcher' AIRFLOW_CTX_TASK_ID='fetch_data_from_api' AIRFLOW_CTX_EXECUTION_DATE='2020-01-31T00:00:00+00:00' AIRFLOW_CTX_TRY_NUMBER='1' AIRFLOW_CTX_DAG_RUN_ID='scheduled__2020-01-31T00:00:00+00:00'
[2025-06-03T15:20:05.965+0000] {usd_rate_fetcher.py:34} INFO - Переменная ['Доллар США', 'Евро', 'Гонконгский доллар', 'Юань', 'Фунт стерлингов']
[2025-06-03T15:20:05.979+0000] {usd_rate_fetcher.py:53} INFO - Fetching data for date: 31/01/2020
[2025-06-03T15:20:06.037+0000] {python.py:183} INFO - Done. Returned value was: {'date': datetime.date(2020, 1, 31), 'content': [{'Фунт стерлингов': 81.8332}, {'Доллар США': 63.0359}, {'Евро': 69.4151}]}
[2025-06-03T15:20:06.068+0000] {taskinstance.py:1350} INFO - Marking task as SUCCESS. dag_id=usd_rate_fetcher, task_id=fetch_data_from_api, execution_date=20200131T000000, start_date=20250603T152005, end_date=20250603T152006
[2025-06-03T15:20:06.123+0000] {local_task_job_runner.py:225} INFO - Task exited with return code 0
[2025-06-03T15:20:06.149+0000] {taskinstance.py:2653} INFO - 1 downstream tasks scheduled from follow-on schedule check
[2025-06-03T15:27:17.687+0000] {taskinstance.py:1103} INFO - Dependencies all met for dep_context=non-requeueable deps ti=<TaskInstance: usd_rate_fetcher.fetch_data_from_api scheduled__2020-01-31T00:00:00+00:00 [queued]>
[2025-06-03T15:27:17.694+0000] {taskinstance.py:1103} INFO - Dependencies all met for dep_context=requeueable deps ti=<TaskInstance: usd_rate_fetcher.fetch_data_from_api scheduled__2020-01-31T00:00:00+00:00 [queued]>
[2025-06-03T15:27:17.695+0000] {taskinstance.py:1308} INFO - Starting attempt 1 of 3
[2025-06-03T15:27:17.709+0000] {taskinstance.py:1327} INFO - Executing <Task(_PythonDecoratedOperator): fetch_data_from_api> on 2020-01-31 00:00:00+00:00
[2025-06-03T15:27:17.716+0000] {standard_task_runner.py:57} INFO - Started process 16943 to run task
[2025-06-03T15:27:17.719+0000] {standard_task_runner.py:84} INFO - Running: ['***', 'tasks', 'run', 'usd_rate_fetcher', 'fetch_data_from_api', 'scheduled__2020-01-31T00:00:00+00:00', '--job-id', '8804', '--raw', '--subdir', 'DAGS_FOLDER/usd_rate_fetcher.py', '--cfg-path', '/tmp/tmpgtibeibo']
[2025-06-03T15:27:17.721+0000] {standard_task_runner.py:85} INFO - Job 8804: Subtask fetch_data_from_api
[2025-06-03T15:27:17.776+0000] {task_command.py:410} INFO - Running <TaskInstance: usd_rate_fetcher.fetch_data_from_api scheduled__2020-01-31T00:00:00+00:00 [running]> on host 40869fde016f
[2025-06-03T15:27:17.855+0000] {logging_mixin.py:150} WARNING - /home/***/.local/lib/python3.7/site-packages/***/utils/context.py:205 AirflowContextDeprecationWarning: Accessing 'execution_date' from the template is deprecated and will be removed in a future version. Please use 'data_interval_start' or 'logical_date' instead.
[2025-06-03T15:27:17.904+0000] {taskinstance.py:1547} INFO - Exporting env vars: AIRFLOW_CTX_DAG_OWNER='***' AIRFLOW_CTX_DAG_ID='usd_rate_fetcher' AIRFLOW_CTX_TASK_ID='fetch_data_from_api' AIRFLOW_CTX_EXECUTION_DATE='2020-01-31T00:00:00+00:00' AIRFLOW_CTX_TRY_NUMBER='1' AIRFLOW_CTX_DAG_RUN_ID='scheduled__2020-01-31T00:00:00+00:00'
[2025-06-03T15:27:17.915+0000] {usd_rate_fetcher.py:34} INFO - Переменная ['USD', 'EUR', 'HKD', 'CNY', 'GBP']
[2025-06-03T15:27:17.925+0000] {usd_rate_fetcher.py:53} INFO - Fetching data for date: 31/01/2020
[2025-06-03T15:27:17.961+0000] {python.py:183} INFO - Done. Returned value was: {'date': datetime.date(2020, 1, 31), 'content': [{'GBP': 81.8332}, {'HKD': 81.1377}, {'USD': 63.0359}, {'EUR': 69.4151}, {'CNY': 90.873}]}
[2025-06-03T15:27:17.987+0000] {taskinstance.py:1350} INFO - Marking task as SUCCESS. dag_id=usd_rate_fetcher, task_id=fetch_data_from_api, execution_date=20200131T000000, start_date=20250603T152717, end_date=20250603T152717
[2025-06-03T15:27:18.013+0000] {local_task_job_runner.py:225} INFO - Task exited with return code 0
[2025-06-03T15:27:18.036+0000] {taskinstance.py:2653} INFO - 1 downstream tasks scheduled from follow-on schedule check
