[2025-06-03T09:17:32.018+0000] {taskinstance.py:1103} INFO - Dependencies all met for dep_context=non-requeueable deps ti=<TaskInstance: usd_rate_fetcher_taskflow.fetch_data_from_api scheduled__2000-01-07T00:00:00+00:00 [queued]>
[2025-06-03T09:17:32.026+0000] {taskinstance.py:1103} INFO - Dependencies all met for dep_context=requeueable deps ti=<TaskInstance: usd_rate_fetcher_taskflow.fetch_data_from_api scheduled__2000-01-07T00:00:00+00:00 [queued]>
[2025-06-03T09:17:32.027+0000] {taskinstance.py:1308} INFO - Starting attempt 1 of 3
[2025-06-03T09:17:32.047+0000] {taskinstance.py:1327} INFO - Executing <Task(_PythonDecoratedOperator): fetch_data_from_api> on 2000-01-07 00:00:00+00:00
[2025-06-03T09:17:32.054+0000] {standard_task_runner.py:57} INFO - Started process 396 to run task
[2025-06-03T09:17:32.061+0000] {standard_task_runner.py:84} INFO - Running: ['***', 'tasks', 'run', 'usd_rate_fetcher_taskflow', 'fetch_data_from_api', 'scheduled__2000-01-07T00:00:00+00:00', '--job-id', '7399', '--raw', '--subdir', 'DAGS_FOLDER/usd_rate_fetcher.py', '--cfg-path', '/tmp/tmp_m1sfjkx']
[2025-06-03T09:17:32.063+0000] {standard_task_runner.py:85} INFO - Job 7399: Subtask fetch_data_from_api
[2025-06-03T09:17:32.153+0000] {task_command.py:410} INFO - Running <TaskInstance: usd_rate_fetcher_taskflow.fetch_data_from_api scheduled__2000-01-07T00:00:00+00:00 [running]> on host 40869fde016f
[2025-06-03T09:17:32.389+0000] {logging_mixin.py:150} WARNING - /home/***/.local/lib/python3.7/site-packages/***/utils/context.py:205 AirflowContextDeprecationWarning: Accessing 'execution_date' from the template is deprecated and will be removed in a future version. Please use 'data_interval_start' or 'logical_date' instead.
[2025-06-03T09:17:32.462+0000] {taskinstance.py:1547} INFO - Exporting env vars: AIRFLOW_CTX_DAG_OWNER='***' AIRFLOW_CTX_DAG_ID='usd_rate_fetcher_taskflow' AIRFLOW_CTX_TASK_ID='fetch_data_from_api' AIRFLOW_CTX_EXECUTION_DATE='2000-01-07T00:00:00+00:00' AIRFLOW_CTX_TRY_NUMBER='1' AIRFLOW_CTX_DAG_RUN_ID='scheduled__2000-01-07T00:00:00+00:00'
[2025-06-03T09:17:32.465+0000] {taskinstance.py:1824} ERROR - Task failed with exception
Traceback (most recent call last):
  File "/home/airflow/.local/lib/python3.7/site-packages/airflow/decorators/base.py", line 220, in execute
    return_value = super().execute(context)
  File "/home/airflow/.local/lib/python3.7/site-packages/airflow/operators/python.py", line 181, in execute
    return_value = self.execute_callable()
  File "/home/airflow/.local/lib/python3.7/site-packages/airflow/operators/python.py", line 198, in execute_callable
    return self.python_callable(*self.op_args, **self.op_kwargs)
  File "/opt/airflow/dags/usd_rate_fetcher.py", line 30, in fetch_data_from_api
    date_str = execution_date.strftime("%d/%m/%Y")
AttributeError: 'str' object has no attribute 'strftime'
[2025-06-03T09:17:32.471+0000] {taskinstance.py:1350} INFO - Marking task as UP_FOR_RETRY. dag_id=usd_rate_fetcher_taskflow, task_id=fetch_data_from_api, execution_date=20000107T000000, start_date=20250603T091732, end_date=20250603T091732
[2025-06-03T09:17:32.482+0000] {standard_task_runner.py:109} ERROR - Failed to execute job 7399 for task fetch_data_from_api ('str' object has no attribute 'strftime'; 396)
[2025-06-03T09:17:32.513+0000] {local_task_job_runner.py:225} INFO - Task exited with return code 1
[2025-06-03T09:17:32.597+0000] {taskinstance.py:2653} INFO - 0 downstream tasks scheduled from follow-on schedule check
[2025-06-03T09:34:44.322+0000] {taskinstance.py:1103} INFO - Dependencies all met for dep_context=non-requeueable deps ti=<TaskInstance: usd_rate_fetcher_taskflow.fetch_data_from_api scheduled__2000-01-07T00:00:00+00:00 [queued]>
[2025-06-03T09:34:44.339+0000] {taskinstance.py:1103} INFO - Dependencies all met for dep_context=requeueable deps ti=<TaskInstance: usd_rate_fetcher_taskflow.fetch_data_from_api scheduled__2000-01-07T00:00:00+00:00 [queued]>
[2025-06-03T09:34:44.339+0000] {taskinstance.py:1308} INFO - Starting attempt 1 of 3
[2025-06-03T09:34:44.363+0000] {taskinstance.py:1327} INFO - Executing <Task(_PythonDecoratedOperator): fetch_data_from_api> on 2000-01-07 00:00:00+00:00
[2025-06-03T09:34:44.372+0000] {standard_task_runner.py:57} INFO - Started process 9687 to run task
[2025-06-03T09:34:44.376+0000] {standard_task_runner.py:84} INFO - Running: ['***', 'tasks', 'run', 'usd_rate_fetcher_taskflow', 'fetch_data_from_api', 'scheduled__2000-01-07T00:00:00+00:00', '--job-id', '7968', '--raw', '--subdir', 'DAGS_FOLDER/usd_rate_fetcher.py', '--cfg-path', '/tmp/tmpx2cgrv5u']
[2025-06-03T09:34:44.378+0000] {standard_task_runner.py:85} INFO - Job 7968: Subtask fetch_data_from_api
[2025-06-03T09:34:44.439+0000] {task_command.py:410} INFO - Running <TaskInstance: usd_rate_fetcher_taskflow.fetch_data_from_api scheduled__2000-01-07T00:00:00+00:00 [running]> on host 40869fde016f
[2025-06-03T09:34:44.631+0000] {logging_mixin.py:150} WARNING - /home/***/.local/lib/python3.7/site-packages/***/utils/context.py:205 AirflowContextDeprecationWarning: Accessing 'execution_date' from the template is deprecated and will be removed in a future version. Please use 'data_interval_start' or 'logical_date' instead.
[2025-06-03T09:34:44.686+0000] {taskinstance.py:1547} INFO - Exporting env vars: AIRFLOW_CTX_DAG_OWNER='***' AIRFLOW_CTX_DAG_ID='usd_rate_fetcher_taskflow' AIRFLOW_CTX_TASK_ID='fetch_data_from_api' AIRFLOW_CTX_EXECUTION_DATE='2000-01-07T00:00:00+00:00' AIRFLOW_CTX_TRY_NUMBER='1' AIRFLOW_CTX_DAG_RUN_ID='scheduled__2000-01-07T00:00:00+00:00'
[2025-06-03T09:34:44.688+0000] {usd_rate_fetcher.py:34} INFO - Fetching data for date: 07/01/2000
[2025-06-03T09:34:44.748+0000] {python.py:183} INFO - Done. Returned value was: 27.23
[2025-06-03T09:34:44.786+0000] {taskinstance.py:1350} INFO - Marking task as SUCCESS. dag_id=usd_rate_fetcher_taskflow, task_id=fetch_data_from_api, execution_date=20000107T000000, start_date=20250603T093444, end_date=20250603T093444
[2025-06-03T09:34:44.827+0000] {local_task_job_runner.py:225} INFO - Task exited with return code 0
[2025-06-03T09:34:44.864+0000] {taskinstance.py:2653} INFO - 1 downstream tasks scheduled from follow-on schedule check
[2025-06-03T09:35:40.447+0000] {taskinstance.py:1103} INFO - Dependencies all met for dep_context=non-requeueable deps ti=<TaskInstance: usd_rate_fetcher_taskflow.fetch_data_from_api scheduled__2000-01-07T00:00:00+00:00 [queued]>
[2025-06-03T09:35:40.461+0000] {taskinstance.py:1103} INFO - Dependencies all met for dep_context=requeueable deps ti=<TaskInstance: usd_rate_fetcher_taskflow.fetch_data_from_api scheduled__2000-01-07T00:00:00+00:00 [queued]>
[2025-06-03T09:35:40.461+0000] {taskinstance.py:1308} INFO - Starting attempt 1 of 3
[2025-06-03T09:35:40.492+0000] {taskinstance.py:1327} INFO - Executing <Task(_PythonDecoratedOperator): fetch_data_from_api> on 2000-01-07 00:00:00+00:00
[2025-06-03T09:35:40.500+0000] {standard_task_runner.py:57} INFO - Started process 10149 to run task
[2025-06-03T09:35:40.505+0000] {standard_task_runner.py:84} INFO - Running: ['***', 'tasks', 'run', 'usd_rate_fetcher_taskflow', 'fetch_data_from_api', 'scheduled__2000-01-07T00:00:00+00:00', '--job-id', '7997', '--raw', '--subdir', 'DAGS_FOLDER/usd_rate_fetcher.py', '--cfg-path', '/tmp/tmpu846jdcs']
[2025-06-03T09:35:40.507+0000] {standard_task_runner.py:85} INFO - Job 7997: Subtask fetch_data_from_api
[2025-06-03T09:35:40.571+0000] {task_command.py:410} INFO - Running <TaskInstance: usd_rate_fetcher_taskflow.fetch_data_from_api scheduled__2000-01-07T00:00:00+00:00 [running]> on host 40869fde016f
[2025-06-03T09:35:40.825+0000] {logging_mixin.py:150} WARNING - /home/***/.local/lib/python3.7/site-packages/***/utils/context.py:205 AirflowContextDeprecationWarning: Accessing 'execution_date' from the template is deprecated and will be removed in a future version. Please use 'data_interval_start' or 'logical_date' instead.
[2025-06-03T09:35:40.894+0000] {taskinstance.py:1547} INFO - Exporting env vars: AIRFLOW_CTX_DAG_OWNER='***' AIRFLOW_CTX_DAG_ID='usd_rate_fetcher_taskflow' AIRFLOW_CTX_TASK_ID='fetch_data_from_api' AIRFLOW_CTX_EXECUTION_DATE='2000-01-07T00:00:00+00:00' AIRFLOW_CTX_TRY_NUMBER='1' AIRFLOW_CTX_DAG_RUN_ID='scheduled__2000-01-07T00:00:00+00:00'
[2025-06-03T09:35:40.897+0000] {usd_rate_fetcher.py:34} INFO - Fetching data for date: 07/01/2000
[2025-06-03T09:35:40.968+0000] {python.py:183} INFO - Done. Returned value was: 27.23
[2025-06-03T09:35:40.999+0000] {taskinstance.py:1350} INFO - Marking task as SUCCESS. dag_id=usd_rate_fetcher_taskflow, task_id=fetch_data_from_api, execution_date=20000107T000000, start_date=20250603T093540, end_date=20250603T093540
[2025-06-03T09:35:41.079+0000] {local_task_job_runner.py:225} INFO - Task exited with return code 0
[2025-06-03T09:35:41.134+0000] {taskinstance.py:2653} INFO - 1 downstream tasks scheduled from follow-on schedule check
