[2025-06-03T09:27:07.658+0000] {taskinstance.py:1103} INFO - Dependencies all met for dep_context=non-requeueable deps ti=<TaskInstance: usd_rate_fetcher_taskflow.fetch_data_from_api scheduled__2000-02-22T00:00:00+00:00 [queued]>
[2025-06-03T09:27:07.669+0000] {taskinstance.py:1103} INFO - Dependencies all met for dep_context=requeueable deps ti=<TaskInstance: usd_rate_fetcher_taskflow.fetch_data_from_api scheduled__2000-02-22T00:00:00+00:00 [queued]>
[2025-06-03T09:27:07.669+0000] {taskinstance.py:1308} INFO - Starting attempt 3 of 3
[2025-06-03T09:27:07.695+0000] {taskinstance.py:1327} INFO - Executing <Task(_PythonDecoratedOperator): fetch_data_from_api> on 2000-02-22 00:00:00+00:00
[2025-06-03T09:27:07.703+0000] {standard_task_runner.py:57} INFO - Started process 3516 to run task
[2025-06-03T09:27:07.709+0000] {standard_task_runner.py:84} INFO - Running: ['***', 'tasks', 'run', 'usd_rate_fetcher_taskflow', 'fetch_data_from_api', 'scheduled__2000-02-22T00:00:00+00:00', '--job-id', '7570', '--raw', '--subdir', 'DAGS_FOLDER/usd_rate_fetcher.py', '--cfg-path', '/tmp/tmp93a1drj0']
[2025-06-03T09:27:07.711+0000] {standard_task_runner.py:85} INFO - Job 7570: Subtask fetch_data_from_api
[2025-06-03T09:27:07.837+0000] {task_command.py:410} INFO - Running <TaskInstance: usd_rate_fetcher_taskflow.fetch_data_from_api scheduled__2000-02-22T00:00:00+00:00 [running]> on host 40869fde016f
[2025-06-03T09:27:08.190+0000] {logging_mixin.py:150} WARNING - /home/***/.local/lib/python3.7/site-packages/***/utils/context.py:205 AirflowContextDeprecationWarning: Accessing 'execution_date' from the template is deprecated and will be removed in a future version. Please use 'data_interval_start' or 'logical_date' instead.
[2025-06-03T09:27:08.271+0000] {taskinstance.py:1547} INFO - Exporting env vars: AIRFLOW_CTX_DAG_OWNER='***' AIRFLOW_CTX_DAG_ID='usd_rate_fetcher_taskflow' AIRFLOW_CTX_TASK_ID='fetch_data_from_api' AIRFLOW_CTX_EXECUTION_DATE='2000-02-22T00:00:00+00:00' AIRFLOW_CTX_TRY_NUMBER='3' AIRFLOW_CTX_DAG_RUN_ID='scheduled__2000-02-22T00:00:00+00:00'
[2025-06-03T09:27:08.272+0000] {usd_rate_fetcher.py:31} INFO - 2000-02-22T00:00:00+00:00 type <class 'str'>
[2025-06-03T09:27:08.272+0000] {taskinstance.py:1824} ERROR - Task failed with exception
Traceback (most recent call last):
  File "/home/airflow/.local/lib/python3.7/site-packages/airflow/decorators/base.py", line 220, in execute
    return_value = super().execute(context)
  File "/home/airflow/.local/lib/python3.7/site-packages/airflow/operators/python.py", line 181, in execute
    return_value = self.execute_callable()
  File "/home/airflow/.local/lib/python3.7/site-packages/airflow/operators/python.py", line 198, in execute_callable
    return self.python_callable(*self.op_args, **self.op_kwargs)
  File "/opt/airflow/dags/usd_rate_fetcher.py", line 33, in fetch_data_from_api
    date_str = execution_date.strftime("%d/%m/%Y")
AttributeError: 'str' object has no attribute 'strftime'
[2025-06-03T09:27:08.283+0000] {taskinstance.py:1350} INFO - Marking task as FAILED. dag_id=usd_rate_fetcher_taskflow, task_id=fetch_data_from_api, execution_date=20000222T000000, start_date=20250603T092707, end_date=20250603T092708
[2025-06-03T09:27:08.296+0000] {standard_task_runner.py:109} ERROR - Failed to execute job 7570 for task fetch_data_from_api ('str' object has no attribute 'strftime'; 3516)
[2025-06-03T09:27:08.340+0000] {local_task_job_runner.py:225} INFO - Task exited with return code 1
[2025-06-03T09:27:08.399+0000] {taskinstance.py:2653} INFO - 0 downstream tasks scheduled from follow-on schedule check
