[2025-06-03T15:20:15.425+0000] {taskinstance.py:1103} INFO - Dependencies all met for dep_context=non-requeueable deps ti=<TaskInstance: usd_rate_fetcher.fetch_data_from_api scheduled__2020-03-01T00:00:00+00:00 [queued]>
[2025-06-03T15:20:15.433+0000] {taskinstance.py:1103} INFO - Dependencies all met for dep_context=requeueable deps ti=<TaskInstance: usd_rate_fetcher.fetch_data_from_api scheduled__2020-03-01T00:00:00+00:00 [queued]>
[2025-06-03T15:20:15.433+0000] {taskinstance.py:1308} INFO - Starting attempt 1 of 3
[2025-06-03T15:20:15.461+0000] {taskinstance.py:1327} INFO - Executing <Task(_PythonDecoratedOperator): fetch_data_from_api> on 2020-03-01 00:00:00+00:00
[2025-06-03T15:20:15.468+0000] {standard_task_runner.py:57} INFO - Started process 15303 to run task
[2025-06-03T15:20:15.471+0000] {standard_task_runner.py:84} INFO - Running: ['***', 'tasks', 'run', 'usd_rate_fetcher', 'fetch_data_from_api', 'scheduled__2020-03-01T00:00:00+00:00', '--job-id', '8711', '--raw', '--subdir', 'DAGS_FOLDER/usd_rate_fetcher.py', '--cfg-path', '/tmp/tmpigpncnp9']
[2025-06-03T15:20:15.473+0000] {standard_task_runner.py:85} INFO - Job 8711: Subtask fetch_data_from_api
[2025-06-03T15:20:15.515+0000] {task_command.py:410} INFO - Running <TaskInstance: usd_rate_fetcher.fetch_data_from_api scheduled__2020-03-01T00:00:00+00:00 [running]> on host 40869fde016f
[2025-06-03T15:20:15.691+0000] {logging_mixin.py:150} WARNING - /home/***/.local/lib/python3.7/site-packages/***/utils/context.py:205 AirflowContextDeprecationWarning: Accessing 'execution_date' from the template is deprecated and will be removed in a future version. Please use 'data_interval_start' or 'logical_date' instead.
[2025-06-03T15:20:15.720+0000] {taskinstance.py:1547} INFO - Exporting env vars: AIRFLOW_CTX_DAG_OWNER='***' AIRFLOW_CTX_DAG_ID='usd_rate_fetcher' AIRFLOW_CTX_TASK_ID='fetch_data_from_api' AIRFLOW_CTX_EXECUTION_DATE='2020-03-01T00:00:00+00:00' AIRFLOW_CTX_TRY_NUMBER='1' AIRFLOW_CTX_DAG_RUN_ID='scheduled__2020-03-01T00:00:00+00:00'
[2025-06-03T15:20:15.726+0000] {usd_rate_fetcher.py:34} INFO - Переменная ['Доллар США', 'Евро', 'Гонконгский доллар', 'Юань', 'Фунт стерлингов']
[2025-06-03T15:20:15.730+0000] {usd_rate_fetcher.py:53} INFO - Fetching data for date: 01/03/2020
[2025-06-03T15:20:15.785+0000] {python.py:183} INFO - Done. Returned value was: {'date': datetime.date(2020, 3, 1), 'content': [{'Фунт стерлингов': 86.2307}, {'Доллар США': 66.9909}, {'Евро': 73.7235}]}
[2025-06-03T15:20:15.803+0000] {taskinstance.py:1350} INFO - Marking task as SUCCESS. dag_id=usd_rate_fetcher, task_id=fetch_data_from_api, execution_date=20200301T000000, start_date=20250603T152015, end_date=20250603T152015
[2025-06-03T15:20:15.845+0000] {local_task_job_runner.py:225} INFO - Task exited with return code 0
[2025-06-03T15:20:15.862+0000] {taskinstance.py:2653} INFO - 1 downstream tasks scheduled from follow-on schedule check
[2025-06-03T15:29:35.471+0000] {taskinstance.py:1103} INFO - Dependencies all met for dep_context=non-requeueable deps ti=<TaskInstance: usd_rate_fetcher.fetch_data_from_api scheduled__2020-03-01T00:00:00+00:00 [queued]>
[2025-06-03T15:29:35.480+0000] {taskinstance.py:1103} INFO - Dependencies all met for dep_context=requeueable deps ti=<TaskInstance: usd_rate_fetcher.fetch_data_from_api scheduled__2020-03-01T00:00:00+00:00 [queued]>
[2025-06-03T15:29:35.481+0000] {taskinstance.py:1308} INFO - Starting attempt 1 of 3
[2025-06-03T15:29:35.498+0000] {taskinstance.py:1327} INFO - Executing <Task(_PythonDecoratedOperator): fetch_data_from_api> on 2020-03-01 00:00:00+00:00
[2025-06-03T15:29:35.508+0000] {standard_task_runner.py:57} INFO - Started process 17851 to run task
[2025-06-03T15:29:35.528+0000] {standard_task_runner.py:84} INFO - Running: ['***', 'tasks', 'run', 'usd_rate_fetcher', 'fetch_data_from_api', 'scheduled__2020-03-01T00:00:00+00:00', '--job-id', '8861', '--raw', '--subdir', 'DAGS_FOLDER/usd_rate_fetcher.py', '--cfg-path', '/tmp/tmpd9qb9ide']
[2025-06-03T15:29:35.531+0000] {standard_task_runner.py:85} INFO - Job 8861: Subtask fetch_data_from_api
[2025-06-03T15:29:35.619+0000] {task_command.py:410} INFO - Running <TaskInstance: usd_rate_fetcher.fetch_data_from_api scheduled__2020-03-01T00:00:00+00:00 [running]> on host 40869fde016f
[2025-06-03T15:29:35.689+0000] {logging_mixin.py:150} WARNING - /home/***/.local/lib/python3.7/site-packages/***/utils/context.py:205 AirflowContextDeprecationWarning: Accessing 'execution_date' from the template is deprecated and will be removed in a future version. Please use 'data_interval_start' or 'logical_date' instead.
[2025-06-03T15:29:35.752+0000] {taskinstance.py:1547} INFO - Exporting env vars: AIRFLOW_CTX_DAG_OWNER='***' AIRFLOW_CTX_DAG_ID='usd_rate_fetcher' AIRFLOW_CTX_TASK_ID='fetch_data_from_api' AIRFLOW_CTX_EXECUTION_DATE='2020-03-01T00:00:00+00:00' AIRFLOW_CTX_TRY_NUMBER='1' AIRFLOW_CTX_DAG_RUN_ID='scheduled__2020-03-01T00:00:00+00:00'
[2025-06-03T15:29:35.760+0000] {usd_rate_fetcher.py:34} INFO - Переменная ['USD', 'EUR', 'HKD', 'CNY', 'GBP']
[2025-06-03T15:29:35.767+0000] {usd_rate_fetcher.py:53} INFO - Fetching data for date: 01/03/2020
[2025-06-03T15:29:35.814+0000] {python.py:183} INFO - Done. Returned value was: {'date': datetime.date(2020, 3, 1), 'content': [{'GBP': 86.2307}, {'HKD': 85.9508}, {'USD': 66.9909}, {'EUR': 73.7235}, {'CNY': 95.8341}]}
[2025-06-03T15:29:35.862+0000] {taskinstance.py:1350} INFO - Marking task as SUCCESS. dag_id=usd_rate_fetcher, task_id=fetch_data_from_api, execution_date=20200301T000000, start_date=20250603T152935, end_date=20250603T152935
[2025-06-03T15:29:35.926+0000] {local_task_job_runner.py:225} INFO - Task exited with return code 0
[2025-06-03T15:29:35.992+0000] {taskinstance.py:2653} INFO - 0 downstream tasks scheduled from follow-on schedule check
