[2025-06-03T15:20:13.429+0000] {taskinstance.py:1103} INFO - Dependencies all met for dep_context=non-requeueable deps ti=<TaskInstance: usd_rate_fetcher.fetch_data_from_api scheduled__2020-02-21T00:00:00+00:00 [queued]>
[2025-06-03T15:20:13.437+0000] {taskinstance.py:1103} INFO - Dependencies all met for dep_context=requeueable deps ti=<TaskInstance: usd_rate_fetcher.fetch_data_from_api scheduled__2020-02-21T00:00:00+00:00 [queued]>
[2025-06-03T15:20:13.438+0000] {taskinstance.py:1308} INFO - Starting attempt 1 of 3
[2025-06-03T15:20:13.458+0000] {taskinstance.py:1327} INFO - Executing <Task(_PythonDecoratedOperator): fetch_data_from_api> on 2020-02-21 00:00:00+00:00
[2025-06-03T15:20:13.465+0000] {standard_task_runner.py:57} INFO - Started process 15082 to run task
[2025-06-03T15:20:13.478+0000] {standard_task_runner.py:84} INFO - Running: ['***', 'tasks', 'run', 'usd_rate_fetcher', 'fetch_data_from_api', 'scheduled__2020-02-21T00:00:00+00:00', '--job-id', '8696', '--raw', '--subdir', 'DAGS_FOLDER/usd_rate_fetcher.py', '--cfg-path', '/tmp/tmpaf6x0xho']
[2025-06-03T15:20:13.480+0000] {standard_task_runner.py:85} INFO - Job 8696: Subtask fetch_data_from_api
[2025-06-03T15:20:13.545+0000] {task_command.py:410} INFO - Running <TaskInstance: usd_rate_fetcher.fetch_data_from_api scheduled__2020-02-21T00:00:00+00:00 [running]> on host 40869fde016f
[2025-06-03T15:20:13.839+0000] {logging_mixin.py:150} WARNING - /home/***/.local/lib/python3.7/site-packages/***/utils/context.py:205 AirflowContextDeprecationWarning: Accessing 'execution_date' from the template is deprecated and will be removed in a future version. Please use 'data_interval_start' or 'logical_date' instead.
[2025-06-03T15:20:13.929+0000] {taskinstance.py:1547} INFO - Exporting env vars: AIRFLOW_CTX_DAG_OWNER='***' AIRFLOW_CTX_DAG_ID='usd_rate_fetcher' AIRFLOW_CTX_TASK_ID='fetch_data_from_api' AIRFLOW_CTX_EXECUTION_DATE='2020-02-21T00:00:00+00:00' AIRFLOW_CTX_TRY_NUMBER='1' AIRFLOW_CTX_DAG_RUN_ID='scheduled__2020-02-21T00:00:00+00:00'
[2025-06-03T15:20:13.941+0000] {usd_rate_fetcher.py:34} INFO - Переменная ['Доллар США', 'Евро', 'Гонконгский доллар', 'Юань', 'Фунт стерлингов']
[2025-06-03T15:20:13.984+0000] {usd_rate_fetcher.py:53} INFO - Fetching data for date: 21/02/2020
[2025-06-03T15:20:14.105+0000] {python.py:183} INFO - Done. Returned value was: {'date': datetime.date(2020, 2, 21), 'content': [{'Фунт стерлингов': 82.2263}, {'Доллар США': 63.7413}, {'Евро': 68.7705}]}
[2025-06-03T15:20:14.137+0000] {taskinstance.py:1350} INFO - Marking task as SUCCESS. dag_id=usd_rate_fetcher, task_id=fetch_data_from_api, execution_date=20200221T000000, start_date=20250603T152013, end_date=20250603T152014
[2025-06-03T15:20:14.210+0000] {local_task_job_runner.py:225} INFO - Task exited with return code 0
[2025-06-03T15:20:14.467+0000] {taskinstance.py:2653} INFO - 0 downstream tasks scheduled from follow-on schedule check
[2025-06-03T15:27:28.797+0000] {taskinstance.py:1103} INFO - Dependencies all met for dep_context=non-requeueable deps ti=<TaskInstance: usd_rate_fetcher.fetch_data_from_api scheduled__2020-02-21T00:00:00+00:00 [queued]>
[2025-06-03T15:27:28.807+0000] {taskinstance.py:1103} INFO - Dependencies all met for dep_context=requeueable deps ti=<TaskInstance: usd_rate_fetcher.fetch_data_from_api scheduled__2020-02-21T00:00:00+00:00 [queued]>
[2025-06-03T15:27:28.807+0000] {taskinstance.py:1308} INFO - Starting attempt 1 of 3
[2025-06-03T15:27:28.823+0000] {taskinstance.py:1327} INFO - Executing <Task(_PythonDecoratedOperator): fetch_data_from_api> on 2020-02-21 00:00:00+00:00
[2025-06-03T15:27:28.828+0000] {standard_task_runner.py:57} INFO - Started process 17593 to run task
[2025-06-03T15:27:28.831+0000] {standard_task_runner.py:84} INFO - Running: ['***', 'tasks', 'run', 'usd_rate_fetcher', 'fetch_data_from_api', 'scheduled__2020-02-21T00:00:00+00:00', '--job-id', '8852', '--raw', '--subdir', 'DAGS_FOLDER/usd_rate_fetcher.py', '--cfg-path', '/tmp/tmpkk5opm5v']
[2025-06-03T15:27:28.832+0000] {standard_task_runner.py:85} INFO - Job 8852: Subtask fetch_data_from_api
[2025-06-03T15:27:28.871+0000] {task_command.py:410} INFO - Running <TaskInstance: usd_rate_fetcher.fetch_data_from_api scheduled__2020-02-21T00:00:00+00:00 [running]> on host 40869fde016f
[2025-06-03T15:27:29.035+0000] {logging_mixin.py:150} WARNING - /home/***/.local/lib/python3.7/site-packages/***/utils/context.py:205 AirflowContextDeprecationWarning: Accessing 'execution_date' from the template is deprecated and will be removed in a future version. Please use 'data_interval_start' or 'logical_date' instead.
[2025-06-03T15:27:29.065+0000] {taskinstance.py:1547} INFO - Exporting env vars: AIRFLOW_CTX_DAG_OWNER='***' AIRFLOW_CTX_DAG_ID='usd_rate_fetcher' AIRFLOW_CTX_TASK_ID='fetch_data_from_api' AIRFLOW_CTX_EXECUTION_DATE='2020-02-21T00:00:00+00:00' AIRFLOW_CTX_TRY_NUMBER='1' AIRFLOW_CTX_DAG_RUN_ID='scheduled__2020-02-21T00:00:00+00:00'
[2025-06-03T15:27:29.072+0000] {usd_rate_fetcher.py:34} INFO - Переменная ['USD', 'EUR', 'HKD', 'CNY', 'GBP']
[2025-06-03T15:27:29.077+0000] {usd_rate_fetcher.py:53} INFO - Fetching data for date: 21/02/2020
[2025-06-03T15:27:29.116+0000] {python.py:183} INFO - Done. Returned value was: {'date': datetime.date(2020, 2, 21), 'content': [{'GBP': 82.2263}, {'HKD': 81.9602}, {'USD': 63.7413}, {'EUR': 68.7705}, {'CNY': 90.8488}]}
[2025-06-03T15:27:29.133+0000] {taskinstance.py:1350} INFO - Marking task as SUCCESS. dag_id=usd_rate_fetcher, task_id=fetch_data_from_api, execution_date=20200221T000000, start_date=20250603T152728, end_date=20250603T152729
[2025-06-03T15:27:29.164+0000] {local_task_job_runner.py:225} INFO - Task exited with return code 0
[2025-06-03T15:27:29.180+0000] {taskinstance.py:2653} INFO - 1 downstream tasks scheduled from follow-on schedule check
