[2025-06-03T15:29:44.797+0000] {taskinstance.py:1103} INFO - Dependencies all met for dep_context=non-requeueable deps ti=<TaskInstance: usd_rate_fetcher.save_data_to_db scheduled__2020-03-25T00:00:00+00:00 [queued]>
[2025-06-03T15:29:44.804+0000] {taskinstance.py:1103} INFO - Dependencies all met for dep_context=requeueable deps ti=<TaskInstance: usd_rate_fetcher.save_data_to_db scheduled__2020-03-25T00:00:00+00:00 [queued]>
[2025-06-03T15:29:44.805+0000] {taskinstance.py:1308} INFO - Starting attempt 1 of 3
[2025-06-03T15:29:44.816+0000] {taskinstance.py:1327} INFO - Executing <Task(_PythonDecoratedOperator): save_data_to_db> on 2020-03-25 00:00:00+00:00
[2025-06-03T15:29:44.822+0000] {standard_task_runner.py:57} INFO - Started process 18556 to run task
[2025-06-03T15:29:44.824+0000] {standard_task_runner.py:84} INFO - Running: ['***', 'tasks', 'run', 'usd_rate_fetcher', 'save_data_to_db', 'scheduled__2020-03-25T00:00:00+00:00', '--job-id', '8916', '--raw', '--subdir', 'DAGS_FOLDER/usd_rate_fetcher.py', '--cfg-path', '/tmp/tmp6hzb5cw1']
[2025-06-03T15:29:44.826+0000] {standard_task_runner.py:85} INFO - Job 8916: Subtask save_data_to_db
[2025-06-03T15:29:44.865+0000] {task_command.py:410} INFO - Running <TaskInstance: usd_rate_fetcher.save_data_to_db scheduled__2020-03-25T00:00:00+00:00 [running]> on host 40869fde016f
[2025-06-03T15:29:45.037+0000] {logging_mixin.py:150} WARNING - /home/***/.local/lib/python3.7/site-packages/***/utils/context.py:205 AirflowContextDeprecationWarning: Accessing 'execution_date' from the template is deprecated and will be removed in a future version. Please use 'data_interval_start' or 'logical_date' instead.
[2025-06-03T15:29:45.067+0000] {taskinstance.py:1547} INFO - Exporting env vars: AIRFLOW_CTX_DAG_OWNER='***' AIRFLOW_CTX_DAG_ID='usd_rate_fetcher' AIRFLOW_CTX_TASK_ID='save_data_to_db' AIRFLOW_CTX_EXECUTION_DATE='2020-03-25T00:00:00+00:00' AIRFLOW_CTX_TRY_NUMBER='1' AIRFLOW_CTX_DAG_RUN_ID='scheduled__2020-03-25T00:00:00+00:00'
[2025-06-03T15:29:45.068+0000] {usd_rate_fetcher.py:80} INFO - Received USD rate: {'date': datetime.date(2020, 3, 25), 'content': [{'GBP': 91.82}, {'HKD': 10.1674}, {'USD': 78.8493}, {'EUR': 85.4253}, {'CNY': 11.1405}]} for date 2020-03-25
[2025-06-03T15:29:45.073+0000] {base.py:73} INFO - Using connection ID 'pg_database' for task execution.
[2025-06-03T15:29:45.077+0000] {usd_rate_fetcher.py:103} INFO - Saved 91.82 for GBP on 2020-03-25
[2025-06-03T15:29:45.078+0000] {usd_rate_fetcher.py:103} INFO - Saved 10.17 for HKD on 2020-03-25
[2025-06-03T15:29:45.078+0000] {usd_rate_fetcher.py:103} INFO - Saved 78.85 for USD on 2020-03-25
[2025-06-03T15:29:45.079+0000] {usd_rate_fetcher.py:103} INFO - Saved 85.43 for EUR on 2020-03-25
[2025-06-03T15:29:45.079+0000] {usd_rate_fetcher.py:103} INFO - Saved 11.14 for CNY on 2020-03-25
[2025-06-03T15:29:45.080+0000] {python.py:183} INFO - Done. Returned value was: None
[2025-06-03T15:29:45.087+0000] {taskinstance.py:1350} INFO - Marking task as SUCCESS. dag_id=usd_rate_fetcher, task_id=save_data_to_db, execution_date=20200325T000000, start_date=20250603T152944, end_date=20250603T152945
[2025-06-03T15:29:45.119+0000] {local_task_job_runner.py:225} INFO - Task exited with return code 0
[2025-06-03T15:29:45.177+0000] {taskinstance.py:2653} INFO - 0 downstream tasks scheduled from follow-on schedule check
