[2025-06-03T09:34:45.990+0000] {taskinstance.py:1103} INFO - Dependencies all met for dep_context=non-requeueable deps ti=<TaskInstance: usd_rate_fetcher_taskflow.save_data_to_db scheduled__2000-01-05T00:00:00+00:00 [queued]>
[2025-06-03T09:34:46.001+0000] {taskinstance.py:1103} INFO - Dependencies all met for dep_context=requeueable deps ti=<TaskInstance: usd_rate_fetcher_taskflow.save_data_to_db scheduled__2000-01-05T00:00:00+00:00 [queued]>
[2025-06-03T09:34:46.002+0000] {taskinstance.py:1308} INFO - Starting attempt 1 of 3
[2025-06-03T09:34:46.036+0000] {taskinstance.py:1327} INFO - Executing <Task(_PythonDecoratedOperator): save_data_to_db> on 2000-01-05 00:00:00+00:00
[2025-06-03T09:34:46.058+0000] {standard_task_runner.py:57} INFO - Started process 9883 to run task
[2025-06-03T09:34:46.062+0000] {standard_task_runner.py:84} INFO - Running: ['***', 'tasks', 'run', 'usd_rate_fetcher_taskflow', 'save_data_to_db', 'scheduled__2000-01-05T00:00:00+00:00', '--job-id', '7980', '--raw', '--subdir', 'DAGS_FOLDER/usd_rate_fetcher.py', '--cfg-path', '/tmp/tmpjsnzuc5d']
[2025-06-03T09:34:46.066+0000] {standard_task_runner.py:85} INFO - Job 7980: Subtask save_data_to_db
[2025-06-03T09:34:46.156+0000] {task_command.py:410} INFO - Running <TaskInstance: usd_rate_fetcher_taskflow.save_data_to_db scheduled__2000-01-05T00:00:00+00:00 [running]> on host 40869fde016f
[2025-06-03T09:34:46.269+0000] {logging_mixin.py:150} WARNING - /home/***/.local/lib/python3.7/site-packages/***/utils/context.py:205 AirflowContextDeprecationWarning: Accessing 'execution_date' from the template is deprecated and will be removed in a future version. Please use 'data_interval_start' or 'logical_date' instead.
[2025-06-03T09:34:46.374+0000] {taskinstance.py:1547} INFO - Exporting env vars: AIRFLOW_CTX_DAG_OWNER='***' AIRFLOW_CTX_DAG_ID='usd_rate_fetcher_taskflow' AIRFLOW_CTX_TASK_ID='save_data_to_db' AIRFLOW_CTX_EXECUTION_DATE='2000-01-05T00:00:00+00:00' AIRFLOW_CTX_TRY_NUMBER='1' AIRFLOW_CTX_DAG_RUN_ID='scheduled__2000-01-05T00:00:00+00:00'
[2025-06-03T09:34:46.375+0000] {usd_rate_fetcher.py:51} INFO - Received USD rate: 27.0 for date 2000-01-05
[2025-06-03T09:34:46.436+0000] {base.py:73} INFO - Using connection ID 'pg_database' for task execution.
[2025-06-03T09:34:46.440+0000] {usd_rate_fetcher.py:62} WARNING - Rate already exists for date 2000-01-05
[2025-06-03T09:34:46.442+0000] {python.py:183} INFO - Done. Returned value was: None
[2025-06-03T09:34:46.459+0000] {taskinstance.py:1350} INFO - Marking task as SUCCESS. dag_id=usd_rate_fetcher_taskflow, task_id=save_data_to_db, execution_date=20000105T000000, start_date=20250603T093445, end_date=20250603T093446
[2025-06-03T09:34:46.481+0000] {local_task_job_runner.py:225} INFO - Task exited with return code 0
[2025-06-03T09:34:46.509+0000] {taskinstance.py:2653} INFO - 0 downstream tasks scheduled from follow-on schedule check
[2025-06-03T09:35:42.168+0000] {taskinstance.py:1103} INFO - Dependencies all met for dep_context=non-requeueable deps ti=<TaskInstance: usd_rate_fetcher_taskflow.save_data_to_db scheduled__2000-01-05T00:00:00+00:00 [queued]>
[2025-06-03T09:35:42.192+0000] {taskinstance.py:1103} INFO - Dependencies all met for dep_context=requeueable deps ti=<TaskInstance: usd_rate_fetcher_taskflow.save_data_to_db scheduled__2000-01-05T00:00:00+00:00 [queued]>
[2025-06-03T09:35:42.192+0000] {taskinstance.py:1308} INFO - Starting attempt 1 of 3
[2025-06-03T09:35:42.340+0000] {taskinstance.py:1327} INFO - Executing <Task(_PythonDecoratedOperator): save_data_to_db> on 2000-01-05 00:00:00+00:00
[2025-06-03T09:35:42.349+0000] {standard_task_runner.py:57} INFO - Started process 10347 to run task
[2025-06-03T09:35:42.368+0000] {standard_task_runner.py:84} INFO - Running: ['***', 'tasks', 'run', 'usd_rate_fetcher_taskflow', 'save_data_to_db', 'scheduled__2000-01-05T00:00:00+00:00', '--job-id', '8007', '--raw', '--subdir', 'DAGS_FOLDER/usd_rate_fetcher.py', '--cfg-path', '/tmp/tmpvi0b63fv']
[2025-06-03T09:35:42.369+0000] {standard_task_runner.py:85} INFO - Job 8007: Subtask save_data_to_db
[2025-06-03T09:35:42.435+0000] {task_command.py:410} INFO - Running <TaskInstance: usd_rate_fetcher_taskflow.save_data_to_db scheduled__2000-01-05T00:00:00+00:00 [running]> on host 40869fde016f
[2025-06-03T09:35:42.681+0000] {logging_mixin.py:150} WARNING - /home/***/.local/lib/python3.7/site-packages/***/utils/context.py:205 AirflowContextDeprecationWarning: Accessing 'execution_date' from the template is deprecated and will be removed in a future version. Please use 'data_interval_start' or 'logical_date' instead.
[2025-06-03T09:35:42.725+0000] {taskinstance.py:1547} INFO - Exporting env vars: AIRFLOW_CTX_DAG_OWNER='***' AIRFLOW_CTX_DAG_ID='usd_rate_fetcher_taskflow' AIRFLOW_CTX_TASK_ID='save_data_to_db' AIRFLOW_CTX_EXECUTION_DATE='2000-01-05T00:00:00+00:00' AIRFLOW_CTX_TRY_NUMBER='1' AIRFLOW_CTX_DAG_RUN_ID='scheduled__2000-01-05T00:00:00+00:00'
[2025-06-03T09:35:42.726+0000] {usd_rate_fetcher.py:51} INFO - Received USD rate: 27.0 for date 2000-01-05
[2025-06-03T09:35:42.735+0000] {base.py:73} INFO - Using connection ID 'pg_database' for task execution.
[2025-06-03T09:35:42.741+0000] {usd_rate_fetcher.py:68} INFO - Saving exchange rate 27.00 for date 2000-01-05
[2025-06-03T09:35:42.743+0000] {python.py:183} INFO - Done. Returned value was: None
[2025-06-03T09:35:42.757+0000] {taskinstance.py:1350} INFO - Marking task as SUCCESS. dag_id=usd_rate_fetcher_taskflow, task_id=save_data_to_db, execution_date=20000105T000000, start_date=20250603T093542, end_date=20250603T093542
[2025-06-03T09:35:42.824+0000] {local_task_job_runner.py:225} INFO - Task exited with return code 0
[2025-06-03T09:35:42.852+0000] {taskinstance.py:2653} INFO - 0 downstream tasks scheduled from follow-on schedule check
