[2025-06-03T15:20:13.412+0000] {taskinstance.py:1103} INFO - Dependencies all met for dep_context=non-requeueable deps ti=<TaskInstance: usd_rate_fetcher.fetch_data_from_api scheduled__2020-02-20T00:00:00+00:00 [queued]>
[2025-06-03T15:20:13.420+0000] {taskinstance.py:1103} INFO - Dependencies all met for dep_context=requeueable deps ti=<TaskInstance: usd_rate_fetcher.fetch_data_from_api scheduled__2020-02-20T00:00:00+00:00 [queued]>
[2025-06-03T15:20:13.420+0000] {taskinstance.py:1308} INFO - Starting attempt 1 of 3
[2025-06-03T15:20:13.436+0000] {taskinstance.py:1327} INFO - Executing <Task(_PythonDecoratedOperator): fetch_data_from_api> on 2020-02-20 00:00:00+00:00
[2025-06-03T15:20:13.444+0000] {standard_task_runner.py:57} INFO - Started process 15081 to run task
[2025-06-03T15:20:13.447+0000] {standard_task_runner.py:84} INFO - Running: ['***', 'tasks', 'run', 'usd_rate_fetcher', 'fetch_data_from_api', 'scheduled__2020-02-20T00:00:00+00:00', '--job-id', '8695', '--raw', '--subdir', 'DAGS_FOLDER/usd_rate_fetcher.py', '--cfg-path', '/tmp/tmpxvpou9ld']
[2025-06-03T15:20:13.450+0000] {standard_task_runner.py:85} INFO - Job 8695: Subtask fetch_data_from_api
[2025-06-03T15:20:13.509+0000] {task_command.py:410} INFO - Running <TaskInstance: usd_rate_fetcher.fetch_data_from_api scheduled__2020-02-20T00:00:00+00:00 [running]> on host 40869fde016f
[2025-06-03T15:20:13.874+0000] {logging_mixin.py:150} WARNING - /home/***/.local/lib/python3.7/site-packages/***/utils/context.py:205 AirflowContextDeprecationWarning: Accessing 'execution_date' from the template is deprecated and will be removed in a future version. Please use 'data_interval_start' or 'logical_date' instead.
[2025-06-03T15:20:13.937+0000] {taskinstance.py:1547} INFO - Exporting env vars: AIRFLOW_CTX_DAG_OWNER='***' AIRFLOW_CTX_DAG_ID='usd_rate_fetcher' AIRFLOW_CTX_TASK_ID='fetch_data_from_api' AIRFLOW_CTX_EXECUTION_DATE='2020-02-20T00:00:00+00:00' AIRFLOW_CTX_TRY_NUMBER='1' AIRFLOW_CTX_DAG_RUN_ID='scheduled__2020-02-20T00:00:00+00:00'
[2025-06-03T15:20:13.968+0000] {usd_rate_fetcher.py:34} INFO - Переменная ['Доллар США', 'Евро', 'Гонконгский доллар', 'Юань', 'Фунт стерлингов']
[2025-06-03T15:20:13.987+0000] {usd_rate_fetcher.py:53} INFO - Fetching data for date: 20/02/2020
[2025-06-03T15:20:14.042+0000] {python.py:183} INFO - Done. Returned value was: {'date': datetime.date(2020, 2, 20), 'content': [{'Фунт стерлингов': 82.8827}, {'Доллар США': 63.6873}, {'Евро': 68.7823}]}
[2025-06-03T15:20:14.093+0000] {taskinstance.py:1350} INFO - Marking task as SUCCESS. dag_id=usd_rate_fetcher, task_id=fetch_data_from_api, execution_date=20200220T000000, start_date=20250603T152013, end_date=20250603T152014
[2025-06-03T15:20:14.152+0000] {local_task_job_runner.py:225} INFO - Task exited with return code 0
[2025-06-03T15:20:14.190+0000] {taskinstance.py:2653} INFO - 1 downstream tasks scheduled from follow-on schedule check
[2025-06-03T15:27:28.628+0000] {taskinstance.py:1103} INFO - Dependencies all met for dep_context=non-requeueable deps ti=<TaskInstance: usd_rate_fetcher.fetch_data_from_api scheduled__2020-02-20T00:00:00+00:00 [queued]>
[2025-06-03T15:27:28.636+0000] {taskinstance.py:1103} INFO - Dependencies all met for dep_context=requeueable deps ti=<TaskInstance: usd_rate_fetcher.fetch_data_from_api scheduled__2020-02-20T00:00:00+00:00 [queued]>
[2025-06-03T15:27:28.636+0000] {taskinstance.py:1308} INFO - Starting attempt 1 of 3
[2025-06-03T15:27:28.652+0000] {taskinstance.py:1327} INFO - Executing <Task(_PythonDecoratedOperator): fetch_data_from_api> on 2020-02-20 00:00:00+00:00
[2025-06-03T15:27:28.659+0000] {standard_task_runner.py:57} INFO - Started process 17581 to run task
[2025-06-03T15:27:28.662+0000] {standard_task_runner.py:84} INFO - Running: ['***', 'tasks', 'run', 'usd_rate_fetcher', 'fetch_data_from_api', 'scheduled__2020-02-20T00:00:00+00:00', '--job-id', '8851', '--raw', '--subdir', 'DAGS_FOLDER/usd_rate_fetcher.py', '--cfg-path', '/tmp/tmpwek54l09']
[2025-06-03T15:27:28.663+0000] {standard_task_runner.py:85} INFO - Job 8851: Subtask fetch_data_from_api
[2025-06-03T15:27:28.706+0000] {task_command.py:410} INFO - Running <TaskInstance: usd_rate_fetcher.fetch_data_from_api scheduled__2020-02-20T00:00:00+00:00 [running]> on host 40869fde016f
[2025-06-03T15:27:28.889+0000] {logging_mixin.py:150} WARNING - /home/***/.local/lib/python3.7/site-packages/***/utils/context.py:205 AirflowContextDeprecationWarning: Accessing 'execution_date' from the template is deprecated and will be removed in a future version. Please use 'data_interval_start' or 'logical_date' instead.
[2025-06-03T15:27:28.921+0000] {taskinstance.py:1547} INFO - Exporting env vars: AIRFLOW_CTX_DAG_OWNER='***' AIRFLOW_CTX_DAG_ID='usd_rate_fetcher' AIRFLOW_CTX_TASK_ID='fetch_data_from_api' AIRFLOW_CTX_EXECUTION_DATE='2020-02-20T00:00:00+00:00' AIRFLOW_CTX_TRY_NUMBER='1' AIRFLOW_CTX_DAG_RUN_ID='scheduled__2020-02-20T00:00:00+00:00'
[2025-06-03T15:27:28.929+0000] {usd_rate_fetcher.py:34} INFO - Переменная ['USD', 'EUR', 'HKD', 'CNY', 'GBP']
[2025-06-03T15:27:28.934+0000] {usd_rate_fetcher.py:53} INFO - Fetching data for date: 20/02/2020
[2025-06-03T15:27:28.979+0000] {python.py:183} INFO - Done. Returned value was: {'date': datetime.date(2020, 2, 20), 'content': [{'GBP': 82.8827}, {'HKD': 81.9572}, {'USD': 63.6873}, {'EUR': 68.7823}, {'CNY': 91.0625}]}
[2025-06-03T15:27:28.999+0000] {taskinstance.py:1350} INFO - Marking task as SUCCESS. dag_id=usd_rate_fetcher, task_id=fetch_data_from_api, execution_date=20200220T000000, start_date=20250603T152728, end_date=20250603T152728
[2025-06-03T15:27:29.034+0000] {local_task_job_runner.py:225} INFO - Task exited with return code 0
[2025-06-03T15:27:29.053+0000] {taskinstance.py:2653} INFO - 1 downstream tasks scheduled from follow-on schedule check
