[2025-06-03T15:20:21.874+0000] {taskinstance.py:1103} INFO - Dependencies all met for dep_context=non-requeueable deps ti=<TaskInstance: usd_rate_fetcher.fetch_data_from_api scheduled__2020-03-14T00:00:00+00:00 [queued]>
[2025-06-03T15:20:21.883+0000] {taskinstance.py:1103} INFO - Dependencies all met for dep_context=requeueable deps ti=<TaskInstance: usd_rate_fetcher.fetch_data_from_api scheduled__2020-03-14T00:00:00+00:00 [queued]>
[2025-06-03T15:20:21.884+0000] {taskinstance.py:1308} INFO - Starting attempt 1 of 3
[2025-06-03T15:20:21.910+0000] {taskinstance.py:1327} INFO - Executing <Task(_PythonDecoratedOperator): fetch_data_from_api> on 2020-03-14 00:00:00+00:00
[2025-06-03T15:20:21.921+0000] {standard_task_runner.py:57} INFO - Started process 15709 to run task
[2025-06-03T15:20:21.933+0000] {standard_task_runner.py:84} INFO - Running: ['***', 'tasks', 'run', 'usd_rate_fetcher', 'fetch_data_from_api', 'scheduled__2020-03-14T00:00:00+00:00', '--job-id', '8735', '--raw', '--subdir', 'DAGS_FOLDER/usd_rate_fetcher.py', '--cfg-path', '/tmp/tmpt54z9096']
[2025-06-03T15:20:21.935+0000] {standard_task_runner.py:85} INFO - Job 8735: Subtask fetch_data_from_api
[2025-06-03T15:20:22.023+0000] {task_command.py:410} INFO - Running <TaskInstance: usd_rate_fetcher.fetch_data_from_api scheduled__2020-03-14T00:00:00+00:00 [running]> on host 40869fde016f
[2025-06-03T15:20:21.599+0000] {logging_mixin.py:150} WARNING - /home/***/.local/lib/python3.7/site-packages/***/utils/context.py:205 AirflowContextDeprecationWarning: Accessing 'execution_date' from the template is deprecated and will be removed in a future version. Please use 'data_interval_start' or 'logical_date' instead.
[2025-06-03T15:20:21.036+0000] {taskinstance.py:1547} INFO - Exporting env vars: AIRFLOW_CTX_DAG_OWNER='***' AIRFLOW_CTX_DAG_ID='usd_rate_fetcher' AIRFLOW_CTX_TASK_ID='fetch_data_from_api' AIRFLOW_CTX_EXECUTION_DATE='2020-03-14T00:00:00+00:00' AIRFLOW_CTX_TRY_NUMBER='1' AIRFLOW_CTX_DAG_RUN_ID='scheduled__2020-03-14T00:00:00+00:00'
[2025-06-03T15:20:21.062+0000] {usd_rate_fetcher.py:34} INFO - Переменная ['Доллар США', 'Евро', 'Гонконгский доллар', 'Юань', 'Фунт стерлингов']
[2025-06-03T15:20:21.079+0000] {usd_rate_fetcher.py:53} INFO - Fetching data for date: 14/03/2020
[2025-06-03T15:20:21.120+0000] {python.py:183} INFO - Done. Returned value was: {'date': datetime.date(2020, 3, 14), 'content': [{'Фунт стерлингов': 92.2684}, {'Доллар США': 73.1882}, {'Евро': 81.861}, {'Юань': 10.4653}]}
[2025-06-03T15:20:21.212+0000] {taskinstance.py:1350} INFO - Marking task as SUCCESS. dag_id=usd_rate_fetcher, task_id=fetch_data_from_api, execution_date=20200314T000000, start_date=20250603T152021, end_date=20250603T152021
[2025-06-03T15:20:21.248+0000] {local_task_job_runner.py:225} INFO - Task exited with return code 0
[2025-06-03T15:20:21.316+0000] {taskinstance.py:2653} INFO - 1 downstream tasks scheduled from follow-on schedule check
[2025-06-03T15:29:40.974+0000] {taskinstance.py:1103} INFO - Dependencies all met for dep_context=non-requeueable deps ti=<TaskInstance: usd_rate_fetcher.fetch_data_from_api scheduled__2020-03-14T00:00:00+00:00 [queued]>
[2025-06-03T15:29:40.984+0000] {taskinstance.py:1103} INFO - Dependencies all met for dep_context=requeueable deps ti=<TaskInstance: usd_rate_fetcher.fetch_data_from_api scheduled__2020-03-14T00:00:00+00:00 [queued]>
[2025-06-03T15:29:40.984+0000] {taskinstance.py:1308} INFO - Starting attempt 1 of 3
[2025-06-03T15:29:41.084+0000] {taskinstance.py:1327} INFO - Executing <Task(_PythonDecoratedOperator): fetch_data_from_api> on 2020-03-14 00:00:00+00:00
[2025-06-03T15:29:41.090+0000] {standard_task_runner.py:57} INFO - Started process 18231 to run task
[2025-06-03T15:29:41.093+0000] {standard_task_runner.py:84} INFO - Running: ['***', 'tasks', 'run', 'usd_rate_fetcher', 'fetch_data_from_api', 'scheduled__2020-03-14T00:00:00+00:00', '--job-id', '8889', '--raw', '--subdir', 'DAGS_FOLDER/usd_rate_fetcher.py', '--cfg-path', '/tmp/tmp7qvi2enq']
[2025-06-03T15:29:41.096+0000] {standard_task_runner.py:85} INFO - Job 8889: Subtask fetch_data_from_api
[2025-06-03T15:29:41.185+0000] {task_command.py:410} INFO - Running <TaskInstance: usd_rate_fetcher.fetch_data_from_api scheduled__2020-03-14T00:00:00+00:00 [running]> on host 40869fde016f
[2025-06-03T15:29:41.488+0000] {logging_mixin.py:150} WARNING - /home/***/.local/lib/python3.7/site-packages/***/utils/context.py:205 AirflowContextDeprecationWarning: Accessing 'execution_date' from the template is deprecated and will be removed in a future version. Please use 'data_interval_start' or 'logical_date' instead.
[2025-06-03T15:29:41.561+0000] {taskinstance.py:1547} INFO - Exporting env vars: AIRFLOW_CTX_DAG_OWNER='***' AIRFLOW_CTX_DAG_ID='usd_rate_fetcher' AIRFLOW_CTX_TASK_ID='fetch_data_from_api' AIRFLOW_CTX_EXECUTION_DATE='2020-03-14T00:00:00+00:00' AIRFLOW_CTX_TRY_NUMBER='1' AIRFLOW_CTX_DAG_RUN_ID='scheduled__2020-03-14T00:00:00+00:00'
[2025-06-03T15:29:41.569+0000] {usd_rate_fetcher.py:34} INFO - Переменная ['USD', 'EUR', 'HKD', 'CNY', 'GBP']
[2025-06-03T15:29:41.578+0000] {usd_rate_fetcher.py:53} INFO - Fetching data for date: 14/03/2020
[2025-06-03T15:29:41.614+0000] {python.py:183} INFO - Done. Returned value was: {'date': datetime.date(2020, 3, 14), 'content': [{'GBP': 92.2684}, {'HKD': 94.2479}, {'USD': 73.1882}, {'EUR': 81.861}, {'CNY': 10.4653}]}
[2025-06-03T15:29:41.640+0000] {taskinstance.py:1350} INFO - Marking task as SUCCESS. dag_id=usd_rate_fetcher, task_id=fetch_data_from_api, execution_date=20200314T000000, start_date=20250603T152940, end_date=20250603T152941
[2025-06-03T15:29:41.708+0000] {local_task_job_runner.py:225} INFO - Task exited with return code 0
[2025-06-03T15:29:41.758+0000] {taskinstance.py:2653} INFO - 1 downstream tasks scheduled from follow-on schedule check
