[2025-06-03T15:20:15.036+0000] {taskinstance.py:1103} INFO - Dependencies all met for dep_context=non-requeueable deps ti=<TaskInstance: usd_rate_fetcher.save_data_to_db scheduled__2020-02-16T00:00:00+00:00 [queued]>
[2025-06-03T15:20:15.045+0000] {taskinstance.py:1103} INFO - Dependencies all met for dep_context=requeueable deps ti=<TaskInstance: usd_rate_fetcher.save_data_to_db scheduled__2020-02-16T00:00:00+00:00 [queued]>
[2025-06-03T15:20:15.046+0000] {taskinstance.py:1308} INFO - Starting attempt 1 of 3
[2025-06-03T15:20:15.063+0000] {taskinstance.py:1327} INFO - Executing <Task(_PythonDecoratedOperator): save_data_to_db> on 2020-02-16 00:00:00+00:00
[2025-06-03T15:20:15.072+0000] {standard_task_runner.py:57} INFO - Started process 15275 to run task
[2025-06-03T15:20:15.076+0000] {standard_task_runner.py:84} INFO - Running: ['***', 'tasks', 'run', 'usd_rate_fetcher', 'save_data_to_db', 'scheduled__2020-02-16T00:00:00+00:00', '--job-id', '8708', '--raw', '--subdir', 'DAGS_FOLDER/usd_rate_fetcher.py', '--cfg-path', '/tmp/tmpjwf5uzgx']
[2025-06-03T15:20:15.078+0000] {standard_task_runner.py:85} INFO - Job 8708: Subtask save_data_to_db
[2025-06-03T15:20:15.138+0000] {task_command.py:410} INFO - Running <TaskInstance: usd_rate_fetcher.save_data_to_db scheduled__2020-02-16T00:00:00+00:00 [running]> on host 40869fde016f
[2025-06-03T15:20:15.429+0000] {logging_mixin.py:150} WARNING - /home/***/.local/lib/python3.7/site-packages/***/utils/context.py:205 AirflowContextDeprecationWarning: Accessing 'execution_date' from the template is deprecated and will be removed in a future version. Please use 'data_interval_start' or 'logical_date' instead.
[2025-06-03T15:20:15.473+0000] {taskinstance.py:1547} INFO - Exporting env vars: AIRFLOW_CTX_DAG_OWNER='***' AIRFLOW_CTX_DAG_ID='usd_rate_fetcher' AIRFLOW_CTX_TASK_ID='save_data_to_db' AIRFLOW_CTX_EXECUTION_DATE='2020-02-16T00:00:00+00:00' AIRFLOW_CTX_TRY_NUMBER='1' AIRFLOW_CTX_DAG_RUN_ID='scheduled__2020-02-16T00:00:00+00:00'
[2025-06-03T15:20:15.474+0000] {usd_rate_fetcher.py:80} INFO - Received USD rate: {'date': datetime.date(2020, 2, 16), 'content': [{'Фунт стерлингов': 82.7816}, {'Доллар США': 63.4536}, {'Евро': 68.771}]} for date 2020-02-16
[2025-06-03T15:20:15.483+0000] {base.py:73} INFO - Using connection ID 'pg_database' for task execution.
[2025-06-03T15:20:15.489+0000] {usd_rate_fetcher.py:103} INFO - Saved 82.78 for Фунт стерлингов on 2020-02-16
[2025-06-03T15:20:15.489+0000] {usd_rate_fetcher.py:103} INFO - Saved 63.45 for Доллар США on 2020-02-16
[2025-06-03T15:20:15.490+0000] {usd_rate_fetcher.py:103} INFO - Saved 68.77 for Евро on 2020-02-16
[2025-06-03T15:20:15.491+0000] {python.py:183} INFO - Done. Returned value was: None
[2025-06-03T15:20:15.501+0000] {taskinstance.py:1350} INFO - Marking task as SUCCESS. dag_id=usd_rate_fetcher, task_id=save_data_to_db, execution_date=20200216T000000, start_date=20250603T152015, end_date=20250603T152015
[2025-06-03T15:20:15.535+0000] {local_task_job_runner.py:225} INFO - Task exited with return code 0
[2025-06-03T15:20:15.551+0000] {taskinstance.py:2653} INFO - 0 downstream tasks scheduled from follow-on schedule check
[2025-06-03T15:27:25.813+0000] {taskinstance.py:1103} INFO - Dependencies all met for dep_context=non-requeueable deps ti=<TaskInstance: usd_rate_fetcher.save_data_to_db scheduled__2020-02-16T00:00:00+00:00 [queued]>
[2025-06-03T15:27:25.823+0000] {taskinstance.py:1103} INFO - Dependencies all met for dep_context=requeueable deps ti=<TaskInstance: usd_rate_fetcher.save_data_to_db scheduled__2020-02-16T00:00:00+00:00 [queued]>
[2025-06-03T15:27:25.824+0000] {taskinstance.py:1308} INFO - Starting attempt 1 of 3
[2025-06-03T15:27:25.843+0000] {taskinstance.py:1327} INFO - Executing <Task(_PythonDecoratedOperator): save_data_to_db> on 2020-02-16 00:00:00+00:00
[2025-06-03T15:27:25.851+0000] {standard_task_runner.py:57} INFO - Started process 17480 to run task
[2025-06-03T15:27:25.853+0000] {standard_task_runner.py:84} INFO - Running: ['***', 'tasks', 'run', 'usd_rate_fetcher', 'save_data_to_db', 'scheduled__2020-02-16T00:00:00+00:00', '--job-id', '8847', '--raw', '--subdir', 'DAGS_FOLDER/usd_rate_fetcher.py', '--cfg-path', '/tmp/tmpsgf5uav6']
[2025-06-03T15:27:25.855+0000] {standard_task_runner.py:85} INFO - Job 8847: Subtask save_data_to_db
[2025-06-03T15:27:25.897+0000] {task_command.py:410} INFO - Running <TaskInstance: usd_rate_fetcher.save_data_to_db scheduled__2020-02-16T00:00:00+00:00 [running]> on host 40869fde016f
[2025-06-03T15:27:26.075+0000] {logging_mixin.py:150} WARNING - /home/***/.local/lib/python3.7/site-packages/***/utils/context.py:205 AirflowContextDeprecationWarning: Accessing 'execution_date' from the template is deprecated and will be removed in a future version. Please use 'data_interval_start' or 'logical_date' instead.
[2025-06-03T15:27:26.104+0000] {taskinstance.py:1547} INFO - Exporting env vars: AIRFLOW_CTX_DAG_OWNER='***' AIRFLOW_CTX_DAG_ID='usd_rate_fetcher' AIRFLOW_CTX_TASK_ID='save_data_to_db' AIRFLOW_CTX_EXECUTION_DATE='2020-02-16T00:00:00+00:00' AIRFLOW_CTX_TRY_NUMBER='1' AIRFLOW_CTX_DAG_RUN_ID='scheduled__2020-02-16T00:00:00+00:00'
[2025-06-03T15:27:26.104+0000] {usd_rate_fetcher.py:80} INFO - Received USD rate: {'date': datetime.date(2020, 2, 16), 'content': [{'GBP': 82.7816}, {'HKD': 81.6996}, {'USD': 63.4536}, {'EUR': 68.771}, {'CNY': 90.909}]} for date 2020-02-16
[2025-06-03T15:27:26.111+0000] {base.py:73} INFO - Using connection ID 'pg_database' for task execution.
[2025-06-03T15:27:26.115+0000] {usd_rate_fetcher.py:103} INFO - Saved 82.78 for GBP on 2020-02-16
[2025-06-03T15:27:26.116+0000] {usd_rate_fetcher.py:103} INFO - Saved 81.70 for HKD on 2020-02-16
[2025-06-03T15:27:26.116+0000] {usd_rate_fetcher.py:103} INFO - Saved 63.45 for USD on 2020-02-16
[2025-06-03T15:27:26.116+0000] {usd_rate_fetcher.py:103} INFO - Saved 68.77 for EUR on 2020-02-16
[2025-06-03T15:27:26.117+0000] {usd_rate_fetcher.py:103} INFO - Saved 90.91 for CNY on 2020-02-16
[2025-06-03T15:27:26.118+0000] {python.py:183} INFO - Done. Returned value was: None
[2025-06-03T15:27:26.125+0000] {taskinstance.py:1350} INFO - Marking task as SUCCESS. dag_id=usd_rate_fetcher, task_id=save_data_to_db, execution_date=20200216T000000, start_date=20250603T152725, end_date=20250603T152726
[2025-06-03T15:27:26.148+0000] {local_task_job_runner.py:225} INFO - Task exited with return code 0
[2025-06-03T15:27:26.163+0000] {taskinstance.py:2653} INFO - 0 downstream tasks scheduled from follow-on schedule check
