[2025-06-03T15:19:54.031+0000] {taskinstance.py:1103} INFO - Dependencies all met for dep_context=non-requeueable deps ti=<TaskInstance: usd_rate_fetcher.save_data_to_db scheduled__2020-01-14T00:00:00+00:00 [queued]>
[2025-06-03T15:19:54.038+0000] {taskinstance.py:1103} INFO - Dependencies all met for dep_context=requeueable deps ti=<TaskInstance: usd_rate_fetcher.save_data_to_db scheduled__2020-01-14T00:00:00+00:00 [queued]>
[2025-06-03T15:19:54.038+0000] {taskinstance.py:1308} INFO - Starting attempt 1 of 3
[2025-06-03T15:19:54.049+0000] {taskinstance.py:1327} INFO - Executing <Task(_PythonDecoratedOperator): save_data_to_db> on 2020-01-14 00:00:00+00:00
[2025-06-03T15:19:54.056+0000] {standard_task_runner.py:57} INFO - Started process 14116 to run task
[2025-06-03T15:19:54.058+0000] {standard_task_runner.py:84} INFO - Running: ['***', 'tasks', 'run', 'usd_rate_fetcher', 'save_data_to_db', 'scheduled__2020-01-14T00:00:00+00:00', '--job-id', '8629', '--raw', '--subdir', 'DAGS_FOLDER/usd_rate_fetcher.py', '--cfg-path', '/tmp/tmpema__wmk']
[2025-06-03T15:19:54.060+0000] {standard_task_runner.py:85} INFO - Job 8629: Subtask save_data_to_db
[2025-06-03T15:19:54.093+0000] {task_command.py:410} INFO - Running <TaskInstance: usd_rate_fetcher.save_data_to_db scheduled__2020-01-14T00:00:00+00:00 [running]> on host 40869fde016f
[2025-06-03T15:19:54.259+0000] {logging_mixin.py:150} WARNING - /home/***/.local/lib/python3.7/site-packages/***/utils/context.py:205 AirflowContextDeprecationWarning: Accessing 'execution_date' from the template is deprecated and will be removed in a future version. Please use 'data_interval_start' or 'logical_date' instead.
[2025-06-03T15:19:54.287+0000] {taskinstance.py:1547} INFO - Exporting env vars: AIRFLOW_CTX_DAG_OWNER='***' AIRFLOW_CTX_DAG_ID='usd_rate_fetcher' AIRFLOW_CTX_TASK_ID='save_data_to_db' AIRFLOW_CTX_EXECUTION_DATE='2020-01-14T00:00:00+00:00' AIRFLOW_CTX_TRY_NUMBER='1' AIRFLOW_CTX_DAG_RUN_ID='scheduled__2020-01-14T00:00:00+00:00'
[2025-06-03T15:19:54.288+0000] {usd_rate_fetcher.py:80} INFO - Received USD rate: {'date': datetime.date(2020, 1, 14), 'content': [{'Фунт стерлингов': 79.2072}, {'Доллар США': 60.9474}, {'Евро': 67.8162}]} for date 2020-01-14
[2025-06-03T15:19:54.294+0000] {base.py:73} INFO - Using connection ID 'pg_database' for task execution.
[2025-06-03T15:19:54.298+0000] {usd_rate_fetcher.py:103} INFO - Saved 79.21 for Фунт стерлингов on 2020-01-14
[2025-06-03T15:19:54.298+0000] {usd_rate_fetcher.py:103} INFO - Saved 60.95 for Доллар США on 2020-01-14
[2025-06-03T15:19:54.299+0000] {usd_rate_fetcher.py:103} INFO - Saved 67.82 for Евро on 2020-01-14
[2025-06-03T15:19:54.300+0000] {python.py:183} INFO - Done. Returned value was: None
[2025-06-03T15:19:54.306+0000] {taskinstance.py:1350} INFO - Marking task as SUCCESS. dag_id=usd_rate_fetcher, task_id=save_data_to_db, execution_date=20200114T000000, start_date=20250603T151954, end_date=20250603T151954
[2025-06-03T15:19:54.355+0000] {local_task_job_runner.py:225} INFO - Task exited with return code 0
[2025-06-03T15:19:54.410+0000] {taskinstance.py:2653} INFO - 0 downstream tasks scheduled from follow-on schedule check
[2025-06-03T15:27:12.251+0000] {taskinstance.py:1103} INFO - Dependencies all met for dep_context=non-requeueable deps ti=<TaskInstance: usd_rate_fetcher.save_data_to_db scheduled__2020-01-14T00:00:00+00:00 [queued]>
[2025-06-03T15:27:12.258+0000] {taskinstance.py:1103} INFO - Dependencies all met for dep_context=requeueable deps ti=<TaskInstance: usd_rate_fetcher.save_data_to_db scheduled__2020-01-14T00:00:00+00:00 [queued]>
[2025-06-03T15:27:12.258+0000] {taskinstance.py:1308} INFO - Starting attempt 1 of 3
[2025-06-03T15:27:12.269+0000] {taskinstance.py:1327} INFO - Executing <Task(_PythonDecoratedOperator): save_data_to_db> on 2020-01-14 00:00:00+00:00
[2025-06-03T15:27:12.275+0000] {standard_task_runner.py:57} INFO - Started process 16593 to run task
[2025-06-03T15:27:12.277+0000] {standard_task_runner.py:84} INFO - Running: ['***', 'tasks', 'run', 'usd_rate_fetcher', 'save_data_to_db', 'scheduled__2020-01-14T00:00:00+00:00', '--job-id', '8781', '--raw', '--subdir', 'DAGS_FOLDER/usd_rate_fetcher.py', '--cfg-path', '/tmp/tmpeb1kbgs7']
[2025-06-03T15:27:12.279+0000] {standard_task_runner.py:85} INFO - Job 8781: Subtask save_data_to_db
[2025-06-03T15:27:12.313+0000] {task_command.py:410} INFO - Running <TaskInstance: usd_rate_fetcher.save_data_to_db scheduled__2020-01-14T00:00:00+00:00 [running]> on host 40869fde016f
[2025-06-03T15:27:12.493+0000] {logging_mixin.py:150} WARNING - /home/***/.local/lib/python3.7/site-packages/***/utils/context.py:205 AirflowContextDeprecationWarning: Accessing 'execution_date' from the template is deprecated and will be removed in a future version. Please use 'data_interval_start' or 'logical_date' instead.
[2025-06-03T15:27:12.526+0000] {taskinstance.py:1547} INFO - Exporting env vars: AIRFLOW_CTX_DAG_OWNER='***' AIRFLOW_CTX_DAG_ID='usd_rate_fetcher' AIRFLOW_CTX_TASK_ID='save_data_to_db' AIRFLOW_CTX_EXECUTION_DATE='2020-01-14T00:00:00+00:00' AIRFLOW_CTX_TRY_NUMBER='1' AIRFLOW_CTX_DAG_RUN_ID='scheduled__2020-01-14T00:00:00+00:00'
[2025-06-03T15:27:12.528+0000] {usd_rate_fetcher.py:80} INFO - Received USD rate: {'date': datetime.date(2020, 1, 14), 'content': [{'GBP': 79.2072}, {'HKD': 78.4242}, {'USD': 60.9474}, {'EUR': 67.8162}, {'CNY': 88.4}]} for date 2020-01-14
[2025-06-03T15:27:12.534+0000] {base.py:73} INFO - Using connection ID 'pg_database' for task execution.
[2025-06-03T15:27:12.537+0000] {usd_rate_fetcher.py:103} INFO - Saved 79.21 for GBP on 2020-01-14
[2025-06-03T15:27:12.538+0000] {usd_rate_fetcher.py:103} INFO - Saved 78.42 for HKD on 2020-01-14
[2025-06-03T15:27:12.538+0000] {usd_rate_fetcher.py:103} INFO - Saved 60.95 for USD on 2020-01-14
[2025-06-03T15:27:12.539+0000] {usd_rate_fetcher.py:103} INFO - Saved 67.82 for EUR on 2020-01-14
[2025-06-03T15:27:12.539+0000] {usd_rate_fetcher.py:103} INFO - Saved 88.40 for CNY on 2020-01-14
[2025-06-03T15:27:12.541+0000] {python.py:183} INFO - Done. Returned value was: None
[2025-06-03T15:27:12.551+0000] {taskinstance.py:1350} INFO - Marking task as SUCCESS. dag_id=usd_rate_fetcher, task_id=save_data_to_db, execution_date=20200114T000000, start_date=20250603T152712, end_date=20250603T152712
[2025-06-03T15:27:12.570+0000] {local_task_job_runner.py:225} INFO - Task exited with return code 0
[2025-06-03T15:27:12.583+0000] {taskinstance.py:2653} INFO - 0 downstream tasks scheduled from follow-on schedule check
