[2025-06-03T15:20:21.110+0000] {taskinstance.py:1103} INFO - Dependencies all met for dep_context=non-requeueable deps ti=<TaskInstance: usd_rate_fetcher.fetch_data_from_api scheduled__2020-03-16T00:00:00+00:00 [queued]>
[2025-06-03T15:20:21.166+0000] {taskinstance.py:1103} INFO - Dependencies all met for dep_context=requeueable deps ti=<TaskInstance: usd_rate_fetcher.fetch_data_from_api scheduled__2020-03-16T00:00:00+00:00 [queued]>
[2025-06-03T15:20:21.166+0000] {taskinstance.py:1308} INFO - Starting attempt 1 of 3
[2025-06-03T15:20:21.245+0000] {taskinstance.py:1327} INFO - Executing <Task(_PythonDecoratedOperator): fetch_data_from_api> on 2020-03-16 00:00:00+00:00
[2025-06-03T15:20:21.253+0000] {standard_task_runner.py:57} INFO - Started process 15756 to run task
[2025-06-03T15:20:21.263+0000] {standard_task_runner.py:84} INFO - Running: ['***', 'tasks', 'run', 'usd_rate_fetcher', 'fetch_data_from_api', 'scheduled__2020-03-16T00:00:00+00:00', '--job-id', '8741', '--raw', '--subdir', 'DAGS_FOLDER/usd_rate_fetcher.py', '--cfg-path', '/tmp/tmpyd6dbr68']
[2025-06-03T15:20:21.266+0000] {standard_task_runner.py:85} INFO - Job 8741: Subtask fetch_data_from_api
[2025-06-03T15:20:21.371+0000] {task_command.py:410} INFO - Running <TaskInstance: usd_rate_fetcher.fetch_data_from_api scheduled__2020-03-16T00:00:00+00:00 [running]> on host 40869fde016f
[2025-06-03T15:20:21.735+0000] {logging_mixin.py:150} WARNING - /home/***/.local/lib/python3.7/site-packages/***/utils/context.py:205 AirflowContextDeprecationWarning: Accessing 'execution_date' from the template is deprecated and will be removed in a future version. Please use 'data_interval_start' or 'logical_date' instead.
[2025-06-03T15:20:21.846+0000] {taskinstance.py:1547} INFO - Exporting env vars: AIRFLOW_CTX_DAG_OWNER='***' AIRFLOW_CTX_DAG_ID='usd_rate_fetcher' AIRFLOW_CTX_TASK_ID='fetch_data_from_api' AIRFLOW_CTX_EXECUTION_DATE='2020-03-16T00:00:00+00:00' AIRFLOW_CTX_TRY_NUMBER='1' AIRFLOW_CTX_DAG_RUN_ID='scheduled__2020-03-16T00:00:00+00:00'
[2025-06-03T15:20:21.864+0000] {usd_rate_fetcher.py:34} INFO - Переменная ['Доллар США', 'Евро', 'Гонконгский доллар', 'Юань', 'Фунт стерлингов']
[2025-06-03T15:20:21.871+0000] {usd_rate_fetcher.py:53} INFO - Fetching data for date: 16/03/2020
[2025-06-03T15:20:21.934+0000] {python.py:183} INFO - Done. Returned value was: {'date': datetime.date(2020, 3, 16), 'content': [{'Фунт стерлингов': 92.2684}, {'Доллар США': 73.1882}, {'Евро': 81.861}, {'Юань': 10.4653}]}
[2025-06-03T15:20:21.993+0000] {taskinstance.py:1350} INFO - Marking task as SUCCESS. dag_id=usd_rate_fetcher, task_id=fetch_data_from_api, execution_date=20200316T000000, start_date=20250603T152021, end_date=20250603T152021
[2025-06-03T15:20:22.041+0000] {local_task_job_runner.py:225} INFO - Task exited with return code 0
[2025-06-03T15:20:22.063+0000] {taskinstance.py:2653} INFO - 1 downstream tasks scheduled from follow-on schedule check
[2025-06-03T15:29:41.326+0000] {taskinstance.py:1103} INFO - Dependencies all met for dep_context=non-requeueable deps ti=<TaskInstance: usd_rate_fetcher.fetch_data_from_api scheduled__2020-03-16T00:00:00+00:00 [queued]>
[2025-06-03T15:29:41.337+0000] {taskinstance.py:1103} INFO - Dependencies all met for dep_context=requeueable deps ti=<TaskInstance: usd_rate_fetcher.fetch_data_from_api scheduled__2020-03-16T00:00:00+00:00 [queued]>
[2025-06-03T15:29:41.337+0000] {taskinstance.py:1308} INFO - Starting attempt 1 of 3
[2025-06-03T15:29:41.441+0000] {taskinstance.py:1327} INFO - Executing <Task(_PythonDecoratedOperator): fetch_data_from_api> on 2020-03-16 00:00:00+00:00
[2025-06-03T15:29:41.460+0000] {standard_task_runner.py:57} INFO - Started process 18272 to run task
[2025-06-03T15:29:41.476+0000] {standard_task_runner.py:84} INFO - Running: ['***', 'tasks', 'run', 'usd_rate_fetcher', 'fetch_data_from_api', 'scheduled__2020-03-16T00:00:00+00:00', '--job-id', '8891', '--raw', '--subdir', 'DAGS_FOLDER/usd_rate_fetcher.py', '--cfg-path', '/tmp/tmp71ou2g0q']
[2025-06-03T15:29:41.479+0000] {standard_task_runner.py:85} INFO - Job 8891: Subtask fetch_data_from_api
[2025-06-03T15:29:41.569+0000] {task_command.py:410} INFO - Running <TaskInstance: usd_rate_fetcher.fetch_data_from_api scheduled__2020-03-16T00:00:00+00:00 [running]> on host 40869fde016f
[2025-06-03T15:29:41.634+0000] {logging_mixin.py:150} WARNING - /home/***/.local/lib/python3.7/site-packages/***/utils/context.py:205 AirflowContextDeprecationWarning: Accessing 'execution_date' from the template is deprecated and will be removed in a future version. Please use 'data_interval_start' or 'logical_date' instead.
[2025-06-03T15:29:41.682+0000] {taskinstance.py:1547} INFO - Exporting env vars: AIRFLOW_CTX_DAG_OWNER='***' AIRFLOW_CTX_DAG_ID='usd_rate_fetcher' AIRFLOW_CTX_TASK_ID='fetch_data_from_api' AIRFLOW_CTX_EXECUTION_DATE='2020-03-16T00:00:00+00:00' AIRFLOW_CTX_TRY_NUMBER='1' AIRFLOW_CTX_DAG_RUN_ID='scheduled__2020-03-16T00:00:00+00:00'
[2025-06-03T15:29:41.693+0000] {usd_rate_fetcher.py:34} INFO - Переменная ['USD', 'EUR', 'HKD', 'CNY', 'GBP']
[2025-06-03T15:29:41.700+0000] {usd_rate_fetcher.py:53} INFO - Fetching data for date: 16/03/2020
[2025-06-03T15:29:41.769+0000] {python.py:183} INFO - Done. Returned value was: {'date': datetime.date(2020, 3, 16), 'content': [{'GBP': 92.2684}, {'HKD': 94.2479}, {'USD': 73.1882}, {'EUR': 81.861}, {'CNY': 10.4653}]}
[2025-06-03T15:29:41.817+0000] {taskinstance.py:1350} INFO - Marking task as SUCCESS. dag_id=usd_rate_fetcher, task_id=fetch_data_from_api, execution_date=20200316T000000, start_date=20250603T152941, end_date=20250603T152941
[2025-06-03T15:29:41.918+0000] {local_task_job_runner.py:225} INFO - Task exited with return code 0
[2025-06-03T15:29:41.994+0000] {taskinstance.py:2653} INFO - 1 downstream tasks scheduled from follow-on schedule check
