[2025-06-03T15:19:58.312+0000] {taskinstance.py:1103} INFO - Dependencies all met for dep_context=non-requeueable deps ti=<TaskInstance: usd_rate_fetcher.fetch_data_from_api scheduled__2020-01-25T00:00:00+00:00 [queued]>
[2025-06-03T15:19:58.320+0000] {taskinstance.py:1103} INFO - Dependencies all met for dep_context=requeueable deps ti=<TaskInstance: usd_rate_fetcher.fetch_data_from_api scheduled__2020-01-25T00:00:00+00:00 [queued]>
[2025-06-03T15:19:58.321+0000] {taskinstance.py:1308} INFO - Starting attempt 1 of 3
[2025-06-03T15:19:58.338+0000] {taskinstance.py:1327} INFO - Executing <Task(_PythonDecoratedOperator): fetch_data_from_api> on 2020-01-25 00:00:00+00:00
[2025-06-03T15:19:58.346+0000] {standard_task_runner.py:57} INFO - Started process 14302 to run task
[2025-06-03T15:19:58.350+0000] {standard_task_runner.py:84} INFO - Running: ['***', 'tasks', 'run', 'usd_rate_fetcher', 'fetch_data_from_api', 'scheduled__2020-01-25T00:00:00+00:00', '--job-id', '8641', '--raw', '--subdir', 'DAGS_FOLDER/usd_rate_fetcher.py', '--cfg-path', '/tmp/tmpibti4lx3']
[2025-06-03T15:19:58.352+0000] {standard_task_runner.py:85} INFO - Job 8641: Subtask fetch_data_from_api
[2025-06-03T15:19:58.434+0000] {task_command.py:410} INFO - Running <TaskInstance: usd_rate_fetcher.fetch_data_from_api scheduled__2020-01-25T00:00:00+00:00 [running]> on host 40869fde016f
[2025-06-03T15:19:58.680+0000] {logging_mixin.py:150} WARNING - /home/***/.local/lib/python3.7/site-packages/***/utils/context.py:205 AirflowContextDeprecationWarning: Accessing 'execution_date' from the template is deprecated and will be removed in a future version. Please use 'data_interval_start' or 'logical_date' instead.
[2025-06-03T15:19:58.737+0000] {taskinstance.py:1547} INFO - Exporting env vars: AIRFLOW_CTX_DAG_OWNER='***' AIRFLOW_CTX_DAG_ID='usd_rate_fetcher' AIRFLOW_CTX_TASK_ID='fetch_data_from_api' AIRFLOW_CTX_EXECUTION_DATE='2020-01-25T00:00:00+00:00' AIRFLOW_CTX_TRY_NUMBER='1' AIRFLOW_CTX_DAG_RUN_ID='scheduled__2020-01-25T00:00:00+00:00'
[2025-06-03T15:19:58.751+0000] {usd_rate_fetcher.py:34} INFO - Переменная ['Доллар США', 'Евро', 'Гонконгский доллар', 'Юань', 'Фунт стерлингов']
[2025-06-03T15:19:58.761+0000] {usd_rate_fetcher.py:53} INFO - Fetching data for date: 25/01/2020
[2025-06-03T15:19:58.808+0000] {python.py:183} INFO - Done. Returned value was: {'date': datetime.date(2020, 1, 25), 'content': [{'Фунт стерлингов': 81.1104}, {'Доллар США': 61.8031}, {'Евро': 68.2924}]}
[2025-06-03T15:19:58.839+0000] {taskinstance.py:1350} INFO - Marking task as SUCCESS. dag_id=usd_rate_fetcher, task_id=fetch_data_from_api, execution_date=20200125T000000, start_date=20250603T151958, end_date=20250603T151958
[2025-06-03T15:19:58.886+0000] {local_task_job_runner.py:225} INFO - Task exited with return code 0
[2025-06-03T15:19:58.906+0000] {taskinstance.py:2653} INFO - 1 downstream tasks scheduled from follow-on schedule check
[2025-06-03T15:27:16.688+0000] {taskinstance.py:1103} INFO - Dependencies all met for dep_context=non-requeueable deps ti=<TaskInstance: usd_rate_fetcher.fetch_data_from_api scheduled__2020-01-25T00:00:00+00:00 [queued]>
[2025-06-03T15:27:16.697+0000] {taskinstance.py:1103} INFO - Dependencies all met for dep_context=requeueable deps ti=<TaskInstance: usd_rate_fetcher.fetch_data_from_api scheduled__2020-01-25T00:00:00+00:00 [queued]>
[2025-06-03T15:27:16.698+0000] {taskinstance.py:1308} INFO - Starting attempt 1 of 3
[2025-06-03T15:27:16.712+0000] {taskinstance.py:1327} INFO - Executing <Task(_PythonDecoratedOperator): fetch_data_from_api> on 2020-01-25 00:00:00+00:00
[2025-06-03T15:27:16.720+0000] {standard_task_runner.py:57} INFO - Started process 16835 to run task
[2025-06-03T15:27:16.723+0000] {standard_task_runner.py:84} INFO - Running: ['***', 'tasks', 'run', 'usd_rate_fetcher', 'fetch_data_from_api', 'scheduled__2020-01-25T00:00:00+00:00', '--job-id', '8798', '--raw', '--subdir', 'DAGS_FOLDER/usd_rate_fetcher.py', '--cfg-path', '/tmp/tmpbvdyggjb']
[2025-06-03T15:27:16.724+0000] {standard_task_runner.py:85} INFO - Job 8798: Subtask fetch_data_from_api
[2025-06-03T15:27:16.800+0000] {task_command.py:410} INFO - Running <TaskInstance: usd_rate_fetcher.fetch_data_from_api scheduled__2020-01-25T00:00:00+00:00 [running]> on host 40869fde016f
[2025-06-03T15:27:16.886+0000] {logging_mixin.py:150} WARNING - /home/***/.local/lib/python3.7/site-packages/***/utils/context.py:205 AirflowContextDeprecationWarning: Accessing 'execution_date' from the template is deprecated and will be removed in a future version. Please use 'data_interval_start' or 'logical_date' instead.
[2025-06-03T15:27:16.926+0000] {taskinstance.py:1547} INFO - Exporting env vars: AIRFLOW_CTX_DAG_OWNER='***' AIRFLOW_CTX_DAG_ID='usd_rate_fetcher' AIRFLOW_CTX_TASK_ID='fetch_data_from_api' AIRFLOW_CTX_EXECUTION_DATE='2020-01-25T00:00:00+00:00' AIRFLOW_CTX_TRY_NUMBER='1' AIRFLOW_CTX_DAG_RUN_ID='scheduled__2020-01-25T00:00:00+00:00'
[2025-06-03T15:27:16.942+0000] {usd_rate_fetcher.py:34} INFO - Переменная ['USD', 'EUR', 'HKD', 'CNY', 'GBP']
[2025-06-03T15:27:16.956+0000] {usd_rate_fetcher.py:53} INFO - Fetching data for date: 25/01/2020
[2025-06-03T15:27:17.006+0000] {python.py:183} INFO - Done. Returned value was: {'date': datetime.date(2020, 1, 25), 'content': [{'GBP': 81.1104}, {'HKD': 79.512}, {'USD': 61.8031}, {'EUR': 68.2924}, {'CNY': 89.0958}]}
[2025-06-03T15:27:17.033+0000] {taskinstance.py:1350} INFO - Marking task as SUCCESS. dag_id=usd_rate_fetcher, task_id=fetch_data_from_api, execution_date=20200125T000000, start_date=20250603T152716, end_date=20250603T152717
[2025-06-03T15:27:17.067+0000] {local_task_job_runner.py:225} INFO - Task exited with return code 0
[2025-06-03T15:27:17.136+0000] {taskinstance.py:2653} INFO - 0 downstream tasks scheduled from follow-on schedule check
