[2025-06-03T15:20:07.769+0000] {taskinstance.py:1103} INFO - Dependencies all met for dep_context=non-requeueable deps ti=<TaskInstance: usd_rate_fetcher.save_data_to_db scheduled__2020-02-02T00:00:00+00:00 [queued]>
[2025-06-03T15:20:07.784+0000] {taskinstance.py:1103} INFO - Dependencies all met for dep_context=requeueable deps ti=<TaskInstance: usd_rate_fetcher.save_data_to_db scheduled__2020-02-02T00:00:00+00:00 [queued]>
[2025-06-03T15:20:07.785+0000] {taskinstance.py:1308} INFO - Starting attempt 1 of 3
[2025-06-03T15:20:07.810+0000] {taskinstance.py:1327} INFO - Executing <Task(_PythonDecoratedOperator): save_data_to_db> on 2020-02-02 00:00:00+00:00
[2025-06-03T15:20:07.819+0000] {standard_task_runner.py:57} INFO - Started process 14825 to run task
[2025-06-03T15:20:07.822+0000] {standard_task_runner.py:84} INFO - Running: ['***', 'tasks', 'run', 'usd_rate_fetcher', 'save_data_to_db', 'scheduled__2020-02-02T00:00:00+00:00', '--job-id', '8677', '--raw', '--subdir', 'DAGS_FOLDER/usd_rate_fetcher.py', '--cfg-path', '/tmp/tmpwfdyi05g']
[2025-06-03T15:20:07.824+0000] {standard_task_runner.py:85} INFO - Job 8677: Subtask save_data_to_db
[2025-06-03T15:20:07.923+0000] {task_command.py:410} INFO - Running <TaskInstance: usd_rate_fetcher.save_data_to_db scheduled__2020-02-02T00:00:00+00:00 [running]> on host 40869fde016f
[2025-06-03T15:20:08.010+0000] {logging_mixin.py:150} WARNING - /home/***/.local/lib/python3.7/site-packages/***/utils/context.py:205 AirflowContextDeprecationWarning: Accessing 'execution_date' from the template is deprecated and will be removed in a future version. Please use 'data_interval_start' or 'logical_date' instead.
[2025-06-03T15:20:08.099+0000] {taskinstance.py:1547} INFO - Exporting env vars: AIRFLOW_CTX_DAG_OWNER='***' AIRFLOW_CTX_DAG_ID='usd_rate_fetcher' AIRFLOW_CTX_TASK_ID='save_data_to_db' AIRFLOW_CTX_EXECUTION_DATE='2020-02-02T00:00:00+00:00' AIRFLOW_CTX_TRY_NUMBER='1' AIRFLOW_CTX_DAG_RUN_ID='scheduled__2020-02-02T00:00:00+00:00'
[2025-06-03T15:20:08.103+0000] {usd_rate_fetcher.py:80} INFO - Received USD rate: {'date': datetime.date(2020, 2, 2), 'content': [{'Фунт стерлингов': 82.964}, {'Доллар США': 63.1385}, {'Евро': 69.5976}]} for date 2020-02-02
[2025-06-03T15:20:08.137+0000] {base.py:73} INFO - Using connection ID 'pg_database' for task execution.
[2025-06-03T15:20:08.141+0000] {usd_rate_fetcher.py:103} INFO - Saved 82.96 for Фунт стерлингов on 2020-02-02
[2025-06-03T15:20:08.142+0000] {usd_rate_fetcher.py:103} INFO - Saved 63.14 for Доллар США on 2020-02-02
[2025-06-03T15:20:08.142+0000] {usd_rate_fetcher.py:103} INFO - Saved 69.60 for Евро on 2020-02-02
[2025-06-03T15:20:08.145+0000] {python.py:183} INFO - Done. Returned value was: None
[2025-06-03T15:20:08.157+0000] {taskinstance.py:1350} INFO - Marking task as SUCCESS. dag_id=usd_rate_fetcher, task_id=save_data_to_db, execution_date=20200202T000000, start_date=20250603T152007, end_date=20250603T152008
[2025-06-03T15:20:08.199+0000] {local_task_job_runner.py:225} INFO - Task exited with return code 0
[2025-06-03T15:20:08.216+0000] {taskinstance.py:2653} INFO - 0 downstream tasks scheduled from follow-on schedule check
[2025-06-03T15:27:23.670+0000] {taskinstance.py:1103} INFO - Dependencies all met for dep_context=non-requeueable deps ti=<TaskInstance: usd_rate_fetcher.save_data_to_db scheduled__2020-02-02T00:00:00+00:00 [queued]>
[2025-06-03T15:27:23.679+0000] {taskinstance.py:1103} INFO - Dependencies all met for dep_context=requeueable deps ti=<TaskInstance: usd_rate_fetcher.save_data_to_db scheduled__2020-02-02T00:00:00+00:00 [queued]>
[2025-06-03T15:27:23.679+0000] {taskinstance.py:1308} INFO - Starting attempt 1 of 3
[2025-06-03T15:27:23.708+0000] {taskinstance.py:1327} INFO - Executing <Task(_PythonDecoratedOperator): save_data_to_db> on 2020-02-02 00:00:00+00:00
[2025-06-03T15:27:23.723+0000] {standard_task_runner.py:57} INFO - Started process 17322 to run task
[2025-06-03T15:27:23.728+0000] {standard_task_runner.py:84} INFO - Running: ['***', 'tasks', 'run', 'usd_rate_fetcher', 'save_data_to_db', 'scheduled__2020-02-02T00:00:00+00:00', '--job-id', '8831', '--raw', '--subdir', 'DAGS_FOLDER/usd_rate_fetcher.py', '--cfg-path', '/tmp/tmpel1jl8gb']
[2025-06-03T15:27:23.730+0000] {standard_task_runner.py:85} INFO - Job 8831: Subtask save_data_to_db
[2025-06-03T15:27:23.900+0000] {task_command.py:410} INFO - Running <TaskInstance: usd_rate_fetcher.save_data_to_db scheduled__2020-02-02T00:00:00+00:00 [running]> on host 40869fde016f
[2025-06-03T15:27:24.034+0000] {logging_mixin.py:150} WARNING - /home/***/.local/lib/python3.7/site-packages/***/utils/context.py:205 AirflowContextDeprecationWarning: Accessing 'execution_date' from the template is deprecated and will be removed in a future version. Please use 'data_interval_start' or 'logical_date' instead.
[2025-06-03T15:27:24.100+0000] {taskinstance.py:1547} INFO - Exporting env vars: AIRFLOW_CTX_DAG_OWNER='***' AIRFLOW_CTX_DAG_ID='usd_rate_fetcher' AIRFLOW_CTX_TASK_ID='save_data_to_db' AIRFLOW_CTX_EXECUTION_DATE='2020-02-02T00:00:00+00:00' AIRFLOW_CTX_TRY_NUMBER='1' AIRFLOW_CTX_DAG_RUN_ID='scheduled__2020-02-02T00:00:00+00:00'
[2025-06-03T15:27:24.102+0000] {usd_rate_fetcher.py:80} INFO - Received USD rate: {'date': datetime.date(2020, 2, 2), 'content': [{'GBP': 82.964}, {'HKD': 81.2667}, {'USD': 63.1385}, {'EUR': 69.5976}, {'CNY': 91.0209}]} for date 2020-02-02
[2025-06-03T15:27:24.118+0000] {base.py:73} INFO - Using connection ID 'pg_database' for task execution.
[2025-06-03T15:27:24.128+0000] {usd_rate_fetcher.py:103} INFO - Saved 82.96 for GBP on 2020-02-02
[2025-06-03T15:27:24.128+0000] {usd_rate_fetcher.py:103} INFO - Saved 81.27 for HKD on 2020-02-02
[2025-06-03T15:27:24.143+0000] {usd_rate_fetcher.py:103} INFO - Saved 63.14 for USD on 2020-02-02
[2025-06-03T15:27:24.143+0000] {usd_rate_fetcher.py:103} INFO - Saved 69.60 for EUR on 2020-02-02
[2025-06-03T15:27:24.144+0000] {usd_rate_fetcher.py:103} INFO - Saved 91.02 for CNY on 2020-02-02
[2025-06-03T15:27:24.146+0000] {python.py:183} INFO - Done. Returned value was: None
[2025-06-03T15:27:24.162+0000] {taskinstance.py:1350} INFO - Marking task as SUCCESS. dag_id=usd_rate_fetcher, task_id=save_data_to_db, execution_date=20200202T000000, start_date=20250603T152723, end_date=20250603T152724
[2025-06-03T15:27:24.311+0000] {local_task_job_runner.py:225} INFO - Task exited with return code 0
[2025-06-03T15:27:24.336+0000] {taskinstance.py:2653} INFO - 0 downstream tasks scheduled from follow-on schedule check
